0.4736088	60.5117915	60.5105652	59.482023	59.4808209	
0.4837525	60.5134268	60.5105652	59.4836259	59.4808209	
0.4938873	60.515677	60.5105652	59.4858315	59.4808209	
0.5040771	60.518565	60.5105652	59.4886624	59.4808209	
0.5142348	60.5220609	60.5105652	59.492089	59.4808209	
0.5243976	60.5261802	60.5105652	59.4961267	59.4808209	
0.5358793	60.5316712	60.5192918	59.501509	59.4808209	
0.5447401	60.5363073	60.5192918	59.5060533	59.4808209	
0.5548669	60.5422593	60.5280185	59.5118875	59.4808209	
0.5650116	60.5488404	60.5280185	59.5183383	59.4808209	
0.5752384	60.5561086	60.5367451	59.5254625	59.4808209	
0.5853701	60.5639235	60.5454718	59.5331226	59.4808209	
0.5955029	60.5723475	60.5541984	59.5413798	59.4808209	
0.6056287	60.5813849	60.562925	59.5502383	59.4808209	
0.6158474	60.5911358	60.562925	59.5597961	59.4808209	
0.6260772	60.6015234	60.5716517	59.569978	59.4808209	
0.6361509	60.6123555	60.5803783	59.5805956	59.4808209	
0.6470187	60.6247857	60.5978316	59.5927797	59.4808209	
0.6571164	60.636912	60.5978316	59.6046658	59.4808209	
0.6673342	60.6498202	60.6152849	59.6173185	59.4808209	
0.677465	60.6632263	60.6240116	59.6304591	59.4808209	
0.6877077	60.6774223	60.6327382	59.6443739	59.4808209	
0.6978485	60.6920759	60.6501915	59.6587374	59.4808209	
0.7079402	60.7072836	60.6589182	59.6736439	59.4808209	
0.718103	60.723204	60.6676448	59.6892491	59.4808209	
0.7282178	60.7396746	60.6763714	59.7053935	59.4808209	
0.7383445	60.7567771	60.6850981	59.7221574	59.4895476	
0.7484933	60.7745373	60.7025514	59.7395659	59.4895476	
0.758654	60.7929366	60.7025514	59.7576008	59.4895476	
0.7688788	60.812081	60.7200047	59.7763661	59.4982742	
0.7792566	60.8321649	60.7287313	59.7960523	59.4982742	
0.7891043	60.8517792	60.737458	59.8152782	59.5070008	
0.7992571	60.8726392	60.7549113	59.8357251	59.5157275	
0.8231235	60.9260777	60.7636379	59.8881055	59.5331808	
0.8277234	60.9362257	60.7810912	59.8980525	59.5419074	
0.8378652	60.9594124	60.7898178	59.92078	59.5506341	
0.8480059	60.9832114	60.8072711	59.9441079	59.5680874	
0.8583087	61.0080426	60.8072711	59.9684473	59.576814	
0.8683594	61.0328478	60.8247244	59.9927614	59.5855407	
0.8784852	61.0584606	60.8421777	60.0178669	59.602994	
0.888716	61.0849727	60.8509044	60.043854	59.6204472	
0.8987687	61.1116164	60.8683577	60.0699701	59.6379005	
0.9089875	61.1393455	60.8770843	60.0971501	59.6553538	
0.9191612	61.1675667	60.9032642	60.1248125	59.6728071	
0.929237	61.1961193	60.9207175	60.1527997	59.6902604	
0.9393428	61.2253735	60.9381708	60.1814746	59.7077137	
0.9495225	61.2554781	60.9643508	60.2109831	59.7338936	
0.9596643	61.2860621	60.9818041	60.2409615	59.7513469	
0.969806	61.3172817	61.007984	60.2715629	59.7775269	
0.9799478	61.3491026	61.0341639	60.3027537	59.8037068	
0.9901586	61.3817839	61.0516172	60.3347878	59.8298868	
1.000244	61.4146518	61.0865238	60.3670049	59.8560667	
1.010487	61.4486825	61.1127038	60.4003617	59.8822466	
1.020632	61.4829954	61.1388837	60.4339951	59.9171532	
1.030782	61.5179398	61.1737903	60.4682476	59.9433332	
1.040971	61.5536676	61.2086969	60.5032678	59.9782397	
1.051102	61.5897847	61.2436035	60.5386698	60.0044197	
1.061267	61.6266403	61.27851	60.5747955	60.0393263	
1.07144	61.6641496	61.3134166	60.6115621	60.0742329	
1.081581	61.7021683	61.3483232	60.648828	60.1091394	
1.091759	61.7409448	61.3832298	60.6868366	60.1527727	
1.10191	61.7802201	61.4181364	60.7253342	60.1876793	
1.11208	61.8202018	61.4617696	60.7645242	60.2225858	
1.122273	61.8609021	61.5054028	60.8044185	60.2662191	
1.132393	61.9019192	61.5403094	60.8446234	60.3011257	
1.142746	61.9445394	61.5839427	60.8863996	60.3447589	
1.152782	61.9864329	61.6275759	60.9274635	60.3883921	
1.163197	62.0306014	61.6712091	60.9707574	60.4320254	
1.172957	62.0725071	61.7148424	61.0118333	60.4756586	
1.18309	62.1166462	61.7497489	61.0550984	60.5192918	
1.193274	62.1616627	61.8021088	61.0992234	60.562925	
1.203564	62.2077728	61.845742	61.1444205	60.6065583	
1.213602	62.2533602	61.8893753	61.1891052	60.6501915	
1.223902	62.3007493	61.9330085	61.2355558	60.7025514	
1.233901	62.347348	61.9853684	61.2812318	60.7461846	
1.244077	62.3954175	62.0290016	61.3283495	60.7985445	
1.254228	62.4440012	62.0813615	61.3759711	60.8421777	
1.264415	62.4933418	62.1337214	61.4243347	60.8945376	
1.274549	62.5430497	62.1773546	61.4730583	60.9468975	
1.284698	62.5934596	62.2297145	61.5224699	60.9992574	
1.294812	62.6443339	62.2820744	61.5723368	61.0516172	
1.305063	62.6964908	62.3344342	61.6234609	61.1039771	
1.315157	62.7484654	62.3867941	61.6744063	61.156337	
1.325302	62.8013216	62.4478806	61.7262159	61.2086969	
1.335483	62.8550205	62.5002405	61.7788513	61.2610567	
1.345593	62.9089133	62.5526004	61.831677	61.3134166	
1.355803	62.9639786	62.6136869	61.8856519	61.3657765	
1.365924	63.0191811	62.6660468	61.9397613	61.4181364	
1.376076	63.0751888	62.7271333	61.9946599	61.4792229	
1.386298	63.1321894	62.7882198	62.0505318	61.5315828	
1.396409	63.1894902	62.8493064	62.1066979	61.5926693	
1.406576	63.247104	62.9016662	62.1631709	61.6450292	
1.416835	63.3062206	62.9627528	62.2211168	61.7061157	
1.4269	63.3647808	63.0238393	62.2785174	61.7672022	
1.43704	63.4244082	63.0849258	62.3369641	61.8195621	
1.447207	63.4848335	63.1460123	62.3961928	61.8806486	
1.457295	63.5453977	63.2070989	62.4555578	61.9417352	
1.467432	63.6068683	63.2681854	62.5158111	62.0115483	
1.47767	63.6695522	63.3379986	62.5772538	62.0726348	
1.487844	63.732513	63.3990851	62.6389678	62.1337214	
1.497903	63.7953349	63.4601716	62.7005457	62.1948079	
1.508337	63.8611958	63.5299848	62.7651024	62.2558944	
1.518246	63.9242535	63.5910713	62.8269115	62.3257076	
1.528357	63.9892424	63.6521578	62.8906134	62.3955208	
1.53985	64.0640152	63.721971	62.9639056	62.4653339	
1.54863	64.1214869	63.7917842	63.0202392	62.5351471	
1.558809	64.1887613	63.8528707	63.0861815	62.5962336	
1.576938	64.3110438	63.9139572	63.2060425	62.7184067	
1.581517	64.3418659	64.0012237	63.2362543	62.7445866	
1.591711	64.4112929	64.0710368	63.3043065	62.8143998	
1.601858	64.4809746	64.14085	63.3726084	62.8842129	
1.612128	64.5521866	64.2106632	63.4424102	62.9627528	
1.622159	64.6225158	64.2804764	63.5113468	63.0325659	
1.632353	64.6942022	64.3415629	63.5816137	63.1023791	
1.64249	64.7663067	64.411376	63.6522903	63.1721923	
1.652653	64.8392529	64.4811892	63.723792	63.2507321	
1.663705	64.9193256	64.559729	63.8022792	63.3292719	
1.672953	64.9867423	64.6295422	63.8683608	63.3903584	
1.683031	65.0608914	64.6993554	63.9410416	63.4688982	
1.693254	65.1367087	64.7778952	64.0153577	63.5474381	
1.703418	65.212744	64.8477084	64.0898873	63.6172512	
1.713559	65.2892009	64.9262482	64.1648302	63.7045177	
1.723694	65.3662362	64.9960613	64.2403401	63.7743309	
1.733862	65.4441283	65.0746012	64.3166897	63.8615973	
1.743994	65.5223825	65.153141	64.3933943	63.9314105	
1.755928	65.6155908	65.2229541	64.484757	64.018677	
1.764431	65.6821798	65.301494	64.5500273	64.0884901	
1.774527	65.7619491	65.3800338	64.628217	64.1757566	
1.784739	65.8433204	65.4585736	64.707977	64.2542964	
1.794798	65.9240835	65.5371134	64.7871408	64.3328362	
1.804993	66.0065499	65.6156532	64.8679742	64.411376	
1.815217	66.0898707	65.694193	64.9496452	64.4899159	
1.825347	66.1730464	65.7814595	65.0311738	64.5771823	
1.835577	66.2576659	65.8599993	65.1141176	64.6557221	
1.845585	66.341043	65.9385391	65.1958437	64.734262	
1.855791	66.4267516	66.0258056	65.2798552	64.8215284	
1.865943	66.5125816	66.1130721	65.3639856	64.9087949	
1.876099	66.5990645	66.1916119	65.4487559	64.9873347	
1.886287	66.6864262	66.2788783	65.5343876	65.0746012	
1.896473	66.7744017	66.3574182	65.6206211	65.153141	
1.90662	66.8626656	66.4446846	65.7071372	65.2404074	
1.916867	66.9531495	66.5319511	65.7958293	65.3276739	
1.926933	67.0412698	66.6192175	65.8822047	65.4149404	
1.937099	67.1315052	66.706484	65.9706532	65.5022068	
1.947155	67.2214295	66.8024771	66.0587968	65.5981999	
1.957348	67.3131792	66.8810169	66.1487297	65.6767398	
1.967472	67.4049753	66.97701	66.2387081	65.7727329	
1.977681	67.4981426	67.0642765	66.3300305	65.868726	
1.987778	67.5908406	67.1602696	66.4208929	65.9559924	
1.997906	67.6844765	67.2475361	66.5126746	66.0432589	
2.008058	67.7790003	67.3348025	66.6053267	66.1305254	
2.01831	67.8750796	67.4307957	66.6995033	66.2265185	
2.028413	67.9702664	67.5267888	66.7928053	66.3137849	
2.038593	68.0669174	67.6140552	66.8875424	66.409778	
2.048788	68.1643064	67.7100483	66.9830029	66.4970445	
2.058883	68.2613003	67.8060414	67.0780761	66.5930376	
2.069083	68.3599987	67.9020345	67.1748201	66.6890307	
2.079167	68.4581231	67.9980277	67.2710014	66.7850238	
2.089342	68.5578161	68.0940208	67.3687203	66.8810169	
2.099459	68.6575239	68.1900139	67.4664537	66.9682834	
2.109785	68.7599377	68.2947336	67.5668396	67.0730032	
2.11985	68.860383	68.3907267	67.6652958	67.1777229	
2.129972	68.9619631	68.4867198	67.7648644	67.273716	
2.14012	69.0644327	68.5914396	67.8653049	67.3697091	
2.150262	69.1675199	68.6961594	67.9663508	67.4744289	
2.168619	69.35655	68.8794189	68.1516377	67.6576885	
2.173164	69.4031533	68.9317788	68.1973182	67.7013217	
2.183328	69.508534	69.0364986	68.3006122	67.8060414	
2.193483	69.6143465	69.1412183	68.4043294	67.9107612	
2.203734	69.7217716	69.2459381	68.5096272	68.015481	
2.213797	69.8278172	69.3506578	68.6135729	68.1202007	
2.224014	69.9361596	69.4553776	68.7197699	68.2249205	
2.23422	70.0450208	69.568824	68.8264755	68.3296402	
2.244328	70.153404	69.6735437	68.9327125	68.43436	
2.254503	70.2631505	69.7782635	69.0402858	68.5390797	
2.264702	70.3737698	69.8917099	69.1487146	68.6525261	
2.274811	70.4840452	70.0051563	69.2568062	68.7659725	
2.284943	70.5951549	70.1186027	69.3657158	68.8794189	
2.295074	70.7069027	70.2320491	69.4752507	68.9928653	
2.305314	70.8205076	70.3367689	69.586606	69.0975851	
2.315437	70.933359	70.4502153	69.6972228	69.2197581	
2.325595	71.0472658	70.5636617	69.808874	69.3332045	
2.335761	71.1618487	70.6771081	69.9211879	69.4466509	
2.346103	71.2791769	70.7905545	70.0361928	69.5600973	
2.35622	71.3944134	70.9127275	70.1491474	69.6735437	
2.366367	71.5106907	71.0261739	70.2631221	69.7957168	
2.376542	71.6278414	71.1396203	70.3779531	69.9004365	
2.386687	71.7453094	71.2617934	70.493095	70.0226096	
2.396828	71.863348	71.3752398	70.6087961	70.136056	
2.406982	71.9822041	71.4886862	70.7252987	70.2495024	
2.417191	72.1022364	71.6108592	70.8429541	70.3629488	
2.427287	72.221583	71.7243056	70.9599374	70.4851218	
2.437416	72.3419602	71.837752	71.0779309	70.5985682	
2.447693	72.4647946	71.9599251	71.198333	70.7207413	
2.457744	72.5853964	72.0820981	71.3165466	70.8341877	
2.467969	72.7080964	72.2042712	71.4368169	70.9563607	
2.478034	72.8288764	72.3264442	71.5552052	71.0698071	
2.48821	72.9510484	72.4398906	71.674958	71.1919802	
2.498403	73.0733044	72.5707903	71.7947931	71.3141532	
2.508521	73.1947204	72.6929633	71.9138048	71.4363263	
2.518647	73.3162324	72.8151364	72.0329106	71.5497727	
2.528867	73.4389324	72.9373094	72.1531809	71.6719457	
2.540301	73.5761164	73.0594825	72.2876484	71.7853921	
2.549229	73.6832284	73.1729289	72.3926393	71.9075652	
2.559302	73.8041164	73.3038286	72.5111335	72.0297382	
2.569387	73.9251604	73.4260016	72.6297806	72.1519113	
2.579817	74.0502844	73.5481747	72.7524269	72.2740843	
2.5897	74.1688684	73.6703477	72.8686627	72.3962574	
2.599829	74.2904284	73.7925208	72.9878156	72.5184304	
2.609968	74.4120844	73.9146938	73.1070626	72.6406035	
2.620121	74.5339084	74.0368669	73.2264742	72.7540499	
2.630254	74.6559004	74.1590399	73.3460505	72.8762229	
2.640478	74.7782284	74.281213	73.4659562	72.998396	
2.650658	74.9004364	74.4121127	73.5857442	73.1118424	
2.660791	75.0219844	74.5342857	73.7048853	73.2340154	
2.670967	75.1441084	74.6651854	73.824591	73.3561885	
2.681091	75.2655484	74.7873584	73.9436263	73.4783615	
2.69147	75.3901444	74.9095315	74.065755	73.6005346	
2.701426	75.5095924	75.0491578	74.1828377	73.7227076	
2.711619	75.6318964	75.1713309	74.3027199	73.8536073	
2.721769	75.7537324	75.2935039	74.4221433	73.9757803	
2.731915	75.8754604	75.4244036	74.5414608	74.0979534	
2.742033	75.9969004	75.5553033	74.6604961	74.2201264	
2.752223	76.1191564	75.6774764	74.7803311	74.3422995	
2.762457	76.2420004	75.8171027	74.9007426	74.4731992	
2.77259	76.3635604	75.9392758	75.0198955	74.5953722	
2.782965	76.4881204	76.0614488	75.1419889	74.7175453	
2.792942	76.6077724	76.1923485	75.2592716	74.8397183	
2.803008	76.7285764	76.3232482	75.3776834	74.9618914	
2.822481	76.9623004	76.5675943	75.6067792	75.1975108	
2.827061	77.0172004	76.6199542	75.6605921	75.2585973	
2.837193	77.1387844	76.7508539	75.7797685	75.3807704	
2.847371	77.2609204	76.8730269	75.899486	75.5029434	
2.85748	77.3822524	77.0039266	76.0184153	75.6251165	
2.867686	77.5047604	77.1260996	76.1384974	75.7472895	
2.877853	77.6267284	77.2569993	76.2580502	75.8694626	
2.887944	77.7478084	77.387899	76.3767326	76.0003623	
2.898091	77.8695724	77.5100721	76.4960854	76.1225353	
2.908228	77.9912044	77.6322451	76.6153089	76.253435	
2.918399	78.1132684	77.7544182	76.7349558	76.3756081	
2.928524	78.2347324	77.8765912	76.8540146	76.4977811	
2.938649	78.3562564	78.0074909	76.9731321	76.6199542	
2.958031	78.5889844	78.129664	77.2012517	76.7421272	
2.962934	78.6478444	78.3041969	77.2589461	76.9166601	
2.973122	78.7700284	78.4350966	77.3787106	77.0388332	
2.983264	78.8917804	78.5572696	77.4980517	77.1610062	
2.993524	79.0149004	78.6794427	77.6187337	77.2831793	
3.00378	79.1379244	78.8016157	77.7393216	77.3966257	
3.013924	79.2597004	78.9237888	77.8586862	77.5100721	
3.024097	79.3817284	79.0459618	77.9782978	77.6322451	
3.034456	79.5060844	79.1681349	78.1001913	77.7544182	
3.044634	79.6282084	79.2903079	78.219897	77.8765912	
3.054816	79.7504164	79.412481	78.339685	77.9987643	
3.065146	79.8743644	79.534654	78.4611786	78.1122107	
3.075243	79.9955164	79.6568271	78.5799315	78.2256571	
3.085388	80.1172084	79.7877268	78.6992138	78.3478301	
3.095574	80.2394524	79.9011732	78.8190371	78.4700032	
3.10581	80.3623444	80.0320729	78.9394956	78.5921762	
3.116018	80.4848044	80.1542459	79.0595307	78.7056226	
3.126396	80.6103124	80.2764189	79.1825534	78.8277957	
3.136583	80.7316444	80.398592	79.3014828	78.9412421	
3.146688	80.8528684	80.5294917	79.4203063	79.0634151	
3.156939	80.9759164	80.6516647	79.5409177	79.1855882	
3.167154	81.0984364	80.7738378	79.6610115	79.3077612	
3.177445	81.2219764	80.8960108	79.7821052	79.4299343	
3.187702	81.3450604	81.0181839	79.9027519	79.5433807	
3.197848	81.4667764	81.1490836	80.0220577	79.6655537	
3.208072	81.5894884	81.2799833	80.1423397	79.7877268	
3.218236	81.7114444	81.4021563	80.2618808	79.9011732	
3.228482	81.8343844	81.5243294	80.3823863	80.0320729	
3.238668	81.9566044	81.6552291	80.5021861	80.1542459	
3.248988	82.0804204	81.7861287	80.6235503	80.2764189	
3.267489	82.3024684	81.9083018	80.8412013	80.4945851	
3.272312	82.3603444	82.0741081	80.8979313	80.5556716	
3.282589	82.4837164	82.2050078	81.0188603	80.6778447	
3.292707	82.6051084	82.3271808	81.1378485	80.8000177	
3.302913	82.7275564	82.4493539	81.2578717	80.9309174	
3.313189	82.8508444	82.5715269	81.3787184	81.0530905	
3.323359	82.9729684	82.6937	81.4984241	81.1752635	
3.333538	83.0950444	82.815873	81.6180828	81.2974366	
3.343799	83.2181524	82.9380461	81.738753	81.4196096	
3.353978	83.3403724	83.0689457	81.8585528	81.5417827	
3.364179	83.4627364	83.1911188	81.9784937	81.6639557	
3.374412	83.5855564	83.3220185	82.0988816	81.7861287	
3.384607	83.7079204	83.4441915	82.2188226	81.9083018	
3.394874	83.8310884	83.5663646	82.3395516	82.0304748	
3.4051	83.9538484	83.6885376	82.4598807	82.1526479	
3.415313	84.0763684	83.8107107	82.5799746	82.2748209	
3.425525	84.1989124	83.9328837	82.700092	82.396994	
3.435776	84.3219124	84.0550568	82.8206563	82.519167	
3.445996	84.4446124	84.1772298	82.9409266	82.6413401	
3.456197	84.5669644	84.2994029	83.0608558	82.7635131	
3.466543	84.6911044	84.4215759	83.1825376	82.8856862	
3.476612	84.8119684	84.543749	83.3010083	83.0078592	
3.486809	84.9342964	84.6746487	83.4209139	83.1300323	
3.497125	85.0581124	84.7968217	83.5422781	83.2522053	
3.50728	85.1799724	84.9189948	83.6617251	83.3743784	
3.517532	85.3029844	85.0411678	83.7823012	83.4965514	
3.527812	85.4263444	85.1720675	83.9032184	83.6099978	
3.537992	85.5485644	85.2855139	84.0230182	83.7321709	
3.548195	85.6709284	85.4164136	84.1429591	83.8543439	
3.558453	85.7940604	85.5385866	84.2636529	83.9677903	
3.568652	85.9164364	85.6607597	84.3836056	84.0899634	
3.578876	86.0391844	85.7742061	84.503923	84.2121364	
3.597396	86.2613644	85.8963791	84.7217033	84.4303026	
3.60265	86.3244004	86.0621854	84.7834911	84.4913891	
3.612825	86.4465124	86.1843585	84.9031851	84.6135621	
3.623018	86.5688884	86.2978049	85.0231378	84.7270085	
3.633242	86.6915524	86.4199779	85.1433728	84.8491816	
3.64345	86.8140004	86.5334243	85.2633961	84.962628	
3.653648	86.9364244	86.6555974	85.3833958	85.084801	
3.664636	87.0682684	86.7777704	85.5126291	85.2069741	
3.674089	87.1816684	86.8999435	85.6237835	85.3204205	
3.68433	87.3045844	87.0221165	85.7442655	85.4425935	
3.694514	87.4268044	87.1355629	85.8640653	85.5560399	
3.704708	87.5490964	87.2664626	85.9839357	85.678213	
3.714966	87.6722044	87.3886356	86.1046059	85.800386	
3.725123	87.7940644	87.5108087	86.2240529	85.9138324	
3.735321	87.9164284	87.6329817	86.3439938	86.0360055	
3.745576	88.0395124	87.7551548	86.4646405	86.1581785	
3.755739	88.1614804	87.8773278	86.5841933	86.2716249	
3.765872	88.2830044	88.0082275	86.7033109	86.393798	
3.77609	88.4056204	88.1304006	86.8234988	86.515971	
3.78655	88.5312244	88.2613003	86.9466156	86.6381441	
3.796684	88.6528204	88.3834733	87.0658038	86.7603171	
3.807096	88.7777644	88.5056464	87.1882736	86.8824902	
3.817228	88.8993364	88.6365461	87.3074383	87.0046632	
3.827347	89.0207764	88.7587191	87.4264735	87.1181096	
3.837644	89.1443644	88.8896188	87.5476142	87.2402827	
3.848019	89.2688764	89.0117919	87.6696607	87.3624557	
3.858004	89.3886244	89.1339649	87.7870374	87.4846288	
3.868174	89.5106884	89.2561379	87.9066843	87.6155285	
3.878415	89.6340724	89.3870376	88.0276251	87.7377015	
3.888628	89.7561604	89.500484	88.1472955	87.8598745	
3.898861	89.8789324	89.6313837	88.2676363	87.9820476	
3.917327	90.1005364	89.7622834	88.4848521	88.2089404	
3.922106	90.1579084	89.9106364	88.5410881	88.2613003	
3.932282	90.2799724	90.0415361	88.660735	88.3834733	
3.942422	90.4020484	90.1637092	88.7803936	88.5056464	
3.952749	90.5256124	90.2771556	88.9015108	88.6365461	
3.962885	90.6472084	90.3993286	89.020699	88.7499925	
3.973087	90.7696324	90.512775	89.1406987	88.8808922	
3.983307	90.8923204	90.6349481	89.2609572	89.0030652	
4.001634	91.1122204	90.8531142	89.4765028	89.2212314	
4.006379	91.1706124	90.9142007	89.5337385	89.2735912	
4.016601	91.2918004	91.0363738	89.6525268	89.4044909	
4.026831	91.4145724	91.1585468	89.7728676	89.5179373	
4.037091	91.5377044	91.2807199	89.8935614	89.648837	
4.047334	91.6606204	91.4028929	90.0140434	89.7622834	
4.057682	91.7848444	91.525066	90.1358075	89.8844565	
4.067866	91.9069924	91.647239	90.2555367	90.0066295	
4.078041	92.0291284	91.7694121	90.3752542	90.1288026	
4.088284	92.1520444	91.9003118	90.4957362	90.2509756	
4.098557	92.2753444	92.0137582	90.6165946	90.3731487	
4.10872	92.3972524	92.1446579	90.7360886	90.4953217	
4.11898	92.5203724	92.2668309	90.8567706	90.6174948	
4.129312	92.6443924	92.389004	90.9783348	90.7396678	
4.139402	92.7654484	92.511177	91.0969936	90.8531142	
4.149633	92.8882084	92.63335	91.2173227	90.9752873	
4.159946	93.0119884	92.7555231	91.3386516	91.0974603	
4.170487	93.1384684	92.8864228	91.4626271	91.2196334	
4.180787	93.2620804	93.0085958	91.5837913	91.3418064	
4.190961	93.3841444	93.1307689	91.7034382	91.4639795	
4.201223	93.5072764	93.2529419	91.8241319	91.5774259	
4.21138	93.6291844	93.375115	91.9436259	91.6995989	
4.221577	93.7515484	93.497288	92.0635669	91.8217719	
4.231915	93.8755804	93.6194611	92.1851428	91.943945	
4.241953	93.9960844	93.7416341	92.3032606	92.0573914	
4.252157	94.1185084	93.8725338	92.4232603	92.1795644	
4.262415	94.2415684	93.9947069	92.5438835	92.3017375	
4.272555	94.3632964	94.1168799	92.6632011	92.4151839	
4.282861	94.4869324	94.2477796	92.7843888	92.5373569	
4.293065	94.6094044	94.3699527	92.9044356	92.65953	
4.30328	94.7319964	94.4921257	93.0246001	92.781703	
4.313527	94.8549124	94.6230254	93.1450821	92.9038761	
4.323735	94.9774324	94.7539251	93.2651759	93.0260491	
4.333911	95.0995564	94.8760981	93.3848816	93.1482222	
4.34415	95.2224004	94.9982712	93.5052931	93.2703952	
4.354357	95.3448724	95.1204442	93.6253399	93.3925683	
4.364576	95.4675484	95.2513439	93.7455867	93.5147413	
4.374802	95.5902244	95.373517	93.8658334	93.6369144	
4.385099	95.7138124	95.5044167	93.9869742	93.7590874	
4.395191	95.8349044	95.6265897	94.1056683	93.8812605	
4.405412	95.9575324	95.7487628	94.225868	94.0034335	
4.415691	96.0808924	95.8709358	94.3467852	94.1256066	
4.42587	96.2030524	95.9931089	94.4665262	94.2477796	
4.436034	96.3249844	96.1240086	94.5860437	94.3699527	
4.446296	96.4481284	96.2461816	94.7067492	94.4921257	
4.456624	96.5721124	96.3683546	94.8282781	94.6142988	
4.46675	96.6936004	96.4905277	94.9473604	94.7364718	
4.476902	96.8154364	96.6127007	95.0667838	94.8586448	
4.487112	96.9379564	96.7348738	95.1868777	94.9808179	
4.497337	97.0606564	96.8570468	95.307148	95.1029909	
4.507536	97.1830324	96.9879465	95.4271007	95.225164	
4.517826	97.3065124	97.1101196	95.5481355	95.347337	
4.528061	97.4293444	97.2322926	95.6685352	95.4695101	
4.538414	97.5535684	97.3544657	95.7902993	95.5916831	
4.548385	97.6732324	97.4766387	95.9075938	95.7138562	
4.558627	97.7961484	97.5988118	96.0280758	95.8360292	
4.568803	97.9182244	97.7209848	96.1477344	95.9582023	
4.579148	98.0423644	97.8431579	96.2694162	96.0803753	
4.589401	98.1654124	97.9740576	96.3900276	96.2025484	
4.599627	98.2881844	98.0962306	96.5103685	96.3247214	
4.609699	98.4089644	98.2184037	96.6287568	96.4468945	
4.619856	98.5308964	98.3405767	96.7482743	96.5690675	
4.63007	98.6534164	98.4714764	96.8683682	96.6825139	
4.640329	98.7765364	98.5936494	96.9890502	96.804687	
4.651293	98.9081164	98.7158225	97.1180246	96.9355867	
4.6608	99.0221764	98.8379955	97.229826	97.0490331	
4.671216	99.1471924	98.9601686	97.3523664	97.1712061	
4.681369	99.2690164	99.0823416	97.4717781	97.2933792	
4.691598	99.3917884	99.2045147	97.592119	97.4068256	
4.701815	99.5143684	99.3354144	97.7122716	97.5289986	
4.712062	99.6373444	99.4575874	97.8328125	97.6511716	
4.7222	99.7590364	99.5797605	97.9520947	97.7646181	
4.732416	99.8815924	99.7019335	98.0722239	97.8867911	
4.742654	100.004436	99.8328332	98.1926353	98.0002375	
4.752858	100.12692	99.9550063	98.3126939	98.1224105	
4.76319	100.250892	100.077179	98.434211	98.2445836	
4.773269	100.371864	100.208079	98.5527875	98.35803	
4.783468	100.494192	100.330252	98.6726932	98.480203	
4.793459	100.614	100.452425	98.7901287	98.6023761	
4.803585	100.735524	100.583325	98.9092463	98.7158225	
4.813742	100.857396	100.705498	99.028705	98.8379955	
4.823966	100.980084	100.827671	99.1489635	98.9601686	
4.834039	101.100924	100.958571	99.2674107	99.0823416	
4.844223	101.223168	101.08947	99.387234	99.2045147	
4.854473	101.34618	101.211643	99.5078101	99.3266877	
4.864564	101.467248	101.333816	99.6264807	99.4488608	
4.874746	101.589408	101.464716	99.7462217	99.5623072	
4.884893	101.71122	101.586889	99.8656216	99.6844802	
4.894994	101.832396	101.709062	99.9843981	99.8066533	
4.905249	101.955468	101.839962	100.105033	99.9288263	
4.915342	102.076548	101.962135	100.223715	100.050999	
4.9255	102.198492	102.084308	100.343245	100.173172	
4.93572	102.321132	102.206481	100.463456	100.304072	
4.945775	102.441792	102.328654	100.581727	100.426245	
4.956009	102.564624	102.450827	100.702127	100.548418	
4.966113	102.685836	102.573	100.820938	100.670591	
4.976365	102.808848	102.7039	100.941514	100.792764	
4.986601	102.93168	102.826073	101.061914	100.914937	
4.99684	103.05546	102.939519	101.183243	101.03711	
5.006768	103.173732	103.070419	101.299173	101.159283	
5.017001	103.296504	103.192592	101.419514	101.281456	
5.027109	103.417764	103.314765	101.538373	101.40363	
5.037258	103.53954	103.436938	101.657737	101.525803	
5.047354	103.660752	103.567838	101.776549	101.647976	
5.05753	103.782912	103.690011	101.89629	101.770149	
5.067905	103.907424	103.812184	102.018336	101.892322	
5.077926	104.027652	103.934357	102.136184	102.014495	
5.088032	104.148888	104.05653	102.255019	102.136668	
5.098172	104.270544	104.178703	102.374266	102.258841	
5.108327	104.392404	104.300876	102.493713	102.381014	
5.118501	104.514468	104.431776	102.61336	102.503187	
5.128622	104.63592	104.545222	102.732407	102.62536	
5.13877	104.757696	104.667395	102.851771	102.747533	
5.156912	104.97546	104.789568	103.065223	102.956973	
5.161501	105.030468	104.946648	103.119142	103.009332	
5.172385	105.161112	105.077548	103.247199	103.131506	
5.182531	105.282852	105.199721	103.366528	103.253679	
5.192632	105.404052	105.313167	103.485328	103.375852	
5.202779	105.525792	105.43534	103.604658	103.498025	
5.212995	105.648408	105.557513	103.724845	103.620198	
5.223125	105.769968	105.67096	103.843998	103.733644	
5.233345	105.892608	105.793133	103.96421	103.855817	
5.243448	106.013856	105.906579	104.083057	103.969264	
5.253568	106.135296	106.037479	104.202092	104.091437	
5.263793	106.257984	106.150925	104.322351	104.21361	
5.273952	106.379952	106.273098	104.441903	104.327056	
5.284064	106.501248	106.395271	104.560798	104.449229	
5.294187	106.622712	106.517444	104.679856	104.562675	
5.304365	106.744848	106.639617	104.799574	104.684849	
5.322451	106.961928	106.86651	105.012355	104.894288	
5.327007	107.01654	106.91887	105.065886	104.946648	
5.337259	107.139564	107.041043	105.186474	105.068821	
5.347262	107.259624	107.163216	105.304156	105.190994	
5.35744	107.381784	107.294116	105.423897	105.313167	
5.367957	107.508	107.425015	105.547614	105.43534	
5.377775	107.62578	107.547189	105.663062	105.557513	
5.387907	107.747352	107.669362	105.782226	105.679686	
5.398048	107.869056	107.791535	105.90152	105.801859	
5.408225	107.991168	107.922434	106.021214	105.924032	
5.418363	108.1128	108.044607	106.140438	106.046205	
5.428486	108.2343	108.16678	106.259532	106.168378	
5.438654	108.356328	108.29768	106.379143	106.281825	
5.448795	108.477996	108.419853	106.498402	106.403998	
5.459017	108.600672	108.542026	106.618649	106.534898	
5.469143	108.722184	108.664199	106.737755	106.657071	
5.479404	108.845352	108.786372	106.858484	106.779244	
5.48942	108.965496	108.908545	106.976249	106.901417	
5.499547	109.087032	109.030718	107.095378	107.02359	
5.509694	109.20786	109.152891	107.213813	107.145763	
5.519888	109.328647	109.275064	107.332208	107.267936	
5.529994	109.447771	109.397238	107.448973	107.390109	
5.540094	109.566201	109.519411	107.565058	107.512282	
5.559316	109.788949	109.746303	107.783395	107.739175	
5.563897	109.842012	109.798663	107.835407	107.791535	
5.57403	109.958805	109.920836	107.949888	107.913708	
5.584237	110.075859	110.043009	108.064624	108.035881	
5.594379	110.191429	110.165182	108.177905	108.158054	
5.604515	110.306384	110.287355	108.290584	108.280227	
5.614689	110.421149	110.409528	108.403077	108.393673	
5.624793	110.534517	110.531702	108.514199	108.50712	
5.635	110.648402	110.653875	108.625829	108.629293	
5.645131	110.760849	110.776048	108.73605	108.751466	
5.655297	110.873099	110.889494	108.846076	108.856185	
5.665426	110.984239	111.00294	108.955016	108.978358	
5.675611	111.09547	111.125113	109.064045	109.091805	
5.685756	111.205617	111.23856	109.172011	109.205251	
5.69592	111.315256	111.352006	109.279478	109.318698	
5.706076	111.424266	111.465453	109.38633	109.432144	
5.71616	111.531887	111.578899	109.49182	109.545591	
5.726318	111.6397	111.692345	109.597498	109.659037	
5.736536	111.747545	111.805792	109.703207	109.763757	
5.746697	111.854151	111.927965	109.807702	109.868476	
5.756845	111.959953	112.032685	109.911409	109.981923	
5.766976	112.065027	112.146131	110.014403	110.086643	
5.777189	112.170356	112.259577	110.117646	110.191362	
5.787301	112.273934	112.364297	110.219172	110.296082	
5.797394	112.376759	112.477744	110.319962	110.400802	
5.807622	112.480351	112.59119	110.421502	110.505522	
5.817748	112.582299	112.69591	110.521432	110.610241	
5.827837	112.683209	112.809356	110.620343	110.714961	
5.838024	112.784505	112.914076	110.719634	110.810954	
5.848165	112.884742	113.018796	110.817885	110.915674	
5.858309	112.984393	113.123515	110.915563	111.020394	
5.868451	113.083419	113.236962	111.012628	111.125113	
5.878618	113.18235	113.341682	111.1096	111.229833	
5.888768	113.279943	113.446401	111.205261	111.325826	
5.899009	113.378073	113.551121	111.301448	111.430546	
5.909126	113.474379	113.655841	111.395846	111.526539	
5.919222	113.569849	113.760561	111.489426	111.631259	
5.929404	113.665567	113.86528	111.583248	111.727252	
5.939784	113.762496	113.961274	111.678258	111.831972	
5.949648	113.854023	114.065993	111.767973	111.927965	
5.959842	113.947946	114.161986	111.860036	112.023958	
5.969947	114.040478	114.257979	111.950735	112.119951	
5.98006	114.132473	114.353973	112.040908	112.215944	
5.990251	114.22459	114.458692	112.131202	112.311937	
6.000438	114.315999	114.545959	112.2208	112.399204	
6.01067	114.407185	114.641952	112.310181	112.503924	
6.020693	114.495925	114.737945	112.397164	112.59119	
6.030853	114.585284	114.833938	112.484753	112.678457	
6.040975	114.673663	114.921205	112.571383	112.77445	
6.051177	114.762145	115.017198	112.658112	112.870443	
6.061319	114.849468	115.104464	112.743706	112.957709	
6.071474	114.93633	115.191731	112.828848	113.044976	
6.081656	115.022804	115.278997	112.91361	113.140969	
6.091793	115.108234	115.366264	112.997348	113.228235	
6.101957	115.193276	115.45353	113.080706	113.315502	
6.112142	115.27794	115.540796	113.163693	113.402768	
6.12229	115.361643	115.628063	113.245738	113.490035	
6.132433	115.444659	115.715329	113.32711	113.568574	
6.142546	115.527126	115.793869	113.407945	113.655841	
6.152734	115.60906	115.881136	113.488256	113.743107	
6.162884	115.690316	115.959676	113.567903	113.830374	
6.173953	115.778169	116.055669	113.654017	113.91764	
6.184083	115.857995	116.134208	113.732262	113.99618	
6.194186	115.937	116.221475	113.809702	114.07472	
6.204324	116.015666	116.300015	113.88681	114.161986	
6.214611	116.094861	116.378555	113.964437	114.2318	
6.224726	116.172097	116.465821	114.040144	114.319066	
6.234885	116.249077	116.544361	114.1156	114.388879	
6.245043	116.32545	116.622901	114.19046	114.476146	
6.255153	116.400833	116.692714	114.26435	114.545959	
6.265384	116.476506	116.771254	114.338525	114.615772	
6.275487	116.550622	116.849793	114.411173	114.694312	
6.285625	116.624382	116.928333	114.483473	114.772852	
6.295769	116.697566	116.998146	114.555208	114.842665	
6.305884	116.769948	117.076686	114.626157	114.912478	
6.324107	116.897957	117.198859	114.751631	115.034651	
6.328686	116.930154	117.233766	114.78319	115.069558	
6.338835	117.000755	117.303579	114.852393	115.139371	
6.356937	117.124388	117.373392	114.973578	115.261544	
6.361521	117.15572	117.460659	115.004289	115.287724	
6.37165	117.224235	117.530472	115.071448	115.357537	
6.381816	117.292399	117.591558	115.138262	115.418623	
6.391993	117.359988	117.652645	115.204513	115.488437	
6.402135	117.426769	117.722458	115.269971	115.55825	
6.412274	117.492899	117.792271	115.334792	115.628063	
6.42246	117.558726	117.853358	115.399315	115.689149	
6.432616	117.62376	117.914444	115.463062	115.750236	
6.442831	117.688545	117.984257	115.526563	115.820049	
6.452973	117.752234	118.045344	115.588991	115.881136	
6.463103	117.815264	118.10643	115.650773	115.942222	
6.473331	117.878281	118.176244	115.712542	116.012035	
6.483419	117.939811	118.23733	115.772854	116.073122	
6.493558	118.001061	118.298417	115.832891	116.134208	
6.503762	118.062095	118.359503	115.892717	116.195295	
6.513888	118.122041	118.42059	115.951475	116.256381	
6.524028	118.18146	118.47295	116.009718	116.308741	
6.53418	118.24035	118.542763	116.067441	116.369828	
6.54431	118.298511	118.595123	116.124451	116.430914	
6.554531	118.356562	118.656209	116.181352	116.483274	
6.564658	118.413469	118.717296	116.237133	116.535634	
6.57481	118.469912	118.778382	116.292458	116.596721	
6.584975	118.525821	118.830742	116.347259	116.649081	
6.595148	118.581145	118.891829	116.401488	116.710167	
6.605274	118.635614	118.944189	116.454879	116.762527	
6.615425	118.689624	119.005275	116.507819	116.814887	
6.625648	118.743418	119.066362	116.560548	116.867247	
6.635763	118.79598	119.118721	116.612069	116.919607	
6.645895	118.848044	119.171081	116.663103	116.971966	
6.656079	118.899807	119.232168	116.713841	117.024326	
6.666275	118.950962	119.284528	116.763982	117.076686	
6.67654	119.001864	119.345614	116.813876	117.129046	
6.686578	119.051038	119.397974	116.862077	117.181406	
6.696734	119.100212	119.450334	116.910277	117.233766	
6.70696	119.149054	119.493967	116.958152	117.277399	
6.717051	119.196692	119.546327	117.004846	117.329759	
6.727245	119.244183	119.58996	117.051396	117.373392	
6.737448	119.29112	119.64232	117.097404	117.425752	
6.747672	119.337537	119.69468	117.142902	117.478112	
6.759555	119.390608	119.74704	117.194922	117.530472	
6.767936	119.42767	119.790673	117.231251	117.565378	
6.77798	119.47148	119.834306	117.274193	117.617738	
6.80035	119.565333	119.939026	117.366187	117.713731	
6.81927	119.642758	120.026293	117.442079	117.792271	
6.824144	119.662767	120.043746	117.461692	117.809725	
6.834502	119.704511	120.078653	117.502609	117.862084	
6.844531	119.744318	120.131012	117.541628	117.896991	
6.854807	119.784489	120.165919	117.581003	117.940624	
6.864953	119.823556	120.209552	117.619297	117.975531	
6.875216	119.862466	120.253185	117.657437	118.019164	
6.885427	119.900571	120.288092	117.694787	118.054071	
6.896058	119.939554	120.322999	117.732998	118.088977	
6.905974	119.97538	120.366632	117.768114	118.13261	
6.917154	120.014986	120.401538	117.806936	118.167517	
6.926493	120.047621	120.445172	117.838925	118.202424	
6.936635	120.082428	120.480078	117.873043	118.23733	
6.946897	120.117026	120.514985	117.906956	118.272237	
6.96225	120.167208	120.549891	117.956144	118.307143	
6.967911	120.185678	120.576071	117.974249	118.34205	
6.977477	120.216235	120.610978	118.004201	118.36823	
6.987769	120.248519	120.645885	118.035845	118.403136	
6.998452	120.281317	120.680791	118.067993	118.438043	
7.008179	120.310666	120.706971	118.096761	118.47295	
7.019161	120.343066	120.741878	118.128519	118.49913	
7.028574	120.370369	120.776784	118.155282	118.52531	
7.038841	120.399508	120.811691	118.183844	118.560216	
7.057467	120.44992	120.864051	118.233258	118.612576	
7.062276	120.462998	120.872777	118.246077	118.621303	
7.072454	120.489902	120.898957	118.272448	118.647483	
7.082638	120.516248	120.925137	118.298272	118.682389	
7.092798	120.541917	120.951317	118.323433	118.699842	
7.103016	120.567157	120.977497	118.348173	118.734749	
7.113395	120.592157	121.003677	118.372678	118.752202	
7.123535	120.616001	121.02113	118.39605	118.778382	
7.133713	120.639336	121.038584	118.418923	118.804562	
7.143928	120.662156	121.064764	118.441291	118.822015	
7.154121	120.684333	121.082217	118.463029	118.848195	
7.16428	120.705858	121.09967	118.484128	118.874375	
7.175342	120.728565	121.12585	118.506386	118.891829	
7.185266	120.748407	121.134577	118.525834	118.909282	
7.195379	120.768036	121.15203	118.545075	118.926735	
7.205365	120.786865	121.160757	118.56353	118.944189	
7.215496	120.805391	121.17821	118.58169	118.961642	
7.225684	120.823421	121.195663	118.599362	118.979095	
7.235771	120.840708	121.20439	118.616308	118.996548	
7.245964	120.857591	121.213117	118.632856	119.014002	
7.264116	120.885407	121.23057	118.660121	119.031455	
7.268694	120.892478	121.239296	118.667052	119.031455	
7.278853	120.907437	121.248023	118.681715	119.048908	
7.296797	120.931702	121.25675	118.705499	119.066362	
7.301779	120.938481	121.265476	118.712144	119.066362	
7.311525	120.951083	121.274203	118.724497	119.075088	
7.321737	120.963714	121.28293	118.736878	119.083815	
7.331843	120.975663	121.28293	118.74859	119.083815	
7.341957	120.987066	121.291656	118.759767	119.092542	
7.352161	120.998011	121.291656	118.770495	119.092542	
7.362334	121.008365	121.300383	118.780645	119.092542	
7.372453	121.018119	121.300383	118.790205	119.101268	
7.382603	121.027359	121.300383	118.799262	119.101268	
7.392777	121.036073	121.300383	118.807804	119.101268	
7.402974	121.044265	121.300383	118.815834	119.101268	
7.413101	121.051873	121.300383	118.823291	119.101268	
7.423243	121.058963	121.300383	118.830241	119.101268	
7.433503	121.065599	121.300383	118.836745	119.101268	
7.443567	121.071607	121.300383	118.842634	119.101268	
7.453714	121.077153	121.300383	118.84807	119.101268	
7.463929	121.08223	121.300383	118.853047	119.101268	
7.474048	121.086771	121.300383	118.857498	119.101268	
7.484205	121.090849	121.300383	118.861496	119.101268	
7.494347	121.094455	121.300383	118.86503	119.101268	
7.504476	121.097608	121.300383	118.86812	119.101268	
7.514703	121.100347	121.300383	118.870805	119.101268	
7.524816	121.102648	121.300383	118.87306	119.101268	
7.534954	121.104564	121.300383	118.874939	119.101268	
7.545089	121.10612	121.300383	118.880821	119.101268	
7.564339	121.110565	121.300383	118.880821	119.101268	
7.569012	121.110565	121.300383	118.880821	119.101268	
7.579115	121.110565	121.300383	118.880821	119.101268	
7.58946	121.110565	121.300383	118.880821	119.101268	
7.599354	121.110565	121.300383	118.880821	119.101268	
7.609538	121.110565	121.300383	118.880821	119.101268	
7.619635	121.110565	121.300383	118.880821	119.101268	
7.629779	121.110565	121.300383	118.880821	119.101268	
7.640005	121.110565	121.300383	118.880821	119.101268	
7.650106	121.110565	121.300383	118.880821	119.101268	
7.660249	121.110565	121.300383	118.880821	119.101268	
7.678551	121.110565	121.300383	118.880821	119.101268	
7.68322	121.110565	121.300383	118.880821	119.101268	
7.693346	121.110565	121.300383	118.880821	119.101268	
7.703538	121.110565	121.300383	118.880821	119.101268	
7.713706	121.110565	121.300383	118.880821	119.101268	
7.72385	121.110565	121.300383	118.880821	119.101268	
7.734022	121.110565	121.300383	118.880821	119.101268	
7.744163	121.110565	121.300383	118.880821	119.101268	
7.754342	121.110565	121.300383	118.880821	119.101268	
7.764437	121.110565	121.300383	118.880821	119.101268	
7.777174	121.110565	121.300383	118.880821	119.101268	
7.784747	121.110565	121.300383	118.880821	119.101268	
7.794952	121.110565	121.300383	118.880821	119.101268	
7.805041	121.110565	121.300383	118.880821	119.101268	
7.815196	121.110565	121.300383	118.880821	119.101268	
7.825493	121.110565	121.300383	118.880821	119.101268	
7.835554	121.110565	121.300383	118.880821	119.101268	
7.850962	121.110565	121.300383	118.880821	119.101268	
7.861081	121.110565	121.300383	118.880821	119.101268	
7.871243	121.110565	121.300383	118.880821	119.101268	
7.881544	121.110565	121.300383	118.880821	119.101268	
7.891715	121.110565	121.300383	118.880821	119.101268	
7.901924	121.110565	121.300383	118.880821	119.101268	
7.912165	121.110565	121.300383	118.880821	119.101268	
7.922307	121.110565	121.300383	118.880821	119.101268	
7.932534	121.110565	121.300383	118.880821	119.101268	
7.942714	121.110565	121.300383	118.880821	119.101268	
7.95284	121.110565	121.300383	118.880821	119.101268	
7.963078	121.110565	121.300383	118.880821	119.101268	
7.973264	121.110565	121.300383	118.880821	119.101268	
7.98356	121.110565	121.300383	118.880821	119.101268	
7.993781	121.110565	121.300383	118.880821	119.101268	
8.003984	121.110565	121.300383	118.880821	119.101268	
8.014199	121.110565	121.300383	118.880821	119.101268	
8.024434	121.110565	121.300383	118.880821	119.101268	
8.034652	121.110565	121.300383	118.880821	119.101268	
8.044864	121.110565	121.300383	118.880821	119.101268	
8.055069	121.110565	121.300383	118.880821	119.101268	
8.065284	121.110565	121.300383	118.880821	119.101268	
8.075499	121.110565	121.300383	118.880821	119.101268	
8.085719	121.110565	121.300383	118.880821	119.101268	
8.095997	121.110565	121.300383	118.880821	119.101268	
8.106071	121.110565	121.300383	118.880821	119.101268	
8.116603	121.110565	121.300383	118.880821	119.101268	
8.126706	121.110565	121.300383	118.880821	119.101268	
8.136922	121.110565	121.300383	118.880821	119.101268	
8.14724	121.110565	121.300383	118.880821	119.101268	
8.157445	121.110565	121.300383	118.880821	119.101268	
8.167749	121.110565	121.300383	118.880821	119.101268	
8.178035	121.110565	121.300383	118.880821	119.101268	
8.188159	121.110565	121.300383	118.880821	119.101268	
8.198392	121.110565	121.300383	118.880821	119.101268	
8.208585	121.110565	121.300383	118.880821	119.101268	
8.218993	121.110565	121.300383	118.880821	119.101268	
8.229158	121.110565	121.300383	118.880821	119.101268	
8.239363	121.110565	121.300383	118.880821	119.101268	
8.249612	121.110565	121.300383	118.880821	119.101268	
8.259654	121.110565	121.300383	118.880821	119.101268	
8.269868	121.110565	121.300383	118.880821	119.101268	
8.280165	121.110565	121.300383	118.880821	119.101268	
8.290291	121.110565	121.300383	118.880821	119.101268	
8.300511	121.110565	121.300383	118.880821	119.101268	
8.310912	121.110565	121.300383	118.880821	119.101268	
8.329294	121.110565	121.300383	118.880821	119.101268	
8.334083	121.110565	121.300383	118.880821	119.101268	
8.344326	121.110565	121.300383	118.880821	119.101268	
8.354576	121.110565	121.300383	118.880821	119.101268	
8.364781	121.110565	121.300383	118.880821	119.101268	
8.375049	121.110565	121.300383	118.880821	119.101268	
8.385305	121.110565	121.300383	118.880821	119.101268	
8.395458	121.110565	121.300383	118.880821	119.101268	
8.405671	121.110565	121.300383	118.880821	119.101268	
8.415887	121.110565	121.300383	118.880821	119.101268	
8.426121	121.110565	121.300383	118.880821	119.101268	
8.436318	121.110565	121.300383	118.880821	119.101268	
8.446577	121.110565	121.300383	118.880821	119.101268	
8.456745	121.110565	121.300383	118.880821	119.101268	
8.467025	121.110565	121.300383	118.880821	119.101268	
8.477191	121.110565	121.300383	118.880821	119.101268	
8.487392	121.110565	121.300383	118.880821	119.101268	
8.497809	121.110565	121.300383	118.880821	119.101268	
8.508013	121.110565	121.300383	118.880821	119.101268	
8.518329	121.110565	121.300383	118.880821	119.101268	
8.528369	121.110565	121.300383	118.880821	119.101268	
8.538515	121.110565	121.300383	118.880821	119.101268	
8.548718	121.110565	121.300383	118.880821	119.101268	
8.567412	121.110565	121.300383	118.880821	119.101268	
8.572234	121.110565	121.300383	118.880821	119.101268	
8.582459	121.110565	121.300383	118.880821	119.101268	
8.592752	121.110565	121.300383	118.880821	119.101268	
8.602958	121.110565	121.300383	118.880821	119.101268	
8.613242	121.110565	121.300383	118.880821	119.101268	
8.623351	121.110565	121.300383	118.880821	119.101268	
8.63369	121.110565	121.300383	118.880821	119.101268	
8.643819	121.110565	121.300383	118.880821	119.101268	
8.654014	121.110565	121.300383	118.880821	119.101268	
8.664291	121.110565	121.300383	118.880821	119.101268	
8.674452	121.110565	121.300383	118.880821	119.101268	
8.68465	121.110565	121.300383	118.880821	119.101268	
8.694791	121.110565	121.300383	118.880821	119.101268	
8.704996	121.110565	121.300383	118.880821	119.101268	
8.715306	121.110565	121.300383	118.880821	119.101268	
8.725468	121.110565	121.300383	118.880821	119.101268	
8.735653	121.110565	121.300383	118.880821	119.101268	
8.745872	121.110565	121.300383	118.880821	119.101268	
8.756398	121.110565	121.300383	118.880821	119.101268	
8.766401	121.110565	121.300383	118.880821	119.101268	
8.776673	121.110565	121.300383	118.880821	119.101268	
8.787006	121.110565	121.300383	118.880821	119.101268	
8.797075	121.110565	121.300383	118.880821	119.101268	
8.807364	121.110565	121.300383	118.880821	119.101268	
8.818022	121.110565	121.300383	118.880821	119.101268	
8.827953	121.110565	121.300383	118.880821	119.101268	
8.838045	121.110565	121.300383	118.880821	119.101268	
8.848318	121.110565	121.300383	118.880821	119.101268	
8.858502	121.110565	121.300383	118.880821	119.101268	
8.868657	121.110565	121.300383	118.880821	119.101268	
8.878951	121.110565	121.300383	118.880821	119.101268	
8.889294	121.110565	121.300383	118.880821	119.101268	
8.899495	121.110565	121.300383	118.880821	119.101268	
8.909546	121.110565	121.300383	118.880821	119.101268	
8.919703	121.110565	121.300383	118.880821	119.101268	
8.930056	121.110565	121.300383	118.880821	119.101268	
8.9402	121.110565	121.300383	118.880821	119.101268	
8.950419	121.110565	121.300383	118.880821	119.101268	
8.968969	121.110565	121.300383	118.880821	119.101268	
8.973761	121.110565	121.300383	118.880821	119.101268	
8.983884	121.110565	121.300383	118.880821	119.101268	
8.994153	121.110565	121.300383	118.880821	119.101268	
9.004363	121.110565	121.300383	118.880821	119.101268	
9.014601	121.110565	121.300383	118.880821	119.101268	
9.02484	121.110565	121.300383	118.880821	119.101268	
9.03513	121.110565	121.300383	118.880821	119.101268	
9.045275	121.110565	121.300383	118.880821	119.101268	
9.057321	121.110565	121.300383	118.880821	119.101268	
9.065984	121.110565	121.300383	118.880821	119.101268	
9.07591	121.110565	121.300383	118.880821	119.101268	
9.086332	121.110565	121.300383	118.880821	119.101268	
9.096647	121.110565	121.300383	118.880821	119.101268	
9.106719	121.110565	121.300383	118.880821	119.101268	
9.116912	121.110565	121.300383	118.880821	119.101268	
9.12712	121.110565	121.300383	118.880821	119.101268	
9.137337	121.110565	121.300383	118.880821	119.101268	
9.14754	121.110565	121.300383	118.880821	119.101268	
9.157787	121.110565	121.300383	118.880821	119.101268	
9.167964	121.110565	121.300383	118.880821	119.101268	
9.178916	121.110565	121.300383	118.880821	119.101268	
9.188418	121.110565	121.300383	118.880821	119.101268	
9.198528	121.110565	121.300383	118.880821	119.101268	
9.208767	121.110565	121.291656	118.880821	119.101268	
9.227221	121.110565	121.28293	118.880821	119.101268	
9.232034	121.110565	121.28293	118.880821	119.101268	
9.242222	121.110565	121.28293	118.880821	119.101268	
9.252419	121.110565	121.28293	118.880821	119.101268	
9.26262	121.110565	121.291656	118.880821	119.101268	
9.272826	121.110565	121.300383	118.880821	119.101268	
9.282976	121.110565	121.300383	118.880821	119.101268	
9.293129	121.110565	121.300383	118.880821	119.101268	
9.303405	121.110565	121.291656	118.880821	119.101268	
9.31368	121.110565	121.291656	118.880821	119.101268	
9.323757	121.110565	121.28293	118.880821	119.101268	
9.333963	121.110565	121.28293	118.880821	119.101268	
9.34431	121.110565	121.291656	118.880821	119.101268	
9.354381	121.110565	121.291656	118.880821	119.101268	
9.364572	121.110565	121.291656	118.880821	119.101268	
9.374809	121.110565	121.291656	118.880821	119.101268	
9.385016	121.110565	121.291656	118.880821	119.101268	
9.403465	121.110565	121.28293	118.880821	119.101268	
9.408314	121.110565	121.28293	118.880821	119.101268	
9.418486	121.110565	121.28293	118.880821	119.101268	
9.42864	121.110565	121.28293	118.880821	119.101268	
9.438876	121.110565	121.28293	118.880821	119.101268	
9.457297	121.110565	121.291656	118.880821	119.101268	
9.46211	121.110565	121.300383	118.880821	119.101268	
9.472395	121.110565	121.300383	118.880821	119.101268	
