0.03567395	1455.70932	1455.70932	1425.70711	1425.70711	
0.04056081	1455.70953	1455.70932	1425.70732	1425.70711	
0.05072051	1455.71076	1455.70932	1425.70852	1425.70711	
0.06085521	1455.71259	1455.70932	1425.71032	1425.70711	
0.07100191	1455.71505	1455.70932	1425.71273	1425.71583	
0.08113261	1455.71812	1455.71804	1425.71574	1425.72456	
0.09131631	1455.72184	1455.71804	1425.71938	1425.72456	
0.101481	1455.72616	1455.72677	1425.72361	1425.72456	
0.1116177	1455.73108	1455.72677	1425.72844	1425.73329	
0.1218124	1455.73666	1455.72677	1425.73391	1425.74201	
0.1319181	1455.74281	1455.7355	1425.73993	1425.74201	
0.1421098	1455.74963	1455.74422	1425.74662	1425.75074	
0.1522955	1455.75706	1455.74422	1425.75391	1425.75947	
0.1624452	1455.76509	1455.75295	1425.76178	1425.75947	
0.1726899	1455.77383	1455.76168	1425.77034	1425.76819	
0.1827206	1455.78298	1455.7704	1425.77931	1425.77692	
0.1928683	1455.79286	1455.77913	1425.789	1425.77692	
0.203131	1455.80349	1455.77913	1425.79941	1425.79437	
0.2131657	1455.81447	1455.79658	1425.81018	1425.79437	
0.2233574	1455.82626	1455.80531	1425.82174	1425.8031	
0.2335051	1455.83861	1455.81404	1425.83384	1425.81183	
0.2436528	1455.85158	1455.82276	1425.84656	1425.81183	
0.2541605	1455.8657	1455.83149	1425.86039	1425.82928	
0.2639622	1455.8794	1455.84894	1425.87383	1425.82928	
0.2740959	1455.8942	1455.85767	1425.88833	1425.84673	
0.2842196	1455.90961	1455.8664	1425.90343	1425.85546	
0.2943513	1455.92564	1455.88385	1425.91915	1425.86419	
0.304567	1455.94244	1455.9013	1425.93561	1425.87291	
0.3147217	1455.95975	1455.91003	1425.95258	1425.88164	
0.3248514	1455.97763	1455.92748	1425.97011	1425.89909	
0.3350171	1455.9962	1455.94494	1425.98831	1425.90782	
0.3451089	1456.01561	1455.95366	1426.00734	1425.92527	
0.3556535	1456.03583	1455.97112	1426.02715	1425.934	
0.3654823	1456.05555	1455.98857	1426.04649	1425.95145	
0.37561	1456.07652	1456.01475	1426.06704	1425.96891	
0.3857327	1456.09809	1456.0322	1426.08818	1425.98636	
0.3958624	1456.1203	1456.04966	1426.10995	1426.00381	
0.4060761	1456.1433	1456.07584	1426.1325	1426.02127	
0.4161998	1456.16672	1456.09329	1426.15545	1426.03872	
0.4264315	1456.19102	1456.11947	1426.17927	1426.0649	
0.4365962	1456.21578	1456.14565	1426.20354	1426.09108	
0.4470379	1456.24188	1456.1631	1426.22913	1426.10853	
0.4568296	1456.26691	1456.19801	1426.25366	1426.13471	
0.4670583	1456.2937	1456.22419	1426.27992	1426.16089	
0.477147	1456.32073	1456.25037	1426.30641	1426.1958	
0.4873007	1456.34854	1456.27655	1426.33368	1426.22198	
0.4974444	1456.37696	1456.30273	1426.36153	1426.24816	
0.5075761	1456.40595	1456.33763	1426.38995	1426.28306	
0.5179118	1456.43618	1456.37254	1426.41958	1426.31797	
0.5279045	1456.466	1456.40745	1426.4488	1426.34415	
0.5380532	1456.49689	1456.44235	1426.47908	1426.37906	
0.5592656	1456.5649	1456.47726	1426.54575	1426.4576	
0.5639374	1456.57975	1456.52962	1426.5603	1426.47505	
0.5740341	1456.61268	1456.56453	1426.59258	1426.50996	
0.5841738	1456.64635	1456.60816	1426.62558	1426.54486	
0.5943175	1456.68066	1456.64307	1426.65922	1426.57977	
0.6045262	1456.71582	1456.6867	1426.69368	1426.6234	
0.6146409	1456.75126	1456.72161	1426.72842	1426.66704	
0.6247846	1456.78743	1456.75651	1426.76387	1426.70194	
0.6349353	1456.82422	1456.80015	1426.79994	1426.74558	
0.645098	1456.8617	1456.84378	1426.83667	1426.78921	
0.6552447	1456.89972	1456.88741	1426.87393	1426.82412	
0.6653954	1456.93839	1456.93105	1426.91185	1426.86775	
0.6756151	1456.97794	1456.96595	1426.95061	1426.91138	
0.6857078	1457.01759	1457.01831	1426.98948	1426.95502	
0.6958645	1457.05814	1457.05322	1427.02922	1426.99865	
0.7060072	1457.09924	1457.10558	1427.06951	1427.04228	
0.7161199	1457.14086	1457.14049	1427.1103	1427.08592	
0.7263596	1457.18359	1457.19285	1427.15218	1427.12955	
0.7364583	1457.22635	1457.23648	1427.1941	1427.17318	
0.746595	1457.2699	1457.28011	1427.23679	1427.21682	
0.7568507	1457.3146	1457.32375	1427.28061	1427.26045	
0.7670954	1457.35988	1457.37611	1427.32498	1427.31281	
0.7788601	1457.41277	1457.41974	1427.37683	1427.35644	
0.7873138	1457.45109	1457.46337	1427.41439	1427.40008	
0.7973646	1457.49731	1457.51573	1427.4597	1427.45244	
0.8074943	1457.54454	1457.55936	1427.50599	1427.49607	
0.817774	1457.5931	1457.61172	1427.55359	1427.54843	
0.8278767	1457.64142	1457.65536	1427.60095	1427.59206	
0.8379384	1457.69015	1457.69899	1427.64872	1427.64442	
0.8481111	1457.74005	1457.75135	1427.69763	1427.68805	
0.8582268	1457.79027	1457.80371	1427.74685	1427.74041	
0.8687615	1457.8433	1457.85607	1427.79884	1427.79277	
0.8787592	1457.89419	1457.90843	1427.84871	1427.83641	
0.8887709	1457.94568	1457.96079	1427.89919	1427.88877	
0.8988846	1457.99837	1458.01315	1427.95083	1427.94113	
0.9090223	1458.0518	1458.06551	1428.00321	1427.99349	
0.91924	1458.10629	1458.11787	1428.05661	1428.04585	
0.9293367	1458.16072	1458.17023	1428.10997	1428.09821	
0.9395074	1458.21619	1458.22259	1428.16434	1428.15057	
0.9496581	1458.27216	1458.28368	1428.2192	1428.20293	
0.9598258	1458.32886	1458.33604	1428.27478	1428.25529	
0.9700025	1458.38621	1458.39712	1428.331	1428.31637	
0.9801142	1458.44382	1458.44948	1428.38746	1428.37746	
0.9903169	1458.50258	1458.51057	1428.44506	1428.42982	
1.000471	1458.56164	1458.57166	1428.50295	1428.48218	
1.010633	1458.62141	1458.62402	1428.56154	1428.54327	
1.020811	1458.68188	1458.6851	1428.6208	1428.60435	
1.030985	1458.74295	1458.74619	1428.68067	1428.65671	
1.041127	1458.80443	1458.80728	1428.74093	1428.72653	
1.051385	1458.86728	1458.86836	1428.80253	1428.77889	
1.061452	1458.92953	1458.92945	1428.86356	1428.83997	
1.071568	1458.99294	1458.99053	1428.92571	1428.90106	
1.08177	1459.05707	1459.06035	1428.98857	1428.96215	
1.091922	1459.12172	1459.12143	1429.05194	1429.02323	
1.1021	1459.18714	1459.18252	1429.11606	1429.09304	
1.11224	1459.25295	1459.25233	1429.18057	1429.15413	
1.122407	1459.31955	1459.31342	1429.24585	1429.22394	
1.132613	1459.38703	1459.37451	1429.312	1429.28503	
1.14272	1459.45448	1459.44432	1429.37811	1429.35484	
1.152886	1459.52293	1459.51413	1429.4452	1429.41593	
1.163051	1459.59199	1459.58395	1429.5129	1429.48574	
1.173204	1459.66161	1459.65376	1429.58113	1429.55556	
1.183308	1459.73148	1459.72357	1429.64962	1429.61664	
1.193542	1459.80294	1459.79339	1429.71967	1429.68646	
1.203709	1459.87448	1459.8632	1429.78979	1429.75627	
1.213844	1459.94642	1459.93301	1429.8603	1429.82608	
1.223985	1460.01901	1460.00283	1429.93146	1429.8959	
1.234141	1460.09235	1460.07264	1430.00335	1429.96571	
1.244312	1460.16644	1460.14245	1430.07597	1430.04425	
1.254463	1460.24101	1460.22099	1430.14906	1430.11406	
1.264581	1460.31587	1460.29953	1430.22244	1430.1926	
1.274713	1460.39153	1460.36935	1430.2966	1430.26242	
1.284889	1460.46809	1460.44788	1430.37165	1430.33223	
1.295098	1460.54603	1460.52642	1430.44804	1430.41077	
1.305258	1460.62326	1460.59624	1430.52374	1430.48931	
1.315439	1460.70173	1460.6835	1430.60066	1430.55912	
1.325536	1460.78017	1460.75332	1430.67755	1430.63766	
1.335666	1460.85953	1460.84058	1430.75534	1430.7162	
1.345821	1460.93963	1460.9104	1430.83385	1430.79474	
1.355993	1461.02056	1460.99766	1430.91318	1430.87328	
1.366118	1461.10167	1461.0762	1430.99268	1430.94309	
1.376309	1461.18393	1461.15474	1431.07332	1431.03036	
1.386858	1461.26986	1461.24201	1431.15754	1431.1089	
1.396657	1461.3501	1461.32928	1431.23619	1431.18744	
1.406809	1461.43395	1461.40782	1431.31838	1431.27471	
1.41693	1461.51813	1461.49508	1431.4009	1431.35325	
1.427091	1461.60326	1461.58235	1431.48434	1431.43179	
1.437206	1461.68862	1461.66962	1431.56801	1431.51905	
1.447383	1461.77516	1461.74816	1431.65284	1431.59759	
1.457517	1461.8619	1461.83542	1431.73786	1431.68486	
1.47558	1462.01892	1461.92269	1431.89177	1431.83321	
1.480126	1462.05839	1462.03613	1431.93046	1431.86812	
1.490262	1462.14716	1462.13213	1432.01747	1431.95538	
1.500447	1462.23698	1462.21939	1432.10551	1432.04265	
1.510606	1462.32725	1462.30666	1432.19399	1432.12992	
1.520803	1462.41838	1462.40265	1432.28332	1432.21718	
1.530949	1462.5097	1462.48992	1432.37283	1432.30445	
1.541078	1462.60147	1462.58591	1432.46279	1432.40044	
1.551231	1462.69413	1462.67318	1432.5536	1432.49644	
1.561405	1462.78756	1462.76917	1432.64519	1432.5837	
1.57158	1462.88164	1462.86517	1432.7374	1432.67097	
1.581717	1462.976	1462.96116	1432.82989	1432.76696	
1.591841	1463.07088	1463.05715	1432.9229	1432.86296	
1.602076	1463.16733	1463.14442	1433.01744	1432.95022	
1.612213	1463.26354	1463.24914	1433.11174	1433.04622	
1.622347	1463.36031	1463.34513	1433.2066	1433.14221	
1.632526	1463.45815	1463.44112	1433.30249	1433.2382	
1.642687	1463.55644	1463.53712	1433.39884	1433.33419	
1.652879	1463.65566	1463.63311	1433.4961	1433.43019	
1.663045	1463.75524	1463.73783	1433.5937	1433.52618	
1.673192	1463.85521	1463.83382	1433.6917	1433.6309	
1.683431	1463.95674	1463.93854	1433.79122	1433.72689	
1.69355	1464.05775	1464.03454	1433.89022	1433.82289	
1.703621	1464.15879	1464.13926	1433.98926	1433.92761	
1.713856	1464.26224	1464.23525	1434.09066	1434.0236	
1.723996	1464.36521	1464.33997	1434.1916	1434.12832	
1.734123	1464.4687	1464.44469	1434.29304	1434.22431	
1.744241	1464.57273	1464.54068	1434.39501	1434.32903	
1.755547	1464.69093	1464.66285	1434.51087	1434.44248	
1.765325	1464.79157	1464.76757	1434.60951	1434.5472	
1.775447	1464.89753	1464.87229	1434.71338	1434.64319	
1.785667	1465.00522	1464.97701	1434.81893	1434.74791	
1.795783	1465.11231	1465.08173	1434.92391	1434.85263	
1.80593	1465.22042	1465.18645	1435.02987	1434.96608	
1.816067	1465.32898	1465.29117	1435.13629	1435.0708	
1.826378	1465.4401	1465.40462	1435.2452	1435.18424	
1.83644	1465.54909	1465.51807	1435.35204	1435.28896	
1.846599	1465.65977	1465.62279	1435.46053	1435.40241	
1.856748	1465.77098	1465.74496	1435.56952	1435.51586	
1.866878	1465.88259	1465.84968	1435.67893	1435.62058	
1.877022	1465.99494	1465.96313	1435.78905	1435.73402	
1.887163	1466.10796	1466.07657	1435.89984	1435.84747	
1.897306	1466.22155	1466.19002	1436.01118	1435.96092	
1.907491	1466.33623	1466.30346	1436.12358	1436.07436	
1.91767	1466.45149	1466.41691	1436.23656	1436.17908	
1.927851	1466.5674	1466.53036	1436.35018	1436.30125	
1.937994	1466.68345	1466.65253	1436.46393	1436.4147	
1.948087	1466.79958	1466.76598	1436.57776	1436.52815	
1.958189	1466.91641	1466.87942	1436.69228	1436.64159	
1.968576	1467.03725	1467.0016	1436.81072	1436.75504	
1.978485	1467.15299	1467.11504	1436.92417	1436.87721	
1.988714	1467.27319	1467.22849	1437.04199	1436.98193	
1.998813	1467.39246	1467.35066	1437.1589	1437.10411	
2.00892	1467.51241	1467.47284	1437.27647	1437.22628	
2.01962	1467.64013	1467.59501	1437.40167	1437.33973	
2.037424	1467.85383	1467.81317	1437.61113	1437.54917	
2.042036	1467.90909	1467.86553	1437.6653	1437.60152	
2.052173	1468.03074	1467.98771	1437.78455	1437.7237	
2.062307	1468.15238	1468.10988	1437.90377	1437.83714	
2.072435	1468.2739	1468.24078	1438.02289	1437.95932	
2.082652	1468.3965	1468.36295	1438.14306	1438.08149	
2.092821	1468.51854	1468.48513	1438.26269	1438.20366	
2.102947	1468.64008	1468.6073	1438.38182	1438.32584	
2.113105	1468.76193	1468.72947	1438.50125	1438.44801	
2.123304	1468.88433	1468.86037	1438.62123	1438.57018	
2.133472	1469.00639	1468.99127	1438.74087	1438.69236	
2.143572	1469.12756	1469.11344	1438.85964	1438.81453	
2.153741	1469.24955	1469.23562	1438.97921	1438.9367	
2.163898	1469.37144	1469.36652	1439.0987	1439.05887	
2.174012	1469.49281	1469.49742	1439.21766	1439.18105	
2.184173	1469.61474	1469.61959	1439.33718	1439.30322	
2.194365	1469.73707	1469.74176	1439.45708	1439.42539	
2.204511	1469.85879	1469.87266	1439.57639	1439.54757	
2.21466	1469.98058	1469.99484	1439.69577	1439.66974	
2.224788	1470.10214	1470.12574	1439.81492	1439.79191	
2.235595	1470.23187	1470.24791	1439.94208	1439.91409	
2.245482	1470.35045	1470.37008	1440.05832	1440.03626	
2.255844	1470.47484	1470.50971	1440.18025	1440.16716	
2.266002	1470.5967	1470.63188	1440.29969	1440.28933	
2.276082	1470.71769	1470.75405	1440.41828	1440.41151	
2.286236	1470.8395	1470.87623	1440.53768	1440.53368	
2.296418	1470.96167	1470.9984	1440.65744	1440.64712	
2.306617	1471.08407	1471.1293	1440.77741	1440.77802	
2.316822	1471.20654	1471.25147	1440.89746	1440.9002	
2.326898	1471.32742	1471.37365	1441.01594	1441.01364	
2.337022	1471.44893	1471.49582	1441.13505	1441.13582	
2.347174	1471.57079	1471.62672	1441.25449	1441.25799	
2.357352	1471.6929	1471.74889	1441.37419	1441.38016	
2.367477	1471.8144	1471.87106	1441.49328	1441.50234	
2.377658	1471.93659	1471.99324	1441.61305	1441.62451	
2.388084	1472.06175	1472.11541	1441.73573	1441.74668	
2.397917	1472.17966	1472.23758	1441.8513	1441.86885	
2.408087	1472.30176	1472.35976	1441.97099	1441.99103	
2.418257	1472.42375	1472.48193	1442.09056	1442.1132	
2.428378	1472.54522	1472.6041	1442.20962	1442.22665	
2.438522	1472.66694	1472.72628	1442.32894	1442.34882	
2.448704	1472.78913	1472.84845	1442.4487	1442.47099	
2.458863	1472.91105	1472.97062	1442.56821	1442.59317	
2.469026	1473.03298	1473.0928	1442.68773	1442.70661	
2.47925	1473.15567	1473.21497	1442.80799	1442.82879	
2.489319	1473.2765	1473.33714	1442.92642	1442.95096	
2.499546	1473.39921	1473.45931	1443.0467	1443.07313	
2.509626	1473.52017	1473.58149	1443.16527	1443.18658	
2.519816	1473.64246	1473.69493	1443.28514	1443.30875	
2.530037	1473.76511	1473.81711	1443.40536	1443.4222	
2.540091	1473.88575	1473.93928	1443.52361	1443.54437	
2.560143	1474.12646	1474.1749	1443.75955	1443.77999	
2.564758	1474.18176	1474.23599	1443.81376	1443.83235	
2.574819	1474.3025	1474.34943	1443.9321	1443.95452	
2.585082	1474.42565	1474.48033	1444.05282	1444.06797	
2.595286	1474.54812	1474.60251	1444.17287	1444.19014	
2.605419	1474.6697	1474.72468	1444.29203	1444.31232	
2.615562	1474.79141	1474.83812	1444.41134	1444.42576	
2.625693	1474.91297	1474.9603	1444.53049	1444.54794	
2.635857	1475.03496	1475.08247	1444.65007	1444.66138	
2.646044	1475.15723	1475.20464	1444.76991	1444.78355	
2.656402	1475.28152	1475.32682	1444.89174	1444.90573	
2.666494	1475.40263	1475.45772	1445.01046	1445.0279	
2.676615	1475.52408	1475.57116	1445.1295	1445.14135	
2.686763	1475.64584	1475.69334	1445.24884	1445.25479	
2.696943	1475.768	1475.81551	1445.36858	1445.37697	
2.707075	1475.88958	1475.93768	1445.48776	1445.49914	
2.717202	1476.0111	1476.05985	1445.60688	1445.62131	
2.727356	1476.13295	1476.18203	1445.72631	1445.73476	
2.737491	1476.25458	1476.3042	1445.84554	1445.84821	
2.747736	1476.37751	1476.42637	1445.96603	1445.97038	
2.758208	1476.50324	1476.54855	1446.08927	1446.09255	
2.768343	1476.62482	1476.67072	1446.20844	1446.21472	
2.778143	1476.74242	1476.79289	1446.32371	1446.32817	
2.78829	1476.86421	1476.91507	1446.44309	1446.45034	
2.798418	1476.9857	1477.03724	1446.56217	1446.56379	
2.808561	1477.10745	1477.15941	1446.68151	1446.68596	
2.81872	1477.22932	1477.28159	1446.80097	1446.80814	
2.828947	1477.35203	1477.40376	1446.92125	1446.93031	
2.838976	1477.47237	1477.52593	1447.03921	1447.04376	
2.849208	1477.5952	1477.6481	1447.15961	1447.16593	
2.859812	1477.72245	1477.77028	1447.28433	1447.2881	
2.869846	1477.84283	1477.89245	1447.40233	1447.41028	
2.879994	1477.9646	1478.01462	1447.52169	1447.52372	
2.890197	1478.08703	1478.1368	1447.6417	1447.64589	
2.900327	1478.20858	1478.25897	1447.76084	1447.76807	
2.910482	1478.33046	1478.38114	1447.88031	1447.89024	
2.920633	1478.45226	1478.50332	1447.9997	1448.01241	
2.930812	1478.5744	1478.61676	1448.11942	1448.12586	
2.941058	1478.69734	1478.74766	1448.23992	1448.24803	
2.951173	1478.81876	1478.86111	1448.35893	1448.36148	
2.96134	1478.94076	1478.98328	1448.47852	1448.48365	
2.971731	1479.06548	1479.10545	1448.60077	1448.60583	
2.981612	1479.18402	1479.22763	1448.71697	1448.728	
2.991813	1479.30652	1479.3498	1448.83704	1448.85017	
3.002002	1479.42868	1479.47197	1448.95678	1448.96362	
3.012135	1479.55029	1479.59415	1449.07598	1449.08579	
3.022279	1479.67203	1479.71632	1449.19531	1449.20796	
3.032448	1479.79403	1479.82977	1449.3149	1449.33014	
3.042599	1479.91583	1479.96067	1449.43428	1449.44358	
3.05281	1480.03838	1480.07411	1449.5544	1449.56576	
3.062919	1480.1597	1480.19629	1449.67332	1449.68793	
3.07309	1480.28178	1480.31846	1449.79299	1449.8101	
3.083256	1480.40375	1480.44936	1449.91254	1449.92355	
3.093356	1480.52494	1480.5628	1450.03133	1450.037	
3.103547	1480.64724	1480.68498	1450.15121	1450.15917	
3.113716	1480.76926	1480.80715	1450.27081	1450.28134	
3.123958	1480.89218	1480.93805	1450.3913	1450.40351	
3.134028	1481.013	1481.0515	1450.50973	1450.52569	
3.144199	1481.13507	1481.1824	1450.62938	1450.63913	
3.154388	1481.25734	1481.30457	1450.74922	1450.76131	
3.16453	1481.37903	1481.42674	1450.86851	1450.87475	
3.174687	1481.50103	1481.54892	1450.98809	1450.99693	
3.184797	1481.62268	1481.67109	1451.10733	1451.1191	
3.19498	1481.74444	1481.79326	1451.22668	1451.24127	
3.205211	1481.8672	1481.91543	1451.34701	1451.35472	
3.215553	1481.99224	1482.03761	1451.46958	1451.46817	
3.225459	1482.1102	1482.15978	1451.5852	1451.59034	
3.23564	1482.23235	1482.28195	1451.70493	1451.71251	
3.245733	1482.35346	1482.40413	1451.82365	1451.83468	
3.258921	1482.51186	1482.5263	1451.97891	1451.96558	
3.266039	1482.59721	1482.64847	1452.06256	1452.0703	
3.276145	1482.71842	1482.77065	1452.18138	1452.19248	
3.28638	1482.84126	1482.89282	1452.30179	1452.30592	
3.296488	1482.96254	1483.01499	1452.42066	1452.4281	
3.306624	1483.08416	1483.13717	1452.53987	1452.55027	
3.316784	1483.20608	1483.25934	1452.65938	1452.67244	
3.326916	1483.32765	1483.38151	1452.77854	1452.78589	
3.337048	1483.44923	1483.49496	1452.89772	1452.90806	
3.347208	1483.57119	1483.62586	1453.01726	1453.03024	
3.357368	1483.69308	1483.7393	1453.13674	1453.14368	
3.36751	1483.8148	1483.86148	1453.25605	1453.26585	
3.3777	1483.93709	1483.98365	1453.37592	1453.38803	
3.387955	1484.06019	1484.10582	1453.49657	1453.5102	
3.397971	1484.18032	1484.228	1453.61433	1453.62365	
3.408123	1484.30217	1484.35017	1453.73376	1453.74582	
3.418293	1484.42417	1484.47234	1453.85335	1453.85927	
3.428398	1484.54544	1484.59452	1453.97222	1453.98144	
3.438543	1484.66718	1484.71669	1454.09155	1454.10361	
3.448691	1484.78895	1484.83886	1454.2109	1454.22579	
3.458879	1484.91123	1484.96103	1454.33076	1454.33923	
3.469129	1485.03423	1485.08321	1454.45133	1454.46141	
3.487053	1485.24934	1485.29265	1454.66218	1454.67957	
3.499785	1485.40215	1485.44973	1454.81196	1454.8192	
3.504359	1485.45698	1485.50209	1454.8657	1454.88028	
3.514474	1485.57837	1485.62426	1454.98469	1454.99373	
3.52466	1485.70059	1485.74643	1455.10449	1455.1159	
3.53476	1485.82179	1485.86861	1455.22329	1455.23808	
3.545047	1485.94526	1485.99078	1455.34431	1455.36025	
3.555199	1486.06707	1486.11295	1455.46371	1455.48242	
3.565324	1486.18856	1486.23512	1455.5828	1455.59587	
3.575492	1486.31056	1486.3573	1455.70238	1455.71804	
3.585678	1486.43286	1486.47947	1455.82227	1455.83149	
3.595789	1486.55421	1486.60164	1455.94121	1455.95366	
3.605922	1486.67572	1486.72382	1456.06031	1456.07584	
3.616055	1486.79732	1486.84599	1456.1795	1456.19801	
3.626219	1486.91934	1486.96816	1456.29911	1456.31145	
3.636794	1487.04626	1487.09034	1456.42351	1456.43363	
3.646558	1487.16338	1487.21251	1456.53831	1456.54707	
3.656641	1487.28435	1487.33468	1456.65689	1456.66925	
3.666794	1487.40621	1487.45686	1456.77634	1456.79142	
3.677079	1487.52962	1487.57903	1456.8973	1456.91359	
3.687193	1487.65103	1487.7012	1457.01631	1457.02704	
3.697342	1487.77288	1487.82337	1457.13575	1457.14921	
3.707573	1487.89558	1487.94555	1457.25602	1457.26266	
3.717694	1488.017	1488.06772	1457.37503	1457.38483	
3.727848	1488.13889	1488.18989	1457.49451	1457.50701	
3.737922	1488.25973	1488.31207	1457.61296	1457.62918	
3.748067	1488.38147	1488.43424	1457.73229	1457.74262	
3.767019	1488.60896	1488.66113	1457.95527	1457.96079	
3.771645	1488.6644	1488.71349	1458.00961	1458.02188	
3.7817	1488.78508	1488.83567	1458.1279	1458.13532	
3.791903	1488.90753	1488.95784	1458.24793	1458.2575	
3.802046	1489.02929	1489.08001	1458.36728	1458.37967	
3.812151	1489.1505	1489.20218	1458.48609	1458.50184	
3.822336	1489.27269	1489.32436	1458.60586	1458.61529	
3.832493	1489.3946	1489.44653	1458.72535	1458.72874	
3.842625	1489.51618	1489.5687	1458.84453	1458.85091	
3.852818	1489.63848	1489.69088	1458.96441	1458.97308	
3.862963	1489.76022	1489.80432	1459.08374	1459.09525	
3.873115	1489.88208	1489.9265	1459.20319	1459.21743	
3.883303	1490.00429	1490.04867	1459.32297	1459.33087	
3.893404	1490.12552	1490.17084	1459.4418	1459.45305	
3.90359	1490.24775	1490.29302	1459.56161	1459.56649	
3.913779	1490.37005	1490.40646	1459.68149	1459.68867	
3.923952	1490.49208	1490.53736	1459.8011	1459.81084	
3.934086	1490.6137	1490.65081	1459.92031	1459.93301	
3.944234	1490.7355	1490.77298	1460.0397	1460.05519	
3.954407	1490.85755	1490.89515	1460.15934	1460.16863	
3.964564	1490.97945	1491.01733	1460.27882	1460.29081	
3.974708	1491.10116	1491.1395	1460.39813	1460.40425	
3.984809	1491.22236	1491.26167	1460.51693	1460.52642	
3.995003	1491.34474	1491.38385	1460.63688	1460.6486	
4.005334	1491.47183	1491.50602	1460.76145	1460.77077	
4.015357	1491.58898	1491.62819	1460.87628	1460.89294	
4.025485	1491.71048	1491.75036	1460.99537	1461.00639	
4.035721	1491.8333	1491.87254	1461.11576	1461.12856	
4.045794	1491.95418	1491.99471	1461.23425	1461.24201	
4.055878	1492.07528	1492.11688	1461.35295	1461.36418	
4.066101	1492.19787	1492.23906	1461.47311	1461.48636	
4.076217	1492.31928	1492.36123	1461.59212	1461.60853	
4.086393	1492.44141	1492.4834	1461.71183	1461.7307	
4.09647	1492.56231	1492.60558	1461.83034	1461.84415	
4.107013	1492.6889	1492.72775	1461.95442	1461.96632	
4.117094	1492.80986	1492.84992	1462.07298	1462.07977	
4.126936	1492.9279	1492.9721	1462.18869	1462.20194	
4.13711	1493.04999	1493.09427	1462.30836	1462.32411	
4.147228	1493.17143	1493.21644	1462.42739	1462.44629	
4.157382	1493.29329	1493.33861	1462.54684	1462.56846	
4.167527	1493.41504	1493.46079	1462.66618	1462.68191	
4.177715	1493.53727	1493.58296	1462.78599	1462.80408	
4.187976	1493.66039	1493.70513	1462.90668	1462.91753	
4.197953	1493.7801	1493.82731	1463.02402	1463.0397	
4.208416	1493.90573	1493.94948	1463.14716	1463.16187	
4.218265	1494.02386	1494.07165	1463.26295	1463.27532	
4.228432	1494.14588	1494.19383	1463.38255	1463.39749	
4.238531	1494.26708	1494.316	1463.50135	1463.51094	
4.248678	1494.38883	1494.43817	1463.62069	1463.63311	
4.259969	1494.52433	1494.5778	1463.75351	1463.76401	
4.270045	1494.64523	1494.69997	1463.87201	1463.88618	
4.280216	1494.76733	1494.82214	1463.9917	1463.99963	
4.290388	1494.88932	1494.94432	1464.11127	1464.1218	
4.30053	1495.01103	1495.06649	1464.23057	1464.24398	
4.310647	1495.13243	1495.18866	1464.34957	1464.36615	
4.320855	1495.25498	1495.31084	1464.46968	1464.4796	
4.331044	1495.37723	1495.43301	1464.58952	1464.59304	
4.341202	1495.4991	1495.55518	1464.70898	1464.71521	
4.351376	1495.62119	1495.66863	1464.82865	1464.83739	
4.361536	1495.74309	1495.7908	1464.94813	1464.95956	
4.371711	1495.8652	1495.91298	1465.06782	1465.08173	
4.381818	1495.98652	1496.03515	1465.18674	1465.19518	
4.391998	1496.10863	1496.15732	1465.30644	1465.31735	
4.402243	1496.23163	1496.27949	1465.427	1465.4308	
4.412334	1496.35269	1496.40167	1465.54566	1465.55297	
4.42243	1496.47385	1496.51511	1465.66442	1465.67515	
4.432667	1496.59673	1496.63729	1465.78487	1465.79732	
4.442847	1496.71882	1496.75946	1465.90454	1465.91949	
4.460982	1496.93649	1496.97763	1466.1179	1466.12893	
4.465549	1496.99127	1497.03871	1466.17159	1466.18129	
4.475728	1497.11349	1497.16089	1466.29139	1466.30346	
4.485856	1497.23494	1497.28306	1466.41044	1466.41691	
4.49599	1497.35654	1497.39651	1466.52963	1466.53908	
4.506158	1497.47858	1497.51868	1466.64925	1466.65253	
4.516229	1497.59945	1497.64085	1466.76773	1466.7747	
4.526814	1497.72651	1497.76302	1466.89227	1466.89688	
4.536585	1497.84372	1497.8852	1467.00717	1467.01905	
4.548285	1497.98595	1498.00737	1467.14658	1467.14122	
4.556873	1498.08717	1498.12082	1467.24579	1467.25467	
4.566999	1498.20866	1498.25172	1467.36487	1467.37684	
4.57714	1498.33037	1498.36516	1467.48418	1467.49029	
4.587273	1498.45196	1498.49606	1467.60336	1467.61246	
4.597411	1498.5736	1498.60951	1467.72259	1467.73463	
4.607577	1498.6956	1498.73168	1467.84218	1467.85681	
4.617774	1498.81797	1498.85386	1467.96212	1467.97898	
4.627915	1498.93965	1498.97603	1468.08139	1468.10115	
4.638519	1499.06696	1499.0982	1468.20618	1468.2146	
4.648177	1499.18282	1499.2291	1468.31974	1468.33677	
4.658344	1499.30482	1499.34255	1468.43933	1468.45895	
4.668454	1499.42614	1499.46472	1468.55825	1468.57239	
4.67856	1499.54738	1499.58689	1468.67709	1468.69457	
4.68877	1499.66997	1499.71779	1468.79725	1468.81674	
4.6989	1499.79147	1499.83124	1468.91634	1468.93891	
4.717014	1500.00885	1500.05813	1469.12942	1469.14835	
4.721951	1500.06814	1500.11922	1469.18754	1469.20071	
4.732086	1500.18972	1500.24139	1469.30671	1469.32288	
4.742553	1500.31535	1500.36356	1469.42985	1469.44506	
4.752568	1500.43553	1500.48574	1469.54765	1469.56723	
4.762579	1500.55569	1500.60791	1469.66543	1469.6894	
4.772696	1500.67701	1500.73008	1469.78435	1469.80285	
4.782819	1500.7985	1500.85226	1469.90343	1469.92502	
4.793072	1500.92158	1500.98316	1470.02408	1470.03847	
4.803153	1501.0425	1501.0966	1470.14261	1470.16064	
4.813294	1501.16417	1501.2275	1470.26187	1470.28282	
4.823425	1501.28577	1501.34968	1470.38105	1470.40499	
4.833573	1501.40757	1501.46312	1470.50044	1470.51843	
4.843766	1501.5299	1501.5853	1470.62035	1470.64061	
4.853927	1501.65183	1501.70747	1470.73987	1470.75405	
4.864066	1501.77347	1501.82964	1470.8591	1470.87623	
4.87429	1501.89615	1501.95181	1470.97935	1470.9984	
4.884407	1502.01755	1502.07399	1471.09835	1471.12057	
4.89454	1502.13915	1502.19616	1471.21754	1471.23402	
4.904689	1502.26094	1502.30961	1471.33691	1471.35619	
4.914928	1502.38382	1502.44051	1471.45736	1471.46964	
4.92512	1502.50671	1502.55395	1471.57782	1471.59181	
4.935198	1502.62704	1502.68485	1471.69577	1471.71399	
4.945332	1502.74864	1502.7983	1471.81496	1471.83616	
4.955593	1502.87181	1502.92047	1471.93569	1471.95833	
4.965685	1502.99288	1503.04265	1472.05436	1472.07178	
4.97583	1503.11463	1503.16482	1472.1737	1472.19395	
4.985908	1503.23559	1503.28699	1472.29226	1472.3074	
4.996077	1503.35768	1503.40916	1472.41193	1472.42957	
5.006247	1503.47964	1503.53134	1472.53149	1472.55174	
5.016408	1503.60154	1503.65351	1472.65097	1472.67392	
5.026635	1503.72432	1503.77568	1472.77132	1472.78736	
5.036669	1503.8447	1503.89786	1472.88931	1472.90081	
5.047056	1503.96936	1504.02003	1473.01151	1473.02298	
5.057329	1504.09266	1504.13348	1473.13237	1473.14516	
5.067144	1504.21042	1504.26438	1473.24779	1473.26733	
5.077301	1504.33134	1504.37782	1473.36631	1473.3895	
5.087432	1504.45139	1504.5	1473.48399	1473.50295	
5.09758	1504.57107	1504.62217	1473.6013	1473.62512	
5.107888	1504.69197	1504.74434	1473.71981	1473.74729	
5.117906	1504.80881	1504.86651	1473.83433	1473.86074	
5.128037	1504.92641	1504.98869	1473.94961	1473.98291	
5.138203	1505.0438	1505.10213	1474.06467	1474.10509	
5.148567	1505.16289	1505.23303	1474.1814	1474.22726	
5.158475	1505.27604	1505.34648	1474.29231	1474.34071	
5.168954	1505.39513	1505.46865	1474.40905	1474.46288	
5.179126	1505.51011	1505.59083	1474.52175	1474.57633	
5.189423	1505.62585	1505.713	1474.63519	1474.6985	
5.199388	1505.73733	1505.83517	1474.74446	1474.81194	
5.209824	1505.85336	1505.95735	1474.85819	1474.92539	
5.219988	1505.96578	1506.07079	1474.96839	1475.03884	
5.230136	1506.07742	1506.18424	1475.07782	1475.15228	
5.240301	1506.18859	1506.30641	1475.18679	1475.27446	
5.250463	1506.29914	1506.41986	1475.29516	1475.37918	
5.26132	1506.41662	1506.5333	1475.41031	1475.50135	
5.270761	1506.5182	1506.64675	1475.50987	1475.60607	
5.280869	1506.62628	1506.7602	1475.61581	1475.71079	
5.291002	1506.73408	1506.88237	1475.72147	1475.81551	
5.301218	1506.84215	1506.98709	1475.8274	1475.93768	
5.311376	1506.94899	1507.09181	1475.93213	1476.0424	
5.321539	1507.05528	1507.20526	1476.03631	1476.14712	
5.331772	1507.16166	1507.3187	1476.14059	1476.26057	
5.341821	1507.2655	1507.42342	1476.24238	1476.36529	
5.35195	1507.3696	1507.52814	1476.34441	1476.47873	
5.362154	1507.47388	1507.62413	1476.44663	1476.58345	
5.372337	1507.57728	1507.72885	1476.54798	1476.68817	
5.38244	1507.67924	1507.83357	1476.64792	1476.79289	
5.392609	1507.78127	1507.93829	1476.74794	1476.89761	
5.403614	1507.89105	1508.03429	1476.85554	1477.00233	
5.412919	1507.98327	1508.13901	1476.94593	1477.09833	
5.423104	1508.0836	1508.24373	1477.04428	1477.20305	
5.433268	1508.18316	1508.33972	1477.14186	1477.29904	
5.443409	1508.28187	1508.43571	1477.23862	1477.40376	
5.453568	1508.3801	1508.54043	1477.3349	1477.49102	
5.463673	1508.47726	1508.63643	1477.43014	1477.59574	
5.473919	1508.57519	1508.73242	1477.52613	1477.68301	
5.484086	1508.67161	1508.82841	1477.62064	1477.779	
5.494184	1508.76688	1508.9244	1477.71402	1477.875	
5.504332	1508.86196	1509.0204	1477.80722	1477.96226	
5.514476	1508.95641	1509.11639	1477.89981	1478.05826	
5.524657	1509.05062	1509.21238	1477.99215	1478.14552	
5.534771	1509.14354	1509.30838	1478.08323	1478.24152	
5.544917	1509.23622	1509.39564	1478.17407	1478.32878	
5.555087	1509.32843	1509.49164	1478.26445	1478.41605	
5.565546	1509.42333	1509.5789	1478.35748	1478.50332	
5.575438	1509.5112	1509.6749	1478.44361	1478.59058	
5.585516	1509.60081	1509.76216	1478.53144	1478.67785	
5.595765	1509.69127	1509.84943	1478.62011	1478.76512	
5.605876	1509.77993	1509.94542	1478.70701	1478.84366	
5.616029	1509.86836	1510.03269	1478.79369	1478.93092	
5.626148	1509.95587	1510.11996	1478.87947	1479.01819	
5.636371	1510.04368	1510.20722	1478.96554	1479.09673	
5.646483	1510.12992	1510.29449	1479.05007	1479.18399	
5.656598	1510.21557	1510.38175	1479.13403	1479.27126	
5.666758	1510.30099	1510.46902	1479.21775	1479.3498	
5.676892	1510.38561	1510.54756	1479.3007	1479.42834	
5.6871	1510.47022	1510.63483	1479.38364	1479.51561	
5.697247	1510.55369	1510.72209	1479.46545	1479.59415	
5.707362	1510.6363	1510.80063	1479.54643	1479.67269	
5.71749	1510.71841	1510.8879	1479.62692	1479.75995	
5.735949	1510.86565	1510.96644	1479.77124	1479.89958	
5.740487	1510.90184	1511.07116	1479.80671	1479.93449	
5.750647	1510.98224	1511.1497	1479.88552	1480.01303	
5.762025	1511.0715	1511.22824	1479.97301	1480.10029	
5.770945	1511.14098	1511.31551	1480.04111	1480.16138	
5.781169	1511.22002	1511.38532	1480.11859	1480.24865	
5.801256	1511.37238	1511.5424	1480.26794	1480.397	
5.805827	1511.40708	1511.57731	1480.30194	1480.4319	
5.815959	1511.48333	1511.65585	1480.37668	1480.51044	
5.826116	1511.55915	1511.73438	1480.451	1480.58026	
5.836368	1511.63504	1511.81292	1480.52539	1480.65007	
5.846414	1511.70882	1511.89146	1480.59771	1480.72861	
5.856613	1511.78312	1511.96128	1480.67054	1480.79842	
5.866735	1511.85625	1512.03109	1480.74222	1480.86824	
5.876877	1511.92892	1512.10963	1480.81345	1480.94678	
5.887018	1512.00098	1512.17944	1480.88408	1481.01659	
5.897208	1512.07301	1512.25798	1480.95468	1481.0864	
5.907336	1512.14352	1512.3278	1481.0238	1481.15622	
5.917491	1512.21382	1512.39761	1481.09271	1481.22603	
5.927689	1512.28383	1512.46742	1481.16133	1481.28712	
5.937835	1512.3529	1512.53724	1481.22903	1481.35693	
5.94796	1512.42118	1512.60705	1481.29597	1481.42674	
5.958045	1512.4886	1512.67686	1481.36205	1481.48783	
5.968206	1512.55591	1512.73795	1481.42802	1481.55764	
5.978396	1512.62282	1512.80776	1481.49361	1481.62746	
5.988512	1512.68863	1512.86885	1481.55812	1481.68854	
5.998722	1512.75444	1512.93866	1481.62262	1481.74963	
6.008866	1512.8192	1512.99975	1481.68611	1481.81944	
6.019033	1512.88351	1513.06084	1481.74913	1481.88053	
6.037166	1512.99586	1513.18301	1481.85926	1481.99397	
6.041717	1513.02416	1513.20919	1481.887	1482.02015	
6.051935	1513.08677	1513.27027	1481.94838	1482.08124	
6.06204	1513.14812	1513.33136	1482.00851	1482.14233	
6.072195	1513.20918	1513.39245	1482.06836	1482.20341	
6.082425	1513.27008	1513.45353	1482.12805	1482.25577	
6.092494	1513.32943	1513.51462	1482.18623	1482.32559	
6.102686	1513.38887	1513.57571	1482.24449	1482.37795	
6.112819	1513.44736	1513.62807	1482.30183	1482.43903	
6.123041	1513.50576	1513.68915	1482.35907	1482.50012	
6.133278	1513.56364	1513.74151	1482.4158	1482.55248	
6.143354	1513.62001	1513.8026	1482.47106	1482.60484	
6.153515	1513.67624	1513.86369	1482.52617	1482.66593	
6.163715	1513.73207	1513.91605	1482.5809	1482.71829	
6.173816	1513.78676	1513.96841	1482.6345	1482.77937	
6.183923	1513.84089	1514.02077	1482.68756	1482.83173	
6.194125	1513.89494	1514.07313	1482.74054	1482.88409	
6.204308	1513.94827	1514.12549	1482.79281	1482.93645	
6.214461	1514.00077	1514.17785	1482.84428	1482.98009	
6.224602	1514.05267	1514.23893	1482.89515	1483.03245	
6.234752	1514.104	1514.28257	1482.94546	1483.08481	
6.244851	1514.15447	1514.34365	1482.99493	1483.13717	
6.255041	1514.20481	1514.38729	1483.04428	1483.1808	
6.265314	1514.25492	1514.43965	1483.09339	1483.23316	
6.27533	1514.30317	1514.49201	1483.14069	1483.28552	
6.297191	1514.405	1514.59672	1483.2405	1483.38151	
6.301817	1514.42662	1514.61418	1483.26169	1483.40769	
6.312173	1514.47429	1514.66654	1483.30842	1483.45132	
6.322128	1514.51955	1514.71017	1483.35278	1483.49496	
6.332312	1514.56521	1514.7538	1483.39754	1483.54732	
6.342406	1514.60989	1514.80616	1483.44134	1483.59095	
6.352598	1514.6544	1514.84107	1483.48496	1483.63458	
6.362765	1514.69822	1514.89343	1483.52791	1483.67822	
6.37292	1514.74134	1514.92834	1483.57018	1483.72185	
6.383047	1514.78376	1514.9807	1483.61176	1483.76548	
6.393242	1514.82588	1515.0156	1483.65305	1483.80912	
6.40342	1514.86732	1515.05924	1483.69367	1483.84402	
6.413879	1514.90926	1515.10287	1483.73477	1483.88766	
6.423686	1514.948	1515.13778	1483.77275	1483.93129	
6.433839	1514.98754	1515.18141	1483.8115	1483.9662	
6.44405	1515.02668	1515.22504	1483.84986	1484.00983	
6.454118	1515.06469	1515.25995	1483.88712	1484.05346	
6.464323	1515.10262	1515.29486	1483.9243	1484.08837	
6.474504	1515.13985	1515.32976	1483.96079	1484.12328	
6.484636	1515.17629	1515.3734	1483.99652	1484.15818	
6.494799	1515.21227	1515.4083	1484.03178	1484.19309	
6.504882	1515.24736	1515.44321	1484.06618	1484.228	
6.51506	1515.28218	1515.48684	1484.10031	1484.2629	
6.525357	1515.3168	1515.52175	1484.13425	1484.29781	
6.535411	1515.35002	1515.55666	1484.16681	1484.33272	
6.545748	1515.38399	1515.59156	1484.20011	1484.36762	
6.555769	1515.41546	1515.62647	1484.23095	1484.40253	
6.565799	1515.44686	1515.65265	1484.26172	1484.43744	
6.575955	1515.47802	1515.68756	1484.29227	1484.47234	
6.586089	1515.50853	1515.71374	1484.32218	1484.49852	
6.596322	1515.53872	1515.74864	1484.35177	1484.5247	
6.606433	1515.56798	1515.78355	1484.38045	1484.55961	
6.616878	1515.59757	1515.80973	1484.40946	1484.59452	
6.62677	1515.62504	1515.84464	1484.43638	1484.62069	
6.63688	1515.65252	1515.87082	1484.46331	1484.64687	
6.647053	1515.67958	1515.90572	1484.48984	1484.68178	
6.657171	1515.70598	1515.9319	1484.51572	1484.70796	
6.667341	1515.73177	1515.95808	1484.541	1484.73414	
6.677506	1515.75702	1515.99299	1484.56575	1484.76905	
6.687733	1515.78184	1516.01917	1484.59007	1484.7865	
6.69786	1515.80583	1516.04535	1484.61359	1484.82141	
6.707976	1515.82921	1516.08025	1484.6365	1484.84759	
6.718394	1515.85266	1516.09771	1484.6595	1484.87377	
6.728251	1515.87432	1516.13261	1484.68072	1484.89995	
6.738389	1515.89598	1516.15007	1484.70196	1484.92613	
6.748516	1515.91705	1516.18497	1484.72261	1484.94358	
6.758706	1515.93767	1516.20243	1484.74282	1484.96976	
6.768846	1515.9576	1516.22861	1484.76236	1484.99594	
6.779026	1515.97702	1516.25479	1484.78139	1485.01339	
6.797367	1516.0097	1516.28969	1484.81342	1485.06575	
6.801926	1516.01788	1516.29842	1484.82144	1485.07448	
6.812104	1516.0354	1516.30715	1484.83861	1485.09193	
6.822202	1516.05222	1516.3246	1484.8551	1485.10939	
6.832403	1516.06863	1516.34205	1484.87119	1485.12684	
6.842545	1516.08437	1516.34205	1484.88661	1485.14429	
6.852698	1516.09956	1516.35951	1484.90151	1485.15302	
6.86285	1516.11417	1516.36823	1484.91583	1485.16175	
6.872983	1516.1282	1516.37696	1484.92958	1485.17047	
6.883156	1516.14171	1516.37696	1484.94282	1485.17047	
6.89339	1516.15473	1516.37696	1484.95558	1485.1792	
6.903469	1516.167	1516.37696	1484.9676	1485.18793	
6.913622	1516.17879	1516.38569	1484.97917	1485.18793	
6.923851	1516.19011	1516.38569	1484.99026	1485.18793	
6.933922	1516.20071	1516.38569	1485.00065	1485.18793	
6.944112	1516.21088	1516.37696	1485.01062	1485.18793	
6.954236	1516.22044	1516.37696	1485.01999	1485.1792	
6.964492	1516.22956	1516.37696	1485.02893	1485.1792	
6.974587	1516.23801	1516.37696	1485.03721	1485.17047	
6.984706	1516.24594	1516.37696	1485.04499	1485.17047	
6.994905	1516.2534	1516.37696	1485.0523	1485.17047	
7.005031	1516.26028	1516.36823	1485.05904	1485.16175	
7.015204	1516.26667	1516.36823	1485.06531	1485.15302	
7.025336	1516.27254	1516.35951	1485.07106	1485.15302	
7.035508	1516.27789	1516.35951	1485.07631	1485.15302	
7.045684	1516.28277	1516.35078	1485.08108	1485.14429	
7.055819	1516.28713	1516.34205	1485.08536	1485.13557	
7.065955	1516.29103	1516.34205	1485.08918	1485.12684	
7.076132	1516.29447	1516.34205	1485.09255	1485.12684	
7.086216	1516.29744	1516.34205	1485.09547	1485.12684	
7.096416	1516.30002	1516.33333	1485.09799	1485.12684	
7.106583	1516.30218	1516.33333	1485.10011	1485.12684	
7.116685	1516.30395	1516.33333	1485.10184	1485.13557	
7.126794	1516.30932	1516.33333	1485.10711	1485.13557	
7.137094	1516.30932	1516.33333	1485.10711	1485.13557	
7.147166	1516.30932	1516.33333	1485.10711	1485.13557	
7.157352	1516.30932	1516.33333	1485.10711	1485.13557	
7.167417	1516.30932	1516.33333	1485.10711	1485.13557	
7.177538	1516.30932	1516.33333	1485.10711	1485.12684	
7.195769	1516.30932	1516.33333	1485.10711	1485.11811	
7.200336	1516.30932	1516.33333	1485.10711	1485.11811	
7.210552	1516.30932	1516.33333	1485.10711	1485.11811	
7.220653	1516.30932	1516.33333	1485.10711	1485.10939	
7.230785	1516.30932	1516.33333	1485.10711	1485.10939	
7.240947	1516.30932	1516.33333	1485.10711	1485.10939	
7.251165	1516.30932	1516.33333	1485.10711	1485.10939	
7.262496	1516.30932	1516.33333	1485.10711	1485.11811	
7.271427	1516.30932	1516.33333	1485.10711	1485.11811	
7.281547	1516.30932	1516.33333	1485.10711	1485.11811	
7.291684	1516.30932	1516.33333	1485.10711	1485.11811	
7.301877	1516.30932	1516.33333	1485.10711	1485.11811	
7.312033	1516.30932	1516.33333	1485.10711	1485.11811	
7.322176	1516.30932	1516.33333	1485.10711	1485.11811	
7.332348	1516.30932	1516.33333	1485.10711	1485.11811	
7.342473	1516.30932	1516.33333	1485.10711	1485.11811	
7.352664	1516.30932	1516.33333	1485.10711	1485.11811	
7.36289	1516.30932	1516.33333	1485.10711	1485.11811	
7.373018	1516.30932	1516.33333	1485.10711	1485.11811	
7.383133	1516.30932	1516.33333	1485.10711	1485.11811	
7.393456	1516.30932	1516.33333	1485.10711	1485.11811	
7.403631	1516.30932	1516.33333	1485.10711	1485.11811	
7.413763	1516.30932	1516.33333	1485.10711	1485.11811	
7.423896	1516.30932	1516.33333	1485.10711	1485.11811	
7.434056	1516.30932	1516.33333	1485.10711	1485.11811	
7.444201	1516.30932	1516.33333	1485.10711	1485.11811	
7.454393	1516.30932	1516.33333	1485.10711	1485.11811	
7.464563	1516.30932	1516.33333	1485.10711	1485.11811	
7.474725	1516.30932	1516.33333	1485.10711	1485.11811	
7.484841	1516.30932	1516.33333	1485.10711	1485.11811	
7.494983	1516.30932	1516.33333	1485.10711	1485.11811	
7.505092	1516.30932	1516.33333	1485.10711	1485.11811	
7.515333	1516.30932	1516.33333	1485.10711	1485.11811	
7.52554	1516.30932	1516.33333	1485.10711	1485.11811	
7.535639	1516.30932	1516.33333	1485.10711	1485.11811	
7.545791	1516.30932	1516.33333	1485.10711	1485.11811	
7.555977	1516.30932	1516.33333	1485.10711	1485.11811	
7.566113	1516.30932	1516.33333	1485.10711	1485.11811	
7.576235	1516.30932	1516.33333	1485.10711	1485.11811	
7.586514	1516.30932	1516.33333	1485.10711	1485.11811	
7.596561	1516.30932	1516.33333	1485.10711	1485.11811	
7.606917	1516.30932	1516.33333	1485.10711	1485.11811	
7.616813	1516.30932	1516.33333	1485.10711	1485.11811	
7.626955	1516.30932	1516.33333	1485.10711	1485.11811	
7.637277	1516.30932	1516.33333	1485.10711	1485.11811	
7.647246	1516.30932	1516.33333	1485.10711	1485.11811	
7.657405	1516.30932	1516.33333	1485.10711	1485.11811	
7.66758	1516.30932	1516.33333	1485.10711	1485.11811	
7.67779	1516.30932	1516.33333	1485.10711	1485.11811	
7.687858	1516.30932	1516.33333	1485.10711	1485.11811	
7.698052	1516.30932	1516.33333	1485.10711	1485.11811	
7.70821	1516.30932	1516.33333	1485.10711	1485.11811	
7.718303	1516.30932	1516.33333	1485.10711	1485.11811	
7.728472	1516.30932	1516.33333	1485.10711	1485.11811	
7.738592	1516.30932	1516.33333	1485.10711	1485.11811	
7.748742	1516.30932	1516.33333	1485.10711	1485.11811	
7.759064	1516.30932	1516.33333	1485.10711	1485.11811	
7.769517	1516.30932	1516.33333	1485.10711	1485.11811	
7.779456	1516.30932	1516.33333	1485.10711	1485.11811	
7.789609	1516.30932	1516.33333	1485.10711	1485.11811	
7.799799	1516.30932	1516.33333	1485.10711	1485.11811	
7.809899	1516.30932	1516.33333	1485.10711	1485.11811	
7.820096	1516.30932	1516.33333	1485.10711	1485.11811	
7.830231	1516.30932	1516.33333	1485.10711	1485.11811	
7.840366	1516.30932	1516.33333	1485.10711	1485.11811	
7.850627	1516.30932	1516.33333	1485.10711	1485.11811	
7.860708	1516.30932	1516.33333	1485.10711	1485.11811	
7.870888	1516.30932	1516.33333	1485.10711	1485.11811	
7.881094	1516.30932	1516.33333	1485.10711	1485.11811	
7.891227	1516.30932	1516.33333	1485.10711	1485.11811	
7.909298	1516.30932	1516.33333	1485.10711	1485.11811	
7.913836	1516.30932	1516.33333	1485.10711	1485.11811	
7.924092	1516.30932	1516.33333	1485.10711	1485.11811	
7.934163	1516.30932	1516.33333	1485.10711	1485.11811	
7.944314	1516.30932	1516.33333	1485.10711	1485.11811	
7.9545	1516.30932	1516.33333	1485.10711	1485.11811	
7.964635	1516.30932	1516.33333	1485.10711	1485.11811	
7.974781	1516.30932	1516.33333	1485.10711	1485.11811	
7.984916	1516.30932	1516.33333	1485.10711	1485.11811	
7.995113	1516.30932	1516.33333	1485.10711	1485.11811	
8.00527	1516.30932	1516.33333	1485.10711	1485.11811	
8.015421	1516.30932	1516.33333	1485.10711	1485.11811	
8.025627	1516.30932	1516.33333	1485.10711	1485.11811	
8.035727	1516.30932	1516.33333	1485.10711	1485.11811	
8.045871	1516.30932	1516.33333	1485.10711	1485.11811	
8.056021	1516.30932	1516.33333	1485.10711	1485.11811	
8.066216	1516.30932	1516.33333	1485.10711	1485.11811	
8.076746	1516.30932	1516.33333	1485.10711	1485.11811	
8.086621	1516.30932	1516.33333	1485.10711	1485.11811	
8.09662	1516.30932	1516.33333	1485.10711	1485.11811	
8.106781	1516.30932	1516.33333	1485.10711	1485.11811	
8.116876	1516.30932	1516.33333	1485.10711	1485.11811	
8.127059	1516.30932	1516.33333	1485.10711	1485.11811	
8.137184	1516.30932	1516.33333	1485.10711	1485.11811	
8.147342	1516.30932	1516.33333	1485.10711	1485.11811	
8.15757	1516.30932	1516.33333	1485.10711	1485.11811	
8.16771	1516.30932	1516.33333	1485.10711	1485.11811	
8.178256	1516.30932	1516.33333	1485.10711	1485.11811	
8.188241	1516.30932	1516.33333	1485.10711	1485.11811	
8.19813	1516.30932	1516.33333	1485.10711	1485.11811	
8.208265	1516.30932	1516.33333	1485.10711	1485.11811	
8.218406	1516.30932	1516.33333	1485.10711	1485.11811	
8.228533	1516.30932	1516.33333	1485.10711	1485.11811	
8.238709	1516.30932	1516.33333	1485.10711	1485.11811	
8.248841	1516.30932	1516.33333	1485.10711	1485.11811	
8.260873	1516.30932	1516.33333	1485.10711	1485.11811	
8.277	1516.30932	1516.33333	1485.10711	1485.11811	
8.281563	1516.30932	1516.33333	1485.10711	1485.11811	
8.291702	1516.30932	1516.33333	1485.10711	1485.11811	
8.30189	1516.30932	1516.33333	1485.10711	1485.11811	
8.312026	1516.30932	1516.33333	1485.10711	1485.11811	
8.322198	1516.30932	1516.33333	1485.10711	1485.11811	
8.332399	1516.30932	1516.33333	1485.10711	1485.11811	
8.342472	1516.30932	1516.33333	1485.10711	1485.11811	
8.352657	1516.30932	1516.33333	1485.10711	1485.11811	
8.362845	1516.30932	1516.33333	1485.10711	1485.11811	
8.372985	1516.30932	1516.33333	1485.10711	1485.11811	
8.383096	1516.30932	1516.33333	1485.10711	1485.11811	
8.393301	1516.30932	1516.33333	1485.10711	1485.11811	
8.403683	1516.30932	1516.33333	1485.10711	1485.11811	
8.413675	1516.30932	1516.33333	1485.10711	1485.11811	
8.423808	1516.30932	1516.33333	1485.10711	1485.11811	
8.433972	1516.30932	1516.33333	1485.10711	1485.11811	
8.444142	1516.30932	1516.33333	1485.10711	1485.11811	
8.454289	1516.30932	1516.33333	1485.10711	1485.11811	
8.464444	1516.30932	1516.33333	1485.10711	1485.11811	
8.47461	1516.30932	1516.33333	1485.10711	1485.11811	
8.484763	1516.30932	1516.33333	1485.10711	1485.11811	
8.494849	1516.30932	1516.33333	1485.10711	1485.11811	
8.505247	1516.30932	1516.33333	1485.10711	1485.11811	
8.515313	1516.30932	1516.33333	1485.10711	1485.11811	
8.525412	1516.30932	1516.33333	1485.10711	1485.11811	
8.5355	1516.30932	1516.33333	1485.10711	1485.11811	
8.545904	1516.30932	1516.33333	1485.10711	1485.11811	
8.555824	1516.30932	1516.33333	1485.10711	1485.11811	
8.565958	1516.30932	1516.33333	1485.10711	1485.11811	
8.576039	1516.30932	1516.33333	1485.10711	1485.11811	
8.586188	1516.30932	1516.33333	1485.10711	1485.11811	
8.596418	1516.30932	1516.33333	1485.10711	1485.11811	
8.606565	1516.30932	1516.33333	1485.10711	1485.11811	
8.616677	1516.30932	1516.33333	1485.10711	1485.11811	
8.626841	1516.30932	1516.33333	1485.10711	1485.11811	
8.636962	1516.30932	1516.33333	1485.10711	1485.11811	
8.64715	1516.30932	1516.33333	1485.10711	1485.11811	
8.657295	1516.30932	1516.33333	1485.10711	1485.11811	
8.66745	1516.30932	1516.33333	1485.10711	1485.11811	
8.677802	1516.30932	1516.33333	1485.10711	1485.11811	
8.68791	1516.30932	1516.33333	1485.10711	1485.11811	
8.698039	1516.30932	1516.33333	1485.10711	1485.11811	
8.708233	1516.30932	1516.33333	1485.10711	1485.11811	
8.718365	1516.30932	1516.33333	1485.10711	1485.11811	
8.728496	1516.30932	1516.33333	1485.10711	1485.11811	
8.738634	1516.30932	1516.33333	1485.10711	1485.11811	
8.748753	1516.30932	1516.33333	1485.10711	1485.11811	
8.758971	1516.30932	1516.33333	1485.10711	1485.11811	
8.770053	1516.30932	1516.33333	1485.10711	1485.11811	
8.780203	1516.30932	1516.33333	1485.10711	1485.11811	
8.790294	1516.30932	1516.33333	1485.10711	1485.11811	
8.800502	1516.30932	1516.33333	1485.10711	1485.11811	
8.810686	1516.30932	1516.33333	1485.10711	1485.11811	
8.820786	1516.30932	1516.33333	1485.10711	1485.11811	
8.830895	1516.30932	1516.33333	1485.10711	1485.11811	
8.841038	1516.30932	1516.33333	1485.10711	1485.11811	
8.851184	1516.30932	1516.33333	1485.10711	1485.11811	
8.861431	1516.30932	1516.33333	1485.10711	1485.11811	
8.871509	1516.30932	1516.33333	1485.10711	1485.11811	
8.881683	1516.30932	1516.33333	1485.10711	1485.11811	
8.891836	1516.30932	1516.33333	1485.10711	1485.11811	
8.901946	1516.30932	1516.33333	1485.10711	1485.11811	
8.912137	1516.30932	1516.33333	1485.10711	1485.11811	
8.922315	1516.30932	1516.33333	1485.10711	1485.11811	
8.932485	1516.30932	1516.33333	1485.10711	1485.11811	
8.942608	1516.30932	1516.33333	1485.10711	1485.11811	
8.952772	1516.30932	1516.33333	1485.10711	1485.11811	
8.962984	1516.30932	1516.33333	1485.10711	1485.11811	
8.973107	1516.30932	1516.33333	1485.10711	1485.11811	
8.983222	1516.30932	1516.33333	1485.10711	1485.11811	
8.993413	1516.30932	1516.33333	1485.10711	1485.11811	
9.003588	1516.30932	1516.33333	1485.10711	1485.11811	
9.013742	1516.30932	1516.33333	1485.10711	1485.11811	
9.023919	1516.30932	1516.33333	1485.10711	1485.11811	
