9.553324	1516.31027	1516.33333	1485.10804	1485.11811	
9.563433	1516.31181	1516.33333	1485.10955	1485.11811	
9.573667	1516.314	1516.33333	1485.1117	1485.11811	
9.583724	1516.31676	1516.33333	1485.1144	1485.11811	
9.594021	1516.32023	1516.34205	1485.1178	1485.11811	
9.60408	1516.32421	1516.34205	1485.12171	1485.11811	
9.614176	1516.32882	1516.34205	1485.12623	1485.12684	
9.624335	1516.33409	1516.35951	1485.13139	1485.12684	
9.634468	1516.33995	1516.35951	1485.13714	1485.13557	
9.64461	1516.34645	1516.36823	1485.1435	1485.13557	
9.654827	1516.35361	1516.37696	1485.15052	1485.13557	
9.664939	1516.36131	1516.38569	1485.15807	1485.14429	
9.675098	1516.36967	1516.39441	1485.16626	1485.15302	
9.685253	1516.37864	1516.40314	1485.17506	1485.15302	
9.695562	1516.38847	1516.41187	1485.18469	1485.16175	
9.705582	1516.39847	1516.42059	1485.19449	1485.17047	
9.715713	1516.40927	1516.42932	1485.20508	1485.1792	
9.725862	1516.42071	1516.44677	1485.21629	1485.18793	
9.736019	1516.43278	1516.44677	1485.22812	1485.18793	
9.746105	1516.44538	1516.46423	1485.24047	1485.20538	
9.756503	1516.45902	1516.47295	1485.25384	1485.20538	
9.767741	1516.47456	1516.48168	1485.26908	1485.22283	
9.776621	1516.48727	1516.49913	1485.28154	1485.22283	
9.786805	1516.50243	1516.50786	1485.2964	1485.24029	
9.799198	1516.52195	1516.51659	1485.31552	1485.24901	
9.80703	1516.53452	1516.53404	1485.32785	1485.25774	
9.817156	1516.55149	1516.54277	1485.34448	1485.27519	
9.82729	1516.56907	1516.55149	1485.36172	1485.28392	
9.83743	1516.58729	1516.56895	1485.37958	1485.29265	
9.847815	1516.60661	1516.5864	1485.39851	1485.3101	
9.857816	1516.62579	1516.59513	1485.41732	1485.32755	
9.867966	1516.64589	1516.61258	1485.43701	1485.33628	
9.878059	1516.66648	1516.63003	1485.4572	1485.35373	
9.88822	1516.68783	1516.64749	1485.47813	1485.37119	
9.898322	1516.70967	1516.66494	1485.49953	1485.38864	
9.908599	1516.73253	1516.68239	1485.52194	1485.41482	
9.918655	1516.7555	1516.69985	1485.54445	1485.43227	
9.928795	1516.77927	1516.72603	1485.56776	1485.44973	
9.938984	1516.80379	1516.74348	1485.59178	1485.47591	
9.94912	1516.82879	1516.76093	1485.6163	1485.50209	
9.967838	1516.87756	1516.80457	1485.6641	1485.55445	
9.972463	1516.88953	1516.81329	1485.67583	1485.56317	
9.98253	1516.91638	1516.8482	1485.70215	1485.58935	
9.992703	1516.94414	1516.86565	1485.72936	1485.62426	
10.00287	1516.97249	1516.90056	1485.75714	1485.65044	
10.013	1517.00136	1516.92674	1485.78545	1485.67662	
10.02316	1517.03093	1516.95292	1485.81443	1485.71153	
10.03329	1517.06106	1516.98783	1485.84397	1485.74643	
10.04349	1517.09197	1517.01401	1485.87427	1485.78134	
10.05371	1517.12359	1517.04891	1485.90526	1485.81625	
10.06383	1517.15554	1517.08382	1485.93657	1485.85115	
10.07401	1517.1883	1517.11873	1485.96869	1485.88606	
10.08423	1517.2218	1517.15363	1486.00152	1485.92969	
10.09429	1517.25536	1517.18854	1486.03442	1485.97333	
10.10446	1517.2899	1517.23217	1486.06828	1486.00823	
10.11457	1517.3249	1517.26708	1486.10258	1486.04314	
10.12477	1517.36081	1517.30199	1486.13778	1486.08677	
10.1349	1517.39709	1517.34562	1486.17334	1486.1304	
10.14506	1517.43409	1517.38925	1486.20961	1486.16531	
10.15522	1517.47174	1517.42416	1486.24651	1486.20894	
10.16555	1517.51093	1517.46779	1486.28493	1486.25258	
10.17582	1517.54994	1517.51142	1486.32316	1486.29621	
10.18566	1517.58833	1517.55506	1486.36079	1486.33984	
10.19583	1517.6283	1517.59869	1486.39998	1486.37475	
10.20597	1517.66894	1517.64232	1486.4398	1486.42711	
10.21606	1517.71001	1517.68596	1486.48006	1486.46202	
10.22623	1517.752	1517.73832	1486.52123	1486.51438	
10.23643	1517.79474	1517.77322	1486.56311	1486.54928	
10.24658	1517.83788	1517.82558	1486.6054	1486.60164	
10.25666	1517.88135	1517.86922	1486.64801	1486.64528	
10.26823	1517.93213	1517.91285	1486.69779	1486.68891	
10.27699	1517.97092	1517.96521	1486.73581	1486.73254	
10.2871	1518.01637	1518.01757	1486.78036	1486.77618	
10.29725	1518.06257	1518.0612	1486.82564	1486.82854	
10.30749	1518.10985	1518.11356	1486.87199	1486.87217	
10.32557	1518.19574	1518.20083	1486.95618	1486.95071	
10.33011	1518.21723	1518.22701	1486.97724	1486.97689	
10.34032	1518.2664	1518.27937	1487.02543	1487.02052	
10.35042	1518.31564	1518.323	1487.0737	1487.07288	
10.36059	1518.36582	1518.37536	1487.12289	1487.12524	
10.37078	1518.41676	1518.42772	1487.17282	1487.16888	
10.38088	1518.46781	1518.48008	1487.22286	1487.22124	
10.39108	1518.52004	1518.54117	1487.27406	1487.26487	
10.40121	1518.5725	1518.59353	1487.32547	1487.31723	
10.41142	1518.62599	1518.64589	1487.37791	1487.36959	
10.42156	1518.67977	1518.69825	1487.43063	1487.42195	
10.43172	1518.73425	1518.75061	1487.48402	1487.47431	
10.44187	1518.78929	1518.80297	1487.53798	1487.52667	
10.45202	1518.84496	1518.86405	1487.59254	1487.57903	
10.46217	1518.90126	1518.92514	1487.64772	1487.63139	
10.47228	1518.95789	1518.9775	1487.70323	1487.68375	
10.48249	1519.01576	1519.02986	1487.75996	1487.74483	
10.49267	1519.07408	1519.09095	1487.81713	1487.80592	
10.50278	1519.13263	1519.15203	1487.87451	1487.85828	
10.51291	1519.19189	1519.20439	1487.9326	1487.91064	
10.52313	1519.25228	1519.26548	1487.99179	1487.97173	
10.53322	1519.31252	1519.32657	1488.05084	1488.03281	
10.54337	1519.37373	1519.38765	1488.11084	1488.08517	
10.55358	1519.43622	1519.44874	1488.17209	1488.15499	
10.5637	1519.49822	1519.50983	1488.23286	1488.20735	
10.58348	1519.62294	1519.632	1488.35512	1488.32952	
10.58844	1519.65409	1519.65818	1488.38565	1488.36443	
10.59823	1519.71637	1519.72799	1488.44669	1488.41679	
10.60836	1519.78145	1519.78908	1488.51048	1488.47787	
10.6185	1519.84717	1519.85017	1488.5749	1488.53896	
10.62863	1519.91346	1519.91998	1488.63988	1488.60877	
10.63882	1519.98077	1519.98979	1488.70586	1488.67859	
10.64895	1520.04827	1520.05088	1488.77202	1488.73967	
10.65918	1520.11707	1520.11197	1488.83946	1488.80076	
10.66929	1520.18575	1520.18178	1488.90678	1488.87057	
10.67936	1520.2547	1520.25159	1488.97436	1488.94038	
10.68981	1520.32691	1520.3214	1489.04514	1489.0102	
10.69999	1520.39789	1520.39122	1489.11472	1489.08001	
10.71011	1520.46908	1520.46103	1489.1845	1489.14982	
10.72027	1520.54115	1520.53084	1489.25514	1489.21964	
10.73038	1520.61343	1520.60066	1489.32599	1489.28945	
10.74056	1520.68689	1520.6792	1489.398	1489.35926	
10.75071	1520.76076	1520.74901	1489.4704	1489.42908	
10.76106	1520.83678	1520.82755	1489.54492	1489.49889	
10.77199	1520.91776	1520.89736	1489.62429	1489.58616	
10.78114	1520.98591	1520.9759	1489.69109	1489.65597	
10.7913	1521.06226	1521.05444	1489.76593	1489.72578	
10.81173	1521.21915	1521.2028	1489.91972	1489.88286	
10.81641	1521.25485	1521.22898	1489.95471	1489.90904	
10.82644	1521.33243	1521.31624	1490.03075	1489.98758	
10.83663	1521.4118	1521.39478	1490.10855	1490.06612	
10.84703	1521.49355	1521.47332	1490.18868	1490.14466	
10.85689	1521.57155	1521.55186	1490.26514	1490.2232	
10.86708	1521.6528	1521.6304	1490.34478	1490.30174	
10.87719	1521.734	1521.70894	1490.42437	1490.38028	
10.88731	1521.81596	1521.78748	1490.50471	1490.45882	
10.89748	1521.89897	1521.87475	1490.58608	1490.53736	
10.90796	1521.98512	1521.96201	1490.67052	1490.62463	
10.91807	1522.06878	1522.04055	1490.75252	1490.70317	
10.9282	1522.1533	1522.12782	1490.83537	1490.79043	
10.93834	1522.23845	1522.20636	1490.91883	1490.86897	
10.94859	1522.32522	1522.29363	1491.00388	1490.95624	
10.95865	1522.41101	1522.38089	1491.08797	1491.04351	
10.96879	1522.49805	1522.46816	1491.17329	1491.12205	
10.97894	1522.5858	1522.55543	1491.2593	1491.20931	
10.9892	1522.67513	1522.64269	1491.34686	1491.29658	
11.0075	1522.83695	1522.79977	1491.50548	1491.45366	
11.01246	1522.88071	1522.85213	1491.54838	1491.50602	
11.02249	1522.97004	1522.9394	1491.63593	1491.59329	
11.03265	1523.06119	1523.02667	1491.72528	1491.68055	
11.04283	1523.15311	1523.12266	1491.81538	1491.76782	
11.05293	1523.24493	1523.21865	1491.90538	1491.85508	
11.06312	1523.33814	1523.30592	1491.99675	1491.94235	
11.07325	1523.43152	1523.39318	1492.08827	1492.03834	
11.08343	1523.52587	1523.4979	1492.18076	1492.13434	
11.09354	1523.62024	1523.58517	1492.27326	1492.2216	
11.10368	1523.71546	1523.68116	1492.36659	1492.3176	
11.11397	1523.81283	1523.77716	1492.46203	1492.41359	
11.12405	1523.90871	1523.87315	1492.55602	1492.50958	
11.13421	1524.00605	1523.96914	1492.65143	1492.60558	
11.14435	1524.10375	1524.07386	1492.7472	1492.69284	
11.1545	1524.20219	1524.16113	1492.84368	1492.79756	
11.16472	1524.30198	1524.26585	1492.9415	1492.89356	
11.17487	1524.40158	1524.37057	1493.03912	1492.98955	
11.18497	1524.50145	1524.46656	1493.13702	1493.08554	
11.19522	1524.60339	1524.57128	1493.23694	1493.18153	
11.20533	1524.70452	1524.66727	1493.33606	1493.28625	
11.21548	1524.80663	1524.77199	1493.43615	1493.38225	
11.22564	1524.9095	1524.87671	1493.53699	1493.48697	
11.23579	1525.01295	1524.98143	1493.63839	1493.58296	
11.24596	1525.11718	1525.08615	1493.74056	1493.68768	
11.2561	1525.22171	1525.19087	1493.84302	1493.7924	
11.26635	1525.32798	1525.29559	1493.94718	1493.88839	
11.27649	1525.43384	1525.40031	1494.05094	1493.99311	
11.28663	1525.54016	1525.50503	1494.15516	1494.09783	
11.2967	1525.64637	1525.60975	1494.25926	1494.20255	
11.30688	1525.75449	1525.71447	1494.36524	1494.29855	
11.31704	1525.86288	1525.82792	1494.47149	1494.41199	
11.3272	1525.97201	1525.94137	1494.57846	1494.51671	
11.33732	1526.0812	1526.04608	1494.68549	1494.63016	
11.34746	1526.19135	1526.16826	1494.79346	1494.73488	
11.3577	1526.30307	1526.27298	1494.90297	1494.8396	
11.36783	1526.41438	1526.38642	1495.01207	1494.96177	
11.3779	1526.52544	1526.49987	1495.12093	1495.06649	
11.38812	1526.639	1526.60459	1495.23224	1495.17994	
11.39819	1526.7513	1526.72676	1495.34232	1495.29338	
11.40838	1526.86577	1526.83148	1495.45452	1495.40683	
11.4185	1526.97992	1526.95366	1495.56641	1495.52028	
11.4289	1527.09788	1527.05838	1495.68204	1495.625	
11.43881	1527.21095	1527.18055	1495.79286	1495.74717	
11.44896	1527.32727	1527.294	1495.90688	1495.85189	
11.45918	1527.4451	1527.40744	1496.02238	1495.97406	
11.46926	1527.5619	1527.52961	1496.13687	1496.07878	
11.47976	1527.68427	1527.65179	1496.25681	1496.20095	
11.48986	1527.80248	1527.76523	1496.37268	1496.32313	
11.50001	1527.92199	1527.87868	1496.48983	1496.43657	
11.5101	1528.04139	1528.00085	1496.60686	1496.55002	
11.52025	1528.16209	1528.12303	1496.72517	1496.67219	
11.53045	1528.28414	1528.2452	1496.8448	1496.78564	
11.54065	1528.40657	1528.35865	1496.96481	1496.90781	
11.55076	1528.52791	1528.48082	1497.08375	1497.02126	
11.56092	1528.64987	1528.60299	1497.20329	1497.14343	
11.57113	1528.77234	1528.72517	1497.32334	1497.26561	
11.58121	1528.89331	1528.84734	1497.44192	1497.38778	
11.59136	1529.01519	1528.96951	1497.56137	1497.50995	
11.60152	1529.13711	1529.09168	1497.68088	1497.6234	
11.61168	1529.25897	1529.22258	1497.80033	1497.74557	
11.62191	1529.38177	1529.34476	1497.9207	1497.86774	
11.63202	1529.50311	1529.46693	1498.03963	1497.98992	
11.64222	1529.62553	1529.5891	1498.15963	1498.11209	
11.65244	1529.74806	1529.71128	1498.27974	1498.24299	
11.66251	1529.86899	1529.8509	1498.39827	1498.35644	
11.67266	1529.99075	1529.97308	1498.51762	1498.47861	
11.68279	1530.11226	1530.09525	1498.63673	1498.60951	
11.69301	1530.23491	1530.21742	1498.75695	1498.73168	
11.70313	1530.35634	1530.34832	1498.87597	1498.85386	
11.71328	1530.47823	1530.47049	1498.99544	1498.97603	
11.72344	1530.60012	1530.60139	1499.11493	1499.0982	
11.73358	1530.72183	1530.72357	1499.23422	1499.22037	
11.74374	1530.84367	1530.85447	1499.35365	1499.34255	
11.75393	1530.96605	1530.97664	1499.47361	1499.46472	
11.76411	1531.08819	1531.10754	1499.59333	1499.58689	
11.77485	1531.21705	1531.23844	1499.71964	1499.71779	
11.78496	1531.33831	1531.36061	1499.8385	1499.83997	
11.79513	1531.46152	1531.49151	1499.95926	1499.96214	
11.80643	1531.59604	1531.63114	1500.09112	1500.09304	
11.8156	1531.70609	1531.73586	1500.19899	1500.20649	
11.82577	1531.82811	1531.86676	1500.31859	1500.32866	
11.8359	1531.94959	1531.98893	1500.43768	1500.45083	
11.84641	1532.07576	1532.1111	1500.56135	1500.573	
11.85621	1532.19333	1532.242	1500.67658	1500.69518	
11.86749	1532.32884	1532.36418	1500.80941	1500.80862	
11.87658	1532.43784	1532.48635	1500.91625	1500.9308	
11.88701	1532.56303	1532.60852	1501.03897	1501.05297	
11.89677	1532.68008	1532.7307	1501.1537	1501.17514	
11.90697	1532.80251	1532.85287	1501.2737	1501.29732	
11.9171	1532.92403	1532.97504	1501.39282	1501.41076	
11.92722	1533.04542	1533.09721	1501.5118	1501.53294	
11.93739	1533.16749	1533.22811	1501.63145	1501.65511	
11.94753	1533.28923	1533.34156	1501.75078	1501.76855	
11.9578	1533.4125	1533.46373	1501.87162	1501.89073	
11.96784	1533.53292	1533.58591	1501.98965	1502.0129	
11.97801	1533.65502	1533.71681	1502.10933	1502.13507	
11.98814	1533.77649	1533.83025	1502.22839	1502.24852	
11.99857	1533.90168	1533.95243	1502.35111	1502.37069	
12.00841	1534.01973	1534.0746	1502.46681	1502.48414	
12.01855	1534.14145	1534.19677	1502.58613	1502.60631	
12.02876	1534.26395	1534.31895	1502.7062	1502.72849	
12.03881	1534.38455	1534.44112	1502.82441	1502.85066	
12.04902	1534.50714	1534.56329	1502.94458	1502.96411	
12.05926	1534.62991	1534.68546	1503.06492	1503.08628	
12.06933	1534.75079	1534.80764	1503.1834	1503.19972	
12.07948	1534.87263	1534.92981	1503.30283	1503.3219	
12.08962	1534.99425	1535.04326	1503.42204	1503.44407	
12.09981	1535.11659	1535.16543	1503.54195	1503.56624	
12.11004	1535.23925	1535.2876	1503.66219	1503.67969	
12.12018	1535.36093	1535.40978	1503.78146	1503.80186	
12.13032	1535.48266	1535.53195	1503.90078	1503.91531	
12.14057	1535.60568	1535.6454	1504.02137	1504.03748	
12.15065	1535.72667	1535.76757	1504.13995	1504.15966	
12.16897	1535.94655	1535.99446	1504.35549	1504.3691	
12.17356	1536.00159	1536.04682	1504.40943	1504.42146	
12.18367	1536.12281	1536.16899	1504.52825	1504.54363	
12.19388	1536.24574	1536.29117	1504.64875	1504.6658	
12.20397	1536.36651	1536.41334	1504.76712	1504.78797	
12.21418	1536.48895	1536.53551	1504.88715	1504.91015	
12.2243	1536.61047	1536.65769	1505.00625	1505.02359	
12.23446	1536.73234	1536.77113	1505.12571	1505.14577	
12.24465	1536.85469	1536.90203	1505.24564	1505.25921	
12.25473	1536.97563	1537.01548	1505.36418	1505.38139	
12.26511	1537.10092	1537.14638	1505.48699	1505.50356	
12.27552	1537.22512	1537.26855	1505.60873	1505.62573	
12.28563	1537.34637	1537.39072	1505.72758	1505.74791	
12.29575	1537.46782	1537.5129	1505.84663	1505.87008	
12.30595	1537.59029	1537.63507	1505.96667	1505.98353	
12.31613	1537.71232	1537.75724	1506.08629	1506.1057	
12.32624	1537.83376	1537.87942	1506.20532	1506.22787	
12.3364	1537.95565	1538.00159	1506.3248	1506.34132	
12.34657	1538.07769	1538.12376	1506.44443	1506.46349	
12.35702	1538.20319	1538.24594	1506.56744	1506.58566	
12.36713	1538.32443	1538.36811	1506.68627	1506.69911	
12.37695	1538.44221	1538.49028	1506.80172	1506.82128	
12.38713	1538.56441	1538.61246	1506.92151	1506.93473	
12.39744	1538.6881	1538.73463	1507.04274	1507.0569	
12.4077	1538.81128	1538.8568	1507.16348	1507.17908	
12.42605	1539.03149	1538.97897	1507.37934	1507.38852	
12.43063	1539.08633	1539.12733	1507.43309	1507.4496	
12.44079	1539.20827	1539.2495	1507.55262	1507.56305	
12.45097	1539.33047	1539.37167	1507.6724	1507.68522	
12.46109	1539.45185	1539.49385	1507.79137	1507.80739	
12.47153	1539.5772	1539.61602	1507.91424	1507.92957	
12.48144	1539.69612	1539.73819	1508.03081	1508.04301	
12.49159	1539.81783	1539.86909	1508.1501	1508.16519	
12.50175	1539.93977	1539.98254	1508.26963	1508.27863	
12.51184	1540.06093	1540.10471	1508.38839	1508.40081	
12.52205	1540.1835	1540.22688	1508.50854	1508.52298	
12.53222	1540.30551	1540.34906	1508.62812	1508.64515	
12.54232	1540.42667	1540.47123	1508.74689	1508.7586	
12.56142	1540.65591	1540.69812	1508.97159	1508.98549	
12.56603	1540.71125	1540.75921	1509.02583	1509.03785	
12.57624	1540.83375	1540.87266	1509.1459	1509.16002	
12.58643	1540.95606	1540.99483	1509.2658	1509.27347	
12.59658	1541.07779	1541.117	1509.38512	1509.39564	
12.60661	1541.19815	1541.23918	1509.50309	1509.51782	
12.61677	1541.32003	1541.36135	1509.62256	1509.63999	
12.62691	1541.4417	1541.48352	1509.74182	1509.75344	
12.63706	1541.56578	1541.6057	1509.86344	1509.87561	
12.64722	1541.68547	1541.71914	1509.98076	1509.99778	
12.65736	1541.80716	1541.85004	1510.10004	1510.11123	
12.66752	1541.92906	1541.96349	1510.21953	1510.2334	
12.67773	1542.05157	1542.09439	1510.33961	1510.35557	
12.68784	1542.17297	1542.20783	1510.45861	1510.47775	
12.69805	1542.29551	1542.33873	1510.57873	1510.59992	
12.70814	1542.41644	1542.46091	1510.69726	1510.71337	
12.71828	1542.53814	1542.58308	1510.81655	1510.83554	
12.72841	1542.6598	1542.69653	1510.9358	1510.94899	
12.73854	1542.78132	1542.82743	1511.05491	1511.07116	
12.74876	1542.90397	1542.94087	1511.17514	1511.19333	
12.75886	1543.02515	1543.07177	1511.29391	1511.31551	
12.76903	1543.14719	1543.18522	1511.41354	1511.43768	
12.78714	1543.36459	1543.41211	1511.62664	1511.64712	
12.7917	1543.41927	1543.46447	1511.68023	1511.69948	
12.80239	1543.55105	1543.58664	1511.8094	1511.82165	
12.81202	1543.66308	1543.70882	1511.91921	1511.94382	
12.82215	1543.78465	1543.83099	1512.03838	1512.066	
12.83231	1543.90654	1543.95316	1512.15785	1512.18817	
12.84244	1544.02817	1544.07534	1512.27707	1512.30162	
12.85266	1544.15075	1544.19751	1512.39722	1512.42379	
12.86277	1544.27208	1544.31968	1512.51615	1512.54596	
12.87287	1544.39323	1544.44186	1512.63491	1512.65941	
12.88315	1544.51661	1544.56403	1512.75584	1512.78158	
12.89326	1544.63791	1544.6862	1512.87474	1512.90376	
12.90338	1544.7594	1544.8171	1512.99382	1513.0172	
12.91352	1544.88106	1544.93055	1513.11307	1513.13937	
12.92374	1545.00365	1545.06145	1513.23324	1513.25282	
12.93396	1545.12637	1545.17489	1513.35353	1513.37499	
12.94404	1545.24727	1545.30579	1513.47204	1513.49717	
12.95418	1545.36897	1545.41924	1513.59132	1513.61934	
12.9644	1545.49163	1545.55014	1513.71155	1513.74151	
12.9745	1545.61287	1545.66359	1513.83039	1513.85496	
12.98462	1545.73426	1545.79449	1513.94938	1513.96841	
12.99482	1545.85673	1545.90793	1514.06942	1514.09058	
13.00496	1545.9784	1546.03883	1514.18868	1514.21275	
13.0151	1546.10003	1546.15228	1514.3079	1514.33493	
13.02527	1546.22206	1546.27445	1514.42752	1514.44837	
13.03544	1546.34415	1546.39662	1514.54719	1514.57054	
13.04556	1546.46553	1546.5188	1514.66616	1514.68399	
13.0557	1546.58725	1546.64097	1514.78548	1514.80616	
13.06585	1546.70949	1546.76314	1514.90529	1514.92834	
13.07603	1546.83121	1546.88532	1515.02461	1515.05051	
13.08622	1546.9534	1547.00749	1515.14437	1515.17268	
13.09635	1547.07508	1547.12966	1515.26365	1515.28613	
13.10656	1547.1976	1547.25184	1515.38374	1515.4083	
13.11668	1547.31903	1547.37401	1515.50276	1515.52175	
13.12679	1547.44027	1547.48745	1515.62161	1515.64392	
13.13691	1547.5617	1547.60963	1515.74063	1515.7661	
13.1471	1547.68409	1547.7318	1515.8606	1515.87954	
13.15722	1547.80541	1547.85397	1515.97952	1516.00171	
13.16736	1547.92722	1547.97615	1516.09891	1516.11516	
13.17749	1548.04871	1548.09832	1516.218	1516.23733	
13.18774	1548.17181	1548.21177	1516.33866	1516.35951	
13.19828	1548.29819	1548.33394	1516.46254	1516.48168	
13.20798	1548.41458	1548.45611	1516.57662	1516.60385	
13.21811	1548.53622	1548.57829	1516.69586	1516.7173	
13.22827	1548.65801	1548.70046	1516.81523	1516.83947	
13.23838	1548.77937	1548.82263	1516.93418	1516.95292	
13.24857	1548.90165	1548.9448	1517.05404	1517.07509	
13.25868	1549.023	1549.06698	1517.173	1517.19727	
13.26897	1549.14653	1549.18915	1517.29408	1517.31944	
13.28702	1549.36318	1549.40732	1517.50644	1517.52888	
13.29157	1549.41767	1549.4684	1517.55985	1517.58124	
13.30179	1549.54027	1549.59058	1517.68003	1517.70341	
13.31194	1549.6621	1549.71275	1517.79944	1517.82558	
13.32211	1549.7841	1549.83492	1517.91903	1517.94776	
13.33227	1549.90605	1549.9571	1518.03855	1518.06993	
13.34236	1550.02719	1550.07927	1518.1573	1518.18338	
13.35251	1550.14895	1550.20144	1518.27665	1518.30555	
13.36271	1550.2713	1550.32361	1518.39658	1518.42772	
13.37291	1550.39373	1550.44579	1518.51658	1518.54117	
13.38297	1550.51449	1550.56796	1518.63495	1518.66334	
13.39317	1550.63686	1550.69013	1518.75489	1518.78552	
13.40332	1550.7586	1550.81231	1518.87422	1518.89896	
13.41354	1550.88135	1550.93448	1518.99454	1519.02113	
13.42363	1551.00239	1551.04793	1519.11319	1519.14331	
13.43378	1551.12415	1551.17883	1519.23254	1519.25675	
13.44394	1551.24616	1551.29227	1519.35213	1519.37893	
13.45414	1551.36851	1551.42317	1519.47206	1519.5011	
13.46432	1551.49062	1551.53662	1519.59175	1519.62327	
13.47443	1551.612	1551.65879	1519.71073	1519.73672	
13.48469	1551.73509	1551.78096	1519.83138	1519.85017	
13.49475	1551.85583	1551.90314	1519.94973	1519.97234	
13.50484	1551.97695	1552.02531	1520.06845	1520.09451	
13.51513	1552.10248	1552.14748	1520.19149	1520.21669	
13.52529	1552.22235	1552.26966	1520.30899	1520.33886	
13.53543	1552.34403	1552.39183	1520.42826	1520.4523	
13.54557	1552.46562	1552.514	1520.54745	1520.56575	
13.55569	1552.58715	1552.63618	1520.66656	1520.68792	
13.56587	1552.70931	1552.74962	1520.7863	1520.8101	
13.57603	1552.83118	1552.88052	1520.90576	1520.93227	
13.58613	1552.95241	1552.99397	1521.0246	1521.04572	
13.59633	1553.07473	1553.11614	1521.14449	1521.16789	
13.6068	1553.2005	1553.23831	1521.26777	1521.28134	
13.61657	1553.31761	1553.36049	1521.38256	1521.40351	
13.62671	1553.43935	1553.48266	1521.50189	1521.52568	
13.63686	1553.56115	1553.60483	1521.62128	1521.64786	
13.64705	1553.68347	1553.72701	1521.74117	1521.7613	
13.65718	1553.80499	1553.84918	1521.86029	1521.88347	
13.66737	1553.9272	1553.97135	1521.98008	1521.99692	
13.67758	1554.04974	1554.09353	1522.1002	1522.11909	
13.68768	1554.17103	1554.2157	1522.21908	1522.24127	
13.69784	1554.29293	1554.33787	1522.33857	1522.36344	
13.70793	1554.41401	1554.46004	1522.45726	1522.47689	
13.71816	1554.53674	1554.58222	1522.57755	1522.59906	
13.72829	1554.65837	1554.70439	1522.69677	1522.71251	
13.73838	1554.77943	1554.82656	1522.81543	1522.83468	
13.74865	1554.90261	1554.94874	1522.93617	1522.95685	
13.75868	1555.02301	1555.07091	1523.0542	1523.07903	
13.76889	1555.14553	1555.19308	1523.17429	1523.19247	
13.77904	1555.26736	1555.31526	1523.2937	1523.31464	
13.79712	1555.48428	1555.5247	1523.50633	1523.53281	
13.80164	1555.53843	1555.57706	1523.5594	1523.58517	
13.81193	1555.66199	1555.70796	1523.68052	1523.70734	
13.82211	1555.7842	1555.83013	1523.80031	1523.82952	
13.83221	1555.90531	1555.9523	1523.91902	1523.94296	
13.84234	1556.02687	1556.06575	1524.03818	1524.06514	
13.85259	1556.14986	1556.19665	1524.15873	1524.17858	
13.86266	1556.27076	1556.31009	1524.27724	1524.30076	
13.87281	1556.39253	1556.44099	1524.39659	1524.42293	
13.88297	1556.51442	1556.55444	1524.51607	1524.5451	
13.89314	1556.63645	1556.68534	1524.63568	1524.65855	
13.90328	1556.75818	1556.80751	1524.755	1524.78072	
13.91342	1556.87987	1556.92969	1524.87428	1524.90289	
13.92359	1557.00192	1557.05186	1524.99392	1525.01634	
13.93395	1557.12633	1557.17403	1525.11586	1525.13851	
13.94392	1557.24583	1557.29621	1525.233	1525.26069	
13.95406	1557.36795	1557.41838	1525.35269	1525.38286	
13.96424	1557.48969	1557.54055	1525.47202	1525.49631	
13.97433	1557.61084	1557.66272	1525.59078	1525.61848	
13.98449	1557.73276	1557.7849	1525.71028	1525.73193	
13.99466	1557.85479	1557.90707	1525.82989	1525.8541	
14.00487	1557.9772	1558.02924	1525.94988	1525.97627	
14.01497	1558.09849	1558.15142	1526.06878	1526.08972	
14.02507	1558.21969	1558.27359	1526.18758	1526.21189	
14.03533	1558.34278	1558.39576	1526.30822	1526.33406	
14.04547	1558.46446	1558.50921	1526.42749	1526.44751	
14.0556	1558.58605	1558.64011	1526.54668	1526.56968	
14.06575	1558.70776	1558.75355	1526.66597	1526.69186	
14.0759	1558.82958	1558.87573	1526.78539	1526.8053	
14.09401	1559.047	1559.10262	1526.9985	1527.02347	
14.09858	1559.10184	1559.15498	1527.05225	1527.07583	
14.10878	1559.22417	1559.27715	1527.17216	1527.198	
14.11887	1559.34526	1559.3906	1527.29085	1527.31145	
14.12898	1559.46701	1559.5215	1527.41019	1527.43362	
14.14754	1559.68939	1559.73094	1527.62817	1527.65179	
14.15211	1559.74413	1559.79203	1527.68182	1527.70415	
14.16228	1559.86615	1559.9142	1527.80143	1527.82632	
14.17244	1559.98807	1560.03637	1527.92094	1527.93977	
14.18256	1560.10951	1560.14982	1528.03997	1528.06194	
14.19276	1560.23201	1560.27199	1528.16004	1528.17539	
14.20291	1560.35371	1560.39416	1528.27934	1528.29756	
14.21309	1560.47592	1560.51634	1528.39913	1528.41973	
14.22322	1560.59746	1560.63851	1528.51826	1528.54191	
14.23337	1560.71927	1560.76068	1528.63766	1528.66408	
14.24356	1560.84159	1560.88286	1528.75755	1528.77753	
14.25371	1560.96339	1561.00503	1528.87694	1528.8997	
14.26405	1561.08753	1561.1272	1528.99862	1529.01314	
14.27533	1561.22286	1561.24938	1529.13127	1529.13532	
14.28416	1561.32869	1561.37155	1529.23501	1529.25749	
14.2943	1561.45039	1561.49372	1529.3543	1529.37966	
14.30443	1561.57195	1561.61589	1529.47345	1529.49311	
14.31464	1561.69447	1561.73807	1529.59355	1529.61528	
14.32482	1561.81672	1561.86024	1529.71337	1529.73746	
14.33494	1561.93804	1561.98241	1529.83229	1529.8509	
14.34503	1562.05918	1562.10459	1529.95103	1529.97308	
14.35533	1562.18286	1562.22676	1530.07227	1530.09525	
14.36541	1562.30376	1562.34893	1530.19077	1530.21742	
14.37554	1562.42533	1562.47111	1530.30994	1530.33959	
14.38564	1562.54653	1562.59328	1530.42874	1530.45304	
14.39584	1562.66885	1562.71545	1530.54863	1530.57521	
14.40603	1562.79125	1562.83763	1530.66861	1530.68866	
14.41613	1562.91241	1562.9598	1530.78737	1530.81083	
14.42632	1563.03465	1563.08197	1530.90718	1530.93301	
14.43643	1563.15601	1563.20414	1531.02615	1531.05518	
14.4466	1563.27799	1563.32632	1531.14571	1531.16863	
14.45673	1563.39966	1563.44849	1531.26497	1531.2908	
14.46686	1563.5211	1563.57066	1531.38401	1531.41297	
14.47705	1563.64347	1563.69284	1531.50395	1531.52642	
14.48716	1563.76475	1563.81501	1531.62283	1531.64859	
14.49731	1563.88651	1563.93718	1531.74218	1531.77076	
14.50745	1564.00828	1564.05936	1531.86153	1531.89294	
14.51759	1564.12991	1564.18153	1531.98076	1532.00638	
14.52781	1564.25254	1564.3037	1532.10096	1532.12856	
14.53788	1564.37339	1564.42588	1532.21942	1532.242	
14.55781	1564.6126	1564.54805	1532.45389	1532.47762	
14.56242	1564.66793	1564.72258	1532.50812	1532.52998	
14.57255	1564.78937	1564.84475	1532.62716	1532.65216	
14.58265	1564.90976	1564.96693	1532.74516	1532.7656	
14.59279	1565.02991	1565.0891	1532.86294	1532.88778	
14.60297	1565.14983	1565.21127	1532.98048	1533.00995	
14.61314	1565.26916	1565.33345	1533.09744	1533.13212	
14.62328	1565.38749	1565.45562	1533.21343	1533.24557	
14.6334	1565.50493	1565.57779	1533.32855	1533.35901	
14.64368	1565.62368	1565.69997	1533.44495	1533.48119	
14.65377	1565.73958	1565.81341	1533.55855	1533.60336	
14.66393	1565.85572	1565.93558	1533.67239	1533.71681	
14.67411	1565.97133	1566.05776	1533.78572	1533.83898	
14.68423	1566.08578	1566.1712	1533.89789	1533.95243	
14.69439	1566.20003	1566.29338	1534.00988	1534.0746	
14.70449	1566.31309	1566.41555	1534.12071	1534.18805	
14.7147	1566.42661	1566.529	1534.23198	1534.30149	
14.72487	1566.5392	1566.64244	1534.34234	1534.41494	
14.73498	1566.65041	1566.76462	1534.45135	1534.52838	
14.74509	1566.76107	1566.87806	1534.55982	1534.64183	
14.75554	1566.87569	1566.99151	1534.67216	1534.75528	
14.76564	1566.98425	1567.10496	1534.77857	1534.86	
14.77619	1567.09773	1567.2184	1534.88981	1534.98217	
14.78571	1567.19959	1567.33185	1534.98965	1535.08689	
14.79589	1567.30799	1567.44529	1535.09591	1535.20034	
14.80607	1567.41562	1567.55001	1535.2014	1535.31378	
14.81624	1567.52268	1567.66346	1535.30634	1535.4185	
14.82644	1567.62947	1567.77691	1535.41102	1535.52322	
14.83648	1567.7339	1567.88163	1535.51338	1535.62794	
14.84665	1567.83904	1567.99507	1535.61644	1535.73266	
14.85681	1567.94355	1568.09979	1535.71888	1535.84611	
14.86696	1568.04722	1568.20451	1535.8205	1535.95083	
14.87714	1568.15068	1568.30923	1535.92191	1536.05555	
14.88726	1568.2529	1568.42268	1536.02211	1536.15154	
14.89741	1568.35483	1568.5274	1536.12201	1536.25626	
14.90759	1568.45649	1568.62339	1536.22166	1536.36098	
14.92559	1568.63379	1568.72811	1536.39545	1536.53551	
14.93017	1568.67935	1568.85028	1536.44011	1536.58787	
14.94032	1568.77836	1568.955	1536.53716	1536.68387	
14.95047	1568.87701	1569.051	1536.63385	1536.77986	
14.96061	1568.97511	1569.15572	1536.73001	1536.88458	
14.97078	1569.07283	1569.26044	1536.82579	1536.97185	
14.98121	1569.17236	1569.35643	1536.92336	1537.07657	
14.99111	1569.26629	1569.45242	1537.01543	1537.16383	
15.00127	1569.36201	1569.53969	1537.10925	1537.25983	
15.01146	1569.45744	1569.64441	1537.2028	1537.34709	
15.02155	1569.55138	1569.7404	1537.29487	1537.44308	
15.03175	1569.64565	1569.82767	1537.38727	1537.53035	
15.04191	1569.73894	1569.92366	1537.47871	1537.61762	
15.05207	1569.83167	1570.01966	1537.56961	1537.71361	
15.06231	1569.92447	1570.10692	1537.66057	1537.80088	
15.07238	1570.01514	1570.20291	1537.74945	1537.88814	
15.08286	1570.109	1570.29018	1537.84145	1537.97541	
15.09279	1570.19715	1570.37745	1537.92786	1538.0714	
15.1029	1570.28633	1570.46471	1538.01527	1538.14994	
15.11304	1570.37524	1570.55198	1538.10242	1538.23721	
15.12316	1570.4633	1570.63925	1538.18874	1538.32448	
15.13338	1570.55169	1570.72651	1538.27537	1538.40302	
15.1435	1570.63855	1570.81378	1538.36051	1538.49028	
15.15365	1570.72499	1570.90105	1538.44525	1538.57755	
15.16383	1570.81117	1570.98831	1538.52972	1538.65609	
15.17395	1570.89628	1571.07558	1538.61314	1538.73463	
15.18412	1570.98107	1571.15412	1538.69625	1538.82189	
15.19431	1571.06554	1571.24139	1538.77905	1538.90916	
15.20447	1571.14904	1571.31993	1538.8609	1538.9877	
15.2146	1571.2318	1571.40719	1538.94202	1539.06624	
15.22476	1571.31408	1571.48573	1539.02267	1539.14478	
15.23489	1571.3956	1571.56427	1539.10258	1539.22332	
15.24505	1571.47672	1571.64281	1539.18208	1539.30186	
15.25521	1571.55719	1571.72135	1539.26096	1539.3804	
15.26536	1571.63707	1571.80862	1539.33926	1539.45894	
15.27671	1571.72555	1571.87843	1539.42599	1539.53748	
15.28563	1571.79458	1571.95697	1539.49365	1539.61602	
15.29578	1571.87259	1572.03551	1539.57012	1539.69456	
15.3059	1571.94975	1572.11405	1539.64575	1539.76437	
15.31606	1572.02659	1572.19259	1539.72107	1539.84291	
15.32639	1572.10405	1572.2624	1539.79699	1539.92145	
15.33643	1572.17884	1572.34094	1539.8703	1539.99127	
15.34659	1572.25385	1572.41948	1539.94383	1540.06108	
15.3568	1572.32857	1572.4893	1540.01707	1540.13962	
15.36688	1572.40183	1572.56784	1540.08888	1540.21816	
15.37699	1572.47465	1572.63765	1540.16026	1540.28797	
15.38718	1572.54752	1572.71619	1540.23168	1540.35778	
15.39761	1572.62137	1572.786	1540.30407	1540.4276	
15.4075	1572.6908	1572.85582	1540.37213	1540.49741	
15.41768	1572.76168	1572.92563	1540.44161	1540.56722	
15.42779	1572.83151	1572.99544	1540.51005	1540.63704	
15.4383	1572.90346	1573.06525	1540.58057	1540.70685	
15.44806	1572.96963	1573.13507	1540.64544	1540.77666	
15.45823	1573.03825	1573.20488	1540.71269	1540.84648	
15.46836	1573.10555	1573.27469	1540.77866	1540.90756	
15.47846	1573.17224	1573.33578	1540.84404	1540.97738	
15.48865	1573.23904	1573.40559	1540.90951	1541.03846	
15.49878	1573.30468	1573.46668	1540.97385	1541.10828	
15.50928	1573.37217	1573.53649	1541.04	1541.17809	
15.51947	1573.43701	1573.60631	1541.10356	1541.23918	
15.52963	1573.50104	1573.66739	1541.16632	1541.30026	
15.53974	1573.56422	1573.72848	1541.22825	1541.37008	
15.54994	1573.62731	1573.79829	1541.29009	1541.42244	
15.56009	1573.68945	1573.85938	1541.351	1541.49225	
15.57026	1573.75131	1573.92047	1541.41163	1541.54461	
15.58041	1573.81211	1573.98155	1541.47123	1541.61442	
15.59053	1573.87226	1574.04264	1541.53019	1541.66678	
15.60073	1573.93231	1574.10373	1541.58905	1541.72787	
15.6109	1573.99161	1574.16481	1541.64718	1541.78895	
15.62108	1574.05028	1574.2259	1541.70468	1541.84131	
15.6312	1574.10802	1574.28699	1541.76128	1541.9024	
15.64143	1574.16584	1574.33935	1541.81795	1541.96349	
15.65164	1574.22286	1574.40043	1541.87385	1542.01585	
15.66178	1574.27893	1574.46152	1541.9288	1542.06821	
15.67193	1574.33443	1574.51388	1541.98321	1542.12929	
15.68209	1574.38935	1574.56624	1542.03704	1542.18165	
15.69222	1574.44355	1574.62732	1542.09017	1542.24274	
15.70243	1574.49757	1574.67968	1542.14312	1542.2951	
15.71258	1574.55062	1574.73204	1542.19512	1542.34746	
15.72272	1574.60307	1574.7844	1542.24652	1542.39982	
15.73295	1574.65532	1574.83676	1542.29774	1542.45218	
15.74302	1574.70619	1574.88912	1542.34761	1542.49581	
15.75319	1574.75696	1574.94148	1542.39737	1542.54817	
15.76339	1574.80726	1574.99384	1542.44667	1542.60053	
15.77353	1574.85668	1575.0462	1542.49511	1542.64417	
15.78367	1574.90549	1575.08984	1542.54296	1542.69653	
15.7938	1574.95365	1575.1422	1542.59017	1542.74889	
15.80393	1575.00119	1575.19456	1542.63677	1542.79252	
15.82454	1575.09488	1575.29055	1542.7286	1542.88851	
15.8297	1575.11836	1575.31673	1542.75161	1542.90597	
15.83981	1575.16373	1575.36036	1542.79608	1542.95833	
15.84996	1575.20865	1575.404	1542.84012	1543.00196	
15.86015	1575.25312	1575.45636	1542.88371	1543.04559	
15.87039	1575.29723	1575.49999	1542.92694	1543.08922	
15.8805	1575.34017	1575.54362	1542.96903	1543.13286	
15.89066	1575.38272	1575.57853	1543.01074	1543.16776	
15.90086	1575.42484	1575.63089	1543.05203	1543.2114	
15.91099	1575.46605	1575.6658	1543.09242	1543.25503	
15.92142	1575.50788	1575.70943	1543.13342	1543.29866	
15.93159	1575.54804	1575.75306	1543.17278	1543.33357	
15.94172	1575.58747	1575.78797	1543.21144	1543.3772	
15.95187	1575.62636	1575.8316	1543.24956	1543.41211	
15.96199	1575.66456	1575.87523	1543.28699	1543.45574	
15.97221	1575.7025	1575.91014	1543.32419	1543.49065	
15.98241	1575.73978	1575.94505	1543.36073	1543.52556	
15.99255	1575.77627	1575.97995	1543.3965	1543.56919	
16.0027	1575.81214	1576.02359	1543.43166	1543.6041	
16.0129	1575.84761	1576.05849	1543.46642	1543.639	
16.0281	1575.89896	1576.0934	1543.51676	1543.67391	
16.03317	1575.91604	1576.12831	1543.5335	1543.70882	
16.04341	1575.94985	1576.16321	1543.56664	1543.74372	
16.05349	1575.98254	1576.19812	1543.59869	1543.7699	
16.06363	1576.01483	1576.23303	1543.63033	1543.80481	
16.07383	1576.04671	1576.25921	1543.66158	1543.83099	
16.08398	1576.07785	1576.29411	1543.6921	1543.8659	
16.09415	1576.10844	1576.32902	1543.72209	1543.9008	
16.1043	1576.1384	1576.36393	1543.75146	1543.93571	
16.11441	1576.16763	1576.39883	1543.7801	1543.96189	
16.12465	1576.19665	1576.42501	1543.80855	1543.98807	
16.13481	1576.22482	1576.45119	1543.83617	1544.02298	
16.14493	1576.25232	1576.4861	1543.86312	1544.04916	
16.15508	1576.27929	1576.51228	1543.88956	1544.07534	
16.16528	1576.30583	1576.53846	1543.91557	1544.11024	
16.17555	1576.3321	1576.57337	1543.94132	1544.1277	
16.18549	1576.35662	1576.59955	1543.96535	1544.1626	
16.19571	1576.38139	1576.62573	1543.98964	1544.18878	
16.20584	1576.40538	1576.66063	1544.01315	1544.21496	
16.21598	1576.42883	1576.67809	1544.03613	1544.24114	
16.22607	1576.45158	1576.71299	1544.05843	1544.26732	
16.23638	1576.47418	1576.73045	1544.08059	1544.2935	
16.2465	1576.4958	1576.76535	1544.10178	1544.31968	
16.2566	1576.5168	1576.79153	1544.12236	1544.34586	
16.26672	1576.53728	1576.81771	1544.14244	1544.37204	
16.27826	1576.55984	1576.83517	1544.16455	1544.3895	
16.28702	1576.57656	1576.85262	1544.18094	1544.41568	
16.29715	1576.59531	1576.87007	1544.19931	1544.44186	
16.30728	1576.61349	1576.88753	1544.21714	1544.45931	
16.31742	1576.6311	1576.90498	1544.2344	1544.47676	
16.3276	1576.6482	1576.92243	1544.25116	1544.49421	
16.33785	1576.66484	1576.93116	1544.26748	1544.51167	
16.3479	1576.68059	1576.93989	1544.28291	1544.52039	
16.35804	1576.6959	1576.94861	1544.29792	1544.52912	
16.36819	1576.71066	1576.95734	1544.31238	1544.53785	
16.37831	1576.72482	1576.95734	1544.32626	1544.54657	
16.38848	1576.73847	1576.96607	1544.33964	1544.54657	
16.39863	1576.75152	1576.96607	1544.35244	1544.5553	
16.40904	1576.76432	1576.97479	1544.36498	1544.5553	
16.41892	1576.77595	1576.97479	1544.37638	1544.5553	
16.4291	1576.78736	1576.97479	1544.38756	1544.54657	
16.43956	1576.79849	1576.97479	1544.39848	1544.54657	
16.44941	1576.80845	1576.96607	1544.40823	1544.54657	
16.45959	1576.8182	1576.96607	1544.41779	1544.53785	
16.46975	1576.82737	1576.96607	1544.42679	1544.52912	
16.47985	1576.83597	1576.96607	1544.43521	1544.52912	
16.49005	1576.84409	1576.95734	1544.44317	1544.52912	
16.50021	1576.85165	1576.95734	1544.45059	1544.53785	
16.51041	1576.85871	1576.95734	1544.4575	1544.53785	
16.52056	1576.86521	1576.95734	1544.46388	1544.53785	
16.53068	1576.87119	1576.95734	1544.46973	1544.54657	
16.54091	1576.8767	1576.94861	1544.47514	1544.54657	
16.55106	1576.88168	1576.93989	1544.48001	1544.5553	
16.56114	1576.88614	1576.93989	1544.48439	1544.5553	
16.58075	1576.89258	1576.93989	1544.4907	1544.56403	
16.5853	1576.89416	1576.93989	1544.49225	1544.56403	
16.59548	1576.89712	1576.93989	1544.49516	1544.56403	
16.60564	1576.89968	1576.94861	1544.49766	1544.5553	
16.62967	1576.90289	1576.94861	1544.50081	1544.54657	
