33.40246	1092.11061	1092.09615	1069.32514	1069.3196	
33.41248	1092.11226	1092.09615	1069.32676	1069.3196	
33.42258	1092.11454	1092.09615	1069.32899	1069.3196	
33.43279	1092.11747	1092.09615	1069.33186	1069.3196	
33.44303	1092.12105	1092.09615	1069.33537	1069.32833	
33.45304	1092.12513	1092.09615	1069.33937	1069.32833	
33.46318	1092.1299	1092.10487	1069.34404	1069.32833	
33.47377	1092.13556	1092.10487	1069.34959	1069.32833	
33.49145	1092.14725	1092.10487	1069.36105	1069.32833	
33.49596	1092.15018	1092.1136	1069.36392	1069.32833	
33.5062	1092.15763	1092.1136	1069.37123	1069.32833	
33.51631	1092.1656	1092.12233	1069.37904	1069.32833	
33.52645	1092.17421	1092.12233	1069.38748	1069.32833	
33.53659	1092.18343	1092.12233	1069.39652	1069.32833	
33.54679	1092.19334	1092.12233	1069.40623	1069.32833	
33.55694	1092.20381	1092.13105	1069.4165	1069.32833	
33.56707	1092.21489	1092.13105	1069.42735	1069.32833	
33.57724	1092.22663	1092.13978	1069.43886	1069.32833	
33.58751	1092.23912	1092.13978	1069.4511	1069.32833	
33.59754	1092.25191	1092.13978	1069.46364	1069.32833	
33.60769	1092.26547	1092.14851	1069.47693	1069.32833	
33.62783	1092.29543	1092.14851	1069.5063	1069.32833	
33.6325	1092.30229	1092.14851	1069.51302	1069.32833	
33.64257	1092.31785	1092.15723	1069.52827	1069.32833	
33.65269	1092.33411	1092.15723	1069.54421	1069.33705	
33.66283	1092.35102	1092.15723	1069.56078	1069.33705	
33.67296	1092.36851	1092.15723	1069.57793	1069.34578	
33.68316	1092.38678	1092.16596	1069.59584	1069.34578	
33.69329	1092.40551	1092.17469	1069.61419	1069.35451	
33.70342	1092.42487	1092.18341	1069.63317	1069.36323	
33.71368	1092.44511	1092.19214	1069.65301	1069.37196	
33.72381	1092.46571	1092.19214	1069.67321	1069.38069	
33.73396	1092.48696	1092.20959	1069.69403	1069.39814	
33.74408	1092.50878	1092.22705	1069.71542	1069.41559	
33.75433	1092.53149	1092.23577	1069.73768	1069.42432	
33.76443	1092.55449	1092.25323	1069.76022	1069.44177	
33.77458	1092.57821	1092.26195	1069.78348	1069.45923	
33.78472	1092.60255	1092.28813	1069.80734	1069.47668	
33.79484	1092.62744	1092.30559	1069.83174	1069.49413	
33.8131	1092.67479	1092.34922	1069.87815	1069.53777	
33.81768	1092.68661	1092.36667	1069.88973	1069.54649	
33.82781	1092.71351	1092.39285	1069.9161	1069.57267	
33.83799	1092.74121	1092.41903	1069.94325	1069.59013	
33.84812	1092.76936	1092.45394	1069.97084	1069.61631	
33.85834	1092.79839	1092.48012	1069.99929	1069.64249	
33.86847	1092.82776	1092.51503	1070.02809	1069.67739	
33.87878	1092.85833	1092.54993	1070.05805	1069.70357	
33.88878	1092.88857	1092.59357	1070.08769	1069.72975	
33.89891	1092.91979	1092.62847	1070.11829	1069.76466	
33.90908	1092.95176	1092.66338	1070.14963	1069.79957	
33.91947	1092.98512	1092.70701	1070.18233	1069.83447	
33.92936	1093.0174	1092.75064	1070.21397	1069.86938	
33.93959	1093.05144	1092.78555	1070.24734	1069.90428	
33.94969	1093.08566	1092.82918	1070.28088	1069.93919	
33.96007	1093.12152	1092.87282	1070.31602	1069.9741	
33.97	1093.15634	1092.91645	1070.35016	1070.009	
33.98014	1093.19258	1092.96008	1070.38568	1070.04391	
33.99024	1093.22926	1093.00372	1070.42164	1070.08754	
34.0004	1093.26677	1093.04735	1070.45841	1070.13118	
34.01059	1093.30501	1093.09971	1070.49589	1070.16608	
34.02076	1093.3438	1093.13462	1070.53391	1070.20972	
34.03104	1093.38367	1093.18698	1070.57299	1070.25335	
34.04111	1093.42331	1093.23061	1070.61184	1070.28826	
34.05121	1093.46371	1093.27424	1070.65144	1070.33189	
34.06265	1093.51026	1093.3266	1070.69707	1070.37552	
34.0715	1093.54669	1093.37896	1070.73278	1070.41916	
34.08165	1093.58912	1093.4226	1070.77437	1070.46279	
34.09186	1093.63242	1093.47496	1070.81682	1070.4977	
34.10207	1093.67637	1093.51859	1070.85989	1070.55006	
34.11221	1093.72062	1093.57095	1070.90327	1070.59369	
34.12284	1093.76771	1093.62331	1070.94942	1070.63732	
34.13248	1093.8109	1093.67567	1070.99176	1070.68096	
34.14263	1093.85705	1093.72803	1071.037	1070.72459	
34.15279	1093.90384	1093.77166	1071.08286	1070.77695	
34.16285	1093.95081	1093.82402	1071.1289	1070.82931	
34.17302	1093.9989	1093.86766	1071.17604	1070.87294	
34.18317	1094.04752	1093.92002	1071.22369	1070.9253	
34.19331	1094.09671	1093.97238	1071.27191	1070.96894	
34.20351	1094.14678	1094.02474	1071.32098	1071.0213	
34.21369	1094.19744	1094.07709	1071.37064	1071.07366	
34.22414	1094.25007	1094.12945	1071.42223	1071.12602	
34.2345	1094.30286	1094.18181	1071.47398	1071.17838	
34.24447	1094.35427	1094.23417	1071.52437	1071.23073	
34.25461	1094.40719	1094.28653	1071.57624	1071.28309	
34.26481	1094.46102	1094.33889	1071.629	1071.33545	
34.2749	1094.5149	1094.39125	1071.68182	1071.39654	
34.28511	1094.57007	1094.44361	1071.73589	1071.4489	
34.29523	1094.62535	1094.5047	1071.79008	1071.50126	
34.3054	1094.68148	1094.56579	1071.8451	1071.56235	
34.31561	1094.73848	1094.61815	1071.90097	1071.61471	
34.32566	1094.79522	1094.67051	1071.95658	1071.66707	
34.33592	1094.85382	1094.73159	1072.01403	1071.71943	
34.34603	1094.91206	1094.79268	1072.07112	1071.78051	
34.35618	1094.97121	1094.84504	1072.12909	1071.8416	
34.36632	1095.03094	1094.91485	1072.18764	1071.89396	
34.37648	1095.09136	1094.97594	1072.24687	1071.95505	
34.38667	1095.15262	1095.03703	1072.30691	1072.01613	
34.39679	1095.21406	1095.09811	1072.36714	1072.07722	
34.40695	1095.27637	1095.1592	1072.42821	1072.13831	
34.41715	1095.33955	1095.22901	1072.49013	1072.19939	
34.42724	1095.40266	1095.2901	1072.552	1072.26048	
34.43742	1095.4669	1095.35119	1072.61497	1072.32157	
34.44759	1095.53175	1095.421	1072.67853	1072.38265	
34.45776	1095.59725	1095.48208	1072.74273	1072.45247	
34.46791	1095.66322	1095.54317	1072.80739	1072.51355	
34.4781	1095.73007	1095.61298	1072.87292	1072.57464	
34.48821	1095.79699	1095.6828	1072.93852	1072.64445	
34.49839	1095.865	1095.75261	1073.00518	1072.71426	
34.50849	1095.93306	1095.82242	1073.07189	1072.77535	
34.51865	1096.00218	1095.88351	1073.13965	1072.84516	
34.52885	1096.07216	1095.95332	1073.20824	1072.90625	
34.53898	1096.14231	1096.02314	1073.277	1072.97606	
34.54916	1096.21339	1096.09295	1073.34667	1073.04588	
34.55929	1096.28478	1096.16276	1073.41665	1073.11569	
34.56944	1096.35693	1096.2413	1073.48737	1073.1855	
34.57963	1096.42998	1096.31112	1073.55898	1073.25532	
34.5903	1096.50716	1096.38093	1073.63463	1073.33386	
34.60042	1096.58095	1096.45074	1073.70695	1073.40367	
34.61057	1096.6556	1096.52928	1073.78013	1073.47348	
34.62076	1096.73119	1096.60782	1073.85422	1073.55202	
34.63085	1096.80661	1096.67764	1073.92815	1073.62184	
34.64106	1096.88356	1096.75618	1074.00357	1073.69165	
34.6512	1096.96063	1096.83472	1074.07912	1073.76146	
34.66132	1097.0381	1096.90453	1074.15505	1073.84	
34.67146	1097.11633	1096.98307	1074.23174	1073.91854	
34.68169	1097.19596	1097.06161	1074.30979	1073.98836	
34.69184	1097.27561	1097.14015	1074.38786	1074.07562	
34.70195	1097.35544	1097.21869	1074.46611	1074.15416	
34.71216	1097.43677	1097.29723	1074.54583	1074.2327	
34.72235	1097.51852	1097.37577	1074.62596	1074.31997	
34.7324	1097.59977	1097.46303	1074.7056	1074.39851	
34.74283	1097.68482	1097.54157	1074.78897	1074.47705	
34.75275	1097.76621	1097.62011	1074.86874	1074.56431	
34.76286	1097.84975	1097.70738	1074.95063	1074.64285	
34.77299	1097.93408	1097.78592	1075.03329	1074.72139	
34.78311	1098.01902	1097.87319	1075.11655	1074.80866	
34.79325	1098.10468	1097.95173	1075.20051	1074.8872	
34.80355	1098.19238	1098.03899	1075.28647	1074.97447	
34.82143	1098.34689	1098.19607	1075.43793	1075.12282	
34.82594	1098.38578	1098.23098	1075.47605	1075.15773	
34.83612	1098.47441	1098.32697	1075.56292	1075.24499	
34.84622	1098.56298	1098.41424	1075.64974	1075.33226	
34.85641	1098.65305	1098.51023	1075.73802	1075.41953	
34.86685	1098.74581	1098.5975	1075.82895	1075.50679	
34.87674	1098.83432	1098.68476	1075.9157	1075.59406	
34.88691	1098.92597	1098.78076	1076.00554	1075.68132	
34.8971	1099.01842	1098.87675	1076.09616	1075.76859	
34.90722	1099.11085	1098.96402	1076.18676	1075.86458	
34.91737	1099.20416	1099.06001	1076.27822	1075.96058	
34.92748	1099.29775	1099.156	1076.36995	1076.04784	
34.93766	1099.39261	1099.252	1076.46294	1076.14384	
34.95572	1099.56326	1099.4178	1076.63021	1076.30964	
34.96026	1099.60603	1099.46144	1076.67214	1076.35328	
34.97049	1099.70342	1099.55743	1076.76759	1076.44927	
34.9806	1099.80018	1099.65342	1076.86244	1076.53654	
34.9908	1099.89847	1099.74941	1076.95878	1076.64126	
35.00089	1099.9963	1099.84541	1077.05467	1076.72852	
35.01103	1100.09522	1099.9414	1077.15164	1076.82452	
35.02116	1100.19466	1100.04612	1077.24911	1076.92051	
35.03131	1100.29492	1100.14211	1077.34739	1077.02523	
35.04148	1100.396	1100.23811	1077.44646	1077.12122	
35.05162	1100.49746	1100.34283	1077.54591	1077.21721	
35.062	1100.60361	1100.43882	1077.64996	1077.32193	
35.07197	1100.70283	1100.53481	1077.74721	1077.41793	
35.08215	1100.80642	1100.63953	1077.84876	1077.52265	
35.09226	1100.91011	1100.73553	1077.95039	1077.61864	
35.10243	1101.01484	1100.84025	1078.05305	1077.73209	
35.11251	1101.11938	1100.94497	1078.15551	1077.82808	
35.12277	1101.22633	1101.04096	1078.26035	1077.94153	
35.13285	1101.33202	1101.14568	1078.36395	1078.04625	
35.14299	1101.43902	1101.2504	1078.46882	1078.15097	
35.15316	1101.54686	1101.35512	1078.57453	1078.25569	
35.16329	1101.65495	1101.45984	1078.68048	1078.36913	
35.17343	1101.76388	1101.56456	1078.78725	1078.47385	
35.19144	1101.9594	1101.76527	1078.9789	1078.66584	
35.19606	1102.00959	1101.81763	1079.0281	1078.7182	
35.20619	1102.12024	1101.92235	1079.13656	1078.83164	
35.21637	1102.23218	1102.0358	1079.24628	1078.94509	
35.22651	1102.34417	1102.14924	1079.35605	1079.04981	
35.23662	1102.45643	1102.26269	1079.46608	1079.16326	
35.2468	1102.57013	1102.37614	1079.57753	1079.2767	
35.25703	1102.68508	1102.48958	1079.69021	1079.39015	
35.26714	1102.79927	1102.5943	1079.80214	1079.5036	
35.27763	1102.91842	1102.71647	1079.91893	1079.61704	
35.28744	1103.03037	1102.82992	1080.02866	1079.73049	
35.2976	1103.14697	1102.94337	1080.14296	1079.83521	
35.31561	1103.35606	1103.15281	1080.34791	1080.04465	
35.32012	1103.40841	1103.20517	1080.39922	1080.09701	
35.33042	1103.52851	1103.31861	1080.51694	1080.21045	
35.34047	1103.64653	1103.43206	1080.63262	1080.3239	
35.3506	1103.76601	1103.55423	1080.74974	1080.43735	
35.36077	1103.88651	1103.67641	1080.86785	1080.55079	
35.37126	1104.01165	1103.78985	1080.99051	1080.67297	
35.38108	1104.12919	1103.91203	1081.10573	1080.78641	
35.39121	1104.25069	1104.02547	1081.22482	1080.90859	
35.40136	1104.37254	1104.14764	1081.34426	1081.02203	
35.41151	1104.49429	1104.26982	1081.4636	1081.14421	
35.42163	1104.61568	1104.40072	1081.58259	1081.26638	
35.43182	1104.73801	1104.51416	1081.70249	1081.38855	
35.44194	1104.85943	1104.64506	1081.8215	1081.502	
35.45214	1104.98184	1104.77596	1081.94149	1081.62417	
35.46224	1105.10311	1104.89814	1082.06036	1081.74634	
35.47238	1105.22474	1105.02904	1082.17958	1081.85979	
35.48259	1105.34732	1105.15121	1082.29974	1081.98196	
35.49271	1105.46878	1105.28211	1082.41878	1082.10414	
35.50283	1105.59011	1105.40428	1082.53771	1082.22631	
35.51306	1105.71289	1105.52645	1082.65807	1082.34848	
35.52313	1105.83374	1105.65735	1082.77653	1082.47066	
35.53331	1105.95595	1105.77953	1082.89631	1082.59283	
35.5435	1106.07826	1105.91043	1083.0162	1082.715	
35.55369	1106.2005	1106.0326	1083.13602	1082.8459	
35.56392	1106.3232	1106.15477	1083.25629	1082.96807	
35.57396	1106.44368	1106.28567	1083.37438	1083.09897	
35.58411	1106.56553	1106.40785	1083.49382	1083.22115	
35.6044	1106.80912	1106.66092	1083.73258	1083.46549	
35.60899	1106.86404	1106.71328	1083.78642	1083.51785	
35.61907	1106.985	1106.83545	1083.90498	1083.64003	
35.62922	1107.10681	1106.95762	1084.02438	1083.77093	
35.6394	1107.22901	1107.0798	1084.14416	1083.8931	
35.64958	1107.35112	1107.20197	1084.26385	1084.024	
35.65976	1107.47336	1107.32414	1084.38368	1084.14617	
35.66986	1107.59447	1107.44632	1084.50238	1084.26834	
35.67999	1107.71604	1107.56849	1084.62155	1084.39052	
35.69017	1107.83826	1107.69066	1084.74135	1084.51269	
35.70034	1107.96022	1107.82156	1084.86089	1084.63486	
35.71046	1108.08173	1107.94374	1084.97999	1084.75704	
35.72059	1108.20324	1108.06591	1085.0991	1084.87921	
35.7308	1108.32584	1108.18808	1085.21928	1085.01011	
35.74092	1108.44716	1108.31898	1085.33819	1085.12356	
35.75106	1108.5689	1108.44115	1085.45752	1085.24573	
35.76123	1108.69098	1108.56333	1085.57718	1085.3679	
35.77135	1108.81243	1108.6855	1085.69623	1085.49007	
35.78147	1108.93387	1108.80767	1085.81526	1085.61225	
35.79161	1109.05549	1108.93857	1085.93448	1085.73442	
35.8018	1109.17787	1109.05202	1086.05443	1085.84787	
35.8121	1109.30137	1109.18292	1086.17549	1085.97004	
35.82218	1109.42239	1109.30509	1086.29411	1086.09221	
35.83232	1109.54407	1109.42727	1086.41338	1086.20566	
35.84253	1109.66652	1109.54944	1086.5334	1086.32783	
35.85259	1109.78722	1109.68034	1086.65171	1086.45001	
35.86272	1109.9088	1109.79378	1086.77089	1086.56345	
35.87295	1110.03157	1109.91596	1086.89123	1086.68563	
35.88309	1110.15334	1110.03813	1087.01058	1086.79907	
35.8932	1110.27461	1110.16903	1087.12945	1086.92124	
35.90333	1110.39612	1110.28248	1087.24856	1087.04342	
35.91356	1110.51889	1110.40465	1087.3689	1087.16559	
35.92364	1110.63989	1110.52682	1087.4875	1087.27904	
35.93381	1110.76195	1110.649	1087.60715	1087.40121	
35.94399	1110.88411	1110.77117	1087.72689	1087.51466	
35.95413	1111.00577	1110.90207	1087.84613	1087.63683	
35.96428	1111.1275	1111.02424	1087.96545	1087.759	
35.97476	1111.25345	1111.14641	1088.08891	1087.87245	
35.98458	1111.37117	1111.26859	1088.2043	1087.99462	
35.9947	1111.49258	1111.39076	1088.32331	1088.10807	
36.00482	1111.61401	1111.51293	1088.44233	1088.23024	
36.01505	1111.73688	1111.63511	1088.56277	1088.34369	
36.02518	1111.85836	1111.75728	1088.68184	1088.46586	
36.03535	1111.98036	1111.87945	1088.80143	1088.57931	
36.04544	1112.10144	1112.00163	1088.92011	1088.70148	
36.05564	1112.22388	1112.1238	1089.04012	1088.81493	
36.06704	1112.36069	1112.24597	1089.17422	1088.9371	
36.07604	1112.46862	1112.36815	1089.28001	1089.05055	
36.08612	1112.58962	1112.49905	1089.39863	1089.17272	
36.09631	1112.71193	1112.61249	1089.51851	1089.29489	
36.1065	1112.83417	1112.74339	1089.63833	1089.40834	
36.11659	1112.95524	1112.85684	1089.757	1089.53051	
36.12676	1113.07732	1112.97901	1089.87666	1089.64396	
36.13691	1113.19912	1113.10118	1089.99605	1089.76613	
36.14709	1113.32124	1113.22336	1090.11575	1089.8883	
36.15724	1113.44305	1113.3368	1090.23515	1090.00175	
36.16737	1113.56462	1113.45025	1090.35432	1090.1152	
36.1775	1113.6862	1113.57242	1090.47348	1090.23737	
36.18769	1113.8085	1113.6946	1090.59337	1090.35954	
36.19781	1113.92999	1113.81677	1090.71245	1090.48172	
36.20796	1114.05211	1113.93894	1090.83215	1090.60389	
36.2182	1114.17462	1114.06111	1090.95224	1090.72606	
36.22828	1114.29548	1114.17456	1091.07071	1090.83951	
36.23843	1114.4173	1114.29673	1091.19011	1090.96168	
36.24855	1114.53875	1114.41891	1091.30915	1091.08386	
36.25875	1114.66123	1114.53235	1091.42921	1091.1973	
36.2689	1114.78297	1114.66325	1091.54854	1091.31947	
36.27903	1114.90454	1114.7767	1091.66771	1091.44165	
36.28922	1115.02679	1114.89887	1091.78753	1091.56382	
36.29934	1115.14828	1115.02105	1091.90661	1091.67727	
36.30946	1115.26967	1115.14322	1092.0256	1091.79944	
36.31968	1115.39246	1115.26539	1092.14596	1091.91289	
36.32984	1115.51431	1115.38757	1092.2654	1092.03506	
36.34003	1115.6366	1115.50974	1092.38527	1092.15723	
36.35011	1115.75754	1115.63191	1092.50381	1092.27068	
36.36023	1115.87898	1115.75408	1092.62285	1092.39285	
36.37051	1116.00228	1115.87626	1092.7437	1092.5063	
36.38071	1116.1248	1115.99843	1092.8638	1092.62847	
36.39077	1116.24541	1116.1206	1092.98202	1092.75064	
36.40085	1116.36643	1116.24278	1093.10065	1092.86409	
36.4113	1116.49181	1116.36495	1093.22354	1092.97754	
36.42113	1116.6097	1116.48712	1093.33909	1093.09971	
36.43131	1116.73195	1116.6093	1093.45893	1093.22188	
36.44147	1116.85381	1116.73147	1093.57837	1093.34406	
36.45159	1116.97535	1116.85364	1093.6975	1093.4575	
36.46172	1117.09682	1116.97581	1093.81657	1093.57968	
36.47191	1117.21915	1117.09799	1093.93648	1093.69312	
36.48989	1117.43491	1117.22016	1094.14797	1093.90256	
36.49443	1117.48937	1117.37724	1094.20134	1093.95492	
36.50456	1117.61094	1117.49941	1094.32051	1094.07709	
36.51475	1117.73317	1117.62159	1094.44032	1094.19927	
36.52489	1117.85484	1117.74376	1094.55958	1094.31271	
36.53508	1117.97718	1117.86593	1094.6795	1094.43489	
36.5453	1118.09983	1117.98811	1094.79972	1094.54833	
36.55542	1118.2212	1118.11028	1094.91869	1094.67051	
36.56552	1118.34242	1118.23245	1095.03751	1094.79268	
36.57571	1118.46473	1118.35462	1095.15739	1094.91485	
36.58587	1118.5866	1118.4768	1095.27685	1095.03703	
36.59612	1118.7097	1118.6077	1095.39751	1095.1592	
36.60618	1118.83037	1118.72114	1095.51579	1095.28137	
36.61631	1118.95193	1118.85204	1095.63494	1095.40355	
36.62654	1119.07468	1118.96549	1095.75526	1095.52572	
36.63669	1119.19644	1119.08766	1095.87461	1095.64789	
36.64682	1119.31807	1119.20984	1095.99384	1095.77006	
36.65699	1119.44008	1119.33201	1096.11342	1095.88351	
36.66716	1119.5621	1119.45418	1096.23304	1096.00568	
36.67726	1119.68327	1119.56763	1096.3518	1096.12786	
36.68748	1119.80597	1119.68108	1096.47207	1096.25003	
36.69762	1119.92767	1119.80325	1096.59137	1096.36348	
36.70777	1120.0495	1119.92542	1096.71078	1096.48565	
36.71791	1120.17114	1120.04759	1096.83001	1096.60782	
36.72802	1120.29284	1120.16104	1096.94931	1096.73	
36.73826	1120.41542	1120.28321	1097.06946	1096.85217	
36.74836	1120.53647	1120.40539	1097.18811	1096.97434	
36.75852	1120.6585	1120.52756	1097.30772	1097.09651	
36.76865	1120.77997	1120.64973	1097.42679	1097.21869	
36.77884	1120.90229	1120.77191	1097.54668	1097.34086	
36.78895	1121.02355	1120.88535	1097.66554	1097.45431	
36.79911	1121.14544	1121.01625	1097.78502	1097.57648	
36.80944	1121.26949	1121.13842	1097.90661	1097.69865	
36.81959	1121.39124	1121.2606	1098.02595	1097.8121	
36.82967	1121.51232	1121.37404	1098.14463	1097.93427	
36.83985	1121.63436	1121.50494	1098.26426	1098.05645	
36.85	1121.75617	1121.61839	1098.38366	1098.16989	
36.86019	1121.87852	1121.74056	1098.50359	1098.29207	
36.87059	1122.00329	1121.87146	1098.62588	1098.40551	
36.88091	1122.12724	1121.99364	1098.74737	1098.52768	
36.89086	1122.24646	1122.10708	1098.86423	1098.64986	
36.90097	1122.36787	1122.23798	1098.98324	1098.77203	
36.91113	1122.4897	1122.36016	1099.10266	1098.88548	
36.92128	1122.61156	1122.48233	1099.2221	1099.00765	
36.9314	1122.73307	1122.59577	1099.34121	1099.1211	
36.94156	1122.85488	1122.72667	1099.46061	1099.24327	
36.95173	1122.97692	1122.84012	1099.58023	1099.36544	
36.96188	1123.09876	1122.96229	1099.69966	1099.48762	
36.97214	1123.22186	1123.08447	1099.82033	1099.60979	
36.98224	1123.34306	1123.21537	1099.93913	1099.72324	
36.99231	1123.46398	1123.32881	1100.05764	1099.84541	
37.00255	1123.58677	1123.45971	1100.17801	1099.96758	
37.01262	1123.70762	1123.58189	1100.29647	1100.08103	
37.02275	1123.82914	1123.70406	1100.41557	1100.2032	
37.03293	1123.95142	1123.82623	1100.53543	1100.32537	
37.04308	1124.07313	1123.94841	1100.65474	1100.43882	
37.05325	1124.19526	1124.07058	1100.77444	1100.55227	
37.06337	1124.31661	1124.20148	1100.8934	1100.67444	
37.07361	1124.43949	1124.32365	1101.01384	1100.79661	
37.0837	1124.56058	1124.44582	1101.13254	1100.91006	
37.09412	1124.68564	1124.568	1101.25511	1101.03223	
37.10425	1124.80714	1124.69017	1101.37421	1101.14568	
37.11437	1124.92864	1124.81234	1101.4933	1101.26785	
37.12451	1125.05034	1124.93452	1101.61259	1101.39002	
37.13471	1125.17273	1125.06542	1101.73256	1101.5122	
37.14483	1125.29418	1125.18759	1101.85161	1101.62564	
37.15505	1125.41693	1125.30976	1101.97192	1101.74782	
37.16518	1125.53842	1125.42321	1102.09101	1101.86999	
37.17529	1125.65965	1125.54538	1102.20984	1101.98344	
37.18551	1125.78229	1125.66755	1102.33005	1102.10561	
37.1956	1125.90342	1125.78973	1102.44878	1102.22778	
37.2058	1126.02583	1125.9119	1102.56877	1102.34123	
37.21603	1126.14856	1126.02535	1102.68906	1102.4634	
37.22608	1126.26914	1126.14752	1102.80726	1102.57685	
37.23624	1126.3911	1126.26097	1102.9268	1102.69902	
37.24638	1126.51276	1126.38314	1103.04605	1102.82119	
37.25656	1126.63492	1126.50531	1103.16579	1102.94337	
37.26681	1126.75787	1126.62749	1103.28631	1103.06554	
37.27688	1126.87876	1126.74966	1103.4048	1103.18771	
37.28703	1127.00057	1126.87183	1103.5242	1103.30989	
37.29719	1127.12254	1126.994	1103.64376	1103.42333	
37.30738	1127.24471	1127.11618	1103.76351	1103.54551	
37.31751	1127.36628	1127.23835	1103.88267	1103.66768	
37.32764	1127.48791	1127.36052	1104.0019	1103.78985	
37.33781	1127.60996	1127.47397	1104.12153	1103.9033	
37.34798	1127.73196	1127.59614	1104.24111	1104.02547	
37.35813	1127.85372	1127.71832	1104.36046	1104.14764	
37.36829	1127.97572	1127.84049	1104.48005	1104.26109	
37.37848	1128.09799	1127.96266	1104.5999	1104.38326	
37.38863	1128.21974	1128.08484	1104.71924	1104.49671	
37.39877	1128.34141	1128.20701	1104.8385	1104.61888	
37.40888	1128.46274	1128.32918	1104.95743	1104.74106	
37.41944	1128.58958	1128.45135	1105.08175	1104.8545	
37.4292	1128.70656	1128.57353	1105.19641	1104.97668	
37.43957	1128.83101	1128.70443	1105.3184	1105.09012	
37.44969	1128.95255	1128.8266	1105.43753	1105.2123	
37.46002	1129.0765	1128.94877	1105.55902	1105.33447	
37.47	1129.19626	1129.07095	1105.67641	1105.45664	
37.48079	1129.3257	1129.19312	1105.80329	1105.57881	
37.49097	1129.44785	1129.31529	1105.92302	1105.70099	
37.50101	1129.56829	1129.43747	1106.04108	1105.81443	
37.51143	1129.69334	1129.56837	1106.16366	1105.92788	
37.52137	1129.81271	1129.68181	1106.28066	1106.05005	
37.53147	1129.9339	1129.81271	1106.39945	1106.17223	
37.54164	1130.05588	1129.93488	1106.51901	1106.2944	
37.55174	1130.17708	1130.05706	1106.63781	1106.40785	
37.56192	1130.29931	1130.17923	1106.75762	1106.53002	
37.58011	1130.51758	1130.3974	1106.97157	1106.73946	
37.58463	1130.57182	1130.44976	1107.02473	1106.79182	
37.6042	1130.80661	1130.6941	1107.25488	1107.02744	
37.60873	1130.86092	1130.74646	1107.30811	1107.0798	
37.61891	1130.98314	1130.86864	1107.42791	1107.19324	
37.62903	1131.10456	1130.99081	1107.54693	1107.31542	
37.63921	1131.22668	1131.11298	1107.66663	1107.42886	
37.64938	1131.34874	1131.23515	1107.78628	1107.55104	
37.65956	1131.47087	1131.35733	1107.90598	1107.67321	
37.66989	1131.59612	1131.4795	1108.02876	1107.79538	
37.67984	1131.71434	1131.60167	1108.14463	1107.91756	
37.69	1131.83622	1131.72385	1108.2641	1108.03973	
37.70019	1131.9585	1131.84602	1108.38396	1108.1619	
37.71028	1132.07951	1131.95947	1108.50257	1108.28408	
37.72037	1132.20077	1132.07291	1108.62143	1108.40625	
37.73061	1132.32353	1132.19509	1108.74176	1108.52842	
37.74075	1132.44524	1132.31726	1108.86106	1108.65059	
37.75086	1132.56653	1132.43943	1108.97995	1108.76404	
37.76098	1132.68798	1132.55288	1109.09899	1108.88621	
37.77143	1132.81337	1132.67505	1109.2219	1108.99966	
37.78144	1132.93352	1132.7885	1109.33968	1109.12183	
37.79145	1133.0536	1132.91067	1109.45737	1109.24401	
37.80332	1133.19614	1133.05902	1109.5971	1109.38363	
37.81354	1133.31872	1133.17247	1109.71725	1109.51453	
37.82366	1133.44012	1133.29464	1109.83624	1109.62798	
37.83417	1133.56628	1133.42554	1109.95991	1109.75888	
37.84439	1133.68895	1133.54772	1110.08014	1109.88105	
37.85438	1133.80877	1133.66116	1110.19759	1109.9945	
37.86453	1133.93058	1133.78334	1110.31699	1110.11667	
37.8748	1134.0538	1133.90551	1110.43776	1110.23884	
37.88508	1134.17724	1134.02768	1110.55876	1110.36102	
37.89507	1134.29704	1134.14985	1110.67619	1110.47446	
37.90524	1134.41905	1134.27203	1110.79579	1110.58791	
37.91537	1134.54058	1134.3942	1110.91491	1110.71008	
37.92548	1134.66192	1134.51637	1111.03385	1110.83226	
37.93569	1134.78448	1134.63855	1111.15398	1110.95443	
37.94581	1134.90587	1134.76072	1111.27296	1111.06788	
37.95611	1135.02961	1134.88289	1111.39426	1111.19005	
37.96617	1135.15031	1135.00507	1111.51256	1111.30349	
37.97627	1135.27144	1135.12724	1111.63129	1111.42567	
37.98649	1135.39411	1135.24941	1111.75154	1111.54784	
37.9966	1135.51546	1135.37159	1111.87048	1111.67001	
38.00674	1135.63702	1135.49376	1111.98963	1111.79219	
38.01691	1135.75903	1135.61593	1112.10923	1111.90563	
38.02708	1135.88113	1135.74683	1112.22892	1112.02781	
38.03723	1136.00292	1135.869	1112.34829	1112.14998	
38.04736	1136.12448	1135.99118	1112.46744	1112.26343	
38.05759	1136.24722	1136.11335	1112.58775	1112.3856	
38.06769	1136.36846	1136.24425	1112.7066	1112.50777	
38.07785	1136.49042	1136.36642	1112.82614	1112.62994	
38.08799	1136.61204	1136.4886	1112.94535	1112.74339	
38.0982	1136.73467	1136.61077	1113.06555	1112.86556	
38.10834	1136.85629	1136.73294	1113.18476	1112.97901	
38.11846	1136.97774	1136.85511	1113.30381	1113.10118	
38.1286	1137.09936	1136.97729	1113.42302	1113.21463	
38.13882	1137.22201	1137.10819	1113.54324	1113.3368	
38.14893	1137.34337	1137.23036	1113.6622	1113.45025	
38.15909	1137.46523	1137.35253	1113.78164	1113.57242	
38.16926	1137.58735	1137.48343	1113.90135	1113.68587	
38.17935	1137.70842	1137.60561	1114.02002	1113.80804	
38.18949	1137.83238	1137.72778	1114.14152	1113.92149	
38.19972	1137.95288	1137.84995	1114.25964	1114.04366	
38.20986	1138.07458	1137.97213	1114.37892	1114.16583	
38.22004	1138.19669	1138.0943	1114.49862	1114.28801	
38.23012	1138.31771	1138.20775	1114.61724	1114.40145	
38.24029	1138.4397	1138.32992	1114.73682	1114.5149	
38.25042	1138.5612	1138.44336	1114.85591	1114.63707	
38.2606	1138.68334	1138.56554	1114.97563	1114.75925	
38.27076	1138.80533	1138.68771	1115.09521	1114.88142	
38.28093	1138.92734	1138.80116	1115.21481	1114.99487	
38.29105	1139.04878	1138.92333	1115.33384	1115.10831	
38.30118	1139.17034	1139.03678	1115.45299	1115.23049	
38.31136	1139.29249	1139.15895	1115.57272	1115.35266	
38.32163	1139.41582	1139.28112	1115.69361	1115.47483	
38.33165	1139.53597	1139.4033	1115.81138	1115.597	
38.34177	1139.65746	1139.52547	1115.93046	1115.71918	
38.35195	1139.77966	1139.64764	1116.05024	1115.83262	
38.36216	1139.90214	1139.76981	1116.1703	1115.9548	
38.37234	1140.02435	1139.89199	1116.29009	1116.07697	
38.38261	1140.14758	1140.01416	1116.41088	1116.19042	
38.39257	1140.26708	1140.13633	1116.52802	1116.31259	
38.40295	1140.39166	1140.25851	1116.65012	1116.43476	
38.41291	1140.51113	1140.38068	1116.76723	1116.54821	
38.423	1140.6322	1140.50285	1116.8859	1116.66166	
38.43318	1140.75343	1140.62503	1117.00473	1116.78383	
38.44335	1140.87389	1140.7472	1117.12281	1116.89727	
38.45353	1140.99389	1140.86937	1117.24043	1117.01945	
38.46367	1141.11286	1140.99155	1117.35705	1117.13289	
38.47383	1141.2313	1141.11372	1117.47314	1117.25507	
38.48401	1141.34949	1141.23589	1117.58899	1117.37724	
38.49411	1141.46608	1141.35806	1117.70327	1117.49069	
38.50424	1141.58279	1141.48024	1117.81767	1117.60413	
38.51446	1141.69923	1141.60241	1117.93181	1117.72631	
38.52457	1141.81417	1141.72458	1118.04447	1117.84848	
38.53474	1141.92912	1141.84676	1118.15714	1117.96193	
38.54488	1142.04315	1141.96893	1118.26891	1118.07537	
38.55503	1142.1566	1142.0911	1118.38012	1118.19755	
38.5652	1142.26969	1142.20455	1118.49097	1118.31099	
38.57536	1142.3821	1142.32672	1118.60115	1118.42444	
38.58555	1142.49415	1142.44017	1118.71098	1118.53788	
38.59628	1142.61152	1142.56234	1118.82603	1118.66006	
38.60631	1142.72065	1142.68451	1118.933	1118.7735	
38.61645	1142.83033	1142.79796	1119.0405	1118.87822	
38.62665	1142.94011	1142.91141	1119.14811	1119.0004	
38.63678	1143.04844	1143.02485	1119.25429	1119.10512	
38.64692	1143.15625	1143.1383	1119.35997	1119.21856	
38.65704	1143.2633	1143.26047	1119.46491	1119.32328	
38.66725	1143.37067	1143.36519	1119.57014	1119.43673	
38.67735	1143.47615	1143.47864	1119.67354	1119.54145	
38.68755	1143.58228	1143.59209	1119.77757	1119.64617	
38.69772	1143.68729	1143.69681	1119.88049	1119.75089	
38.70783	1143.79112	1143.81025	1119.98227	1119.85561	
38.71804	1143.89544	1143.91497	1120.08453	1119.96033	
38.72825	1143.99948	1144.02842	1120.18651	1120.06505	
38.73836	1144.10112	1144.13314	1120.28613	1120.16977	
38.74849	1144.20272	1144.22913	1120.38572	1120.27449	
38.75866	1144.3041	1144.33385	1120.48509	1120.37921	
38.76877	1144.4043	1144.42984	1120.58331	1120.48393	
38.779	1144.50503	1144.53456	1120.68205	1120.57992	
38.78907	1144.60366	1144.63056	1120.77872	1120.67591	
38.79924	1144.70262	1144.72655	1120.87572	1120.78063	
38.80959	1144.80272	1144.83127	1120.97384	1120.87663	
38.81951	1144.90154	1144.91854	1121.0707	1120.97262	
38.82985	1144.99673	1145.02326	1121.164	1121.06861	
38.84002	1145.09317	1145.11052	1121.25853	1121.1646	
38.85018	1145.1889	1145.21524	1121.35237	1121.2606	
38.86849	1145.35915	1145.38105	1121.51925	1121.4264	
38.87307	1145.40173	1145.42468	1121.56098	1121.47876	
38.88331	1145.49624	1145.52067	1121.65363	1121.56603	
38.89338	1145.58855	1145.61667	1121.74411	1121.66202	
38.90358	1145.68149	1145.70393	1121.8352	1121.75802	
38.91372	1145.77327	1145.79993	1121.92517	1121.84528	
38.92382	1145.86402	1145.88719	1122.01412	1121.94128	
38.94217	1146.02654	1146.053	1122.17343	1122.09836	
38.94684	1146.06789	1146.08791	1122.21395	1122.14199	
38.95689	1146.1563	1146.1839	1122.30062	1122.22926	
38.96702	1146.24475	1146.26244	1122.38731	1122.31652	
38.97715	1146.33262	1146.35843	1122.47344	1122.40379	
38.98736	1146.42052	1146.43697	1122.55961	1122.49106	
38.99747	1146.50693	1146.53297	1122.6443	1122.56959	
39.0076	1146.59297	1146.61151	1122.72863	1122.64813	
39.01781	1146.67903	1146.69877	1122.81299	1122.7354	
39.02791	1146.76362	1146.78604	1122.89591	1122.82267	
39.03813	1146.84851	1146.8733	1122.97911	1122.90993	
39.04826	1146.93208	1146.96057	1123.06103	1122.98847	
39.0584	1147.01514	1147.04784	1123.14245	1123.06701	
39.06854	1147.09759	1147.12638	1123.22327	1123.15428	
39.07868	1147.17942	1147.20492	1123.30348	1123.23282	
39.08886	1147.2609	1147.29218	1123.38335	1123.31136	
39.09909	1147.34221	1147.37072	1123.46304	1123.39863	
39.10914	1147.42147	1147.44926	1123.54073	1123.46844	
39.11928	1147.50085	1147.5278	1123.61854	1123.54698	
39.12948	1147.58167	1147.60634	1123.69776	1123.62552	
39.13966	1147.65863	1147.69361	1123.77319	1123.70406	
39.14979	1147.73604	1147.76342	1123.84908	1123.7826	
39.15993	1147.81303	1147.84196	1123.92454	1123.85241	
39.17013	1147.88974	1147.9205	1123.99973	1123.93095	
39.18841	1148.02498	1148.06013	1124.13229	1124.06185	
39.19297	1148.05868	1148.09504	1124.16533	1124.09676	
39.20313	1148.1332	1148.16485	1124.23836	1124.1753	
39.21327	1148.20691	1148.24339	1124.31062	1124.24511	
39.22352	1148.28084	1148.32193	1124.38308	1124.32365	
39.24999	1148.46633	1148.45283	1124.56491	1124.51564	
39.2546	1148.49874	1148.54882	1124.59667	1124.54182	
39.26477	1148.56959	1148.61863	1124.66612	1124.61163	
39.27498	1148.64015	1148.68845	1124.73528	1124.69017	
39.28501	1148.70882	1148.75826	1124.80259	1124.75998	
39.29522	1148.77811	1148.82807	1124.8705	1124.8298	
39.3054	1148.84656	1148.89789	1124.9376	1124.89088	
39.31553	1148.91408	1148.9677	1125.00378	1124.9607	
39.32567	1148.98111	1149.03751	1125.06948	1125.02178	
39.3358	1149.0474	1149.10733	1125.13446	1125.0916	
39.346	1149.11361	1149.17714	1125.19937	1125.16141	
39.35621	1149.17925	1149.23823	1125.2637	1125.2225	
39.36632	1149.24358	1149.29931	1125.32676	1125.28358	
39.37645	1149.30749	1149.36913	1125.3894	1125.34467	
39.38686	1149.37251	1149.43021	1125.45313	1125.40575	
39.39679	1149.43393	1149.4913	1125.51334	1125.46684	
39.40693	1149.49604	1149.56111	1125.57422	1125.52793	
39.41709	1149.55767	1149.61347	1125.63464	1125.58901	
39.42725	1149.6187	1149.67456	1125.69446	1125.6501	
39.43737	1149.67892	1149.73564	1125.75348	1125.70246	
39.44755	1149.73884	1149.79673	1125.81221	1125.76355	
39.45779	1149.79853	1149.85782	1125.87072	1125.82463	
39.46789	1149.85677	1149.9189	1125.92781	1125.87699	
39.47802	1149.91458	1149.97126	1125.98447	1125.92935	
39.4882	1149.97209	1150.03235	1126.04085	1125.99044	
39.4983	1150.02853	1150.08471	1126.09617	1126.0428	
39.50849	1150.08488	1150.13707	1126.1514	1126.10389	
39.51864	1150.14039	1150.19816	1126.20581	1126.15625	
39.52878	1150.19525	1150.25052	1126.25958	1126.20861	
39.53902	1150.25002	1150.30288	1126.31327	1126.26097	
39.54905	1150.30306	1150.34651	1126.36526	1126.31333	
39.56745	1150.39799	1150.39887	1126.45831	1126.40932	
39.57211	1150.42207	1150.46868	1126.48192	1126.4355	
39.5822	1150.47348	1150.51232	1126.53231	1126.47913	
39.60267	1150.57474	1150.55595	1126.63157	1126.58385	
39.60723	1150.59734	1150.62576	1126.65371	1126.61003	
39.61736	1150.64684	1150.67812	1126.70224	1126.66239	
39.62751	1150.69591	1150.72176	1126.75033	1126.70603	
39.63769	1150.74442	1150.76539	1126.79788	1126.75839	
39.64779	1150.79198	1150.80902	1126.8445	1126.80202	
39.658	1150.83949	1150.85266	1126.89106	1126.84565	
39.66818	1150.88622	1150.89629	1126.93687	1126.89801	
39.67827	1150.93194	1150.93992	1126.98169	1126.94164	
39.68848	1150.97762	1150.98356	1127.02646	1126.98528	
39.69868	1151.02263	1151.02719	1127.07059	1127.02891	
39.70877	1151.06656	1151.07082	1127.11364	1127.08127	
39.71897	1151.11033	1151.11445	1127.15655	1127.1249	
39.7291	1151.15324	1151.14936	1127.19861	1127.16854	
39.73931	1151.19584	1151.19299	1127.24037	1127.21217	
39.7494	1151.23739	1151.23663	1127.28109	1127.2558	
39.75966	1151.27987	1151.27153	1127.32273	1127.29944	
39.76999	1151.32032	1151.31517	1127.36238	1127.34307	
39.77986	1151.35917	1151.3588	1127.40046	1127.3867	
39.78997	1151.39838	1151.39371	1127.4389	1127.43034	
39.80015	1151.43726	1151.42861	1127.47701	1127.46524	
39.8104	1151.47582	1151.47225	1127.5148	1127.50888	
39.82051	1151.51324	1151.51588	1127.55148	1127.55251	
39.83061	1151.55001	1151.55079	1127.58752	1127.58742	
39.8408	1151.58655	1151.59442	1127.62333	1127.62232	
39.85099	1151.62243	1151.62933	1127.6585	1127.65723	
39.86133	1151.65827	1151.66423	1127.69363	1127.69214	
39.87159	1151.6932	1151.69914	1127.72787	1127.71832	
39.88138	1151.72598	1151.73405	1127.76	1127.75322	
39.89156	1151.75944	1151.76895	1127.7928	1127.7794	
39.90169	1151.79216	1151.80386	1127.82488	1127.81431	
39.9118	1151.82423	1151.83877	1127.85631	1127.84922	
39.92195	1151.85584	1151.87367	1127.88729	1127.88412	
39.93218	1151.88706	1151.90858	1127.91789	1127.91903	
39.94227	1151.9173	1151.94349	1127.94754	1127.95394	
39.95242	1151.9472	1151.97839	1127.97684	1127.98884	
39.96254	1151.97623	1152.00457	1128.0053	1128.01502	
39.97291	1152.00545	1152.03948	1128.03394	1128.0412	
39.98352	1152.03471	1152.07439	1128.06262	1128.07611	
39.99299	1152.0603	1152.10057	1128.0877	1128.10229	
40.00317	1152.08724	1152.12675	1128.11411	1128.12847	
40.01327	1152.11334	1152.15293	1128.1397	1128.16338	
40.02342	1152.13902	1152.17911	1128.16487	1128.18083	
40.03377	1152.16455	1152.21401	1128.18989	1128.21574	
40.04375	1152.18862	1152.23147	1128.21349	1128.23319	
40.0539	1152.21253	1152.25765	1128.23692	1128.25937	
40.06403	1152.23577	1152.28383	1128.2597	1128.28555	
40.07457	1152.25973	1152.30128	1128.28318	1128.303	
40.0845	1152.28098	1152.33619	1128.30402	1128.32045	
40.09458	1152.30239	1152.35364	1128.325	1128.34663	
40.1047	1152.32326	1152.37109	1128.34546	1128.37281	
40.11486	1152.34365	1152.406	1128.36545	1128.39027	
40.12498	1152.36338	1152.42345	1128.38478	1128.40772	
40.13515	1152.38262	1152.44091	1128.40364	1128.41645	
40.14532	1152.40127	1152.45836	1128.42192	1128.4339	
40.15549	1152.41934	1152.47581	1128.43964	1128.44263	
40.16561	1152.43675	1152.49326	1128.4567	1128.46008	
40.17575	1152.45363	1152.51072	1128.47324	1128.47753	
40.19411	1152.48186	1152.52817	1128.50092	1128.49499	
40.19869	1152.48896	1152.54562	1128.50788	1128.49499	
40.20883	1152.50397	1152.56308	1128.52259	1128.50371	
40.21973	1152.51942	1152.5718	1128.53773	1128.51244	
40.2291	1152.53224	1152.58053	1128.5503	1128.51244	
40.23962	1152.54601	1152.59798	1128.5638	1128.52117	
40.24973	1152.55869	1152.60671	1128.57622	1128.52989	
40.25989	1152.57087	1152.61544	1128.58817	1128.52989	
40.27002	1152.58246	1152.61544	1128.59952	1128.53862	
40.28014	1152.59349	1152.63289	1128.61033	1128.53862	
40.29077	1152.60444	1152.63289	1128.62107	1128.54735	
40.30844	1152.62065	1152.65034	1128.63696	1128.54735	
40.31299	1152.62488	1152.65034	1128.6411	1128.54735	
40.32316	1152.63363	1152.65034	1128.64969	1128.54735	
40.33331	1152.64184	1152.65034	1128.65773	1128.54735	
40.34345	1152.6495	1152.65034	1128.66524	1128.54735	
40.35368	1152.6567	1152.65034	1128.67229	1128.54735	
40.36376	1152.66328	1152.65034	1128.67875	1128.54735	
40.37388	1152.66938	1152.65034	1128.68472	1128.54735	
40.38417	1152.67506	1152.65034	1128.69029	1128.54735	
40.3944	1152.6802	1152.65034	1128.69532	1128.54735	
40.40459	1152.68482	1152.65034	1128.69986	1128.54735	
40.41472	1152.68894	1152.65034	1128.7039	1128.54735	
40.42483	1152.6926	1152.65034	1128.70748	1128.54735	
40.43505	1152.69583	1152.65034	1128.71065	1128.54735	
40.44517	1152.6986	1152.65034	1128.71337	1128.54735	
40.45531	1152.70096	1152.65034	1128.71568	1128.54735	
40.46555	1152.70295	1152.65034	1128.71763	1128.54735	
40.47565	1152.70455	1152.65034	1128.7192	1128.54735	
40.48581	1152.70921	1152.65034	1128.72376	1128.54735	
40.49594	1152.70921	1152.65034	1128.72376	1128.54735	
40.5061	1152.70921	1152.65034	1128.72376	1128.54735	
40.51621	1152.70921	1152.65034	1128.72376	1128.54735	
40.5264	1152.70921	1152.65034	1128.72376	1128.54735	
40.53658	1152.70921	1152.65034	1128.72376	1128.54735	
40.54673	1152.70921	1152.65034	1128.72376	1128.54735	
40.55689	1152.70921	1152.65034	1128.72376	1128.54735	
40.56702	1152.70921	1152.65034	1128.72376	1128.54735	
40.57718	1152.70921	1152.65034	1128.72376	1128.54735	
40.58739	1152.70921	1152.65034	1128.72376	1128.54735	
40.59797	1152.70921	1152.65034	1128.72376	1128.54735	
40.60765	1152.70921	1152.65034	1128.72376	1128.54735	
40.6178	1152.70921	1152.65034	1128.72376	1128.54735	
40.6279	1152.70921	1152.65034	1128.72376	1128.54735	
40.63807	1152.70921	1152.65034	1128.72376	1128.54735	
40.64819	1152.70921	1152.65034	1128.72376	1128.54735	
40.6584	1152.70921	1152.65034	1128.72376	1128.54735	
40.66861	1152.70921	1152.65034	1128.72376	1128.54735	
40.67869	1152.70921	1152.65034	1128.72376	1128.54735	
40.6889	1152.70921	1152.65034	1128.72376	1128.54735	
40.6991	1152.70921	1152.65034	1128.72376	1128.54735	
40.70935	1152.70921	1152.65034	1128.72376	1128.54735	
40.71938	1152.70921	1152.65034	1128.72376	1128.54735	
40.72959	1152.70921	1152.65034	1128.72376	1128.54735	
40.7397	1152.70921	1152.65034	1128.72376	1128.54735	
40.74998	1152.70921	1152.65034	1128.72376	1128.54735	
40.76	1152.70921	1152.65034	1128.72376	1128.54735	
40.77013	1152.70921	1152.65034	1128.72376	1128.54735	
40.78028	1152.70921	1152.65034	1128.72376	1128.54735	
40.79036	1152.70921	1152.65034	1128.72376	1128.54735	
40.80057	1152.70921	1152.65034	1128.72376	1128.54735	
40.81087	1152.70921	1152.65034	1128.72376	1128.54735	
40.82094	1152.70921	1152.65034	1128.72376	1128.54735	
40.83104	1152.70921	1152.65034	1128.72376	1128.54735	
40.84116	1152.70921	1152.65034	1128.72376	1128.54735	
40.85135	1152.70921	1152.65034	1128.72376	1128.54735	
40.86145	1152.70921	1152.65034	1128.72376	1128.54735	
40.87162	1152.70921	1152.65034	1128.72376	1128.54735	
40.88179	1152.70921	1152.65034	1128.72376	1128.54735	
40.89194	1152.70921	1152.65034	1128.72376	1128.54735	
40.90995	1152.70921	1152.65034	1128.72376	1128.54735	
40.91451	1152.70921	1152.65034	1128.72376	1128.54735	
40.9247	1152.70921	1152.65034	1128.72376	1128.54735	
40.93486	1152.70921	1152.65034	1128.72376	1128.54735	
40.94502	1152.70921	1152.65034	1128.72376	1128.54735	
40.95519	1152.70921	1152.65034	1128.72376	1128.54735	
40.96536	1152.70921	1152.65034	1128.72376	1128.54735	
40.9755	1152.70921	1152.65034	1128.72376	1128.54735	
40.9863	1152.70921	1152.65034	1128.72376	1128.54735	
40.99645	1152.70921	1152.65034	1128.72376	1128.54735	
41.00653	1152.70921	1152.65034	1128.72376	1128.54735	
41.01668	1152.70921	1152.65034	1128.72376	1128.54735	
41.02682	1152.70921	1152.65034	1128.72376	1128.54735	
41.03702	1152.70921	1152.65034	1128.72376	1128.54735	
41.04714	1152.70921	1152.65034	1128.72376	1128.54735	
41.05731	1152.70921	1152.65034	1128.72376	1128.54735	
41.06749	1152.70921	1152.65034	1128.72376	1128.54735	
41.07891	1152.70921	1152.65034	1128.72376	1128.54735	
41.08777	1152.70921	1152.65034	1128.72376	1128.54735	
41.09856	1152.70921	1152.65034	1128.72376	1128.54735	
41.10804	1152.70921	1152.65034	1128.72376	1128.54735	
41.11817	1152.70921	1152.65034	1128.72376	1128.54735	
41.12836	1152.70921	1152.65034	1128.72376	1128.54735	
41.13852	1152.70921	1152.65034	1128.72376	1128.54735	
41.14874	1152.70921	1152.65034	1128.72376	1128.54735	
41.15888	1152.70921	1152.65034	1128.72376	1128.54735	
41.169	1152.70921	1152.65034	1128.72376	1128.54735	
41.17921	1152.70921	1152.65034	1128.72376	1128.54735	
41.18932	1152.70921	1152.65034	1128.72376	1128.54735	
41.19946	1152.70921	1152.65034	1128.72376	1128.54735	
41.20965	1152.70921	1152.65034	1128.72376	1128.54735	
41.22046	1152.70921	1152.65034	1128.72376	1128.54735	
41.2299	1152.70921	1152.65034	1128.72376	1128.54735	
41.24002	1152.70921	1152.65034	1128.72376	1128.54735	
41.25016	1152.70921	1152.65034	1128.72376	1128.54735	
41.26039	1152.70921	1152.65034	1128.72376	1128.54735	
41.27049	1152.70921	1152.65034	1128.72376	1128.54735	
41.28069	1152.70921	1152.65034	1128.72376	1128.54735	
41.29082	1152.70921	1152.65034	1128.72376	1128.54735	
41.30095	1152.70921	1152.65034	1128.72376	1128.54735	
41.3111	1152.70921	1152.65034	1128.72376	1128.54735	
41.32124	1152.70921	1152.65034	1128.72376	1128.54735	
41.33141	1152.70921	1152.65034	1128.72376	1128.54735	
41.3416	1152.70921	1152.65034	1128.72376	1128.54735	
41.35173	1152.70921	1152.65034	1128.72376	1128.54735	
41.36191	1152.70921	1152.65034	1128.72376	1128.54735	
41.37208	1152.70921	1152.65034	1128.72376	1128.54735	
41.38265	1152.70921	1152.65034	1128.72376	1128.54735	
41.39241	1152.70921	1152.65034	1128.72376	1128.54735	
41.4025	1152.70921	1152.65034	1128.72376	1128.54735	
41.41271	1152.70921	1152.65034	1128.72376	1128.54735	
41.42278	1152.70921	1152.65034	1128.72376	1128.54735	
41.43301	1152.70921	1152.65034	1128.72376	1128.54735	
41.44322	1152.70921	1152.65034	1128.72376	1128.54735	
41.45329	1152.70921	1152.65034	1128.72376	1128.54735	
41.46344	1152.70921	1152.65034	1128.72376	1128.54735	
41.47368	1152.70921	1152.65034	1128.72376	1128.54735	
41.48429	1152.70921	1152.65034	1128.72376	1128.54735	
41.49386	1152.70921	1152.65034	1128.72376	1128.54735	
41.50399	1152.70921	1152.65034	1128.72376	1128.54735	
41.51414	1152.70921	1152.65034	1128.72376	1128.54735	
41.52433	1152.70921	1152.65034	1128.72376	1128.54735	
41.53447	1152.70921	1152.65034	1128.72376	1128.54735	
41.54469	1152.70921	1152.65034	1128.72376	1128.54735	
41.5548	1152.70921	1152.65034	1128.72376	1128.54735	
41.56496	1152.70921	1152.65034	1128.72376	1128.54735	
41.57512	1152.70921	1152.65034	1128.72376	1128.54735	
41.58524	1152.70921	1152.65034	1128.72376	1128.54735	
41.59652	1152.70921	1152.65034	1128.72376	1128.54735	
41.60578	1152.70921	1152.65034	1128.72376	1128.54735	
41.61588	1152.70921	1152.65034	1128.72376	1128.54735	
41.62605	1152.70921	1152.65034	1128.72376	1128.54735	
41.63622	1152.70921	1152.65034	1128.72376	1128.54735	
41.64637	1152.70921	1152.65034	1128.72376	1128.54735	
41.65657	1152.70921	1152.65034	1128.72376	1128.54735	
41.66669	1152.70921	1152.65034	1128.72376	1128.54735	
41.67682	1152.70921	1152.65034	1128.72376	1128.54735	
41.68703	1152.70921	1152.65034	1128.72376	1128.54735	
41.69717	1152.70921	1152.65034	1128.72376	1128.54735	
41.70738	1152.70921	1152.65034	1128.72376	1128.54735	
41.71749	1152.70921	1152.65034	1128.72376	1128.54735	
41.72765	1152.70921	1152.65034	1128.72376	1128.54735	
41.73784	1152.70921	1152.65034	1128.72376	1128.54735	
41.74798	1152.70921	1152.65034	1128.72376	1128.54735	
41.75814	1152.70921	1152.65034	1128.72376	1128.54735	
41.76827	1152.70921	1152.65034	1128.72376	1128.54735	
41.77847	1152.70921	1152.65034	1128.72376	1128.54735	
41.78867	1152.70921	1152.65034	1128.72376	1128.54735	
41.7988	1152.70921	1152.65034	1128.72376	1128.54735	
41.80903	1152.70921	1152.65034	1128.72376	1128.54735	
41.81917	1152.70921	1152.65034	1128.72376	1128.54735	
41.82917	1152.70921	1152.65034	1128.72376	1128.54735	
41.83949	1152.70921	1152.65034	1128.72376	1128.54735	
41.84964	1152.70921	1152.65034	1128.72376	1128.54735	
41.85983	1152.70921	1152.65034	1128.72376	1128.54735	
41.8702	1152.70921	1152.65034	1128.72376	1128.54735	
41.8801	1152.70921	1152.65034	1128.72376	1128.54735	
41.8903	1152.70921	1152.65034	1128.72376	1128.54735	
41.90041	1152.70921	1152.65034	1128.72376	1128.54735	
41.9106	1152.70921	1152.65034	1128.72376	1128.54735	
41.92075	1152.70921	1152.65034	1128.72376	1128.54735	
41.9312	1152.70921	1152.65034	1128.72376	1128.54735	
41.941	1152.70921	1152.65034	1128.72376	1128.54735	
41.95112	1152.70921	1152.65034	1128.72376	1128.54735	
41.96132	1152.70921	1152.65034	1128.72376	1128.54735	
41.97148	1152.70921	1152.65034	1128.72376	1128.54735	
41.98158	1152.70921	1152.65034	1128.72376	1128.54735	
41.99175	1152.70921	1152.65034	1128.72376	1128.54735	
42.00189	1152.70921	1152.65034	1128.72376	1128.54735	
42.01987	1152.70921	1152.65034	1128.72376	1128.54735	
42.02441	1152.70921	1152.65034	1128.72376	1128.54735	
42.0346	1152.70921	1152.65034	1128.72376	1128.54735	
42.04482	1152.70921	1152.65034	1128.72376	1128.54735	
42.05495	1152.70921	1152.65034	1128.72376	1128.54735	
42.0652	1152.70921	1152.65034	1128.72376	1128.54735	
42.07536	1152.70921	1152.65034	1128.72376	1128.54735	
42.08544	1152.70921	1152.65034	1128.72376	1128.54735	
42.09558	1152.70921	1152.65034	1128.72376	1128.54735	
42.10579	1152.70921	1152.65034	1128.72376	1128.54735	
42.11587	1152.70921	1152.65034	1128.72376	1128.54735	
42.126	1152.70921	1152.65034	1128.72376	1128.54735	
42.13619	1152.70921	1152.65034	1128.72376	1128.54735	
42.14635	1152.70921	1152.65034	1128.72376	1128.54735	
42.15651	1152.70921	1152.65034	1128.72376	1128.54735	
42.16666	1152.70921	1152.65034	1128.72376	1128.54735	
42.17682	1152.70921	1152.65034	1128.72376	1128.54735	
42.18701	1152.70921	1152.65034	1128.72376	1128.54735	
42.19713	1152.70921	1152.65034	1128.72376	1128.54735	
42.20725	1152.70921	1152.65034	1128.72376	1128.54735	
42.21742	1152.70921	1152.65034	1128.72376	1128.54735	
42.2276	1152.70921	1152.65034	1128.72376	1128.54735	
42.23772	1152.70921	1152.65034	1128.72376	1128.54735	
42.24784	1152.70921	1152.65034	1128.72376	1128.54735	
42.25802	1152.70921	1152.65034	1128.72376	1128.54735	
42.26818	1152.70921	1152.65034	1128.72376	1128.54735	
42.27838	1152.70921	1152.65034	1128.72376	1128.54735	
42.2885	1152.70921	1152.65034	1128.72376	1128.54735	
42.29867	1152.70921	1152.65034	1128.72376	1128.54735	
42.30886	1152.70921	1152.65034	1128.72376	1128.54735	
42.31896	1152.70921	1152.65034	1128.72376	1128.54735	
42.32915	1152.70921	1152.65034	1128.72376	1128.54735	
42.33935	1152.70921	1152.65034	1128.72376	1128.54735	
42.34944	1152.70921	1152.65034	1128.72376	1128.54735	
42.35959	1152.70921	1152.65034	1128.72376	1128.54735	
42.36998	1152.70921	1152.65034	1128.72376	1128.54735	
42.38003	1152.70921	1152.65034	1128.72376	1128.54735	
42.39025	1152.70921	1152.65034	1128.72376	1128.54735	
