66.19529	1213.31086	1213.33544	1188.12538	1188.13289	
66.20244	1213.3119	1213.33544	1188.12641	1188.13289	
66.2125	1213.31406	1213.33544	1188.12852	1188.13289	
66.22262	1213.31685	1213.33544	1188.13125	1188.13289	
66.23276	1213.32027	1213.33544	1188.1346	1188.13289	
66.24296	1213.32432	1213.33544	1188.13858	1188.13289	
66.2531	1213.32897	1213.34417	1188.14313	1188.13289	
66.26326	1213.33425	1213.34417	1188.14831	1188.13289	
66.27337	1213.34011	1213.3529	1188.15406	1188.13289	
66.29146	1213.35301	1213.36162	1188.16669	1188.14161	
66.29616	1213.35631	1213.37035	1188.16993	1188.15034	
66.3063	1213.36419	1213.37035	1188.17765	1188.15034	
66.31643	1213.37268	1213.37908	1188.18598	1188.15907	
66.32661	1213.38184	1213.3878	1188.19496	1188.15907	
66.3367	1213.39153	1213.39653	1188.20445	1188.16779	
66.3469	1213.40195	1213.40526	1188.21466	1188.16779	
66.35709	1213.41298	1213.41398	1188.22548	1188.18525	
66.36721	1213.42454	1213.42271	1188.23681	1188.18525	
66.37735	1213.43676	1213.43144	1188.24879	1188.19397	
66.38747	1213.44956	1213.44016	1188.26133	1188.2027	
66.39768	1213.4631	1213.44889	1188.27461	1188.21143	
66.40784	1213.47719	1213.45762	1188.28842	1188.22015	
66.4181	1213.49206	1213.45762	1188.30299	1188.22888	
66.4281	1213.50714	1213.47507	1188.31777	1188.23761	
66.43836	1213.52324	1213.47507	1188.33356	1188.23761	
66.44841	1213.53964	1213.49252	1188.34963	1188.23761	
66.45856	1213.5568	1213.49252	1188.36645	1188.24633	
66.46875	1213.57466	1213.50125	1188.38396	1188.25506	
66.47888	1213.59303	1213.50998	1188.40196	1188.25506	
66.48902	1213.61204	1213.5187	1188.42059	1188.26379	
66.49916	1213.63165	1213.52743	1188.43982	1188.27251	
66.50937	1213.65204	1213.53616	1188.4598	1188.27251	
66.51956	1213.673	1213.54488	1188.48035	1188.28124	
66.52966	1213.6944	1213.55361	1188.50133	1188.28997	
66.53978	1213.71645	1213.56234	1188.52294	1188.30742	
66.55005	1213.73946	1213.57979	1188.54549	1188.30742	
66.56009	1213.76254	1213.59724	1188.56811	1188.32487	
66.57027	1213.78658	1213.60597	1188.59168	1188.34233	
66.58038	1213.81108	1213.62342	1188.61569	1188.35105	
66.5906	1213.83647	1213.63215	1188.64058	1188.36851	
66.60114	1213.86332	1213.6496	1188.66691	1188.38596	
66.61089	1213.8887	1213.66706	1188.69178	1188.41214	
66.62101	1213.91568	1213.68451	1188.71823	1188.42959	
66.63113	1213.94328	1213.71069	1188.74527	1188.44705	
66.64131	1213.97166	1213.73687	1188.7731	1188.47323	
66.65142	1214.00046	1213.75432	1188.80133	1188.49941	
66.66161	1214.03011	1213.7805	1188.83039	1188.52559	
66.67179	1214.06034	1213.80668	1188.86002	1188.55177	
66.68206	1214.09153	1213.83286	1188.89059	1188.58667	
66.69219	1214.12286	1213.86777	1188.9213	1188.62158	
66.70235	1214.15489	1213.89395	1188.9527	1188.64776	
66.71241	1214.18719	1213.92885	1188.98436	1188.68267	
66.72256	1214.22044	1213.96376	1189.01695	1188.71757	
66.73295	1214.25515	1213.99867	1189.05097	1188.76121	
66.74288	1214.28886	1214.0423	1189.08401	1188.79611	
66.75301	1214.3239	1214.07721	1189.11836	1188.83102	
66.76315	1214.35958	1214.12084	1189.15333	1188.86593	
66.77327	1214.39581	1214.15575	1189.18885	1188.90956	
66.78343	1214.43279	1214.20811	1189.2251	1188.95319	
66.79366	1214.47066	1214.24301	1189.26221	1188.9881	
66.80378	1214.50874	1214.29537	1189.29954	1189.03173	
66.81392	1214.54753	1214.33028	1189.33756	1189.07537	
66.82407	1214.58695	1214.38264	1189.37621	1189.119	
66.83437	1214.62758	1214.42627	1189.41603	1189.16263	
66.84438	1214.6677	1214.46991	1189.45536	1189.21499	
66.85452	1214.70894	1214.52227	1189.49578	1189.2499	
66.86471	1214.75102	1214.57463	1189.53702	1189.30226	
66.87486	1214.79351	1214.61826	1189.57867	1189.34589	
66.88529	1214.83787	1214.66189	1189.62216	1189.38953	
66.8952	1214.88061	1214.71425	1189.66405	1189.44189	
66.90531	1214.92478	1214.76661	1189.70734	1189.49425	
66.91551	1214.97	1214.81897	1189.75167	1189.53788	
66.92585	1215.01653	1214.86261	1189.79728	1189.59024	
66.93589	1215.06222	1214.91497	1189.84206	1189.63387	
66.946	1215.10889	1214.9586	1189.88781	1189.68623	
66.95616	1215.15641	1215.01096	1189.93439	1189.73859	
66.96634	1215.20464	1215.06332	1189.98166	1189.79095	
66.97649	1215.25335	1215.11568	1190.0294	1189.84331	
66.98661	1215.30255	1215.16804	1190.07763	1189.88694	
66.9968	1215.35268	1215.2204	1190.12677	1189.9393	
67.00694	1215.40316	1215.27276	1190.17625	1189.99166	
67.01704	1215.45411	1215.32512	1190.2262	1190.04402	
67.02736	1215.50683	1215.37748	1190.27786	1190.08766	
67.03742	1215.55872	1215.42984	1190.32873	1190.14874	
67.04759	1215.61188	1215.4822	1190.38083	1190.19238	
67.05767	1215.66516	1215.53456	1190.43306	1190.25346	
67.06784	1215.71953	1215.59564	1190.48636	1190.30582	
67.07802	1215.77463	1215.648	1190.54036	1190.35818	
67.08816	1215.83004	1215.70909	1190.59468	1190.41927	
67.0983	1215.88612	1215.76145	1190.64964	1190.47163	
67.10843	1215.94277	1215.82254	1190.70517	1190.52399	
67.11858	1216.00015	1215.8749	1190.76141	1190.58508	
67.12875	1216.05824	1215.93598	1190.81836	1190.64616	
67.14038	1216.12555	1215.98834	1190.88433	1190.70725	
67.14908	1216.17622	1216.04943	1190.93401	1190.75961	
67.15918	1216.23577	1216.11052	1190.99237	1190.8207	
67.16942	1216.29677	1216.1716	1191.05216	1190.87306	
67.18002	1216.36065	1216.23269	1191.11478	1190.94287	
67.18979	1216.42001	1216.28505	1191.17297	1190.99523	
67.19996	1216.48244	1216.35486	1191.23416	1191.06504	
67.2101	1216.54531	1216.41595	1191.29578	1191.12613	
67.22026	1216.60894	1216.47704	1191.35816	1191.18721	
67.23043	1216.67324	1216.53812	1191.42118	1191.2483	
67.24061	1216.73822	1216.59921	1191.48488	1191.30939	
67.25077	1216.8037	1216.66902	1191.54905	1191.3792	
67.26143	1216.87309	1216.73883	1191.61707	1191.44901	
67.27152	1216.93941	1216.79992	1191.68208	1191.5101	
67.28168	1217.00675	1216.86101	1191.74808	1191.57991	
67.29186	1217.07483	1216.93082	1191.81482	1191.641	
67.30206	1217.14371	1217.00063	1191.88233	1191.71081	
67.3122	1217.21282	1217.07045	1191.95008	1191.78063	
67.32229	1217.28213	1217.14026	1192.01802	1191.85044	
67.33287	1217.3556	1217.21007	1192.09003	1191.92025	
67.34264	1217.42393	1217.27989	1192.157	1191.98134	
67.35272	1217.49503	1217.35843	1192.22669	1192.05115	
67.36287	1217.56726	1217.42824	1192.2975	1192.12097	
67.37306	1217.64044	1217.50678	1192.36923	1192.19078	
67.38315	1217.71346	1217.57659	1192.4408	1192.26059	
67.39334	1217.78784	1217.64641	1192.5137	1192.33041	
67.40352	1217.86283	1217.73367	1192.58722	1192.40894	
67.41365	1217.93801	1217.80349	1192.6609	1192.47876	
67.42386	1218.01436	1217.88203	1192.73574	1192.54857	
67.4343	1218.09319	1217.96057	1192.81301	1192.62711	
67.44423	1218.16871	1218.03911	1192.88703	1192.69692	
67.45442	1218.24682	1218.11764	1192.9636	1192.77546	
67.46448	1218.32449	1218.19618	1193.03973	1192.84528	
67.47465	1218.40369	1218.27472	1193.11737	1192.91509	
67.48478	1218.48322	1218.35326	1193.19532	1192.99363	
67.49499	1218.56397	1218.4318	1193.27447	1193.07217	
67.50511	1218.64468	1218.51907	1193.35358	1193.15071	
67.51528	1218.72635	1218.58888	1193.43363	1193.22925	
67.52564	1218.81025	1218.67615	1193.51588	1193.30779	
67.53556	1218.89106	1218.75469	1193.59508	1193.38633	
67.54568	1218.97426	1218.83323	1193.67664	1193.46487	
67.55588	1219.05862	1218.9205	1193.75933	1193.54341	
67.56602	1219.14317	1219.00776	1193.8422	1193.63068	
67.57613	1219.22798	1219.0863	1193.92533	1193.70922	
67.58628	1219.31392	1219.17357	1194.00957	1193.78776	
67.59649	1219.40091	1219.25211	1194.09484	1193.87502	
67.60661	1219.48767	1219.33938	1194.17988	1193.96229	
67.6269	1219.6649	1219.51391	1194.3536	1194.11937	
67.63146	1219.70462	1219.54881	1194.39254	1194.163	
67.64167	1219.79444	1219.63608	1194.48058	1194.24154	
67.65179	1219.88392	1219.72335	1194.56829	1194.32881	
67.66195	1219.97448	1219.81061	1194.65704	1194.41607	
67.68014	1220.13895	1219.88915	1194.81826	1194.57315	
67.68475	1220.18059	1220.0026	1194.85908	1194.60806	
67.69488	1220.27287	1220.08987	1194.94953	1194.69533	
67.70503	1220.36597	1220.17713	1195.04078	1194.78259	
67.71516	1220.45941	1220.2644	1195.13238	1194.86986	
67.72537	1220.55433	1220.36039	1195.22542	1194.96585	
67.73547	1220.64878	1220.44766	1195.31799	1195.05312	
67.74573	1220.74539	1220.54365	1195.41269	1195.14911	
67.75589	1220.84164	1220.63092	1195.50704	1195.23638	
67.76602	1220.93833	1220.73564	1195.60181	1195.32364	
67.7762	1221.03602	1220.82291	1195.69757	1195.41964	
67.7863	1221.13351	1220.92762	1195.79313	1195.51563	
67.7965	1221.23264	1221.01489	1195.89029	1195.61162	
67.80667	1221.33209	1221.11961	1195.98778	1195.70762	
67.81681	1221.43186	1221.2156	1196.08557	1195.80361	
67.82799	1221.54277	1221.32032	1196.19429	1195.90833	
67.83825	1221.64503	1221.41632	1196.29452	1196.00432	
67.84833	1221.74614	1221.52104	1196.39363	1196.10032	
67.85847	1221.84839	1221.62576	1196.49385	1196.19631	
67.86868	1221.95208	1221.72175	1196.59549	1196.30103	
67.87883	1222.05579	1221.82647	1196.69715	1196.39702	
67.88903	1222.16058	1221.92246	1196.79986	1196.49302	
67.89914	1222.265	1222.02718	1196.90221	1196.59774	
67.90928	1222.37044	1222.1319	1197.00557	1196.70245	
67.91966	1222.47905	1222.23662	1197.11202	1196.80717	
67.9296	1222.5835	1222.34134	1197.21441	1196.90317	
67.93978	1222.6912	1222.45479	1197.31998	1197.00789	
67.94991	1222.79897	1222.55951	1197.42561	1197.12133	
67.96005	1222.90759	1222.67295	1197.53208	1197.22605	
67.97036	1223.01847	1222.77767	1197.64076	1197.3395	
67.98039	1223.12695	1222.89112	1197.74709	1197.45295	
67.99056	1223.23771	1223.00457	1197.85566	1197.55767	
68.00071	1223.34878	1223.11801	1197.96453	1197.67111	
68.01119	1223.46419	1223.23146	1198.07765	1197.78456	
68.02098	1223.57246	1223.33618	1198.18378	1197.89801	
68.03114	1223.68556	1223.45835	1198.29464	1198.01145	
68.04125	1223.79858	1223.5718	1198.40542	1198.11617	
68.05139	1223.91267	1223.68525	1198.51725	1198.23834	
68.06156	1224.02774	1223.80742	1198.63005	1198.35179	
68.07188	1224.14509	1223.92086	1198.74507	1198.46524	
68.0819	1224.2595	1224.04304	1198.85722	1198.57868	
68.0921	1224.37677	1224.16521	1198.97217	1198.69213	
68.10222	1224.49376	1224.27866	1199.08684	1198.8143	
68.11231	1224.61085	1224.40083	1199.20161	1198.91902	
68.12277	1224.73307	1224.523	1199.32141	1199.0412	
68.13259	1224.84826	1224.64518	1199.43432	1199.16337	
68.15988	1225.17458	1224.8808	1199.75418	1199.47753	
68.16444	1225.22872	1225.02915	1199.80725	1199.52989	
68.17465	1225.35113	1225.15132	1199.92723	1199.65206	
68.18483	1225.47331	1225.27349	1200.04699	1199.76551	
68.19511	1225.59668	1225.39567	1200.16792	1199.88768	
68.2053	1225.71895	1225.51784	1200.28776	1200.00985	
68.21538	1225.83997	1225.64001	1200.40639	1200.1233	
68.22554	1225.96185	1225.77091	1200.52586	1200.24547	
68.23572	1226.08394	1225.89309	1200.64553	1200.36765	
68.24589	1226.20599	1226.01526	1200.76516	1200.48982	
68.25605	1226.32795	1226.13743	1200.8847	1200.61199	
68.26619	1226.44964	1226.26833	1201.00399	1200.73417	
68.27631	1226.57113	1226.39051	1201.12307	1200.85634	
68.28656	1226.69408	1226.51268	1201.24359	1200.97851	
68.29666	1226.81527	1226.63485	1201.36237	1201.10068	
68.3068	1226.93693	1226.75702	1201.48163	1201.22286	
68.317	1227.05929	1226.8792	1201.60156	1201.34503	
68.3271	1227.18049	1227.00137	1201.72036	1201.4672	
68.33738	1227.30386	1227.13227	1201.84129	1201.58938	
68.34749	1227.42515	1227.25444	1201.96019	1201.70282	
68.35772	1227.54793	1227.38534	1202.08053	1201.825	
68.36794	1227.67061	1227.50752	1202.20078	1201.94717	
68.37797	1227.79099	1227.62969	1202.31877	1202.06934	
68.38822	1227.91397	1227.75186	1202.43933	1202.19152	
68.39838	1228.03592	1227.87404	1202.55885	1202.31369	
68.40849	1228.15724	1227.99621	1202.67777	1202.43586	
68.4188	1228.28099	1228.11838	1202.79908	1202.55803	
68.42877	1228.40059	1228.24928	1202.9163	1202.67148	
68.43897	1228.52299	1228.36273	1203.03628	1202.79365	
68.4491	1228.64446	1228.49363	1203.15535	1202.91583	
68.45924	1228.7662	1228.60707	1203.27468	1203.038	
68.46939	1228.88803	1228.73797	1203.39409	1203.16017	
68.4795	1229.01389	1228.86015	1203.51746	1203.28235	
68.48972	1229.13209	1228.98232	1203.63332	1203.40452	
68.4999	1229.25418	1229.10449	1203.75299	1203.52669	
68.51001	1229.37538	1229.22667	1203.87179	1203.64887	
68.52016	1229.49728	1229.34884	1203.99128	1203.77104	
68.53033	1229.61934	1229.47974	1204.11092	1203.90194	
68.54046	1229.74087	1229.60191	1204.23004	1204.02411	
68.55072	1229.86395	1229.72408	1204.35069	1204.14628	
68.56079	1229.98479	1229.84626	1204.46914	1204.26846	
68.57091	1230.10619	1229.96843	1204.58814	1204.39063	
68.58147	1230.23303	1230.09933	1204.71246	1204.5128	
68.59122	1230.34993	1230.2215	1204.82704	1204.63498	
68.60137	1230.47179	1230.3524	1204.94649	1204.75715	
68.61152	1230.5935	1230.47458	1205.06579	1204.87932	
68.62169	1230.71564	1230.59675	1205.18551	1204.99277	
68.63188	1230.83794	1230.72765	1205.30539	1205.12367	
68.64225	1230.96239	1230.85855	1205.42738	1205.23711	
68.65246	1231.08489	1230.98072	1205.54745	1205.36801	
68.66258	1231.20634	1231.10289	1205.6665	1205.48146	
68.67263	1231.32689	1231.22507	1205.78466	1205.60363	
68.68288	1231.44992	1231.35597	1205.90525	1205.72581	
68.693	1231.57127	1231.47814	1206.0242	1205.84798	
68.70314	1231.693	1231.60904	1206.14352	1205.97015	
68.71327	1231.8146	1231.73121	1206.26271	1206.0836	
68.72341	1231.9363	1231.85339	1206.382	1206.20577	
68.74148	1232.15314	1232.06283	1206.59455	1206.41521	
68.74603	1232.20766	1232.12391	1206.64799	1206.46757	
68.75619	1232.3296	1232.23736	1206.76752	1206.58975	
68.7664	1232.45211	1232.35953	1206.8876	1206.70319	
68.77651	1232.57342	1232.4817	1207.0065	1206.82536	
68.78662	1232.69477	1232.60388	1207.12546	1206.93881	
68.7968	1232.81696	1232.71732	1207.24522	1207.06098	
68.80702	1232.9396	1232.8395	1207.36543	1207.17443	
68.81715	1233.06116	1232.95294	1207.48458	1207.2966	
68.82728	1233.18263	1233.07512	1207.60366	1207.41005	
68.83758	1233.30635	1233.19729	1207.72493	1207.53222	
68.84762	1233.4267	1233.31946	1207.84289	1207.64567	
68.85776	1233.54843	1233.43291	1207.96221	1207.75912	
68.86794	1233.67067	1233.55508	1208.08203	1207.88129	
68.87808	1233.79223	1233.67726	1208.20118	1207.99474	
68.88825	1233.91437	1233.79943	1208.3209	1208.11691	
68.89838	1234.03589	1233.91287	1208.44002	1208.23035	
68.90856	1234.15814	1234.03505	1208.55984	1208.35253	
68.91876	1234.28044	1234.15722	1208.67972	1208.46597	
68.92884	1234.4014	1234.27939	1208.79829	1208.58815	
68.93901	1234.52347	1234.40157	1208.91794	1208.70159	
68.94916	1234.64518	1234.51501	1209.03724	1208.81504	
68.95937	1234.76781	1234.63719	1209.15744	1208.93721	
68.96946	1234.88884	1234.75063	1209.27608	1209.05066	
68.97963	1235.01085	1234.87281	1209.39567	1209.17283	
68.98982	1235.13315	1234.99498	1209.51555	1209.28628	
69.00806	1235.35211	1235.20442	1209.73018	1209.49572	
69.01266	1235.40727	1235.2655	1209.78424	1209.5568	
69.02278	1235.52871	1235.38768	1209.90327	1209.67025	
69.03297	1235.65106	1235.50985	1210.0232	1209.79242	
69.04307	1235.77219	1235.6233	1210.14193	1209.9146	
69.05325	1235.89432	1235.7542	1210.26165	1210.03677	
69.06341	1236.01621	1235.86764	1210.38112	1210.15894	
69.0736	1236.13855	1235.99854	1210.50103	1210.28112	
69.08369	1236.25957	1236.11199	1210.61966	1210.40329	
69.09386	1236.38167	1236.24289	1210.73934	1210.52546	
69.1041	1236.50452	1236.36506	1210.85976	1210.64764	
69.11422	1236.62596	1236.49596	1210.9788	1210.76981	
69.12442	1236.74839	1236.61813	1211.0988	1210.89198	
69.13462	1236.87086	1236.74031	1211.21885	1211.01415	
69.1539	1237.10216	1236.98465	1211.44557	1211.24105	
69.15853	1237.15769	1237.03701	1211.5	1211.29341	
69.16858	1237.27826	1237.15919	1211.61818	1211.41558	
69.17872	1237.39996	1237.29009	1211.73747	1211.53775	
69.18896	1237.52288	1237.41226	1211.85795	1211.65993	
69.19907	1237.64421	1237.54316	1211.97688	1211.7821	
69.20923	1237.76608	1237.66533	1212.09634	1211.90427	
69.21937	1237.88785	1237.78751	1212.21569	1212.01772	
69.22967	1238.01143	1237.90968	1212.33684	1212.13989	
69.23973	1238.13205	1238.03185	1212.45506	1212.26207	
69.25002	1238.25561	1238.15402	1212.57618	1212.38424	
69.26067	1238.38343	1238.2762	1212.70147	1212.49768	
69.27016	1238.49731	1238.4071	1212.81309	1212.61986	
69.28027	1238.61862	1238.52054	1212.932	1212.74203	
69.29042	1238.74039	1238.64272	1213.05135	1212.8642	
69.30057	1238.8622	1238.76489	1213.17075	1212.98638	
69.3108	1238.98497	1238.88706	1213.29109	1213.10855	
69.3212	1239.10977	1239.00924	1213.41342	1213.222	
69.33108	1239.22828	1239.13141	1213.52959	1213.33544	
69.34129	1239.35089	1239.25358	1213.64976	1213.45762	
69.35138	1239.47189	1239.36703	1213.76838	1213.57979	
69.3615	1239.59329	1239.4892	1213.88736	1213.69324	
69.37167	1239.71537	1239.60265	1214.00703	1213.80668	
69.38185	1239.83753	1239.72482	1214.12678	1213.92885	
69.39998	1240.05508	1239.84699	1214.34002	1214.13829	
69.40452	1240.10959	1240.00407	1214.39344	1214.19065	
69.41471	1240.23185	1240.11752	1214.51329	1214.31283	
69.42482	1240.35325	1240.23969	1214.63228	1214.42627	
69.435	1240.47537	1240.36187	1214.75198	1214.54845	
69.44521	1240.59789	1240.48404	1214.87207	1214.66189	
69.45532	1240.71911	1240.59749	1214.9909	1214.78407	
69.46547	1240.84093	1240.71966	1215.1103	1214.90624	
69.47561	1240.96265	1240.84183	1215.22962	1215.02841	
69.48583	1241.08533	1240.964	1215.34986	1215.14186	
69.49604	1241.20781	1241.07745	1215.46992	1215.2553	
69.50613	1241.32887	1241.19962	1215.58858	1215.37748	
69.51628	1241.45063	1241.3218	1215.70793	1215.49965	
69.52714	1241.58113	1241.44397	1215.83585	1215.6131	
69.53691	1241.69834	1241.55742	1215.95073	1215.744	
69.54669	1241.81563	1241.67959	1216.0657	1215.84872	
69.55684	1241.93735	1241.80176	1216.18501	1215.97089	
69.56701	1242.05941	1241.92394	1216.30465	1216.09306	
69.57714	1242.18095	1242.04611	1216.42379	1216.21524	
69.5873	1242.30292	1242.16828	1216.54334	1216.33741	
69.59802	1242.4316	1242.29045	1216.66947	1216.46831	
69.60796	1242.55083	1242.42135	1216.78634	1216.59048	
69.61802	1242.67155	1242.54353	1216.90467	1216.71265	
69.62817	1242.79343	1242.6657	1217.02414	1216.83483	
69.63862	1242.91887	1242.7966	1217.14709	1216.957	
69.6485	1243.03733	1242.91877	1217.26321	1217.07045	
69.65862	1243.15877	1243.04095	1217.38225	1217.20135	
69.66875	1243.28037	1243.16312	1217.50144	1217.31479	
69.67893	1243.40255	1243.29402	1217.6212	1217.43697	
69.68966	1243.53133	1243.42492	1217.74742	1217.55914	
69.69927	1243.64659	1243.54709	1217.8604	1217.68131	
69.70944	1243.7686	1243.66927	1217.98	1217.80349	
69.71957	1243.89021	1243.79144	1218.0992	1217.92566	
69.72994	1244.01551	1243.91361	1218.22202	1218.04783	
69.73988	1244.13389	1244.03578	1218.33806	1218.16128	
69.75008	1244.25629	1244.16668	1218.45804	1218.28345	
69.76026	1244.37841	1244.28886	1218.57773	1218.3969	
69.77036	1244.49964	1244.41103	1218.69656	1218.51907	
69.7805	1244.62136	1244.5332	1218.81587	1218.64124	
69.79119	1244.74967	1244.65538	1218.94165	1218.76342	
69.80081	1244.86509	1244.76882	1219.05478	1218.88559	
69.81094	1244.98657	1244.891	1219.17385	1219.00776	
69.82105	1245.10792	1245.01317	1219.2928	1219.12121	
69.83119	1245.22967	1245.13534	1219.41214	1219.24338	
69.84146	1245.3529	1245.25751	1219.53293	1219.35683	
69.85153	1245.47373	1245.37096	1219.65136	1219.479	
69.86166	1245.59528	1245.49313	1219.7705	1219.60117	
69.87182	1245.7172	1245.60658	1219.89001	1219.72335	
69.88196	1245.83887	1245.72875	1220.00927	1219.82807	
69.8922	1245.96177	1245.85093	1220.12974	1219.95024	
69.90229	1246.08286	1245.9731	1220.24843	1220.07241	
69.91243	1246.20454	1246.09527	1220.3677	1220.18586	
69.92275	1246.32832	1246.21745	1220.48903	1220.29931	
69.93271	1246.44793	1246.33962	1220.60627	1220.42148	
69.94291	1246.5703	1246.45307	1220.72622	1220.53493	
69.95317	1246.69346	1246.57524	1220.84694	1220.6571	
69.96316	1246.81322	1246.69741	1220.96433	1220.77055	
69.97333	1246.93527	1246.81958	1221.08396	1220.89272	
69.98351	1247.05748	1246.93303	1221.20375	1221.00616	
69.99366	1247.17921	1247.06393	1221.32307	1221.11961	
70.00375	1247.30032	1247.17738	1221.44179	1221.24178	
70.01396	1247.42284	1247.29955	1221.56188	1221.36396	
70.02416	1247.54527	1247.42172	1221.68188	1221.4774	
70.03428	1247.66667	1247.5439	1221.80088	1221.59958	
70.04438	1247.78794	1247.66607	1221.91975	1221.71302	
70.05457	1247.91016	1247.78824	1222.03955	1221.8352	
70.06475	1248.03236	1247.91042	1222.15933	1221.94864	
70.07489	1248.15397	1248.03259	1222.27853	1222.07082	
70.08504	1248.27586	1248.15476	1222.39801	1222.18426	
70.09518	1248.39747	1248.27693	1222.51721	1222.30644	
70.10536	1248.5197	1248.39911	1222.63702	1222.42861	
70.11552	1248.64154	1248.52128	1222.75644	1222.55078	
70.12568	1248.76347	1248.64345	1222.87596	1222.67295	
70.13585	1248.88551	1248.76563	1222.99558	1222.79513	
70.14727	1249.02265	1248.8878	1223.13	1222.93475	
70.15614	1249.12936	1249.0187	1223.23461	1223.03947	
70.16631	1249.25107	1249.14087	1223.3539	1223.16165	
70.17643	1249.37251	1249.27177	1223.47294	1223.28382	
70.18662	1249.49475	1249.39395	1223.59276	1223.40599	
70.19677	1249.61662	1249.51612	1223.71222	1223.52817	
70.20693	1249.73845	1249.64702	1223.83163	1223.65034	
70.21712	1249.8608	1249.76919	1223.95156	1223.77251	
70.22721	1249.98184	1249.90009	1224.07021	1223.89468	
70.23746	1250.10483	1250.02226	1224.19076	1224.00813	
70.24755	1250.22596	1250.14444	1224.30949	1224.1303	
70.25767	1250.34734	1250.26661	1224.42846	1224.25248	
70.26822	1250.47405	1250.38878	1224.55266	1224.37465	
70.27799	1250.59121	1250.51968	1224.66751	1224.4881	
70.28819	1250.71361	1250.64186	1224.78749	1224.61027	
70.29824	1250.83419	1250.76403	1224.90568	1224.73244	
70.3084	1250.95622	1250.89493	1225.02529	1224.84589	
70.31867	1251.07936	1251.0171	1225.14599	1224.96806	
70.32873	1251.20006	1251.13055	1225.2643	1225.09024	
70.33889	1251.322	1251.25272	1225.38383	1225.20368	
70.34904	1251.44381	1251.37489	1225.50323	1225.32585	
70.35918	1251.56542	1251.49707	1225.62243	1225.44803	
70.36962	1251.69086	1251.61051	1225.74538	1225.56147	
70.37951	1251.81005	1251.73269	1225.86222	1225.67492	
70.38968	1251.93154	1251.85486	1225.9813	1225.79709	
70.39983	1252.05323	1251.96831	1226.10058	1225.91927	
70.40996	1252.17481	1252.09048	1226.21974	1226.03271	
70.42036	1252.29967	1252.21265	1226.34213	1226.14616	
70.43022	1252.41802	1252.3261	1226.45814	1226.26833	
70.44039	1252.54005	1252.44827	1226.57776	1226.38178	
70.45052	1252.66154	1252.57044	1226.69684	1226.49523	
70.46073	1252.78417	1252.69262	1226.81704	1226.6174	
70.47086	1252.9057	1252.80606	1226.93617	1226.73957	
70.48102	1253.0276	1252.92824	1227.05565	1226.85302	
70.49117	1253.14933	1253.04168	1227.17497	1226.96646	
70.50136	1253.27169	1253.16386	1227.29491	1227.08864	
70.51143	1253.39251	1253.28603	1227.41333	1227.21081	
70.52159	1253.51443	1253.39948	1227.53284	1227.32426	
70.53176	1253.63651	1253.52165	1227.65251	1227.44643	
70.54189	1253.75797	1253.6351	1227.77156	1227.55988	
70.55992	1253.97447	1253.75727	1227.98377	1227.76932	
70.56446	1254.02879	1253.90562	1228.03702	1227.82168	
70.57467	1254.15143	1254.01907	1228.15723	1227.94385	
70.58481	1254.27315	1254.14997	1228.27654	1228.06602	
70.59495	1254.39476	1254.26341	1228.39574	1228.18819	
70.60511	1254.51663	1254.38559	1228.5152	1228.30164	
70.61525	1254.63832	1254.50776	1228.63448	1228.42381	
70.6254	1254.76017	1254.63866	1228.75391	1228.54599	
70.63557	1254.88222	1254.75211	1228.87355	1228.65943	
70.64574	1255.00426	1254.88301	1228.99317	1228.79033	
70.65584	1255.12546	1255.00518	1229.11197	1228.91251	
70.66598	1255.24707	1255.12735	1229.23117	1229.02595	
70.67616	1255.3693	1255.24952	1229.35098	1229.14813	
70.68637	1255.49185	1255.38042	1229.4711	1229.27903	
70.69648	1255.61308	1255.5026	1229.58994	1229.39247	
70.70662	1255.73471	1255.62477	1229.70916	1229.51464	
70.71677	1255.85661	1255.74694	1229.82864	1229.63682	
70.72695	1255.97878	1255.87784	1229.94839	1229.75899	
70.73712	1256.10074	1256.00874	1230.06794	1229.88116	
70.74724	1256.22224	1256.13092	1230.18703	1230.00334	
70.75743	1256.34452	1256.25309	1230.30689	1230.12551	
70.76757	1256.46623	1256.37526	1230.42619	1230.24768	
70.77768	1256.58747	1256.49744	1230.54503	1230.36986	
70.78786	1256.70965	1256.61961	1230.66479	1230.4833	
70.79802	1256.83161	1256.74178	1230.78433	1230.60548	
70.80826	1256.95443	1256.87268	1230.90472	1230.72765	
70.81831	1257.07509	1256.99485	1231.02299	1230.84982	
70.82843	1257.19653	1257.11703	1231.14203	1230.97199	
70.83883	1257.32138	1257.2392	1231.2644	1231.09417	
70.84876	1257.44051	1257.36137	1231.38118	1231.20761	
70.85892	1257.56236	1257.47482	1231.50062	1231.32979	
70.86906	1257.68405	1257.59699	1231.6199	1231.45196	
70.87923	1257.80612	1257.71917	1231.73955	1231.57413	
70.88962	1257.93075	1257.84134	1231.86171	1231.69631	
70.89958	1258.05032	1257.95479	1231.97891	1231.81848	
70.90971	1258.17193	1258.07696	1232.09811	1231.93193	
70.91984	1258.29349	1258.1904	1232.21726	1232.04537	
70.92996	1258.4149	1258.31258	1232.33627	1232.16755	
70.94017	1258.53739	1258.43475	1232.45633	1232.28972	
70.95028	1258.65871	1258.55692	1232.57525	1232.41189	
70.96044	1258.78066	1258.67037	1232.69479	1232.52534	
70.97057	1258.90221	1258.79254	1232.81393	1232.63878	
70.98075	1259.0243	1258.91472	1232.9336	1232.76096	
70.99096	1259.14678	1259.03689	1233.05366	1232.8744	
71.00107	1259.26817	1259.15034	1233.17265	1232.98785	
71.01122	1259.39036	1259.27251	1233.29241	1233.11002	
71.02135	1259.51156	1259.39468	1233.41121	1233.22347	
71.04007	1259.73629	1259.62157	1233.6315	1233.44164	
71.04466	1259.79129	1259.67393	1233.68541	1233.494	
71.05486	1259.91364	1259.79611	1233.80534	1233.61617	
71.06496	1260.03489	1259.91828	1233.92418	1233.72962	
71.07511	1260.15669	1260.03173	1234.04357	1233.84306	
71.08531	1260.27905	1260.1539	1234.16351	1233.96523	
71.09544	1260.40058	1260.27607	1234.28263	1234.08741	
71.10561	1260.5227	1260.39825	1234.40234	1234.20085	
71.11577	1260.64456	1260.51169	1234.52178	1234.3143	
71.12593	1260.76648	1260.63387	1234.64129	1234.43647	
71.13614	1260.88898	1260.75604	1234.76136	1234.55865	
71.14759	1261.0265	1260.87821	1234.89616	1234.68082	
71.15639	1261.13206	1261.00038	1234.99963	1234.80299	
71.16652	1261.25356	1261.12256	1235.11872	1234.92517	
71.17666	1261.37528	1261.24473	1235.23803	1235.04734	
71.18685	1261.49753	1261.37563	1235.35786	1235.16951	
71.19697	1261.61895	1261.4978	1235.47688	1235.29168	
71.20723	1261.74207	1261.61998	1235.59756	1235.41386	
71.21733	1261.86327	1261.75088	1235.71636	1235.53603	
71.22742	1261.98344	1261.87305	1235.83415	1235.6582	
71.23762	1262.10434	1261.99522	1235.95265	1235.78038	
71.24775	1262.22365	1262.1174	1236.06961	1235.90255	
71.25792	1262.34298	1262.24829	1236.18657	1236.02472	
71.2681	1262.46182	1262.37047	1236.30305	1236.1469	
71.27822	1262.57914	1262.50137	1236.41806	1236.26034	
71.2884	1262.6967	1262.62354	1236.53329	1236.38252	
71.29849	1262.81255	1262.74571	1236.64684	1236.50469	
71.3087	1262.9293	1262.86789	1236.76128	1236.61813	
71.31896	1263.04584	1262.99006	1236.87551	1236.74031	
71.32902	1263.1595	1263.11223	1236.98692	1236.86248	
71.33917	1263.27366	1263.23441	1237.09882	1236.97593	
71.34938	1263.38771	1263.35658	1237.21061	1237.08937	
71.35957	1263.50111	1263.47875	1237.32176	1237.21155	
71.36969	1263.61297	1263.5922	1237.43141	1237.32499	
71.37984	1263.72469	1263.71437	1237.54092	1237.43844	
71.39005	1263.83626	1263.82782	1237.65028	1237.55189	
71.40019	1263.94669	1263.94126	1237.75852	1237.66533	
71.41035	1264.05643	1264.05471	1237.86609	1237.77878	
71.42051	1264.1658	1264.16816	1237.97329	1237.89223	
71.43076	1264.27544	1264.2816	1238.08076	1237.99695	
71.44082	1264.38233	1264.38632	1238.18553	1238.11039	
71.45094	1264.48946	1264.49977	1238.29054	1238.21511	
71.46146	1264.6	1264.61322	1238.3989	1238.31983	
71.47124	1264.70223	1264.71794	1238.4991	1238.42455	
71.48137	1264.80744	1264.83138	1238.60223	1238.52927	
71.49153	1264.91246	1264.9361	1238.70516	1238.63399	
71.50165	1265.01639	1265.04082	1238.80704	1238.73871	
71.51182	1265.12025	1265.15427	1238.90884	1238.8347	
71.52204	1265.224	1265.25899	1239.01054	1238.93942	
71.53275	1265.33199	1265.36371	1239.11639	1239.04414	
71.54295	1265.43427	1265.46843	1239.21664	1239.14886	
71.55299	1265.53434	1265.57315	1239.31474	1239.24486	
71.56319	1265.63537	1265.67787	1239.41376	1239.34085	
71.57328	1265.73466	1265.77386	1239.51108	1239.44557	
71.58361	1265.83571	1265.86985	1239.61013	1239.54156	
71.60289	1266.0216	1266.06184	1239.79235	1239.72482	
71.60744	1266.06552	1266.10547	1239.83539	1239.77718	
71.61759	1266.16275	1266.20147	1239.9307	1239.86445	
71.62774	1266.2594	1266.29746	1240.02544	1239.96044	
71.63793	1266.35582	1266.39345	1240.11994	1240.05643	
71.64808	1266.45122	1266.48072	1240.21346	1240.1437	
71.65821	1266.54571	1266.57671	1240.30608	1240.23969	
71.66833	1266.63988	1266.6727	1240.39838	1240.33569	
71.67848	1266.73317	1266.75997	1240.48982	1240.42295	
71.68943	1266.83354	1266.85596	1240.58821	1240.51895	
71.69881	1266.91875	1266.94323	1240.67173	1240.60621	
71.70894	1267.01031	1267.03922	1240.76147	1240.70221	
71.71911	1267.10149	1267.12649	1240.85085	1240.78947	
71.72922	1267.19166	1267.21376	1240.93924	1240.87674	
71.73943	1267.2821	1267.30975	1241.02788	1240.964	
71.74963	1267.37179	1267.39702	1241.1158	1241.05127	
71.75974	1267.46004	1267.49301	1241.2023	1241.14726	
71.76989	1267.54802	1267.58028	1241.28854	1241.23453	
71.78001	1267.63531	1267.66754	1241.3741	1241.3218	
71.79015	1267.72195	1267.75481	1241.45903	1241.40906	
71.80041	1267.80907	1267.84208	1241.54442	1241.49633	
71.81048	1267.89398	1267.92934	1241.62765	1241.5836	
71.82062	1267.97882	1268.01661	1241.71081	1241.66214	
71.83084	1268.06376	1268.10387	1241.79406	1241.7494	
71.84108	1268.14828	1268.19114	1241.87692	1241.83667	
71.85119	1268.23101	1268.27841	1241.958	1241.91521	
71.86133	1268.31345	1268.36567	1242.03881	1242.00248	
71.87147	1268.39526	1268.45294	1242.119	1242.08102	
71.88162	1268.47653	1268.53148	1242.19866	1242.16828	
71.8918	1268.5575	1268.61002	1242.27803	1242.24682	
71.90193	1268.63734	1268.69729	1242.35629	1242.32536	
71.91999	1268.7774	1268.77583	1242.49358	1242.46499	
71.9247	1268.81408	1268.87182	1242.52953	1242.49989	
71.93475	1268.89134	1268.95909	1242.60526	1242.57843	
71.94485	1268.9684	1269.0289	1242.68079	1242.65697	
71.95508	1269.04592	1269.10744	1242.75678	1242.73551	
71.96523	1269.12211	1269.18598	1242.83146	1242.81405	
71.97535	1269.19755	1269.26452	1242.90541	1242.88387	
71.98553	1269.27274	1269.34306	1242.97911	1242.95368	
71.99567	1269.34707	1269.41287	1243.05196	1243.03222	
72.00586	1269.42112	1269.48268	1243.12455	1243.10203	
72.01599	1269.49422	1269.56122	1243.1962	1243.17185	
72.02612	1269.56658	1269.63104	1243.26713	1243.24166	
72.03632	1269.63891	1269.70085	1243.33803	1243.31147	
72.04646	1269.71021	1269.77066	1243.40791	1243.38129	
72.05657	1269.78067	1269.84048	1243.47698	1243.4511	
72.06676	1269.851	1269.90156	1243.54592	1243.52091	
72.07691	1269.92055	1269.97138	1243.61409	1243.582	
72.08708	1269.98956	1270.04119	1243.68173	1243.65181	
72.09724	1270.05794	1270.10228	1243.74876	1243.72162	
72.10739	1270.12556	1270.17209	1243.81503	1243.79144	
72.11758	1270.19292	1270.23318	1243.88106	1243.86125	
72.1277	1270.2592	1270.29426	1243.94603	1243.92234	
72.13783	1270.32492	1270.35535	1244.01045	1243.98342	
72.14962	1270.40057	1270.42516	1244.0846	1244.05324	
72.15816	1270.4549	1270.48625	1244.13786	1244.11432	
72.17612	1270.56694	1270.5997	1244.24767	1244.22777	
72.18071	1270.59559	1270.61715	1244.27576	1244.24522	
72.19125	1270.66067	1270.67824	1244.33955	1244.31504	
72.20098	1270.72013	1270.73932	1244.39783	1244.3674	
72.21113	1270.78157	1270.79168	1244.45805	1244.42848	
72.22125	1270.84222	1270.86149	1244.51751	1244.48084	
72.23139	1270.90238	1270.91385	1244.57648	1244.54193	
72.24157	1270.96218	1270.97494	1244.63509	1244.59429	
72.25173	1271.02124	1271.03603	1244.69298	1244.64665	
72.26185	1271.07945	1271.08839	1244.75004	1244.69901	
72.2721	1271.13781	1271.14947	1244.80724	1244.75137	
72.28225	1271.19498	1271.21056	1244.86328	1244.81246	
72.29271	1271.25327	1271.26292	1244.92042	1244.86482	
72.30248	1271.30711	1271.32401	1244.97319	1244.91718	
72.31262	1271.36241	1271.38509	1245.0274	1244.96954	
72.32277	1271.41718	1271.43745	1245.08108	1245.0219	
72.33289	1271.47114	1271.48981	1245.13397	1245.06553	
72.34311	1271.52503	1271.54217	1245.18679	1245.11789	
72.3532	1271.57766	1271.59453	1245.23839	1245.17025	
72.36336	1271.63002	1271.64689	1245.28971	1245.22261	
72.37361	1271.68222	1271.69925	1245.34087	1245.27497	
72.38371	1271.73303	1271.75161	1245.39068	1245.32733	
72.39386	1271.78352	1271.80397	1245.44017	1245.37096	
72.40401	1271.83344	1271.85633	1245.4891	1245.41459	
72.41418	1271.88278	1271.90869	1245.53746	1245.46695	
72.43271	1271.97031	1271.98723	1245.62325	1245.55422	
72.43738	1271.99238	1272.01341	1245.64489	1245.5804	
72.44746	1272.03934	1272.06577	1245.69092	1245.62403	
72.45765	1272.08618	1272.10068	1245.73684	1245.67639	
72.46782	1272.13239	1272.15304	1245.78213	1245.72003	
72.478	1272.17798	1272.19667	1245.82681	1245.76366	
72.48816	1272.22288	1272.2403	1245.87082	1245.81602	
72.49832	1272.26715	1272.29266	1245.91422	1245.85965	
72.50849	1272.31089	1272.32757	1245.95709	1245.90329	
72.51862	1272.35387	1272.3712	1245.99923	1245.94692	
72.52876	1272.39625	1272.41484	1246.04077	1245.99055	
72.53894	1272.43821	1272.45847	1246.0819	1246.03419	
72.54906	1272.47933	1272.5021	1246.1222	1246.07782	
72.55921	1272.51997	1272.54574	1246.16204	1246.12145	
72.56937	1272.56005	1272.58937	1246.20132	1246.16509	
72.5795	1272.6	1272.62428	1246.24048	1246.19999	
72.58976	1272.63863	1272.66791	1246.27835	1246.2349	
72.59985	1272.67663	1272.71154	1246.31559	1246.27853	
72.61004	1272.71442	1272.74645	1246.35264	1246.32217	
72.62016	1272.75129	1272.78136	1246.38878	1246.35707	
72.63026	1272.78756	1272.82499	1246.42432	1246.39198	
72.64899	1272.85225	1272.8948	1246.48773	1246.46179	
72.66148	1272.8947	1272.93844	1246.52934	1246.50543	
72.66604	1272.91014	1272.95589	1246.54448	1246.52288	
72.67617	1272.94381	1272.9908	1246.57748	1246.55779	
72.68637	1272.97707	1273.0257	1246.61008	1246.59269	
72.6966	1273.00983	1273.06061	1246.64219	1246.61887	
72.70671	1273.0416	1273.09552	1246.67334	1246.65378	
72.71687	1273.07293	1273.1217	1246.70404	1246.68868	
72.72712	1273.10395	1273.1566	1246.73445	1246.72359	
72.73719	1273.13382	1273.18278	1246.76373	1246.74977	
72.7473	1273.16322	1273.21769	1246.79255	1246.77595	
72.75753	1273.19238	1273.24387	1246.82113	1246.81086	
72.76765	1273.22061	1273.27005	1246.8488	1246.84576	
72.77783	1273.24843	1273.30496	1246.87607	1246.87194	
72.78793	1273.27542	1273.33114	1246.90253	1246.89812	
72.79813	1273.3021	1273.35732	1246.92868	1246.93303	
72.80827	1273.32803	1273.3835	1246.95409	1246.95048	
72.81843	1273.35338	1273.40968	1246.97894	1246.98539	
72.83026	1273.3821	1273.44458	1247.00709	1247.00284	
72.84836	1273.42379	1273.47949	1247.04796	1247.0552	
72.85289	1273.43428	1273.49694	1247.05824	1247.0552	
72.86316	1273.45729	1273.5144	1247.08079	1247.08138	
72.87323	1273.47929	1273.54058	1247.10236	1247.10756	
72.88341	1273.50095	1273.55803	1247.12359	1247.12502	
72.90145	1273.53706	1273.59294	1247.15898	1247.15992	
72.90603	1273.54627	1273.60166	1247.16801	1247.15992	
72.91617	1273.56595	1273.61912	1247.1873	1247.1861	
72.92635	1273.58513	1273.63657	1247.20611	1247.20356	
72.93657	1273.60377	1273.65402	1247.22437	1247.22101	
72.94668	1273.62165	1273.67147	1247.2419	1247.23846	
72.95684	1273.63906	1273.68893	1247.25896	1247.25592	
72.96704	1273.65593	1273.70638	1247.2755	1247.26464	
72.97716	1273.67211	1273.71511	1247.29136	1247.2821	
72.98734	1273.68781	1273.73256	1247.30675	1247.29955	
72.99753	1273.70292	1273.74129	1247.32156	1247.30828	
73.00766	1273.7174	1273.75874	1247.33576	1247.317	
73.0178	1273.73131	1273.76747	1247.34939	1247.33446	
73.02793	1273.74465	1273.77619	1247.36246	1247.33446	
73.03814	1273.75754	1273.78492	1247.3751	1247.35191	
73.04826	1273.76973	1273.79365	1247.38705	1247.35191	
73.05838	1273.78138	1273.80237	1247.39846	1247.36064	
73.06855	1273.79252	1273.8111	1247.40938	1247.36936	
73.07867	1273.80305	1273.8111	1247.4197	1247.36936	
73.08891	1273.81314	1273.81983	1247.4296	1247.36936	
73.09901	1273.82256	1273.82855	1247.43883	1247.36936	
73.10916	1273.83148	1273.83728	1247.44757	1247.36936	
73.11932	1273.83986	1273.83728	1247.45578	1247.36936	
73.12941	1273.84765	1273.84601	1247.46343	1247.36936	
73.13963	1273.85501	1273.84601	1247.47064	1247.36936	
73.15118	1273.8626	1273.84601	1247.47808	1247.36936	
73.15991	1273.86801	1273.84601	1247.48338	1247.36936	
73.17004	1273.87375	1273.84601	1247.489	1247.36936	
73.1802	1273.879	1273.84601	1247.49415	1247.36936	
73.19042	1273.88377	1273.84601	1247.49883	1247.36936	
73.2007	1273.88808	1273.84601	1247.50305	1247.36936	
73.21078	1273.89183	1273.84601	1247.50673	1247.36936	
73.22092	1273.89516	1273.84601	1247.50999	1247.36936	
73.23107	1273.89804	1273.84601	1247.51281	1247.36936	
73.24145	1273.90054	1273.84601	1247.51526	1247.36936	
73.2513	1273.90255	1273.84601	1247.51723	1247.36936	
73.26143	1273.90423	1273.84601	1247.51889	1247.36936	
73.27164	1273.90921	1273.84601	1247.52376	1247.36936	
73.28172	1273.90921	1273.84601	1247.52376	1247.36936	
73.29189	1273.90921	1273.84601	1247.52376	1247.36936	
73.30216	1273.90921	1273.84601	1247.52376	1247.36936	
73.31223	1273.90921	1273.84601	1247.52376	1247.36936	
73.32242	1273.90921	1273.84601	1247.52376	1247.36936	
73.33249	1273.90921	1273.84601	1247.52376	1247.36936	
73.34298	1273.90921	1273.84601	1247.52376	1247.36936	
73.3528	1273.90921	1273.84601	1247.52376	1247.36936	
73.36293	1273.90921	1273.84601	1247.52376	1247.36936	
73.37307	1273.90921	1273.84601	1247.52376	1247.36936	
73.38323	1273.90921	1273.84601	1247.52376	1247.36936	
73.39338	1273.90921	1273.84601	1247.52376	1247.36936	
73.41142	1273.90921	1273.84601	1247.52376	1247.36936	
73.41599	1273.90921	1273.84601	1247.52376	1247.36936	
73.42631	1273.90921	1273.84601	1247.52376	1247.36936	
73.43625	1273.90921	1273.84601	1247.52376	1247.36936	
73.44646	1273.90921	1273.84601	1247.52376	1247.36936	
73.45668	1273.90921	1273.84601	1247.52376	1247.36936	
73.46679	1273.90921	1273.84601	1247.52376	1247.36936	
73.47696	1273.90921	1273.84601	1247.52376	1247.36936	
73.48716	1273.90921	1273.84601	1247.52376	1247.36936	
73.4973	1273.90921	1273.84601	1247.52376	1247.36936	
73.50747	1273.90921	1273.84601	1247.52376	1247.36936	
73.51765	1273.90921	1273.84601	1247.52376	1247.36936	
73.52778	1273.90921	1273.84601	1247.52376	1247.36936	
73.53794	1273.90921	1273.84601	1247.52376	1247.36936	
73.54806	1273.90921	1273.84601	1247.52376	1247.36936	
73.55821	1273.90921	1273.84601	1247.52376	1247.36936	
73.56833	1273.90921	1273.84601	1247.52376	1247.36936	
73.57847	1273.90921	1273.84601	1247.52376	1247.36936	
73.58864	1273.90921	1273.84601	1247.52376	1247.36936	
73.59879	1273.90921	1273.84601	1247.52376	1247.36936	
73.60915	1273.90921	1273.84601	1247.52376	1247.36936	
73.61915	1273.90921	1273.84601	1247.52376	1247.36936	
73.62928	1273.90921	1273.84601	1247.52376	1247.36936	
73.63951	1273.90921	1273.84601	1247.52376	1247.36936	
73.64995	1273.90921	1273.84601	1247.52376	1247.36936	
73.65977	1273.90921	1273.84601	1247.52376	1247.36936	
73.66991	1273.90921	1273.84601	1247.52376	1247.36936	
73.68005	1273.90921	1273.84601	1247.52376	1247.36936	
73.69027	1273.90921	1273.84601	1247.52376	1247.36936	
73.70038	1273.90921	1273.84601	1247.52376	1247.36936	
73.71055	1273.90921	1273.84601	1247.52376	1247.36936	
73.72078	1273.90921	1273.84601	1247.52376	1247.36936	
73.73095	1273.90921	1273.84601	1247.52376	1247.36936	
73.74103	1273.90921	1273.84601	1247.52376	1247.36936	
73.75124	1273.90921	1273.84601	1247.52376	1247.36936	
73.76149	1273.90921	1273.84601	1247.52376	1247.36936	
73.77148	1273.90921	1273.84601	1247.52376	1247.36936	
73.78164	1273.90921	1273.84601	1247.52376	1247.36936	
73.79176	1273.90921	1273.84601	1247.52376	1247.36936	
73.80191	1273.90921	1273.84601	1247.52376	1247.36936	
73.82041	1273.90921	1273.84601	1247.52376	1247.36936	
73.82506	1273.90921	1273.84601	1247.52376	1247.36936	
73.83524	1273.90921	1273.84601	1247.52376	1247.36936	
73.84541	1273.90921	1273.84601	1247.52376	1247.36936	
73.85553	1273.90921	1273.84601	1247.52376	1247.36936	
73.86572	1273.90921	1273.84601	1247.52376	1247.36936	
73.87586	1273.90921	1273.84601	1247.52376	1247.36936	
73.88604	1273.90921	1273.84601	1247.52376	1247.36936	
73.89621	1273.90921	1273.84601	1247.52376	1247.36936	
73.9063	1273.90921	1273.84601	1247.52376	1247.36936	
73.91653	1273.90921	1273.84601	1247.52376	1247.36936	
73.92685	1273.90921	1273.84601	1247.52376	1247.36936	
73.93683	1273.90921	1273.84601	1247.52376	1247.36936	
73.94699	1273.90921	1273.84601	1247.52376	1247.36936	
73.95714	1273.90921	1273.84601	1247.52376	1247.36936	
73.9673	1273.90921	1273.84601	1247.52376	1247.36936	
73.97748	1273.90921	1273.84601	1247.52376	1247.36936	
73.98762	1273.90921	1273.84601	1247.52376	1247.36936	
73.99781	1273.90921	1273.84601	1247.52376	1247.36936	
74.00794	1273.90921	1273.84601	1247.52376	1247.36936	
74.01804	1273.90921	1273.84601	1247.52376	1247.36936	
74.02832	1273.90921	1273.84601	1247.52376	1247.36936	
74.03842	1273.90921	1273.84601	1247.52376	1247.36936	
74.05638	1273.90921	1273.84601	1247.52376	1247.36936	
74.06097	1273.90921	1273.84601	1247.52376	1247.36936	
74.07144	1273.90921	1273.84601	1247.52376	1247.36936	
74.08124	1273.90921	1273.84601	1247.52376	1247.36936	
74.0914	1273.90921	1273.84601	1247.52376	1247.36936	
74.10152	1273.90921	1273.84601	1247.52376	1247.36936	
74.11167	1273.90921	1273.84601	1247.52376	1247.36936	
74.12182	1273.90921	1273.84601	1247.52376	1247.36936	
74.13198	1273.90921	1273.84601	1247.52376	1247.36936	
74.14218	1273.90921	1273.84601	1247.52376	1247.36936	
74.1536	1273.90921	1273.84601	1247.52376	1247.36936	
74.16244	1273.90921	1273.84601	1247.52376	1247.36936	
74.17258	1273.90921	1273.84601	1247.52376	1247.36936	
74.18273	1273.90921	1273.84601	1247.52376	1247.36936	
74.19287	1273.90921	1273.84601	1247.52376	1247.36936	
74.20301	1273.90921	1273.84601	1247.52376	1247.36936	
74.21315	1273.90921	1273.84601	1247.52376	1247.36936	
74.22331	1273.90921	1273.84601	1247.52376	1247.36936	
74.23345	1273.90921	1273.84601	1247.52376	1247.36936	
74.2437	1273.90921	1273.84601	1247.52376	1247.36936	
74.25397	1273.90921	1273.84601	1247.52376	1247.36936	
74.26406	1273.90921	1273.84601	1247.52376	1247.36936	
74.27424	1273.90921	1273.84601	1247.52376	1247.36936	
74.28436	1273.90921	1273.84601	1247.52376	1247.36936	
74.2945	1273.90921	1273.84601	1247.52376	1247.36936	
74.30475	1273.90921	1273.84601	1247.52376	1247.36936	
74.31488	1273.90921	1273.84601	1247.52376	1247.36936	
74.32499	1273.90921	1273.84601	1247.52376	1247.36936	
74.33528	1273.90921	1273.84601	1247.52376	1247.36936	
74.34534	1273.90921	1273.84601	1247.52376	1247.36936	
74.3555	1273.90921	1273.84601	1247.52376	1247.36936	
74.3657	1273.90921	1273.84601	1247.52376	1247.36936	
74.37584	1273.90921	1273.84601	1247.52376	1247.36936	
74.38598	1273.90921	1273.84601	1247.52376	1247.36936	
74.39614	1273.90921	1273.84601	1247.52376	1247.36936	
74.40631	1273.90921	1273.84601	1247.52376	1247.36936	
74.41646	1273.90921	1273.84601	1247.52376	1247.36936	
74.4266	1273.90921	1273.84601	1247.52376	1247.36936	
74.43678	1273.90921	1273.84601	1247.52376	1247.36936	
74.45519	1273.90921	1273.84601	1247.52376	1247.36936	
74.45977	1273.90921	1273.84601	1247.52376	1247.36936	
74.46994	1273.90921	1273.84601	1247.52376	1247.36936	
74.48007	1273.90921	1273.84601	1247.52376	1247.36936	
74.49017	1273.90921	1273.84601	1247.52376	1247.36936	
74.50037	1273.90921	1273.84601	1247.52376	1247.36936	
74.51051	1273.90921	1273.84601	1247.52376	1247.36936	
74.52077	1273.90921	1273.84601	1247.52376	1247.36936	
74.53079	1273.90921	1273.84601	1247.52376	1247.36936	
74.5413	1273.90921	1273.84601	1247.52376	1247.36936	
74.5512	1273.90921	1273.84601	1247.52376	1247.36936	
74.56124	1273.90921	1273.84601	1247.52376	1247.36936	
74.57139	1273.90921	1273.84601	1247.52376	1247.36936	
74.58156	1273.90921	1273.84601	1247.52376	1247.36936	
74.59173	1273.90921	1273.84601	1247.52376	1247.36936	
74.60186	1273.90921	1273.84601	1247.52376	1247.36936	
74.61208	1273.90921	1273.84601	1247.52376	1247.36936	
74.62221	1273.90921	1273.85473	1247.52376	1247.36936	
74.63233	1273.90921	1273.85473	1247.52376	1247.36936	
74.6424	1273.90921	1273.85473	1247.52376	1247.36936	
74.65266	1273.90921	1273.85473	1247.52376	1247.37809	
74.66277	1273.90921	1273.86346	1247.52376	1247.38682	
74.67288	1273.90921	1273.86346	1247.52376	1247.38682	
74.68313	1273.90921	1273.86346	1247.52376	1247.39554	
74.69322	1273.90921	1273.86346	1247.52376	1247.40427	
74.7034	1273.90921	1273.87219	1247.52376	1247.40427	
74.72139	1273.90921	1273.88091	1247.52376	1247.42172	
74.72599	1273.90921	1273.88091	1247.52376	1247.42172	
74.73611	1273.90921	1273.88091	1247.52376	1247.43918	
74.74625	1273.90921	1273.89837	1247.52376	1247.43918	
74.75668	1273.90921	1273.89837	1247.52376	1247.45663	
74.76662	1273.90921	1273.90709	1247.52376	1247.46536	
74.77684	1273.90921	1273.91582	1247.52376	1247.47408	
74.78691	1273.90921	1273.91582	1247.52376	1247.48281	
74.79705	1273.90921	1273.91582	1247.52376	1247.49154	
74.80733	1273.90921	1273.91582	1247.52376	1247.50899	
74.81739	1273.90921	1273.92455	1247.52376	1247.50899	
74.82751	1273.90921	1273.92455	1247.52376	1247.52644	
74.83774	1273.90921	1273.92455	1247.52376	1247.53517	
74.84783	1273.90921	1273.92455	1247.52376	1247.5439	
74.858	1273.90921	1273.92455	1247.52376	1247.55262	
74.86817	1273.90921	1273.92455	1247.52376	1247.56135	
74.87838	1273.90921	1273.92455	1247.52376	1247.56135	
74.88857	1273.90921	1273.91582	1247.52376	1247.57008	
74.89875	1273.90921	1273.91582	1247.52376	1247.57008	
74.90884	1273.90921	1273.91582	1247.52376	1247.5788	
74.91903	1273.90921	1273.91582	1247.52376	1247.5788	
74.92933	1273.90921	1273.91582	1247.52376	1247.5788	
74.93956	1273.90921	1273.91582	1247.52376	1247.57008	
74.94967	1273.90921	1273.91582	1247.52376	1247.57008	
74.96003	1273.90921	1273.91582	1247.52376	1247.57008	
74.97002	1273.90921	1273.91582	1247.52376	1247.57008	
74.98015	1273.90921	1273.91582	1247.52376	1247.57008	
74.99031	1273.90921	1273.91582	1247.52376	1247.56135	
75.00045	1273.90921	1273.91582	1247.52376	1247.56135	
75.01059	1273.90921	1273.91582	1247.52376	1247.56135	
75.02078	1273.90921	1273.91582	1247.52376	1247.55262	
75.03088	1273.90921	1273.91582	1247.52376	1247.5439	
75.04104	1273.90921	1273.91582	1247.52376	1247.5439	
75.05116	1273.90921	1273.91582	1247.52376	1247.53517	
75.06145	1273.90921	1273.91582	1247.52376	1247.52644	
75.07153	1273.90921	1273.91582	1247.52376	1247.52644	
75.08163	1273.90921	1273.91582	1247.52376	1247.51772	
75.09178	1273.90921	1273.91582	1247.52376	1247.51772	
75.10196	1273.90921	1273.91582	1247.52376	1247.50899	
75.11994	1273.90921	1273.91582	1247.52376	1247.50899	
75.12449	1273.90921	1273.91582	1247.52376	1247.50899	
75.13464	1273.90921	1273.91582	1247.52376	1247.50899	
75.14488	1273.90921	1273.91582	1247.52376	1247.50899	
75.15615	1273.90921	1273.91582	1247.52376	1247.50899	
75.16512	1273.90921	1273.91582	1247.52376	1247.50899	
75.17564	1273.90921	1273.91582	1247.52376	1247.50899	
75.18545	1273.90921	1273.91582	1247.52376	1247.50899	
