0.0355791	1471.18166	1471.18166	537.735943	537.735943	
0.04045398	1471.18187	1471.18166	537.736155	537.735943	
0.05058072	1471.18309	1471.18166	537.737374	537.735943	
0.06096246	1471.185	1471.18166	537.739279	537.735943	
0.07111021	1471.18747	1471.18166	537.74175	537.735943	
0.08124895	1471.19055	1471.18166	537.744835	537.735943	
0.0913947	1471.19426	1471.19039	537.748541	537.744669	
0.1015314	1471.19858	1471.19039	537.75286	537.744669	
0.1117362	1471.20355	1471.19039	537.757835	537.744669	
0.1218619	1471.2091	1471.19911	537.763383	537.753396	
0.1320047	1471.2153	1471.19911	537.769583	537.753396	
0.1421904	1471.2221	1471.20784	537.776386	537.753396	
0.1523112	1471.2295	1471.20784	537.783781	537.753396	
0.1624579	1471.23753	1471.21657	537.791811	537.762122	
0.1726056	1471.24618	1471.22529	537.800465	537.770849	
0.1828134	1471.25551	1471.23402	537.809794	537.779576	
0.1929271	1471.26536	1471.24275	537.819647	537.788302	
0.2030769	1471.27587	1471.25147	537.830157	537.797029	
0.2132496	1471.28703	1471.2602	537.841315	537.805756	
0.2233834	1471.29876	1471.27765	537.85304	537.823209	
0.2334591	1471.31102	1471.28638	537.865306	537.831936	
0.2436649	1471.32407	1471.29511	537.878358	537.840662	
0.2547876	1471.33908	1471.31256	537.893363	537.858116	
0.2650063	1471.35346	1471.33001	537.907746	537.875569	
0.2747851	1471.36778	1471.34747	537.922062	537.893022	
0.2849178	1471.38325	1471.36492	537.937529	537.910475	
0.2950936	1471.39939	1471.38237	537.953675	537.927929	
0.3052733	1471.41618	1471.39983	537.970465	537.954109	
0.3154291	1471.43354	1471.41728	537.987822	537.971562	
0.3255258	1471.45141	1471.43473	538.005696	537.997742	
0.3356695	1471.46998	1471.46091	538.024265	538.015195	
0.3462123	1471.48997	1471.47837	538.044254	538.050102	
0.356193	1471.50946	1471.50455	538.063746	538.067555	
0.3664508	1471.53015	1471.522	538.084428	538.093735	
0.3765065	1471.55101	1471.54818	538.105297	538.119915	
0.3866503	1471.57269	1471.57436	538.126977	538.146095	
0.396879	1471.59518	1471.59181	538.149462	538.172275	
0.4073817	1471.61894	1471.61799	538.173223	538.198455	
0.4173955	1471.64218	1471.64417	538.196459	538.224635	
0.4275832	1471.66645	1471.67035	538.220733	538.250815	
0.437742	1471.69127	1471.69653	538.24555	538.276995	
0.4478937	1471.71669	1471.72271	538.270973	538.294448	
0.4580655	1471.74279	1471.74889	538.297071	538.329354	
0.4682072	1471.76942	1471.7838	538.323708	538.346808	
0.4783379	1471.79664	1471.80998	538.350923	538.372988	
0.4885017	1471.82457	1471.83616	538.378853	538.399168	
0.4986524	1471.85308	1471.86234	538.407365	538.425348	
0.5088172	1471.88226	1471.89724	538.436541	538.451528	
0.5189909	1471.91207	1471.92342	538.466354	538.486434	
0.5291297	1471.9424	1471.95833	538.496686	538.503887	
0.5394214	1471.97385	1471.98451	538.528132	538.538794	
0.5494872	1472.00517	1472.01069	538.559455	538.564974	
0.5596239	1472.03736	1472.0456	538.591639	538.591154	
0.5697486	1472.07011	1472.0805	538.62439	538.62606	
0.5798764	1472.10349	1472.10668	538.657776	538.65224	
0.5901031	1472.13784	1472.14159	538.692126	538.687147	
0.6002639	1472.17257	1472.16777	538.726855	538.713327	
0.6104006	1472.20783	1472.20268	538.762118	538.748234	
0.6205804	1472.24388	1472.24631	538.798163	538.78314	
0.6307291	1472.28043	1472.28122	538.834709	538.818047	
0.6408818	1472.3176	1472.31612	538.871888	538.86168	
0.6509866	1472.35522	1472.35976	538.909502	538.905313	
0.6612823	1472.3942	1472.39466	538.948484	538.94022	
0.6713441	1472.43288	1472.42957	538.987166	538.983853	
0.6814748	1472.47245	1472.4732	539.02673	539.027486	
0.6916286	1472.51271	1472.51684	539.066996	539.071119	
0.7018303	1472.55383	1472.55174	539.108111	539.114753	
0.7122751	1472.59657	1472.6041	539.150854	539.158386	
0.7221528	1472.63753	1472.64774	539.191817	539.202019	
0.7322615	1472.6801	1472.69137	539.23438	539.245652	
0.7425263	1472.72396	1472.735	539.278241	539.289286	
0.752962	1472.77005	1472.77864	539.324337	539.341645	
0.7628508	1472.81265	1472.831	539.366937	539.385279	
0.7729385	1472.85759	1472.87463	539.411869	539.428912	
0.7831183	1472.90355	1472.91826	539.45783	539.481272	
0.793246	1472.94989	1472.97062	539.504174	539.516178	
0.8033788	1472.9969	1473.00553	539.551186	539.568538	
0.8135535	1473.04468	1473.05789	539.598967	539.612171	
0.8237042	1473.093	1473.11025	539.647287	539.655805	
0.833819	1473.14176	1473.15388	539.696039	539.708165	
0.8440167	1473.19152	1473.20624	539.745802	539.760524	
0.8541855	1473.24179	1473.24987	539.796073	539.804158	
0.8643012	1473.29238	1473.30223	539.846664	539.856518	
0.874548	1473.34429	1473.35459	539.898576	539.900151	
0.8845787	1473.39569	1473.40695	539.94997	539.952511	
0.8961144	1473.45565	1473.45931	540.009937	540.013597	
0.9059392	1473.50725	1473.51167	540.061528	540.065957	
0.9160689	1473.56105	1473.56403	540.11533	540.118317	
0.9262587	1473.61582	1473.62512	540.170103	540.179403	
0.9363634	1473.67073	1473.67748	540.225012	540.231763	
0.9465621	1473.7268	1473.73857	540.281087	540.284123	
0.9567339	1473.78332	1473.79093	540.337606	540.34521	
0.9669176	1473.84054	1473.84329	540.394819	540.39757	
0.9769854	1473.89773	1473.90437	540.452008	540.458656	
0.9871461	1473.95604	1473.96546	540.510325	540.511016	
0.9973499	1474.01523	1474.02655	540.569514	540.572103	
1.007465	1474.07452	1474.08763	540.628805	540.633189	
1.017629	1474.13471	1474.14872	540.688991	540.685549	
1.027932	1474.1964	1474.20981	540.750685	540.746635	
1.037972	1474.25706	1474.26217	540.811346	540.807722	
1.048191	1474.31944	1474.33198	540.873728	540.860082	
1.059637	1474.39022	1474.39307	540.944498	540.921168	
1.06849	1474.44528	1474.46288	540.999568	540.982255	
1.078976	1474.51129	1474.52397	541.065575	541.052068	
1.08882	1474.57374	1474.58505	541.128023	541.104428	
1.098974	1474.63886	1474.64614	541.193144	541.165515	
1.109172	1474.70485	1474.71595	541.259133	541.226601	
1.119393	1474.77164	1474.78576	541.325925	541.278961	
1.129471	1474.83807	1474.84685	541.392354	541.340047	
1.139597	1474.90546	1474.91666	541.459744	541.401134	
1.149833	1474.97423	1474.97775	541.528511	541.453494	
1.160232	1475.04474	1475.04756	541.59902	541.51458	
1.170124	1475.11234	1475.11738	541.666623	541.575667	
1.180271	1475.18233	1475.18719	541.736609	541.636753	
1.1904	1475.25282	1475.26573	541.807106	541.69784	
1.200588	1475.32435	1475.33554	541.878631	541.7502	
1.210735	1475.39622	1475.40536	541.950507	541.820013	
1.220893	1475.46876	1475.47517	542.023044	541.8811	
1.231015	1475.54165	1475.55371	542.095937	541.942186	
1.241172	1475.61546	1475.62352	542.169747	542.011999	
1.252259	1475.69684	1475.69334	542.251125	542.081812	
1.261482	1475.76485	1475.76315	542.31913	542.160352	
1.271575	1475.83998	1475.83296	542.394262	542.238892	
1.281715	1475.91609	1475.90278	542.470377	542.326158	
1.291931	1475.99345	1475.97259	542.547729	542.413425	
1.302078	1476.07085	1476.05113	542.625137	542.509418	
1.312273	1476.14926	1476.12967	542.703543	542.605411	
1.322375	1476.22756	1476.20821	542.781844	542.710131	
1.332536	1476.30694	1476.28675	542.861223	542.814851	
1.343021	1476.38958	1476.36529	542.943859	542.91957	
1.352847	1476.46746	1476.44383	543.021745	543.015564	
1.362986	1476.54851	1476.53109	543.102797	543.120283	
1.373113	1476.6301	1476.61836	543.184383	543.216276	
1.383276	1476.71261	1476.70563	543.266896	543.320996	
1.395335	1476.81147	1476.79289	543.365749	543.425716	
1.403687	1476.8802	1476.88016	543.434483	543.512982	
1.413823	1476.96432	1476.96743	543.518602	543.600249	
1.424032	1477.0497	1477.05469	543.603988	543.687515	
1.434176	1477.13509	1477.14196	543.689369	543.766055	
1.444299	1477.221	1477.22923	543.775281	543.844595	
1.454452	1477.30773	1477.31649	543.862008	543.923135	
1.464596	1477.39499	1477.40376	543.949274	544.001675	
1.474716	1477.48267	1477.49102	544.036956	544.080214	
1.484862	1477.57123	1477.57829	544.125509	544.158754	
1.4953	1477.66299	1477.65683	544.217272	544.228567	
1.505186	1477.75044	1477.7441	544.304718	544.307107	
1.523208	1477.91227	1477.83136	544.466551	544.446734	
1.527748	1477.95297	1477.92736	544.507251	544.48164	
1.53789	1478.04469	1478.01462	544.598968	544.56018	
1.548091	1478.13757	1478.10189	544.691854	544.63872	
1.558224	1478.23045	1478.19788	544.784735	544.725986	
1.568402	1478.32442	1478.28515	544.878708	544.813253	
1.578563	1478.41878	1478.37242	544.973058	544.900519	
1.588742	1478.51395	1478.45968	545.068236	544.987786	
1.598935	1478.60988	1478.54695	545.164159	545.083779	
1.609076	1478.70591	1478.64294	545.260189	545.179772	
1.619218	1478.80258	1478.73021	545.356864	545.275765	
1.629405	1478.90029	1478.81748	545.454573	545.380485	
1.63953	1478.99805	1478.91347	545.55233	545.485204	
1.649637	1479.09622	1479.01819	545.650505	545.589924	
1.659848	1479.19608	1479.11418	545.750359	545.694644	
1.670002	1479.29594	1479.2189	545.850224	545.799364	
1.680224	1479.39711	1479.32362	545.951396	545.91281	
1.690309	1479.49759	1479.42834	546.051868	546.026256	
1.700468	1479.59938	1479.53306	546.153659	546.130976	
1.710751	1479.70304	1479.63778	546.25732	546.244423	
1.72083	1479.80526	1479.75123	546.359538	546.349142	
1.730936	1479.90836	1479.86467	546.462644	546.462589	
1.741117	1480.01286	1479.96939	546.567138	546.567309	
1.751276	1480.11774	1480.07411	546.672026	546.672028	
1.761417	1480.22307	1480.18756	546.777355	546.776748	
1.771592	1480.32936	1480.29228	546.883638	546.890194	
1.781742	1480.436	1480.40572	546.990288	546.994914	
1.791897	1480.5433	1480.51044	547.097588	547.108361	
1.802052	1480.65128	1480.61516	547.20556	547.21308	
1.812189	1480.76	1480.72861	547.31428	547.326527	
1.822415	1480.86962	1480.83333	547.423903	547.439973	
1.832572	1480.97941	1480.94678	547.533692	547.544693	
1.842747	1481.09059	1481.0515	547.644878	547.649413	
1.853008	1481.20562	1481.16494	547.759901	547.754132	
1.872648	1481.41316	1481.37438	547.967442	547.963572	
1.87732	1481.46339	1481.41802	548.017674	548.015932	
1.887438	1481.57137	1481.54019	548.12565	548.129378	
1.898061	1481.68408	1481.65364	548.23836	548.242825	
1.908179	1481.79077	1481.76708	548.345054	548.347544	
1.91835	1481.89744	1481.88053	548.451721	548.460991	
1.928515	1482.00343	1481.99397	548.55771	548.574437	
1.938679	1482.10881	1482.10742	548.663094	548.679157	
1.948827	1482.21342	1482.22087	548.767698	548.783877	
1.959023	1482.31788	1482.34304	548.872167	548.897323	
1.969146	1482.42099	1482.45649	548.975269	549.002043	
1.979275	1482.52354	1482.56121	549.077821	549.106763	
1.989501	1482.62648	1482.67465	549.180759	549.220209	
1.999625	1482.72772	1482.77937	549.282004	549.324929	
2.009774	1482.82867	1482.88409	549.382954	549.429649	
2.027979	1483.00734	1483.07608	549.561621	549.612908	
2.032647	1483.05313	1483.11971	549.607411	549.656541	
2.042743	1483.15264	1483.22443	549.706925	549.761261	
2.052949	1483.25043	1483.32042	549.804715	549.865981	
2.072381	1483.43589	1483.50368	549.990174	550.040514	
2.077001	1483.48004	1483.54732	550.034323	550.092874	
2.08743	1483.57894	1483.63458	550.133226	550.18014	
2.097562	1483.67436	1483.73058	550.228646	550.276133	
2.107716	1483.76942	1483.82657	550.323706	550.372126	
2.117959	1483.86471	1483.90511	550.418991	550.459393	
2.128084	1483.95827	1484.0011	550.512553	550.546659	
2.138208	1484.05117	1484.08837	550.605451	550.633926	
2.148358	1484.14374	1484.17564	550.69802	550.721192	
2.158562	1484.23616	1484.25418	550.790442	550.808459	
2.168629	1484.32673	1484.35017	550.881016	550.895725	
2.178824	1484.41788	1484.42871	550.972165	550.974265	
2.188978	1484.50803	1484.51598	551.062317	551.061531	
2.199163	1484.59781	1484.59452	551.152092	551.140071	
2.209293	1484.68653	1484.68178	551.240809	551.227338	
2.219444	1484.7748	1484.76905	551.329087	551.314604	
2.229635	1484.86281	1484.85631	551.417095	551.401871	
2.239768	1484.94969	1484.94358	551.503977	551.48041	
2.249904	1485.03601	1485.03085	551.590292	551.567677	
2.260093	1485.12219	1485.11811	551.676472	551.654943	
2.270194	1485.20696	1485.20538	551.761247	551.74221	
2.280353	1485.29165	1485.29265	551.845935	551.829476	
2.290462	1485.37529	1485.37991	551.929576	551.916743	
2.300647	1485.45895	1485.46718	552.013236	552.004009	
2.31087	1485.54231	1485.54572	552.096594	552.091276	
2.320944	1485.62382	1485.63299	552.178108	552.178542	
2.331147	1485.70581	1485.72025	552.260091	552.265809	
2.341313	1485.78685	1485.80752	552.341133	552.353075	
2.351466	1485.86719	1485.88606	552.421468	552.431615	
2.361565	1485.94647	1485.97333	552.500756	552.518881	
2.371752	1486.02589	1486.05186	552.580171	552.606148	
2.381897	1486.10431	1486.1304	552.658588	552.675961	
2.392051	1486.1822	1486.21767	552.736478	552.763227	
2.402214	1486.25957	1486.29621	552.813854	552.841767	
2.412349	1486.3361	1486.37475	552.890379	552.920307	
2.42252	1486.41229	1486.44456	552.966575	552.99012	
2.432638	1486.48746	1486.5231	553.041747	553.06866	
2.442875	1486.56294	1486.59292	553.117223	553.1472	
2.452999	1486.63694	1486.67146	553.191224	553.217013	
2.463198	1486.71085	1486.74127	553.265134	553.286826	
2.473334	1486.78373	1486.81108	553.338016	553.356639	
2.483415	1486.85562	1486.8809	553.409902	553.426453	
2.493622	1486.92777	1486.95071	553.482051	553.504992	
2.50376	1486.99884	1487.02052	553.55312	553.574806	
2.51386	1487.06903	1487.09034	553.623312	553.644619	
2.524048	1487.1392	1487.15142	553.693485	553.705705	
2.534202	1487.20855	1487.22124	553.762834	553.775518	
2.544416	1487.27768	1487.28232	553.83196	553.845332	
2.554493	1487.34528	1487.35214	553.899563	553.915145	
2.564668	1487.41296	1487.42195	553.967239	553.976231	
2.574876	1487.4802	1487.49176	554.034479	554.037318	
2.58498	1487.54616	1487.55285	554.100445	554.107131	
2.59511	1487.61168	1487.61393	554.16596	554.176944	
2.60537	1487.67745	1487.68375	554.231728	554.238031	
2.615466	1487.74153	1487.74483	554.295816	554.299117	
2.62558	1487.80512	1487.81465	554.359406	554.36893	
2.635707	1487.86821	1487.87573	554.42249	554.438743	
2.645851	1487.93079	1487.94555	554.485077	554.49983	
2.65601	1487.99285	1488.00663	554.547135	554.560917	
2.666146	1488.05415	1488.06772	554.608433	554.63073	
2.676296	1488.11512	1488.12881	554.669402	554.691816	
2.686441	1488.17509	1488.19862	554.729368	554.752903	
2.696593	1488.23467	1488.25971	554.788949	554.822716	
2.706811	1488.29402	1488.32079	554.8483	554.875076	
2.716928	1488.3522	1488.38188	554.906479	554.944889	
2.727083	1488.40996	1488.43424	554.964245	554.997249	
2.737244	1488.46715	1488.49533	555.021436	555.058335	
2.747428	1488.5239	1488.54769	555.078182	555.119422	
2.757635	1488.5801	1488.60877	555.134381	555.171782	
2.767772	1488.63534	1488.66113	555.189624	555.224142	
2.777911	1488.68998	1488.71349	555.24426	555.276502	
2.788062	1488.74407	1488.76585	555.298354	555.328861	
2.798232	1488.79767	1488.81821	555.35195	555.381221	
2.808413	1488.85071	1488.87057	555.404988	555.433581	
2.818578	1488.90305	1488.92293	555.457334	555.485941	
2.828724	1488.95469	1488.96656	555.508973	555.529574	
2.83898	1489.00628	1489.01892	555.560564	555.581934	
2.849038	1489.05626	1489.07128	555.61054	555.625567	
2.859191	1489.10613	1489.12364	555.660413	555.677927	
2.869399	1489.15565	1489.16728	555.709928	555.730287	
2.879521	1489.20414	1489.21964	555.758421	555.77392	
2.88967	1489.25216	1489.26327	555.806447	555.817554	
2.899833	1489.29964	1489.3069	555.853923	555.869913	
2.909982	1489.34645	1489.35054	555.900734	555.913547	
2.920145	1489.39272	1489.4029	555.947002	555.95718	
2.93028	1489.43826	1489.44653	555.992541	556.000813	
2.940452	1489.48336	1489.49016	556.037643	556.044446	
2.950621	1489.52783	1489.5338	556.082116	556.096806	
2.960797	1489.57173	1489.58616	556.126013	556.131713	
2.970917	1489.61482	1489.62106	556.169099	556.184073	
2.981059	1489.65735	1489.67342	556.211634	556.218979	
2.991257	1489.69952	1489.70833	556.253802	556.271339	
3.00139	1489.74083	1489.76069	556.29511	556.306246	
3.011526	1489.78154	1489.7956	556.335825	556.349879	
3.021649	1489.82161	1489.83923	556.375894	556.393512	
3.031856	1489.86141	1489.88286	556.415691	556.428419	
3.041988	1489.9003	1489.91777	556.454582	556.463325	
3.052145	1489.93869	1489.9614	556.492975	556.506959	
3.063607	1489.98122	1489.99631	556.535504	556.550592	
3.07248	1490.01372	1490.03122	556.568005	556.585498	
3.082622	1490.05026	1490.06612	556.604541	556.620405	
3.092817	1490.08639	1490.10103	556.640675	556.655312	
3.103007	1490.12188	1490.12721	556.676159	556.681492	
3.113085	1490.15639	1490.16212	556.710668	556.716398	
3.123243	1490.19057	1490.19702	556.744856	556.751305	
3.133412	1490.2242	1490.23193	556.778479	556.777485	
3.143573	1490.25721	1490.25811	556.811489	556.812391	
3.153693	1490.28947	1490.29302	556.84375	556.847298	
3.163821	1490.32117	1490.31919	556.875451	556.873478	
3.174024	1490.35249	1490.3541	556.906777	556.899658	
3.184204	1490.38317	1490.38901	556.937457	556.934564	
3.194301	1490.41298	1490.41519	556.967258	556.969471	
3.204454	1490.44238	1490.44137	556.996661	556.995651	
3.214576	1490.47107	1490.46755	557.025358	557.021831	
3.224713	1490.49924	1490.49373	557.053522	557.048011	
3.23487	1490.52685	1490.52863	557.081133	557.074191	
3.245005	1490.55381	1490.55481	557.108093	557.100371	
3.256043	1490.58247	1490.57227	557.13675	557.126551	
3.273316	1490.62525	1490.59845	557.179534	557.170184	
3.277891	1490.63661	1490.63335	557.190897	557.17891	
3.288	1490.66102	1490.65953	557.2153	557.20509	
3.298183	1490.68499	1490.68571	557.239275	557.23127	
3.310169	1490.71234	1490.71189	557.266628	557.25745	
3.328073	1490.75105	1490.7468	557.305338	557.301083	
3.332578	1490.76085	1490.75553	557.315135	557.301083	
3.342833	1490.78239	1490.78171	557.336671	557.327263	
3.352945	1490.80305	1490.80789	557.357331	557.353443	
3.363068	1490.82315	1490.82534	557.377434	557.370897	
3.373206	1490.8427	1490.84279	557.396987	557.38835	
3.383397	1490.86177	1490.86025	557.41605	557.405803	
3.393523	1490.88013	1490.8777	557.434418	557.423257	
3.403665	1490.89796	1490.88643	557.452244	557.449436	
3.413799	1490.91518	1490.90388	557.469467	557.458163	
3.424038	1490.932	1490.91261	557.486282	557.475616	
3.434101	1490.94797	1490.93006	557.50225	557.49307	
3.444293	1490.96356	1490.94751	557.517842	557.510523	
3.454418	1490.97847	1490.95624	557.532755	557.527976	
3.464588	1490.99288	1490.96497	557.547165	557.536703	
3.474699	1491.00665	1490.97369	557.56093	557.54543	
3.484913	1491.01998	1490.98242	557.574265	557.562883	
3.495083	1491.03268	1490.99115	557.58696	557.571609	
3.50518	1491.04473	1491.0086	557.599017	557.580336	
3.515369	1491.05634	1491.01733	557.610622	557.589063	
3.525903	1491.06772	1491.02605	557.622003	557.597789	
3.535651	1491.07776	1491.03478	557.632042	557.597789	
3.545766	1491.08762	1491.05223	557.641905	557.597789	
3.555923	1491.09697	1491.05223	557.651257	557.606516	
3.566033	1491.10574	1491.06969	557.660026	557.615243	
3.576278	1491.11408	1491.07841	557.668361	557.615243	
3.586405	1491.12178	1491.08714	557.676068	557.623969	
3.596533	1491.12896	1491.08714	557.683244	557.632696	
3.606677	1491.13563	1491.09587	557.689908	557.632696	
3.624672	1491.14545	1491.10459	557.699737	557.650149	
3.62921	1491.14799	1491.11332	557.702273	557.650149	
3.639378	1491.15304	1491.12205	557.707321	557.658876	
3.649526	1491.15759	1491.12205	557.711876	557.667603	
3.659681	1491.16167	1491.12205	557.715956	557.676329	
3.669856	1491.1653	1491.12205	557.719582	557.685056	
3.679998	1491.16847	1491.13077	557.722752	557.685056	
3.690224	1491.17123	1491.13077	557.72551	557.693783	
3.700344	1491.17355	1491.13077	557.727834	557.702509	
3.710482	1491.17549	1491.13077	557.729775	557.702509	
3.72062	1491.17708	1491.13077	557.731358	557.702509	
3.730735	1491.18166	1491.13077	557.735943	557.702509	
3.740877	1491.18166	1491.13077	557.735943	557.702509	
3.751098	1491.18166	1491.13077	557.735943	557.702509	
3.76126	1491.18166	1491.13077	557.735943	557.702509	
3.771353	1491.18166	1491.13077	557.735943	557.702509	
3.781602	1491.18166	1491.13077	557.735943	557.702509	
3.791735	1491.18166	1491.13077	557.735943	557.702509	
3.801811	1491.18166	1491.13077	557.735943	557.702509	
3.81201	1491.18166	1491.13077	557.735943	557.702509	
3.822175	1491.18166	1491.13077	557.735943	557.702509	
3.840219	1491.18166	1491.13077	557.735943	557.702509	
3.844739	1491.18166	1491.13077	557.735943	557.702509	
3.85802	1491.18166	1491.13077	557.735943	557.702509	
3.865069	1491.18166	1491.13077	557.735943	557.702509	
3.875209	1491.18166	1491.13077	557.735943	557.702509	
3.885398	1491.18166	1491.13077	557.735943	557.702509	
3.896775	1491.18166	1491.13077	557.735943	557.702509	
3.905659	1491.18166	1491.13077	557.735943	557.702509	
3.915778	1491.18166	1491.13077	557.735943	557.702509	
3.925912	1491.18166	1491.13077	557.735943	557.702509	
3.936092	1491.18166	1491.13077	557.735943	557.702509	
3.946226	1491.18166	1491.13077	557.735943	557.702509	
3.956401	1491.18166	1491.13077	557.735943	557.702509	
3.96653	1491.18166	1491.13077	557.735943	557.702509	
3.97664	1491.18166	1491.13077	557.735943	557.702509	
3.994694	1491.18166	1491.13077	557.735943	557.702509	
3.999256	1491.18166	1491.13077	557.735943	557.702509	
4.009419	1491.18166	1491.13077	557.735943	557.702509	
4.019565	1491.18166	1491.13077	557.735943	557.702509	
4.02976	1491.18166	1491.13077	557.735943	557.702509	
4.039856	1491.18166	1491.13077	557.735943	557.702509	
4.050021	1491.18166	1491.13077	557.735943	557.702509	
4.060189	1491.18166	1491.13077	557.735943	557.702509	
4.070372	1491.18166	1491.13077	557.735943	557.702509	
4.08058	1491.18166	1491.13077	557.735943	557.702509	
4.090701	1491.18166	1491.13077	557.735943	557.702509	
4.10087	1491.18166	1491.13077	557.735943	557.702509	
4.11112	1491.18166	1491.13077	557.735943	557.702509	
4.121307	1491.18166	1491.13077	557.735943	557.702509	
4.131327	1491.18166	1491.13077	557.735943	557.702509	
4.141516	1491.18166	1491.13077	557.735943	557.702509	
4.151651	1491.18166	1491.13077	557.735943	557.702509	
4.161785	1491.18166	1491.13077	557.735943	557.702509	
4.171937	1491.18166	1491.13077	557.735943	557.702509	
4.182104	1491.18166	1491.13077	557.735943	557.702509	
4.192302	1491.18166	1491.13077	557.735943	557.702509	
4.20241	1491.18166	1491.13077	557.735943	557.702509	
4.212724	1491.18166	1491.13077	557.735943	557.702509	
4.222728	1491.18166	1491.13077	557.735943	557.702509	
4.232856	1491.18166	1491.13077	557.735943	557.702509	
4.243017	1491.18166	1491.13077	557.735943	557.702509	
4.253148	1491.18166	1491.13077	557.735943	557.702509	
4.263365	1491.18166	1491.13077	557.735943	557.702509	
4.273426	1491.18166	1491.13077	557.735943	557.702509	
4.283572	1491.18166	1491.13077	557.735943	557.702509	
4.293744	1491.18166	1491.13077	557.735943	557.702509	
4.303935	1491.18166	1491.13077	557.735943	557.702509	
4.314144	1491.18166	1491.13077	557.735943	557.702509	
4.324201	1491.18166	1491.13077	557.735943	557.702509	
4.334347	1491.18166	1491.13077	557.735943	557.702509	
4.344551	1491.18166	1491.13077	557.735943	557.702509	
4.354695	1491.18166	1491.13077	557.735943	557.702509	
4.364815	1491.18166	1491.13077	557.735943	557.702509	
4.375049	1491.18166	1491.13077	557.735943	557.702509	
4.38512	1491.18166	1491.13077	557.735943	557.702509	
4.395314	1491.18166	1491.13077	557.735943	557.702509	
4.405529	1491.18166	1491.13077	557.735943	557.702509	
4.415927	1491.18166	1491.13077	557.735943	557.702509	
4.42573	1491.18166	1491.13077	557.735943	557.702509	
4.435879	1491.18166	1491.13077	557.735943	557.702509	
4.446033	1491.18166	1491.13077	557.735943	557.702509	
4.456171	1491.18166	1491.13077	557.735943	557.702509	
4.466307	1491.18166	1491.13077	557.735943	557.702509	
4.476462	1491.18166	1491.13077	557.735943	557.702509	
4.48661	1491.18166	1491.13077	557.735943	557.702509	
4.496835	1491.18166	1491.13077	557.735943	557.702509	
4.506926	1491.18166	1491.13077	557.735943	557.702509	
4.517086	1491.18166	1491.13077	557.735943	557.702509	
4.527305	1491.18166	1491.13077	557.735943	557.702509	
4.537415	1491.18166	1491.13077	557.735943	557.702509	
4.547573	1491.18166	1491.13077	557.735943	557.702509	
4.557771	1491.18166	1491.13077	557.735943	557.702509	
4.567904	1491.18166	1491.13077	557.735943	557.702509	
4.578052	1491.18166	1491.13077	557.735943	557.702509	
4.588246	1491.18166	1491.13077	557.735943	557.702509	
4.598414	1491.18166	1491.13077	557.735943	557.702509	
4.608634	1491.18166	1491.13077	557.735943	557.702509	
4.618765	1491.18166	1491.1395	557.735943	557.702509	
4.628931	1491.18166	1491.1395	557.735943	557.702509	
4.639158	1491.18166	1491.1395	557.735943	557.702509	
4.649193	1491.18166	1491.1395	557.735943	557.702509	
4.659379	1491.18166	1491.1395	557.735943	557.702509	
4.669583	1491.18166	1491.1395	557.735943	557.702509	
4.679703	1491.18166	1491.1395	557.735943	557.702509	
4.689852	1491.18166	1491.1395	557.735943	557.702509	
4.700004	1491.18166	1491.1395	557.735943	557.702509	
4.715132	1491.18166	1491.1395	557.735943	557.702509	
4.724997	1491.18166	1491.1395	557.735943	557.702509	
4.735211	1491.18166	1491.1395	557.735943	557.702509	
4.753173	1491.18166	1491.1395	557.735943	557.702509	
4.757996	1491.18166	1491.1395	557.735943	557.702509	
4.76796	1491.18166	1491.1395	557.735943	557.702509	
4.778102	1491.18166	1491.1395	557.735943	557.702509	
4.788268	1491.18166	1491.1395	557.735943	557.702509	
4.798437	1491.18166	1491.1395	557.735943	557.702509	
4.808668	1491.18166	1491.1395	557.735943	557.702509	
4.818774	1491.18166	1491.1395	557.735943	557.702509	
4.82894	1491.18166	1491.1395	557.735943	557.702509	
4.839266	1491.18166	1491.1395	557.735943	557.702509	
4.849246	1491.18166	1491.1395	557.735943	557.702509	
4.859412	1491.18166	1491.1395	557.735943	557.702509	
4.869601	1491.18166	1491.1395	557.735943	557.702509	
4.879737	1491.18166	1491.1395	557.735943	557.702509	
4.889868	1491.18166	1491.1395	557.735943	557.702509	
4.901198	1491.18166	1491.1395	557.735943	557.702509	
4.910165	1491.18166	1491.1395	557.735943	557.702509	
4.920294	1491.18166	1491.1395	557.735943	557.702509	
4.930414	1491.18166	1491.1395	557.735943	557.702509	
4.940634	1491.18166	1491.1395	557.735943	557.702509	
4.950805	1491.18166	1491.1395	557.735943	557.702509	
4.960922	1491.18166	1491.1395	557.735943	557.702509	
4.971067	1491.18166	1491.1395	557.735943	557.702509	
4.981185	1491.18166	1491.1395	557.735943	557.702509	
4.991402	1491.18166	1491.1395	557.735943	557.702509	
5.001514	1491.18166	1491.1395	557.735943	557.702509	
5.011673	1491.18166	1491.1395	557.735943	557.702509	
5.021867	1491.18166	1491.1395	557.735943	557.702509	
5.031997	1491.18166	1491.1395	557.735943	557.702509	
