8.543994	-1741.43461	-1741.43717	-2539.23334	-2539.2359	
8.549143	-1741.43385	-1741.43717	-2539.23258	-2539.2359	
8.558918	-1741.4317	-1741.43717	-2539.23043	-2539.2359	
8.569032	-1741.42885	-1741.43717	-2539.22758	-2539.2359	
8.579312	-1741.42532	-1741.42844	-2539.22405	-2539.2359	
8.589334	-1741.42128	-1741.42844	-2539.22001	-2539.2359	
8.599518	-1741.41655	-1741.41971	-2539.21527	-2539.22717	
8.609603	-1741.41125	-1741.41971	-2539.20998	-2539.22717	
8.619718	-1741.40533	-1741.41099	-2539.20405	-2539.22717	
8.630076	-1741.39861	-1741.40226	-2539.19733	-2539.22717	
8.640074	-1741.39153	-1741.39353	-2539.19026	-2539.22717	
8.650298	-1741.38366	-1741.38481	-2539.18239	-2539.22717	
8.660411	-1741.37527	-1741.37608	-2539.174	-2539.22717	
8.670589	-1741.3662	-1741.36735	-2539.16493	-2539.22717	
8.68076	-1741.35652	-1741.3499	-2539.15524	-2539.22717	
8.6909	-1741.34624	-1741.3499	-2539.14497	-2539.22717	
8.701033	-1741.33537	-1741.33245	-2539.13409	-2539.22717	
8.711263	-1741.32375	-1741.32372	-2539.12248	-2539.22717	
8.721368	-1741.31167	-1741.31499	-2539.1104	-2539.22717	
8.731479	-1741.29896	-1741.29754	-2539.09769	-2539.22717	
8.741662	-1741.28555	-1741.28881	-2539.08427	-2539.22717	
8.752373	-1741.27072	-1741.28009	-2539.06944	-2539.22717	
8.762325	-1741.25639	-1741.27136	-2539.05512	-2539.22717	
8.772473	-1741.24114	-1741.25391	-2539.03987	-2539.22717	
8.782653	-1741.22522	-1741.24518	-2539.02395	-2539.22717	
8.792853	-1741.20865	-1741.23645	-2539.00738	-2539.21844	
8.802997	-1741.19155	-1741.219	-2538.99028	-2539.20972	
8.813134	-1741.17385	-1741.21027	-2538.97257	-2539.20972	
8.823387	-1741.1553	-1741.20155	-2538.95403	-2539.20099	
8.833409	-1741.13659	-1741.1841	-2538.93532	-2539.19226	
8.843553	-1741.11702	-1741.17537	-2538.91575	-2539.18354	
8.854784	-1741.09455	-1741.15792	-2538.89328	-2539.17481	
8.86499	-1741.07356	-1741.14046	-2538.87228	-2539.16608	
8.875048	-1741.05226	-1741.13174	-2538.85099	-2539.15736	
8.885164	-1741.03023	-1741.11428	-2538.82895	-2539.1399	
8.895367	-1741.00738	-1741.10556	-2538.80611	-2539.13118	
8.905496	-1740.98408	-1741.0881	-2538.78281	-2539.12245	
8.915628	-1740.96016	-1741.07065	-2538.75888	-2539.105	
8.925834	-1740.93543	-1741.0532	-2538.73416	-2539.08754	
8.935978	-1740.91023	-1741.03574	-2538.70896	-2539.07009	
8.946178	-1740.88383	-1741.01829	-2538.68256	-2539.04391	
8.957618	-1740.85431	-1740.99211	-2538.65304	-2539.01773	
8.967493	-1740.82795	-1740.96593	-2538.62668	-2539.00028	
8.977579	-1740.8004	-1740.94848	-2538.59912	-2538.96537	
8.987725	-1740.77203	-1740.93102	-2538.57076	-2538.94792	
8.997896	-1740.743	-1740.90484	-2538.54172	-2538.91301	
9.008153	-1740.71307	-1740.87866	-2538.5118	-2538.8781	
9.018148	-1740.68335	-1740.84376	-2538.48208	-2538.85192	
9.028285	-1740.65256	-1740.81758	-2538.45128	-2538.81702	
9.04737	-1740.59188	-1740.7914	-2538.39061	-2538.78211	
9.051937	-1740.57745	-1740.75649	-2538.37617	-2538.73848	
9.080462	-1740.48028	-1740.6605	-2538.27901	-2538.62503	
9.08506	-1740.46484	-1740.64304	-2538.26357	-2538.60758	
9.095232	-1740.42987	-1740.60814	-2538.2286	-2538.57267	
9.105535	-1740.39378	-1740.57323	-2538.19251	-2538.52904	
9.115515	-1740.35826	-1740.53832	-2538.15699	-2538.49413	
9.125658	-1740.32154	-1740.49469	-2538.12026	-2538.4505	
9.135804	-1740.28417	-1740.45978	-2538.0829	-2538.40686	
9.1459	-1740.24568	-1740.42488	-2538.04441	-2538.37196	
9.158361	-1740.19868	-1740.38124	-2537.99741	-2538.32832	
9.166347	-1740.1679	-1740.34634	-2537.96663	-2538.28469	
9.17644	-1740.12828	-1740.3027	-2537.927	-2538.24978	
9.186592	-1740.08781	-1740.2678	-2537.88654	-2538.21488	
9.196771	-1740.0466	-1740.22416	-2537.84533	-2538.17124	
9.206835	-1740.00524	-1740.18053	-2537.80397	-2538.12761	
9.21727	-1739.9617	-1740.1369	-2537.76043	-2538.0927	
9.227203	-1739.9197	-1740.09326	-2537.71843	-2538.0578	
9.237361	-1739.8761	-1740.05836	-2537.67483	-2538.00544	
9.256432	-1739.79153	-1739.97109	-2537.59026	-2537.93563	
9.263586	-1739.75975	-1739.95364	-2537.55848	-2537.90945	
9.271539	-1739.72406	-1739.91	-2537.52279	-2537.86581	
9.281401	-1739.67916	-1739.86637	-2537.47788	-2537.82218	
9.291505	-1739.63252	-1739.81401	-2537.43125	-2537.77855	
9.301811	-1739.58431	-1739.77038	-2537.38304	-2537.73491	
9.312005	-1739.53598	-1739.71802	-2537.33471	-2537.69128	
9.322094	-1739.48755	-1739.67439	-2537.28627	-2537.63892	
9.332213	-1739.43836	-1739.62203	-2537.23709	-2537.58656	
9.342378	-1739.38833	-1739.56967	-2537.18706	-2537.54293	
9.352531	-1739.33774	-1739.51731	-2537.13647	-2537.49057	
9.365578	-1739.27155	-1739.46495	-2537.07027	-2537.44693	
9.373273	-1739.23232	-1739.41259	-2537.03105	-2537.39457	
9.383018	-1739.18203	-1739.36023	-2536.98075	-2537.34221	
9.393156	-1739.12905	-1739.29914	-2536.92778	-2537.28985	
9.403286	-1739.07549	-1739.23805	-2536.87421	-2537.22877	
9.413464	-1739.02104	-1739.18569	-2536.81977	-2537.17641	
9.423658	-1738.96592	-1739.12461	-2536.76464	-2537.11532	
9.433785	-1738.91051	-1739.06352	-2536.70924	-2537.06296	
9.443926	-1738.85442	-1739.01116	-2536.65315	-2537.00187	
9.454069	-1738.7977	-1738.94135	-2536.59643	-2536.94079	
9.466213	-1738.72875	-1738.88026	-2536.52748	-2536.88843	
9.474387	-1738.68216	-1738.81917	-2536.48088	-2536.83607	
9.484548	-1738.62349	-1738.75809	-2536.42222	-2536.76625	
9.494671	-1738.56442	-1738.697	-2536.36315	-2536.71389	
9.504825	-1738.50455	-1738.62719	-2536.30328	-2536.64408	
9.515002	-1738.44392	-1738.55737	-2536.24264	-2536.59172	
9.525129	-1738.38298	-1738.49629	-2536.18171	-2536.52191	
9.53535	-1738.32083	-1738.42647	-2536.11955	-2536.46955	
9.545413	-1738.25905	-1738.35666	-2536.05778	-2536.39974	
9.555544	-1738.19623	-1738.29558	-2535.99496	-2536.33865	
9.565736	-1738.13238	-1738.22576	-2535.93111	-2536.27756	
9.578443	-1738.05172	-1738.1385	-2535.85044	-2536.1903	
9.588563	-1737.987	-1738.06868	-2535.78573	-2536.12048	
9.598674	-1737.92169	-1737.99887	-2535.72042	-2536.0594	
9.608822	-1737.85552	-1737.92906	-2535.65425	-2535.98958	
9.619325	-1737.78634	-1737.85924	-2535.58507	-2535.91977	
9.629265	-1737.72035	-1737.7807	-2535.51908	-2535.84996	
9.639289	-1737.65315	-1737.70216	-2535.45188	-2535.78014	
9.649382	-1737.58488	-1737.63235	-2535.38361	-2535.71033	
9.659487	-1737.51592	-1737.55381	-2535.31465	-2535.63179	
9.671329	-1737.43411	-1737.47527	-2535.23284	-2535.56198	
9.688178	-1737.31594	-1737.40546	-2535.11466	-2535.48344	
9.692847	-1737.28326	-1737.30946	-2535.08199	-2535.38744	
9.702894	-1737.21209	-1737.23092	-2535.01081	-2535.31763	
9.713058	-1737.13945	-1737.15238	-2534.93818	-2535.23036	
9.723272	-1737.06582	-1737.07384	-2534.86454	-2535.16055	
9.733393	-1736.99227	-1736.98658	-2534.79099	-2535.07329	
9.743608	-1736.91741	-1736.91676	-2534.71614	-2535.00347	
9.753704	-1736.84281	-1736.8295	-2534.64154	-2534.92493	
9.764231	-1736.76432	-1736.74223	-2534.56305	-2534.84639	
9.776938	-1736.66848	-1736.66369	-2534.46721	-2534.75913	
9.784876	-1736.6084	-1736.57643	-2534.40712	-2534.68059	
9.794718	-1736.5333	-1736.49789	-2534.33203	-2534.60205	
9.804871	-1736.45518	-1736.41935	-2534.2539	-2534.52351	
9.814993	-1736.37666	-1736.33208	-2534.17539	-2534.44497	
9.82517	-1736.29707	-1736.24481	-2534.0958	-2534.3577	
9.835435	-1736.21617	-1736.16627	-2534.0149	-2534.27916	
9.845434	-1736.13679	-1736.07901	-2533.93552	-2534.20062	
9.855641	-1736.05511	-1735.99174	-2533.85384	-2534.11335	
9.866485	-1735.96756	-1735.90447	-2533.76629	-2534.02609	
9.878175	-1735.87238	-1735.81721	-2533.67111	-2533.94755	
9.886216	-1735.80662	-1735.72994	-2533.60534	-2533.86028	
9.896214	-1735.7242	-1735.6514	-2533.52293	-2533.77301	
9.906399	-1735.63964	-1735.55541	-2533.43837	-2533.68575	
9.916517	-1735.555	-1735.46814	-2533.35373	-2533.59848	
9.92677	-1735.46855	-1735.38088	-2533.26728	-2533.51122	
9.936825	-1735.38324	-1735.29361	-2533.18197	-2533.41522	
9.946963	-1735.29656	-1735.20634	-2533.09529	-2533.32796	
9.957145	-1735.20888	-1735.11908	-2533.00761	-2533.23196	
9.967229	-1735.12148	-1735.03181	-2532.92021	-2533.13597	
9.979296	-1735.01575	-1734.93582	-2532.81447	-2533.0487	
9.995724	-1734.87028	-1734.77874	-2532.66901	-2532.87417	
10.00043	-1734.82863	-1734.7351	-2532.62736	-2532.83054	
10.01056	-1734.73817	-1734.64784	-2532.5369	-2532.73454	
10.02087	-1734.64542	-1734.55184	-2532.44415	-2532.63855	
10.03089	-1734.55473	-1734.46458	-2532.35346	-2532.54256	
10.0411	-1734.46175	-1734.37731	-2532.26048	-2532.44656	
10.05124	-1734.3687	-1734.29004	-2532.16742	-2532.35057	
10.06138	-1734.275	-1734.19405	-2532.07373	-2532.24585	
10.07158	-1734.18023	-1734.11551	-2531.97896	-2532.15859	
10.08324	-1734.07088	-1734.01952	-2531.8696	-2532.05387	
10.0919	-1733.98938	-1733.94098	-2531.78811	-2531.9666	
10.10205	-1733.89319	-1733.84499	-2531.69192	-2531.87061	
10.1122	-1733.79821	-1733.75772	-2531.59694	-2531.77461	
10.1223	-1733.70429	-1733.67045	-2531.50301	-2531.67862	
10.13249	-1733.61015	-1733.59191	-2531.40888	-2531.58263	
10.14267	-1733.51672	-1733.49592	-2531.31545	-2531.49536	
10.15286	-1733.42392	-1733.40865	-2531.22265	-2531.39937	
10.163	-1733.33211	-1733.32139	-2531.13084	-2531.3121	
10.17311	-1733.24118	-1733.23412	-2531.0399	-2531.21611	
10.18575	-1733.12842	-1733.14685	-2530.92714	-2531.12884	
10.19347	-1733.05995	-1733.05959	-2530.85868	-2531.04157	
10.20361	-1732.97062	-1732.97232	-2530.76935	-2530.95431	
10.21391	-1732.88053	-1732.87633	-2530.67926	-2530.85832	
10.2239	-1732.79366	-1732.78906	-2530.59239	-2530.77105	
10.2342	-1732.70479	-1732.69307	-2530.50352	-2530.68378	
10.24419	-1732.61917	-1732.6058	-2530.4179	-2530.59652	
10.25439	-1732.53246	-1732.51854	-2530.33119	-2530.50925	
10.26451	-1732.44694	-1732.43127	-2530.24566	-2530.42198	
10.27464	-1732.362	-1732.344	-2530.16073	-2530.33472	
10.28707	-1732.25867	-1732.24801	-2530.05739	-2530.25618	
10.29536	-1732.19016	-1732.16074	-2529.98889	-2530.16891	
10.30515	-1732.10994	-1732.06475	-2529.90867	-2530.08164	
10.31534	-1732.02688	-1731.98621	-2529.82561	-2529.99438	
10.32563	-1731.94378	-1731.89894	-2529.74251	-2529.91584	
10.33562	-1731.86362	-1731.81168	-2529.66235	-2529.8373	
10.34584	-1731.78222	-1731.71568	-2529.58095	-2529.75003	
10.35601	-1731.70189	-1731.63714	-2529.50061	-2529.67149	
10.36673	-1731.61789	-1731.54988	-2529.41661	-2529.59295	
10.37624	-1731.54393	-1731.46261	-2529.34265	-2529.50568	
10.38656	-1731.46422	-1731.37534	-2529.26294	-2529.42715	
10.3966	-1731.38735	-1731.28808	-2529.18607	-2529.34861	
10.40682	-1731.30975	-1731.20954	-2529.10848	-2529.26134	
10.417	-1731.23308	-1731.12227	-2529.03181	-2529.1828	
10.42715	-1731.15718	-1731.04373	-2528.95591	-2529.10426	
10.43758	-1731.07985	-1730.95647	-2528.87858	-2529.02572	
10.44742	-1731.00749	-1730.87793	-2528.80622	-2528.94718	
10.4577	-1730.93254	-1730.79066	-2528.73127	-2528.86864	
10.46765	-1730.86053	-1730.71212	-2528.65926	-2528.7901	
10.47784	-1730.7874	-1730.63358	-2528.58613	-2528.71156	
10.48813	-1730.71425	-1730.55504	-2528.51298	-2528.63302	
10.4984	-1730.6418	-1730.4765	-2528.44053	-2528.56321	
10.50829	-1730.57273	-1730.39796	-2528.37146	-2528.49339	
10.5185	-1730.50195	-1730.31942	-2528.30068	-2528.42358	
10.52879	-1730.43124	-1730.24961	-2528.22997	-2528.35377	
10.53908	-1730.36124	-1730.17979	-2528.15997	-2528.28395	
10.54908	-1730.29374	-1730.10125	-2528.09247	-2528.21414	
10.55902	-1730.22722	-1730.02271	-2528.02595	-2528.14433	
10.56921	-1730.15971	-1729.9529	-2527.95844	-2528.07451	
10.57932	-1730.09333	-1729.88309	-2527.89206	-2528.0047	
10.5895	-1730.02706	-1729.81327	-2527.82579	-2527.94362	
10.59973	-1729.96104	-1729.74346	-2527.75976	-2527.8738	
10.61002	-1729.89538	-1729.67365	-2527.69411	-2527.81272	
10.62004	-1729.832	-1729.61256	-2527.63072	-2527.7429	
10.63015	-1729.76864	-1729.54275	-2527.56736	-2527.69054	
10.64059	-1729.7039	-1729.48166	-2527.50263	-2527.62073	
10.65072	-1729.64164	-1729.41185	-2527.44036	-2527.55964	
10.66091	-1729.57967	-1729.35076	-2527.37839	-2527.49856	
10.67105	-1729.51864	-1729.28968	-2527.31737	-2527.42874	
10.68119	-1729.45816	-1729.22859	-2527.25689	-2527.37638	
10.69137	-1729.39807	-1729.1675	-2527.1968	-2527.30657	
10.70157	-1729.33848	-1729.10642	-2527.13721	-2527.24548	
10.7118	-1729.27939	-1729.04533	-2527.07811	-2527.1844	
10.72207	-1729.22063	-1728.99297	-2527.01936	-2527.12331	
10.73203	-1729.16428	-1728.93188	-2526.96301	-2527.06222	
10.7422	-1729.10733	-1728.87952	-2526.90605	-2527.00114	
10.75235	-1729.05108	-1728.81844	-2526.84981	-2526.94005	
10.76249	-1728.99552	-1728.76608	-2526.79425	-2526.87896	
10.77264	-1728.94053	-1728.71372	-2526.73926	-2526.81788	
10.78285	-1728.88579	-1728.66136	-2526.68452	-2526.76552	
10.79301	-1728.83198	-1728.609	-2526.6307	-2526.70443	
10.80398	-1728.77455	-1728.54791	-2526.57328	-2526.64334	
10.81421	-1728.72166	-1728.50428	-2526.52039	-2526.59099	
10.82428	-1728.67015	-1728.45192	-2526.46888	-2526.5299	
10.83439	-1728.61909	-1728.39956	-2526.41781	-2526.47754	
10.84454	-1728.5684	-1728.36465	-2526.36713	-2526.41645	
10.85472	-1728.51821	-1728.31229	-2526.31693	-2526.36409	
10.86488	-1728.46868	-1728.26866	-2526.26741	-2526.31173	
10.87509	-1728.41957	-1728.22503	-2526.21829	-2526.25937	
10.88521	-1728.37144	-1728.19012	-2526.17017	-2526.20701	
10.89541	-1728.3236	-1728.14649	-2526.12233	-2526.16338	
10.90667	-1728.27151	-1728.10285	-2526.07024	-2526.10229	
10.91678	-1728.22539	-1728.06795	-2526.02412	-2526.05866	
10.92691	-1728.17972	-1728.02431	-2525.97844	-2526.01503	
10.93732	-1728.13348	-1727.98941	-2525.9322	-2525.97139	
10.94759	-1728.08844	-1727.9545	-2525.88717	-2525.92776	
10.95742	-1728.04591	-1727.91959	-2525.84464	-2525.88413	
10.96765	-1728.00224	-1727.88469	-2525.80097	-2525.84049	
10.97771	-1727.95996	-1727.84978	-2525.75869	-2525.80559	
10.98784	-1727.91796	-1727.81487	-2525.71669	-2525.77068	
10.99799	-1727.87647	-1727.77997	-2525.6752	-2525.73577	
11.0093	-1727.83102	-1727.74506	-2525.62975	-2525.70087	
11.01944	-1727.79086	-1727.71888	-2525.58959	-2525.66596	
11.02957	-1727.75136	-1727.68397	-2525.55008	-2525.63105	
11.05073	-1727.67209	-1727.64907	-2525.47082	-2525.59615	
11.05533	-1727.65481	-1727.60543	-2525.45354	-2525.56124	
11.06547	-1727.61737	-1727.57925	-2525.4161	-2525.52633	
11.07562	-1727.58051	-1727.54435	-2525.37924	-2525.50015	
11.08573	-1727.5444	-1727.51817	-2525.34313	-2525.47397	
11.09614	-1727.50708	-1727.49199	-2525.30581	-2525.44779	
11.10948	-1727.46216	-1727.45708	-2525.26089	-2525.42161	
11.11621	-1727.43928	-1727.4309	-2525.23801	-2525.39543	
11.12633	-1727.40553	-1727.40472	-2525.20426	-2525.36925	
11.13652	-1727.37216	-1727.36981	-2525.17089	-2525.34307	
11.1467	-1727.33943	-1727.34363	-2525.13816	-2525.31689	
11.15683	-1727.30745	-1727.31745	-2525.10618	-2525.29071	
11.16703	-1727.27588	-1727.29127	-2525.07461	-2525.26453	
11.17724	-1727.24489	-1727.25637	-2525.04362	-2525.24708	
11.18736	-1727.21475	-1727.23019	-2525.01348	-2525.21217	
11.19746	-1727.18524	-1727.20401	-2524.98397	-2525.19472	
11.20783	-1727.1556	-1727.17783	-2524.95432	-2525.16854	
11.21782	-1727.12759	-1727.14292	-2524.92632	-2525.14236	
11.2283	-1727.09888	-1727.11674	-2524.89761	-2525.12491	
11.23815	-1727.07245	-1727.09056	-2524.87118	-2525.09873	
11.24952	-1727.04271	-1727.06438	-2524.84144	-2525.07255	
11.26669	-1726.99983	-1727.0382	-2524.79855	-2525.0551	
11.27131	-1726.98826	-1727.00329	-2524.78698	-2525.02019	
11.28143	-1726.96362	-1726.98584	-2524.76235	-2525.00274	
11.2916	-1726.93948	-1726.95966	-2524.73821	-2524.98528	
11.3017	-1726.91608	-1726.93348	-2524.71481	-2524.9591	
11.31189	-1726.89307	-1726.9073	-2524.6918	-2524.94165	
11.32209	-1726.87063	-1726.88985	-2524.66936	-2524.91547	
11.33222	-1726.84893	-1726.86367	-2524.64765	-2524.89802	
11.34239	-1726.82775	-1726.83749	-2524.62648	-2524.88056	
11.3525	-1726.80725	-1726.82004	-2524.60598	-2524.86311	
11.3627	-1726.78717	-1726.79386	-2524.5859	-2524.83693	
11.37285	-1726.7678	-1726.7764	-2524.56652	-2524.81948	
11.38297	-1726.74905	-1726.75895	-2524.54778	-2524.80202	
11.39318	-1726.73074	-1726.7415	-2524.52946	-2524.78457	
11.40328	-1726.71318	-1726.72404	-2524.51191	-2524.76712	
11.41345	-1726.69608	-1726.70659	-2524.49481	-2524.75839	
11.42376	-1726.67937	-1726.68914	-2524.47809	-2524.74094	
11.4338	-1726.66365	-1726.67168	-2524.46238	-2524.72348	
11.44394	-1726.64836	-1726.65423	-2524.44709	-2524.70603	
11.45414	-1726.63355	-1726.63678	-2524.43228	-2524.68858	
11.46455	-1726.61904	-1726.61932	-2524.41777	-2524.67985	
11.47508	-1726.60499	-1726.60187	-2524.40371	-2524.6624	
11.48521	-1726.59203	-1726.59314	-2524.39076	-2524.65367	
11.49534	-1726.57964	-1726.58442	-2524.37837	-2524.63622	
11.50547	-1726.56781	-1726.56696	-2524.36654	-2524.61876	
11.51561	-1726.55652	-1726.55824	-2524.35525	-2524.61004	
11.52633	-1726.54524	-1726.54951	-2524.34396	-2524.60131	
11.5364	-1726.53517	-1726.53206	-2524.3339	-2524.59258	
11.54659	-1726.52553	-1726.52333	-2524.32426	-2524.58386	
11.55668	-1726.51654	-1726.5146	-2524.31526	-2524.5664	
11.56678	-1726.50808	-1726.5146	-2524.3068	-2524.5664	
11.57711	-1726.49999	-1726.49715	-2524.29871	-2524.54895	
11.58716	-1726.49264	-1726.49715	-2524.29136	-2524.54895	
11.59733	-1726.48573	-1726.48842	-2524.28446	-2524.54022	
11.60742	-1726.4794	-1726.4797	-2524.27813	-2524.5315	
11.61781	-1726.47342	-1726.4797	-2524.27215	-2524.5315	
11.62777	-1726.46818	-1726.47097	-2524.26691	-2524.5315	
11.63789	-1726.46335	-1726.46224	-2524.26208	-2524.52277	
11.64809	-1726.45898	-1726.45352	-2524.25771	-2524.52277	
11.65817	-1726.45514	-1726.45352	-2524.25386	-2524.52277	
11.66835	-1726.45172	-1726.44479	-2524.25045	-2524.52277	
11.67858	-1726.44874	-1726.44479	-2524.24747	-2524.52277	
11.68867	-1726.44623	-1726.43606	-2524.24496	-2524.52277	
11.69884	-1726.4441	-1726.43606	-2524.24283	-2524.52277	
11.7089	-1726.44237	-1726.42734	-2524.2411	-2524.52277	
11.71933	-1726.43717	-1726.42734	-2524.2359	-2524.52277	
11.72934	-1726.43717	-1726.41861	-2524.2359	-2524.52277	
11.73976	-1726.43717	-1726.41861	-2524.2359	-2524.52277	
11.7496	-1726.43717	-1726.41861	-2524.2359	-2524.52277	
11.75976	-1726.43717	-1726.41861	-2524.2359	-2524.52277	
11.77006	-1726.43717	-1726.41861	-2524.2359	-2524.52277	
11.78012	-1726.43717	-1726.41861	-2524.2359	-2524.52277	
11.79023	-1726.43717	-1726.41861	-2524.2359	-2524.52277	
11.80037	-1726.43717	-1726.41861	-2524.2359	-2524.52277	
11.81049	-1726.43717	-1726.41861	-2524.2359	-2524.52277	
11.82068	-1726.43717	-1726.41861	-2524.2359	-2524.52277	
11.83154	-1726.43717	-1726.41861	-2524.2359	-2524.52277	
11.84166	-1726.43717	-1726.41861	-2524.2359	-2524.52277	
11.85179	-1726.43717	-1726.41861	-2524.2359	-2524.52277	
11.86194	-1726.43717	-1726.41861	-2524.2359	-2524.52277	
11.87216	-1726.43717	-1726.41861	-2524.2359	-2524.52277	
11.88247	-1726.43717	-1726.41861	-2524.2359	-2524.52277	
11.89238	-1726.43717	-1726.41861	-2524.2359	-2524.52277	
11.90254	-1726.43717	-1726.41861	-2524.2359	-2524.52277	
11.91269	-1726.43717	-1726.41861	-2524.2359	-2524.52277	
11.92279	-1726.43717	-1726.41861	-2524.2359	-2524.52277	
11.93406	-1726.43717	-1726.41861	-2524.2359	-2524.52277	
11.94419	-1726.43717	-1726.41861	-2524.2359	-2524.52277	
11.9544	-1726.43717	-1726.41861	-2524.2359	-2524.52277	
11.96451	-1726.43717	-1726.41861	-2524.2359	-2524.52277	
11.97463	-1726.43717	-1726.41861	-2524.2359	-2524.52277	
11.98484	-1726.43717	-1726.41861	-2524.2359	-2524.52277	
11.99498	-1726.43717	-1726.41861	-2524.2359	-2524.52277	
12.00513	-1726.43717	-1726.41861	-2524.2359	-2524.52277	
12.01526	-1726.43717	-1726.41861	-2524.2359	-2524.52277	
12.02538	-1726.43717	-1726.41861	-2524.2359	-2524.52277	
12.03661	-1726.43717	-1726.41861	-2524.2359	-2524.52277	
12.0469	-1726.43717	-1726.41861	-2524.2359	-2524.52277	
12.05688	-1726.43717	-1726.41861	-2524.2359	-2524.52277	
12.06701	-1726.43717	-1726.41861	-2524.2359	-2524.52277	
12.07758	-1726.43717	-1726.41861	-2524.2359	-2524.52277	
12.08736	-1726.43717	-1726.41861	-2524.2359	-2524.52277	
12.09747	-1726.43717	-1726.41861	-2524.2359	-2524.52277	
12.10759	-1726.43717	-1726.41861	-2524.2359	-2524.52277	
12.11772	-1726.43717	-1726.41861	-2524.2359	-2524.52277	
12.12792	-1726.43717	-1726.41861	-2524.2359	-2524.52277	
12.13923	-1726.43717	-1726.41861	-2524.2359	-2524.52277	
12.14938	-1726.43717	-1726.41861	-2524.2359	-2524.52277	
12.15955	-1726.43717	-1726.41861	-2524.2359	-2524.52277	
12.16962	-1726.43717	-1726.41861	-2524.2359	-2524.52277	
12.17981	-1726.43717	-1726.41861	-2524.2359	-2524.52277	
12.19001	-1726.43717	-1726.41861	-2524.2359	-2524.52277	
12.20018	-1726.43717	-1726.41861	-2524.2359	-2524.52277	
12.21032	-1726.43717	-1726.41861	-2524.2359	-2524.52277	
12.22043	-1726.43717	-1726.41861	-2524.2359	-2524.52277	
12.23061	-1726.43717	-1726.41861	-2524.2359	-2524.52277	
12.2419	-1726.43717	-1726.41861	-2524.2359	-2524.52277	
12.25358	-1726.43717	-1726.41861	-2524.2359	-2524.52277	
12.26227	-1726.43717	-1726.41861	-2524.2359	-2524.52277	
12.27238	-1726.43717	-1726.41861	-2524.2359	-2524.52277	
12.28247	-1726.43717	-1726.41861	-2524.2359	-2524.52277	
12.29268	-1726.43717	-1726.41861	-2524.2359	-2524.52277	
12.30285	-1726.43717	-1726.41861	-2524.2359	-2524.52277	
12.31299	-1726.43717	-1726.41861	-2524.2359	-2524.52277	
12.32313	-1726.43717	-1726.41861	-2524.2359	-2524.52277	
12.33327	-1726.43717	-1726.41861	-2524.2359	-2524.52277	
12.34444	-1726.43717	-1726.41861	-2524.2359	-2524.52277	
12.35461	-1726.43717	-1726.41861	-2524.2359	-2524.52277	
12.36483	-1726.43717	-1726.41861	-2524.2359	-2524.52277	
12.3749	-1726.43717	-1726.41861	-2524.2359	-2524.52277	
12.385	-1726.43717	-1726.41861	-2524.2359	-2524.52277	
12.39515	-1726.43717	-1726.41861	-2524.2359	-2524.52277	
12.40539	-1726.43717	-1726.41861	-2524.2359	-2524.52277	
12.41547	-1726.43717	-1726.41861	-2524.2359	-2524.52277	
12.4256	-1726.43717	-1726.41861	-2524.2359	-2524.52277	
12.43575	-1726.43717	-1726.41861	-2524.2359	-2524.52277	
12.44701	-1726.43717	-1726.41861	-2524.2359	-2524.52277	
12.45749	-1726.43717	-1726.41861	-2524.2359	-2524.52277	
12.46727	-1726.43717	-1726.41861	-2524.2359	-2524.52277	
12.47743	-1726.43717	-1726.41861	-2524.2359	-2524.52277	
12.48783	-1726.43717	-1726.41861	-2524.2359	-2524.52277	
12.49769	-1726.43717	-1726.41861	-2524.2359	-2524.52277	
12.50786	-1726.43717	-1726.41861	-2524.2359	-2524.52277	
12.51804	-1726.43717	-1726.41861	-2524.2359	-2524.52277	
12.52816	-1726.43717	-1726.41861	-2524.2359	-2524.52277	
12.5383	-1726.43717	-1726.41861	-2524.2359	-2524.52277	
12.54954	-1726.43717	-1726.41861	-2524.2359	-2524.52277	
12.55978	-1726.43717	-1726.41861	-2524.2359	-2524.52277	
12.56981	-1726.43717	-1726.41861	-2524.2359	-2524.52277	
12.57999	-1726.43717	-1726.41861	-2524.2359	-2524.52277	
12.59056	-1726.43717	-1726.41861	-2524.2359	-2524.52277	
12.60064	-1726.43717	-1726.41861	-2524.2359	-2524.52277	
12.61077	-1726.43717	-1726.41861	-2524.2359	-2524.52277	
12.62097	-1726.43717	-1726.41861	-2524.2359	-2524.52277	
12.63109	-1726.43717	-1726.41861	-2524.2359	-2524.52277	
12.64133	-1726.43717	-1726.41861	-2524.2359	-2524.52277	
12.65216	-1726.43717	-1726.41861	-2524.2359	-2524.52277	
12.66239	-1726.43717	-1726.41861	-2524.2359	-2524.52277	
12.67248	-1726.43717	-1726.41861	-2524.2359	-2524.52277	
12.68261	-1726.43717	-1726.41861	-2524.2359	-2524.52277	
12.69272	-1726.43717	-1726.41861	-2524.2359	-2524.52277	
12.70293	-1726.43717	-1726.41861	-2524.2359	-2524.52277	
12.71308	-1726.43717	-1726.41861	-2524.2359	-2524.52277	
12.7233	-1726.43717	-1726.41861	-2524.2359	-2524.52277	
12.73339	-1726.43717	-1726.41861	-2524.2359	-2524.52277	
12.74352	-1726.43717	-1726.41861	-2524.2359	-2524.52277	
12.7548	-1726.43717	-1726.41861	-2524.2359	-2524.52277	
12.76493	-1726.43717	-1726.41861	-2524.2359	-2524.52277	
12.77508	-1726.43717	-1726.41861	-2524.2359	-2524.52277	
12.78529	-1726.43717	-1726.41861	-2524.2359	-2524.52277	
12.7954	-1726.43717	-1726.41861	-2524.2359	-2524.52277	
12.80555	-1726.43717	-1726.41861	-2524.2359	-2524.52277	
12.81578	-1726.43717	-1726.41861	-2524.2359	-2524.52277	
12.82589	-1726.43717	-1726.41861	-2524.2359	-2524.52277	
12.83602	-1726.43717	-1726.41861	-2524.2359	-2524.52277	
12.84631	-1726.43717	-1726.41861	-2524.2359	-2524.52277	
12.85748	-1726.43717	-1726.41861	-2524.2359	-2524.52277	
12.86809	-1726.43717	-1726.41861	-2524.2359	-2524.52277	
12.87764	-1726.43717	-1726.41861	-2524.2359	-2524.52277	
12.88784	-1726.43717	-1726.41861	-2524.2359	-2524.52277	
12.89792	-1726.43717	-1726.41861	-2524.2359	-2524.52277	
12.90807	-1726.43717	-1726.41861	-2524.2359	-2524.52277	
12.91822	-1726.43717	-1726.41861	-2524.2359	-2524.52277	
12.92848	-1726.43717	-1726.41861	-2524.2359	-2524.52277	
12.93856	-1726.43717	-1726.41861	-2524.2359	-2524.52277	
12.94906	-1726.43717	-1726.41861	-2524.2359	-2524.52277	
12.96001	-1726.43717	-1726.41861	-2524.2359	-2524.52277	
12.97013	-1726.43717	-1726.41861	-2524.2359	-2524.52277	
12.98022	-1726.43717	-1726.41861	-2524.2359	-2524.52277	
12.99036	-1726.43717	-1726.41861	-2524.2359	-2524.52277	
13.00083	-1726.43717	-1726.41861	-2524.2359	-2524.52277	
13.01078	-1726.43717	-1726.41861	-2524.2359	-2524.52277	
13.02096	-1726.43717	-1726.41861	-2524.2359	-2524.52277	
13.0311	-1726.43717	-1726.41861	-2524.2359	-2524.52277	
13.05066	-1726.43717	-1726.41861	-2524.2359	-2524.52277	
13.05525	-1726.43717	-1726.41861	-2524.2359	-2524.52277	
13.06555	-1726.43717	-1726.41861	-2524.2359	-2524.52277	
13.07568	-1726.43717	-1726.41861	-2524.2359	-2524.52277	
13.08578	-1726.43717	-1726.41861	-2524.2359	-2524.52277	
13.09604	-1726.43717	-1726.41861	-2524.2359	-2524.52277	
13.10634	-1726.43717	-1726.41861	-2524.2359	-2524.52277	
13.13176	-1726.43717	-1726.41861	-2524.2359	-2524.52277	
13.14251	-1726.43717	-1726.41861	-2524.2359	-2524.52277	
