2.232879	-332.064814	-332.066343	-734.956618	-734.958148	
2.24307	-332.063081	-332.066343	-734.954886	-734.958148	
2.253134	-332.060769	-332.066343	-734.952574	-734.958148	
2.263278	-332.057817	-332.066343	-734.949621	-734.958148	
2.273455	-332.054232	-332.066343	-734.946036	-734.958148	
2.283636	-332.050025	-332.057617	-734.941829	-734.958148	
2.293828	-332.045189	-332.057617	-734.936994	-734.958148	
2.303925	-332.03979	-332.057617	-734.931594	-734.958148	
2.314048	-332.03376	-332.057617	-734.925565	-734.958148	
2.324264	-332.027043	-332.057617	-734.918847	-734.958148	
2.334461	-332.01972	-332.057617	-734.911525	-734.958148	
2.344614	-332.01181	-332.057617	-734.903614	-734.958148	
2.354746	-332.003301	-332.057617	-734.895105	-734.958148	
2.364863	-331.994191	-332.057617	-734.885996	-734.958148	
2.375065	-331.98438	-332.057617	-734.876184	-734.958148	
2.385203	-331.974013	-332.057617	-734.865818	-734.958148	
2.395562	-331.962766	-332.057617	-734.854571	-734.958148	
2.405531	-331.951365	-332.057617	-734.843169	-734.958148	
2.415665	-331.93915	-332.057617	-734.830955	-734.958148	
2.425944	-331.926119	-332.057617	-734.817924	-734.958148	
2.436054	-331.912695	-332.057617	-734.804499	-734.958148	
2.446253	-331.89853	-332.057617	-734.790335	-734.958148	
2.456376	-331.88386	-332.057617	-734.775664	-734.958148	
2.466511	-331.868547	-332.057617	-734.760351	-734.949421	
2.476671	-331.852579	-332.057617	-734.744384	-734.949421	
2.486811	-331.836037	-332.04889	-734.727841	-734.949421	
2.496933	-331.818902	-332.04889	-734.710706	-734.949421	
2.507118	-331.801028	-332.040164	-734.692832	-734.949421	
2.517257	-331.78263	-332.031437	-734.674435	-734.940695	
2.537522	-331.742757	-332.02271	-734.634561	-734.931968	
2.542231	-331.733577	-332.013984	-734.625382	-734.931968	
2.552358	-331.713082	-332.013984	-734.604886	-734.923241	
2.562526	-331.691867	-332.005257	-734.583672	-734.923241	
2.572683	-331.670057	-331.99653	-734.561862	-734.914515	
2.582799	-331.647721	-331.99653	-734.539525	-734.905788	
2.592968	-331.624647	-331.979077	-734.516451	-734.897061	
2.603192	-331.60082	-331.97035	-734.492624	-734.888335	
2.613307	-331.576626	-331.961624	-734.468431	-734.870882	
2.623408	-331.551864	-331.94417	-734.443669	-734.862155	
2.634961	-331.522663	-331.935444	-734.414467	-734.844702	
2.643827	-331.499893	-331.91799	-734.391698	-734.827248	
2.654058	-331.47293	-331.900537	-734.364735	-734.818522	
2.664139	-331.445749	-331.883084	-734.337553	-734.792342	
2.674257	-331.417852	-331.856904	-734.309657	-734.766162	
2.684475	-331.389054	-331.839451	-734.280858	-734.748709	
2.694573	-331.359994	-331.813271	-734.251798	-734.713802	
2.704721	-331.330162	-331.787091	-734.221966	-734.687622	
2.714859	-331.299739	-331.760911	-734.191544	-734.661442	
2.725026	-331.268606	-331.734731	-734.160411	-734.626535	
2.736536	-331.23249	-331.699824	-734.124295	-734.591629	
2.745601	-331.203683	-331.664918	-734.095487	-734.556722	
2.755566	-331.171347	-331.630011	-734.063152	-734.530542	
2.765692	-331.13789	-331.595105	-734.029694	-734.495636	
2.775836	-331.103586	-331.551471	-733.99539	-734.452003	
2.786262	-331.067722	-331.507838	-733.959526	-734.417096	
2.796145	-331.033508	-331.472932	-733.925313	-734.382189	
2.806301	-330.997473	-331.429298	-733.889278	-734.338556	
2.816428	-330.960913	-331.385665	-733.852717	-734.294923	
2.826557	-330.923736	-331.342032	-733.815541	-734.260016	
2.838057	-330.880641	-331.298399	-733.772445	-734.216383	
2.847345	-330.845435	-331.246039	-733.73724	-734.17275	
2.857091	-330.80791	-331.193679	-733.699715	-734.129117	
2.867274	-330.768022	-331.150046	-733.659827	-734.085483	
2.877346	-330.728	-331.106412	-733.619805	-734.04185	
2.887723	-330.686077	-331.054053	-733.577882	-733.998217	
2.897659	-330.645372	-331.001693	-733.537177	-733.954584	
2.907798	-330.603225	-330.958059	-733.49503	-733.91095	
2.917973	-330.560298	-330.9057	-733.452103	-733.858591	
2.928092	-330.516982	-330.862066	-733.408787	-733.814957	
2.939551	-330.467056	-330.809706	-733.358861	-733.771324	
2.948885	-330.425997	-330.757347	-733.317801	-733.718964	
2.958601	-330.38266	-330.704987	-733.274465	-733.666604	
2.968759	-330.336715	-330.661353	-733.228519	-733.622971	
2.978821	-330.290581	-330.608994	-733.182385	-733.579338	
2.989282	-330.241953	-330.56536	-733.133758	-733.526978	
2.999127	-330.19564	-330.513	-733.087444	-733.474618	
3.009281	-330.147245	-330.460641	-733.039049	-733.422258	
3.019429	-330.098241	-330.408281	-732.990045	-733.369898	
3.029539	-330.048828	-330.355921	-732.940632	-733.317539	
3.041044	-329.991668	-330.303561	-732.883472	-733.265179	
3.050271	-329.945483	-330.251201	-732.837288	-733.212819	
3.060093	-329.895702	-330.198841	-732.787506	-733.160459	
3.070264	-329.843489	-330.146481	-732.735293	-733.108099	
3.080401	-329.790855	-330.085395	-732.68266	-733.047012	
3.090615	-329.737167	-330.033035	-732.628972	-732.985926	
3.100834	-329.682843	-329.980675	-732.574647	-732.933566	
3.11091	-329.628657	-329.919589	-732.520462	-732.87248	
3.121036	-329.573608	-329.867229	-732.465412	-732.82012	
3.131205	-329.519516	-329.814869	-732.411321	-732.759033	
3.142563	-329.459842	-329.762509	-732.351646	-732.697947	
3.151785	-329.41192	-329.710149	-732.303724	-732.63686	
3.161728	-329.360813	-329.657789	-732.252617	-732.5845	
3.171877	-329.309258	-329.596703	-732.201062	-732.514687	
3.182233	-329.257257	-329.535616	-732.149061	-732.453601	
3.192413	-329.206752	-329.483256	-732.098557	-732.392514	
3.202565	-329.156975	-329.42217	-732.04878	-732.331427	
3.212752	-329.107646	-329.361083	-731.999451	-732.270341	
3.222887	-329.059146	-329.308723	-731.95095	-732.209254	
3.232993	-329.011396	-329.23891	-731.9032	-732.148168	
3.244073	-328.959723	-329.18655	-731.851528	-732.095808	
3.253616	-328.915789	-329.125464	-731.807594	-732.025995	
3.263526	-328.870726	-329.064377	-731.762531	-731.973635	
3.273722	-328.824948	-329.003291	-731.716752	-731.921275	
3.283853	-328.780081	-328.950931	-731.671886	-731.860189	
3.294103	-328.73527	-328.889844	-731.627074	-731.799102	
3.304195	-328.691756	-328.837484	-731.583561	-731.746742	
3.314359	-328.648521	-328.785124	-731.540326	-731.694382	
3.324554	-328.605766	-328.732765	-731.49757	-731.642022	
3.33463	-328.564081	-328.680405	-731.455886	-731.580936	
3.345573	-328.519501	-328.628045	-731.411305	-731.537303	
3.355208	-328.480805	-328.575685	-731.372609	-731.484943	
3.365167	-328.441397	-328.532052	-731.333202	-731.44131	
3.375336	-328.401716	-328.488419	-731.29352	-731.397676	
3.385436	-328.362929	-328.436059	-731.254734	-731.354043	
3.406631	-328.28475	-328.348792	-731.176554	-731.266777	
3.411299	-328.267457	-328.331339	-731.159262	-731.249323	
3.421413	-328.230695	-328.287706	-731.1225	-731.214417	
3.431519	-328.194561	-328.244072	-731.086366	-731.17951	
3.441758	-328.158545	-328.209166	-731.050349	-731.144604	
3.451935	-328.123331	-328.174259	-731.015136	-731.118424	
3.462167	-328.088562	-328.130626	-730.980366	-731.083517	
3.472291	-328.054742	-328.095719	-730.946546	-731.057337	
3.482456	-328.021363	-328.069539	-730.913168	-731.031157	
3.492634	-327.988547	-328.034633	-730.880352	-731.004977	
3.50274	-327.956534	-327.999726	-730.848339	-730.978797	
3.512907	-327.924945	-327.982273	-730.816749	-730.952617	
3.523053	-327.893994	-327.947366	-730.785799	-730.926437	
3.533234	-327.863514	-327.921187	-730.755319	-730.908984	
3.543334	-327.833902	-327.895007	-730.725706	-730.882804	
3.553544	-327.804536	-327.877553	-730.696341	-730.865351	
3.563714	-327.775885	-327.851373	-730.667689	-730.839171	
3.573896	-327.747788	-327.825193	-730.639593	-730.821718	
3.584036	-327.72039	-327.80774	-730.612195	-730.804264	
3.594204	-327.693511	-327.790287	-730.585316	-730.786811	
3.60444	-327.667044	-327.772834	-730.558848	-730.769358	
3.614532	-327.641534	-327.75538	-730.533338	-730.760631	
3.624667	-327.616497	-327.737927	-730.508301	-730.743178	
3.634823	-327.591991	-327.720474	-730.483796	-730.734451	
3.644958	-327.568118	-327.70302	-730.459923	-730.716998	
3.655196	-327.544588	-327.685567	-730.436392	-730.699545	
3.665357	-327.521819	-327.668114	-730.413623	-730.682091	
3.675483	-327.499721	-327.65066	-730.391526	-730.664638	
3.685809	-327.477789	-327.633207	-730.369594	-730.655911	
3.695763	-327.457197	-327.615754	-730.349002	-730.638458	
3.705999	-327.436555	-327.598301	-730.32836	-730.621005	
3.716099	-327.416882	-327.580847	-730.308687	-730.603552	
3.726225	-327.397657	-327.563394	-730.289461	-730.586098	
3.736424	-327.378892	-327.554667	-730.270696	-730.568645	
3.746527	-327.360857	-327.545941	-730.252661	-730.551192	
3.756823	-327.343085	-327.528487	-730.23489	-730.533738	
3.766941	-327.326182	-327.511034	-730.217986	-730.516285	
3.777075	-327.309828	-327.502307	-730.201633	-730.498832	
3.787283	-327.293923	-327.493581	-730.185727	-730.490105	
3.797703	-327.278292	-327.484854	-730.170096	-730.472652	
3.807526	-327.26408	-327.476128	-730.155885	-730.463925	
3.81778	-327.249832	-327.458674	-730.141636	-730.446472	
3.827925	-327.236294	-327.458674	-730.128099	-730.437745	
3.838163	-327.223202	-327.441221	-730.115006	-730.420292	
3.848218	-327.210893	-327.441221	-730.102698	-730.411565	
3.858515	-327.19886	-327.423768	-730.090664	-730.394112	
3.86869	-327.187534	-327.423768	-730.079338	-730.385385	
3.878745	-327.17688	-327.406314	-730.068684	-730.376659	
3.888904	-327.16666	-327.406314	-730.058464	-730.367932	
3.899361	-327.15673	-327.397588	-730.048535	-730.350479	
3.909219	-327.147874	-327.388861	-730.039678	-730.350479	
3.919327	-327.139327	-327.388861	-730.031132	-730.333025	
3.929453	-327.131299	-327.371408	-730.023103	-730.324299	
3.939606	-327.12378	-327.371408	-730.015584	-730.315572	
3.949778	-327.116772	-327.362681	-730.008576	-730.315572	
3.960059	-327.110227	-327.353955	-730.002032	-730.306846	
3.970166	-327.104296	-327.353955	-729.996101	-730.298119	
3.980321	-327.098846	-327.345228	-729.990651	-730.298119	
3.990419	-327.093913	-327.336501	-729.985718	-730.289392	
4.00062	-327.089427	-327.336501	-729.981231	-730.280666	
4.01077	-327.085436	-327.336501	-729.977241	-730.280666	
4.020948	-327.0819	-327.327775	-729.973705	-730.280666	
4.031087	-327.078824	-327.319048	-729.970629	-730.280666	
4.041217	-327.076179	-327.319048	-729.967983	-730.271939	
4.051403	-327.07393	-327.319048	-729.965735	-730.271939	
4.061548	-327.072074	-327.319048	-729.963879	-730.271939	
4.07174	-327.066343	-327.319048	-729.958148	-730.271939	
4.0819	-327.066343	-327.310321	-729.958148	-730.263212	
4.092033	-327.066343	-327.310321	-729.958148	-730.263212	
4.102452	-327.066343	-327.310321	-729.958148	-730.263212	
4.112364	-327.066343	-327.301595	-729.958148	-730.263212	
4.122476	-327.066343	-327.301595	-729.958148	-730.263212	
4.132742	-327.066343	-327.301595	-729.958148	-730.263212	
4.14279	-327.066343	-327.301595	-729.958148	-730.263212	
4.152958	-327.066343	-327.301595	-729.958148	-730.263212	
4.16326	-327.066343	-327.301595	-729.958148	-730.263212	
4.173366	-327.066343	-327.301595	-729.958148	-730.263212	
4.183451	-327.066343	-327.301595	-729.958148	-730.263212	
4.193628	-327.066343	-327.301595	-729.958148	-730.263212	
4.203818	-327.066343	-327.301595	-729.958148	-730.263212	
4.214073	-327.066343	-327.301595	-729.958148	-730.263212	
4.22417	-327.066343	-327.301595	-729.958148	-730.263212	
4.234319	-327.066343	-327.301595	-729.958148	-730.263212	
4.244529	-327.066343	-327.301595	-729.958148	-730.263212	
4.254577	-327.066343	-327.301595	-729.958148	-730.263212	
4.26484	-327.066343	-327.301595	-729.958148	-730.263212	
4.274994	-327.066343	-327.301595	-729.958148	-730.263212	
4.285165	-327.066343	-327.301595	-729.958148	-730.263212	
4.295304	-327.066343	-327.301595	-729.958148	-730.263212	
4.305428	-327.066343	-327.301595	-729.958148	-730.263212	
4.315648	-327.066343	-327.301595	-729.958148	-730.263212	
4.325753	-327.066343	-327.301595	-729.958148	-730.263212	
4.335946	-327.066343	-327.301595	-729.958148	-730.263212	
4.346083	-327.066343	-327.301595	-729.958148	-730.263212	
4.356379	-327.066343	-327.301595	-729.958148	-730.263212	
4.366447	-327.066343	-327.301595	-729.958148	-730.263212	
4.376622	-327.066343	-327.301595	-729.958148	-730.263212	
4.386723	-327.066343	-327.301595	-729.958148	-730.263212	
4.396938	-327.066343	-327.301595	-729.958148	-730.263212	
4.407475	-327.066343	-327.301595	-729.958148	-730.263212	
4.417253	-327.066343	-327.301595	-729.958148	-730.263212	
4.42738	-327.066343	-327.301595	-729.958148	-730.263212	
4.437478	-327.066343	-327.301595	-729.958148	-730.263212	
4.447607	-327.066343	-327.301595	-729.958148	-730.263212	
4.457767	-327.066343	-327.301595	-729.958148	-730.263212	
4.467989	-327.066343	-327.301595	-729.958148	-730.263212	
4.478211	-327.066343	-327.301595	-729.958148	-730.263212	
4.48826	-327.066343	-327.301595	-729.958148	-730.263212	
4.506388	-327.066343	-327.301595	-729.958148	-730.263212	
4.511015	-327.066343	-327.301595	-729.958148	-730.263212	
4.531276	-327.066343	-327.301595	-729.958148	-730.263212	
4.535928	-327.066343	-327.301595	-729.958148	-730.263212	
4.546032	-327.066343	-327.301595	-729.958148	-730.263212	
4.556407	-327.066343	-327.301595	-729.958148	-730.263212	
4.575604	-327.066343	-327.301595	-729.958148	-730.263212	
4.581293	-327.066343	-327.301595	-729.958148	-730.263212	
4.591453	-327.066343	-327.301595	-729.958148	-730.263212	
4.601582	-327.066343	-327.301595	-729.958148	-730.263212	
4.61179	-327.066343	-327.301595	-729.958148	-730.263212	
4.622276	-327.066343	-327.301595	-729.958148	-730.263212	
4.63212	-327.066343	-327.301595	-729.958148	-730.263212	
4.642261	-327.066343	-327.301595	-729.958148	-730.263212	
4.652386	-327.066343	-327.301595	-729.958148	-730.263212	
4.662557	-327.066343	-327.301595	-729.958148	-730.263212	
4.672778	-327.066343	-327.301595	-729.958148	-730.263212	
4.682868	-327.066343	-327.301595	-729.958148	-730.263212	
4.693298	-327.066343	-327.301595	-729.958148	-730.263212	
4.703197	-327.066343	-327.301595	-729.958148	-730.263212	
4.713386	-327.066343	-327.301595	-729.958148	-730.263212	
4.723522	-327.066343	-327.301595	-729.958148	-730.263212	
4.733711	-327.066343	-327.301595	-729.958148	-730.263212	
4.743834	-327.066343	-327.301595	-729.958148	-730.263212	
4.753955	-327.066343	-327.301595	-729.958148	-730.263212	
4.764147	-327.066343	-327.301595	-729.958148	-730.263212	
4.77437	-327.066343	-327.301595	-729.958148	-730.263212	
4.784719	-327.066343	-327.301595	-729.958148	-730.263212	
4.794847	-327.066343	-327.301595	-729.958148	-730.263212	
4.805067	-327.066343	-327.301595	-729.958148	-730.263212	
4.815118	-327.066343	-327.301595	-729.958148	-730.263212	
4.825316	-327.066343	-327.301595	-729.958148	-730.263212	
4.835651	-327.066343	-327.301595	-729.958148	-730.263212	
4.845658	-327.066343	-327.301595	-729.958148	-730.263212	
4.855816	-327.066343	-327.301595	-729.958148	-730.263212	
4.866281	-327.066343	-327.301595	-729.958148	-730.263212	
4.876479	-327.066343	-327.301595	-729.958148	-730.263212	
4.886336	-327.066343	-327.301595	-729.958148	-730.263212	
4.896437	-327.066343	-327.301595	-729.958148	-730.263212	
4.906588	-327.066343	-327.301595	-729.958148	-730.263212	
4.916776	-327.066343	-327.301595	-729.958148	-730.263212	
4.926861	-327.066343	-327.301595	-729.958148	-730.263212	
4.937091	-327.066343	-327.301595	-729.958148	-730.263212	
4.947219	-327.066343	-327.301595	-729.958148	-730.263212	
4.957324	-327.066343	-327.301595	-729.958148	-730.263212	
4.967732	-327.066343	-327.301595	-729.958148	-730.263212	
4.977753	-327.066343	-327.301595	-729.958148	-730.263212	
4.987879	-327.066343	-327.301595	-729.958148	-730.263212	
4.998035	-327.066343	-327.301595	-729.958148	-730.263212	
5.008138	-327.066343	-327.301595	-729.958148	-730.263212	
5.018299	-327.066343	-327.301595	-729.958148	-730.263212	
5.02898	-327.066343	-327.301595	-729.958148	-730.263212	
5.038706	-327.066343	-327.301595	-729.958148	-730.263212	
5.049038	-327.066343	-327.301595	-729.958148	-730.263212	
5.058889	-327.066343	-327.301595	-729.958148	-730.263212	
5.06954	-327.066343	-327.301595	-729.958148	-730.263212	
5.079583	-327.066343	-327.301595	-729.958148	-730.263212	
5.08942	-327.066343	-327.301595	-729.958148	-730.263212	
5.099592	-327.066343	-327.301595	-729.958148	-730.263212	
5.10967	-327.066343	-327.301595	-729.958148	-730.263212	
5.120161	-327.066343	-327.301595	-729.958148	-730.263212	
5.130136	-327.066343	-327.301595	-729.958148	-730.263212	
5.140145	-327.066343	-327.301595	-729.958148	-730.263212	
5.150389	-327.066343	-327.301595	-729.958148	-730.263212	
5.160481	-327.066343	-327.301595	-729.958148	-730.263212	
5.170666	-327.066343	-327.301595	-729.958148	-730.263212	
5.180903	-327.066343	-327.301595	-729.958148	-730.263212	
5.191067	-327.066343	-327.301595	-729.958148	-730.263212	
5.201202	-327.066343	-327.301595	-729.958148	-730.263212	
5.211357	-327.066343	-327.301595	-729.958148	-730.263212	
5.221542	-327.066343	-327.301595	-729.958148	-730.263212	
5.231667	-327.066343	-327.301595	-729.958148	-730.263212	
5.241833	-327.066343	-327.301595	-729.958148	-730.263212	
5.252029	-327.066343	-327.301595	-729.958148	-730.263212	
5.270446	-327.066343	-327.301595	-729.958148	-730.263212	
5.276256	-327.066343	-327.301595	-729.958148	-730.263212	
5.285208	-327.066343	-327.301595	-729.958148	-730.263212	
5.295366	-327.066343	-327.301595	-729.958148	-730.263212	
5.305505	-327.066343	-327.301595	-729.958148	-730.263212	
5.31562	-327.066343	-327.301595	-729.958148	-730.263212	
5.325785	-327.066343	-327.301595	-729.958148	-730.263212	
5.335995	-327.066343	-327.301595	-729.958148	-730.263212	
5.346156	-327.066343	-327.301595	-729.958148	-730.263212	
5.356324	-327.066343	-327.301595	-729.958148	-730.263212	
5.366398	-327.066343	-327.301595	-729.958148	-730.263212	
5.377861	-327.066343	-327.301595	-729.958148	-730.263212	
5.386866	-327.066343	-327.301595	-729.958148	-730.263212	
5.397262	-327.066343	-327.301595	-729.958148	-730.263212	
5.407384	-327.066343	-327.301595	-729.958148	-730.263212	
5.417501	-327.066343	-327.301595	-729.958148	-730.263212	
5.427761	-327.066343	-327.301595	-729.958148	-730.263212	
5.437796	-327.066343	-327.301595	-729.958148	-730.263212	
5.447952	-327.066343	-327.301595	-729.958148	-730.263212	
5.458156	-327.066343	-327.301595	-729.958148	-730.263212	
5.468261	-327.066343	-327.301595	-729.958148	-730.263212	
5.495402	-327.066343	-327.301595	-729.958148	-730.263212	
5.516681	-327.066343	-327.301595	-729.958148	-730.263212	
5.521255	-327.066343	-327.301595	-729.958148	-730.263212	
5.533482	-327.066343	-327.301595	-729.958148	-730.263212	
5.541553	-327.066343	-327.301595	-729.958148	-730.263212	
5.551692	-327.066343	-327.301595	-729.958148	-730.263212	
5.561853	-327.066343	-327.301595	-729.958148	-730.263212	
5.571982	-327.066343	-327.301595	-729.958148	-730.263212	
5.583631	-327.066343	-327.301595	-729.958148	-730.263212	
5.593813	-327.066343	-327.301595	-729.958148	-730.263212	
5.603982	-327.066343	-327.301595	-729.958148	-730.263212	
5.620443	-327.066343	-327.301595	-729.958148	-730.263212	
5.631369	-327.066343	-327.301595	-729.958148	-730.263212	
