1.467826	261.522564	261.520135	
1.477902	261.524468	261.520135	
1.488309	261.527099	261.520135	
1.498442	261.530297	261.520135	
1.508394	261.533966	261.528862	
1.518568	261.538377	261.528862	
1.528697	261.543381	261.537588	
1.546944	261.554842	261.537588	
1.551554	261.557676	261.546315	
1.561591	261.56461	261.555042	
1.571731	261.572241	261.563768	
1.581873	261.58049	261.572495	
1.592066	261.589403	261.589948	
1.602209	261.598888	261.598675	
1.612378	261.609021	261.607402	
1.622561	261.619205	261.624855	
1.632735	261.629381	261.633582	
1.642862	261.639505	261.651035	
1.652957	261.649599	261.659761	
1.663116	261.65976	261.677215	
1.673334	261.669977	261.685941	
1.683429	261.680071	261.694668	
1.693591	261.690232	261.694668	
1.70377	261.700411	261.703395	
1.713922	261.710566	261.712121	
1.724034	261.720678	261.712121	
1.734165	261.730808	261.720848	
1.744394	261.741038	261.720848	
1.754673	261.751315	261.720848	
1.764753	261.761396	261.729575	
1.77493	261.771575	261.729575	
1.785101	261.781744	261.729575	
1.795228	261.791872	261.729575	
1.805366	261.802006	261.738301	
1.815592	261.812232	261.747028	
1.825717	261.822361	261.755755	
1.835825	261.832468	261.764481	
1.846052	261.842695	261.773208	
1.856199	261.852842	261.790661	
1.866307	261.862949	261.799388	
1.876436	261.873079	261.816841	
1.886627	261.88327	261.825568	
1.896798	261.893439	261.834294	
1.906951	261.903595	261.851748	
1.917103	261.913745	261.869201	
1.927228	261.92387	261.886654	
1.937447	261.934092	261.904108	
1.947543	261.944185	261.921561	
1.957701	261.954345	261.939014	
1.967854	261.964498	261.947741	
1.977973	261.974616	261.965194	
1.98819	261.984834	261.982647	
1.99833	261.994971	261.991374	
2.008486	262.005126	262.008827	
2.018733	262.015373	262.017554	
2.028811	262.025453	262.026281	
2.038937	262.035579	262.043734	
2.049223	262.045865	262.043734	
2.059464	262.056111	262.052461	
2.069366	262.066008	262.061187	
2.07953	262.076176	262.061187	
2.091318	262.088217	262.061187	
2.100122	262.096766	262.069914	
2.110279	262.106921	262.069914	
2.120521	262.117166	262.07864	
2.130749	262.127393	262.07864	
2.140775	262.137417	262.07864	
2.150907	262.147551	262.096094	
2.161548	262.158195	262.096094	
2.171229	262.167872	262.113547	
2.181364	262.178006	262.113547	
2.191485	262.188129	262.131	
2.201636	262.198281	262.139727	
2.211911	262.208559	262.148454	
2.222039	262.218682	262.165907	
2.232179	262.228824	262.18336	
2.242337	262.238981	262.192087	
2.252432	262.249076	262.20954	
2.262661	262.259304	262.218267	
2.2728	262.269443	262.23572	
2.283037	262.279684	262.253173	
2.293156	262.289798	262.270627	
2.303336	262.299981	262.28808	
2.313537	262.310179	262.296807	
2.323661	262.320302	262.31426	
2.333813	262.330457	262.322987	
2.34401	262.340651	262.34044	
2.354139	262.35078	262.349167	
2.364264	262.360904	262.357893	
2.382433	262.379079	262.36662	
2.387007	262.383648	262.375346	
2.39715	262.393792	262.375346	
2.407307	262.40395	262.384073	
2.417495	262.414137	262.3928	
2.427577	262.42422	262.3928	
2.437714	262.434357	262.3928	
2.447919	262.444564	262.3928	
2.458078	262.454726	262.3928	
2.468194	262.46484	262.401526	
2.478331	262.47498	262.410253	
2.488449	262.485093	262.410253	
2.506625	262.503269	262.427706	
2.511093	262.507736	262.427706	
2.5213	262.517943	262.44516	
2.531407	262.528048	262.453886	
2.541552	262.538194	262.462613	
2.55171	262.548355	262.480066	
2.561851	262.558494	262.488793	
2.572032	262.568673	262.497519	
2.582402	262.579046	262.514973	
2.592321	262.588964	262.532426	
2.602492	262.599137	262.541153	
2.612636	262.609276	262.558606	
2.622739	262.619384	262.567333	
2.632934	262.629575	262.584786	
2.64306	262.639701	262.602239	
2.65323	262.649873	262.619693	
2.663362	262.660006	262.637146	
2.673572	262.670214	262.654599	
2.683692	262.680332	262.672052	
2.693879	262.690525	262.680779	
2.70404	262.700684	262.698232	
2.714187	262.710832	262.706959	
2.724299	262.72094	262.724412	
2.734435	262.731077	262.733139	
2.744619	262.741264	262.741866	
2.754795	262.751436	262.750592	
2.764952	262.761595	262.759319	
2.775101	262.771743	262.759319	
2.785324	262.781966	262.759319	
2.795443	262.792086	262.768046	
2.80557	262.802212	262.768046	
2.815756	262.812401	262.776772	
2.825889	262.822533	262.776772	
2.835995	262.832638	262.776772	
2.846185	262.842827	262.785499	
2.856338	262.85298	262.794225	
2.866496	262.863138	262.802952	
2.876619	262.873261	262.811679	
2.886762	262.883406	262.820405	
2.897081	262.893726	262.829132	
2.907066	262.903709	262.846585	
2.917219	262.91386	262.855312	
2.927354	262.923996	262.864039	
2.947298	262.943947	262.890219	
2.951826	262.94847	262.898945	
2.961977	262.958625	262.916399	
2.97993	262.976574	262.933852	
2.984376	262.981017	262.942578	
2.994538	262.991182	262.951305	
3.004711	263.001353	262.968758	
3.014856	263.011498	262.986212	
3.025061	263.021702	262.994938	
3.035185	263.031827	263.012392	
3.045347	263.041985	263.021118	
3.055497	263.052138	263.038572	
3.065627	263.062268	263.056025	
3.075785	263.072428	263.064752	
3.085929	263.082571	263.073478	
3.096109	263.09275	263.082205	
3.106305	263.102952	263.090931	
3.116437	263.113078	263.090931	
3.126525	263.123164	263.099658	
3.136728	263.133369	263.099658	
3.146874	263.143514	263.108385	
3.156987	263.15363	263.108385	
3.167194	263.163838	263.117111	
3.177375	263.174017	263.125838	
3.18751	263.184153	263.125838	
3.197634	263.194274	263.143291	
3.208748	263.205402	263.152018	
3.217952	263.214596	263.160745	
3.22814	263.224782	263.169471	
3.238213	263.234855	263.178198	
3.248547	263.245196	263.195651	
3.258609	263.255251	263.204378	
3.268644	263.265289	263.213104	
3.278851	263.275493	263.230558	
3.289	263.285644	263.239284	
3.299114	263.295757	263.256738	
3.309289	263.305932	263.265464	
3.319483	263.31613	263.282918	
3.329643	263.326286	263.291644	
3.339743	263.336384	263.300371	
3.349875	263.346516	263.317824	
3.360052	263.356696	263.335278	
3.370169	263.366813	263.344004	
3.380293	263.376935	263.361457	
3.390462	263.387106	263.370184	
3.400666	263.397309	263.387637	
3.411292	263.407937	263.396364	
3.420964	263.41761	263.405091	
3.431062	263.427708	263.405091	
3.441283	263.437927	263.413817	
3.45135	263.447993	263.422544	
3.461504	263.458156	263.431271	
3.47163	263.468276	263.439997	
3.481758	263.4784	263.439997	
3.492136	263.48878	263.457451	
3.502125	263.498767	263.466177	
3.512223	263.508866	263.474904	
3.522614	263.519261	263.483631	
3.532564	263.529204	263.501084	
3.542704	263.539381	263.50981	
3.55287	263.549512	263.518537	
3.562978	263.55962	263.53599	
3.573168	263.569811	263.544717	
3.583305	263.579947	263.56217	
3.593536	263.590176	263.579624	
3.603813	263.600455	263.58835	
3.613779	263.610421	263.605804	
3.623943	263.620587	263.61453	
3.634116	263.630762	263.623257	
3.644252	263.640894	263.631984	
3.654407	263.651048	263.64071	
3.664564	263.661207	263.64071	
3.674843	263.671488	263.649437	
3.684876	263.681518	263.649437	
3.695055	263.691697	263.649437	
3.705268	263.701911	263.658163	
3.715349	263.711995	263.66689	
3.725462	263.722104	263.675617	
3.735625	263.732271	263.684343	
3.745754	263.742397	263.684343	
3.755935	263.752576	263.69307	
3.766097	263.76274	263.710523	
3.776255	263.772899	263.71925	
3.7864	263.783043	263.727977	
3.796546	263.793186	263.74543	
3.806734	263.803409	263.754157	
3.816884	263.813533	263.762883	
3.827052	263.823694	263.780337	
3.837294	263.833937	263.789063	
3.84732	263.843962	263.806516	
3.857534	263.854176	263.815243	
3.867635	263.864282	263.82397	
3.877748	263.874395	263.841423	
3.887941	263.884584	263.858876	
3.898087	263.894728	263.87633	
3.908217	263.904858	263.893783	
3.91856	263.915205	263.90251	
3.928547	263.925192	263.919963	
3.940908	263.937558	263.928689	
3.948762	263.945408	263.946143	
3.95891	263.955553	263.954869	
3.969226	263.965873	263.963596	
3.979297	263.97594	263.963596	
3.989466	263.986108	263.981049	
3.99952	263.996164	263.981049	
4.009723	264.006362	263.989776	
4.019969	264.016611	263.989776	
4.030103	264.026744	263.989776	
4.040236	264.036878	263.998503	
4.05042	264.047061	263.998503	
4.060584	264.057225	263.998503	
4.070839	264.067483	264.015956	
4.080825	264.077467	264.015956	
4.101991	264.098637	264.024683	
4.106482	264.103123	264.033409	
4.11662	264.113262	264.050863	
4.12677	264.123447	264.059589	
4.136941	264.133584	264.068316	
4.147091	264.143731	264.085769	
4.157233	264.153876	264.103222	
4.167467	264.16411	264.111949	
4.177621	264.174264	264.129402	
4.187689	264.184331	264.138129	
4.197885	264.194526	264.155582	
4.208063	264.204704	264.173036	
4.218174	264.214821	264.181762	
4.228274	264.224916	264.199216	
4.238617	264.235264	264.207942	
4.2486	264.245242	264.225395	
4.258884	264.255527	264.242849	
4.26891	264.265558	264.260302	
4.279094	264.275738	264.277755	
4.289335	264.285978	264.286482	
4.299693	264.296339	264.295209	
4.309537	264.306178	264.303935	
4.319646	264.316288	264.312662	
4.32982	264.326464	264.321389	
4.339944	264.336589	264.330115	
4.350098	264.346743	264.330115	
4.360753	264.357398	264.338842	
4.370369	264.367011	264.347569	
4.380586	264.377228	264.347569	
4.390756	264.3874	264.347569	
4.400821	264.397464	264.347569	
4.411047	264.407689	264.347569	
4.421096	264.417737	264.347569	
4.431261	264.427906	264.356295	
4.441472	264.438116	264.365022	
4.451541	264.448182	264.373748	
4.461655	264.458301	264.382475	
4.471882	264.468527	264.391202	
4.482069	264.478714	264.399928	
4.492443	264.489091	264.417382	
4.50228	264.498924	264.426108	
4.512456	264.509099	264.434835	
4.522612	264.519254	264.452288	
4.532758	264.5294	264.469742	
4.542937	264.53958	264.478468	
4.553085	264.54973	264.495921	
4.563227	264.559868	264.513375	
4.573415	264.570057	264.522101	
4.58357	264.580212	264.539555	
4.593768	264.590409	264.557008	
4.60384	264.600483	264.574461	
4.614039	264.61068	264.591915	
4.624186	264.620828	264.609368	
4.634373	264.631016	264.618095	
4.644506	264.641148	264.635548	
4.654617	264.651258	264.644274	
4.664765	264.661405	264.661728	
4.675054	264.671697	264.670454	
4.68515	264.681794	264.679181	
4.695298	264.691939	264.687908	
4.705542	264.702185	264.696634	
4.715655	264.7123	264.696634	
4.725768	264.722409	264.705361	
4.735925	264.732569	264.705361	
4.746025	264.742667	264.714088	
4.756202	264.752843	264.714088	
4.766317	264.762959	264.714088	
4.776541	264.773183	264.722814	
4.786661	264.783303	264.731541	
4.796816	264.793457	264.731541	
4.806968	264.803611	264.748994	
4.817091	264.813733	264.757721	
4.827284	264.823926	264.766448	
4.837429	264.83407	264.775174	
4.847565	264.844207	264.792627	
4.857777	264.854421	264.801354	
4.867902	264.864543	264.818807	
4.87811	264.874755	264.836261	
4.88834	264.884985	264.844987	
4.898442	264.895084	264.862441	
4.908557	264.905199	264.871167	
4.918717	264.915359	264.888621	
4.928811	264.925457	264.906074	
4.941107	264.937759	264.923527	
4.94919	264.945833	264.94098	
4.959301	264.955945	264.949707	
4.969533	264.966177	264.96716	
4.979916	264.97656	264.975887	
4.989764	264.98641	264.984614	
4.999941	264.996585	264.99334	
5.01006	265.006702	265.002067	
5.020178	265.016818	265.010794	
5.030346	265.026985	265.01952	
5.040553	265.037196	265.01952	
5.050713	265.047355	265.028247	
5.060777	265.057419	265.028247	
5.071004	265.067649	265.028247	
5.081073	265.077716	265.036974	
5.091222	265.087868	265.0457	
5.101372	265.098017	265.0457	
5.111478	265.10812	265.054427	
5.121633	265.118274	265.063154	
5.131758	265.1284	265.07188	
5.141919	265.138562	265.080607	
5.152117	265.148761	265.09806	
5.162339	265.158982	265.106787	
5.17249	265.16913	265.115513	
5.182654	265.179298	265.132967	
5.192904	265.189549	265.15042	
5.203099	265.199743	265.159147	
5.214114	265.210761	265.1766	
5.223368	265.220011	265.194053	
5.233575	265.230216	265.211506	
5.243656	265.2403	265.220233	
5.25385	265.250493	265.246413	
5.264001	265.260643	265.25514	
5.274179	265.270822	265.272593	
5.28425	265.28089	265.290046	
5.294465	265.291107	265.298773	
5.304639	265.301283	265.3075	
5.314816	265.311458	265.324953	
5.324943	265.321583	265.324953	
5.335088	265.331729	265.33368	
5.345319	265.341962	265.342406	
5.355433	265.352075	265.351133	
5.36557	265.362212	265.351133	
5.375685	265.372329	265.359859	
5.385903	265.382544	265.359859	
5.396006	265.392647	265.359859	
5.406184	265.402829	265.368586	
5.416377	265.413021	265.368586	
5.426508	265.423149	265.377313	
5.436631	265.433271	265.386039	
5.446796	265.443437	265.394766	
5.456952	265.453597	265.394766	
5.467158	265.463807	265.412219	
5.477245	265.473887	265.420946	
5.487357	265.483998	265.429673	
5.497611	265.494255	265.447126	
5.507741	265.504387	265.455853	
5.517869	265.51451	265.473306	
5.529734	265.52638	265.490759	
5.53978	265.536423	265.508212	
5.549919	265.546562	265.525666	
5.560146	265.556788	265.543119	
5.570257	265.566899	265.560572	
5.580386	265.577027	265.578026	
5.59059	265.587233	265.595479	
5.600741	265.597386	265.604206	
5.632799	265.629454	265.621659	
5.637538	265.63419	265.656565	
