1.333205	242.56794	242.565859	
1.338331	242.568644	242.565859	
1.348477	242.570806	242.565859	
1.359239	242.573817	242.565859	
1.369329	242.577229	242.565859	
1.379471	242.581276	242.565859	
1.389628	242.585953	242.565859	
1.399782	242.591243	242.565859	
1.40991	242.597134	242.565859	
1.420062	242.603659	242.565859	
1.430229	242.610815	242.565859	
1.440423	242.618614	242.565859	
1.450522	242.626952	242.565859	
1.460686	242.63596	242.565859	
1.470859	242.6456	242.565859	
1.481057	242.655891	242.565859	
1.491163	242.665995	242.565859	
1.501337	242.67617	242.565859	
1.511476	242.686307	242.574586	
1.521647	242.696482	242.583313	
1.531792	242.706625	242.583313	
1.541984	242.716815	242.592039	
1.553106	242.727941	242.600766	
1.56339	242.738228	242.609493	
1.573363	242.748197	242.626946	
1.583547	242.758384	242.635673	
1.593673	242.768509	242.644399	
1.603835	242.778669	242.653126	
1.614095	242.788931	242.670579	
1.62454	242.799377	242.679306	
1.634298	242.809134	242.688032	
1.644432	242.819301	242.705486	
1.654591	242.829423	242.722939	
1.664736	242.839571	242.731666	
1.674921	242.849758	242.749119	
1.685083	242.859918	242.757846	
1.695254	242.870086	242.775299	
1.705431	242.880265	242.792752	
1.715549	242.890384	242.810206	
1.725729	242.900562	242.818932	
1.735818	242.910652	242.836385	
1.745937	242.920771	242.845112	
1.756105	242.930938	242.862565	
1.766244	242.941078	242.880019	
1.776356	242.951187	242.888745	
1.786561	242.961399	242.906199	
1.796649	242.971483	242.914925	
1.818395	242.993232	242.932379	
1.822909	242.997741	242.949832	
1.833058	243.007893	242.958559	
1.843139	243.017973	242.976012	
1.853333	243.028168	242.984738	
1.863512	243.038348	243.002192	
1.8738	243.048637	243.010918	
1.88374	243.058576	243.019645	
1.893904	243.068737	243.028372	
1.904124	243.078956	243.037098	
1.914251	243.089084	243.054552	
1.924393	243.099227	243.054552	
1.93454	243.109373	243.072005	
1.944858	243.119692	243.072005	
1.954999	243.129835	243.089458	
1.965132	243.139967	243.089458	
1.975381	243.150214	243.098185	
1.993755	243.168592	243.106912	
1.998288	243.173135	243.115638	
2.008423	243.183256	243.124365	
2.018578	243.193411	243.133091	
2.028706	243.203541	243.141818	
2.038912	243.213745	243.150545	
2.049035	243.223868	243.159271	
2.059206	243.234041	243.159271	
2.069364	243.244197	243.167998	
2.079562	243.254393	243.176725	
2.089772	243.264606	243.185451	
2.100132	243.274968	243.194178	
2.110514	243.285351	243.194178	
2.12022	243.295056	243.211631	
2.130333	243.305165	243.211631	
2.140459	243.315289	243.229085	
2.150658	243.325492	243.229085	
2.160821	243.335652	243.237811	
2.170964	243.345794	243.246538	
2.181122	243.355957	243.263991	
2.191298	243.36613	243.263991	
2.203102	243.37794	243.281444	
2.213238	243.388074	243.290171	
2.223401	243.398233	243.298898	
2.233504	243.408337	243.307624	
2.2437	243.418532	243.316351	
2.253851	243.428684	243.325078	
2.264053	243.438886	243.333804	
2.274143	243.448974	243.351258	
2.284299	243.459131	243.351258	
2.294427	243.469258	243.368711	
2.304624	243.479458	243.368711	
2.314736	243.489575	243.386164	
2.324858	243.499694	243.394891	
2.335033	243.509866	243.403617	
2.34514	243.519973	243.412344	
2.355334	243.530167	243.429797	
2.365557	243.540393	243.438524	
2.375816	243.55065	243.447251	
2.385908	243.560741	243.455977	
2.396044	243.570878	243.473431	
2.406194	243.581028	243.473431	
2.416401	243.591236	243.490884	
2.426504	243.601337	243.499611	
2.436634	243.611499	243.508337	
2.446808	243.621639	243.517064	
2.465243	243.640078	243.543244	
2.469764	243.644597	243.543244	
2.479911	243.654743	243.560697	
2.490043	243.664875	243.569424	
2.500165	243.674996	243.57815	
2.510351	243.685184	243.586877	
2.520548	243.695381	243.60433	
2.530664	243.705497	243.613057	
2.540813	243.715645	243.621784	
2.560954	243.735793	243.63051	
2.565755	243.740595	243.647964	
2.575598	243.75043	243.65669	
2.585805	243.760638	243.665417	
2.595839	243.770671	243.68287	
2.606267	243.781107	243.68287	
2.616178	243.791013	243.700323	
2.626403	243.80124	243.70905	
2.636432	243.811267	243.717777	
2.646575	243.821408	243.726503	
2.665075	243.83991	243.743957	
2.669568	243.844399	243.752683	
2.679737	243.854569	243.752683	
2.689886	243.864718	243.770137	
2.70004	243.874874	243.778863	
2.710206	243.885038	243.78759	
2.720369	243.895201	243.796317	
2.730712	243.905547	243.805043	
2.740722	243.915555	243.822497	
2.75087	243.925701	243.822497	
2.761002	243.935834	243.83995	
2.77112	243.945952	243.848676	
2.78128	243.956112	243.857403	
2.791485	243.966318	243.86613	
2.801584	243.976417	243.883583	
2.811737	243.98657	243.89231	
2.821899	243.996732	243.901036	
2.832338	244.007175	243.909763	
2.850112	244.024949	243.927216	
2.854786	244.029628	243.935943	
2.864865	244.039704	243.94467	
2.875131	244.049972	243.953396	
2.885035	244.059871	243.962123	
2.89537	244.070203	243.979576	
2.913287	244.088121	243.988303	
2.917769	244.092603	243.997029	
2.927935	244.102772	244.005756	
2.938114	244.112951	244.014483	
2.948239	244.123072	244.031936	
2.958402	244.133236	244.031936	
2.968591	244.143424	244.049389	
2.978685	244.15352	244.058116	
2.988879	244.163714	244.066843	
2.999027	244.173861	244.075569	
3.009184	244.184018	244.084296	
3.01936	244.194191	244.101749	
3.029472	244.204305	244.101749	
3.039692	244.214528	244.119202	
3.049812	244.224644	244.127929	
3.059973	244.234805	244.136656	
3.070161	244.244992	244.145382	
3.080311	244.255143	244.154109	
3.090533	244.265366	244.162836	
3.100698	244.275564	244.171562	
3.110906	244.285745	244.180289	
3.120992	244.295827	244.197742	
3.131123	244.305956	244.206469	
3.141261	244.316093	244.215196	
3.151513	244.326347	244.223922	
3.161595	244.336428	244.232649	
3.171745	244.346577	244.241376	
3.18194	244.356774	244.250102	
3.19202	244.366852	244.258829	
3.202198	244.377031	244.276282	
3.212333	244.387167	244.276282	
3.222507	244.397339	244.293735	
3.232792	244.40768	244.302462	
3.243002	244.418092	244.311189	
3.253062	244.427898	244.319915	
3.263263	244.438094	244.328642	
3.273355	244.448189	244.346095	
3.283502	244.458336	244.346095	
3.293632	244.468465	244.363549	
3.303795	244.478627	244.372275	
3.313899	244.48873	244.381002	
3.324144	244.498977	244.389729	
3.334243	244.509077	244.398455	
3.344339	244.519172	244.407182	
3.354515	244.529349	244.415908	
3.364708	244.539545	244.433362	
3.374825	244.549663	244.442088	
3.38494	244.559773	244.450815	
3.395088	244.569921	244.459542	
3.413386	244.588223	244.468268	
3.417881	244.592715	244.485722	
3.428199	244.603032	244.485722	
3.438209	244.613042	244.503175	
3.448365	244.623202	244.511902	
3.458552	244.633387	244.520628	
3.468736	244.643602	244.529355	
3.478856	244.653688	244.546808	
3.48902	244.663852	244.555535	
3.499125	244.673958	244.564261	
3.509317	244.68415	244.572988	
3.5195	244.694337	244.590441	
3.529631	244.704466	244.599168	
3.539791	244.714623	244.607895	
3.550152	244.725282	244.625348	
3.560089	244.734923	244.625348	
3.570222	244.745057	244.642801	
3.580342	244.755173	244.651528	
3.590512	244.765347	244.660255	
3.600711	244.775546	244.677708	
3.611473	244.786311	244.686434	
3.620929	244.795761	244.695161	
3.631062	244.805893	244.712614	
3.641197	244.816029	244.730068	
3.65139	244.826225	244.730068	
3.661513	244.836348	244.747521	
3.671727	244.846559	244.764974	
3.681869	244.856704	244.773701	
3.691979	244.866814	244.782428	
3.702195	244.877028	244.791154	
3.712335	244.887171	244.799881	
3.722487	244.89732	244.817334	
3.732628	244.907464	244.826061	
3.742785	244.917667	244.834787	
3.75317	244.928134	244.852241	
3.763101	244.937933	244.860967	
3.773258	244.948095	244.869694	
3.783399	244.958236	244.878421	
3.793538	244.968372	244.887147	
3.804045	244.979361	244.904601	
3.813847	244.988681	244.904601	
3.824054	244.99889	244.922054	
3.834135	245.008969	244.930781	
3.844271	245.019105	244.939507	
3.854412	245.029248	244.948234	
3.864578	245.039414	244.956961	
3.874908	245.04975	244.965687	
3.884871	245.059707	244.974414	
3.895032	245.069869	244.98314	
3.905167	245.080002	244.991867	
3.915433	245.09027	245.00932	
3.925998	245.100834	245.018047	
3.935633	245.110468	245.026774	
3.945717	245.120548	245.0355	
3.955907	245.13074	245.044227	
3.96603	245.140863	245.052954	
3.976248	245.151084	245.070407	
3.986358	245.161193	245.079134	
3.996492	245.171326	245.08786	
4.006649	245.181482	245.096587	
4.024761	245.199594	245.11404	
4.029244	245.204076	245.122767	
4.03949	245.214322	245.14022	
4.049564	245.224398	245.148947	
4.059719	245.234549	245.157673	
4.069918	245.244748	245.1664	
4.080028	245.254861	245.183853	
4.090296	245.265131	245.19258	
4.100347	245.27518	245.201307	
4.110796	245.285635	245.210033	
4.120618	245.295451	245.21876	
4.130752	245.305585	245.236213	
4.140908	245.31574	245.24494	
4.151081	245.325916	245.253666	
4.161215	245.33605	245.262393	
4.171371	245.346202	245.27112	
4.181754	245.356588	245.288573	
4.191822	245.366658	245.288573	
4.201938	245.37677	245.306026	
4.212087	245.386922	245.314753	
4.222274	245.397106	245.32348	
4.232366	245.407197	245.32348	
4.242557	245.417391	245.340933	
4.252696	245.427562	245.34966	
4.262879	245.437711	245.358386	
4.273061	245.447893	245.367113	
4.283336	245.458175	245.37584	
4.29352	245.468356	245.384566	
4.303557	245.478389	245.393293	
4.313643	245.488474	245.402019	
4.323779	245.498612	245.410746	
4.333903	245.508738	245.419473	
4.344087	245.518925	245.428199	
4.354253	245.529086	245.436926	
4.364366	245.539202	245.445653	
4.374506	245.549341	245.454379	
4.384805	245.559641	245.463106	
4.394801	245.569634	245.471833	
4.404961	245.579798	245.489286	
4.415123	245.589957	245.498013	
4.425245	245.600078	245.506739	
4.44327	245.618104	245.515466	
4.447779	245.622611	245.532919	
4.457898	245.63273	245.541646	
4.468049	245.64288	245.550372	
4.478211	245.653041	245.559099	
4.488382	245.663217	245.567826	
4.498509	245.673341	245.585279	
4.508716	245.683548	245.594006	
4.518859	245.693694	245.602732	
4.529047	245.703879	245.611459	
4.539143	245.713976	245.628912	
4.549311	245.724144	245.637639	
4.559555	245.734388	245.646366	
4.5696	245.744433	245.655092	
4.579729	245.754561	245.672546	
4.589913	245.764744	245.681272	
4.600072	245.774905	245.689999	
4.610222	245.785055	245.698725	
4.620372	245.795209	245.707452	
4.63049	245.805323	245.716179	
4.640625	245.815457	245.733632	
4.650785	245.825618	245.742359	
4.660937	245.83577	245.751085	
4.671104	245.845935	245.759812	
4.681245	245.856078	245.768539	
4.69138	245.866212	245.777265	
4.701532	245.876364	245.794719	
4.711747	245.886578	245.803445	
4.721859	245.896691	245.812172	
4.731992	245.906824	245.820898	
4.7422	245.917032	245.829625	
4.75231	245.927141	245.847078	
4.762462	245.937294	245.847078	
4.772611	245.947442	245.864532	
4.782733	245.957564	245.873258	
4.793021	245.967855	245.881985	
4.803087	245.977919	245.890712	
4.81321	245.988043	245.908165	
4.823476	245.998309	245.916892	
4.83352	246.008356	245.925618	
4.843622	246.018456	245.934345	
4.853789	246.028624	245.951798	
4.864596	246.039432	245.960525	
4.874856	246.049693	245.969251	
4.884867	246.059702	245.986705	
4.895004	246.069838	245.995431	
4.905156	246.079991	246.004158	
4.915352	246.090186	246.021611	
4.925588	246.100425	246.030338	
4.935681	246.110515	246.039065	
4.945769	246.120602	246.047791	
4.955868	246.1307	246.056518	
4.966286	246.141126	246.073971	
4.97616	246.150996	246.082698	
4.986337	246.161172	246.091425	
4.996469	246.1713	246.100151	
5.00659	246.181422	246.108878	
5.017043	246.191881	246.126331	
5.027023	246.201859	246.126331	
5.037087	246.211918	246.143784	
5.04723	246.222062	246.152511	
5.057377	246.232208	246.161238	
5.067503	246.242336	246.169964	
5.077709	246.252541	246.187418	
5.087976	246.26281	246.196144	
5.098002	246.272835	246.196144	
5.108162	246.282994	246.213598	
5.118352	246.293186	246.222324	
5.128441	246.303276	246.231051	
5.138557	246.313393	246.239778	
5.148739	246.323573	246.248504	
5.158901	246.333732	246.265957	
5.169127	246.343959	246.265957	
5.179451	246.354288	246.283411	
5.189451	246.364285	246.292137	
5.199643	246.374475	246.300864	
5.209737	246.384569	246.309591	
5.219896	246.394727	246.327044	
5.230116	246.404948	246.335771	
5.240257	246.41509	246.344497	
5.25038	246.425211	246.353224	
5.260531	246.435363	246.370677	
5.270669	246.445499	246.379404	
5.280901	246.455733	246.388131	
5.291151	246.465987	246.405584	
5.301146	246.47598	246.41431	
5.311357	246.486188	246.423037	
5.321428	246.496259	246.44049	
5.331629	246.506463	246.44049	
5.341727	246.51656	246.457944	
5.351938	246.52677	246.46667	
5.362637	246.537476	246.475397	
5.372171	246.547004	246.49285	
5.382369	246.557203	246.501577	
5.392469	246.567303	246.510304	
5.402641	246.577472	246.51903	
5.412787	246.587704	246.536483	
5.422951	246.597785	246.54521	
5.433121	246.607954	246.553937	
5.443565	246.618399	246.562663	
5.45337	246.628202	246.580117	
5.46361	246.638445	246.588843	
5.473686	246.648518	246.59757	
5.483786	246.658622	246.615023	
5.494074	246.668907	246.615023	
5.504147	246.67898	246.632477	
5.514294	246.689126	246.641203	
5.524401	246.699233	246.64993	
5.534747	246.709582	246.667383	
5.544698	246.719531	246.67611	
5.555265	246.730521	246.684836	
5.565039	246.739874	246.70229	
5.575132	246.749966	246.711016	
5.585428	246.760262	246.719743	
5.595508	246.770341	246.737196	
5.605585	246.780418	246.745923	
5.616178	246.791017	246.75465	
5.625833	246.800665	246.772103	
5.635974	246.810809	246.78083	
5.646165	246.820999	246.789556	
5.656458	246.831294	246.798283	
5.666437	246.84127	246.80701	
5.676568	246.8514	246.824463	
5.686769	246.861603	246.833189	
5.704847	246.879681	246.850643	
5.709318	246.884151	246.859369	
5.719559	246.894391	246.859369	
5.729643	246.904476	246.876823	
5.739773	246.914604	246.885549	
5.749917	246.924748	246.894276	
5.760095	246.934926	246.903003	
5.77025	246.945085	246.911729	
5.780352	246.955183	246.920456	
5.790545	246.965377	246.929183	
5.80067	246.975504	246.937909	
5.810865	246.985699	246.946636	
5.821075	246.995911	246.955363	
5.83119	247.006022	246.964089	
5.841305	247.016137	246.972816	
5.851475	247.026308	246.981542	
5.862143	247.036989	246.998996	
5.871819	247.046653	246.998996	
5.881898	247.056735	247.007722	
5.892039	247.066872	247.016449	
5.902209	247.077042	247.025176	
5.91237	247.087204	247.033902	
5.922504	247.097336	247.042629	
5.932653	247.107489	247.051356	
5.942867	247.1177	247.068809	
5.953277	247.128185	247.068809	
5.963287	247.138129	247.086262	
5.973275	247.148112	247.094989	
5.983433	247.15827	247.103715	
5.993591	247.168422	247.112442	
6.003717	247.178548	247.121169	
6.013834	247.188672	247.129895	
6.024078	247.198912	247.138622	
6.03417	247.209004	247.147349	
6.044691	247.219523	247.156075	
6.054849	247.229681	247.173529	
6.073009	247.247845	247.190982	
6.077511	247.252344	247.190982	
6.087704	247.262537	247.208435	
6.09784	247.272673	247.217162	
6.107926	247.28276	247.225889	
6.118244	247.293079	247.234615	
6.128269	247.303104	247.243342	
6.138399	247.313231	247.260795	
6.14854	247.323374	247.269522	
6.158673	247.333506	247.278248	
6.168864	247.343698	247.295702	
6.198782	247.373627	247.321882	
