1.848845	256.669232	256.66812	
1.858626	256.670745	256.66812	
1.868717	256.672924	256.66812	
1.87893	256.675762	256.66812	
1.889073	256.679195	256.66812	
1.899273	256.683274	256.66812	
1.909395	256.687932	256.676846	
1.919526	256.693211	256.676846	
1.929713	256.699145	256.685573	
1.93988	256.705688	256.685573	
1.950138	256.712923	256.685573	
1.960208	256.720625	256.6943	
1.970351	256.729003	256.703026	
1.980468	256.737974	256.703026	
1.991247	256.748316	256.703026	
2.0008	256.757874	256.711753	
2.010892	256.767967	256.72048	
2.021037	256.778109	256.72048	
2.031223	256.788297	256.729206	
2.041584	256.798657	256.737933	
2.051585	256.808656	256.74666	
2.06171	256.818783	256.755386	
2.071897	256.828971	256.764113	
2.082043	256.839114	256.77284	
2.092175	256.849247	256.77284	
2.102321	256.859393	256.781566	
2.112509	256.86958	256.790293	
2.122656	256.87973	256.807746	
2.132798	256.889869	256.807746	
2.14311	256.900184	256.816473	
2.153125	256.910199	256.825199	
2.163306	256.920378	256.842653	
2.173399	256.930474	256.842653	
2.183569	256.940641	256.860106	
2.193736	256.950808	256.868833	
2.203909	256.960984	256.877559	
2.214007	256.971081	256.886286	
2.224194	256.981269	256.895013	
2.23434	256.991413	256.912466	
2.244468	257.001545	256.921193	
2.254597	257.01167	256.929919	
2.264725	257.021798	256.947372	
2.274948	257.032021	256.947372	
2.285084	257.042156	256.964826	
2.295278	257.05235	256.973552	
2.30537	257.062442	256.982279	
2.315562	257.072637	256.999732	
2.325683	257.082758	257.008459	
2.335819	257.09289	257.017186	
2.34606	257.103134	257.034639	
2.356278	257.113356	257.043366	
2.366264	257.123337	257.052092	
2.38429	257.141366	257.069546	
2.388739	257.145809	257.086999	
2.398914	257.155985	257.086999	
2.409027	257.1661	257.104452	
2.41918	257.176255	257.121905	
2.429547	257.186628	257.121905	
2.439531	257.196603	257.139359	
2.44967	257.206742	257.156812	
2.461764	257.218843	257.165539	
2.469918	257.22699	257.174265	
2.480043	257.237116	257.191719	
2.490218	257.247289	257.200445	
2.500376	257.257448	257.217899	
2.510483	257.267557	257.226625	
2.520663	257.277737	257.235352	
2.5308	257.287872	257.252805	
2.540932	257.298004	257.261532	
2.551065	257.308138	257.270258	
2.56126	257.318332	257.287712	
2.571498	257.328571	257.296438	
2.581579	257.338653	257.313892	
2.591737	257.348809	257.322618	
2.601963	257.359036	257.331345	
2.612007	257.369083	257.348798	
2.622221	257.379297	257.366251	
2.632325	257.389401	257.366251	
2.652234	257.40931	257.392431	
2.656805	257.413879	257.401158	
2.666845	257.423925	257.401158	
2.677016	257.434091	257.409885	
2.687148	257.444222	257.418611	
2.697261	257.454334	257.418611	
2.707509	257.464583	257.427338	
2.717577	257.474651	257.436065	
2.727731	257.484808	257.444791	
2.737991	257.495066	257.453518	
2.748117	257.505193	257.462245	
2.758176	257.515249	257.470971	
2.768312	257.525387	257.470971	
2.778492	257.535568	257.488425	
2.788658	257.54573	257.497151	
2.798804	257.555875	257.505878	
2.808933	257.566004	257.505878	
2.819144	257.576219	257.523331	
2.829274	257.586348	257.532058	
2.839472	257.596584	257.540784	
2.84961	257.606685	257.549511	
2.859716	257.616788	257.558238	
2.869915	257.626988	257.575691	
2.880082	257.637157	257.584418	
2.890293	257.647366	257.593144	
2.900761	257.657835	257.610598	
2.910902	257.667975	257.619324	
2.921026	257.678098	257.628051	
2.931198	257.688271	257.645504	
2.941348	257.69842	257.654231	
2.951622	257.708698	257.662957	
2.961667	257.718739	257.680411	
2.971817	257.728887	257.689137	
2.981958	257.739035	257.706591	
2.992759	257.749843	257.715317	
3.00231	257.759382	257.732771	
3.01238	257.769452	257.741497	
3.022506	257.779579	257.750224	
3.032922	257.789998	257.767677	
3.04286	257.799932	257.776404	
3.053016	257.810089	257.793857	
3.063181	257.820251	257.802584	
3.073397	257.83047	257.820037	
3.083644	257.840721	257.828764	
3.093828	257.850955	257.83749	
3.103983	257.861056	257.846217	
3.114206	257.871279	257.854944	
3.124272	257.881344	257.854944	
3.134407	257.891486	257.86367	
3.144588	257.901661	257.86367	
3.154711	257.911782	257.872397	
3.164853	257.921927	257.872397	
3.174948	257.93202	257.881124	
3.185518	257.942596	257.88985	
3.19532	257.952399	257.88985	
3.205417	257.96249	257.898577	
3.215581	257.972653	257.907304	
3.225719	257.98279	257.91603	
3.235847	257.992918	257.924757	
3.246188	258.003265	257.933484	
3.256123	258.013197	257.94221	
3.266406	258.02348	257.959663	
3.284309	258.041383	257.959663	
3.288806	258.045878	257.977117	
3.298975	258.056051	257.985843	
3.309106	258.066177	257.99457	
3.319264	258.076335	258.012023	
3.329438	258.086508	258.02075	
3.339676	258.09675	258.029477	
3.349766	258.106839	258.04693	
3.359924	258.116998	258.055657	
3.370162	258.127236	258.064383	
3.380244	258.137315	258.081836	
3.390399	258.147471	258.090563	
3.400609	258.157684	258.09929	
3.41068	258.167754	258.116743	
3.420843	258.177916	258.12547	
3.430994	258.188066	258.134196	
3.441155	258.198228	258.15165	
3.451311	258.208385	258.169103	
3.463519	258.220599	258.17783	
3.471625	258.228699	258.186556	
3.481711	258.238782	258.20401	
3.49184	258.248912	258.212736	
3.502018	258.259094	258.230189	
3.51215	258.269225	258.238916	
3.522325	258.279399	258.256369	
3.532464	258.289537	258.265096	
3.542617	258.299689	258.273823	
3.552798	258.309872	258.291276	
3.576821	258.333907	258.300003	
3.581491	258.338572	258.326183	
3.591774	258.34886	258.334909	
3.60199	258.359074	258.343636	
3.612199	258.369284	258.343636	
3.622405	258.379487	258.352363	
3.632584	258.389669	258.361089	
3.642874	258.399958	258.369816	
3.653046	258.41013	258.378542	
3.663215	258.420299	258.378542	
3.673481	258.430562	258.387269	
3.683976	258.44106	258.395996	
3.694059	258.451145	258.404722	
3.704329	258.461417	258.413449	
3.71483	258.471917	258.422176	
3.724754	258.481839	258.430902	
3.734969	258.492055	258.448356	
3.745225	258.502313	258.448356	
3.755571	258.512659	258.465809	
3.765631	258.522715	258.474536	
3.77584	258.532925	258.483262	
3.786137	258.543222	258.500716	
3.79629	258.553373	258.509442	
3.81493	258.572015	258.518169	
3.819965	258.577053	258.535622	
3.83017	258.587255	258.544349	
3.840329	258.597414	258.553075	
3.850595	258.607682	258.570529	
3.860748	258.617831	258.587982	
3.870971	258.628059	258.596709	
3.881165	258.638248	258.605435	
3.891381	258.648464	258.622889	
3.901602	258.658688	258.631615	
3.911816	258.668901	258.640342	
3.922059	258.679145	258.657795	
3.93226	258.689344	258.666522	
3.942544	258.699629	258.683975	
3.952733	258.70982	258.692702	
3.962912	258.719996	258.701428	
3.973114	258.730201	258.710155	
3.983343	258.740428	258.718882	
3.99354	258.750623	258.727608	
4.012073	258.769157	258.736335	
4.016897	258.773982	258.736335	
4.027273	258.784357	258.745062	
4.037242	258.794328	258.753788	
4.047458	258.804541	258.762515	
4.057702	258.814785	258.771242	
4.06887	258.825957	258.779968	
4.078265	258.835351	258.788695	
4.088393	258.845478	258.797421	
4.098622	258.855707	258.806148	
4.108793	258.865879	258.814875	
4.119018	258.876105	258.823601	
4.129205	258.88629	258.832328	
4.139434	258.896518	258.849781	
4.149621	258.906707	258.867235	
4.159814	258.916898	258.875961	
4.170008	258.927096	258.884688	
4.18021	258.937294	258.902141	
4.190437	258.947521	258.910868	
4.200612	258.957695	258.928321	
4.210861	258.967942	258.937048	
4.221023	258.978107	258.954501	
4.231302	258.988387	258.971954	
4.241504	258.99859	258.980681	
4.25178	259.008865	258.998134	
4.261931	259.019014	259.006861	
4.272148	259.029233	259.015588	
4.28247	259.039553	259.024314	
4.292593	259.049676	259.041768	
4.302811	259.059895	259.041768	
4.313063	259.070145	259.050494	
4.323255	259.080339	259.059221	
4.333473	259.090557	259.059221	
4.343731	259.100814	259.067948	
4.353959	259.111042	259.067948	
4.364114	259.121196	259.076674	
4.374283	259.131367	259.076674	
4.384479	259.141562	259.085401	
4.39474	259.151821	259.094127	
4.404917	259.162003	259.102854	
4.415224	259.172306	259.111581	
4.425438	259.182522	259.120307	
4.435588	259.192672	259.129034	
4.445784	259.202869	259.146487	
4.456009	259.213092	259.155214	
4.467489	259.224571	259.163941	
4.476377	259.233458	259.181394	
4.486744	259.243828	259.190121	
4.497281	259.254369	259.207574	
4.507046	259.264129	259.216301	
4.51728	259.274366	259.233754	
4.527511	259.284595	259.251207	
4.537732	259.294816	259.26866	
4.556537	259.313623	259.29484	
4.56125	259.318333	259.303567	
4.571474	259.328555	259.32102	
4.581727	259.338811	259.338474	
4.591919	259.349005	259.3472	
4.602139	259.359221	259.355927	
4.612329	259.369413	259.37338	
4.622562	259.379648	259.390833	
4.632806	259.389894	259.390833	
4.642939	259.400025	259.39956	
4.653186	259.410273	259.408287	
4.663407	259.420491	259.417013	
4.673647	259.430732	259.42574	
4.684028	259.441114	259.42574	
4.694066	259.451154	259.42574	
4.704284	259.461368	259.434467	
4.714538	259.471622	259.434467	
4.724733	259.481816	259.443193	
4.734945	259.492034	259.443193	
4.745232	259.502318	259.45192	
4.7555	259.512586	259.460647	
4.765607	259.522692	259.460647	
4.775655	259.532735	259.4781	
4.785717	259.542794	259.486827	
4.795874	259.55295	259.495553	
4.806013	259.563087	259.50428	
4.816157	259.573233	259.513006	
4.834324	259.591398	259.53046	
4.838787	259.595859	259.539186	
4.848941	259.606014	259.55664	
4.859109	259.616183	259.565366	
4.869287	259.626361	259.574093	
4.879429	259.636502	259.591546	
4.889603	259.646678	259.600273	
4.899848	259.656923	259.617726	
4.909949	259.66702	259.63518	
4.920089	259.677166	259.652633	
4.930332	259.687407	259.661359	
4.940411	259.697483	259.678813	
4.950651	259.707726	259.696266	
4.960695	259.717767	259.704993	
4.970906	259.72798	259.722446	
4.981024	259.738096	259.739899	
4.991197	259.748269	259.748626	
5.001371	259.75845	259.757353	
5.011486	259.768559	259.766079	
5.021622	259.778696	259.774806	
5.031847	259.788925	259.783533	
5.041942	259.799014	259.792259	
5.05209	259.809163	259.800986	
5.062191	259.819262	259.809712	
5.072411	259.829487	259.809712	
5.082643	259.839713	259.809712	
5.092677	259.84975	259.818439	
5.102818	259.85989	259.818439	
5.113024	259.870096	259.827166	
5.123154	259.880225	259.827166	
5.133308	259.89038	259.835892	
5.143431	259.900503	259.844619	
5.153622	259.910696	259.844619	
5.163906	259.92098	259.853346	
5.173994	259.931076	259.862072	
5.184184	259.941257	259.879526	
5.194384	259.951458	259.879526	
5.204453	259.961525	259.896979	
5.214571	259.971649	259.905706	
5.22475	259.981824	259.914432	
5.234897	259.991971	259.931885	
5.245748	260.002828	259.949339	
5.255189	260.012265	259.958065	
5.26566	260.022734	259.975519	
5.27544	260.032515	259.984245	
5.285621	260.042694	260.001699	
5.295759	260.052865	260.019152	
5.305909	260.062984	260.027879	
5.316058	260.07313	260.045332	
5.32621	260.083281	260.054059	
5.336424	260.093495	260.071512	
5.346558	260.103631	260.088965	
5.356674	260.113744	260.106418	
5.366806	260.123877	260.123872	
5.376983	260.134054	260.141325	
5.38714	260.144216	260.150052	
5.397243	260.154315	260.158778	
5.407368	260.164439	260.176232	
5.417515	260.17459	260.184958	
5.427693	260.184767	260.193685	
5.437839	260.194911	260.202412	
5.448	260.205073	260.211138	
5.45811	260.215181	260.211138	
5.478226	260.235302	260.219865	
5.482722	260.239792	260.228591	
5.492829	260.249902	260.228591	
5.503022	260.260096	260.228591	
5.51315	260.270226	260.228591	
5.523266	260.280339	260.228591	
5.533406	260.290476	260.228591	
5.543597	260.30067	260.228591	
5.55374	260.310813	260.228591	
5.56397	260.321043	260.237318	
5.574089	260.331162	260.246045	
5.584247	260.341319	260.254771	
5.594474	260.351549	260.263498	
5.604523	260.361596	260.263498	
5.614635	260.37171	260.280951	
5.624805	260.381882	260.289678	
5.634926	260.392003	260.298405	
5.645117	260.402189	260.307131	
5.655271	260.412345	260.324585	
5.665393	260.422467	260.333311	
5.675505	260.432582	260.350765	
5.685782	260.442857	260.359491	
5.695809	260.452919	260.368218	
5.705997	260.463073	260.385671	
5.716106	260.473179	260.403124	
5.726257	260.48333	260.411851	
5.744373	260.50145	260.429304	
5.749809	260.506887	260.455484	
5.759712	260.516821	260.464211	
5.769856	260.52693	260.481664	
5.780011	260.537085	260.499118	
5.790145	260.547217	260.507844	
5.800448	260.55753	260.534024	
5.810504	260.567577	260.542751	
5.820668	260.577742	260.568931	
5.830826	260.587902	260.577657	
5.841	260.598072	260.603837	
5.851132	260.608205	260.612564	
5.86126	260.618333	260.630017	
5.871442	260.628515	260.64747	
5.88159	260.638666	260.64747	
5.891732	260.648803	260.664924	
5.901909	260.658982	260.67365	
5.912056	260.66913	260.682377	
5.922222	260.679297	260.691104	
5.932377	260.689452	260.69983	
5.94253	260.699602	260.708557	
5.95279	260.709863	260.708557	
5.962835	260.719911	260.717284	
5.972951	260.730024	260.717284	
5.983096	260.740173	260.717284	
5.993267	260.75034	260.717284	
6.003398	260.760471	260.717284	
6.013562	260.770635	260.72601	
6.023671	260.780744	260.734737	
6.03383	260.791063	260.734737	
6.044056	260.801129	260.743464	
6.054183	260.811257	260.75219	
6.064345	260.82142	260.75219	
6.074551	260.831623	260.760917	
6.084647	260.841719	260.769644	
6.094797	260.851867	260.77837	
6.104955	260.862027	260.787097	
6.115117	260.872195	260.80455	
6.125286	260.882358	260.813277	
6.135385	260.892458	260.822003	
6.145483	260.902556	260.839457	
6.155748	260.912825	260.848183	
6.165767	260.922838	260.85691	
6.17595	260.933024	260.874363	
6.186073	260.943147	260.891817	
6.196196	260.953268	260.900543	
6.214578	260.971654	260.917997	
6.219253	260.976331	260.93545	
6.229201	260.986273	260.952903	
6.239356	260.996429	260.970356	
6.250344	261.007419	260.98781	
6.260272	261.017345	260.996536	
6.270408	261.027482	261.01399	
6.28054	261.037613	261.031443	
6.290784	261.047856	261.04017	
6.300884	261.057957	261.057623	
6.311002	261.068075	261.06635	
6.321223	261.078296	261.083803	
6.331363	261.088436	261.092529	
6.341468	261.09854	261.101256	
6.351619	261.10869	261.101256	
6.361771	261.118844	261.109983	
6.372042	261.129114	261.118709	
6.382118	261.139189	261.127436	
6.392255	261.149327	261.127436	
6.402485	261.159556	261.136163	
6.412527	261.1696	261.136163	
6.422675	261.179747	261.136163	
6.432872	261.189946	261.144889	
6.44303	261.200105	261.153616	
6.453165	261.210238	261.153616	
6.463308	261.220378	261.162343	
6.473493	261.230568	261.171069	
6.483611	261.240684	261.179796	
6.49385	261.251012	261.188523	
6.504045	261.261123	261.197249	
6.514166	261.27124	261.205976	
6.524297	261.281372	261.223429	
6.534497	261.291572	261.232156	
6.544631	261.301703	261.240882	
6.554845	261.311917	261.258336	
6.564916	261.321989	261.275789	
6.575097	261.332168	261.284516	
6.585265	261.342339	261.301969	
6.595382	261.352454	261.310696	
6.605502	261.362574	261.328149	
6.61564	261.372713	261.345602	
6.625798	261.382872	261.363055	
6.637299	261.39438	261.380509	
6.646131	261.403207	261.389235	
6.656298	261.413375	261.406689	
6.666562	261.423638	261.415415	
6.676596	261.433668	261.432869	
6.686778	261.44385	261.441595	
6.696833	261.453906	261.450322	
6.70702	261.464095	261.467775	
6.717167	261.47424	261.476502	
6.727295	261.484366	261.485229	
6.751559	261.508646	261.485229	
6.756339	261.513424	261.502682	
6.766732	261.523816	261.502682	
