0.03540114	2171.10232	2171.10232	1237.66533	1237.66533	
0.04052401	2171.10256	2171.10232	1237.66557	1237.66533	
0.05041277	2171.10375	2171.10232	1237.66676	1237.66533	
0.06048553	2171.10556	2171.10232	1237.66857	1237.66533	
0.07102327	2171.10815	2171.10232	1237.67116	1237.66533	
0.08082403	2171.11111	2171.10232	1237.67412	1237.66533	
0.09095978	2171.11479	2171.11105	1237.6778	1237.66533	
0.1011835	2171.11914	2171.11105	1237.68215	1237.66533	
0.1112443	2171.12402	2171.11978	1237.68703	1237.67406	
0.121398	2171.12957	2171.11978	1237.69257	1237.67406	
0.1315358	2171.13572	2171.11978	1237.69873	1237.68279	
0.1417555	2171.14256	2171.1285	1237.70557	1237.68279	
0.1518763	2171.14993	2171.13723	1237.71294	1237.69151	
0.1619821	2171.15792	2171.13723	1237.72093	1237.70024	
0.1721258	2171.16655	2171.15468	1237.72955	1237.70897	
0.1822646	2171.17579	2171.16341	1237.7388	1237.71769	
0.1924473	2171.18569	2171.17214	1237.7487	1237.71769	
0.2025921	2171.19618	2171.17214	1237.75919	1237.73515	
0.2127228	2171.20726	2171.18086	1237.77027	1237.74387	
0.2228656	2171.21898	2171.18086	1237.78199	1237.7526	
0.2329983	2171.2313	2171.18086	1237.79431	1237.77005	
0.2432191	2171.24435	2171.18959	1237.80736	1237.77005	
0.2533888	2171.25797	2171.18959	1237.82098	1237.78751	
0.2641776	2171.27313	2171.18959	1237.83614	1237.79623	
0.2736123	2171.28687	2171.18959	1237.84988	1237.80496	
0.2837801	2171.30234	2171.19832	1237.86535	1237.82241	
0.2938838	2171.31831	2171.19832	1237.88132	1237.83114	
0.3040786	2171.33506	2171.20704	1237.89807	1237.83987	
0.3141933	2171.35229	2171.2245	1237.9153	1237.85732	
0.3243731	2171.37025	2171.24195	1237.93326	1237.87477	
0.3424517	2171.40454	2171.27686	1237.96755	1237.90095	
0.3470115	2171.41311	2171.28558	1237.97612	1237.90968	
0.3572613	2171.43323	2171.31176	1237.99623	1237.92713	
0.367338	2171.4536	2171.34667	1238.01661	1237.94459	
0.3774848	2171.47473	2171.38158	1238.03774	1237.96204	
0.3876706	2171.49657	2171.41648	1238.05958	1237.98822	
0.3978213	2171.51896	2171.45139	1238.08197	1238.0144	
0.4079921	2171.54201	2171.4863	1238.10501	1238.03185	
0.4181308	2171.56559	2171.5212	1238.1286	1238.06676	
0.4287516	2171.591	2171.55611	1238.15401	1238.10166	
0.4388263	2171.61569	2171.59102	1238.1787	1238.12784	
0.449392	2171.64226	2171.62592	1238.20527	1238.16275	
0.4595268	2171.66836	2171.6521	1238.23137	1238.19766	
0.4696846	2171.69514	2171.68701	1238.25815	1238.23256	
0.4798323	2171.72251	2171.71319	1238.28552	1238.26747	
0.4899481	2171.75042	2171.74809	1238.31343	1238.30238	
0.5003498	2171.77975	2171.783	1238.34276	1238.33728	
0.5103746	2171.80861	2171.80918	1238.37162	1238.37219	
0.5204363	2171.83819	2171.83536	1238.4012	1238.4071	
0.5305681	2171.8686	2171.87027	1238.43161	1238.442	
0.5407368	2171.89974	2171.90517	1238.46275	1238.46818	
0.5508396	2171.93129	2171.93135	1238.4943	1238.50309	
0.5611463	2171.96414	2171.95753	1238.52715	1238.538	
0.5711401	2171.99655	2171.99244	1238.55956	1238.56418	
0.5813268	2172.03023	2172.01862	1238.59324	1238.59036	
0.5914266	2172.06422	2172.0448	1238.62723	1238.62526	
0.6015663	2172.09897	2172.07971	1238.66198	1238.64272	
0.6118661	2172.13493	2172.11461	1238.69794	1238.67762	
0.6219138	2172.17058	2172.14952	1238.73359	1238.69508	
0.6320576	2172.20721	2172.18443	1238.77021	1238.72998	
0.6421543	2172.24426	2172.21933	1238.80727	1238.76489	
0.6538641	2172.28814	2172.25424	1238.85115	1238.7998	
0.6625479	2172.32104	2172.28915	1238.88405	1238.82598	
0.6726226	2172.35985	2172.32405	1238.92286	1238.86088	
0.6827774	2172.3996	2172.35896	1238.96261	1238.89579	
0.6928951	2172.43982	2172.40259	1239.00283	1238.9307	
0.7030759	2172.48093	2172.4375	1239.04394	1238.97433	
0.7211184	2172.55614	2172.51604	1239.11915	1239.04414	
0.7256843	2172.5751	2172.53349	1239.13811	1239.0616	
0.7358551	2172.61816	2172.57713	1239.18117	1239.11396	
0.7459878	2172.66166	2172.62076	1239.22467	1239.15759	
0.7561826	2172.70607	2172.67312	1239.26908	1239.20122	
0.7665063	2172.75168	2172.71675	1239.31469	1239.25358	
0.7764771	2172.79631	2172.76911	1239.35932	1239.30594	
0.7866678	2172.84255	2172.81275	1239.40556	1239.3583	
0.7967666	2172.88898	2172.86511	1239.45199	1239.41066	
0.8069543	2172.93647	2172.91747	1239.49948	1239.46302	
0.8258459	2173.02717	2173.01346	1239.59018	1239.55901	
0.8304738	2173.04927	2173.03964	1239.61228	1239.58519	
0.8406265	2173.09865	2173.092	1239.66165	1239.63755	
0.8507123	2173.14827	2173.14436	1239.71128	1239.68991	
0.861067	2173.19992	2173.19672	1239.76293	1239.74227	
0.8710158	2173.25007	2173.24908	1239.81308	1239.79463	
0.8811645	2173.30187	2173.30144	1239.86488	1239.84699	
0.8912993	2173.35423	2173.3538	1239.91723	1239.89935	
0.901446	2173.40725	2173.40616	1239.97026	1239.95171	
0.9115958	2173.46094	2173.46724	1240.02395	1240.00407	
0.9218385	2173.51573	2173.5196	1240.07874	1240.06516	
0.9334442	2173.57869	2173.58069	1240.1417	1240.12625	
0.94205	2173.6257	2173.63305	1240.18871	1240.16988	
0.9645455	2173.75266	2173.68541	1240.31567	1240.28333	
0.9691414	2173.77875	2173.7814	1240.34176	1240.30951	
0.9793411	2173.83652	2173.83376	1240.39953	1240.37059	
0.9894849	2173.89488	2173.89485	1240.45789	1240.42295	
0.9998286	2173.95509	2173.95594	1240.5181	1240.47531	
1.009814	2174.01373	2174.0083	1240.57674	1240.52767	
1.019966	2174.07401	2174.06938	1240.63702	1240.58876	
1.030109	2174.13486	2174.13047	1240.69787	1240.64985	
1.04022	2174.19612	2174.19156	1240.75913	1240.70221	
1.050804	2174.26096	2174.24392	1240.82397	1240.77202	
1.060589	2174.32143	2174.31373	1240.88444	1240.82438	
1.070754	2174.38487	2174.37482	1240.94788	1240.89419	
1.080825	2174.44834	2174.4359	1241.01135	1240.95528	
1.090953	2174.5128	2174.49699	1241.07581	1241.01636	
1.101196	2174.57863	2174.55807	1241.14164	1241.08618	
1.111256	2174.64383	2174.61916	1241.20684	1241.15599	
1.121397	2174.71025	2174.68897	1241.27326	1241.2258	
1.13158	2174.77753	2174.75006	1241.34054	1241.28689	
1.149651	2174.89936	2174.81987	1241.46237	1241.41779	
1.154273	2174.93041	2174.90714	1241.49342	1241.44397	
1.164456	2174.9997	2174.96823	1241.56271	1241.51378	
1.174674	2175.06986	2175.04677	1241.63287	1241.5836	
1.184742	2175.13959	2175.11658	1241.7026	1241.65341	
1.194867	2175.21032	2175.18639	1241.77333	1241.72322	
1.205116	2175.28259	2175.26493	1241.8456	1241.80176	
1.215218	2175.35439	2175.33475	1241.9174	1241.87158	
1.225371	2175.4272	2175.41329	1241.99021	1241.94139	
1.235541	2175.50076	2175.4831	1242.06377	1242.01993	
1.245667	2175.57458	2175.57037	1242.13759	1242.09847	
1.255852	2175.64948	2175.64018	1242.21249	1242.16828	
1.266742	2175.73033	2175.71872	1242.29334	1242.25555	
1.276115	2175.80032	2175.79726	1242.36333	1242.32536	
1.286238	2175.87661	2175.86707	1242.43962	1242.4039	
1.296369	2175.95356	2175.95434	1242.51657	1242.48244	
1.30661	2176.032	2176.02415	1242.59501	1242.56098	
1.31671	2176.10993	2176.10269	1242.67293	1242.63952	
1.326847	2176.18878	2176.18123	1242.75179	1242.72679	
1.337078	2176.26902	2176.25977	1242.83203	1242.7966	
1.347159	2176.34868	2176.33831	1242.91169	1242.88387	
1.35738	2176.43002	2176.40812	1242.99303	1242.95368	
1.367483	2176.51108	2176.49539	1243.07408	1243.04095	
1.377623	2176.59305	2176.5652	1243.15606	1243.11076	
1.387856	2176.6764	2176.64374	1243.23941	1243.19803	
1.397958	2176.75929	2176.72228	1243.3223	1243.26784	
1.417353	2176.92128	2176.87936	1243.48429	1243.42492	
1.421955	2176.95957	2176.91427	1243.52258	1243.45983	
1.432078	2177.04475	2177.00154	1243.60775	1243.54709	
1.442248	2177.13091	2177.08008	1243.69392	1243.62563	
1.452421	2177.21771	2177.16734	1243.78072	1243.7129	
1.462594	2177.30511	2177.25461	1243.86812	1243.80016	
1.472707	2177.39264	2177.34188	1243.95564	1243.88743	
1.482871	2177.48123	2177.42914	1244.04424	1243.98342	
1.493019	2177.57026	2177.52513	1244.13327	1244.07069	
1.503268	2177.66088	2177.6124	1244.22389	1244.15796	
1.513371	2177.75074	2177.70839	1244.31375	1244.24522	
1.523495	2177.84144	2177.80439	1244.40445	1244.34994	
1.533854	2177.93491	2177.89165	1244.49792	1244.43721	
1.54426	2178.02949	2177.98765	1244.59249	1244.5332	
1.554112	2178.1195	2178.08364	1244.68251	1244.6292	
1.564307	2178.21336	2178.18836	1244.77637	1244.73392	
1.574722	2178.30988	2178.27563	1244.87289	1244.82118	
1.584576	2178.40177	2178.37162	1244.96478	1244.9259	
1.594804	2178.49777	2178.46761	1245.06078	1245.01317	
1.604941	2178.59353	2178.57233	1245.15654	1245.11789	
1.615107	2178.69017	2178.66833	1245.25318	1245.21388	
1.625491	2178.78961	2178.76432	1245.35262	1245.3186	
1.63541	2178.88511	2178.86904	1245.44812	1245.41459	
1.645656	2178.98443	2178.96503	1245.54744	1245.51059	
1.655726	2179.08262	2179.06975	1245.64563	1245.61531	
1.665898	2179.18244	2179.16574	1245.74545	1245.7113	
1.67607	2179.28286	2179.27046	1245.84587	1245.81602	
1.686177	2179.38327	2179.37518	1245.94628	1245.92074	
1.696372	2179.48519	2179.4799	1246.0482	1246.02546	
1.70652	2179.58725	2179.5759	1246.15026	1246.13018	
1.716687	2179.69013	2179.68062	1246.25314	1246.2349	
1.726868	2179.79374	2179.78534	1246.35675	1246.33962	
1.736977	2179.89727	2179.89006	1246.46028	1246.43561	
1.747162	2180.0022	2179.99478	1246.56521	1246.54033	
1.757398	2180.10827	2180.09077	1246.67128	1246.64505	
1.767591	2180.21454	2180.19549	1246.77755	1246.7585	
1.777603	2180.31948	2180.30893	1246.88248	1246.85449	
1.787819	2180.42721	2180.40493	1246.99022	1246.95921	
1.797944	2180.53459	2180.50965	1247.09759	1247.06393	
1.808103	2180.64299	2180.62309	1247.206	1247.17738	
1.81823	2180.7516	2180.72781	1247.31461	1247.2821	
1.828356	2180.86083	2180.84126	1247.42384	1247.38682	
1.838493	2180.97082	2180.94598	1247.53383	1247.50899	
1.848703	2181.08218	2181.06815	1247.64519	1247.61371	
1.860878	2181.21601	2181.17287	1247.77902	1247.75334	
1.86899	2181.30544	2181.28632	1247.86845	1247.8406	
1.879148	2181.41865	2181.39977	1247.98166	1247.94532	
1.889496	2181.53501	2181.51321	1248.09802	1248.05877	
1.899681	2181.64781	2181.62666	1248.21082	1248.17221	
1.909613	2181.7598	2181.7401	1248.32281	1248.28566	
1.919749	2181.87469	2181.85355	1248.43769	1248.39911	
1.929897	2181.9903	2181.97572	1248.55331	1248.51255	
1.940035	2182.10653	2182.08917	1248.66954	1248.626	
1.950185	2182.22343	2182.20262	1248.78644	1248.74817	
1.960411	2182.34189	2182.32479	1248.9049	1248.86162	
1.970491	2182.4592	2182.43824	1249.02221	1248.97507	
1.980626	2182.57776	2182.55168	1249.14077	1249.09724	
1.990823	2182.6977	2182.67386	1249.26071	1249.21069	
2.00111	2182.81944	2182.7873	1249.38245	1249.33286	
2.011093	2182.93799	2182.90075	1249.501	1249.4463	
2.021314	2183.06007	2183.02292	1249.62308	1249.56848	
2.031414	2183.18138	2183.14509	1249.74439	1249.69065	
2.041523	2183.30265	2183.26727	1249.86566	1249.81282	
2.059965	2183.52401	2183.38071	1250.08701	1250.03099	
2.064557	2183.57903	2183.53779	1250.14203	1250.08335	
2.074745	2183.70175	2183.66869	1250.26476	1250.21425	
2.084888	2183.82311	2183.79087	1250.38611	1250.33642	
2.095021	2183.94464	2183.91304	1250.50765	1250.4586	
2.105169	2184.06641	2184.04394	1250.62941	1250.58077	
2.115329	2184.18834	2184.16611	1250.75135	1250.70294	
2.12553	2184.31074	2184.29701	1250.87375	1250.82512	
2.135646	2184.43214	2184.42791	1250.99515	1250.95601	
2.145829	2184.55433	2184.55881	1251.11733	1251.08691	
2.156008	2184.6765	2184.68098	1251.23951	1251.20909	
2.166128	2184.79796	2184.81188	1251.36097	1251.33999	
2.176277	2184.91974	2184.93406	1251.48275	1251.47089	
2.18644	2185.04165	2185.06496	1251.60465	1251.59306	
2.196881	2185.16703	2185.18713	1251.73004	1251.72396	
2.206831	2185.28637	2185.3093	1251.84938	1251.85486	
2.216911	2185.40733	2185.43148	1251.97034	1251.97703	
2.227036	2185.52882	2185.55365	1252.09183	1252.09921	
2.237293	2185.65191	2185.68455	1252.21491	1252.22138	
2.247373	2185.77291	2185.798	1252.33592	1252.34355	
2.257518	2185.89462	2185.92017	1252.45763	1252.46572	
2.268357	2186.02475	2186.04234	1252.58775	1252.59662	
2.277824	2186.13829	2186.16451	1252.7013	1252.71007	
2.287957	2186.25991	2186.28669	1252.82292	1252.83224	
2.298071	2186.38122	2186.40013	1252.94423	1252.95442	
2.309084	2186.51345	2186.53103	1253.07645	1253.08532	
2.318978	2186.63211	2186.64448	1253.19512	1253.19876	
2.329108	2186.75367	2186.75793	1253.31668	1253.32094	
2.339315	2186.87619	2186.8801	1253.4392	1253.43438	
2.349518	2186.99859	2187.00227	1253.5616	1253.55656	
2.35968	2187.1206	2187.11572	1253.68361	1253.67	
2.369785	2187.24185	2187.23789	1253.80485	1253.79217	
2.380123	2187.36589	2187.36007	1253.9289	1253.90562	
2.390095	2187.48551	2187.47351	1254.04851	1254.01907	
2.400191	2187.60667	2187.59568	1254.16968	1254.14124	
2.419613	2187.83978	2187.8313	1254.40279	1254.36813	
2.424214	2187.89492	2187.88366	1254.45793	1254.42049	
2.434357	2188.01666	2188.00584	1254.57967	1254.54267	
2.444519	2188.13862	2188.12801	1254.70163	1254.66484	
2.454716	2188.26098	2188.25018	1254.82399	1254.78701	
2.464836	2188.38241	2188.37236	1254.94542	1254.90919	
2.474987	2188.50422	2188.4858	1255.06723	1255.03136	
2.485164	2188.62642	2188.6167	1255.18943	1255.15353	
2.495343	2188.74853	2188.73015	1255.31154	1255.2757	
2.505613	2188.87173	2188.86105	1255.43474	1255.39788	
2.515755	2188.99345	2188.97449	1255.55646	1255.52005	
2.525884	2189.11499	2189.10539	1255.67799	1255.64222	
2.536079	2189.23735	2189.21884	1255.80036	1255.7644	
2.546223	2189.35904	2189.34101	1255.92205	1255.88657	
2.556348	2189.48054	2189.46319	1256.04355	1256.00874	
2.566518	2189.60259	2189.58536	1256.1656	1256.13092	
2.576624	2189.72385	2189.70753	1256.28686	1256.25309	
2.586865	2189.84678	2189.82971	1256.40979	1256.37526	
2.597014	2189.96857	2189.95188	1256.53158	1256.49744	
2.607145	2190.09013	2190.07405	1256.65314	1256.61961	
2.617324	2190.2123	2190.19623	1256.77531	1256.74178	
2.627448	2190.33381	2190.3184	1256.89682	1256.86395	
2.637654	2190.45624	2190.44057	1257.01925	1256.98613	
2.647746	2190.57734	2190.56274	1257.14035	1257.1083	
2.658032	2190.7008	2190.68492	1257.26381	1257.23047	
2.6681	2190.82158	2190.80709	1257.38459	1257.36137	
2.678179	2190.94251	2190.92926	1257.50552	1257.47482	
2.688398	2191.0652	2191.05144	1257.62821	1257.60572	
2.698541	2191.18689	2191.17361	1257.7499	1257.72789	
2.708693	2191.30873	2191.29578	1257.87174	1257.85879	
2.718924	2191.43144	2191.42668	1257.99445	1257.98096	
2.728965	2191.55198	2191.54886	1258.11499	1258.10314	
2.739148	2191.67479	2191.67103	1258.2378	1258.22531	
2.74938	2191.79694	2191.80193	1258.35995	1258.34748	
2.759464	2191.91803	2191.9241	1258.48104	1258.46966	
2.769761	2192.04155	2192.04627	1258.60455	1258.59183	
2.779821	2192.16234	2192.16845	1258.72535	1258.714	
2.790043	2192.28489	2192.29062	1258.8479	1258.83618	
2.800172	2192.40648	2192.42152	1258.96949	1258.96708	
2.810412	2192.52937	2192.53497	1259.09238	1259.08925	
2.8205	2192.65044	2192.65714	1259.21345	1259.21142	
2.831267	2192.77968	2192.77931	1259.34269	1259.3336	
2.841337	2192.90052	2192.90149	1259.46353	1259.45577	
2.850964	2193.01601	2193.02366	1259.57901	1259.57794	
2.861134	2193.13805	2193.14583	1259.70105	1259.70011	
2.871265	2193.25958	2193.268	1259.82259	1259.81356	
2.881403	2193.38123	2193.39018	1259.94423	1259.93573	
2.891537	2193.50283	2193.51235	1260.06584	1260.05791	
2.901761	2193.62558	2193.63452	1260.18859	1260.18008	
2.920409	2193.84937	2193.7567	1260.41238	1260.39825	
2.924972	2193.9041	2193.91378	1260.46711	1260.45061	
2.944802	2194.14206	2194.15812	1260.70507	1260.68623	
2.94948	2194.19819	2194.21048	1260.76119	1260.73859	
2.959662	2194.32036	2194.34138	1260.88337	1260.86076	
2.969702	2194.4408	2194.46356	1261.00381	1260.98293	
2.979832	2194.56239	2194.58573	1261.12539	1261.1051	
2.989994	2194.68435	2194.7079	1261.24736	1261.21855	
3.000128	2194.8059	2194.83007	1261.36891	1261.34072	
3.010671	2194.93249	2194.94352	1261.4955	1261.45417	
3.020478	2195.05015	2195.06569	1261.61316	1261.57634	
3.030608	2195.17171	2195.17914	1261.73472	1261.69852	
3.040753	2195.29344	2195.29259	1261.85645	1261.82069	
3.050865	2195.41513	2195.41476	1261.97814	1261.94286	
3.061039	2195.53686	2195.52821	1262.09987	1262.06504	
3.071189	2195.65865	2195.64165	1262.22165	1262.18721	
3.081333	2195.78037	2195.76383	1262.34338	1262.30938	
3.09148	2195.90216	2195.886	1262.46517	1262.43155	
3.101743	2196.02534	2195.99944	1262.58835	1262.55373	
3.111828	2196.14636	2196.12162	1262.70937	1262.6759	
3.121968	2196.26801	2196.23506	1262.83101	1262.79807	
3.132115	2196.38981	2196.35724	1262.95281	1262.92025	
3.142222	2196.51107	2196.47941	1263.07407	1263.04242	
3.152369	2196.63284	2196.60158	1263.19585	1263.16459	
3.162539	2196.75487	2196.72376	1263.31788	1263.28677	
3.172685	2196.87657	2196.84593	1263.43958	1263.40894	
3.190762	2197.09355	2197.07282	1263.65655	1263.63583	
3.195326	2197.14829	2197.12518	1263.7113	1263.68819	
3.205572	2197.27125	2197.24736	1263.83426	1263.81036	
3.215731	2197.39319	2197.37825	1263.95619	1263.93254	
3.225813	2197.51412	2197.50915	1264.07713	1264.05471	
3.235986	2197.63622	2197.63133	1264.19923	1264.17688	
3.246128	2197.75794	2197.7535	1264.32095	1264.30778	
3.256271	2197.87964	2197.8844	1264.44265	1264.42996	
3.267173	2198.01056	2198.00657	1264.57357	1264.56086	
3.276562	2198.12313	2198.12875	1264.68614	1264.68303	
3.286673	2198.24444	2198.25965	1264.80745	1264.8052	
3.296807	2198.36605	2198.38182	1264.92906	1264.92738	
3.308578	2198.5074	2198.50399	1265.07041	1265.05828	
3.317094	2198.60953	2198.62617	1265.17254	1265.18045	
3.327235	2198.73122	2198.74834	1265.29423	1265.31135	
3.337352	2198.8526	2198.87051	1265.41561	1265.43352	
3.347539	2198.97487	2198.99268	1265.53788	1265.55569	
3.357741	2199.09731	2199.12358	1265.66031	1265.67787	
3.36785	2199.21857	2199.23703	1265.78157	1265.80004	
3.37799	2199.34025	2199.3592	1265.90325	1265.92221	
3.388191	2199.46268	2199.48138	1266.02569	1266.04439	
3.398312	2199.58413	2199.60355	1266.14714	1266.15783	
3.408832	2199.71618	2199.72572	1266.27919	1266.27128	
3.418622	2199.82784	2199.8479	1266.39085	1266.39345	
3.428805	2199.95009	2199.97007	1266.51309	1266.51563	
3.439003	2200.07243	2200.08352	1266.63543	1266.6378	
3.449072	2200.19324	2200.20569	1266.75625	1266.75124	
3.459226	2200.31509	2200.32786	1266.8781	1266.86469	
3.469447	2200.43775	2200.45003	1267.00076	1266.98686	
3.479526	2200.5587	2200.56348	1267.12171	1267.10904	
3.489667	2200.68038	2200.68565	1267.24339	1267.22248	
3.499807	2200.80204	2200.80783	1267.36505	1267.34466	
3.509944	2200.92379	2200.92127	1267.4868	1267.4581	
3.52013	2201.04595	2201.04345	1267.60896	1267.58028	
3.538301	2201.26404	2201.15689	1267.82705	1267.79844	
3.550823	2201.41425	2201.40124	1267.97726	1267.94679	
3.555342	2201.46849	2201.4536	1268.0315	1267.99915	
3.565616	2201.59178	2201.57577	1268.15479	1268.12133	
3.575684	2201.71259	2201.69794	1268.27559	1268.2435	
3.585835	2201.8344	2201.82012	1268.39741	1268.36567	
3.596019	2201.95661	2201.93356	1268.51961	1268.48785	
3.606143	2202.07811	2202.05574	1268.64111	1268.61002	
3.616309	2202.2001	2202.17791	1268.76311	1268.73219	
3.626455	2202.32183	2202.30008	1268.88483	1268.85437	
3.63665	2202.4442	2202.42226	1269.00721	1268.97654	
3.646825	2202.56628	2202.54443	1269.12929	1269.09871	
3.656894	2202.68713	2202.6666	1269.25014	1269.22089	
3.667087	2202.80943	2202.7975	1269.37244	1269.34306	
3.677239	2202.93126	2202.91968	1269.49427	1269.46523	
3.687375	2203.05289	2203.04185	1269.6159	1269.59613	
3.697518	2203.17457	2203.16402	1269.73758	1269.7183	
3.707681	2203.29659	2203.28619	1269.85959	1269.8492	
3.717892	2203.41909	2203.41709	1269.9821	1269.97138	
3.727957	2203.53985	2203.53927	1270.10286	1270.09355	
3.738175	2203.66255	2203.67017	1270.22556	1270.21572	
3.748294	2203.78389	2203.79234	1270.3469	1270.3379	
3.758462	2203.90593	2203.91451	1270.46894	1270.46007	
3.768734	2204.02922	2204.03669	1270.59223	1270.59097	
3.778719	2204.14903	2204.15886	1270.71204	1270.71314	
3.788892	2204.27109	2204.28103	1270.8341	1270.83531	
3.799113	2204.39373	2204.40321	1270.95674	1270.96621	
3.810915	2204.53548	2204.5341	1271.09849	1271.10584	
3.819335	2204.63646	2204.65628	1271.19947	1271.21056	
3.829668	2204.76044	2204.77845	1271.32345	1271.33273	
3.83965	2204.8802	2204.90062	1271.44321	1271.45491	
3.849869	2205.00285	2205.0228	1271.56586	1271.57708	
3.860016	2205.12456	2205.14497	1271.68757	1271.69053	
3.870148	2205.24617	2205.26714	1271.80917	1271.8127	
3.88032	2205.3683	2205.38059	1271.93131	1271.93487	
3.890434	2205.48961	2205.50276	1272.05262	1272.05705	
3.900595	2205.61155	2205.62494	1272.17456	1272.17049	
3.910723	2205.73308	2205.74711	1272.29609	1272.29266	
3.920873	2205.85487	2205.86928	1272.41787	1272.41484	
3.931036	2205.97682	2205.98273	1272.53983	1272.53701	
3.941176	2206.09849	2206.1049	1272.6615	1272.65918	
3.951354	2206.22067	2206.21835	1272.78368	1272.77263	
3.961488	2206.34226	2206.34052	1272.90527	1272.8948	
3.971682	2206.46459	2206.46269	1273.02759	1273.00825	
3.981851	2206.58663	2206.58487	1273.14963	1273.13042	
3.992322	2206.71228	2206.70704	1273.27529	1273.2526	
4.002069	2206.82921	2206.82049	1273.39221	1273.37477	
4.012308	2206.95213	2206.95139	1273.51514	1273.49694	
4.022393	2207.07311	2207.06483	1273.63611	1273.61912	
4.032487	2207.19425	2207.18701	1273.75725	1273.73256	
4.042693	2207.31672	2207.30045	1273.87973	1273.85473	
4.05284	2207.43853	2207.43135	1274.00154	1273.97691	
4.06305	2207.56098	2207.5448	1274.12399	1274.09035	
4.07317	2207.68241	2207.6757	1274.24541	1274.21253	
4.083313	2207.80417	2207.78914	1274.36718	1274.3347	
4.093506	2207.92645	2207.92004	1274.48946	1274.45687	
4.103582	2208.04736	2208.03349	1274.61037	1274.57905	
4.113732	2208.16917	2208.15566	1274.73218	1274.70122	
4.123897	2208.29115	2208.27784	1274.85416	1274.82339	
4.13406	2208.41311	2208.40001	1274.97612	1274.94557	
4.144215	2208.53493	2208.52218	1275.09794	1275.06774	
4.154401	2208.65725	2208.64436	1275.22026	1275.18991	
4.164557	2208.77905	2208.76653	1275.34206	1275.31208	
4.174707	2208.90087	2208.8887	1275.46388	1275.43426	
4.184874	2209.02291	2209.01087	1275.58592	1275.55643	
4.195065	2209.14515	2209.13305	1275.70815	1275.6786	
4.205215	2209.26695	2209.25522	1275.82995	1275.80078	
4.215344	2209.38852	2209.37739	1275.95153	1275.92295	
4.225518	2209.51061	2209.49957	1276.07361	1276.04512	
4.235668	2209.63238	2209.62174	1276.19539	1276.17602	
4.245841	2209.75445	2209.74391	1276.31745	1276.2982	
4.255973	2209.87605	2209.86609	1276.43906	1276.4291	
4.266155	2209.99826	2209.99699	1276.56127	1276.55127	
4.276346	2210.12055	2210.11916	1276.68356	1276.67344	
4.2864	2210.24118	2210.24133	1276.80419	1276.79561	
4.296534	2210.36281	2210.37223	1276.92582	1276.91779	
4.306673	2210.48447	2210.4944	1277.04747	1277.04869	
4.316869	2210.60688	2210.61658	1277.16989	1277.17086	
4.32705	2210.72898	2210.73875	1277.29199	1277.29303	
4.337102	2210.84961	2210.86092	1277.41262	1277.41521	
4.34729	2210.97188	2210.9831	1277.53489	1277.53738	
4.357484	2211.09417	2211.10527	1277.65718	1277.65955	
4.367623	2211.2159	2211.22744	1277.77891	1277.79045	
4.37774	2211.33727	2211.34962	1277.90028	1277.91263	
4.387907	2211.45926	2211.47179	1278.02227	1278.0348	
4.39808	2211.58135	2211.59396	1278.14436	1278.14824	
4.408218	2211.70297	2211.71613	1278.26598	1278.27042	
4.418391	2211.82513	2211.83831	1278.38814	1278.39259	
4.428522	2211.94665	2211.96048	1278.50966	1278.51476	
4.438691	2212.06867	2212.08265	1278.63168	1278.62821	
4.448821	2212.19019	2212.1961	1278.7532	1278.75038	
4.459004	2212.31283	2212.31827	1278.87584	1278.87256	
4.469142	2212.43478	2212.44045	1278.99779	1278.99473	
4.479285	2212.55581	2212.56262	1279.11882	1279.1169	
4.489431	2212.67756	2212.67607	1279.24057	1279.23908	
4.499556	2212.79905	2212.80697	1279.36206	1279.35252	
4.509789	2212.92191	2212.92914	1279.48491	1279.46597	
4.519878	2213.0429	2213.05131	1279.60591	1279.58814	
4.530031	2213.16477	2213.16476	1279.72778	1279.71031	
4.540154	2213.28631	2213.29566	1279.84932	1279.83249	
4.550383	2213.40899	2213.4091	1279.97199	1279.95466	
4.560435	2213.5296	2213.53128	1280.09261	1280.07683	
4.570618	2213.65178	2213.65345	1280.21479	1280.19028	
4.580831	2213.77436	2213.77562	1280.33737	1280.31245	
4.590997	2213.89634	2213.8978	1280.45935	1280.43463	
4.601107	2214.01765	2214.01124	1280.58066	1280.5568	
4.611242	2214.13927	2214.13342	1280.70228	1280.67897	
4.621455	2214.26184	2214.24686	1280.82485	1280.80114	
4.631551	2214.383	2214.36904	1280.94601	1280.92332	
4.641775	2214.50571	2214.49121	1281.06872	1281.03676	
4.65187	2214.62682	2214.61338	1281.18983	1281.15894	
4.662154	2214.75031	2214.72683	1281.31332	1281.28111	
4.6722	2214.8708	2214.849	1281.43381	1281.40328	
4.682317	2214.99218	2214.97117	1281.55519	1281.52546	
4.692494	2215.11429	2215.09335	1281.6773	1281.64763	
4.702597	2215.23554	2215.20679	1281.79855	1281.7698	
4.712738	2215.35723	2215.32897	1281.92024	1281.89198	
4.72289	2215.47907	2215.45987	1282.04208	1282.01415	
4.733051	2215.60103	2215.57331	1282.16403	1282.13632	
4.751304	2215.82013	2215.80021	1282.38314	1282.35449	
4.75589	2215.87507	2215.86129	1282.43808	1282.41557	
4.766163	2215.99842	2215.98346	1282.56143	1282.53775	
4.77623	2216.11914	2216.10564	1282.68215	1282.65992	
4.786401	2216.24123	2216.23654	1282.80423	1282.78209	
4.79656	2216.36313	2216.35871	1282.92614	1282.91299	
4.806661	2216.48431	2216.48088	1283.04732	1283.03517	
4.816879	2216.60697	2216.61178	1283.16998	1283.16607	
4.827009	2216.7285	2216.73396	1283.29151	1283.28824	
4.837111	2216.84973	2216.85613	1283.41274	1283.41041	
4.847313	2216.97217	2216.98703	1283.53518	1283.53259	
4.857472	2217.09404	2217.1092	1283.65705	1283.65476	
4.867613	2217.21576	2217.23138	1283.77877	1283.78566	
4.877805	2217.33807	2217.35355	1283.90108	1283.90783	
4.888161	2217.46236	2217.48445	1284.02537	1284.03	
4.898069	2217.58124	2217.59789	1284.14425	1284.15218	
4.908275	2217.70369	2217.72007	1284.2667	1284.28308	
4.918382	2217.82499	2217.84224	1284.38799	1284.39652	
4.928489	2217.94625	2217.97314	1284.50925	1284.52742	
4.938691	2218.06873	2218.08659	1284.63174	1284.6496	
4.948837	2218.19048	2218.21749	1284.75349	1284.76304	
4.966961	2218.40795	2218.42693	1284.97095	1284.98121	
4.971521	2218.46263	2218.47929	1285.02564	1285.03357	
4.989678	2218.68054	2218.60146	1285.24355	1285.24301	
4.994243	2218.73529	2218.74981	1285.2983	1285.29537	
5.004595	2218.85959	2218.87198	1285.4226	1285.41754	
5.014597	2218.97959	2218.99416	1285.5426	1285.53971	
5.024723	2219.10107	2219.11633	1285.66407	1285.65316	
