0.4867098	1742.22349	1742.22257	1706.51404	1706.51313	
0.4968635	1742.22504	1742.22257	1706.51555	1706.51313	
0.5070223	1742.22721	1742.22257	1706.51768	1706.51313	
0.517166	1742.22998	1742.23129	1706.5204	1706.51313	
0.5272668	1742.23336	1742.23129	1706.52371	1706.51313	
0.5374795	1742.23741	1742.23129	1706.52768	1706.52186	
0.5476703	1742.24207	1742.23129	1706.53225	1706.52186	
0.557788	1742.24731	1742.23129	1706.53738	1706.52186	
0.5679798	1742.25323	1742.24002	1706.54319	1706.52186	
0.5780785	1742.25966	1742.24002	1706.54949	1706.53058	
0.5883242	1742.26685	1742.24002	1706.55654	1706.53058	
0.598498	1742.27461	1742.24002	1706.56414	1706.53058	
0.6086397	1742.28295	1742.24002	1706.57232	1706.53931	
0.6188225	1742.29195	1742.24002	1706.58114	1706.54804	
0.6289542	1742.30152	1742.24875	1706.59052	1706.55676	
0.639083	1742.31171	1742.25747	1706.60051	1706.56549	
0.6493027	1742.32262	1742.25747	1706.6112	1706.57422	
0.6594315	1742.33404	1742.27493	1706.62239	1706.58294	
0.6695712	1742.34609	1742.28365	1706.63421	1706.6004	
0.6797239	1742.35877	1742.29238	1706.64664	1706.60912	
0.6901537	1742.37247	1742.30983	1706.66006	1706.62658	
0.7002814	1742.38637	1742.31856	1706.67369	1706.6353	
0.7104212	1742.4009	1742.32729	1706.68794	1706.65276	
0.7205739	1742.41608	1742.34474	1706.70281	1706.66148	
0.7307527	1742.43191	1742.36219	1706.71833	1706.67021	
0.7408934	1742.44831	1742.38837	1706.7344	1706.68766	
0.7510252	1742.4653	1742.40583	1706.75106	1706.70512	
0.7612199	1742.48302	1742.42328	1706.76843	1706.72257	
0.7713417	1742.50123	1742.44946	1706.78627	1706.7313	
0.7814814	1742.52009	1742.46691	1706.80476	1706.74875	
0.7916451	1742.53962	1742.49309	1706.8239	1706.7662	
0.8052518	1742.56703	1742.51927	1706.85077	1706.79238	
0.8223294	1742.60334	1742.53673	1706.88636	1706.80984	
0.8303392	1742.62052	1742.57163	1706.90321	1706.84474	
0.837098	1742.63526	1742.59781	1706.91765	1706.8622	
0.8472557	1742.65818	1742.62399	1706.94012	1706.88838	
0.8574375	1742.68175	1742.65017	1706.96322	1706.91456	
0.8676182	1742.70594	1742.67635	1706.98694	1706.94074	
0.877764	1742.73068	1742.70253	1707.01118	1706.96692	
0.8877937	1742.75572	1742.72871	1707.03573	1706.98437	
0.8982475	1742.7825	1742.75489	1707.06198	1707.01055	
0.9085182	1742.80945	1742.78107	1707.08839	1707.03673	
0.918574	1742.83641	1742.80725	1707.11482	1707.06291	
0.9286347	1742.864	1742.83343	1707.14186	1707.08909	
0.9388454	1742.89264	1742.86834	1707.16993	1707.12399	
0.9489492	1742.92158	1742.89452	1707.1983	1707.15017	
0.9590989	1742.95127	1742.9207	1707.2274	1707.17635	
0.9692967	1742.98174	1742.9556	1707.25727	1707.21126	
0.9794404	1743.01265	1742.99051	1707.28756	1707.24617	
0.9895272	1743.044	1743.02542	1707.3183	1707.28107	
0.9997339	1743.07635	1743.06032	1707.35001	1707.30725	
1.009897	1743.10918	1743.0865	1707.38218	1707.33343	
1.020157	1743.14297	1743.12141	1707.41531	1707.36834	
1.030222	1743.1767	1743.15632	1707.44837	1707.40325	
1.040402	1743.21145	1743.19122	1707.48243	1707.43815	
1.050624	1743.24696	1743.22613	1707.51724	1707.47306	
1.060743	1743.28275	1743.26104	1707.55232	1707.50797	
1.070886	1743.31922	1743.30467	1707.58807	1707.54287	
1.08104	1743.35636	1743.33958	1707.62447	1707.57778	
1.091171	1743.39403	1743.37448	1707.6614	1707.61269	
1.101322	1743.43239	1743.41812	1707.699	1707.64759	
1.111466	1743.47135	1743.46175	1707.73718	1707.6825	
1.131528	1743.5514	1743.54029	1707.81565	1707.76104	
1.136205	1743.56998	1743.55774	1707.83386	1707.77849	
1.146315	1743.61092	1743.60138	1707.87399	1707.82213	
1.156394	1743.65231	1743.63628	1707.91456	1707.85703	
1.166547	1743.69466	1743.67992	1707.95607	1707.90067	
1.176679	1743.73755	1743.72355	1707.99811	1707.9443	
1.186967	1743.78171	1743.77591	1708.04139	1707.97921	
1.196995	1743.82534	1743.81954	1708.08416	1708.02284	
1.207127	1743.87006	1743.86318	1708.128	1708.06647	
1.21731	1743.91564	1743.90681	1708.17268	1708.11883	
1.227426	1743.96153	1743.95917	1708.21766	1708.15374	
1.245548	1744.04612	1744.03771	1708.30057	1708.24101	
1.250103	1744.06731	1744.06389	1708.32134	1708.25846	
1.26024	1744.11529	1744.10752	1708.36837	1708.31082	
1.27043	1744.16413	1744.15988	1708.41625	1708.35445	
1.280575	1744.21339	1744.20351	1708.46453	1708.39809	
1.290753	1744.26341	1744.25587	1708.51356	1708.45044	
1.302397	1744.32155	1744.29951	1708.57055	1708.51153	
1.311012	1744.36488	1744.35187	1708.61302	1708.55516	
1.321189	1744.41677	1744.40423	1708.66389	1708.60752	
1.331303	1744.46895	1744.45659	1708.71503	1708.65988	
1.34148	1744.52206	1744.50895	1708.76709	1708.70352	
1.351622	1744.57562	1744.56131	1708.81959	1708.7646	
1.361778	1744.62986	1744.61367	1708.87276	1708.81696	
1.371974	1744.68495	1744.66603	1708.92676	1708.86932	
1.3821	1744.74028	1744.73584	1708.98098	1708.92168	
1.39219	1744.79603	1744.7882	1709.03563	1708.97404	
1.402382	1744.85295	1744.84056	1709.09142	1709.03513	
1.412518	1744.91017	1744.90165	1709.14751	1709.09622	
1.422689	1744.96825	1744.96273	1709.20444	1709.14858	
1.432849	1745.02685	1745.01509	1709.26189	1709.20966	
1.443028	1745.08617	1745.08491	1709.32002	1709.27075	
1.453147	1745.14576	1745.13727	1709.37844	1709.32311	
1.463287	1745.20611	1745.20708	1709.4376	1709.3842	
1.475386	1745.2791	1745.27689	1709.50914	1709.44528	
1.484158	1745.33233	1745.32925	1709.56131	1709.49764	
1.494261	1745.39431	1745.39907	1709.62207	1709.56746	
1.504416	1745.45728	1745.45143	1709.68379	1709.61982	
1.514676	1745.52149	1745.52124	1709.74672	1709.68963	
1.524858	1745.58586	1745.58232	1709.80982	1709.75072	
1.535123	1745.65137	1745.65214	1709.87404	1709.8118	
1.545042	1745.71524	1745.71322	1709.93664	1709.88161	
1.555261	1745.78168	1745.78304	1710.00177	1709.9427	
1.565356	1745.84794	1745.85285	1710.06671	1710.00379	
1.575506	1745.91517	1745.91394	1710.13261	1710.0736	
1.585657	1745.98304	1745.98375	1710.19914	1710.14341	
1.595802	1746.05146	1746.04484	1710.2662	1710.21323	
1.605942	1746.12048	1746.11465	1710.33386	1710.28304	
1.616189	1746.19088	1746.18446	1710.40287	1710.35285	
1.626322	1746.26109	1746.25428	1710.47168	1710.42267	
1.636401	1746.33151	1746.32409	1710.54071	1710.49248	
1.646736	1746.40444	1746.3939	1710.61219	1710.56229	
1.656874	1746.47654	1746.46372	1710.68287	1710.63211	
1.667058	1746.54958	1746.53353	1710.75446	1710.70192	
1.677189	1746.62286	1746.60334	1710.82629	1710.77173	
1.687332	1746.69687	1746.67316	1710.89884	1710.84155	
1.697541	1746.77195	1746.74297	1710.97243	1710.91136	
1.707694	1746.84729	1746.82151	1711.04628	1710.9899	
1.717797	1746.92281	1746.90005	1711.1203	1711.06844	
1.727924	1746.99914	1746.96986	1711.19512	1711.13825	
1.738103	1747.07652	1747.0484	1711.27096	1711.21679	
1.748327	1747.15485	1747.12694	1711.34775	1711.29533	
1.758461	1747.23308	1747.20548	1711.42443	1711.37387	
1.768623	1747.3122	1747.28402	1711.50197	1711.45241	
1.778792	1747.39194	1747.36256	1711.58014	1711.53968	
1.788944	1747.4722	1747.4411	1711.65881	1711.60949	
1.799113	1747.55319	1747.52837	1711.7382	1711.69676	
1.809299	1747.63497	1747.60691	1711.81836	1711.7753	
1.819372	1747.71645	1747.68545	1711.89822	1711.86256	
1.8295	1747.79896	1747.77271	1711.9791	1711.9411	
1.839705	1747.88273	1747.85125	1712.06121	1712.02837	
1.850153	1747.96917	1747.93852	1712.14594	1712.11564	
1.860316	1748.05385	1748.01706	1712.22895	1712.2029	
1.870448	1748.13889	1748.10433	1712.3123	1712.28144	
1.880617	1748.22487	1748.19159	1712.39657	1712.35998	
1.890795	1748.31154	1748.27886	1712.48152	1712.44725	
1.900934	1748.39851	1748.36612	1712.56678	1712.53452	
1.911071	1748.48605	1748.45339	1712.65259	1712.62178	
1.92139	1748.57589	1748.54066	1712.74064	1712.70905	
1.93138	1748.66334	1748.62792	1712.82637	1712.79631	
1.941499	1748.75261	1748.72392	1712.91387	1712.88358	
1.951868	1748.84474	1748.81991	1713.00417	1712.97085	
1.96187	1748.93411	1748.90718	1713.09177	1713.05811	
1.972072	1749.02598	1748.99444	1713.18183	1713.14538	
1.982178	1749.11759	1749.09044	1713.27162	1713.23265	
1.99228	1749.20978	1749.18643	1713.36198	1713.32864	
2.002493	1749.3036	1749.2737	1713.45394	1713.42463	
2.012625	1749.39725	1749.37842	1713.54574	1713.5119	
2.022763	1749.49162	1749.46568	1713.63824	1713.60789	
2.032924	1749.58682	1749.56168	1713.73155	1713.70389	
2.04306	1749.68238	1749.65767	1713.82523	1713.79115	
2.05326	1749.7792	1749.75366	1713.92013	1713.88715	
2.063386	1749.87593	1749.84965	1714.01495	1713.98314	
2.07359	1749.97446	1749.94565	1714.11152	1714.07041	
2.08372	1750.07198	1750.04164	1714.20711	1714.17512	
2.093864	1750.17073	1750.14636	1714.3039	1714.26239	
2.10401	1750.27011	1750.24235	1714.40132	1714.36711	
2.114163	1750.37021	1750.33835	1714.49943	1714.45438	
2.124332	1750.47102	1750.44307	1714.59824	1714.5591	
2.134387	1750.57138	1750.53906	1714.69662	1714.65509	
2.144542	1750.67335	1750.64378	1714.79657	1714.75108	
2.154847	1750.77738	1750.73977	1714.89854	1714.8558	
2.164878	1750.8793	1750.84449	1714.99844	1714.96052	
2.175038	1750.98319	1750.94921	1715.10027	1715.06524	
2.185899	1751.095	1751.05393	1715.20988	1715.16124	
2.195362	1751.1928	1751.15865	1715.30574	1715.26596	
2.205457	1751.29777	1751.26337	1715.40863	1715.37068	
2.215625	1751.40422	1751.37682	1715.51297	1715.4754	
2.225763	1751.5109	1751.49026	1715.61754	1715.58011	
2.235905	1751.61826	1751.59498	1715.72277	1715.68483	
2.246043	1751.72621	1751.70843	1715.82858	1715.79828	
2.256254	1751.83556	1751.81315	1715.93576	1715.903	
2.26693	1751.95065	1751.9266	1716.04858	1716.01645	
2.276501	1752.0542	1752.03132	1716.15008	1716.11244	
2.286613	1752.16434	1752.13604	1716.25803	1716.21716	
2.296762	1752.2755	1752.25821	1716.36699	1716.33061	
2.30699	1752.38817	1752.36293	1716.47744	1716.44405	
2.317074	1752.49982	1752.46765	1716.58688	1716.54877	
2.327212	1752.61267	1752.5811	1716.69749	1716.65349	
2.33743	1752.72714	1752.69454	1716.80969	1716.75821	
2.347608	1752.84166	1752.79926	1716.92195	1716.87166	
2.357919	1752.9584	1752.92143	1717.03637	1716.9851	
2.367858	1753.07338	1753.03488	1717.14908	1717.08982	
2.378024	1753.18775	1753.14833	1717.26118	1717.212	
2.388205	1753.30483	1753.2705	1717.37595	1717.32544	
2.39828	1753.42128	1753.39267	1717.49009	1717.43889	
2.408479	1753.53982	1753.51485	1717.60628	1717.56106	
2.418717	1753.65943	1753.63702	1717.72353	1717.68324	
2.428801	1753.77788	1753.74174	1717.83963	1717.79668	
2.438948	1753.89764	1753.86391	1717.95701	1717.91013	
2.449068	1754.01774	1753.98609	1718.07474	1718.0323	
2.459255	1754.13922	1754.10826	1718.19381	1718.15448	
2.469383	1754.26062	1754.23043	1718.31281	1718.26792	
2.47958	1754.38304	1754.34388	1718.4328	1718.39009	
2.48968	1754.50418	1754.46605	1718.55154	1718.51227	
2.499816	1754.62587	1754.58822	1718.67082	1718.63444	
2.509966	1754.74764	1754.7104	1718.79019	1718.75661	
2.520196	1754.8708	1754.8413	1718.9109	1718.88751	
2.530272	1754.99128	1754.96347	1719.029	1719.00969	
2.540461	1755.11358	1755.08564	1719.14888	1719.13186	
2.550617	1755.23543	1755.20782	1719.26831	1719.25403	
2.560723	1755.35673	1755.33872	1719.38721	1719.37621	
2.570978	1755.47979	1755.46089	1719.50783	1719.49838	
2.581137	1755.60168	1755.59179	1719.62731	1719.62055	
2.59127	1755.72326	1755.71396	1719.74648	1719.74273	
2.601455	1755.8455	1755.83613	1719.8663	1719.8649	
2.611592	1755.96717	1755.95831	1719.98556	1719.98707	
2.62174	1756.08891	1756.08048	1720.10489	1720.10052	
2.631883	1756.21061	1756.20265	1720.22418	1720.21396	
2.642054	1756.33269	1756.32483	1720.34384	1720.33614	
2.652298	1756.45562	1756.45573	1720.46434	1720.45831	
2.66238	1756.57661	1756.5779	1720.58294	1720.58048	
2.672525	1756.69834	1756.70007	1720.70225	1720.69393	
2.682878	1756.8226	1756.83097	1720.82405	1720.8161	
2.69287	1756.94252	1756.95314	1720.94159	1720.92955	
2.702996	1757.06402	1757.06659	1721.06069	1721.05172	
2.713179	1757.18619	1757.18876	1721.18044	1721.1739	
2.723285	1757.30746	1757.31094	1721.29931	1721.28734	
2.733448	1757.42942	1757.43311	1721.41885	1721.40951	
2.743657	1757.55194	1757.55528	1721.53895	1721.52296	
2.753795	1757.67357	1757.67746	1721.65817	1721.64513	
2.763946	1757.79539	1757.79963	1721.77758	1721.76731	
2.774086	1757.91707	1757.9218	1721.89685	1721.88075	
2.78424	1758.03933	1758.03525	1722.01669	1721.9942	
2.794408	1758.16094	1758.16615	1722.13589	1722.11637	
2.805913	1758.29908	1758.2796	1722.2713	1722.256	
2.814632	1758.40365	1758.41049	1722.37379	1722.35199	
2.824873	1758.52656	1758.52394	1722.49428	1722.47417	
2.83524	1758.65103	1758.65484	1722.61627	1722.58761	
2.845117	1758.76947	1758.76829	1722.73237	1722.70978	
2.855263	1758.89121	1758.89046	1722.8517	1722.83196	
2.865447	1759.0134	1759.01263	1722.97147	1722.9454	
2.875527	1759.13435	1759.13481	1723.09003	1723.06758	
2.885664	1759.25603	1759.25698	1723.2093	1723.18102	
2.895832	1759.37805	1759.37915	1723.3289	1723.3032	
2.905986	1759.49988	1759.50133	1723.44832	1723.42537	
2.924097	1759.71724	1759.6235	1723.66137	1723.64354	
2.928621	1759.77153	1759.77185	1723.71459	1723.70462	
2.938964	1759.89568	1759.89402	1723.83628	1723.8268	
2.949004	1760.01611	1760.00747	1723.95433	1723.94024	
2.959161	1760.13795	1760.11219	1724.07375	1724.06242	
2.969361	1760.26035	1760.22564	1724.19373	1724.17586	
2.979455	1760.3815	1760.33036	1724.31248	1724.29803	
2.989607	1760.50335	1760.4438	1724.43191	1724.42021	
2.999824	1760.62594	1760.56598	1724.55208	1724.53365	
3.010037	1760.74848	1760.67942	1724.6722	1724.6471	
3.020249	1760.87102	1760.8016	1724.7923	1724.76927	
3.030297	1760.99157	1760.9325	1724.91047	1724.89145	
3.0405	1761.11404	1761.05467	1725.03051	1725.01362	
3.050694	1761.23637	1761.17684	1725.15042	1725.13579	
3.060795	1761.35757	1761.30774	1725.26922	1725.25797	
3.070937	1761.47925	1761.43864	1725.38849	1725.38014	
3.081087	1761.60106	1761.56954	1725.50789	1725.50231	
3.091294	1761.72356	1761.70044	1725.62796	1725.61576	
3.110039	1761.94857	1761.93606	1725.84852	1725.83392	
3.114611	1762.00338	1761.98842	1725.90225	1725.88628	
3.124816	1762.12583	1762.11932	1726.02227	1726.00846	
3.134921	1762.2471	1762.24149	1726.14114	1726.13063	
3.145436	1762.37333	1762.36367	1726.26487	1726.2528	
3.15521	1762.49056	1762.48584	1726.37978	1726.37498	
3.165311	1762.61176	1762.60801	1726.49858	1726.49715	
3.17546	1762.73354	1762.73891	1726.61794	1726.61932	
3.185765	1762.85723	1762.85236	1726.73919	1726.7415	
3.195792	1762.97757	1762.98326	1726.85714	1726.86367	
3.206228	1763.1028	1763.10543	1726.97989	1726.98584	
3.216121	1763.22148	1763.2276	1727.09622	1727.09929	
3.226272	1763.34333	1763.34978	1727.21566	1727.22146	
3.236443	1763.46536	1763.47195	1727.33527	1727.33491	
3.246543	1763.58654	1763.59412	1727.45406	1727.45708	
3.256682	1763.70822	1763.7163	1727.57333	1727.57925	
3.266908	1763.83096	1763.82974	1727.69363	1727.70143	
3.276986	1763.95185	1763.95192	1727.81213	1727.81487	
3.287094	1764.07313	1764.07409	1727.93101	1727.92832	
3.29728	1764.19544	1764.19626	1728.05089	1728.05049	
3.308155	1764.32602	1764.31843	1728.17889	1728.17267	
3.318073	1764.4449	1764.44061	1728.29542	1728.29484	
3.328221	1764.56668	1764.56278	1728.41478	1728.40828	
3.338387	1764.6887	1764.68495	1728.53438	1728.53046	
3.348525	1764.81032	1764.80713	1728.6536	1728.6439	
3.358684	1764.93224	1764.93803	1728.7731	1728.76608	
3.368851	1765.05424	1765.05147	1728.89269	1728.88825	
3.379039	1765.17652	1765.18237	1729.01255	1729.0017	
3.389116	1765.2974	1765.30455	1729.13103	1729.11514	
3.399286	1765.41945	1765.42672	1729.25067	1729.23732	
3.409507	1765.54211	1765.54016	1729.3709	1729.35949	
3.419627	1765.66358	1765.66234	1729.48996	1729.48166	
3.429788	1765.7855	1765.78451	1729.60947	1729.60384	
3.43995	1765.90743	1765.90668	1729.72898	1729.71728	
3.450132	1766.02961	1766.02886	1729.84875	1729.83945	
3.460371	1766.15248	1766.15103	1729.96918	1729.96163	
3.470443	1766.27334	1766.2732	1730.08765	1730.07507	
3.480758	1766.39716	1766.39538	1730.20902	1730.19725	
3.490922	1766.51912	1766.51755	1730.32856	1730.31942	
3.500993	1766.63997	1766.631	1730.44702	1730.44159	
3.511119	1766.76144	1766.75317	1730.56609	1730.56377	
3.521386	1766.88467	1766.86661	1730.68688	1730.68594	
3.53147	1767.00567	1766.98879	1730.80548	1730.80811	
3.541644	1767.12776	1767.11096	1730.92515	1730.92156	
3.551796	1767.24956	1767.23313	1731.04453	1731.04373	
3.561911	1767.37096	1767.35531	1731.16353	1731.16591	
3.572118	1767.49348	1767.47748	1731.28363	1731.27935	
3.582251	1767.61504	1767.59965	1731.40278	1731.40152	
3.592424	1767.73712	1767.72183	1731.52244	1731.5237	
3.602565	1767.85883	1767.844	1731.64175	1731.64587	
3.612709	1767.98056	1767.96617	1731.76106	1731.76804	
3.622949	1768.10352	1768.08835	1731.88159	1731.89022	
3.633026	1768.22436	1768.21052	1732.00004	1732.00366	
3.643216	1768.34664	1768.33269	1732.1199	1732.11711	
3.653337	1768.46812	1768.45486	1732.23897	1732.23928	
3.663495	1768.58998	1768.57704	1732.35842	1732.36146	
3.673664	1768.71201	1768.69921	1732.47803	1732.4749	
3.685462	1768.85375	1768.82138	1732.61696	1732.59708	
3.693928	1768.95521	1768.94356	1732.71642	1732.71052	
3.70404	1769.07654	1769.06573	1732.83534	1732.83269	
3.714196	1769.1984	1769.1879	1732.95479	1732.95487	
3.724402	1769.32086	1769.31008	1733.07483	1733.07704	
3.734569	1769.44292	1769.44098	1733.19446	1733.19921	
3.744784	1769.56546	1769.56315	1733.31458	1733.31266	
3.755019	1769.68826	1769.68532	1733.43494	1733.43483	
3.76502	1769.80826	1769.80749	1733.55257	1733.54828	
3.775416	1769.93309	1769.92967	1733.67493	1733.67045	
3.785308	1770.05176	1770.05184	1733.79125	1733.7839	
3.795459	1770.17355	1770.17401	1733.91063	1733.89735	
3.806997	1770.31208	1770.29619	1734.04641	1734.03697	
3.815708	1770.41656	1770.41836	1734.14883	1734.14169	
3.825883	1770.53868	1770.54053	1734.26853	1734.25514	
3.836052	1770.66069	1770.67143	1734.38812	1734.37731	
3.846248	1770.78303	1770.79361	1734.50804	1734.49948	
3.856334	1770.90407	1770.91578	1734.62668	1734.61293	
3.866479	1771.02584	1771.03795	1734.74604	1734.7351	
3.876952	1771.1515	1771.16012	1734.86921	1734.85728	
3.886727	1771.26878	1771.27357	1734.98417	1734.97945	
3.896904	1771.39091	1771.39574	1735.10388	1735.0929	
3.907086	1771.51307	1771.51792	1735.22362	1735.21507	
3.917167	1771.63403	1771.64009	1735.34219	1735.32852	
3.92734	1771.75618	1771.75354	1735.46192	1735.45069	
3.937738	1771.88098	1771.87571	1735.58425	1735.57286	
3.955518	1772.09427	1772.09388	1735.79331	1735.7823	
3.960059	1772.14872	1772.15496	1735.84669	1735.83466	
3.970225	1772.27074	1772.27714	1735.96629	1735.94811	
3.980464	1772.3936	1772.39931	1736.08671	1736.07028	
3.99054	1772.51452	1772.52148	1736.20524	1736.19245	
4.000726	1772.63675	1772.63493	1736.32505	1736.31463	
4.010987	1772.75991	1772.7571	1736.44577	1736.4368	
4.021115	1772.88144	1772.87927	1736.5649	1736.55897	
4.031271	1773.00326	1772.99272	1736.6843	1736.68115	
4.041468	1773.12567	1773.11489	1736.80429	1736.79459	
4.051594	1773.24716	1773.23707	1736.92337	1736.91676	
4.061735	1773.36884	1773.35924	1737.04264	1737.03894	
4.071873	1773.4905	1773.48141	1737.1619	1737.15238	
4.082076	1773.61294	1773.60359	1737.28191	1737.27456	
4.092291	1773.73551	1773.72576	1737.40205	1737.39673	
4.102404	1773.85686	1773.84793	1737.521	1737.51018	
4.112582	1773.979	1773.97011	1737.64072	1737.63235	
4.122706	1774.1005	1774.09228	1737.75982	1737.75452	
4.132822	1774.22188	1774.21445	1737.87879	1737.8767	
4.14297	1774.34368	1774.33662	1737.99818	1737.99887	
4.153174	1774.46615	1774.46752	1738.11823	1738.12104	
4.163331	1774.58799	1774.58097	1738.23765	1738.23449	
4.17344	1774.70932	1774.71187	1738.35658	1738.34793	
4.183572	1774.83149	1774.83404	1738.47633	1738.47011	
4.193797	1774.95363	1774.95622	1738.59605	1738.58355	
4.203908	1775.07495	1775.06966	1738.71497	1738.70573	
4.214056	1775.1967	1775.20056	1738.83431	1738.81917	
4.224212	1775.31858	1775.32274	1738.95378	1738.94135	
4.234358	1775.44032	1775.44491	1739.07311	1739.06352	
4.244561	1775.56276	1775.55835	1739.19312	1739.18569	
4.254688	1775.68431	1775.68925	1739.31226	1739.29914	
4.264834	1775.80605	1775.81143	1739.43159	1739.42131	
4.275065	1775.9288	1775.9336	1739.55191	1739.53476	
4.285098	1776.0492	1776.04705	1739.66993	1739.65693	
4.295253	1776.17109	1776.17795	1739.7894	1739.7791	
4.30662	1776.30753	1776.29139	1739.92314	1739.90128	
4.315526	1776.41438	1776.42229	1740.02787	1740.01472	
4.32565	1776.53586	1776.54447	1740.14696	1740.1369	
4.335803	1776.65769	1776.66664	1740.26637	1740.25034	
4.345976	1776.77975	1776.78881	1740.38601	1740.37252	
4.356192	1776.90239	1776.91098	1740.50623	1740.49469	
4.366349	1777.02424	1777.03316	1740.62566	1740.61686	
4.376391	1777.14474	1777.15533	1740.74378	1740.73904	
4.386524	1777.26632	1777.2775	1740.86294	1740.85248	
4.396976	1777.39178	1777.4084	1740.98592	1740.97466	
4.406827	1777.50995	1777.52185	1741.10175	1741.0881	
4.416944	1777.63138	1777.64402	1741.22078	1741.21027	
4.427362	1777.75637	1777.7662	1741.34329	1741.32372	
4.437414	1777.87701	1777.88837	1741.46154	1741.43717	
4.455879	1778.09862	1778.10654	1741.67877	1741.66406	
4.460524	1778.15434	1778.16762	1741.73338	1741.71642	
4.470583	1778.27499	1778.28107	1741.85164	1741.82987	
4.490743	1778.51703	1778.52541	1742.08889	1742.06549	
4.495295	1778.57162	1778.57777	1742.1424	1742.12657	
4.50542	1778.6931	1778.69995	1742.26148	1742.24002	
4.515602	1778.81526	1778.82212	1742.38122	1742.36219	
4.525729	1778.93678	1778.93557	1742.50032	1742.48437	
4.535875	1779.05856	1779.05774	1742.6197	1742.60654	
4.546028	1779.18036	1779.17991	1742.73909	1742.72871	
4.55624	1779.30291	1779.29336	1742.85921	1742.85088	
4.566368	1779.42446	1779.41553	1742.97835	1742.96433	
4.576526	1779.54635	1779.53771	1743.09783	1743.07778	
4.58665	1779.66782	1779.65988	1743.21689	1743.19995	
4.59678	1779.78938	1779.78205	1743.33604	1743.32212	
4.606921	1779.91108	1779.90422	1743.45534	1743.43557	
4.617084	1780.03307	1780.0264	1743.57491	1743.55774	
4.627257	1780.15512	1780.14857	1743.69455	1743.67992	
4.637347	1780.27618	1780.27074	1743.81321	1743.80209	
4.647507	1780.39812	1780.39292	1743.93274	1743.91554	
4.665541	1780.61453	1780.61108	1744.14486	1744.1337	
4.670325	1780.67196	1780.67217	1744.20115	1744.19479	
4.680503	1780.79408	1780.79434	1744.32085	1744.31696	
4.690782	1780.91748	1780.91652	1744.44181	1744.43041	
4.700809	1781.03775	1781.03869	1744.55969	1744.55258	
4.710962	1781.15958	1781.16086	1744.67912	1744.67475	
4.721106	1781.28131	1781.28303	1744.79843	1744.7882	
4.731265	1781.40322	1781.40521	1744.91793	1744.91037	
4.74142	1781.52508	1781.52738	1745.03738	1745.03255	
4.751561	1781.64677	1781.64955	1745.15666	1745.14599	
4.761761	1781.76917	1781.77173	1745.27663	1745.26817	
4.771904	1781.89096	1781.8939	1745.39601	1745.38161	
4.782039	1782.01252	1782.01607	1745.51516	1745.50378	
4.792178	1782.13415	1782.14697	1745.63439	1745.62596	
4.80235	1782.25626	1782.26042	1745.75408	1745.74813	
4.812595	1782.37924	1782.39132	1745.87462	1745.86158	
4.822686	1782.50028	1782.51349	1745.99327	1745.98375	
4.832824	1782.62194	1782.63566	1746.11252	1746.10592	
4.843046	1782.74459	1782.75784	1746.23274	1746.21937	
4.853166	1782.86603	1782.88001	1746.35177	1746.34154	
4.863297	1782.9876	1783.00218	1746.47094	1746.46372	
4.873542	1783.11054	1783.12436	1746.59144	1746.58589	
4.883722	1783.23274	1783.24653	1746.71122	1746.70806	
4.893795	1783.3536	1783.3687	1746.82969	1746.82151	
4.903985	1783.47586	1783.48215	1746.94953	1746.94368	
4.914134	1783.59762	1783.61305	1747.06888	1747.05713	
4.924267	1783.71932	1783.73522	1747.18816	1747.1793	
4.934384	1783.84067	1783.8574	1747.30711	1747.30147	
4.944564	1783.96284	1783.97084	1747.42687	1747.42365	
4.954773	1784.08534	1784.09301	1747.54694	1747.53709	
4.964871	1784.2065	1784.21519	1747.6657	1747.65054	
4.975008	1784.32815	1784.33736	1747.78494	1747.77271	
4.98515	1784.44985	1784.45953	1747.90423	1747.89489	
4.995319	1784.57189	1784.58171	1748.02385	1748.00833	
5.005448	1784.69342	1784.69515	1748.14297	1748.12178	
5.015596	1784.8152	1784.81733	1748.26235	1748.24395	
5.025792	1784.93753	1784.9395	1748.38225	1748.36612	
5.035904	1785.05886	1785.05295	1748.50118	1748.4883	
5.046043	1785.18054	1785.17512	1748.62045	1748.61047	
5.06407	1785.39687	1785.29729	1748.83249	1748.81991	
5.068696	1785.45234	1785.45437	1748.88687	1748.87227	
5.079215	1785.5787	1785.57654	1749.01073	1748.99444	
5.089055	1785.69671	1785.68999	1749.1264	1749.11662	
5.107749	1785.92108	1785.8907	1749.34632	1749.34351	
5.112276	1785.9753	1785.93434	1749.39948	1749.39587	
5.122481	1786.09781	1786.04778	1749.51956	1749.51804	
5.132642	1786.21973	1786.16123	1749.63906	1749.63149	
5.142777	1786.34136	1786.27468	1749.75829	1749.74494	
5.152957	1786.46351	1786.39685	1749.87802	1749.86711	
5.163154	1786.58586	1786.52775	1749.99795	1749.98928	
5.173287	1786.70748	1786.65865	1750.11716	1750.10273	
5.185792	1786.85759	1786.81573	1750.26429	1750.25108	
5.195888	1786.97873	1786.9379	1750.38303	1750.37325	
5.206017	1787.10028	1787.0688	1750.50218	1750.4867	
5.21621	1787.22256	1787.19097	1750.62203	1750.60887	
5.226304	1787.34369	1787.32187	1750.74076	1750.72232	
5.236589	1787.46711	1787.44405	1750.86174	1750.84449	
5.246577	1787.58695	1787.57495	1750.97921	1750.96667	
5.256721	1787.70869	1787.69712	1751.09854	1751.08011	
5.26691	1787.83092	1787.82802	1751.21835	1751.20228	
5.277032	1787.95241	1787.95019	1751.33743	1751.32446	
5.287119	1788.07346	1788.07237	1751.45608	1751.44663	
5.297309	1788.19578	1788.19454	1751.57599	1751.5688	
5.308297	1788.32766	1788.32544	1751.70525	1751.69098	
5.317662	1788.43998	1788.45634	1751.81535	1751.81315	
5.32783	1788.56199	1788.57851	1751.93494	1751.93532	
5.337963	1788.68358	1788.70068	1752.05413	1752.0575	
5.348158	1788.80595	1788.82286	1752.17407	1752.17094	
5.358309	1788.92772	1788.94503	1752.29343	1752.29312	
5.3685	1789.05004	1789.0672	1752.41333	1752.41529	
5.378638	1789.17173	1789.18938	1752.53261	1752.53746	
5.388735	1789.29282	1789.31155	1752.6513	1752.65963	
5.398971	1789.41573	1789.43372	1752.77177	1752.77308	
5.409106	1789.53731	1789.5559	1752.89095	1752.88653	
5.419309	1789.65974	1789.68679	1753.01095	1753.0087	
5.429429	1789.78118	1789.80024	1753.12998	1753.13087	
5.439546	1789.90259	1789.93114	1753.249	1753.24432	
5.449756	1790.02512	1790.04459	1753.3691	1753.36649	
5.459871	1790.14649	1790.16676	1753.48807	1753.47994	
5.470025	1790.26833	1790.28893	1753.60749	1753.59339	
5.482448	1790.4175	1790.41111	1753.75371	1753.71556	
5.490296	1790.51162	1790.53328	1753.84596	1753.82901	
5.500508	1790.63414	1790.64673	1753.96605	1753.95118	
5.510599	1790.75522	1790.7689	1754.08474	1754.07335	
5.520766	1790.87629	1790.88235	1754.20342	1754.1868	
5.530948	1790.99697	1791.00452	1754.3217	1754.30024	
5.541037	1791.1159	1791.12669	1754.43828	1754.42242	
5.551237	1791.23548	1791.24886	1754.55549	1754.53586	
5.561382	1791.35384	1791.37104	1754.67151	1754.64931	
5.571573	1791.47212	1791.48448	1754.78744	1754.77148	
5.581706	1791.5891	1791.59793	1754.9021	1754.88493	
5.591825	1791.70532	1791.7201	1755.01602	1755.0071	
5.602011	1791.82172	1791.83355	1755.13012	1755.12055	
5.612197	1791.93747	1791.947	1755.24358	1755.24272	
5.622329	1792.05196	1792.06917	1755.3558	1755.3649	
5.632497	1792.16631	1792.18262	1755.46789	1755.47834	
5.642612	1792.2794	1792.29606	1755.57873	1755.59179	
5.65279	1792.3926	1792.40951	1755.6897	1755.70523	
5.662952	1792.50499	1792.52295	1755.79986	1755.81868	
5.673093	1792.61656	1792.6364	1755.90922	1755.93213	
5.683291	1792.72813	1792.74985	1756.01859	1756.04557	
5.693767	1792.84211	1792.86329	1756.1303	1756.15029	
5.70357	1792.94871	1792.97674	1756.2348	1756.26374	
5.713789	1793.0581	1793.08146	1756.34202	1756.37719	
5.723888	1793.16612	1793.19491	1756.4479	1756.48191	
5.733979	1793.2735	1793.30835	1756.55315	1756.58663	
5.744168	1793.38122	1793.41307	1756.65874	1756.70007	
5.754327	1793.48808	1793.51779	1756.76348	1756.80479	
5.764526	1793.59471	1793.63124	1756.868	1756.91824	
5.774594	1793.69937	1793.73596	1756.97059	1757.02296	
5.784818	1793.80505	1793.84068	1757.07418	1757.12768	
5.794915	1793.90875	1793.9454	1757.17582	1757.21494	
5.805059	1794.01242	1794.05012	1757.27744	1757.31966	
5.815223	1794.11566	1794.15484	1757.37864	1757.41566	
5.82533	1794.21763	1794.25956	1757.47859	1757.51165	
5.83549	1794.31954	1794.35555	1757.57848	1757.61637	
5.845631	1794.42068	1794.46027	1757.67762	1757.71236	
5.855792	1794.5214	1794.55626	1757.77634	1757.80836	
5.865936	1794.62131	1794.65226	1757.87428	1757.90435	
5.876145	1794.72129	1794.75698	1757.97227	1758.00034	
5.886273	1794.81983	1794.85297	1758.06886	1758.09634	
5.896346	1794.91727	1794.94896	1758.16438	1758.19233	
5.906534	1795.01515	1795.05368	1758.26032	1758.28832	
5.916732	1795.11253	1795.14095	1758.35577	1758.38431	
5.926867	1795.20874	1795.24567	1758.45008	1758.47158	
5.937014	1795.30442	1795.33294	1758.54385	1758.56757	
5.947239	1795.40016	1795.43765	1758.6377	1758.66357	
5.957308	1795.49388	1795.52492	1758.72956	1758.75083	
5.967445	1795.58762	1795.61219	1758.82145	1758.8381	
5.977701	1795.68189	1795.70818	1758.91385	1758.93409	
5.987763	1795.77367	1795.80417	1759.00382	1759.03009	
5.997955	1795.8661	1795.89144	1759.09442	1759.11735	
6.008095	1795.95742	1795.97871	1759.18393	1759.20462	
6.018265	1796.04837	1796.0747	1759.27307	1759.29189	
6.028422	1796.1386	1796.17069	1759.36152	1759.37915	
6.038576	1796.2282	1796.25796	1759.44935	1759.47515	
6.048745	1796.31734	1796.34523	1759.53672	1759.56241	
6.05891	1796.40582	1796.43249	1759.62345	1759.64968	
6.069055	1796.4935	1796.52849	1759.70939	1759.73694	
6.079226	1796.5808	1796.60703	1759.79496	1759.82421	
6.089334	1796.66695	1796.70302	1759.87941	1759.90275	
6.099556	1796.75346	1796.78156	1759.9642	1759.99002	
6.109689	1796.83858	1796.86882	1760.04764	1760.07728	
6.119844	1796.92329	1796.95609	1760.13067	1760.15582	
6.130029	1797.00767	1797.03463	1760.21338	1760.23436	
6.140124	1797.09066	1797.1219	1760.29472	1760.3129	
6.150298	1797.17365	1797.20044	1760.37608	1760.39144	
6.160455	1797.25595	1797.2877	1760.45674	1760.47871	
6.170631	1797.33775	1797.36624	1760.53693	1760.55725	
6.180802	1797.4189	1797.44478	1760.61646	1760.63579	
6.19096	1797.49937	1797.53205	1760.69534	1760.71433	
6.201118	1797.57921	1797.60186	1760.77361	1760.79287	
6.211332	1797.65884	1797.6804	1760.85166	1760.88014	
6.221432	1797.73701	1797.75894	1760.92828	1760.94995	
6.231574	1797.81487	1797.83748	1761.0046	1761.02849	
6.241833	1797.89304	1797.91602	1761.08121	1761.10703	
6.251937	1797.96939	1797.98584	1761.15606	1761.18557	
6.262093	1798.04552	1798.06438	1761.23068	1761.26411	
6.272194	1798.12065	1798.14292	1761.30432	1761.33392	
6.282435	1798.1962	1798.21273	1761.37838	1761.40373	
6.29263	1798.27079	1798.28254	1761.45149	1761.47355	
6.302726	1798.34404	1798.35235	1761.52329	1761.54336	
6.312913	1798.41737	1798.43089	1761.59517	1761.61317	
6.323071	1798.48984	1798.50071	1761.6662	1761.69171	
6.333185	1798.56141	1798.57925	1761.73635	1761.76153	
6.343343	1798.63268	1798.64906	1761.80622	1761.83134	
6.353534	1798.70355	1798.71887	1761.87568	1761.90115	
6.363692	1798.77359	1798.78869	1761.94433	1761.97097	
6.373847	1798.84301	1798.8585	1762.01237	1762.04078	
6.383984	1798.91167	1798.92831	1762.07967	1762.11059	
6.394085	1798.97952	1798.99813	1762.14618	1762.17168	
6.404291	1799.04744	1799.06794	1762.21275	1762.24149	
6.414422	1799.11424	1799.13775	1762.27824	1762.31131	
6.424599	1799.18075	1799.20757	1762.34343	1762.38112	
6.434712	1799.24625	1799.27738	1762.40763	1762.44221	
6.444924	1799.31175	1799.33847	1762.47184	1762.50329	
6.45502	1799.3759	1799.39955	1762.53471	1762.57311	
6.465144	1799.43963	1799.46937	1762.59718	1762.63419	
6.475349	1799.50324	1799.53045	1762.65954	1762.69528	
6.495588	1799.62643	1799.6439	1762.78029	1762.81745	
6.500152	1799.65425	1799.6788	1762.80756	1762.84363	
6.510293	1799.71538	1799.73116	1762.86748	1762.90472	
6.520476	1799.77615	1799.78352	1762.92704	1762.9658	
6.53061	1799.83603	1799.84461	1762.98573	1763.02689	
6.540821	1799.89573	1799.9057	1763.04425	1763.07925	
6.550973	1799.95449	1799.95806	1763.10185	1763.13161	
6.561128	1800.01267	1800.01914	1763.15887	1763.1927	
6.571338	1800.07053	1800.08023	1763.21559	1763.25378	
6.581445	1800.12721	1800.13259	1763.27114	1763.30614	
6.591546	1800.18326	1800.19368	1763.32609	1763.3585	
6.601777	1800.23943	1800.25476	1763.38115	1763.41086	
6.611907	1800.29441	1800.30712	1763.43504	1763.47195	
6.622046	1800.34884	1800.36821	1763.48839	1763.52431	
6.632207	1800.40278	1800.4293	1763.54126	1763.57667	
6.642336	1800.45595	1800.48166	1763.59338	1763.63776	
6.652578	1800.50912	1800.53402	1763.6455	1763.69012	
6.662675	1800.5609	1800.58638	1763.69625	1763.73375	
6.672868	1800.61257	1800.63874	1763.74689	1763.77738	
6.682984	1800.66325	1800.6911	1763.79658	1763.82974	
6.693339	1800.71451	1800.74346	1763.84681	1763.8821	
6.703309	1800.76326	1800.79582	1763.8946	1763.93446	
6.713444	1800.81222	1800.84818	1763.94259	1763.9781	
6.723668	1800.86102	1800.89181	1763.99043	1764.02173	
6.733749	1800.9085	1800.93544	1764.03697	1764.07409	
6.744111	1800.9567	1800.9878	1764.08421	1764.11772	
6.754139	1801.00276	1801.03144	1764.12936	1764.16135	
6.764257	1801.0486	1801.07507	1764.17429	1764.20499	
6.774382	1801.09389	1801.1187	1764.21868	1764.24862	
6.784537	1801.13871	1801.16233	1764.26262	1764.29225	
6.794681	1801.18289	1801.20597	1764.30593	1764.33589	
6.804868	1801.22663	1801.2496	1764.3488	1764.37952	
6.815069	1801.26985	1801.29323	1764.39116	1764.42315	
6.825141	1801.3119	1801.33687	1764.43238	1764.45806	
6.835352	1801.35392	1801.37177	1764.47357	1764.49297	
6.845457	1801.39492	1801.41541	1764.51375	1764.5366	
6.855609	1801.4355	1801.45904	1764.55353	1764.58023	
6.865818	1801.47571	1801.49395	1764.59295	1764.61514	
6.875917	1801.51487	1801.53758	1764.63133	1764.65005	
6.886108	1801.55379	1801.58121	1764.66948	1764.69368	
6.896257	1801.59196	1801.61612	1764.70689	1764.72859	
6.906408	1801.62952	1801.65103	1764.74371	1764.76349	
6.916574	1801.66655	1801.69466	1764.78001	1764.80713	
6.92666	1801.7027	1801.72957	1764.81544	1764.84203	
6.936863	1801.73864	1801.76447	1764.85067	1764.87694	
6.947	1801.77375	1801.80811	1764.88508	1764.91185	
6.957149	1801.80831	1801.83429	1764.91896	1764.94675	
6.967326	1801.84239	1801.86919	1764.95236	1764.98166	
6.977438	1801.87563	1801.9041	1764.98494	1765.00784	
6.98763	1801.90851	1801.93901	1765.01717	1765.04275	
6.997902	1801.94105	1801.97391	1765.04907	1765.06893	
7.008021	1801.97252	1802.00882	1765.07992	1765.10383	
7.018276	1802.0038	1802.035	1765.11058	1765.13874	
7.028441	1802.03421	1802.06991	1765.14039	1765.17365	
7.038574	1802.06394	1802.09609	1765.16953	1765.19983	
7.048778	1802.09326	1802.12227	1765.19827	1765.22601	
7.058885	1802.12172	1802.15717	1765.22616	1765.26091	
7.069084	1802.14985	1802.18335	1765.25374	1765.27837	
7.079234	1802.17722	1802.20953	1765.28056	1765.31327	
7.089346	1802.20393	1802.23571	1765.30674	1765.33945	
7.099949	1802.23125	1802.26189	1765.33352	1765.36563	
7.110016	1802.25663	1802.28807	1765.3584	1765.38309	
7.120157	1802.28161	1802.31425	1765.38289	1765.40927	
7.1303	1802.306	1802.33171	1765.4068	1765.43544	
7.140431	1802.32977	1802.35789	1765.43009	1765.4529	
7.150622	1802.35309	1802.38407	1765.45295	1765.47035	
7.160805	1802.3758	1802.40152	1765.47521	1765.4878	
7.170951	1802.39784	1802.4277	1765.49681	1765.51398	
7.181129	1802.41935	1802.44515	1765.5179	1765.53144	
7.191228	1802.44013	1802.47133	1765.53827	1765.55762	
7.201413	1802.46049	1802.48006	1765.55822	1765.57507	
7.211585	1802.48023	1802.49751	1765.57757	1765.59252	
7.221709	1802.4993	1802.51496	1765.59626	1765.60998	
7.231829	1802.51778	1802.53242	1765.61438	1765.62743	
7.242056	1802.53588	1802.54987	1765.63212	1765.63616	
7.252175	1802.5532	1802.56732	1765.64909	1765.65361	
7.262324	1802.56999	1802.57605	1765.66556	1765.66234	
7.272469	1802.5862	1802.5935	1765.68145	1765.67979	
7.28266	1802.60191	1802.61096	1765.69685	1765.69724	
7.292849	1802.61704	1802.61968	1765.71167	1765.7147	
7.303002	1802.63153	1802.62841	1765.72588	1765.72342	
7.314565	1802.64726	1802.64586	1765.74129	1765.74088	
7.332511	1802.66957	1802.66332	1765.76316	1765.75833	
7.337044	1802.67526	1802.67204	1765.76874	1765.76706	
7.347301	1802.6874	1802.68077	1765.78064	1765.76706	
7.357361	1802.69877	1802.69822	1765.79179	1765.78451	
7.367519	1802.70969	1802.70695	1765.80249	1765.79324	
7.385702	1802.72707	1802.7244	1765.81952	1765.81069	
7.390248	1802.73147	1802.7244	1765.82383	1765.81942	
7.400422	1802.74062	1802.73313	1765.83281	1765.81942	
7.410596	1802.74924	1802.74186	1765.84125	1765.82814	
7.420825	1802.75736	1802.75058	1765.84921	1765.83687	
7.431088	1802.76496	1802.75931	1765.85666	1765.8456	
7.441236	1802.77196	1802.76804	1765.86352	1765.85432	
7.451429	1802.77846	1802.76804	1765.8699	1765.85432	
7.46155	1802.78441	1802.77676	1765.87573	1765.85432	
7.471683	1802.78987	1802.77676	1765.88108	1765.86305	
7.481877	1802.79486	1802.78549	1765.88597	1765.86305	
7.492037	1802.79934	1802.78549	1765.89036	1765.87178	
7.502132	1802.80333	1802.78549	1765.89427	1765.87178	
7.512286	1802.80687	1802.78549	1765.89774	1765.87178	
7.522427	1802.80996	1802.78549	1765.90078	1765.87178	
7.532554	1802.81263	1802.79422	1765.90339	1765.87178	
7.542757	1802.81489	1802.79422	1765.90561	1765.87178	
7.552874	1802.81676	1802.79422	1765.90744	1765.87178	
7.563064	1802.82257	1802.79422	1765.91313	1765.8805	
7.573193	1802.82257	1802.79422	1765.91313	1765.8805	
7.5833	1802.82257	1802.79422	1765.91313	1765.87178	
7.59365	1802.82257	1802.79422	1765.91313	1765.87178	
7.603713	1802.82257	1802.79422	1765.91313	1765.8805	
7.613826	1802.82257	1802.79422	1765.91313	1765.8805	
7.623963	1802.82257	1802.79422	1765.91313	1765.8805	
7.634126	1802.82257	1802.79422	1765.91313	1765.8805	
7.644217	1802.82257	1802.79422	1765.91313	1765.8805	
7.654408	1802.82257	1802.79422	1765.91313	1765.8805	
7.664556	1802.82257	1802.79422	1765.91313	1765.8805	
7.674685	1802.82257	1802.79422	1765.91313	1765.8805	
7.685279	1802.82257	1802.79422	1765.91313	1765.8805	
7.695318	1802.82257	1802.79422	1765.91313	1765.8805	
7.705218	1802.82257	1802.79422	1765.91313	1765.8805	
7.715445	1802.82257	1802.79422	1765.91313	1765.8805	
7.72565	1802.82257	1802.79422	1765.91313	1765.8805	
7.735776	1802.82257	1802.79422	1765.91313	1765.8805	
7.74599	1802.82257	1802.79422	1765.91313	1765.8805	
7.756139	1802.82257	1802.79422	1765.91313	1765.8805	
7.76629	1802.82257	1802.79422	1765.91313	1765.8805	
7.776395	1802.82257	1802.79422	1765.91313	1765.8805	
7.786542	1802.82257	1802.79422	1765.91313	1765.8805	
7.796726	1802.82257	1802.79422	1765.91313	1765.8805	
7.80684	1802.82257	1802.79422	1765.91313	1765.8805	
7.817013	1802.82257	1802.79422	1765.91313	1765.8805	
7.827189	1802.82257	1802.79422	1765.91313	1765.8805	
7.837269	1802.82257	1802.79422	1765.91313	1765.8805	
7.84748	1802.82257	1802.79422	1765.91313	1765.8805	
7.857673	1802.82257	1802.79422	1765.91313	1765.8805	
7.867827	1802.82257	1802.79422	1765.91313	1765.8805	
7.877959	1802.82257	1802.79422	1765.91313	1765.8805	
7.888086	1802.82257	1802.79422	1765.91313	1765.8805	
7.898262	1802.82257	1802.79422	1765.91313	1765.8805	
7.908427	1802.82257	1802.79422	1765.91313	1765.8805	
7.918585	1802.82257	1802.79422	1765.91313	1765.8805	
7.928905	1802.82257	1802.79422	1765.91313	1765.8805	
7.938899	1802.82257	1802.79422	1765.91313	1765.8805	
7.949053	1802.82257	1802.79422	1765.91313	1765.8805	
7.95922	1802.82257	1802.79422	1765.91313	1765.8805	
7.969361	1802.82257	1802.79422	1765.91313	1765.8805	
7.979563	1802.82257	1802.79422	1765.91313	1765.8805	
7.989653	1802.82257	1802.79422	1765.91313	1765.8805	
7.999836	1802.82257	1802.79422	1765.91313	1765.8805	
8.010065	1802.82257	1802.79422	1765.91313	1765.8805	
8.020167	1802.82257	1802.79422	1765.91313	1765.8805	
8.030305	1802.82257	1802.79422	1765.91313	1765.8805	
8.040473	1802.82257	1802.79422	1765.91313	1765.8805	
8.050635	1802.82257	1802.79422	1765.91313	1765.8805	
8.0609	1802.82257	1802.79422	1765.91313	1765.8805	
8.070985	1802.82257	1802.79422	1765.91313	1765.8805	
8.081134	1802.82257	1802.79422	1765.91313	1765.8805	
8.091368	1802.82257	1802.79422	1765.91313	1765.8805	
8.101404	1802.82257	1802.79422	1765.91313	1765.8805	
8.111616	1802.82257	1802.79422	1765.91313	1765.8805	
8.121779	1802.82257	1802.79422	1765.91313	1765.8805	
8.131913	1802.82257	1802.79422	1765.91313	1765.8805	
8.142048	1802.82257	1802.79422	1765.91313	1765.8805	
8.152629	1802.82257	1802.79422	1765.91313	1765.8805	
8.162774	1802.82257	1802.79422	1765.91313	1765.8805	
8.172987	1802.82257	1802.79422	1765.91313	1765.8805	
8.183111	1802.82257	1802.79422	1765.91313	1765.8805	
8.193274	1802.82257	1802.79422	1765.91313	1765.8805	
8.203511	1802.82257	1802.79422	1765.91313	1765.8805	
8.213576	1802.82257	1802.79422	1765.91313	1765.8805	
8.22377	1802.82257	1802.79422	1765.91313	1765.8805	
8.233933	1802.82257	1802.79422	1765.91313	1765.8805	
8.244053	1802.82257	1802.79422	1765.91313	1765.8805	
8.254197	1802.82257	1802.79422	1765.91313	1765.8805	
8.264346	1802.82257	1802.79422	1765.91313	1765.8805	
8.274504	1802.82257	1802.79422	1765.91313	1765.8805	
8.284629	1802.82257	1802.79422	1765.91313	1765.8805	
8.294821	1802.82257	1802.79422	1765.91313	1765.8805	
8.304952	1802.82257	1802.79422	1765.91313	1765.8805	
8.316252	1802.82257	1802.79422	1765.91313	1765.8805	
8.326374	1802.82257	1802.79422	1765.91313	1765.8805	
8.336604	1802.82257	1802.79422	1765.91313	1765.8805	
8.34665	1802.82257	1802.79422	1765.91313	1765.8805	
8.356835	1802.82257	1802.79422	1765.91313	1765.8805	
8.366921	1802.82257	1802.79422	1765.91313	1765.8805	
8.377053	1802.82257	1802.79422	1765.91313	1765.8805	
8.387184	1802.82257	1802.79422	1765.91313	1765.8805	
8.397347	1802.82257	1802.79422	1765.91313	1765.8805	
8.407478	1802.82257	1802.79422	1765.91313	1765.8805	
8.417695	1802.82257	1802.79422	1765.91313	1765.8805	
8.427999	1802.82257	1802.79422	1765.91313	1765.8805	
8.437983	1802.82257	1802.79422	1765.91313	1765.8805	
8.448126	1802.82257	1802.79422	1765.91313	1765.8805	
8.458315	1802.82257	1802.79422	1765.91313	1765.8805	
8.46841	1802.82257	1802.79422	1765.91313	1765.8805	
8.478575	1802.82257	1802.79422	1765.91313	1765.8805	
8.490146	1802.82257	1802.79422	1765.91313	1765.8805	
8.498854	1802.82257	1802.79422	1765.91313	1765.8805	
8.509009	1802.82257	1802.79422	1765.91313	1765.8805	
8.519096	1802.82257	1802.79422	1765.91313	1765.8805	
8.52925	1802.82257	1802.79422	1765.91313	1765.8805	
8.539539	1802.82257	1802.79422	1765.91313	1765.8805	
8.549587	1802.82257	1802.79422	1765.91313	1765.8805	
8.559786	1802.82257	1802.79422	1765.91313	1765.8805	
8.569933	1802.82257	1802.79422	1765.91313	1765.8805	
8.580097	1802.82257	1802.79422	1765.91313	1765.8805	
8.59023	1802.82257	1802.79422	1765.91313	1765.8805	
8.600384	1802.82257	1802.79422	1765.91313	1765.8805	
8.610566	1802.82257	1802.79422	1765.91313	1765.8805	
8.620714	1802.82257	1802.79422	1765.91313	1765.8805	
8.630875	1802.82257	1802.79422	1765.91313	1765.8805	
8.641023	1802.82257	1802.79422	1765.91313	1765.8805	
8.651193	1802.82257	1802.79422	1765.91313	1765.8805	
8.661337	1802.82257	1802.79422	1765.91313	1765.8805	
8.671478	1802.82257	1802.79422	1765.91313	1765.8805	
8.681611	1802.82257	1802.79422	1765.91313	1765.8805	
8.693696	1802.82257	1802.79422	1765.91313	1765.8805	
8.703733	1802.82257	1802.79422	1765.91313	1765.8805	
8.713786	1802.82257	1802.79422	1765.91313	1765.8805	
8.723997	1802.82257	1802.79422	1765.91313	1765.8805	
8.734183	1802.82257	1802.79422	1765.91313	1765.8805	
8.744362	1802.82257	1802.79422	1765.91313	1765.8805	
8.754491	1802.82257	1802.79422	1765.91313	1765.8805	
8.764681	1802.82257	1802.79422	1765.91313	1765.8805	
8.774837	1802.82257	1802.79422	1765.91313	1765.8805	
8.785281	1802.82257	1802.79422	1765.91313	1765.8805	
8.795086	1802.82257	1802.79422	1765.91313	1765.8805	
8.805214	1802.82257	1802.79422	1765.91313	1765.8805	
8.823981	1802.82257	1802.79422	1765.91313	1765.8805	
8.828561	1802.82257	1802.79422	1765.91313	1765.8805	
8.838706	1802.82257	1802.79422	1765.91313	1765.8805	
8.848901	1802.82257	1802.79422	1765.91313	1765.8805	
8.859065	1802.82257	1802.79422	1765.91313	1765.8805	
8.869208	1802.82257	1802.79422	1765.91313	1765.8805	
8.879358	1802.82257	1802.79422	1765.91313	1765.8805	
8.889484	1802.82257	1802.79422	1765.91313	1765.8805	
8.899696	1802.82257	1802.79422	1765.91313	1765.8805	
8.909803	1802.82257	1802.79422	1765.91313	1765.8805	
8.91995	1802.82257	1802.79422	1765.91313	1765.8805	
8.930145	1802.82257	1802.79422	1765.91313	1765.8805	
8.940277	1802.82257	1802.79422	1765.91313	1765.8805	
8.950429	1802.82257	1802.79422	1765.91313	1765.8805	
8.960586	1802.82257	1802.79422	1765.91313	1765.8805	
8.970742	1802.82257	1802.79422	1765.91313	1765.8805	
8.980966	1802.82257	1802.79422	1765.91313	1765.8805	
8.991005	1802.82257	1802.79422	1765.91313	1765.8805	
9.001202	1802.82257	1802.79422	1765.91313	1765.8805	
9.011453	1802.82257	1802.79422	1765.91313	1765.8805	
9.021601	1802.82257	1802.79422	1765.91313	1765.8805	
9.031752	1802.82257	1802.79422	1765.91313	1765.8805	
9.041911	1802.82257	1802.79422	1765.91313	1765.8805	
9.052065	1802.82257	1802.79422	1765.91313	1765.8805	
9.062256	1802.82257	1802.79422	1765.91313	1765.8805	
9.072387	1802.82257	1802.79422	1765.91313	1765.8805	
9.08257	1802.82257	1802.79422	1765.91313	1765.8805	
9.092678	1802.82257	1802.79422	1765.91313	1765.8805	
9.102882	1802.82257	1802.79422	1765.91313	1765.8805	
9.113041	1802.82257	1802.79422	1765.91313	1765.8805	
9.123185	1802.82257	1802.79422	1765.91313	1765.8805	
9.133296	1802.82257	1802.79422	1765.91313	1765.8805	
9.143437	1802.82257	1802.79422	1765.91313	1765.8805	
9.153664	1802.82257	1802.79422	1765.91313	1765.8805	
9.163847	1802.82257	1802.79422	1765.91313	1765.8805	
9.173925	1802.82257	1802.79422	1765.91313	1765.8805	
9.184079	1802.82257	1802.79422	1765.91313	1765.8805	
9.194293	1802.82257	1802.79422	1765.91313	1765.8805	
9.204407	1802.82257	1802.79422	1765.91313	1765.8805	
9.214541	1802.82257	1802.79422	1765.91313	1765.8805	
9.224673	1802.82257	1802.79422	1765.91313	1765.8805	
9.234916	1802.82257	1802.79422	1765.91313	1765.8805	
9.245055	1802.82257	1802.79422	1765.91313	1765.8805	
9.255167	1802.82257	1802.79422	1765.91313	1765.8805	
9.26532	1802.82257	1802.79422	1765.91313	1765.8805	
9.275542	1802.82257	1802.79422	1765.91313	1765.8805	
9.285589	1802.82257	1802.79422	1765.91313	1765.8805	
9.295737	1802.82257	1802.79422	1765.91313	1765.8805	
9.305893	1802.82257	1802.79422	1765.91313	1765.8805	
9.317296	1802.82257	1802.79422	1765.91313	1765.8805	
9.326285	1802.82257	1802.79422	1765.91313	1765.8805	
9.33642	1802.82257	1802.79422	1765.91313	1765.8805	
9.346539	1802.82257	1802.79422	1765.91313	1765.8805	
9.356613	1802.82257	1802.79422	1765.91313	1765.8805	
9.366779	1802.82257	1802.79422	1765.91313	1765.8805	
9.376951	1802.82257	1802.79422	1765.91313	1765.8805	
9.38703	1802.82257	1802.79422	1765.91313	1765.8805	
9.397208	1802.82257	1802.79422	1765.91313	1765.8805	
9.407339	1802.82257	1802.79422	1765.91313	1765.8805	
9.417493	1802.82257	1802.79422	1765.91313	1765.8805	
9.435673	1802.82257	1802.79422	1765.91313	1765.8805	
9.440247	1802.82257	1802.79422	1765.91313	1765.8805	
9.450429	1802.82257	1802.79422	1765.91313	1765.8805	
9.460564	1802.82257	1802.79422	1765.91313	1765.8805	
9.470704	1802.82257	1802.79422	1765.91313	1765.8805	
