0.04313087	306.252924	306.252924	129.590697	129.590697	
0.04793975	306.253131	306.252924	129.590904	129.590697	
0.05806748	306.254346	306.252924	129.592119	129.590697	
0.06821321	306.256181	306.252924	129.593954	129.590697	
0.07845095	306.258666	306.26165	129.596439	129.590697	
0.08855068	306.261722	306.270377	129.599495	129.590697	
0.09866342	306.265397	306.270377	129.60317	129.599424	
0.1088172	306.269709	306.270377	129.607482	129.599424	
0.1189979	306.274653	306.279104	129.612426	129.60815	
0.1292146	306.280241	306.28783	129.618014	129.60815	
0.1392914	306.286363	306.296557	129.624136	129.60815	
0.1494671	306.293162	306.305284	129.630936	129.616877	
0.1597158	306.300647	306.305284	129.63842	129.625604	
0.1697666	306.308583	306.322737	129.646356	129.625604	
0.1799033	306.317211	306.331464	129.654984	129.63433	
0.190081	306.326498	306.34019	129.664271	129.643057	
0.2003018	306.336446	306.348917	129.674219	129.651783	
0.2103975	306.346882	306.357644	129.684655	129.66051	
0.2205912	306.358051	306.375097	129.695824	129.669237	
0.230748	306.36979	306.375097	129.707563	129.677963	
0.2409027	306.382147	306.39255	129.719921	129.695417	
0.2510664	306.39514	306.401277	129.732913	129.704143	
0.2612212	306.408782	306.410003	129.746555	129.721597	
0.2713709	306.422943	306.427457	129.760716	129.730323	
0.2815186	306.437764	306.44491	129.775537	129.747777	
0.2916224	306.453134	306.453637	129.790907	129.76523	
0.3025631	306.470537	306.47109	129.80831	129.79141	
0.3119748	306.485974	306.479817	129.823747	129.808863	
0.3220666	306.503166	306.49727	129.840939	129.835043	
0.3323123	306.521256	306.514723	129.859029	129.852496	
0.342558	306.53998	306.532177	129.877753	129.878676	
0.3527048	306.559138	306.54963	129.896911	129.904856	
0.3628185	306.57884	306.558356	129.916613	129.92231	
0.3729652	306.599233	306.584536	129.937006	129.957216	
0.383137	306.620286	306.60199	129.958059	129.974669	
0.3933497	306.642065	306.619443	129.979838	130.009576	
0.4034614	306.664231	306.636896	130.002004	130.027029	
0.4136172	306.687118	306.663076	130.024891	130.061936	
0.4238219	306.71073	306.689256	130.048503	130.079389	
0.4356126	306.738951	306.715436	130.076724	130.114296	
0.4440474	306.759422	306.741616	130.097195	130.131749	
0.4543221	306.785098	306.767796	130.122872	130.166656	
0.4643178	306.810646	306.793976	130.148419	130.184109	
0.4744996	306.83732	306.828883	130.175093	130.219015	
0.4846573	306.864531	306.863789	130.202304	130.236469	
0.494767	306.892231	306.898696	130.230004	130.271375	
0.5131816	306.945189	306.933602	130.282962	130.306282	
0.5177394	306.958228	306.977235	130.296001	130.323735	
0.5279272	306.988162	307.012142	130.325935	130.349915	
0.5380509	307.018532	307.047049	130.356305	130.376095	
0.5481656	307.049485	307.081955	130.387259	130.402275	
0.5586964	307.08242	307.116862	130.420193	130.428455	
0.5685301	307.113687	307.151768	130.451461	130.454635	
0.5786639	307.146554	307.186675	130.484327	130.480815	
0.5888336	307.180163	307.221582	130.517936	130.515721	
0.5989913	307.21436	307.256488	130.552133	130.541901	
0.609256	307.249547	307.291395	130.58732	130.576808	
0.6193348	307.284686	307.317575	130.622459	130.602988	
0.6295065	307.320784	307.361208	130.658557	130.637895	
0.6397023	307.357595	307.387388	130.695368	130.672801	
0.649774	307.394544	307.422294	130.732317	130.716434	
0.6599697	307.432599	307.457201	130.770372	130.760068	
0.6701175	307.471087	307.492108	130.80886	130.794974	
0.6802922	307.510288	307.527014	130.848061	130.838607	
0.6904329	307.54997	307.561921	130.887743	130.882241	
0.7005747	307.590288	307.596827	130.928062	130.9346	
0.7107654	307.631439	307.631734	130.969212	130.969507	
0.7208491	307.672744	307.666641	131.010517	131.021867	
0.7310379	307.715097	307.701547	131.05287	131.0655	
0.7412146	307.758033	307.736454	131.095807	131.109133	
0.7513523	307.801434	307.780087	131.139207	131.161493	
0.7614841	307.845394	307.82372	131.183167	131.213853	
0.7716808	307.890284	307.867353	131.228057	131.257486	
0.7818015	307.935443	307.910987	131.273216	131.30112	
0.7920123	307.981641	307.963347	131.319414	131.35348	
0.80213	308.028015	308.015706	131.365788	131.397113	
0.8122177	308.074866	308.05934	131.41264	131.440746	
0.8224925	308.12324	308.1117	131.461013	131.493106	
0.8325802	308.171323	308.164059	131.509097	131.536739	
0.8427229	308.220273	308.225146	131.558047	131.580372	
0.8528617	308.26985	308.277506	131.607623	131.624006	
0.8630064	308.320084	308.329866	131.657857	131.667639	
0.8811439	308.41228	308.434585	131.750054	131.754905	
0.8856758	308.435222	308.460765	131.772995	131.772359	
0.8958815	308.487747	308.513125	131.825521	131.824718	
0.9060623	308.540776	308.574212	131.878549	131.877078	
0.916153	308.593966	308.626572	131.931739	131.929438	
0.9262228	308.647588	308.678932	131.985361	131.981798	
0.9452733	308.751847	308.783651	132.08962	132.077791	
0.9497871	308.776431	308.809831	132.114204	132.103971	
0.9599609	308.832691	308.862191	132.170464	132.156331	
0.9701116	308.889458	308.914551	132.227231	132.217417	
0.9803023	308.947091	308.966911	132.284864	132.278504	
0.9904801	309.005237	309.027997	132.34301	132.330864	
1.000615	309.063751	309.080357	132.401524	132.400677	
1.010744	309.122858	309.132717	132.460631	132.461764	
1.020873	309.18261	309.185077	132.520383	132.52285	
1.031129	309.243717	309.237437	132.58149	132.592663	
1.041382	309.305448	309.298523	132.643221	132.65375	
1.051433	309.366563	309.35961	132.704336	132.714836	
1.061583	309.428883	309.41197	132.766656	132.784649	
1.071794	309.492217	309.481783	132.829991	132.854463	
1.08193	309.55572	309.542869	132.893493	132.915549	
1.092047	309.619685	309.603956	132.957458	132.976636	
1.102186	309.684432	309.673769	133.022205	133.046449	
1.112318	309.749731	309.743582	133.087504	133.116262	
1.122805	309.818485	309.813396	133.156258	133.177349	
1.132666	309.882738	309.883209	133.220511	133.238435	
1.142798	309.94991	309.953022	133.287683	133.308248	
1.152947	310.017792	310.022835	133.355566	133.378061	
1.163123	310.086478	310.092648	133.424251	133.439148	
1.173241	310.155412	310.171188	133.493185	133.508961	
1.183399	310.225204	310.241001	133.562977	133.570048	
1.19363	310.296128	310.319541	133.633901	133.639861	
1.203721	310.366702	310.389354	133.704475	133.709674	
1.213846	310.438137	310.459167	133.77591	133.779487	
1.224044	310.510706	310.537707	133.848479	133.8493	
1.234136	310.583121	310.60752	133.920895	133.919114	
1.244479	310.658024	310.68606	133.995797	133.988927	
1.254503	310.731175	310.755873	134.068948	134.05874	
1.264569	310.805248	310.834413	134.143021	134.128553	
1.274722	310.880553	310.904226	134.218326	134.207093	
1.284922	310.956862	310.982766	134.294635	134.285633	
1.295206	311.034482	311.052579	134.372255	134.364172	
1.306106	311.117421	311.131119	134.455195	134.451439	
1.316234	311.195085	311.209659	134.532858	134.529979	
1.334246	311.329871	311.331832	134.667644	134.678332	
1.338797	311.363952	311.366739	134.701725	134.721965	
1.348941	311.439228	311.454005	134.777001	134.800505	
1.359119	311.514173	311.523818	134.851946	134.879045	
1.369353	311.588916	311.611085	134.92669	134.966311	
1.379413	311.661783	311.680898	134.999556	135.044851	
1.38959	311.734939	311.759438	135.072712	135.132117	
1.399846	311.808048	311.837977	135.145821	135.210657	
1.410088	311.88046	311.916517	135.218233	135.28047	
1.420072	311.950411	311.995057	135.288185	135.35901	
1.430228	312.021033	312.06487	135.358806	135.43755	
1.440378	312.090999	312.14341	135.428772	135.507363	
1.450551	312.160547	312.213223	135.49832	135.577176	
1.460666	312.229071	312.283036	135.566844	135.638263	
1.470874	312.29769	312.361576	135.635463	135.699349	
1.481	312.36511	312.431389	135.702883	135.769163	
1.491096	312.431777	312.492476	135.769551	135.821522	
1.50134	312.49902	312.553562	135.836793	135.882609	
1.511428	312.564204	312.623376	135.901977	135.943695	
1.521622	312.629719	312.675735	135.967492	135.996055	
1.531754	312.694234	312.736822	136.032007	136.048415	
1.541901	312.758259	312.797909	136.096032	136.109502	
1.552125	312.822173	312.858995	136.159946	136.170588	
1.56222	312.884692	312.911355	136.222465	136.222948	
1.572374	312.947285	312.972441	136.285058	136.275308	
1.582571	313.008938	313.024801	136.346711	136.336395	
1.592724	313.070059	313.077161	136.407832	136.397481	
1.603098	313.131879	313.129521	136.469652	136.449841	
1.613009	313.19032	313.181881	136.528093	136.519654	
1.623201	313.249873	313.242968	136.587646	136.572014	
1.633402	313.308881	313.295327	136.646654	136.641827	
1.643605	313.367331	313.356414	136.705104	136.694187	
1.653643	313.424196	313.408774	136.761969	136.764	
1.663824	313.4813	313.46986	136.819073	136.825087	
1.673916	313.53733	313.530947	136.875103	136.886173	
1.684041	313.592948	313.592033	136.930721	136.94726	
1.694331	313.648882	313.644393	136.986656	137.008346	
1.704362	313.702824	313.70548	137.040597	137.060706	
1.714482	313.756665	313.766566	137.094438	137.121793	
1.724644	313.810116	313.827653	137.147889	137.182879	
1.734829	313.863093	313.880013	137.200867	137.235239	
1.745154	313.916215	313.941099	137.253988	137.287599	
1.755104	313.966817	313.993459	137.30459	137.339959	
1.765331	314.018231	314.054546	137.356004	137.392319	
1.775386	314.068222	314.106905	137.405995	137.444679	
1.78556	314.118204	314.159265	137.455977	137.497038	
1.795691	314.167365	314.202899	137.505138	137.540672	
1.805835	314.216029	314.255258	137.553802	137.584305	
1.816031	314.264342	314.298892	137.602115	137.627938	
1.826151	314.311703	314.351252	137.649476	137.671571	
1.836288	314.358551	314.394885	137.696324	137.715205	
1.854287	314.439514	314.473425	137.777287	137.793744	
1.858825	314.460989	314.490878	137.798762	137.811198	
1.868995	314.505091	314.534511	137.842864	137.846104	
1.879169	314.54963	314.569418	137.887403	137.889738	
1.897185	314.626249	314.639231	137.964023	137.959551	
1.901666	314.645364	314.656684	137.983137	137.977004	
1.911907	314.688297	314.691591	138.02607	138.020637	
1.922055	314.730231	314.726497	138.068005	138.055544	
1.932222	314.771669	314.770131	138.109442	138.099177	
1.942366	314.812428	314.805037	138.150201	138.14281	
1.952795	314.853991	314.839944	138.191764	138.177717	
1.962636	314.892129	314.883577	138.229902	138.22135	
1.972831	314.931315	314.918484	138.269088	138.264983	
1.982981	314.969757	314.95339	138.30753	138.29989	
1.993113	315.007545	314.997023	138.345318	138.343523	
2.00327	315.044851	315.03193	138.382624	138.387156	
2.013393	315.081558	315.066837	138.419331	138.422063	
2.023636	315.117875	315.101743	138.455648	138.45697	
2.033721	315.153172	315.145376	138.490945	138.500603	
2.043867	315.188095	315.180283	138.525868	138.544236	
2.054272	315.223316	315.21519	138.561089	138.579143	
2.064232	315.256434	315.258823	138.594207	138.614049	
2.074311	315.289393	315.293729	138.627167	138.648956	
2.084459	315.322008	315.328636	138.659781	138.683862	
2.094622	315.354072	315.363543	138.691845	138.718769	
2.10475	315.385464	315.398449	138.723237	138.753676	
2.122871	315.439357	315.433356	138.77713	138.806035	
2.127606	315.453488	315.476989	138.791261	138.823489	
2.137598	315.482597	315.511896	138.82037	138.858395	
2.147714	315.511492	315.538075	138.849266	138.884575	
2.15935	315.543945	315.572982	138.881718	138.910755	
2.168116	315.568006	315.607889	138.905779	138.945662	
2.178213	315.595126	315.642795	138.932899	138.971842	
2.188379	315.621846	315.668975	138.959619	138.998022	
2.198589	315.64811	315.695155	138.985883	139.024202	
2.208666	315.673464	315.712608	139.011237	139.041655	
2.218859	315.698518	315.730062	139.036292	139.059108	
2.228982	315.722844	315.756242	139.060617	139.076561	
2.239283	315.746998	315.764968	139.084771	139.085288	
2.249492	315.770352	315.782422	139.108125	139.102741	
2.259544	315.792793	315.799875	139.130566	139.111468	
2.269693	315.814874	315.808602	139.152647	139.120195	
2.279905	315.83651	315.817328	139.174283	139.137648	
2.289999	315.857338	315.826055	139.195111	139.155101	
2.300139	315.877694	315.834781	139.215467	139.163828	
2.31034	315.897603	315.852235	139.235377	139.172555	
2.320461	315.916786	315.869688	139.254559	139.190008	
2.330586	315.935408	315.878415	139.273181	139.207461	
2.340705	315.953462	315.895868	139.291235	139.224914	
2.350912	315.971104	315.904595	139.308877	139.242368	
2.361058	315.988079	315.922048	139.325852	139.268548	
2.371203	316.004488	315.939501	139.342261	139.294728	
2.381389	316.020397	315.965681	139.35817	139.312181	
2.39152	316.035664	315.983134	139.373438	139.329634	
2.401671	316.050405	316.009314	139.388178	139.364541	
2.411815	316.064583	316.026768	139.402356	139.381994	
2.421972	316.078217	316.044221	139.41599	139.408174	
2.432151	316.091332	316.070401	139.429105	139.434354	
2.442283	316.103835	316.096581	139.441608	139.451807	
2.452471	316.115853	316.114034	139.453626	139.469261	
2.462554	316.127211	316.140214	139.464984	139.486714	
2.47275	316.138146	316.148941	139.475919	139.504167	
2.48287	316.148459	316.166394	139.486232	139.512894	
2.493008	316.158257	316.183847	139.49603	139.52162	
2.503216	316.167581	316.183847	139.505354	139.52162	
2.513306	316.176274	316.192574	139.514048	139.530347	
2.523458	316.184488	316.201301	139.522261	139.530347	
2.533638	316.1922	316.201301	139.529973	139.530347	
2.543825	316.199399	316.201301	139.537172	139.530347	
2.553896	316.206005	316.201301	139.543778	139.530347	
2.564032	316.21215	316.201301	139.549923	139.52162	
2.574167	316.217798	316.201301	139.555571	139.52162	
2.584385	316.222989	316.192574	139.560762	139.52162	
2.594487	316.227643	316.192574	139.565416	139.52162	
2.604623	316.23184	316.183847	139.569613	139.52162	
2.61481	316.235591	316.192574	139.573364	139.530347	
2.624964	316.238883	316.192574	139.576656	139.539074	
2.635532	316.241828	316.201301	139.579601	139.539074	
2.645213	316.24417	316.201301	139.581943	139.5478	
2.655392	316.246226	316.210027	139.583999	139.556527	
2.665601	316.247917	316.218754	139.58569	139.556527	
2.675706	316.252924	316.218754	139.590697	139.57398	
2.685863	316.252924	316.227481	139.590697	139.57398	
2.69608	316.252924	316.236207	139.590697	139.582707	
2.706131	316.252924	316.236207	139.590697	139.591434	
2.716277	316.252924	316.244934	139.590697	139.591434	
2.734421	316.252924	316.25366	139.590697	139.608887	
2.738939	316.252924	316.25366	139.590697	139.608887	
2.749294	316.252924	316.25366	139.590697	139.608887	
2.759505	316.252924	316.25366	139.590697	139.608887	
2.769645	316.252924	316.25366	139.590697	139.608887	
2.779802	316.252924	316.25366	139.590697	139.608887	
2.789914	316.252924	316.25366	139.590697	139.608887	
2.800163	316.252924	316.25366	139.590697	139.608887	
2.810267	316.252924	316.25366	139.590697	139.608887	
2.820379	316.252924	316.25366	139.590697	139.608887	
2.830605	316.252924	316.25366	139.590697	139.608887	
2.840693	316.252924	316.25366	139.590697	139.608887	
2.850883	316.252924	316.25366	139.590697	139.608887	
2.861038	316.252924	316.25366	139.590697	139.608887	
2.871208	316.252924	316.25366	139.590697	139.608887	
2.881397	316.252924	316.25366	139.590697	139.608887	
2.8915	316.252924	316.25366	139.590697	139.608887	
2.901654	316.252924	316.25366	139.590697	139.608887	
2.911768	316.252924	316.25366	139.590697	139.608887	
2.921956	316.252924	316.25366	139.590697	139.608887	
2.932049	316.252924	316.25366	139.590697	139.608887	
2.942265	316.252924	316.25366	139.590697	139.608887	
2.95239	316.252924	316.25366	139.590697	139.608887	
2.962655	316.252924	316.25366	139.590697	139.608887	
2.972716	316.252924	316.25366	139.590697	139.608887	
2.982867	316.252924	316.25366	139.590697	139.608887	
2.993031	316.252924	316.25366	139.590697	139.608887	
3.003167	316.252924	316.25366	139.590697	139.608887	
3.013308	316.252924	316.25366	139.590697	139.608887	
3.023455	316.252924	316.25366	139.590697	139.608887	
3.033677	316.252924	316.25366	139.590697	139.608887	
3.043824	316.252924	316.25366	139.590697	139.608887	
3.053918	316.252924	316.25366	139.590697	139.608887	
3.064167	316.252924	316.25366	139.590697	139.608887	
3.074237	316.252924	316.25366	139.590697	139.608887	
3.084369	316.252924	316.25366	139.590697	139.608887	
3.094505	316.252924	316.25366	139.590697	139.608887	
3.10465	316.252924	316.25366	139.590697	139.608887	
3.114817	316.252924	316.25366	139.590697	139.608887	
3.13284	316.252924	316.25366	139.590697	139.608887	
3.137397	316.252924	316.25366	139.590697	139.608887	
3.147515	316.252924	316.25366	139.590697	139.608887	
3.157629	316.252924	316.25366	139.590697	139.608887	
3.167875	316.252924	316.25366	139.590697	139.608887	
3.17801	316.252924	316.25366	139.590697	139.608887	
3.188184	316.252924	316.25366	139.590697	139.608887	
3.198335	316.252924	316.25366	139.590697	139.608887	
3.20847	316.252924	316.25366	139.590697	139.608887	
3.218643	316.252924	316.25366	139.590697	139.608887	
3.228786	316.252924	316.25366	139.590697	139.608887	
3.238991	316.252924	316.25366	139.590697	139.608887	
3.24914	316.252924	316.25366	139.590697	139.608887	
3.259273	316.252924	316.25366	139.590697	139.608887	
3.26942	316.252924	316.25366	139.590697	139.608887	
3.279628	316.252924	316.25366	139.590697	139.608887	
3.289753	316.252924	316.25366	139.590697	139.608887	
3.299891	316.252924	316.25366	139.590697	139.608887	
3.310089	316.252924	316.25366	139.590697	139.608887	
3.320241	316.252924	316.25366	139.590697	139.608887	
3.330356	316.252924	316.25366	139.590697	139.608887	
3.340477	316.252924	316.25366	139.590697	139.608887	
3.350745	316.252924	316.25366	139.590697	139.608887	
3.36083	316.252924	316.25366	139.590697	139.608887	
3.370942	316.252924	316.25366	139.590697	139.608887	
3.381286	316.252924	316.25366	139.590697	139.608887	
3.391442	316.252924	316.25366	139.590697	139.608887	
3.40169	316.252924	316.25366	139.590697	139.608887	
3.411786	316.252924	316.25366	139.590697	139.608887	
3.42195	316.252924	316.25366	139.590697	139.608887	
3.432169	316.252924	316.25366	139.590697	139.608887	
3.442252	316.252924	316.25366	139.590697	139.608887	
3.452459	316.252924	316.25366	139.590697	139.608887	
3.462527	316.252924	316.25366	139.590697	139.608887	
3.472746	316.252924	316.25366	139.590697	139.608887	
3.483115	316.252924	316.25366	139.590697	139.608887	
3.493025	316.252924	316.25366	139.590697	139.608887	
3.503163	316.252924	316.25366	139.590697	139.608887	
3.513261	316.252924	316.25366	139.590697	139.608887	
3.523636	316.252924	316.25366	139.590697	139.608887	
3.533649	316.252924	316.25366	139.590697	139.608887	
3.543823	316.252924	316.25366	139.590697	139.608887	
3.553901	316.252924	316.25366	139.590697	139.608887	
3.564028	316.252924	316.25366	139.590697	139.608887	
3.574361	316.252924	316.25366	139.590697	139.608887	
3.584394	316.252924	316.25366	139.590697	139.608887	
3.594511	316.252924	316.25366	139.590697	139.608887	
3.604641	316.252924	316.25366	139.590697	139.608887	
3.614837	316.252924	316.25366	139.590697	139.608887	
3.632849	316.252924	316.25366	139.590697	139.608887	
3.637523	316.252924	316.25366	139.590697	139.608887	
3.647641	316.252924	316.25366	139.590697	139.608887	
3.657803	316.252924	316.25366	139.590697	139.608887	
3.667959	316.252924	316.25366	139.590697	139.608887	
3.678097	316.252924	316.25366	139.590697	139.608887	
3.688324	316.252924	316.25366	139.590697	139.608887	
3.698474	316.252924	316.25366	139.590697	139.608887	
3.708565	316.252924	316.25366	139.590697	139.608887	
3.718773	316.252924	316.25366	139.590697	139.608887	
3.728862	316.252924	316.25366	139.590697	139.608887	
3.739034	316.252924	316.25366	139.590697	139.608887	
3.749345	316.252924	316.25366	139.590697	139.608887	
3.759372	316.252924	316.25366	139.590697	139.608887	
3.777408	316.252924	316.25366	139.590697	139.608887	
3.781912	316.252924	316.25366	139.590697	139.608887	
3.792149	316.252924	316.25366	139.590697	139.608887	
3.802231	316.252924	316.25366	139.590697	139.608887	
3.812381	316.252924	316.25366	139.590697	139.608887	
3.822495	316.252924	316.25366	139.590697	139.608887	
3.832696	316.252924	316.25366	139.590697	139.608887	
3.842827	316.252924	316.25366	139.590697	139.608887	
3.852965	316.252924	316.25366	139.590697	139.608887	
3.863132	316.252924	316.25366	139.590697	139.608887	
3.873278	316.252924	316.25366	139.590697	139.608887	
3.883399	316.252924	316.25366	139.590697	139.608887	
3.8936	316.252924	316.25366	139.590697	139.608887	
3.903728	316.252924	316.25366	139.590697	139.608887	
3.913906	316.252924	316.25366	139.590697	139.608887	
3.924006	316.252924	316.25366	139.590697	139.608887	
3.934149	316.252924	316.25366	139.590697	139.608887	
3.944328	316.252924	316.25366	139.590697	139.608887	
3.954422	316.252924	316.25366	139.590697	139.608887	
3.964567	316.252924	316.25366	139.590697	139.608887	
3.974797	316.252924	316.25366	139.590697	139.608887	
3.984928	316.252924	316.25366	139.590697	139.608887	
3.99507	316.252924	316.25366	139.590697	139.608887	
4.005351	316.252924	316.25366	139.590697	139.608887	
4.015342	316.252924	316.25366	139.590697	139.608887	
4.025524	316.252924	316.25366	139.590697	139.608887	
4.035621	316.252924	316.25366	139.590697	139.608887	
4.045758	316.252924	316.25366	139.590697	139.608887	
4.05593	316.252924	316.25366	139.590697	139.608887	
4.066071	316.252924	316.25366	139.590697	139.608887	
4.076226	316.252924	316.25366	139.590697	139.608887	
4.086428	316.252924	316.25366	139.590697	139.608887	
4.096575	316.252924	316.25366	139.590697	139.608887	
4.106682	316.252924	316.25366	139.590697	139.608887	
4.116899	316.252924	316.25366	139.590697	139.608887	
4.127081	316.252924	316.25366	139.590697	139.608887	
4.137214	316.252924	316.25366	139.590697	139.608887	
4.147366	316.252924	316.25366	139.590697	139.608887	
4.157517	316.252924	316.25366	139.590697	139.608887	
4.167699	316.252924	316.25366	139.590697	139.608887	
4.177852	316.252924	316.25366	139.590697	139.608887	
4.188016	316.252924	316.25366	139.590697	139.608887	
4.198182	316.252924	316.25366	139.590697	139.608887	
4.208351	316.252924	316.25366	139.590697	139.608887	
4.218522	316.252924	316.25366	139.590697	139.608887	
4.228641	316.252924	316.25366	139.590697	139.608887	
4.238862	316.252924	316.25366	139.590697	139.608887	
4.249003	316.252924	316.25366	139.590697	139.608887	
4.259146	316.252924	316.25366	139.590697	139.608887	
4.269297	316.252924	316.25366	139.590697	139.608887	
4.279469	316.252924	316.25366	139.590697	139.608887	
4.289724	316.252924	316.25366	139.590697	139.608887	
4.299786	316.252924	316.25366	139.590697	139.608887	
4.310645	316.252924	316.25366	139.590697	139.608887	
4.320775	316.252924	316.25366	139.590697	139.608887	
4.33089	316.252924	316.25366	139.590697	139.608887	
4.341015	316.252924	316.25366	139.590697	139.608887	
4.35121	316.252924	316.25366	139.590697	139.608887	
4.361333	316.252924	316.25366	139.590697	139.608887	
4.371537	316.252924	316.25366	139.590697	139.608887	
4.381659	316.252924	316.25366	139.590697	139.608887	
4.391831	316.252924	316.25366	139.590697	139.608887	
4.401977	316.252924	316.25366	139.590697	139.608887	
4.41208	316.252924	316.25366	139.590697	139.608887	
4.422284	316.252924	316.25366	139.590697	139.608887	
4.43249	316.252924	316.25366	139.590697	139.608887	
4.442597	316.252924	316.25366	139.590697	139.608887	
4.452724	316.252924	316.25366	139.590697	139.608887	
4.462853	316.252924	316.25366	139.590697	139.608887	
4.473042	316.252924	316.25366	139.590697	139.608887	
4.48317	316.252924	316.25366	139.590697	139.608887	
4.493318	316.252924	316.25366	139.590697	139.608887	
4.503485	316.252924	316.25366	139.590697	139.608887	
4.513734	316.252924	316.25366	139.590697	139.608887	
4.523823	316.252924	316.25366	139.590697	139.608887	
4.534065	316.252924	316.25366	139.590697	139.608887	
4.544279	316.252924	316.25366	139.590697	139.608887	
4.554346	316.252924	316.25366	139.590697	139.608887	
4.564468	316.252924	316.25366	139.590697	139.608887	
4.574622	316.252924	316.25366	139.590697	139.608887	
4.58479	316.252924	316.25366	139.590697	139.608887	
4.594981	316.252924	316.25366	139.590697	139.608887	
4.605115	316.252924	316.25366	139.590697	139.608887	
4.615186	316.252924	316.25366	139.590697	139.608887	
4.625729	316.252924	316.25366	139.590697	139.608887	
4.635543	316.252924	316.25366	139.590697	139.608887	
4.645682	316.252924	316.25366	139.590697	139.608887	
4.655844	316.252924	316.25366	139.590697	139.608887	
4.66593	316.252924	316.25366	139.590697	139.608887	
4.676143	316.252924	316.25366	139.590697	139.608887	
4.686263	316.252924	316.25366	139.590697	139.608887	
4.696515	316.252924	316.25366	139.590697	139.608887	
4.706543	316.252924	316.25366	139.590697	139.608887	
4.716698	316.252924	316.25366	139.590697	139.608887	
4.72711	316.252924	316.25366	139.590697	139.608887	
4.739073	316.252924	316.25366	139.590697	139.608887	
4.747809	316.252924	316.25366	139.590697	139.608887	
4.757657	316.252924	316.25366	139.590697	139.608887	
4.767758	316.252924	316.25366	139.590697	139.608887	
4.777913	316.252924	316.25366	139.590697	139.608887	
4.788083	316.252924	316.25366	139.590697	139.608887	
4.798241	316.252924	316.25366	139.590697	139.608887	
4.808447	316.252924	316.25366	139.590697	139.608887	
4.818528	316.252924	316.25366	139.590697	139.608887	
4.828712	316.252924	316.25366	139.590697	139.608887	
4.838899	316.252924	316.25366	139.590697	139.608887	
4.849229	316.252924	316.25366	139.590697	139.608887	
4.859359	316.252924	316.25366	139.590697	139.608887	
4.869514	316.252924	316.25366	139.590697	139.608887	
4.879686	316.252924	316.25366	139.590697	139.608887	
4.889856	316.252924	316.25366	139.590697	139.608887	
4.900006	316.252924	316.25366	139.590697	139.608887	
4.910254	316.252924	316.25366	139.590697	139.608887	
4.920392	316.252924	316.25366	139.590697	139.608887	
4.930435	316.252924	316.25366	139.590697	139.608887	
4.940649	316.252924	316.25366	139.590697	139.608887	
4.950813	316.252924	316.25366	139.590697	139.608887	
4.960916	316.252924	316.25366	139.590697	139.608887	
4.971069	316.252924	316.25366	139.590697	139.608887	
4.981233	316.252924	316.25366	139.590697	139.608887	
4.991386	316.252924	316.25366	139.590697	139.608887	
5.001572	316.252924	316.25366	139.590697	139.608887	
5.011694	316.252924	316.25366	139.590697	139.608887	
5.021845	316.252924	316.25366	139.590697	139.608887	
