16.51277	922.237235	922.231977	-29.2028271	-29.208085	
16.52293	922.23879	922.231977	-29.2012715	-29.208085	
16.53307	922.240958	922.231977	-29.1991035	-29.208085	
16.5431	922.243704	922.231977	-29.1963577	-29.208085	
16.55359	922.247251	922.231977	-29.1928111	-29.208085	
16.56341	922.251131	922.231977	-29.1889306	-29.208085	
16.5736	922.255786	922.231977	-29.1842757	-29.1993584	
16.58463	922.261593	922.231977	-29.1784688	-29.1993584	
16.59384	922.26689	922.231977	-29.1731714	-29.1993584	
16.60402	922.273402	922.231977	-29.1666593	-29.1993584	
16.61412	922.280471	922.231977	-29.1595911	-29.1993584	
16.62429	922.288212	922.231977	-29.1518499	-29.1993584	
16.64226	922.304255	922.231977	-29.1358067	-29.1993584	
16.64687	922.30831	922.231977	-29.1317513	-29.1993584	
16.65715	922.318163	922.231977	-29.1218983	-29.1993584	
16.66711	922.328302	922.231977	-29.1117602	-29.1993584	
16.67734	922.339342	922.240703	-29.1007201	-29.1906317	
16.68741	922.350818	922.240703	-29.0892436	-29.1819051	
16.69756	922.363013	922.24943	-29.0770489	-29.1731784	
16.70771	922.375821	922.266883	-29.0642409	-29.1644518	
16.71789	922.389281	922.284337	-29.0507807	-29.1469985	
16.72803	922.403317	922.30179	-29.036745	-29.1295452	
16.73819	922.418004	922.319243	-29.0220582	-29.1033653	
16.74833	922.433259	922.345423	-29.0068023	-29.0771853	
16.75848	922.449165	922.371603	-28.9908971	-29.059732	
16.76866	922.465728	922.40651	-28.9743338	-29.0248255	
16.7788	922.482843	922.43269	-28.9572184	-28.9986455	
16.78891	922.500531	922.467596	-28.9395306	-28.9724656	
16.79904	922.51885	922.502503	-28.9212118	-28.937559	
16.80923	922.537927	922.528683	-28.902135	-28.9026524	
16.81937	922.557502	922.563589	-28.8825599	-28.8764725	
16.82959	922.577879	922.598496	-28.8621831	-28.8415659	
16.83969	922.59861	922.633402	-28.8414517	-28.815386	
16.84983	922.620061	922.668309	-28.8200006	-28.7804794	
16.86002	922.642225	922.703216	-28.7978368	-28.7542994	
16.87017	922.664939	922.738122	-28.7751226	-28.7281195	
16.88029	922.688167	922.764302	-28.7518945	-28.6932129	
16.89045	922.712144	922.790482	-28.7279183	-28.667033	
16.90061	922.73672	922.816662	-28.7033419	-28.640853	
16.91081	922.762016	922.842842	-28.678046	-28.6146731	
16.92308	922.79345	922.860295	-28.6466122	-28.5884931	
16.93099	922.813947	922.877749	-28.6261145	-28.5710399	
16.94114	922.840989	922.903929	-28.599073	-28.5448599	
16.95129	922.868627	922.921382	-28.5714349	-28.5274066	
16.96147	922.896975	922.938835	-28.5430868	-28.5012267	
16.97181	922.926424	922.956288	-28.5136378	-28.4837734	
16.9818	922.955414	922.973742	-28.4846474	-28.4663201	
16.99191	922.985436	922.982468	-28.4546257	-28.4488668	
17.00204	923.016094	922.999922	-28.4239678	-28.4401402	
17.01221	923.047497	923.017375	-28.3925643	-28.4226869	
17.02235	923.079437	923.034828	-28.3606249	-28.4052336	
17.03249	923.11201	923.052282	-28.3280519	-28.3877803	
17.04264	923.145207	923.087188	-28.2948545	-28.3616003	
17.05279	923.179005	923.104641	-28.2610564	-28.3441471	
17.06304	923.213818	923.139548	-28.2262437	-28.3092405	
17.07313	923.248695	923.165728	-28.1913671	-28.2830605	
17.08327	923.284316	923.200634	-28.1557455	-28.2481539	
17.09352	923.320958	923.235541	-28.1191041	-28.2045207	
17.1037	923.35802	923.279174	-28.082042	-28.1696141	
17.11369	923.394947	923.322808	-28.0451149	-28.1259809	
17.12387	923.433192	923.366441	-28.0068696	-28.0823477	
17.13403	923.472016	923.418801	-27.9680461	-28.0299878	
17.14416	923.511324	923.471161	-27.9287378	-27.9776279	
17.15436	923.551542	923.52352	-27.8885193	-27.925268	
17.16449	923.592062	923.57588	-27.8479998	-27.8729082	
17.17459	923.633093	923.62824	-27.806969	-27.8205483	
17.18478	923.675136	923.6806	-27.764926	-27.7594618	
17.19494	923.717653	923.741687	-27.722409	-27.7071019	
17.20509	923.76075	923.794046	-27.6793119	-27.6460154	
17.21523	923.80443	923.855133	-27.6356319	-27.5936555	
17.2254	923.848856	923.907493	-27.5912054	-27.5412956	
17.23555	923.8938	923.959853	-27.5462621	-27.4889357	
17.24575	923.939599	924.012213	-27.5004627	-27.4365758	
17.25588	923.985675	924.055846	-27.4543873	-27.384216	
17.26676	924.036199	924.099479	-27.4038629	-27.3318561	
17.27618	924.079954	924.143112	-27.3601074	-27.2969495	
17.28636	924.12813	924.186746	-27.3119323	-27.2533163	
17.29642	924.17635	924.239105	-27.2637122	-27.209683	
17.30661	924.225815	924.274012	-27.214247	-27.1747765	
17.31678	924.275808	924.308919	-27.1642541	-27.1311432	
17.32702	924.326781	924.361278	-27.1132809	-27.0962366	
17.33888	924.386978	924.396185	-27.053084	-27.0526034	
17.34724	924.429299	924.431092	-27.0107631	-27.0176968	
17.35745	924.481996	924.474725	-26.9580656	-26.9827902	
17.36753	924.534639	924.518358	-26.9054223	-26.939157	
17.3777	924.588349	924.553265	-26.8517123	-26.8955238	
17.38789	924.642783	924.605625	-26.7972785	-26.8518905	
17.39804	924.697625	924.649258	-26.7424363	-26.7995307	
17.40819	924.75308	924.692891	-26.6869817	-26.7558974	
17.41831	924.809035	924.745251	-26.6310271	-26.7035376	
17.4285	924.865923	924.797611	-26.5741392	-26.642451	
17.43866	924.923306	924.858697	-26.5167554	-26.5813645	
17.4488	924.98117	924.919784	-26.4588913	-26.5290046	
17.45898	925.039932	924.98087	-26.4001294	-26.4591915	
17.46911	925.098961	925.041957	-26.3411003	-26.3981049	
17.47926	925.158821	925.11177	-26.2812408	-26.3282918	
17.48941	925.219215	925.181583	-26.2208465	-26.2672052	
17.49954	925.28013	925.251396	-26.159932	-26.1973921	
17.50973	925.342018	925.32121	-26.0980441	-26.1188523	
17.51985	925.404093	925.399749	-26.0359692	-26.0490391	
17.53002	925.467121	925.469563	-25.9729404	-25.9792259	
17.54019	925.53072	925.548102	-25.9093415	-25.9006861	
17.55032	925.594721	925.626642	-25.8453405	-25.8308729	
17.5605	925.659642	925.696455	-25.7804196	-25.7610598	
17.5706	925.724688	925.766268	-25.7153734	-25.6912466	
17.58076	925.790703	925.844808	-25.6493591	-25.6214334	
17.59099	925.857875	925.914621	-25.582187	-25.5516202	
17.60109	925.924756	925.984435	-25.5153059	-25.4818071	
17.61122	925.992459	926.054248	-25.4476028	-25.4119939	
17.62145	926.061441	926.115334	-25.3786208	-25.3421807	
17.63161	926.130526	926.176421	-25.3095353	-25.2723676	
17.64172	926.199945	926.246234	-25.2401167	-25.2025544	
17.65185	926.270153	926.307321	-25.1699093	-25.1414679	
17.66199	926.341026	926.368407	-25.0990358	-25.0803814	
17.67214	926.41251	926.43822	-25.0275523	-25.0105682	
17.68227	926.484545	926.499307	-24.9555163	-24.940755	
17.69243	926.557423	926.560393	-24.8826392	-24.8709418	
17.70259	926.630912	926.630206	-24.8091496	-24.8098553	
17.71272	926.704689	926.691293	-24.7353725	-24.7487688	
17.72292	926.780019	926.75238	-24.6600432	-24.6789556	
17.73307	926.854979	926.822193	-24.5850825	-24.6091425	
17.74318	926.930576	926.892006	-24.5094857	-24.5393293	
17.75331	927.006924	926.961819	-24.4331378	-24.4695161	
17.7644	927.09126	927.040359	-24.3488014	-24.3909763	
17.77364	927.161927	927.110172	-24.2781346	-24.3124365	
17.78372	927.239759	927.188712	-24.2003024	-24.2426233	
17.79387	927.31869	927.275978	-24.1213721	-24.1553568	
17.80407	927.398745	927.354518	-24.0413164	-24.0855437	
17.81421	927.478763	927.433058	-23.9612985	-23.9982772	
17.82439	927.55984	927.520324	-23.8802222	-23.9110108	
17.83454	927.641213	927.607591	-23.7988484	-23.8237443	
17.8447	927.723384	927.694857	-23.7166774	-23.7364778	
17.86272	927.871434	927.860664	-23.5686274	-23.5793982	
17.86724	927.908491	927.904297	-23.5315707	-23.5444916	
17.87749	927.993326	927.991563	-23.4467353	-23.4572251	
17.88758	928.077518	928.07883	-23.3625435	-23.361232	
17.89771	928.16267	928.18355	-23.2773922	-23.2652389	
17.90795	928.249335	928.270816	-23.1907264	-23.1779725	
17.91805	928.335381	928.358082	-23.1046807	-23.0819794	
17.92823	928.42281	928.454076	-23.0172514	-22.9859862	
17.93834	928.510181	928.550069	-22.9298813	-22.8987198	
17.94848	928.59848	928.637335	-22.8415817	-22.794	
17.95861	928.687246	928.733328	-22.7528155	-22.7067336	
17.96879	928.777136	928.820595	-22.6629258	-22.6194671	
17.97935	928.871161	928.916588	-22.5689012	-22.523474	
17.98914	928.958666	929.003854	-22.481396	-22.4362075	
17.99924	929.049702	929.091121	-22.3903601	-22.3402144	
18.00941	929.141936	929.178387	-22.2981254	-22.252948	
18.01963	929.235308	929.265654	-22.2047538	-22.1656815	
18.02978	929.328638	929.361647	-22.1114238	-22.078415	
18.03993	929.422521	929.448913	-22.017541	-21.9911486	
18.05007	929.516955	929.544906	-21.9231066	-21.9038821	
18.06026	929.612565	929.632173	-21.827497	-21.8166156	
18.07043	929.708541	929.719439	-21.7315209	-21.7293492	
18.08056	929.804811	929.815432	-21.6352505	-21.6420827	
18.09103	929.904922	929.911425	-21.5351394	-21.5460896	
18.10113	930.002164	929.998692	-21.4378978	-21.4500965	
18.11126	930.100126	930.085958	-21.3399358	-21.36283	
18.12142	930.199164	930.181951	-21.2408975	-21.2668369	
18.13161	930.29909	930.277945	-21.1409721	-21.1708438	
18.14179	930.399558	930.382664	-21.0405033	-21.0748507	
18.15188	930.499678	930.469931	-20.9403841	-20.9788576	
18.16201	930.600831	930.574651	-20.8392312	-20.8741379	
18.17219	930.703167	930.67937	-20.736895	-20.7781447	
18.18231	930.805493	930.775363	-20.634569	-20.673425	
18.19244	930.908505	930.880083	-20.5315564	-20.5687052	
18.20259	931.012309	930.984803	-20.4277528	-20.4639855	
18.21275	931.116896	931.089523	-20.3231654	-20.3505391	
18.22305	931.223534	931.202969	-20.2165273	-20.2458193	
18.23306	931.327783	931.307689	-20.1122786	-20.1323729	
18.24326	931.434662	931.421135	-20.0054	-20.0189265	
18.2534	931.541474	931.534582	-19.8985876	-19.9054801	
18.26348	931.648241	931.648028	-19.7918212	-19.7920337	
18.27365	931.756702	931.761474	-19.68336	-19.6785873	
18.28377	931.865136	931.874921	-19.574926	-19.5651409	
18.29409	931.976369	931.988367	-19.4636927	-19.4516945	
18.30411	932.08494	932.093087	-19.3551222	-19.3382481	
18.31423	932.195321	932.206533	-19.2447408	-19.2335284	
18.32447	932.305655	932.328706	-19.1344068	-19.120082	
18.33457	932.414033	932.442153	-19.0260285	-19.0066356	
18.34472	932.52218	932.546873	-18.9178815	-18.9019158	
18.35488	932.630332	932.660319	-18.8097302	-18.7884694	
18.36506	932.737212	932.773765	-18.7028495	-18.675023	
18.37522	932.843675	932.887212	-18.5963865	-18.5615766	
18.38538	932.949635	932.991932	-18.4904269	-18.4481302	
18.39555	933.055028	933.105378	-18.3850342	-18.3434104	
18.40575	933.160037	933.210098	-18.2800252	-18.229964	
18.41586	933.263582	933.314818	-18.1764801	-18.1252443	
18.42603	933.367182	933.410811	-18.0728797	-18.0205245	
18.43622	933.470274	933.51553	-17.9697877	-17.9158048	
18.44635	933.572288	933.611523	-17.8677742	-17.811085	
18.45649	933.673727	933.716243	-17.766335	-17.7150919	
18.46666	933.774828	933.812236	-17.6652342	-17.6103722	
18.47685	933.875595	933.908229	-17.5644668	-17.5056524	
18.48709	933.976141	934.012949	-17.463921	-17.4183859	
18.49717	934.074571	934.108942	-17.3654903	-17.3136662	
18.50736	934.173511	934.204935	-17.266551	-17.2176731	
18.5176	934.27226	934.292202	-17.1678021	-17.12168	
18.52767	934.368797	934.396922	-17.0712645	-17.0344135	
18.53785	934.465711	934.492915	-16.9743507	-16.9384204	
18.54799	934.561754	934.588908	-16.8783076	-16.8424273	
18.55816	934.657416	934.676174	-16.7826457	-16.7551608	
18.56831	934.752258	934.772167	-16.6878042	-16.6591677	
18.57845	934.846439	934.868161	-16.5936226	-16.5631746	
18.58895	934.943324	934.955427	-16.4967381	-16.4759081	
18.59871	935.032798	935.05142	-16.4072637	-16.379915	
18.60886	935.125205	935.138687	-16.3148567	-16.2839219	
18.61901	935.217062	935.23468	-16.2230001	-16.1966555	
18.62919	935.308553	935.321946	-16.1315083	-16.109389	
18.63934	935.399269	935.417939	-16.0407926	-16.0221225	
18.64949	935.48923	935.513932	-15.950832	-15.9261294	
18.65962	935.578499	935.601199	-15.8615623	-15.838863	
18.66984	935.667938	935.688465	-15.7721243	-15.7428699	
18.67994	935.755713	935.784458	-15.6843487	-15.6556034	
18.69009	935.843343	935.871725	-15.5967188	-15.5683369	
18.70027	935.930597	935.958991	-15.5094646	-15.4810705	
18.71045	936.017227	936.046258	-15.4228352	-15.393804	
18.72055	936.102588	936.142251	-15.337474	-15.3152642	
18.73071	936.187849	936.220791	-15.2522126	-15.2279977	
18.74088	936.27267	936.308057	-15.1673916	-15.1494579	
18.75104	936.356728	936.386597	-15.0833336	-15.0621914	
18.76115	936.439767	936.473863	-15.0002951	-14.974925	
18.7713	936.522553	936.56113	-14.9175089	-14.8963852	
18.78159	936.605888	936.630943	-14.834174	-14.8178453	
18.79166	936.686822	936.71821	-14.7532402	-14.7305789	
18.80173	936.767114	936.788023	-14.6729482	-14.6607657	
18.81187	936.847422	936.866563	-14.5926393	-14.5822259	
18.82204	936.927307	936.945102	-14.5127546	-14.5036861	
18.83218	937.006417	937.023642	-14.433645	-14.4251463	
18.84232	937.084855	937.102182	-14.3552071	-14.3466065	
18.85252	937.16323	937.171995	-14.276832	-14.2767933	
18.86264	937.240272	937.241808	-14.19979	-14.1982535	
18.87279	937.317044	937.320348	-14.1230179	-14.1197136	
18.88302	937.393776	937.390161	-14.0462862	-14.0499005	
18.89309	937.46874	937.468701	-13.9713216	-13.9713607	
18.90325	937.543745	937.538514	-13.8963164	-13.8928208	
18.91339	937.61798	937.608327	-13.8220819	-13.8230077	
18.92498	937.702077	937.686867	-13.7379851	-13.7531945	
18.93373	937.765112	937.765407	-13.6749498	-13.6746547	
18.94381	937.837171	937.83522	-13.6028903	-13.6048415	
18.95396	937.909042	937.905033	-13.53102	-13.5350283	
18.96417	937.980768	937.974847	-13.4592937	-13.4564885	
18.97427	938.051163	938.053386	-13.388899	-13.3866754	
18.9923	938.174459	938.184286	-13.2656029	-13.2645023	
18.99681	938.205332	938.210466	-13.2347296	-13.2383224	
19.00707	938.274842	938.289006	-13.16522	-13.1685092	
19.01713	938.342391	938.350092	-13.0976708	-13.098696	
19.02728	938.410006	938.419906	-13.0300558	-13.0288829	
19.03749	938.477318	938.489719	-12.9627441	-12.9590697	
19.04758	938.543338	938.559532	-12.8967241	-12.8979832	
19.05774	938.609184	938.620618	-12.8308777	-12.82817	
19.06789	938.674294	938.690432	-12.7657674	-12.7583568	
19.07828	938.740359	938.760245	-12.6997028	-12.6972703	
19.08839	938.804086	938.821331	-12.6359758	-12.6361838	
19.09835	938.866237	938.882418	-12.5738245	-12.5663706	
19.10852	938.929127	938.943504	-12.510935	-12.5052841	
19.11861	938.990888	939.004591	-12.4491741	-12.4441976	
19.1288	939.052701	939.074404	-12.3873612	-12.3743844	
19.13894	939.113576	939.126764	-12.3264854	-12.3132979	
19.14913	939.174169	939.18785	-12.2658926	-12.2522113	
19.15929	939.233988	939.248937	-12.2060733	-12.1911248	
19.16943	939.293074	939.301297	-12.1469879	-12.1300383	
19.1796	939.351748	939.353657	-12.0883141	-12.0776784	
19.1898	939.409976	939.406017	-12.0300858	-12.0165919	
19.19992	939.467142	939.458376	-11.9729195	-11.9555054	
19.21006	939.523806	939.519463	-11.9162558	-11.9031455	
19.22031	939.580519	939.571823	-11.8595425	-11.8507856	
19.23044	939.635975	939.624183	-11.8040872	-11.7984257	
19.24076	939.691828	939.667816	-11.7482342	-11.7373392	
19.25066	939.744855	939.720176	-11.6952069	-11.693706	
19.26087	939.798906	939.772536	-11.6411562	-11.6413461	
19.27115	939.852721	939.833622	-11.587341	-11.5889862	
19.28126	939.905062	939.877255	-11.5349998	-11.5366264	
19.29141	939.956985	939.938342	-11.4830769	-11.4842665	
19.30165	940.008797	939.990702	-11.4312651	-11.4319066	
19.3118	940.059503	940.043062	-11.3805588	-11.3795467	
19.32187	940.109306	940.095422	-11.3307557	-11.3271868	
19.33204	940.158951	940.147782	-11.281111	-11.274827	
19.34219	940.207877	940.200141	-11.2321851	-11.2224671	
19.35229	940.256009	940.252501	-11.1840527	-11.1701072	
19.36367	940.309436	940.296135	-11.1306253	-11.126474	
19.37267	940.351279	940.357221	-11.0887828	-11.0741141	
19.38277	940.397594	940.400854	-11.0424679	-11.0304809	
19.39298	940.443802	940.453214	-10.9962596	-10.978121	
19.40308	940.488982	940.505574	-10.9510796	-10.9257611	
19.41358	940.535247	940.540481	-10.9048151	-10.8821279	
19.42336	940.577839	940.59284	-10.862223	-10.8384947	
19.4335	940.621358	940.636474	-10.8187034	-10.7948614	
19.44365	940.664354	940.680107	-10.7757076	-10.7512282	
19.4538	940.706713	940.72374	-10.7333488	-10.707595	
19.46396	940.748566	940.767373	-10.6914961	-10.6639617	
19.47408	940.789631	940.811007	-10.6504309	-10.6203285	
19.48425	940.830324	940.845913	-10.6097378	-10.5766953	
19.49442	940.8704	940.889546	-10.5696615	-10.5417887	
19.50469	940.910271	940.924453	-10.5297909	-10.5068821	
19.51484	940.949085	940.95936	-10.490977	-10.4719755	
19.52505	940.987518	940.994266	-10.4525439	-10.4283423	
19.53526	941.025365	941.029173	-10.4146969	-10.3934357	
19.54539	941.062323	941.064079	-10.3777389	-10.3585291	
19.55552	941.098655	941.098986	-10.3414069	-10.3323492	
19.56577	941.134845	941.133893	-10.3052169	-10.2974426	
19.57583	941.169788	941.160072	-10.2702741	-10.262536	
19.58602	941.204564	941.194979	-10.2354974	-10.2276294	
19.5962	941.238732	941.229886	-10.2013298	-10.1927228	
19.60628	941.27198	941.256066	-10.1680816	-10.1665429	
19.61641	941.30479	941.290972	-10.1352715	-10.1316363	
19.62658	941.337148	941.325879	-10.1029133	-10.1054564	
19.63675	941.368902	941.352059	-10.07116	-10.0705498	
19.64691	941.400036	941.378239	-10.0400255	-10.0443698	
19.65707	941.430575	941.413145	-10.0094872	-10.0181899	
19.66723	941.460549	941.448052	-9.97951295	-9.98328332	
19.67739	941.489896	941.474232	-9.95016548	-9.96583003	
19.68773	941.519185	941.509138	-9.9208768	-9.93092344	
19.69787	941.547299	941.535318	-9.89276241	-9.90474351	
19.70802	941.574868	941.570225	-9.86519397	-9.87856357	
19.71819	941.601896	941.596405	-9.83816583	-9.85238363	
19.72834	941.628296	941.622585	-9.81176601	-9.82620369	
19.73847	941.654058	941.657491	-9.78600346	-9.7912971	
19.74864	941.679325	941.683671	-9.76073722	-9.76511716	
19.75882	941.704021	941.709851	-9.73604078	-9.73893723	
19.77014	941.730754	941.736031	-9.70930734	-9.70403064	
19.7791	941.751481	941.762211	-9.6885803	-9.68657735	
19.78939	941.774696	941.779664	-9.66536561	-9.66039741	
19.79933	941.796552	941.805844	-9.64350965	-9.63421747	
19.8095	941.818318	941.832024	-9.62174355	-9.61676418	
19.81965	941.839471	941.849478	-9.60059104	-9.59058424	
19.82987	941.860165	941.866931	-9.57989713	-9.5644043	
19.83997	941.880078	941.893111	-9.55998422	-9.54695101	
19.85012	941.899484	941.910564	-9.54057778	-9.52949772	
19.86029	941.918366	941.928017	-9.52169533	-9.51204442	
19.87043	941.936615	941.936744	-9.50344702	-9.49459113	
19.88057	941.954285	941.962924	-9.48577636	-9.47713784	
19.89071	941.971387	941.971651	-9.46867526	-9.46841119	
19.90089	941.987983	941.989104	-9.45207924	-9.45968455	
19.91105	942.003968	942.006557	-9.43609381	-9.44223125	
19.92117	942.019331	942.015284	-9.42073053	-9.42477796	
19.93133	942.034193	942.02401	-9.40586867	-9.41605131	
19.94146	942.048446	942.041464	-9.39161594	-9.40732467	
19.95165	942.062206	942.05019	-9.37785625	-9.39859802	
19.96211	942.075737	942.058917	-9.36432466	-9.38987138	
19.97192	942.087909	942.067644	-9.35215311	-9.38114473	
19.98212	942.100001	942.07637	-9.34006039	-9.37241808	
19.99219	942.111399	942.085097	-9.32866258	-9.37241808	
20.00239	942.122372	942.093824	-9.31768957	-9.35496479	
20.01253	942.132743	942.093824	-9.30731892	-9.35496479	
20.02268	942.142569	942.10255	-9.29749319	-9.34623814	
20.03286	942.151888	942.111277	-9.28817419	-9.3375115	
20.05128	942.166562	942.111277	-9.27349962	-9.32878485	
20.05584	942.17025	942.120004	-9.26981183	-9.32005821	
20.066	942.177804	942.12873	-9.26225826	-9.32005821	
20.07615	942.184836	942.137457	-9.25522601	-9.31133156	
20.08631	942.191357	942.146184	-9.24870524	-9.30260491	
20.09648	942.197378	942.146184	-9.24268424	-9.30260491	
20.10663	942.202883	942.15491	-9.23717893	-9.29387827	
20.11675	942.207883	942.163637	-9.23217905	-9.28515162	
20.12693	942.212426	942.172363	-9.22763625	-9.27642497	
20.13708	942.216484	942.18109	-9.22357742	-9.26769833	
20.14726	942.220088	942.189817	-9.21997329	-9.26769833	
20.1574	942.223237	942.198543	-9.21682527	-9.25024504	
20.16752	942.225951	942.198543	-9.21411117	-9.25024504	
20.17769	942.228267	942.20727	-9.21179454	-9.24151839	
20.18785	942.230196	942.215997	-9.20986549	-9.23279174	
20.19801	942.231765	942.215997	-9.20829649	-9.23279174	
20.20835	942.236284	942.224723	-9.20377807	-9.2240651	
20.21831	942.236284	942.23345	-9.20377807	-9.21533845	
20.22852	942.236284	942.23345	-9.20377807	-9.21533845	
20.23865	942.236284	942.23345	-9.20377807	-9.21533845	
20.24878	942.236284	942.23345	-9.20377807	-9.21533845	
20.25891	942.236284	942.23345	-9.20377807	-9.2240651	
20.27006	942.236284	942.224723	-9.20377807	-9.2240651	
20.27932	942.236284	942.224723	-9.20377807	-9.23279174	
20.28941	942.236284	942.224723	-9.20377807	-9.23279174	
20.29954	942.236284	942.224723	-9.20377807	-9.23279174	
20.30982	942.236284	942.224723	-9.20377807	-9.23279174	
20.31989	942.236284	942.224723	-9.20377807	-9.23279174	
20.33004	942.236284	942.224723	-9.20377807	-9.2240651	
20.34017	942.236284	942.224723	-9.20377807	-9.2240651	
20.35035	942.236284	942.224723	-9.20377807	-9.21533845	
20.3605	942.236284	942.224723	-9.20377807	-9.21533845	
20.37064	942.236284	942.224723	-9.20377807	-9.2240651	
20.3808	942.236284	942.224723	-9.20377807	-9.2240651	
20.39094	942.236284	942.224723	-9.20377807	-9.2240651	
20.40108	942.236284	942.224723	-9.20377807	-9.23279174	
20.41124	942.236284	942.224723	-9.20377807	-9.23279174	
20.4214	942.236284	942.224723	-9.20377807	-9.23279174	
20.43159	942.236284	942.224723	-9.20377807	-9.23279174	
20.44169	942.236284	942.224723	-9.20377807	-9.2240651	
20.45183	942.236284	942.224723	-9.20377807	-9.2240651	
20.46202	942.236284	942.224723	-9.20377807	-9.2240651	
20.47213	942.236284	942.224723	-9.20377807	-9.2240651	
20.48227	942.236284	942.224723	-9.20377807	-9.2240651	
20.49244	942.236284	942.224723	-9.20377807	-9.2240651	
20.50255	942.236284	942.224723	-9.20377807	-9.2240651	
20.51269	942.236284	942.224723	-9.20377807	-9.2240651	
20.52292	942.236284	942.224723	-9.20377807	-9.23279174	
20.53305	942.236284	942.224723	-9.20377807	-9.23279174	
20.54318	942.236284	942.224723	-9.20377807	-9.23279174	
20.55329	942.236284	942.224723	-9.20377807	-9.2240651	
20.56342	942.236284	942.224723	-9.20377807	-9.2240651	
20.57356	942.236284	942.224723	-9.20377807	-9.2240651	
20.58368	942.236284	942.224723	-9.20377807	-9.2240651	
20.59507	942.236284	942.224723	-9.20377807	-9.2240651	
20.60518	942.236284	942.224723	-9.20377807	-9.2240651	
20.61534	942.236284	942.224723	-9.20377807	-9.2240651	
20.62547	942.236284	942.224723	-9.20377807	-9.2240651	
20.63564	942.236284	942.224723	-9.20377807	-9.23279174	
20.64587	942.236284	942.224723	-9.20377807	-9.23279174	
20.65595	942.236284	942.224723	-9.20377807	-9.2240651	
20.66611	942.236284	942.224723	-9.20377807	-9.2240651	
20.67634	942.236284	942.224723	-9.20377807	-9.2240651	
20.68644	942.236284	942.224723	-9.20377807	-9.2240651	
20.69659	942.236284	942.224723	-9.20377807	-9.2240651	
20.70674	942.236284	942.224723	-9.20377807	-9.2240651	
20.71691	942.236284	942.224723	-9.20377807	-9.2240651	
20.72706	942.236284	942.224723	-9.20377807	-9.2240651	
20.73724	942.236284	942.224723	-9.20377807	-9.2240651	
20.74737	942.236284	942.224723	-9.20377807	-9.2240651	
20.75754	942.236284	942.224723	-9.20377807	-9.2240651	
20.76876	942.236284	942.224723	-9.20377807	-9.2240651	
20.77781	942.236284	942.224723	-9.20377807	-9.2240651	
20.78793	942.236284	942.224723	-9.20377807	-9.2240651	
20.79807	942.236284	942.224723	-9.20377807	-9.2240651	
20.80824	942.236284	942.224723	-9.20377807	-9.2240651	
20.81838	942.236284	942.224723	-9.20377807	-9.2240651	
20.82858	942.236284	942.224723	-9.20377807	-9.2240651	
20.83873	942.236284	942.224723	-9.20377807	-9.2240651	
20.84885	942.236284	942.224723	-9.20377807	-9.2240651	
20.85901	942.236284	942.224723	-9.20377807	-9.2240651	
20.86918	942.236284	942.224723	-9.20377807	-9.2240651	
20.87942	942.236284	942.224723	-9.20377807	-9.2240651	
20.88952	942.236284	942.224723	-9.20377807	-9.2240651	
20.89967	942.236284	942.224723	-9.20377807	-9.2240651	
20.90991	942.236284	942.224723	-9.20377807	-9.2240651	
20.91998	942.236284	942.224723	-9.20377807	-9.2240651	
20.93223	942.236284	942.224723	-9.20377807	-9.2240651	
20.94026	942.236284	942.224723	-9.20377807	-9.2240651	
20.95048	942.236284	942.224723	-9.20377807	-9.2240651	
20.96053	942.236284	942.224723	-9.20377807	-9.2240651	
20.97072	942.236284	942.224723	-9.20377807	-9.2240651	
20.98086	942.236284	942.224723	-9.20377807	-9.2240651	
20.99101	942.236284	942.224723	-9.20377807	-9.2240651	
21.0011	942.236284	942.224723	-9.20377807	-9.2240651	
21.01131	942.236284	942.224723	-9.20377807	-9.2240651	
21.02143	942.236284	942.224723	-9.20377807	-9.2240651	
21.03162	942.236284	942.224723	-9.20377807	-9.2240651	
21.04181	942.236284	942.224723	-9.20377807	-9.2240651	
21.05189	942.236284	942.224723	-9.20377807	-9.2240651	
21.06208	942.236284	942.224723	-9.20377807	-9.2240651	
21.07217	942.236284	942.224723	-9.20377807	-9.2240651	
21.08234	942.236284	942.224723	-9.20377807	-9.2240651	
21.09319	942.236284	942.224723	-9.20377807	-9.2240651	
21.10263	942.236284	942.224723	-9.20377807	-9.2240651	
21.11274	942.236284	942.224723	-9.20377807	-9.2240651	
21.12475	942.236284	942.224723	-9.20377807	-9.2240651	
21.13312	942.236284	942.224723	-9.20377807	-9.2240651	
21.14328	942.236284	942.224723	-9.20377807	-9.2240651	
21.15337	942.236284	942.224723	-9.20377807	-9.2240651	
21.16348	942.236284	942.224723	-9.20377807	-9.2240651	
21.17366	942.236284	942.224723	-9.20377807	-9.2240651	
21.1838	942.236284	942.224723	-9.20377807	-9.2240651	
21.19396	942.236284	942.224723	-9.20377807	-9.2240651	
21.20409	942.236284	942.224723	-9.20377807	-9.2240651	
21.21426	942.236284	942.224723	-9.20377807	-9.2240651	
21.22447	942.236284	942.224723	-9.20377807	-9.2240651	
21.23456	942.236284	942.224723	-9.20377807	-9.2240651	
21.24489	942.236284	942.224723	-9.20377807	-9.2240651	
21.25488	942.236284	942.224723	-9.20377807	-9.2240651	
21.26503	942.236284	942.224723	-9.20377807	-9.2240651	
21.27519	942.236284	942.224723	-9.20377807	-9.2240651	
21.28531	942.236284	942.224723	-9.20377807	-9.2240651	
21.29548	942.236284	942.224723	-9.20377807	-9.2240651	
21.30566	942.236284	942.224723	-9.20377807	-9.2240651	
21.31582	942.236284	942.224723	-9.20377807	-9.2240651	
21.32602	942.236284	942.224723	-9.20377807	-9.2240651	
21.33614	942.236284	942.224723	-9.20377807	-9.2240651	
21.3463	942.236284	942.224723	-9.20377807	-9.2240651	
21.35647	942.236284	942.224723	-9.20377807	-9.2240651	
21.36672	942.236284	942.224723	-9.20377807	-9.2240651	
21.37686	942.236284	942.224723	-9.20377807	-9.2240651	
21.38701	942.236284	942.224723	-9.20377807	-9.2240651	
21.39723	942.236284	942.224723	-9.20377807	-9.2240651	
21.40745	942.236284	942.224723	-9.20377807	-9.2240651	
21.41758	942.236284	942.224723	-9.20377807	-9.2240651	
21.42774	942.236284	942.224723	-9.20377807	-9.2240651	
21.43797	942.236284	942.224723	-9.20377807	-9.2240651	
21.44806	942.236284	942.224723	-9.20377807	-9.2240651	
21.45819	942.236284	942.224723	-9.20377807	-9.2240651	
21.46844	942.236284	942.224723	-9.20377807	-9.2240651	
21.47856	942.236284	942.224723	-9.20377807	-9.2240651	
21.4887	942.236284	942.224723	-9.20377807	-9.2240651	
21.49883	942.236284	942.224723	-9.20377807	-9.2240651	
