0.556944	556.455574	556.454599	544.561136	544.56018	
0.5669087	556.457089	556.454599	544.56262	544.56018	
0.5773855	556.459357	556.463325	544.564844	544.56018	
0.5875072	556.462152	556.463325	544.567584	544.568907	
0.597631	556.465561	556.463325	544.570925	544.568907	
0.6077827	556.469602	556.463325	544.574886	544.577633	
0.6179964	556.474294	556.472052	544.579485	544.577633	
0.6280952	556.479541	556.472052	544.584628	544.577633	
0.6382419	556.485432	556.480779	544.590403	544.577633	
0.6484357	556.491977	556.480779	544.596818	544.577633	
0.6585724	556.4991	556.489505	544.6038	544.577633	
0.6687422	556.506867	556.498232	544.611413	544.577633	
0.6788659	556.515209	556.506959	544.61959	544.577633	
0.6890426	556.524224	556.515685	544.628427	544.577633	
0.6992364	556.533873	556.515685	544.637884	544.577633	
0.7093421	556.544054	556.533139	544.647864	544.577633	
0.7195069	556.554911	556.541865	544.658506	544.577633	
0.7297126	556.56644	556.550592	544.669806	544.577633	
0.7398124	556.578456	556.559319	544.681584	544.577633	
0.7499661	556.591163	556.568045	544.694039	544.577633	
0.7601159	556.604476	556.576772	544.707089	544.577633	
0.7702946	556.618452	556.585498	544.720789	544.577633	
0.7804373	556.632991	556.594225	544.735039	544.577633	
0.7905481	556.648102	556.602952	544.749851	544.577633	
0.8007558	556.663988	556.611678	544.765423	544.577633	
0.8109066	556.680395	556.620405	544.781505	544.577633	
0.8210613	556.697429	556.637858	544.798202	544.58636	
0.8312111	556.715135	556.637858	544.815557	544.595086	
0.8414118	556.73344	556.655312	544.8335	544.595086	
0.8515246	556.752247	556.655312	544.851934	544.603813	
0.8616603	556.771722	556.672765	544.871023	544.61254	
0.871868	556.791968	556.681492	544.890869	544.621266	
0.8820338	556.812727	556.690218	544.911217	544.629993	
0.8921425	556.834	556.707672	544.932068	544.647446	
0.9023143	556.856026	556.716398	544.953659	544.6649	
0.912493	556.878692	556.725125	544.975875	544.682353	
0.9225958	556.90178	556.742578	544.998506	544.699806	
0.9326845	556.925472	556.760031	545.021729	544.71726	
0.9428413	556.949933	556.777485	545.045706	544.734713	
0.953079	556.975213	556.794938	545.070485	544.760893	
0.9632827	557.001038	556.812391	545.095798	544.787073	
0.9733165	557.027028	556.829845	545.121274	544.804526	
0.9834442	557.053891	556.847298	545.147605	544.839433	
0.99375	557.081874	556.864751	545.175034	544.865613	
1.003793	557.109719	556.899658	545.202327	544.891792	
1.013905	557.138376	556.917111	545.230417	544.926699	
1.024052	557.167762	556.952018	545.259222	544.952879	
1.034198	557.197746	556.978198	545.288611	544.979059	
1.0444	557.228536	557.004377	545.318792	545.013966	
1.054554	557.259802	557.039284	545.349438	545.048872	
1.064682	557.291599	557.074191	545.380606	545.083779	
1.075475	557.326214	557.117824	545.414536	545.118685	
1.084896	557.356895	557.15273	545.444609	545.162319	
1.095009	557.390485	557.196364	545.477534	545.205952	
1.105181	557.424901	557.23127	545.511268	545.240858	
1.115414	557.460126	557.274904	545.545795	545.275765	
1.125484	557.495409	557.318537	545.580381	545.319398	
1.135639	557.531627	557.353443	545.615881	545.363031	
1.146192	557.569926	557.405803	545.653422	545.397938	
1.155986	557.606016	557.44071	545.688797	545.441571	
1.166712	557.646292	557.49307	545.728276	545.485204	
1.176302	557.682797	557.536703	545.764058	545.520111	
1.186396	557.721855	557.580336	545.802342	545.572471	
1.196526	557.761657	557.632696	545.841356	545.607377	
1.206697	557.80225	557.676329	545.881145	545.659737	
1.21689	557.843584	557.719962	545.92166	545.703371	
1.229218	557.894549	557.772322	545.971616	545.75573	
1.237146	557.927559	557.815956	546.003973	545.790637	
1.247269	557.970566	557.859589	546.046128	545.83427	
1.257418	558.01402	557.911949	546.088721	545.88663	
1.267725	558.058938	557.964309	546.13275	545.930263	
1.277885	558.103826	558.016668	546.176749	545.982623	
1.287993	558.149104	558.060302	546.221131	546.026256	
1.29822	558.195547	558.103935	546.266654	546.078616	
1.308332	558.242073	558.156295	546.312259	546.130976	
1.318547	558.289707	558.208655	546.35895	546.183336	
1.328685	558.337587	558.261015	546.405882	546.235696	
1.338819	558.386093	558.304648	546.453427	546.279329	
1.34894	558.435098	558.357008	546.501461	546.331689	
1.359115	558.485016	558.409368	546.550391	546.375322	
1.369272	558.535485	558.461727	546.59986	546.427682	
1.379459	558.58669	558.505361	546.650052	546.480042	
1.389592	558.638244	558.557721	546.700585	546.532402	
1.399753	558.690581	558.61008	546.751885	546.584762	
1.409935	558.743638	558.66244	546.803892	546.637122	
1.420093	558.797211	558.7148	546.856403	546.689482	
1.430202	558.851082	558.76716	546.909209	546.741841	
1.4404	558.906088	558.81952	546.963125	546.794201	
1.450532	558.961368	558.87188	547.01731	546.846561	
1.46067	559.01727	558.92424	547.072105	546.898921	
1.470844	559.074003	558.9766	547.127715	546.951281	
1.481001	559.131255	559.028959	547.183833	547.003641	
1.491205	559.189409	559.081319	547.240835	547.064727	
1.50131	559.247603	559.133679	547.297877	547.117087	
1.511402	559.306338	559.194766	547.355449	547.169447	
1.521719	559.367017	559.255852	547.414927	547.221807	
1.531982	559.428027	559.308212	547.474728	547.282894	
1.542118	559.488882	559.369299	547.534378	547.335253	
1.552297	559.550612	559.430385	547.594886	547.387613	
1.562458	559.612858	559.482745	547.6559	547.439973	
1.572595	559.675567	559.552558	547.717367	547.50106	
1.582725	559.738873	559.604918	547.779419	547.562146	
1.592866	559.802821	559.674731	547.842101	547.614506	
1.603105	559.868051	559.727091	547.906039	547.684319	
1.613171	559.932781	559.796904	547.969488	547.736679	
1.623326	559.99891	559.849264	548.034307	547.806492	
1.6335	560.065369	559.919077	548.099449	547.867579	
1.64363	560.132338	559.971437	548.165092	547.928665	
1.653773	560.200037	560.04125	548.231451	547.989752	
1.663904	560.268278	560.111064	548.298341	548.050838	
1.674122	560.337721	560.17215	548.366409	548.120652	
1.684222	560.406964	560.233237	548.43428	548.190465	
1.702227	560.532792	560.30305	548.557617	548.312638	
1.70679	560.564606	560.38159	548.588801	548.338818	
1.716932	560.636142	560.442676	548.658921	548.408631	
1.727055	560.708138	560.512489	548.72949	548.478444	
1.737269	560.781452	560.582302	548.801353	548.548257	
1.747483	560.855334	560.652116	548.873772	548.61807	
1.757629	560.929369	560.721929	548.946341	548.687884	
1.767773	561.004037	560.791742	549.01953	548.757697	
1.778015	561.080005	560.870282	549.093994	548.836237	
1.788055	561.155097	560.940095	549.167599	548.90605	
1.798235	561.231869	561.018635	549.24285	548.975863	
1.808406	561.309193	561.088448	549.318644	549.045676	
1.818767	561.388651	561.166988	549.396528	549.132943	
1.828785	561.465987	561.245528	549.472332	549.202756	
1.839122	561.546499	561.324067	549.551251	549.272569	
1.849111	561.624828	561.402607	549.628028	549.359835	
1.859284	561.705265	561.489874	549.706873	549.438375	
1.869418	561.786034	561.568413	549.786042	549.516915	
1.87955	561.867354	561.646953	549.865752	549.595455	
1.889773	561.950059	561.73422	549.946819	549.673995	
1.899876	562.032393	561.81276	550.027523	549.761261	
1.909984	562.115398	561.891299	550.108884	549.848528	
1.920171	562.199685	561.978566	550.191502	549.935794	
1.930304	562.284106	562.065832	550.274252	550.014334	
1.94052	562.369924	562.153099	550.35837	550.092874	
1.950654	562.45554	562.231639	550.442291	550.18014	
1.960814	562.542064	562.318905	550.527101	550.267407	
1.970965	562.629146	562.406172	550.612459	550.354673	
1.981076	562.716471	562.493438	550.698055	550.441939	
1.99131	562.805509	562.580704	550.78533	550.529206	
2.001438	562.894201	562.667971	550.872266	550.616472	
2.011587	562.983741	562.763964	550.960032	550.712466	
2.021733	563.073871	562.85123	551.048378	550.799732	
2.032183	563.168244	562.938497	551.140881	550.895725	
2.042049	563.256152	563.03449	551.227049	550.982992	
2.052221	563.348384	563.130483	551.317455	551.070258	
2.062341	563.440694	563.21775	551.407937	551.166251	
2.072553	563.534509	563.313743	551.499894	551.262244	
2.082655	563.62794	563.409736	551.591475	551.349511	
2.092767	563.722088	563.505729	551.683758	551.445504	
2.102927	563.817256	563.601722	551.777042	551.541497	
2.113131	563.913501	563.706442	551.871381	551.628763	
2.123332	564.010274	563.802435	551.966238	551.724756	
2.133379	564.106273	563.898428	552.060336	551.82075	
2.143748	564.206004	564.003148	552.158092	551.916743	
2.153775	564.302942	564.099141	552.25311	552.012736	
2.163856	564.401042	564.195134	552.349268	552.100002	
2.174029	564.50075	564.299854	552.447002	552.204722	
2.184134	564.600334	564.404574	552.544614	552.300715	
2.202603	564.784862	564.500567	552.725488	552.475248	
2.207183	564.83052	564.631466	552.770241	552.518881	
2.217331	564.93259	564.736186	552.87029	552.623601	
2.22969	565.057891	564.840906	552.99311	552.719594	
2.237618	565.13848	564.945626	553.072103	552.815587	
2.247764	565.242394	565.050345	553.173959	552.920307	
2.257992	565.347736	565.155065	553.277216	553.025027	
2.268098	565.452379	565.259785	553.379786	553.12102	
2.278245	565.558097	565.364505	553.48341	553.22574	
2.288364	565.664188	565.469224	553.587401	553.321733	
2.298522	565.77131	565.582671	553.692401	553.426453	
2.308698	565.879157	565.687391	553.798113	553.531172	
2.318863	565.987561	565.800837	553.904371	553.635892	
2.328978	566.096055	565.905557	554.010716	553.740612	
2.339344	566.207926	566.019003	554.120372	553.845332	
2.349289	566.315738	566.132449	554.226049	553.950051	
2.359499	566.427167	566.237169	554.335272	554.054771	
2.369617	566.538106	566.350616	554.444013	554.150764	
2.379752	566.649891	566.464062	554.553585	554.264211	
2.389916	566.762595	566.568782	554.664058	554.36893	
2.400055	566.875671	566.673502	554.774895	554.47365	
2.410239	566.989873	566.778221	554.886835	554.587096	
2.420372	567.104118	566.891668	554.998817	554.700543	
2.430513	567.219024	567.005114	555.111448	554.813989	
2.440711	567.335259	567.109834	555.225382	554.927436	
2.450833	567.45123	567.22328	555.339056	555.040882	
2.460972	567.567989	567.336727	555.453503	555.154328	
2.471108	567.685341	567.441446	555.568532	555.267775	
2.481321	567.804261	567.554893	555.685096	555.381221	
2.491523	567.923618	567.668339	555.802089	555.494668	
2.501652	568.042757	567.781786	555.91887	555.608114	
2.511748	568.16206	567.895232	556.03581	555.730287	
2.522048	568.284524	568.017405	556.15585	555.843734	
2.532077	568.404268	568.130851	556.273222	555.95718	
2.542205	568.525824	568.244298	556.392371	556.079353	
2.552366	568.64778	568.366471	556.511912	556.201526	
2.562552	568.770024	568.488644	556.631735	556.314972	
2.572735	568.89222	568.610817	556.751512	556.428419	
2.58287	569.013828	568.73299	556.870712	556.559319	
2.593122	569.13684	568.855163	556.991288	556.672765	
2.60314	569.257044	568.977336	557.109111	556.794938	
2.613669	569.383488	569.099509	557.233052	556.917111	
2.623489	569.501244	569.230409	557.348476	557.039284	
2.633622	569.62284	569.361309	557.467664	557.161457	
2.643763	569.744532	569.483482	557.586946	557.292357	
2.653883	569.86596	569.605655	557.70597	557.41453	
2.66403	569.987748	569.745281	557.825346	557.536703	
2.674586	570.114468	569.867454	557.949557	557.667603	
2.692254	570.32646	569.998354	558.157351	557.885769	
2.696786	570.380808	570.155433	558.210623	557.938129	
2.706926	570.502512	570.286333	558.329917	558.060302	
2.717112	570.62472	570.417233	558.449705	558.191201	
2.727241	570.746268	570.548132	558.568846	558.313374	
2.737437	570.868656	570.687759	558.68881	558.435547	
2.7476	570.99054	570.809932	558.808281	558.557721	
2.757703	571.111812	570.949558	558.927151	558.68862	
2.767891	571.234092	571.071731	559.04701	558.810793	
2.786235	571.454244	571.211358	559.262802	559.028959	
2.790756	571.508412	571.368437	559.315898	559.090046	
2.80095	571.6308	571.499337	559.435862	559.212219	
2.8111	571.752576	571.630237	559.555227	559.343119	
2.821221	571.874016	571.75241	559.674262	559.465292	
2.831418	571.996404	571.883309	559.794227	559.587465	
2.841561	572.118192	572.014209	559.913603	559.709638	
2.851684	572.239572	572.136382	560.032579	559.831811	
2.861884	572.361984	572.258555	560.152567	559.953984	
2.872228	572.487	572.389455	560.275108	560.076157	
2.882235	572.606268	572.511628	560.392014	560.19833	
2.892327	572.727336	572.642528	560.510685	560.311776	
2.902456	572.84886	572.764701	560.629802	560.433949	
2.912668	572.971392	572.886874	560.749908	560.547396	
2.922701	573.09186	573.009047	560.86799	560.669569	
2.933082	573.21642	573.13122	560.990084	560.791742	
2.943456	573.341304	573.253393	561.112495	560.913915	
2.953567	573.46218	573.375566	561.230977	561.036088	
2.963681	573.583548	573.497739	561.349942	561.149534	
2.973855	573.705684	573.619912	561.469659	561.271708	
2.984005	573.827436	573.742085	561.589001	561.385154	
2.994219	573.95004	573.864258	561.709177	561.507327	
3.004375	574.071876	573.986431	561.8286	561.6295	
3.014533	574.193784	574.108604	561.948094	561.742946	
3.024649	574.315152	574.222051	562.067059	561.856393	
3.035118	574.44078	574.344224	562.190199	561.978566	
3.044895	574.558128	574.45767	562.305223	562.100739	
3.055027	574.6797	574.579843	562.424388	562.214185	
3.065187	574.801608	574.702016	562.543882	562.327632	
3.075338	574.923432	574.824189	562.663294	562.449805	
3.085513	575.045592	574.937636	562.783035	562.571978	
3.095661	575.167344	575.051082	562.902376	562.694151	
3.10596	575.290872	575.181982	563.023458	562.816324	
3.116023	575.41164	575.295428	563.141834	562.92977	
3.126137	575.533008	575.417601	563.260799	563.051943	
3.136557	575.658084	575.539774	563.383398	563.174116	
3.146713	575.779932	575.661947	563.502833	563.287563	
3.156837	575.901396	575.78412	563.621892	563.409736	
3.166982	576.023196	575.906293	563.74128	563.531909	
3.17715	576.1452	576.028466	563.860868	563.654082	
3.187314	576.267144	576.150639	563.980398	563.776255	
3.205549	576.486024	576.368806	564.194943	563.985694	
3.210169	576.541392	576.421165	564.249215	564.038054	
3.220254	576.662424	576.543338	564.36785	564.160227	
3.232412	576.808392	576.665512	564.510928	564.273674	
3.240573	576.90624	576.796411	564.606838	564.395847	
3.250668	577.027404	576.918584	564.725603	564.509293	
3.260794	577.14888	577.040757	564.844673	564.631466	
3.27099	577.271268	577.16293	564.964638	564.753639	
3.281149	577.393152	577.285103	565.084108	564.867086	
3.291276	577.514676	577.416003	565.203226	564.989259	
3.301446	577.63674	577.538176	565.322873	565.111432	
3.311603	577.7586	577.669076	565.44232	565.224878	
3.321741	577.880292	577.791249	565.561602	565.347051	
3.33197	578.003028	577.913422	565.681908	565.469224	
3.342111	578.12472	578.035595	565.80119	565.582671	
3.352192	578.245668	578.157768	565.919743	565.704844	
3.362345	578.367504	578.279941	566.039166	565.81829	
3.372473	578.48904	578.402114	566.158296	565.940463	
3.382626	578.610888	578.515561	566.277731	566.062636	
3.392815	578.733132	578.637734	566.397554	566.176083	
3.402922	578.854512	578.75118	566.51653	566.298256	
3.413074	578.976252	578.873353	566.63586	566.411702	
3.423215	579.097932	578.995526	566.75513	566.533875	
3.433365	579.219744	579.117699	566.87453	566.656048	
3.443573	579.34224	579.231146	566.994601	566.769495	
3.453649	579.463176	579.344592	567.113142	566.882941	
3.463779	579.584736	579.466765	567.232295	567.005114	
3.474039	579.707856	579.588938	567.352977	567.11856	
3.484106	579.828624	579.711111	567.471353	567.240734	
3.494239	579.95022	579.824557	567.590541	567.35418	
3.504422	580.072452	579.94673	567.710353	567.476353	
3.514584	580.194384	580.060177	567.82987	567.598526	
3.524677	580.315488	580.18235	567.948576	567.711972	
3.534809	580.437096	580.304523	568.067776	567.825419	
3.544988	580.559232	580.426696	568.187494	567.947592	
3.555123	580.68084	580.548869	568.306694	568.069765	
3.565267	580.802604	580.662315	568.426046	568.183211	
3.575413	580.92474	580.784489	568.545764	568.305384	
3.58559	581.04648	580.906662	568.665093	568.418831	
3.595711	581.167896	581.020108	568.784105	568.541004	
3.621886	581.482044	581.238274	569.092032	568.855163	
3.626476	581.537112	581.386627	569.14601	568.907523	
3.63661	581.658684	581.5088	569.265174	569.029696	
3.64674	581.780232	581.630973	569.384315	569.151869	
3.656975	581.903076	581.753146	569.504727	569.265315	
3.667091	582.024444	581.875319	569.623692	569.387489	
3.677235	582.14622	581.997492	569.743056	569.509662	
3.687341	582.267456	582.119665	569.861891	569.623108	
3.69751	582.389496	582.241838	569.981515	569.745281	
3.707715	582.511956	582.372738	570.10155	569.867454	
3.717875	582.633924	582.486185	570.221103	569.989627	
3.727958	582.754884	582.617084	570.339667	570.1118	
3.738235	582.878208	582.739257	570.460549	570.233973	
3.748285	582.99876	582.870157	570.578714	570.34742	
3.758448	583.12074	582.99233	570.698279	570.469593	
3.768646	583.24314	583.114503	570.818255	570.591766	
3.778767	583.364568	583.245403	570.937278	570.713939	
3.788879	583.485912	583.367576	571.05622	570.836112	
3.799054	583.60806	583.498476	571.175949	570.949558	
3.809226	583.730112	583.620649	571.295584	571.071731	
3.819412	583.85232	583.742822	571.415372	571.193904	
3.829558	583.97412	583.864995	571.53476	571.316077	
3.839694	584.095752	583.987168	571.653984	571.43825	
3.849892	584.218104	584.118067	571.773913	571.560423	
3.859994	584.339316	584.24024	571.892725	571.682596	
3.870352	584.463612	584.362414	572.014559	571.80477	
3.880496	584.58534	584.493313	572.133877	571.926943	
3.89067	584.707428	584.615486	572.253547	572.049116	
3.900805	584.82906	584.737659	572.372771	572.171289	
3.910922	584.950416	584.859832	572.491724	572.284735	
3.921119	585.072828	584.982005	572.611712	572.406908	
3.931261	585.194532	585.104178	572.731006	572.529081	
3.941432	585.316596	585.226351	572.850652	572.642528	
3.951616	585.438792	585.348525	572.970429	572.764701	
3.961737	585.560244	585.461971	573.089476	572.886874	
3.971896	585.682128	585.584144	573.208946	573.00032	
3.982045	585.803892	585.69759	573.328299	573.113766	
3.992181	585.925548	585.819763	573.447546	573.23594	
4.002396	586.048116	585.941936	573.567687	573.358113	
4.012492	586.169256	586.06411	573.686428	573.480286	
4.022644	586.291068	586.186283	573.805828	573.593732	
4.032818	586.413264	586.308456	573.925604	573.707178	
4.0429	586.534176	586.430629	574.044122	573.829351	
4.053075	586.656288	586.544075	574.163816	573.951525	
4.06321	586.777908	586.666248	574.283028	574.064971	
4.073614	586.902768	586.779695	574.405415	574.187144	
4.083605	587.02272	586.901868	574.522992	574.30059	
4.093609	587.142684	587.024041	574.64058	574.422763	
4.10374	587.264244	587.146214	574.759733	574.544936	
4.11389	587.386056	587.268387	574.879133	574.658383	
4.12404	587.507868	587.381833	574.998533	574.771829	
4.1342	587.629872	587.504006	575.118121	574.894002	
4.144428	587.7525	587.617453	575.238321	575.016175	
4.154551	587.873988	587.739626	575.357403	575.138348	
4.164712	587.995956	587.861799	575.476956	575.251795	
4.174835	588.117444	587.983972	575.596038	575.373968	
4.185231	588.242196	588.106145	575.71832	575.496141	
4.195077	588.3603	588.228318	575.834085	575.618314	
4.205246	588.482328	588.350491	575.953697	575.73176	
4.215386	588.603984	588.472664	576.072944	575.86266	
4.225513	588.725532	588.594837	576.192085	575.976106	
4.246103	588.97272	588.839183	576.434378	576.220453	
4.250657	589.02726	588.891543	576.487838	576.281539	
4.260776	589.148664	589.022443	576.606838	576.394985	
4.270912	589.270272	589.144616	576.726038	576.517159	
4.28105	589.391964	589.275515	576.84532	576.639332	
4.291208	589.513872	589.397688	576.964814	576.761505	
4.30138	589.635936	589.519861	577.084461	576.883678	
4.311558	589.75806	589.642034	577.204167	576.997124	
4.321688	589.879656	589.772934	577.323355	577.119297	
4.331807	590.005656	589.903834	577.44686	577.232744	
4.342104	590.124708	590.026007	577.563554	577.354917	
4.352171	590.24544	590.14818	577.681896	577.47709	
4.362338	590.367408	590.270353	577.801448	577.599263	
4.372436	590.48856	590.401253	577.920201	577.712709	
4.38259	590.610432	590.514699	578.03966	577.834882	
4.392794	590.732916	590.645599	578.159719	577.957055	
4.402883	590.853984	590.767772	578.278389	578.070502	
4.41307	590.976192	590.889945	578.398177	578.192675	
4.423171	591.097416	591.012118	578.517001	578.314848	
4.433308	591.21906	591.134291	578.636236	578.437021	
4.443487	591.341232	591.247737	578.755989	578.550467	
4.453596	591.462516	591.36991	578.874871	578.663913	
4.463721	591.584004	591.492084	578.993953	578.786087	
4.475199	591.721812	591.614257	579.129032	578.90826	
4.484051	591.827976	591.727703	579.233094	579.021706	
4.494176	591.949452	591.849876	579.352165	579.135152	
4.504348	592.07154	591.972049	579.471835	579.257325	
4.514536	592.193808	592.085495	579.591682	579.379498	
4.524601	592.314576	592.207668	579.710059	579.492945	
4.534784	592.436784	592.329842	579.829847	579.606391	
4.544927	592.558512	592.452015	579.949164	579.728564	
4.555059	592.680132	592.565461	580.068376	579.850737	
4.565171	592.801416	592.687634	580.187258	579.964184	
4.575306	592.923024	592.809807	580.306458	580.07763	
4.585832	593.049396	592.93198	580.430328	580.199803	
4.60416	593.269332	593.150146	580.645909	580.417969	
4.60872	593.324004	593.202506	580.699498	580.470329	
4.618878	593.44596	593.324679	580.819039	580.583776	
4.629005	593.5674	593.446852	580.938074	580.705949	
4.639127	593.688876	593.560299	581.057145	580.828122	
4.649327	593.8113	593.682472	581.177144	580.941568	
4.659535	593.933868	593.795918	581.297285	581.063741	
4.669602	594.054588	593.918091	581.415615	581.177188	
4.679775	594.176736	594.040264	581.535344	581.299361	
4.689893	594.298116	594.162437	581.654321	581.421534	
4.699998	594.419328	594.28461	581.773132	581.543707	
4.710207	594.54186	594.406783	581.893238	581.657153	
4.720362	594.663744	594.528956	582.012708	581.779326	
4.730516	594.785544	594.651129	582.132097	581.901499	
4.740686	594.907584	594.764576	582.25172	582.023672	
4.750781	595.028772	594.895476	582.370508	582.145845	
4.761014	595.151616	595.017649	582.49092	582.259292	
4.771145	595.273116	595.139822	582.610014	582.381465	
4.781302	595.395012	595.261995	582.729496	582.503638	
4.791388	595.516032	595.384168	582.848119	582.625811	
4.801641	595.639056	595.506341	582.968707	582.747984	
4.811879	595.761924	595.628514	583.089142	582.870157	
4.821998	595.88334	595.759414	583.208154	582.99233	
4.83213	596.004948	595.881587	583.327354	583.114503	
4.842534	596.129868	596.00376	583.4498	583.236676	
4.852456	596.24886	596.134659	583.566436	583.358849	
4.862595	596.370504	596.256832	583.685671	583.472296	
4.872887	596.494056	596.379005	583.806777	583.594469	
4.882916	596.614428	596.509905	583.924765	583.716642	
4.893071	596.736228	596.632078	584.044153	583.838815	
4.903232	596.858184	596.762978	584.163694	583.952261	
4.913634	596.983032	596.885151	584.28607	584.074434	
4.923562	597.102144	597.007324	584.402823	584.196607	
4.933663	597.223368	597.129497	584.521647	584.31878	
4.943854	597.345648	597.25167	584.641505	584.440953	
4.953935	597.46662	597.373843	584.760082	584.563126	
4.964106	597.588684	597.496016	584.879729	584.685299	
4.974349	597.7116	597.618189	585.000211	584.798746	
4.984468	597.833076	597.740362	585.119281	584.920919	
4.994629	597.954924	597.862535	585.238717	585.034365	
5.004685	598.075632	597.975982	585.357034	585.156538	
5.015107	598.200684	598.089428	585.47961	585.278711	
5.025033	598.31976	598.211601	585.596328	585.392158	
5.035108	598.44066	598.333774	585.714834	585.505604	
5.045288	598.562832	598.455947	585.834587	585.619051	
5.055382	598.683936	598.569394	585.953293	585.732497	
5.065595	598.806528	598.691567	586.073457	585.85467	
5.075878	598.929972	598.81374	586.194457	585.968116	
5.086619	599.05884	598.944639	586.320773	586.099016	
5.096742	599.180244	599.066812	586.439773	586.212463	
5.106847	599.301528	599.180259	586.558655	586.325909	
5.116978	599.4231	599.302432	586.67782	586.448082	
5.127133	599.544972	599.415878	586.797278	586.561528	
5.137316	599.667192	599.538051	586.917078	586.683701	
5.147736	599.792244	599.660224	587.039654	586.797148	
5.157658	599.911272	599.782397	587.156325	586.919321	
5.167788	600.03288	599.90457	587.275525	587.032767	
5.178308	600.159144	600.018017	587.399289	587.15494	
5.188083	600.276396	600.14019	587.514219	587.268387	
5.198284	600.398784	600.253636	587.634183	587.39056	
5.208333	600.519408	600.375809	587.752419	587.512733	
5.218504	600.641412	600.497982	587.872007	587.634906	
5.228653	600.763212	600.620155	587.991395	587.757079	
5.248682	601.003644	600.864502	588.227066	587.992698	
5.253288	601.058808	600.916861	588.281137	588.045058	
5.263374	601.179852	601.039035	588.399785	588.158505	
5.273745	601.304376	601.161208	588.521843	588.280678	
5.284045	601.427952	601.283381	588.642972	588.402851	
5.293855	601.54566	601.405554	588.758349	588.525024	
5.304013	601.667532	601.536453	588.877808	588.647197	
5.314232	601.790172	601.658626	588.998019	588.76937	
5.324338	601.911456	601.789526	589.116901	588.891543	
5.342965	602.135028	601.911699	589.336046	589.109709	
5.347609	602.19072	602.068779	589.390635	589.170796	
5.35769	602.311656	602.199678	589.509177	589.284242	
5.367865	602.433792	602.330578	589.628894	589.406415	
5.377983	602.55516	602.452751	589.747859	589.528588	
5.388337	602.679492	602.574924	589.869729	589.650761	
5.398316	602.799156	602.697097	589.987023	589.764208	
5.408459	602.920884	602.827997	590.106341	589.886381	
5.41867	603.043392	602.958897	590.226423	590.008554	
5.42877	603.164592	603.08107	590.345223	590.130727	
5.43893	603.286536	603.203243	590.464752	590.2529	
5.44909	603.408432	603.325416	590.584234	590.375073	
5.459249	603.530376	603.447589	590.703764	590.497246	
5.469419	603.652416	603.569762	590.823387	590.619419	
5.479557	603.774048	603.691935	590.94261	590.732865	
5.489734	603.896196	603.814108	591.06234	590.855038	
5.499922	604.018428	603.936281	591.182151	590.977211	
5.510023	604.13964	604.058454	591.300963	591.090658	
5.520202	604.261824	604.180627	591.420727	591.212831	
5.530387	604.383996	604.294074	591.54048	591.335004	
5.540483	604.505196	604.40752	591.65928	591.44845	
5.550643	604.62708	604.529693	591.778751	591.570623	
5.560835	604.749396	604.651866	591.898645	591.68407	
5.570949	604.87074	604.774039	592.017586	591.806243	
5.581096	604.992492	604.896212	592.136927	591.928416	
5.591269	605.1137	605.018385	592.255735	592.041862	
5.601413	605.233879	605.131832	592.373534	592.155309	
5.611526	605.353069	605.254005	592.490364	592.277482	
5.621664	605.471952	605.376178	592.606893	592.390928	
5.631871	605.591078	605.489624	592.72366	592.513101	
5.642002	605.70865	605.611797	592.838903	592.626548	
5.652142	605.825712	605.73397	592.953647	592.748721	
5.662309	605.942445	605.856143	593.068069	592.862167	
5.672439	606.0582	605.96959	593.181531	592.98434	
5.682635	606.174097	606.091763	593.295134	593.097786	
5.692708	606.287916	606.205209	593.406699	593.211233	
5.70313	606.405156	606.327382	593.521617	593.324679	
5.713098	606.516568	606.440829	593.630823	593.446852	
5.723237	606.629318	606.563002	593.741341	593.551572	
5.733335	606.741017	606.676448	593.850828	593.673745	
5.743755	606.856024	606.789894	593.963557	593.778465	
5.753635	606.96375	606.912067	594.06915	593.900638	
5.763847	607.074816	607.025514	594.178016	594.014084	
5.773938	607.184005	607.13896	594.285043	594.127531	
5.784049	607.292778	607.252407	594.391663	594.240977	
5.794243	607.401866	607.365853	594.49859	594.354423	
5.804417	607.510069	607.479299	594.604651	594.46787	
5.814546	607.617195	607.592746	594.709655	594.581316	
5.82472	607.724209	607.706192	594.81455	594.686036	
5.834817	607.829798	607.819639	594.918048	594.799482	
5.845038	607.936067	607.933085	595.022213	594.912929	
5.855231	608.041385	608.037805	595.125446	595.017649	
5.865254	608.144353	608.151251	595.226375	595.122368	
5.875399	608.248009	608.264698	595.327978	595.227088	
5.885531	608.35086	608.369417	595.428792	595.331808	
5.89565	608.453319	608.474137	595.529223	595.436528	
5.914232	608.63807	608.67485	595.710315	595.619787	
5.918815	608.683733	608.72721	595.755074	595.66342	
5.928962	608.784141	608.840656	595.853494	595.76814	
5.939129	608.88414	608.945376	595.951513	595.87286	
5.94925	608.983059	609.050096	596.048473	595.968853	
5.959427	609.081945	609.154816	596.145401	596.064846	
5.969598	609.1801	609.259535	596.241611	596.169566	
5.979847	609.278408	609.355528	596.337973	596.265559	
5.989903	609.374269	609.451522	596.431936	596.361552	
6.000069	609.47056	609.556241	596.52632	596.457545	
6.010318	609.566981	609.652234	596.620832	596.553538	
6.02042	609.661491	609.748227	596.71347	596.640805	
6.030548	609.755567	609.844221	596.805684	596.745525	
6.04065	609.848805	609.940214	596.897075	596.832791	
6.050844	609.942271	610.02748	596.98869	596.928784	
6.060953	610.034361	610.114747	597.078957	597.024777	
6.071139	610.126551	610.202013	597.169321	597.112044	
6.081291	610.217794	610.298006	597.258758	597.19931	
6.091451	610.30853	610.385273	597.347697	597.286577	
6.101563	610.398187	610.472539	597.435579	597.373843	
6.11169	610.487663	610.551079	597.523283	597.46111	
6.122233	610.579606	610.638345	597.613405	597.548376	
6.132008	610.664498	610.725612	597.696615	597.635642	
6.142209	610.752485	610.804152	597.78286	597.722909	
6.152364	610.839506	610.891418	597.868158	597.801449	
6.162508	610.925787	610.969958	597.952731	597.879989	
6.172664	611.011507	611.057224	598.036753	597.967255	
6.182784	611.096398	611.135764	598.119964	598.045795	
6.193086	611.182147	611.214304	598.204014	598.124335	
6.203112	611.264992	611.301571	598.285219	598.211601	
6.213591	611.350956	611.38011	598.369481	598.281414	
6.223397	611.430857	611.45865	598.447799	598.368681	
6.233534	611.51276	611.545917	598.528081	598.438494	
6.24379	611.595046	611.624456	598.608737	598.52576	
6.253826	611.674959	611.702996	598.687068	598.595574	
6.263954	611.755009	611.781536	598.765532	598.68284	
6.274133	611.834829	611.860076	598.843772	598.76138	
6.284313	611.914034	611.929889	598.921409	598.83992	
6.294482	611.992556	612.008429	598.998376	598.909733	
6.304586	612.069995	612.086969	599.074281	598.988273	
6.314771	612.147398	612.156782	599.150151	599.066812	
6.324852	612.223426	612.226595	599.224674	599.136626	
6.335035	612.299605	612.305135	599.299344	599.206439	
6.345401	612.376525	612.383675	599.374741	599.284979	
6.355305	612.449419	612.453488	599.446192	599.354792	
6.365444	612.52342	612.523301	599.518727	599.433332	
6.375602	612.596983	612.601841	599.590834	599.503145	
6.385794	612.670161	612.671654	599.662563	599.572958	
6.396017	612.742941	612.741467	599.733901	599.642771	
6.406164	612.814558	612.820007	599.8041	599.721311	
6.416338	612.885807	612.88982	599.873938	599.791124	
6.426535	612.956538	612.959633	599.943269	599.860937	
6.436665	613.026218	613.029446	600.011569	599.939477	
6.44683	613.095506	613.09926	600.079485	600.00929	
6.457033	613.16447	613.169073	600.147083	600.079103	
6.467149	613.232248	613.238886	600.213519	600.148917	
6.486439	613.358727	613.378512	600.337494	600.279816	
6.491014	613.388774	613.404692	600.366945	600.305996	
6.501158	613.454683	613.474505	600.43155	600.375809	
6.511254	613.519673	613.535592	600.495253	600.445623	
6.521403	613.584393	613.605405	600.558691	600.515436	
6.531939	613.650918	613.675218	600.623899	600.585249	
6.541946	613.713521	613.745031	600.685262	600.646335	
6.552093	613.776405	613.806118	600.746901	600.707422	
6.562313	613.83908	613.867205	600.808334	600.777235	
6.572401	613.900371	613.937018	600.868412	600.829595	
6.582499	613.961156	613.998104	600.927993	600.899408	
6.592714	614.021983	614.059191	600.987616	600.960495	
6.602823	614.081572	614.129004	601.046025	601.021581	
6.613137	614.141731	614.19009	601.104992	601.082668	
6.623115	614.199385	614.251177	601.161506	601.143754	
6.633686	614.25977	614.32099	601.220695	601.196114	
6.643507	614.315346	614.382077	601.27517	601.257201	
6.65357	614.371619	614.443163	601.330328	601.318287	
6.663713	614.42778	614.495523	601.385378	601.370647	
6.674723	614.488042	614.565336	601.444446	601.431734	
6.684075	614.53868	614.617696	601.494081	601.484093	
6.694172	614.592759	614.678783	601.547089	601.536453	
6.712197	614.686998	614.739869	601.639463	601.632446	
6.716775	614.710972	614.800956	601.662962	601.658626	
6.72689	614.763213	614.862042	601.714168	601.710986	
6.73712	614.815439	614.914402	601.76536	601.763346	
6.747556	614.868058	614.966762	601.816937	601.815706	
6.75738	614.917028	615.019122	601.864937	601.868066	
6.767563	614.967162	615.071482	601.914078	601.911699	
6.777714	615.016543	615.123842	601.962482	601.964059	
6.787916	615.065569	615.167475	602.010537	602.016419	
6.798044	615.113638	615.219835	602.057654	602.051325	
6.808198	615.161225	615.263468	602.104298	602.103685	
6.818452	615.208655	615.307101	602.150789	602.147319	
6.828521	615.254648	615.350734	602.195872	602.190952	
6.838662	615.300343	615.394368	602.240662	602.243312	
6.848871	615.345752	615.438001	602.285172	602.278218	
6.85907	615.390499	615.481634	602.329033	602.321852	
6.869195	615.43431	615.525267	602.371976	602.365485	
6.879328	615.477566	615.560174	602.414375	602.400391	
6.889464	615.520237	615.603807	602.456202	602.444025	
6.899657	615.562551	615.64744	602.497677	602.487658	
6.909801	615.604027	615.682347	602.538333	602.522564	
6.919963	615.644985	615.717254	602.57848	602.566198	
6.930072	615.685138	615.760887	602.617837	602.601104	
6.940214	615.724831	615.80452	602.656744	602.644737	
6.950424	615.764163	615.839427	602.695297	602.679644	
6.960586	615.802713	615.874333	602.733084	602.714551	
6.970735	615.840605	615.90924	602.770226	602.749457	
6.980886	615.877918	615.944146	602.8068	602.784364	
6.991033	615.914616	615.979053	602.842771	602.81927	
7.00118	615.95069	616.013959	602.87813	602.854177	
7.011343	615.986243	616.048866	602.912979	602.889084	
7.021466	616.021053	616.083773	602.947101	602.92399	
7.031614	616.055347	616.109953	602.980715	602.958897	
7.041731	616.088945	616.144859	603.013648	602.993803	
7.052228	616.123384	616.171039	603.047405	603.02871	
7.062261	616.155287	616.205946	603.078676	603.063616	
7.072218	616.186589	616.232126	603.109359	603.089796	
7.082454	616.218153	616.258306	603.140298	603.115976	
7.092533	616.248673	616.293212	603.170213	603.150883	
7.102627	616.278618	616.310665	603.199565	603.177063	
7.112778	616.308146	616.345572	603.228509	603.203243	
7.122996	616.337256	616.371752	603.257042	603.238149	
7.133151	616.365608	616.397932	603.284833	603.255603	
7.143277	616.393278	616.415385	603.311955	603.290509	
7.153432	616.420447	616.441565	603.338586	603.307963	
7.163787	616.447517	616.467745	603.36512	603.334142	
7.173718	616.472904	616.485198	603.390003	603.360322	
7.183894	616.498342	616.502652	603.414938	603.377776	
7.194007	616.523022	616.528832	603.43913	603.403956	
7.204133	616.547146	616.546285	603.462776	603.430136	
7.214361	616.57092	616.563738	603.486079	603.447589	
7.224518	616.593941	616.589918	603.508644	603.465042	
7.234644	616.616298	616.607371	603.530558	603.482495	
7.25423	616.65684	616.642278	603.570298	603.517402	
7.258815	616.666402	616.642278	603.57967	603.517402	
7.268935	616.686781	616.659731	603.599646	603.534855	
7.279096	616.706638	616.677185	603.619109	603.552309	
7.289252	616.725915	616.694638	603.638005	603.569762	
7.299412	616.74462	616.712091	603.656339	603.578489	
7.309507	616.762629	616.729544	603.673991	603.587215	
7.319718	616.780259	616.738271	603.691272	603.604669	
7.329829	616.797144	616.746998	603.707823	603.613395	
7.340096	616.813695	616.764451	603.724047	603.622122	
7.350214	616.82944	616.773178	603.73948	603.630848	
7.360299	616.844566	616.781904	603.754307	603.639575	
7.370554	616.85936	616.799358	603.768807	603.648302	
7.380664	616.873384	616.799358	603.782554	603.657028	
7.390808	616.886883	616.816811	603.795786	603.657028	
7.400936	616.899799	616.816811	603.808446	603.665755	
7.411083	616.91218	616.825538	603.820582	603.674482	
7.421263	616.924029	616.834264	603.832196	603.674482	
7.431402	616.935274	616.834264	603.843218	603.683208	
7.44156	616.945984	616.851718	603.853716	603.691935	
7.451698	616.956121	616.851718	603.863652	603.691935	
7.461807	616.965997	616.851718	603.873333	603.700662	
7.472049	616.974811	616.860444	603.881972	603.709388	
7.482221	616.983335	616.860444	603.890328	603.709388	
7.492337	616.991275	616.869171	603.898111	603.709388	
7.502568	616.998763	616.869171	603.90545	603.718115	
7.512573	617.00558	616.869171	603.912132	603.718115	
7.524992	617.013179	616.869171	603.919581	603.726842	
7.534654	617.018696	616.869171	603.924988	603.726842	
7.544759	617.023956	616.869171	603.930144	603.726842	
7.554941	617.028753	616.869171	603.934846	603.726842	
7.565045	617.033036	616.869171	603.939044	603.726842	
7.575236	617.036878	616.869171	603.94281	603.726842	
7.585432	617.040254	616.869171	603.94612	603.726842	
7.59556	617.04317	616.869171	603.948978	603.726842	
7.60566	617.045657	616.869171	603.951416	603.726842	
7.623763	617.048533	616.869171	603.954235	603.726842	
7.628428	617.04934	616.869171	603.955026	603.726842	
7.638578	617.054599	616.869171	603.96018	603.726842	
7.648741	617.054599	616.869171	603.96018	603.726842	
7.658924	617.054599	616.869171	603.96018	603.726842	
7.669028	617.054599	616.869171	603.96018	603.726842	
7.679982	617.054599	616.869171	603.96018	603.726842	
7.690085	617.054599	616.869171	603.96018	603.726842	
7.700201	617.054599	616.869171	603.96018	603.726842	
7.710335	617.054599	616.869171	603.96018	603.726842	
7.720525	617.054599	616.869171	603.96018	603.726842	
7.730689	617.054599	616.869171	603.96018	603.726842	
7.740914	617.054599	616.869171	603.96018	603.726842	
7.75105	617.054599	616.869171	603.96018	603.726842	
7.76123	617.054599	616.869171	603.96018	603.726842	
7.771376	617.054599	616.869171	603.96018	603.726842	
7.781539	617.054599	616.869171	603.96018	603.726842	
7.799776	617.054599	616.869171	603.96018	603.726842	
7.804503	617.054599	616.869171	603.96018	603.726842	
7.81504	617.054599	616.869171	603.96018	603.726842	
7.824769	617.054599	616.869171	603.96018	603.726842	
7.835112	617.054599	616.869171	603.96018	603.726842	
7.845038	617.054599	616.869171	603.96018	603.726842	
7.855209	617.054599	616.869171	603.96018	603.726842	
7.865347	617.054599	616.869171	603.96018	603.726842	
7.875455	617.054599	616.869171	603.96018	603.726842	
7.885659	617.054599	616.869171	603.96018	603.726842	
7.89586	617.054599	616.869171	603.96018	603.726842	
7.905988	617.054599	616.869171	603.96018	603.726842	
7.916177	617.054599	616.869171	603.96018	603.726842	
7.926256	617.054599	616.869171	603.96018	603.726842	
7.936412	617.054599	616.869171	603.96018	603.726842	
7.946987	617.054599	616.869171	603.96018	603.726842	
7.957115	617.054599	616.869171	603.96018	603.726842	
7.967273	617.054599	616.869171	603.96018	603.726842	
7.977465	617.054599	616.869171	603.96018	603.726842	
7.987561	617.054599	616.869171	603.96018	603.726842	
7.997758	617.054599	616.869171	603.96018	603.726842	
8.007987	617.054599	616.869171	603.96018	603.726842	
8.018083	617.054599	616.869171	603.96018	603.726842	
8.028259	617.054599	616.869171	603.96018	603.726842	
8.038362	617.054599	616.869171	603.96018	603.726842	
8.048572	617.054599	616.869171	603.96018	603.726842	
8.058748	617.054599	616.869171	603.96018	603.726842	
8.068862	617.054599	616.869171	603.96018	603.726842	
8.079024	617.054599	616.869171	603.96018	603.726842	
8.089906	617.054599	616.869171	603.96018	603.726842	
8.099315	617.054599	616.869171	603.96018	603.726842	
8.109462	617.054599	616.869171	603.96018	603.726842	
8.119593	617.054599	616.869171	603.96018	603.726842	
8.129767	617.054599	616.869171	603.96018	603.726842	
8.140034	617.054599	616.869171	603.96018	603.726842	
8.150185	617.054599	616.869171	603.96018	603.726842	
8.160248	617.054599	616.869171	603.96018	603.726842	
8.170451	617.054599	616.869171	603.96018	603.726842	
8.180987	617.054599	616.869171	603.96018	603.726842	
8.191096	617.054599	616.869171	603.96018	603.726842	
8.201261	617.054599	616.869171	603.96018	603.726842	
8.211409	617.054599	616.869171	603.96018	603.726842	
8.221566	617.054599	616.869171	603.96018	603.726842	
8.231725	617.054599	616.869171	603.96018	603.726842	
8.242255	617.054599	616.869171	603.96018	603.726842	
8.259943	617.054599	616.869171	603.96018	603.726842	
8.26457	617.054599	616.869171	603.96018	603.726842	
8.274687	617.054599	616.869171	603.96018	603.726842	
8.28476	617.054599	616.869171	603.96018	603.726842	
8.294888	617.054599	616.869171	603.96018	603.726842	
8.30525	617.054599	616.869171	603.96018	603.726842	
8.315256	617.054599	616.869171	603.96018	603.726842	
8.325338	617.054599	616.869171	603.96018	603.726842	
8.335509	617.054599	616.869171	603.96018	603.726842	
8.345614	617.054599	616.869171	603.96018	603.726842	
8.364185	617.054599	616.869171	603.96018	603.726842	
8.368757	617.054599	616.869171	603.96018	603.726842	
8.37897	617.054599	616.869171	603.96018	603.726842	
8.389062	617.054599	616.869171	603.96018	603.726842	
8.399186	617.054599	616.869171	603.96018	603.726842	
8.409406	617.054599	616.869171	603.96018	603.726842	
8.419605	617.054599	616.869171	603.96018	603.726842	
8.429719	617.054599	616.869171	603.96018	603.726842	
8.43985	617.054599	616.869171	603.96018	603.726842	
8.45002	617.054599	616.869171	603.96018	603.726842	
8.460194	617.054599	616.869171	603.96018	603.726842	
8.470333	617.054599	616.869171	603.96018	603.726842	
8.480522	617.054599	616.869171	603.96018	603.726842	
8.490745	617.054599	616.869171	603.96018	603.726842	
8.500811	617.054599	616.869171	603.96018	603.726842	
8.51093	617.054599	616.869171	603.96018	603.726842	
8.521177	617.054599	616.869171	603.96018	603.726842	
8.531249	617.054599	616.869171	603.96018	603.726842	
8.541368	617.054599	616.869171	603.96018	603.726842	
8.551543	617.054599	616.869171	603.96018	603.726842	
8.561651	617.054599	616.869171	603.96018	603.726842	
8.5719	617.054599	616.869171	603.96018	603.726842	
8.582007	617.054599	616.869171	603.96018	603.726842	
8.59274	617.054599	616.869171	603.96018	603.726842	
8.602255	617.054599	616.869171	603.96018	603.726842	
8.612402	617.054599	616.869171	603.96018	603.726842	
8.622552	617.054599	616.869171	603.96018	603.726842	
8.632773	617.054599	616.869171	603.96018	603.726842	
8.642924	617.054599	616.869171	603.96018	603.726842	
8.653053	617.054599	616.869171	603.96018	603.726842	
8.663236	617.054599	616.869171	603.96018	603.726842	
8.673652	617.054599	616.869171	603.96018	603.726842	
8.683504	617.054599	616.869171	603.96018	603.726842	
8.693608	617.054599	616.869171	603.96018	603.726842	
8.703742	617.054599	616.869171	603.96018	603.726842	
8.713933	617.054599	616.869171	603.96018	603.726842	
8.724157	617.054599	616.869171	603.96018	603.726842	
8.73426	617.054599	616.869171	603.96018	603.726842	
8.752373	617.054599	616.869171	603.96018	603.726842	
8.756941	617.054599	616.869171	603.96018	603.726842	
8.76707	617.054599	616.869171	603.96018	603.726842	
8.777313	617.054599	616.869171	603.96018	603.726842	
8.787393	617.054599	616.869171	603.96018	603.726842	
8.797572	617.054599	616.869171	603.96018	603.726842	
8.807722	617.054599	616.869171	603.96018	603.726842	
8.817869	617.054599	616.869171	603.96018	603.726842	
8.828092	617.054599	616.869171	603.96018	603.726842	
8.838191	617.054599	616.869171	603.96018	603.726842	
8.84854	617.054599	616.869171	603.96018	603.726842	
8.858571	617.054599	616.869171	603.96018	603.726842	
8.868838	617.054599	616.869171	603.96018	603.726842	
8.878825	617.054599	616.869171	603.96018	603.726842	
8.888982	617.054599	616.869171	603.96018	603.726842	
8.899149	617.054599	616.869171	603.96018	603.726842	
8.909291	617.054599	616.869171	603.96018	603.726842	
8.919438	617.054599	616.869171	603.96018	603.726842	
8.929571	617.054599	616.869171	603.96018	603.726842	
8.939792	617.054599	616.869171	603.96018	603.726842	
8.949907	617.054599	616.869171	603.96018	603.726842	
8.960079	617.054599	616.869171	603.96018	603.726842	
8.970214	617.054599	616.869171	603.96018	603.726842	
8.980355	617.054599	616.869171	603.96018	603.726842	
8.990504	617.054599	616.869171	603.96018	603.726842	
9.000649	617.054599	616.869171	603.96018	603.726842	
9.010854	617.054599	616.869171	603.96018	603.726842	
9.020963	617.054599	616.869171	603.96018	603.726842	
9.031104	617.054599	616.869171	603.96018	603.726842	
9.041299	617.054599	616.869171	603.96018	603.726842	
9.051453	617.054599	616.877897	603.96018	603.726842	
9.06159	617.054599	616.886624	603.96018	603.726842	
9.071725	617.054599	616.886624	603.96018	603.726842	
9.081892	617.054599	616.886624	603.96018	603.726842	
9.092358	617.054599	616.886624	603.96018	603.726842	
9.102134	617.054599	616.886624	603.96018	603.726842	
9.112258	617.054599	616.886624	603.96018	603.726842	
9.122407	617.054599	616.886624	603.96018	603.726842	
9.132553	617.054599	616.886624	603.96018	603.726842	
9.142708	617.054599	616.886624	603.96018	603.726842	
9.153339	617.054599	616.886624	603.96018	603.726842	
9.163103	617.054599	616.886624	603.96018	603.726842	
9.173265	617.054599	616.886624	603.96018	603.726842	
9.183365	617.054599	616.886624	603.96018	603.726842	
9.193745	617.054599	616.886624	603.96018	603.726842	
9.203629	617.054599	616.886624	603.96018	603.726842	
9.21377	617.054599	616.886624	603.96018	603.726842	
9.223943	617.054599	616.886624	603.96018	603.726842	
9.234072	617.054599	616.886624	603.96018	603.726842	
9.244881	617.054599	616.886624	603.96018	603.726842	
9.25458	617.054599	616.886624	603.96018	603.726842	
9.264573	617.054599	616.886624	603.96018	603.735568	
9.274813	617.054599	616.886624	603.96018	603.735568	
9.284832	617.054599	616.886624	603.96018	603.735568	
9.295251	617.054599	616.886624	603.96018	603.744295	
9.305157	617.054599	616.886624	603.96018	603.744295	
9.315309	617.054599	616.886624	603.96018	603.744295	
9.325422	617.054599	616.886624	603.96018	603.744295	
9.335552	617.054599	616.886624	603.96018	603.744295	
9.345742	617.054599	616.886624	603.96018	603.753021	
9.363745	617.054599	616.886624	603.96018	603.753021	
9.368316	617.054599	616.886624	603.96018	603.753021	
9.378469	617.054599	616.886624	603.96018	603.753021	
9.38861	617.054599	616.886624	603.96018	603.753021	
9.398754	617.054599	616.886624	603.96018	603.753021	
9.408907	617.054599	616.886624	603.96018	603.753021	
9.419112	617.054599	616.886624	603.96018	603.753021	
9.429224	617.054599	616.886624	603.96018	603.753021	
9.439367	617.054599	616.886624	603.96018	603.753021	
9.44954	617.054599	616.886624	603.96018	603.753021	
9.459698	617.054599	616.886624	603.96018	603.753021	
9.469894	617.054599	616.886624	603.96018	603.753021	
9.480009	617.054599	616.886624	603.96018	603.753021	
9.490182	617.054599	616.886624	603.96018	603.753021	
9.500316	617.054599	616.886624	603.96018	603.753021	
9.510481	617.054599	616.886624	603.96018	603.753021	
9.520639	617.054599	616.886624	603.96018	603.753021	
9.530839	617.054599	616.886624	603.96018	603.753021	
9.540909	617.054599	616.886624	603.96018	603.753021	
9.551091	617.054599	616.886624	603.96018	603.753021	
