15.07571	1391.19846	1391.16704	457.744012	457.712596	
15.08581	1391.19999	1391.16704	457.745544	457.712596	
15.09601	1391.20216	1391.16704	457.747718	457.712596	
15.10617	1391.20495	1391.16704	457.750506	457.712596	
15.11629	1391.20834	1391.16704	457.753891	457.712596	
15.12648	1391.21237	1391.16704	457.75793	457.721323	
15.13666	1391.21703	1391.16704	457.762583	457.721323	
15.14681	1391.22228	1391.16704	457.767838	457.721323	
15.15695	1391.22815	1391.16704	457.77371	457.721323	
15.16706	1391.23462	1391.16704	457.780174	457.721323	
15.17726	1391.24176	1391.16704	457.787318	457.721323	
15.18746	1391.24953	1391.16704	457.795091	457.721323	
15.19753	1391.25781	1391.17577	457.80337	457.73005	
15.20773	1391.26683	1391.18449	457.812388	457.73005	
15.21793	1391.27647	1391.19322	457.822028	457.73005	
15.22807	1391.28666	1391.21067	457.832218	457.73005	
15.2382	1391.29746	1391.22813	457.843016	457.738776	
15.24838	1391.30894	1391.25431	457.854498	457.747503	
15.2585	1391.32096	1391.27176	457.866518	457.764956	
15.26881	1391.33385	1391.28921	457.879407	457.773683	
15.27915	1391.34743	1391.31539	457.892984	457.791136	
15.28905	1391.36099	1391.34157	457.90655	457.808589	
15.29925	1391.37561	1391.35903	457.92117	457.826043	
15.30931	1391.39063	1391.38521	457.936189	457.852223	
15.31951	1391.40648	1391.41139	457.95204	457.869676	
15.32981	1391.42314	1391.42884	457.968693	457.904583	
15.33977	1391.43982	1391.46375	457.985376	457.930762	
15.34996	1391.45753	1391.4812	458.003081	457.956942	
15.36085	1391.47718	1391.49865	458.022738	457.991849	
15.37023	1391.49457	1391.52483	458.040126	458.018029	
15.38034	1391.51397	1391.55101	458.059531	458.044209	
15.39048	1391.53405	1391.56847	458.07961	458.079115	
15.40061	1391.5548	1391.58592	458.100357	458.105295	
15.41085	1391.57626	1391.60337	458.121811	458.131475	
15.42095	1391.5981	1391.62955	458.143659	458.157655	
15.4324	1391.6237	1391.64701	458.169261	458.183835	
15.44132	1391.64405	1391.67319	458.189606	458.201289	
15.4515	1391.66792	1391.69064	458.213481	458.218742	
15.46157	1391.69214	1391.70809	458.237697	458.236195	
15.47169	1391.71714	1391.72555	458.262692	458.253648	
15.48187	1391.74287	1391.75173	458.288424	458.271102	
15.49199	1391.76906	1391.77791	458.314619	458.288555	
15.50229	1391.79636	1391.79536	458.341916	458.297282	
15.51237	1391.82371	1391.82154	458.369266	458.314735	
15.52256	1391.85194	1391.84772	458.397493	458.332188	
15.54236	1391.9098	1391.88263	458.455356	458.367095	
15.5469	1391.92296	1391.90008	458.468512	458.384548	
15.55702	1391.95311	1391.93499	458.498664	458.410728	
15.56717	1391.98394	1391.95244	458.529493	458.428181	
15.57731	1392.0154	1391.98734	458.560953	458.463088	
15.58754	1392.04775	1392.01352	458.593306	458.497994	
15.59764	1392.0803	1392.04843	458.625856	458.532901	
15.60781	1392.11372	1392.07461	458.659278	458.576534	
15.61799	1392.14773	1392.10952	458.69329	458.620168	
15.62811	1392.18222	1392.14442	458.727773	458.663801	
15.63825	1392.21739	1392.18806	458.762942	458.707434	
15.64843	1392.25329	1392.23169	458.798851	458.751067	
15.65858	1392.28969	1392.2666	458.835242	458.7947	
15.66883	1392.32713	1392.31896	458.872688	458.84706	
15.67888	1392.36441	1392.36259	458.909971	458.89942	
15.68902	1392.40267	1392.40622	458.948226	458.943053	
15.69918	1392.44159	1392.44986	458.987142	458.986687	
15.70932	1392.48107	1392.50222	459.026629	459.039047	
15.71947	1392.5212	1392.54585	459.066754	459.073953	
15.7296	1392.56185	1392.59821	459.107401	459.126313	
15.73978	1392.60335	1392.65057	459.148902	459.16122	
15.75791	1392.67968	1392.73784	459.225232	459.239759	
15.76247	1392.69879	1392.75529	459.244341	459.257213	
15.77264	1392.74225	1392.79892	459.287806	459.300846	
15.78283	1392.78638	1392.84256	459.331932	459.335753	
15.79291	1392.83071	1392.89492	459.376263	459.379386	
15.80308	1392.87599	1392.92982	459.421545	459.423019	
15.81323	1392.92184	1392.97346	459.467391	459.457926	
15.82339	1392.96834	1393.01709	459.513898	459.510285	
15.83359	1393.01569	1393.06072	459.561247	459.545192	
15.84375	1393.06343	1393.10436	459.608985	459.588825	
15.85393	1393.1119	1393.14799	459.657455	459.632459	
15.86407	1393.16078	1393.19162	459.70634	459.676092	
15.87425	1393.21045	1393.23526	459.756011	459.719725	
15.8844	1393.26067	1393.27889	459.806227	459.772085	
15.89454	1393.3114	1393.3138	459.856961	459.824445	
15.90486	1393.36371	1393.36616	459.909271	459.876805	
15.91498	1393.4156	1393.40979	459.96116	459.920438	
15.92517	1393.46848	1393.46215	460.014034	459.972798	
15.9353	1393.52164	1393.51451	460.0672	460.025158	
15.94542	1393.57538	1393.55814	460.120938	460.077517	
15.95562	1393.63014	1393.61923	460.175695	460.138604	
15.96576	1393.68519	1393.67159	460.230749	460.190964	
15.97591	1393.74099	1393.73267	460.286543	460.25205	
15.9861	1393.79757	1393.78503	460.343126	460.313137	
15.99623	1393.85445	1393.84612	460.400006	460.365497	
16.00638	1393.91201	1393.90721	460.457571	460.426583	
16.01653	1393.97026	1393.97702	460.515817	460.48767	
16.0267	1394.02923	1394.03811	460.574788	460.557483	
16.03692	1394.08911	1394.09919	460.634665	460.61857	
16.04709	1394.14929	1394.16901	460.694851	460.679656	
16.05719	1394.20972	1394.23009	460.755274	460.749469	
16.06743	1394.27156	1394.29118	460.817113	460.819282	
16.0775	1394.33298	1394.36099	460.87854	460.880369	
16.08767	1394.39564	1394.43081	460.941201	460.941455	
16.09781	1394.45881	1394.49189	461.004368	461.011269	
16.10799	1394.52279	1394.56171	461.06835	461.081082	
16.1181	1394.5869	1394.62279	461.132459	461.142168	
16.12828	1394.65214	1394.69261	461.197694	461.211981	
16.13843	1394.71777	1394.76242	461.263327	461.273068	
16.14863	1394.7844	1394.8235	461.329956	461.342881	
16.15883	1394.85161	1394.89332	461.39717	461.403968	
16.16898	1394.91913	1394.9544	461.464684	461.473781	
16.17915	1394.98736	1395.02422	461.532918	461.534867	
16.18926	1395.05589	1395.09403	461.60145	461.604681	
16.19935	1395.12479	1395.15512	461.670347	461.674494	
16.20953	1395.195	1395.22493	461.74056	461.73558	
16.21976	1395.26612	1395.29474	461.811676	461.805393	
16.22984	1395.33688	1395.35583	461.882439	461.875207	
16.24001	1395.40884	1395.42564	461.9544	461.936293	
16.25018	1395.48143	1395.49546	462.026982	462.006106	
16.2603	1395.55427	1395.56527	462.099826	462.075919	
16.27043	1395.62785	1395.64381	462.173403	462.145733	
16.28058	1395.70215	1395.71362	462.247707	462.215546	
16.29074	1395.77711	1395.79216	462.322666	462.294086	
16.30095	1395.85314	1395.86198	462.398696	462.372625	
16.31106	1395.92897	1395.93179	462.474525	462.442439	
16.32174	1396.00982	1396.01033	462.555378	462.520978	
16.33149	1396.08418	1396.08887	462.629736	462.599518	
16.36152	1396.32046	1396.16741	462.866013	462.826411	
16.36766	1396.36845	1396.35939	462.914009	462.878771	
16.37787	1396.44916	1396.44666	462.994714	462.966037	
16.38793	1396.52929	1396.53393	463.074844	463.044577	
16.39806	1396.61056	1396.62119	463.156117	463.131844	
16.40821	1396.69268	1396.70846	463.238234	463.210383	
16.4184	1396.77572	1396.79573	463.321275	463.29765	
16.42854	1396.8589	1396.88299	463.404457	463.384916	
16.43872	1396.9431	1396.97026	463.488658	463.472183	
16.44891	1397.02798	1397.05753	463.573539	463.559449	
16.45918	1397.11481	1397.14479	463.660366	463.646716	
16.46916	1397.19856	1397.23206	463.744119	463.733982	
16.47932	1397.28505	1397.31933	463.830604	463.821249	
16.48944	1397.37178	1397.39787	463.917334	463.908515	
16.49974	1397.46079	1397.48513	464.006346	464.004508	
16.5097	1397.54738	1397.5724	464.092937	464.091775	
16.51996	1397.63723	1397.65966	464.182786	464.179041	
16.53016	1397.72718	1397.74693	464.272741	464.266308	
16.5402	1397.81623	1397.8342	464.361787	464.353574	
16.55038	1397.90727	1397.92146	464.452826	464.449567	
16.56064	1397.99967	1398	464.545225	464.536834	
16.57066	1398.09038	1398.096	464.63594	464.6241	
16.58088	1398.18362	1398.18326	464.729172	464.711367	
16.59097	1398.27628	1398.27053	464.821835	464.798633	
16.60108	1398.36975	1398.3578	464.915305	464.8859	
16.61965	1398.54396	1398.45379	465.089516	465.051706	
16.62421	1398.58661	1398.57596	465.132166	465.095339	
16.63442	1398.68308	1398.67196	465.228635	465.191332	
16.64456	1398.77947	1398.76795	465.325029	465.287325	
16.65473	1398.87674	1398.86394	465.422301	465.374592	
16.66493	1398.97499	1398.96866	465.520543	465.479312	
16.67506	1399.07302	1399.07338	465.618579	465.575305	
16.68528	1399.17271	1399.16937	465.718263	465.680024	
16.69534	1399.27139	1399.26537	465.81695	465.776017	
16.70554	1399.37201	1399.37009	465.91757	465.880737	
16.7157	1399.47296	1399.47481	466.018512	465.985457	
16.72581	1399.57395	1399.57953	466.119509	466.090177	
16.73601	1399.67651	1399.68425	466.222063	466.194897	
16.7462	1399.77957	1399.78897	466.325129	466.29089	
16.75631	1399.88247	1399.89369	466.428027	466.404336	
16.76647	1399.98642	1399.99841	466.531973	466.509056	
16.77661	1400.09089	1400.0944	466.636444	466.613776	
16.78679	1400.19629	1400.20785	466.741846	466.727222	
16.79703	1400.30302	1400.31257	466.848574	466.840668	
16.80712	1400.40868	1400.41729	466.954239	466.945388	
16.81729	1400.51588	1400.53073	467.06144	467.067561	
16.82755	1400.62474	1400.64418	467.170299	467.172281	
16.83763	1400.73218	1400.7489	467.277736	467.285727	
16.84777	1400.84092	1400.86234	467.386474	467.399174	
16.85787	1400.94986	1400.97579	467.495415	467.503893	
16.86808	1401.06062	1401.08924	467.606173	467.61734	
16.87822	1401.17111	1401.19396	467.716664	467.72206	
16.88836	1401.28052	1401.3074	467.826079	467.835506	
16.89854	1401.38979	1401.41212	467.935345	467.940226	
16.90863	1401.49739	1401.52557	468.042951	468.044946	
16.91894	1401.60667	1401.63902	468.152229	468.158392	
16.929	1401.71285	1401.75246	468.258402	468.271838	
16.93916	1401.81937	1401.86591	468.364924	468.376558	
16.94935	1401.9256	1401.97063	468.471158	468.481278	
16.95944	1402.03016	1402.08407	468.575712	468.585998	
16.96956	1402.13454	1402.18879	468.680094	468.699444	
16.97973	1402.23875	1402.30224	468.784309	468.804164	
16.98986	1402.34191	1402.40696	468.88747	468.908883	
17.00002	1402.44492	1402.51168	468.990479	469.013603	
17.01023	1402.54756	1402.60767	469.093117	469.118323	
17.02032	1402.64856	1402.71239	469.194121	469.223043	
17.03045	1402.74936	1402.81711	469.294919	469.319036	
17.04059	1402.84959	1402.91311	469.395151	469.423756	
17.05077	1402.94968	1403.0091	469.495236	469.528475	
17.06097	1403.04939	1403.10509	469.594942	469.624468	
17.07107	1403.14735	1403.20109	469.692909	469.720462	
17.08128	1403.24588	1403.29708	469.791433	469.816455	
17.09151	1403.34399	1403.39307	469.889542	469.912448	
17.10154	1403.43957	1403.48906	469.985127	470.017168	
17.1117	1403.5358	1403.57633	470.081359	470.104434	
17.12185	1403.63132	1403.67232	470.17688	470.1917	
17.13201	1403.7263	1403.75959	470.271859	470.29642	
17.14214	1403.8204	1403.84686	470.365954	470.383687	
17.15229	1403.91415	1403.94285	470.459702	470.470953	
17.16245	1404.00729	1404.03012	470.552842	470.566946	
17.17259	1404.09969	1404.12611	470.645248	470.654213	
17.1828	1404.19215	1404.21338	470.737704	470.750206	
17.19291	1404.28302	1404.30064	470.828575	470.837472	
17.20314	1404.37434	1404.39664	470.919897	470.924739	
17.21327	1404.4642	1404.4839	471.009752	471.012005	
17.22343	1404.55381	1404.57117	471.099361	471.099272	
17.23358	1404.64258	1404.65844	471.188137	471.186538	
17.24376	1404.7311	1404.75443	471.276651	471.273805	
17.2539	1404.81868	1404.84169	471.364231	471.361071	
17.26407	1404.9058	1404.92896	471.451358	471.448338	
17.27428	1404.9927	1405.01623	471.538257	471.544331	
17.28442	1405.0785	1405.10349	471.624058	471.631597	
17.29456	1405.16356	1405.19949	471.709112	471.718864	
17.30472	1405.24824	1405.28675	471.793793	471.80613	
17.31488	1405.33232	1405.37402	471.877876	471.902123	
17.3251	1405.41624	1405.46129	471.961798	471.98939	
17.33519	1405.49857	1405.54855	472.044123	472.076656	
17.34536	1405.58083	1405.62709	472.126385	472.155196	
17.3556	1405.6631	1405.71436	472.20866	472.242462	
17.36636	1405.74893	1405.80163	472.294487	472.329729	
17.37648	1405.82898	1405.88017	472.374536	472.416995	
17.38661	1405.90849	1405.95871	472.454046	472.495535	
17.39673	1405.98738	1406.04597	472.532938	472.574075	
17.4069	1406.06605	1406.12451	472.611604	472.652615	
17.41706	1406.14403	1406.19433	472.689585	472.731155	
17.42724	1406.22152	1406.28159	472.767073	472.809694	
17.43871	1406.3081	1406.3514	472.853658	472.896961	
17.44749	1406.37389	1406.42994	472.919449	472.966774	
17.45766	1406.44952	1406.50848	472.995075	473.036587	
17.46788	1406.52485	1406.5783	473.070408	473.115127	
17.478	1406.59888	1406.64811	473.144434	473.18494	
17.48813	1406.67242	1406.71792	473.217975	473.26348	
17.4983	1406.74561	1406.78774	473.291169	473.333293	
17.50844	1406.818	1406.86628	473.363559	473.403106	
17.51857	1406.88969	1406.93609	473.435248	473.472919	
17.52882	1406.9616	1407.0059	473.507153	473.542733	
17.53893	1407.03196	1407.06699	473.577516	473.612546	
17.54924	1407.10309	1407.1368	473.648647	473.682359	
17.55935	1407.17223	1407.20662	473.717786	473.743446	
17.5695	1407.24108	1407.27643	473.78664	473.804532	
17.57969	1407.30951	1407.33752	473.855062	473.874345	
17.58982	1407.37702	1407.40733	473.922581	473.944158	
17.59998	1407.44408	1407.46842	473.989635	474.005245	
17.61023	1407.51112	1407.53823	474.056672	474.075058	
17.62029	1407.57631	1407.59932	474.121866	474.136145	
17.63046	1407.64163	1407.66913	474.187184	474.205958	
17.64059	1407.7061	1407.73021	474.251658	474.275771	
17.65075	1407.77015	1407.80003	474.315705	474.336857	
17.66096	1407.83392	1407.86984	474.37948	474.397944	
17.67105	1407.89632	1407.93093	474.441877	474.467757	
17.68119	1407.95843	1407.99201	474.503981	474.528844	
17.69144	1408.0206	1408.06183	474.566159	474.58993	
17.7015	1408.08105	1408.11419	474.62661	474.651017	
17.71164	1408.14136	1408.184	474.686915	474.712103	
17.72178	1408.20107	1408.24509	474.74663	474.764463	
17.73209	1408.26117	1408.30617	474.806725	474.834276	
17.74208	1408.31876	1408.35853	474.86432	474.886636	
17.75222	1408.37666	1408.41962	474.922215	474.947723	
17.76241	1408.43425	1408.48071	474.979804	475.000083	
17.77252	1408.49083	1408.53307	475.036386	475.061169	
17.78267	1408.54699	1408.58543	475.092544	475.113529	
17.80067	1408.64425	1408.68142	475.189806	475.209522	
17.80531	1408.66937	1408.7076	475.214929	475.235702	
17.81545	1408.72354	1408.75123	475.269099	475.288062	
17.82561	1408.77725	1408.80359	475.322804	475.340422	
17.83586	1408.83076	1408.85595	475.376317	475.392782	
17.84595	1408.88285	1408.90831	475.428402	475.436415	
17.85785	1408.94346	1408.95195	475.489021	475.488775	
17.86624	1408.98579	1409.00431	475.531342	475.532408	
17.87637	1409.03631	1409.05667	475.581868	475.584768	
17.88651	1409.08631	1409.10902	475.631864	475.637128	
17.89667	1409.13577	1409.16138	475.681328	475.689488	
17.90684	1409.18466	1409.20502	475.730219	475.741848	
17.91703	1409.23308	1409.24865	475.778636	475.785481	
17.92719	1409.28071	1409.30101	475.826264	475.829114	
17.93731	1409.32758	1409.34464	475.873139	475.881474	
17.94753	1409.37434	1409.397	475.919899	475.933834	
17.95761	1409.41984	1409.44064	475.965401	475.977467	
17.96777	1409.46509	1409.493	476.010649	476.0211	
17.97792	1409.50972	1409.53663	476.055277	476.07346	
17.98818	1409.55424	1409.58026	476.0998	476.117093	
17.99827	1409.59742	1409.61517	476.142974	476.160727	
18.0084	1409.64014	1409.6588	476.185699	476.213086	
18.01856	1409.68241	1409.70244	476.227968	476.247993	
18.02867	1409.72389	1409.74607	476.269442	476.300353	
18.03887	1409.76511	1409.7897	476.310669	476.335259	
18.04975	1409.80841	1409.82461	476.353966	476.378893	
18.06	1409.8486	1409.86824	476.394155	476.422526	
18.07005	1409.88742	1409.91188	476.432979	476.457433	
18.08054	1409.9273	1409.94678	476.472852	476.492339	
18.09034	1409.96399	1409.98169	476.50955	476.527246	
18.10044	1410.00123	1410.02532	476.546785	476.562152	
18.11061	1410.03814	1410.06023	476.583693	476.597059	
18.12075	1410.07434	1410.09514	476.619893	476.631965	
18.13093	1410.11008	1410.13004	476.655637	476.666872	
18.14113	1410.14531	1410.16495	476.690865	476.701779	
18.15147	1410.1804	1410.19986	476.725953	476.736685	
18.16145	1410.21369	1410.22604	476.759243	476.771592	
18.17165	1410.24711	1410.26094	476.792665	476.797772	
18.18166	1410.27935	1410.29585	476.824903	476.823952	
18.19181	1410.31142	1410.33076	476.856978	476.858858	
18.20198	1410.34298	1410.35694	476.888537	476.893765	
18.21213	1410.37388	1410.39184	476.919435	476.928671	
18.22232	1410.4043	1410.41802	476.949852	476.954851	
18.23246	1410.43397	1410.45293	476.97953	476.981031	
18.24264	1410.46321	1410.47911	477.008761	477.015938	
18.25286	1410.49191	1410.50529	477.03747	477.042118	
18.26296	1410.51974	1410.53147	477.065295	477.068298	
18.27312	1410.54711	1410.55765	477.092671	477.094478	
18.28345	1410.57436	1410.58383	477.119911	477.120658	
18.29356	1410.60042	1410.61001	477.145981	477.146838	
18.30372	1410.62602	1410.63619	477.17158	477.173017	
18.31384	1410.65097	1410.66237	477.196523	477.190471	
18.33445	1410.69873	1410.706	477.244286	477.242831	
18.33904	1410.70944	1410.71473	477.254996	477.251557	
18.34922	1410.73248	1410.74091	477.27804	477.277737	
18.35935	1410.75483	1410.76709	477.300387	477.295191	
18.36949	1410.77663	1410.78454	477.322188	477.32137	
18.37966	1410.79789	1410.80199	477.34345	477.34755	
18.38974	1410.8184	1410.82817	477.363952	477.365004	
18.39996	1410.83861	1410.84563	477.384168	477.382457	
18.41014	1410.85816	1410.86308	477.40372	477.39991	
18.42023	1410.87698	1410.88053	477.422533	477.417364	
18.43035	1410.89526	1410.89799	477.44082	477.434817	
18.44969	1410.92766	1410.92417	477.473213	477.469723	
18.45428	1410.9354	1410.93289	477.480952	477.47845	
18.46463	1410.95214	1410.94162	477.497696	477.487177	
18.47463	1410.96777	1410.95907	477.513323	477.50463	
18.48483	1410.98313	1410.97653	477.528682	477.522083	
18.49494	1410.99779	1410.99398	477.543347	477.53081	
18.50507	1411.01198	1411.00271	477.557533	477.539537	
18.51526	1411.02558	1411.01143	477.571133	477.55699	
18.52541	1411.03862	1411.02889	477.584176	477.565717	
18.53555	1411.05109	1411.04634	477.596646	477.574443	
18.54678	1411.06421	1411.04634	477.609766	477.58317	
18.55587	1411.07441	1411.06379	477.619969	477.591897	
18.56596	1411.08517	1411.07252	477.630729	477.60935	
18.57612	1411.09547	1411.08125	477.641025	477.60935	
18.58633	1411.10525	1411.08997	477.650811	477.626803	
18.59648	1411.11445	1411.0987	477.660005	477.626803	
18.60662	1411.1231	1411.10743	477.668653	477.644256	
18.61678	1411.13122	1411.11615	477.676779	477.644256	
18.62694	1411.13882	1411.11615	477.68438	477.66171	
18.63716	1411.14593	1411.12488	477.69149	477.66171	
18.64728	1411.15247	1411.12488	477.698025	477.670436	
18.65743	1411.1585	1411.13361	477.70406	477.679163	
18.66768	1411.16409	1411.14233	477.709642	477.679163	
18.67778	1411.1691	1411.14233	477.714653	477.68789	
18.68792	1411.17364	1411.15106	477.719195	477.696616	
18.69804	1411.1777	1411.15106	477.723258	477.696616	
18.70822	1411.18132	1411.15979	477.72688	477.696616	
18.71833	1411.18447	1411.15979	477.730029	477.696616	
18.72858	1411.18722	1411.16851	477.732779	477.696616	
18.73883	1411.18955	1411.16851	477.735108	477.696616	
18.749	1411.19148	1411.16851	477.737034	477.696616	
18.75909	1411.19304	1411.17724	477.738592	477.696616	
18.76924	1411.19753	1411.17724	477.743083	477.696616	
18.7794	1411.19753	1411.17724	477.743083	477.696616	
18.78954	1411.19753	1411.17724	477.743083	477.696616	
18.79968	1411.19753	1411.17724	477.743083	477.696616	
18.80982	1411.19753	1411.16851	477.743083	477.696616	
18.82008	1411.19753	1411.16851	477.743083	477.696616	
18.83019	1411.19753	1411.16851	477.743083	477.696616	
18.84033	1411.19753	1411.16851	477.743083	477.696616	
18.85044	1411.19753	1411.17724	477.743083	477.696616	
18.86072	1411.19753	1411.17724	477.743083	477.696616	
18.87074	1411.19753	1411.17724	477.743083	477.696616	
18.88109	1411.19753	1411.17724	477.743083	477.696616	
18.89106	1411.19753	1411.16851	477.743083	477.696616	
18.90131	1411.19753	1411.16851	477.743083	477.696616	
18.91184	1411.19753	1411.16851	477.743083	477.696616	
18.9216	1411.19753	1411.17724	477.743083	477.696616	
18.93176	1411.19753	1411.17724	477.743083	477.696616	
18.94182	1411.19753	1411.17724	477.743083	477.696616	
18.95199	1411.19753	1411.17724	477.743083	477.696616	
18.96213	1411.19753	1411.17724	477.743083	477.696616	
18.97225	1411.19753	1411.16851	477.743083	477.696616	
18.98246	1411.19753	1411.16851	477.743083	477.696616	
18.9926	1411.19753	1411.16851	477.743083	477.696616	
19.00281	1411.19753	1411.17724	477.743083	477.696616	
19.01294	1411.19753	1411.17724	477.743083	477.696616	
19.02307	1411.19753	1411.17724	477.743083	477.696616	
19.03339	1411.19753	1411.17724	477.743083	477.696616	
19.04358	1411.19753	1411.17724	477.743083	477.696616	
19.0537	1411.19753	1411.16851	477.743083	477.696616	
19.06382	1411.19753	1411.16851	477.743083	477.696616	
19.07396	1411.19753	1411.16851	477.743083	477.696616	
19.08416	1411.19753	1411.17724	477.743083	477.696616	
19.09433	1411.19753	1411.17724	477.743083	477.696616	
19.10447	1411.19753	1411.17724	477.743083	477.696616	
19.11464	1411.19753	1411.17724	477.743083	477.696616	
19.1248	1411.19753	1411.17724	477.743083	477.696616	
19.13494	1411.19753	1411.16851	477.743083	477.696616	
19.14514	1411.19753	1411.16851	477.743083	477.696616	
19.15528	1411.19753	1411.16851	477.743083	477.705343	
19.16544	1411.19753	1411.17724	477.743083	477.705343	
19.17558	1411.19753	1411.17724	477.743083	477.696616	
19.18573	1411.19753	1411.17724	477.743083	477.696616	
19.19591	1411.19753	1411.17724	477.743083	477.696616	
19.20606	1411.19753	1411.17724	477.743083	477.705343	
19.21621	1411.19753	1411.16851	477.743083	477.705343	
19.22639	1411.19753	1411.16851	477.743083	477.705343	
19.23653	1411.19753	1411.16851	477.743083	477.696616	
19.24666	1411.19753	1411.17724	477.743083	477.696616	
19.25681	1411.19753	1411.17724	477.743083	477.705343	
19.26702	1411.19753	1411.17724	477.743083	477.705343	
19.27725	1411.19753	1411.17724	477.743083	477.705343	
19.28737	1411.19753	1411.17724	477.743083	477.705343	
19.29753	1411.19753	1411.16851	477.743083	477.705343	
19.30778	1411.19753	1411.16851	477.743083	477.705343	
19.31783	1411.19753	1411.16851	477.743083	477.705343	
19.32799	1411.19753	1411.17724	477.743083	477.705343	
19.33814	1411.19753	1411.17724	477.743083	477.705343	
19.34831	1411.19753	1411.17724	477.743083	477.705343	
19.35846	1411.19753	1411.17724	477.743083	477.705343	
19.36929	1411.19753	1411.16851	477.743083	477.705343	
19.3794	1411.19753	1411.16851	477.743083	477.705343	
19.38953	1411.19753	1411.16851	477.743083	477.705343	
19.39968	1411.19753	1411.17724	477.743083	477.705343	
19.40987	1411.19753	1411.17724	477.743083	477.705343	
19.42004	1411.19753	1411.17724	477.743083	477.705343	
19.43026	1411.19753	1411.17724	477.743083	477.705343	
19.44165	1411.19753	1411.17724	477.743083	477.705343	
19.45051	1411.19753	1411.16851	477.743083	477.705343	
19.46062	1411.19753	1411.16851	477.743083	477.705343	
19.47076	1411.19753	1411.16851	477.743083	477.705343	
19.4809	1411.19753	1411.17724	477.743083	477.705343	
19.49108	1411.19753	1411.17724	477.743083	477.705343	
19.50145	1411.19753	1411.17724	477.743083	477.705343	
19.5115	1411.19753	1411.17724	477.743083	477.705343	
19.52154	1411.19753	1411.16851	477.743083	477.705343	
19.53199	1411.19753	1411.16851	477.743083	477.705343	
19.54185	1411.19753	1411.16851	477.743083	477.705343	
19.55339	1411.19753	1411.17724	477.743083	477.705343	
19.56351	1411.19753	1411.17724	477.743083	477.705343	
19.57364	1411.19753	1411.17724	477.743083	477.705343	
19.58384	1411.19753	1411.17724	477.743083	477.705343	
19.594	1411.19753	1411.17724	477.743083	477.705343	
19.60416	1411.19753	1411.16851	477.743083	477.705343	
19.61436	1411.19753	1411.16851	477.743083	477.705343	
19.62449	1411.19753	1411.16851	477.743083	477.705343	
19.63467	1411.19753	1411.17724	477.743083	477.705343	
19.64482	1411.19753	1411.17724	477.743083	477.705343	
19.65497	1411.19753	1411.17724	477.743083	477.705343	
19.66516	1411.19753	1411.17724	477.743083	477.705343	
19.6753	1411.19753	1411.17724	477.743083	477.705343	
19.68545	1411.19753	1411.16851	477.743083	477.705343	
19.69555	1411.19753	1411.16851	477.743083	477.705343	
19.70575	1411.19753	1411.16851	477.743083	477.705343	
19.71595	1411.19753	1411.17724	477.743083	477.705343	
19.72606	1411.19753	1411.17724	477.743083	477.705343	
19.73619	1411.19753	1411.17724	477.743083	477.705343	
19.74641	1411.19753	1411.17724	477.743083	477.705343	
19.75653	1411.19753	1411.17724	477.743083	477.705343	
19.76668	1411.19753	1411.16851	477.743083	477.705343	
19.77689	1411.19753	1411.16851	477.743083	477.705343	
19.78707	1411.19753	1411.16851	477.743083	477.705343	
19.79728	1411.19753	1411.17724	477.743083	477.705343	
19.80732	1411.19753	1411.17724	477.743083	477.705343	
19.81751	1411.19753	1411.17724	477.743083	477.705343	
19.82776	1411.19753	1411.17724	477.743083	477.705343	
19.83814	1411.19753	1411.17724	477.743083	477.705343	
19.848	1411.19753	1411.16851	477.743083	477.705343	
19.8581	1411.19753	1411.16851	477.743083	477.705343	
19.86831	1411.19753	1411.16851	477.743083	477.705343	
19.87843	1411.19753	1411.17724	477.743083	477.705343	
19.88864	1411.19753	1411.17724	477.743083	477.705343	
19.8992	1411.19753	1411.17724	477.743083	477.705343	
19.90897	1411.19753	1411.17724	477.743083	477.705343	
19.91905	1411.19753	1411.17724	477.743083	477.705343	
19.9293	1411.19753	1411.16851	477.743083	477.705343	
19.93944	1411.19753	1411.16851	477.743083	477.705343	
19.94953	1411.19753	1411.16851	477.743083	477.705343	
19.95971	1411.19753	1411.17724	477.743083	477.705343	
19.96986	1411.19753	1411.17724	477.743083	477.705343	
19.98007	1411.19753	1411.17724	477.743083	477.705343	
19.99018	1411.19753	1411.17724	477.743083	477.705343	
20.0003	1411.19753	1411.17724	477.743083	477.705343	
20.01048	1411.19753	1411.16851	477.743083	477.705343	
20.0206	1411.19753	1411.16851	477.743083	477.705343	
20.03077	1411.19753	1411.16851	477.743083	477.705343	
20.04089	1411.19753	1411.17724	477.743083	477.705343	
20.05277	1411.19753	1411.17724	477.743083	477.705343	
20.06917	1411.19753	1411.17724	477.743083	477.705343	
