0.03382223	1331.19753	1331.19753	397.743083	397.743083	
0.03861112	1331.19773	1331.19753	397.743289	397.743083	
0.04892889	1331.19899	1331.19753	397.744543	397.743083	
0.06680548	1331.20348	1331.19753	397.749038	397.743083	
0.07141237	1331.20458	1331.19753	397.75014	397.743083	
0.08198913	1331.20798	1331.19753	397.753535	397.743083	
0.09169191	1331.21162	1331.20625	397.757181	397.743083	
0.1017887	1331.21605	1331.20625	397.761604	397.743083	
0.1123404	1331.22136	1331.21498	397.766912	397.75181	
0.1221272	1331.22683	1331.21498	397.772383	397.75181	
0.132257	1331.23311	1331.21498	397.778669	397.760537	
0.1424078	1331.24003	1331.22371	397.78559	397.760537	
0.1525665	1331.24758	1331.23243	397.79314	397.760537	
0.1627663	1331.25579	1331.23243	397.801346	397.769263	
0.1729181	1331.26457	1331.24116	397.810124	397.77799	
0.1830158	1331.27394	1331.24116	397.8195	397.77799	
0.1931826	1331.28394	1331.24989	397.829499	397.786716	
0.2033504	1331.29459	1331.24989	397.840149	397.795443	
0.2135221	1331.30587	1331.24989	397.851427	397.795443	
0.2236899	1331.31776	1331.24989	397.863319	397.80417	
0.2338607	1331.33028	1331.25861	397.875837	397.812896	
0.2440104	1331.34339	1331.25861	397.888949	397.821623	
0.2541672	1331.35712	1331.26734	397.902679	397.83035	
0.264319	1331.37147	1331.27607	397.917026	397.839076	
0.2744797	1331.38645	1331.28479	397.93201	397.847803	
0.2846195	1331.40202	1331.29352	397.947575	397.865256	
0.2948233	1331.41831	1331.31097	397.963867	397.88271	
0.3049691	1331.43513	1331.32843	397.980684	397.891436	
0.3151578	1331.45264	1331.35461	397.998196	397.90889	
0.3253176	1331.47071	1331.37206	398.016267	397.926343	
0.3354394	1331.48934	1331.39824	398.034893	397.952523	
0.3558989	1331.53014	1331.45933	398.075701	397.987429	
0.3604728	1331.53916	1331.47678	398.084712	398.004883	
0.3705996	1331.55993	1331.51169	398.105485	398.022336	
0.3807413	1331.58134	1331.53787	398.126901	398.048516	
0.3908831	1331.60338	1331.57277	398.148935	398.074696	
0.4015649	1331.6273	1331.60768	398.172853	398.109602	
0.4115106	1331.65012	1331.64259	398.195678	398.135782	
0.4216474	1331.67402	1331.67749	398.219574	398.161962	
0.4317872	1331.69855	1331.70367	398.244104	398.196869	
0.4419369	1331.7237	1331.73858	398.269254	398.231775	
0.4520807	1331.74947	1331.77349	398.295021	398.266682	
0.4622215	1331.77584	1331.80839	398.321398	398.292862	
0.4723772	1331.80287	1331.8433	398.348425	398.327769	
0.482509	1331.83045	1331.86948	398.376009	398.353948	
0.4926858	1331.85879	1331.90439	398.404347	398.388855	
0.5028735	1331.88777	1331.93057	398.433324	398.423762	
0.5147903	1331.9226	1331.96547	398.468161	398.458668	
0.5231591	1331.94736	1331.98293	398.492915	398.493575	
0.5332798	1331.97799	1332.01783	398.523549	398.519755	
0.5434066	1332.00927	1332.04401	398.554822	398.545935	
0.5536824	1332.04165	1332.06147	398.587204	398.580841	
0.5637442	1332.07393	1332.08764	398.619483	398.615748	
0.5739089	1332.10717	1332.11382	398.652729	398.633201	
0.5841417	1332.14128	1332.14	398.686841	398.668108	
0.5942415	1332.17554	1332.15746	398.721097	398.703014	
0.6043872	1332.2106	1332.18364	398.756157	398.720468	
0.614549	1332.24631	1332.20109	398.791871	398.755374	
0.6247188	1332.28267	1332.22727	398.828222	398.781554	
0.6348645	1332.31956	1332.26218	398.865119	398.816461	
0.6450193	1332.35711	1332.28836	398.902668	398.842641	
0.6551811	1332.39531	1332.32326	398.940871	398.877547	
0.6653508	1332.43414	1332.34944	398.979701	398.912454	
0.6755046	1332.47355	1332.39308	399.019107	398.94736	
0.6856494	1332.51353	1332.42798	399.059088	398.982267	
0.6957741	1332.55406	1332.47162	399.099612	399.0259	
0.7060089	1332.59567	1332.51525	399.141222	399.069533	
0.7161097	1332.6373	1332.56761	399.182853	399.10444	
0.7262525	1332.67974	1332.61124	399.225301	399.1568	
0.7364152	1332.7229	1332.6636	399.268457	399.200433	
0.746584	1332.7667	1332.71596	399.312255	399.252793	
0.7567338	1332.81103	1332.77705	399.356584	399.296426	
0.7668745	1332.85594	1332.82941	399.401495	399.348786	
0.7770453	1332.90161	1332.8905	399.44717	399.401146	
0.7872111	1332.94788	1332.94286	399.493433	399.462233	
0.7973348	1332.99456	1332.99522	399.540114	399.514592	
0.8074866	1333.04198	1333.04758	399.587539	399.566952	
0.8177524	1333.0906	1333.09994	399.636156	399.619312	
0.8278151	1333.13882	1333.16102	399.684379	399.680399	
0.8379599	1333.18809	1333.21338	399.733645	399.732759	
0.8481427	1333.23814	1333.27447	399.783699	399.785118	
0.8582784	1333.2886	1333.32683	399.834152	399.837478	
0.8684282	1333.33972	1333.37919	399.885277	399.889838	
0.87864	1333.3918	1333.42282	399.937353	399.942198	
0.8888217	1333.44434	1333.47518	399.989892	399.994558	
0.8991955	1333.49853	1333.52754	400.044083	400.038191	
0.9093063	1333.55193	1333.57117	400.097491	400.090551	
0.9194091	1333.60595	1333.62353	400.151506	400.134184	
0.9296838	1333.66148	1333.67589	400.207041	400.186544	
0.9397536	1333.71652	1333.71953	400.262076	400.238904	
0.9498554	1333.77236	1333.76316	400.317915	400.291264	
0.9600381	1333.82925	1333.81552	400.374804	400.334897	
0.9702239	1333.88681	1333.86788	400.432367	400.387257	
0.9803337	1333.9445	1333.91151	400.490054	400.439617	
0.9905144	1334.00325	1333.96387	400.548805	400.491977	
1.000655	1334.0624	1334.01623	400.607952	400.553063	
1.012371	1334.13166	1334.06859	400.677211	400.605423	
1.020944	1334.18259	1334.12968	400.728141	400.66651	
1.031087	1334.24357	1334.18204	400.789129	400.727596	
1.041204	1334.30504	1334.24313	400.850591	400.788683	
1.051429	1334.36779	1334.30421	400.913347	400.849769	
1.061909	1334.43276	1334.3653	400.978316	400.919582	
1.071683	1334.4939	1334.42639	401.039453	400.980669	
1.08191	1334.55852	1334.4962	401.104079	401.041756	
1.09205	1334.62323	1334.56601	401.168782	401.111569	
1.102194	1334.68854	1334.63583	401.234096	401.181382	
1.112333	1334.75445	1334.70564	401.300007	401.251195	
1.122525	1334.82136	1334.77545	401.366915	401.321008	
1.132673	1334.88857	1334.84527	401.43413	401.390821	
1.144664	1334.96892	1334.93253	401.514474	401.478088	
1.15294	1335.02468	1334.99362	401.570236	401.539174	
1.163421	1335.09607	1335.07216	401.641622	401.617714	
1.173594	1335.16595	1335.14197	401.711508	401.687527	
1.183747	1335.23633	1335.22051	401.781889	401.757341	
1.193907	1335.30733	1335.29905	401.852881	401.83588	
1.204025	1335.37866	1335.36886	401.924221	401.905694	
1.214214	1335.45115	1335.4474	401.996708	401.984233	
1.224401	1335.52423	1335.51722	402.069782	402.054046	
1.234561	1335.59773	1335.59576	402.143288	402.132586	
1.2447	1335.6717	1335.66557	402.217258	402.211126	
1.254865	1335.74649	1335.73538	402.292047	402.280939	
1.265032	1335.82191	1335.81392	402.367462	402.359479	
1.275289	1335.89862	1335.88374	402.444172	402.438019	
1.285405	1335.97488	1335.96228	402.520437	402.507832	
1.295546	1336.05197	1336.03209	402.597531	402.577645	
1.305759	1336.13025	1336.1019	402.675808	402.656185	
1.315881	1336.20843	1336.18044	402.753985	402.734725	
1.326034	1336.28741	1336.25898	402.832965	402.813265	
1.336389	1336.3687	1336.3288	402.914254	402.891805	
1.346523	1336.44883	1336.40733	402.994387	402.970344	
1.356629	1336.52931	1336.48587	403.074871	403.048884	
1.367022	1336.61309	1336.57314	403.158647	403.127424	
1.376912	1336.69277	1336.65168	403.23833	403.205964	
1.394949	1336.84106	1336.80003	403.386617	403.354317	
1.400885	1336.88988	1336.83494	403.435437	403.39795	
1.409684	1336.96274	1336.91348	403.508298	403.47649	
1.419846	1337.04753	1337.00947	403.593082	403.563756	
1.429995	1337.13286	1337.08801	403.678417	403.659749	
1.440095	1337.2184	1337.18401	403.76396	403.747016	
1.450217	1337.30471	1337.27127	403.85027	403.834282	
1.460601	1337.39396	1337.35854	403.939513	403.921549	
1.47053	1337.47983	1337.44581	404.025381	404.008815	
1.480667	1337.56813	1337.53307	404.113689	404.104808	
1.490814	1337.65713	1337.62907	404.202684	404.200801	
1.500964	1337.74678	1337.72506	404.292333	404.288068	
1.511138	1337.83726	1337.81232	404.382815	404.384061	
1.521367	1337.9289	1337.90832	404.474461	404.480054	
1.531505	1338.0203	1337.99558	404.56586	404.567321	
1.541691	1338.11277	1338.09158	404.658326	404.663314	
1.551748	1338.20465	1338.18757	404.750205	404.75058	
1.561938	1338.2984	1338.27484	404.843954	404.846573	
1.572012	1338.39167	1338.37083	404.937223	404.942566	
1.582231	1338.48695	1338.46682	405.032503	405.03856	
1.592415	1338.58251	1338.56282	405.128069	405.125826	
1.602742	1338.68006	1338.66754	405.225621	405.221819	
1.612692	1338.77459	1338.7548	405.320147	405.317812	
1.630662	1338.94774	1338.92934	405.493296	405.492345	
1.635289	1338.99223	1338.97297	405.537781	405.535978	
1.645386	1339.09185	1339.06896	405.637403	405.631971	
1.655585	1339.18973	1339.17368	405.735282	405.727965	
1.665797	1339.29005	1339.26967	405.835608	405.823958	
1.675882	1339.38968	1339.36567	405.935234	405.919951	
1.686045	1339.49075	1339.47039	406.036303	406.015944	
1.696163	1339.59197	1339.56638	406.137526	406.120664	
1.706349	1339.6945	1339.66237	406.240055	406.216657	
1.716489	1339.79716	1339.76709	406.342716	406.31265	
1.72663	1339.90048	1339.86309	406.446035	406.41737	
1.736792	1340.00462	1339.96781	406.550177	406.522089	
1.746953	1340.10938	1340.0638	406.654939	406.626809	
1.757134	1340.21496	1340.16852	406.76052	406.722802	
1.767288	1340.32088	1340.26451	406.866438	406.827522	
1.777443	1340.42745	1340.37796	406.973007	406.932242	
1.787578	1340.53438	1340.47395	407.079939	407.045688	
1.797724	1340.64207	1340.57867	407.187626	407.150408	
1.807906	1340.75076	1340.69212	407.296319	407.255128	
1.818296	1340.86234	1340.79684	407.407897	407.377301	
1.828229	1340.96957	1340.91028	407.515125	407.48202	
1.838356	1341.07951	1341.02373	407.625068	407.595467	
1.848554	1341.19088	1341.12845	407.736441	407.708913	
1.85882	1341.30177	1341.2419	407.847327	407.813633	
1.868904	1341.41	1341.35534	407.955555	407.927079	
1.879041	1341.51823	1341.46879	408.063784	408.040526	
1.889201	1341.62613	1341.58224	408.17169	408.153972	
1.899328	1341.73309	1341.70441	408.278648	408.267419	
1.909492	1341.83971	1341.81786	408.38527	408.380865	
1.919593	1341.94521	1341.9313	408.490763	408.494311	
1.929932	1342.05244	1342.04475	408.597997	408.607758	
1.939988	1342.15618	1342.15819	408.701735	408.721204	
1.950031	1342.25919	1342.27164	408.804742	408.834651	
1.960204	1342.36301	1342.38509	408.908567	408.948097	
1.970675	1342.46909	1342.49853	409.014642	409.052817	
1.980512	1342.56816	1342.61198	409.113717	409.166263	
1.990662	1342.66984	1342.7167	409.215398	409.270983	
2.000802	1342.77081	1342.83015	409.31637	409.375703	
2.010956	1342.87132	1342.92614	409.416871	409.480422	
2.021147	1342.97158	1343.03086	409.517133	409.576416	
2.039201	1343.14682	1343.12685	409.692378	409.750948	
2.043775	1343.19122	1343.24903	409.736775	409.803308	
2.053981	1343.28965	1343.34502	409.83521	409.890575	
2.064144	1343.38705	1343.43229	409.932601	409.986568	
2.074287	1343.48361	1343.52828	410.029165	410.082561	
2.084632	1343.58149	1343.62427	410.127041	410.169828	
2.09464	1343.67555	1343.71154	410.22111	410.257094	
2.104786	1343.77035	1343.80753	410.31591	410.361814	
2.114919	1343.86439	1343.8948	410.409944	410.44908	
2.125073	1343.95803	1343.98206	410.503582	410.536347	
2.135281	1344.05156	1344.06933	410.597119	410.623613	
2.145426	1344.14388	1344.16532	410.689435	410.719606	
2.155575	1344.23564	1344.24386	410.781198	410.815599	
2.165713	1344.3267	1344.33113	410.872253	410.902866	
2.175929	1344.41787	1344.4184	410.963426	410.990132	
2.186125	1344.50821	1344.50566	411.053762	411.077399	
2.196239	1344.59723	1344.59293	411.142787	411.164665	
2.206353	1344.6856	1344.6802	411.231155	411.251932	
2.216582	1344.77444	1344.76746	411.319994	411.339198	
2.226717	1344.8618	1344.85473	411.407353	411.426465	
2.237127	1344.95097	1344.94199	411.496527	411.513731	
2.24703	1345.03507	1345.02926	411.580629	411.600997	
2.257169	1345.12066	1345.11653	411.666216	411.679537	
2.267383	1345.20629	1345.21252	411.751851	411.766804	
2.277527	1345.29068	1345.29979	411.836236	411.85407	
2.287654	1345.37434	1345.38705	411.919899	411.941337	
2.297877	1345.45819	1345.47432	412.003744	412.028603	
2.307972	1345.54038	1345.56159	412.085933	412.107143	
2.318101	1345.62224	1345.64885	412.167793	412.194409	
2.328328	1345.70428	1345.73612	412.249833	412.281676	
2.338496	1345.78523	1345.81466	412.330783	412.360216	
2.348663	1345.86557	1345.8932	412.411123	412.438756	
2.358895	1345.94581	1345.98047	412.491365	412.526022	
2.368962	1346.02413	1346.05028	412.569689	412.595835	
2.379359	1346.10441	1346.12882	412.649965	412.683102	
2.389315	1346.18065	1346.20736	412.726204	412.752915	
2.399416	1346.25747	1346.2859	412.803031	412.831455	
2.409632	1346.33453	1346.36444	412.880091	412.909994	
2.419741	1346.41012	1346.43425	412.955678	412.979808	
2.429944	1346.48586	1346.50406	413.031412	413.049621	
2.44004	1346.5602	1346.57388	413.105761	413.119434	
2.45021	1346.63447	1346.65242	413.180029	413.197974	
2.460329	1346.70774	1346.72223	413.253301	413.267787	
2.470465	1346.78056	1346.79204	413.326112	413.346327	
2.480625	1346.85294	1346.85313	413.398501	413.41614	
2.490793	1346.92476	1346.92294	413.470317	413.485953	
2.500902	1346.99559	1346.99276	413.541144	413.555766	
2.511053	1347.06607	1347.06257	413.611622	413.625579	
2.521314	1347.13671	1347.13238	413.682269	413.695393	
2.531498	1347.2062	1347.2022	413.751757	413.765206	
2.541506	1347.27392	1347.27201	413.81948	413.826292	
2.551702	1347.34227	1347.3331	413.887825	413.887379	
2.561899	1347.41004	1347.40291	413.955598	413.957192	
2.571969	1347.47634	1347.47272	414.021901	414.027005	
2.582108	1347.54252	1347.54254	414.088072	414.088092	
2.592348	1347.60875	1347.60362	414.154302	414.157905	
2.602452	1347.67347	1347.67344	414.219024	414.218991	
2.612589	1347.7378	1347.73452	414.283359	414.288805	
2.622817	1347.80212	1347.80433	414.347673	414.358618	
2.632937	1347.86513	1347.86542	414.410691	414.419704	
2.643102	1347.92782	1347.93523	414.473375	414.480791	
2.653272	1347.98994	1348.00505	414.5355	414.550604	
2.663433	1348.05143	1348.05741	414.596982	414.620417	
2.673605	1348.11233	1348.12722	414.657881	414.681504	
2.683744	1348.17243	1348.17958	414.717986	414.74259	
2.701875	1348.27762	1348.29303	414.823175	414.84731	
2.706436	1348.30411	1348.31921	414.849669	414.882216	
2.716574	1348.36225	1348.38029	414.907804	414.934576	
2.726718	1348.41984	1348.44138	414.965394	415.00439	
2.736885	1348.47696	1348.49374	415.022513	415.056749	
2.747065	1348.53355	1348.55483	415.079102	415.117836	
2.757212	1348.58933	1348.61591	415.134889	415.178922	
2.767378	1348.64462	1348.66827	415.190175	415.231282	
2.777515	1348.69915	1348.72936	415.244708	415.283642	
2.787672	1348.7532	1348.77299	415.298759	415.336002	
2.797837	1348.80668	1348.83408	415.352238	415.388362	
2.807961	1348.85932	1348.88644	415.404881	415.440722	
2.818279	1348.91238	1348.9388	415.45794	415.493082	
2.828292	1348.96325	1348.98243	415.508804	415.536715	
2.838444	1349.01426	1349.03479	415.559817	415.580348	
2.850573	1349.07429	1349.08715	415.61985	415.641435	
2.858873	1349.11499	1349.13951	415.660551	415.685068	
2.868899	1349.16357	1349.19187	415.709126	415.728701	
2.879044	1349.21213	1349.2355	415.757682	415.772334	
2.889263	1349.26042	1349.27914	415.805976	415.824694	
2.899409	1349.30777	1349.3315	415.853331	415.877054	
2.909595	1349.3547	1349.37513	415.900252	415.920687	
2.919666	1349.40052	1349.41876	415.946078	415.964321	
2.930003	1349.44691	1349.47112	415.992469	416.016681	
2.940017	1349.49126	1349.50603	416.036818	416.060314	
2.950191	1349.53574	1349.55839	416.081299	416.103947	
2.960289	1349.57928	1349.60202	416.124838	416.156307	
2.970437	1349.62244	1349.64566	416.167992	416.191213	
2.980587	1349.66501	1349.68929	416.210563	416.243573	
2.990732	1349.70695	1349.73292	416.252506	416.287207	
3.00088	1349.7483	1349.77656	416.293859	416.33084	
3.011058	1349.78919	1349.82019	416.334751	416.365746	
3.021289	1349.82968	1349.8551	416.375237	416.40938	
3.031484	1349.86941	1349.89873	416.414964	416.453013	
3.041516	1349.90793	1349.94236	416.453483	416.487919	
3.051699	1349.94644	1349.97727	416.491998	416.522826	
3.061821	1349.9841	1350.0209	416.529654	416.566459	
3.071976	1350.02131	1350.05581	416.566866	416.601366	
3.082139	1350.05792	1350.09072	416.60348	416.636272	
3.092306	1350.09397	1350.12562	416.639524	416.671179	
3.102445	1350.12932	1350.1518	416.674874	416.706086	
3.112618	1350.16419	1350.18671	416.70975	416.740992	
3.130655	1350.22372	1350.23907	416.76928	416.793352	
3.135185	1350.23873	1350.25652	416.784284	416.810805	
3.145407	1350.27184	1350.29143	416.817394	416.836985	
3.155563	1350.30413	1350.32634	416.849684	416.871892	
3.165723	1350.33585	1350.35252	416.881402	416.906798	
3.175887	1350.36697	1350.38742	416.912528	416.932978	
3.186087	1350.39762	1350.4136	416.943174	416.959158	
3.196174	1350.42733	1350.44851	416.972887	416.994065	
3.206364	1350.45676	1350.47469	417.002312	417.020245	
3.216564	1350.4856	1350.50087	417.031158	417.046425	
3.226701	1350.51369	1350.52705	417.059249	417.072605	
3.236835	1350.54119	1350.55323	417.086746	417.098785	
3.246991	1350.56815	1350.57941	417.113706	417.124965	
3.257193	1350.59463	1350.60559	417.140187	417.151145	
3.26743	1350.62061	1350.63177	417.166164	417.177324	
3.277547	1350.6457	1350.65795	417.191259	417.203504	
3.287701	1350.6703	1350.68413	417.215856	417.220958	
3.297952	1350.69452	1350.71031	417.240079	417.247138	
3.308032	1350.71778	1350.72776	417.263333	417.273318	
3.318266	1350.74079	1350.75394	417.286351	417.299498	
3.328312	1350.7628	1350.78012	417.308359	417.316951	
3.338477	1350.78449	1350.79757	417.330044	417.343131	
3.348643	1350.8056	1350.82375	417.351153	417.360584	
3.358875	1350.82625	1350.84121	417.371807	417.378037	
3.368901	1350.84592	1350.86739	417.391479	417.404217	
3.379088	1350.86533	1350.88484	417.410881	417.421671	
3.389255	1350.88411	1350.90229	417.429662	417.439124	
3.399354	1350.90219	1350.91975	417.44775	417.456577	
3.40957	1350.9199	1350.9372	417.465455	417.47403	
3.419707	1350.9369	1350.94593	417.482455	417.491484	
3.429862	1350.95335	1350.96338	417.49891	417.50021	
3.439994	1350.9692	1350.97211	417.51476	417.517664	
3.450207	1350.98459	1350.98956	417.530149	417.535117	
3.460279	1350.99922	1351.00701	417.544774	417.543844	
3.470428	1351.01338	1351.01574	417.558937	417.55257	
3.4806	1351.02701	1351.02447	417.572566	417.570024	
3.49074	1351.04004	1351.04192	417.585593	417.57875	
3.500859	1351.05247	1351.04192	417.598028	417.587477	
3.510991	1351.06437	1351.05937	417.609924	417.60493	
3.522342	1351.07697	1351.0681	417.622521	417.613657	
3.532434	1351.08764	1351.07683	417.6332	417.622383	
3.542577	1351.09783	1351.07683	417.643386	417.622383	
3.552851	1351.10758	1351.09428	417.653139	417.639837	
3.562955	1351.11663	1351.09428	417.662191	417.639837	
3.5731	1351.12518	1351.11173	417.67074	417.648563	
3.583253	1351.13321	1351.11173	417.678762	417.648563	
3.59347	1351.14074	1351.12046	417.686295	417.65729	
3.603619	1351.14769	1351.12919	417.693249	417.65729	
3.613785	1351.15414	1351.12919	417.699695	417.65729	
3.623939	1351.16006	1351.13791	417.705619	417.65729	
3.634351	1351.1656	1351.14664	417.711154	417.666017	
3.644476	1351.17049	1351.14664	417.716048	417.666017	
3.654642	1351.17492	1351.15537	417.720474	417.674743	
3.664847	1351.17888	1351.15537	417.724434	417.674743	
3.67498	1351.18235	1351.16409	417.727907	417.674743	
3.685119	1351.18538	1351.16409	417.730936	417.68347	
3.695251	1351.18798	1351.16409	417.733536	417.68347	
3.70543	1351.19018	1351.16409	417.735738	417.692197	
3.715601	1351.192	1351.16409	417.737554	417.692197	
3.725748	1351.19753	1351.16409	417.743083	417.700923	
3.736087	1351.19753	1351.16409	417.743083	417.700923	
3.746126	1351.19753	1351.16409	417.743083	417.70965	
3.756229	1351.19753	1351.16409	417.743083	417.70965	
3.76638	1351.19753	1351.16409	417.743083	417.70965	
3.776602	1351.19753	1351.16409	417.743083	417.70965	
3.786714	1351.19753	1351.16409	417.743083	417.70965	
3.79686	1351.19753	1351.16409	417.743083	417.70965	
3.807017	1351.19753	1351.16409	417.743083	417.70965	
3.817171	1351.19753	1351.16409	417.743083	417.70965	
3.835246	1351.19753	1351.17282	417.743083	417.70965	
3.839869	1351.19753	1351.17282	417.743083	417.70965	
3.850049	1351.19753	1351.17282	417.743083	417.70965	
3.860101	1351.19753	1351.17282	417.743083	417.70965	
3.870242	1351.19753	1351.17282	417.743083	417.70965	
3.880392	1351.19753	1351.17282	417.743083	417.70965	
3.89053	1351.19753	1351.17282	417.743083	417.70965	
3.900705	1351.19753	1351.17282	417.743083	417.70965	
3.910801	1351.19753	1351.17282	417.743083	417.70965	
3.920968	1351.19753	1351.17282	417.743083	417.70965	
3.931113	1351.19753	1351.17282	417.743083	417.70965	
3.941306	1351.19753	1351.17282	417.743083	417.70965	
3.951513	1351.19753	1351.17282	417.743083	417.70965	
3.961568	1351.19753	1351.17282	417.743083	417.70965	
3.971721	1351.19753	1351.17282	417.743083	417.70965	
3.981846	1351.19753	1351.17282	417.743083	417.70965	
3.991988	1351.19753	1351.17282	417.743083	417.70965	
4.00219	1351.19753	1351.17282	417.743083	417.70965	
4.012296	1351.19753	1351.17282	417.743083	417.70965	
4.022731	1351.19753	1351.17282	417.743083	417.70965	
4.040686	1351.19753	1351.17282	417.743083	417.70965	
4.045188	1351.19753	1351.17282	417.743083	417.70965	
4.055441	1351.19753	1351.17282	417.743083	417.70965	
4.065558	1351.19753	1351.17282	417.743083	417.70965	
4.075703	1351.19753	1351.17282	417.743083	417.70965	
4.085849	1351.19753	1351.17282	417.743083	417.70965	
4.096045	1351.19753	1351.17282	417.743083	417.70965	
4.106256	1351.19753	1351.17282	417.743083	417.70965	
4.116332	1351.19753	1351.17282	417.743083	417.70965	
4.126507	1351.19753	1351.17282	417.743083	417.70965	
4.136703	1351.19753	1351.17282	417.743083	417.70965	
4.146878	1351.19753	1351.17282	417.743083	417.70965	
4.165114	1351.19753	1351.17282	417.743083	417.70965	
4.169701	1351.19753	1351.17282	417.743083	417.70965	
4.179824	1351.19753	1351.17282	417.743083	417.70965	
4.190008	1351.19753	1351.17282	417.743083	417.70965	
4.200451	1351.19753	1351.17282	417.743083	417.70965	
4.210302	1351.19753	1351.17282	417.743083	417.70965	
4.22042	1351.19753	1351.17282	417.743083	417.70965	
4.230583	1351.19753	1351.17282	417.743083	417.70965	
4.240768	1351.19753	1351.17282	417.743083	417.70965	
4.250909	1351.19753	1351.17282	417.743083	417.70965	
4.261038	1351.19753	1351.17282	417.743083	417.70965	
4.271189	1351.19753	1351.17282	417.743083	417.70965	
4.2814	1351.19753	1351.17282	417.743083	417.70965	
4.291571	1351.19753	1351.17282	417.743083	417.70965	
4.301653	1351.19753	1351.17282	417.743083	417.70965	
4.311787	1351.19753	1351.17282	417.743083	417.70965	
4.323565	1351.19753	1351.17282	417.743083	417.70965	
4.33213	1351.19753	1351.17282	417.743083	417.70965	
4.342263	1351.19753	1351.17282	417.743083	417.70965	
4.352451	1351.19753	1351.17282	417.743083	417.70965	
4.362696	1351.19753	1351.17282	417.743083	417.70965	
4.380609	1351.19753	1351.17282	417.743083	417.70965	
4.385157	1351.19753	1351.17282	417.743083	417.70965	
4.395357	1351.19753	1351.17282	417.743083	417.70965	
4.405679	1351.19753	1351.17282	417.743083	417.70965	
4.415659	1351.19753	1351.17282	417.743083	417.70965	
4.425903	1351.19753	1351.17282	417.743083	417.70965	
4.435968	1351.19753	1351.17282	417.743083	417.70965	
4.446081	1351.19753	1351.17282	417.743083	417.70965	
4.456258	1351.19753	1351.17282	417.743083	417.70965	
4.466447	1351.19753	1351.17282	417.743083	417.70965	
4.476577	1351.19753	1351.17282	417.743083	417.70965	
4.486721	1351.19753	1351.17282	417.743083	417.70965	
4.496937	1351.19753	1351.17282	417.743083	417.70965	
4.507029	1351.19753	1351.17282	417.743083	417.70965	
4.517185	1351.19753	1351.17282	417.743083	417.70965	
4.527353	1351.19753	1351.17282	417.743083	417.70965	
4.537494	1351.19753	1351.17282	417.743083	417.70965	
4.547652	1351.19753	1351.17282	417.743083	417.70965	
4.557836	1351.19753	1351.17282	417.743083	417.70965	
4.567967	1351.19753	1351.17282	417.743083	417.70965	
4.578194	1351.19753	1351.17282	417.743083	417.70965	
4.588296	1351.19753	1351.17282	417.743083	417.70965	
4.598455	1351.19753	1351.17282	417.743083	417.70965	
4.60868	1351.19753	1351.17282	417.743083	417.70965	
4.618805	1351.19753	1351.17282	417.743083	417.70965	
4.628927	1351.19753	1351.17282	417.743083	417.70965	
4.639064	1351.19753	1351.17282	417.743083	417.70965	
4.649226	1351.19753	1351.17282	417.743083	417.70965	
4.659445	1351.19753	1351.17282	417.743083	417.70965	
4.669472	1351.19753	1351.17282	417.743083	417.70965	
4.679683	1351.19753	1351.17282	417.743083	417.70965	
4.689813	1351.19753	1351.17282	417.743083	417.70965	
4.699998	1351.19753	1351.17282	417.743083	417.70965	
4.710112	1351.19753	1351.17282	417.743083	417.70965	
4.720293	1351.19753	1351.17282	417.743083	417.70965	
4.730458	1351.19753	1351.17282	417.743083	417.70965	
4.740548	1351.19753	1351.17282	417.743083	417.70965	
4.750726	1351.19753	1351.17282	417.743083	417.70965	
4.760868	1351.19753	1351.17282	417.743083	417.70965	
4.771003	1351.19753	1351.17282	417.743083	417.70965	
4.781139	1351.19753	1351.17282	417.743083	417.70965	
4.791363	1351.19753	1351.17282	417.743083	417.70965	
4.801462	1351.19753	1351.17282	417.743083	417.70965	
4.811694	1351.19753	1351.17282	417.743083	417.70965	
4.821825	1351.19753	1351.17282	417.743083	417.70965	
4.831926	1351.19753	1351.17282	417.743083	417.70965	
4.842163	1351.19753	1351.17282	417.743083	417.70965	
4.852229	1351.19753	1351.17282	417.743083	417.70965	
4.86238	1351.19753	1351.17282	417.743083	417.70965	
4.872539	1351.19753	1351.17282	417.743083	417.70965	
4.882697	1351.19753	1351.17282	417.743083	417.70965	
4.893317	1351.19753	1351.17282	417.743083	417.70965	
4.903003	1351.19753	1351.17282	417.743083	417.70965	
4.913137	1351.19753	1351.17282	417.743083	417.70965	
4.923321	1351.19753	1351.17282	417.743083	417.70965	
4.933484	1351.19753	1351.17282	417.743083	417.70965	
4.943627	1351.19753	1351.17282	417.743083	417.70965	
4.953787	1351.19753	1351.17282	417.743083	417.70965	
4.963932	1351.19753	1351.17282	417.743083	417.70965	
4.974091	1351.19753	1351.17282	417.743083	417.70965	
4.984249	1351.19753	1351.17282	417.743083	417.70965	
4.994482	1351.19753	1351.17282	417.743083	417.70965	
5.004588	1351.19753	1351.17282	417.743083	417.70965	
5.014744	1351.19753	1351.17282	417.743083	417.70965	
5.02493	1351.19753	1351.17282	417.743083	417.70965	
