98.64268	1334.51256	1334.50493	1306.92705	1306.79782	
98.64727	1334.51328	1334.50493	1306.92775	1306.79782	
98.65747	1334.51568	1334.50493	1306.93011	1306.79782	
98.66762	1334.51868	1334.51365	1306.93305	1306.79782	
98.6866	1334.52696	1334.51365	1306.94117	1306.79782	
98.69117	1334.52888	1334.51365	1306.94305	1306.79782	
98.70128	1334.53391	1334.52238	1306.94798	1306.79782	
98.71142	1334.53958	1334.53111	1306.95353	1306.79782	
98.72157	1334.54587	1334.53111	1306.95969	1306.79782	
98.73178	1334.55282	1334.54856	1306.96651	1306.79782	
98.74189	1334.56031	1334.54856	1306.97385	1306.79782	
98.75209	1334.5685	1334.55729	1306.98188	1306.79782	
98.76231	1334.57734	1334.56601	1306.99054	1306.79782	
98.77233	1334.58659	1334.57474	1306.99961	1306.79782	
98.78272	1334.59685	1334.58347	1307.00967	1306.79782	
98.79269	1334.60727	1334.59219	1307.01989	1306.79782	
98.80277	1334.61843	1334.60092	1307.03082	1306.79782	
98.81292	1334.63028	1334.61837	1307.04243	1306.79782	
98.82302	1334.64268	1334.61837	1307.05459	1306.79782	
98.83323	1334.65585	1334.63583	1307.0675	1306.79782	
98.84336	1334.66953	1334.63583	1307.08091	1306.79782	
98.85358	1334.68395	1334.65328	1307.09504	1306.79782	
98.86379	1334.69899	1334.65328	1307.10979	1306.79782	
98.87382	1334.71436	1334.66201	1307.12485	1306.80655	
98.88434	1334.73117	1334.67073	1307.14133	1306.81528	
98.89432	1334.74769	1334.67946	1307.15752	1306.824	
98.90444	1334.76507	1334.68819	1307.17455	1306.83273	
98.91468	1334.78327	1334.68819	1307.1924	1306.85018	
98.92478	1334.80184	1334.70564	1307.2106	1306.85891	
98.93496	1334.82119	1334.70564	1307.22957	1306.87636	
98.94513	1334.84114	1334.72309	1307.24912	1306.89382	
98.95537	1334.86184	1334.72309	1307.26941	1306.91127	
98.96545	1334.88283	1334.74055	1307.28998	1306.92872	
98.97563	1334.90473	1334.74927	1307.31145	1306.9549	
98.98576	1334.927	1334.758	1307.33328	1306.97236	
98.99596	1334.9501	1334.77545	1307.35592	1306.98981	
99.00608	1334.97365	1334.79291	1307.37901	1307.02472	
99.01625	1334.99793	1334.81036	1307.40281	1307.04217	
99.02641	1335.02281	1334.82781	1307.42719	1307.06835	
99.03658	1335.04832	1334.84527	1307.4522	1307.09453	
99.04672	1335.07438	1334.87145	1307.47774	1307.12071	
99.05692	1335.10123	1334.89763	1307.50406	1307.14689	
99.06706	1335.12855	1334.92381	1307.53084	1307.1818	
99.0772	1335.15648	1334.94998	1307.55822	1307.20798	
99.08734	1335.185	1334.97616	1307.58617	1307.23416	
99.09746	1335.2141	1335.01107	1307.6147	1307.26906	
99.1077	1335.24417	1335.03725	1307.64417	1307.30397	
99.1178	1335.27443	1335.07216	1307.67383	1307.33888	
99.12793	1335.30541	1335.10706	1307.7042	1307.36506	
99.13818	1335.33739	1335.14197	1307.73554	1307.40869	
99.14829	1335.36953	1335.1856	1307.76705	1307.4436	
99.15844	1335.40241	1335.22051	1307.79927	1307.4785	
99.16858	1335.43588	1335.26414	1307.83209	1307.51341	
99.17879	1335.47023	1335.29905	1307.86576	1307.54832	
99.18901	1335.50524	1335.34268	1307.90007	1307.58322	
99.19926	1335.54098	1335.38632	1307.93511	1307.62686	
99.21053	1335.58108	1335.42122	1307.97441	1307.67049	
99.21934	1335.61277	1335.46486	1308.00547	1307.7054	
99.22947	1335.64992	1335.50849	1308.04189	1307.74903	
99.23995	1335.68934	1335.55212	1308.08053	1307.79266	
99.24984	1335.72649	1335.59576	1308.11694	1307.8363	
99.26014	1335.76618	1335.63939	1308.15584	1307.87993	
99.27026	1335.80574	1335.68302	1308.19462	1307.93229	
99.2804	1335.846	1335.72666	1308.23409	1307.97592	
99.2906	1335.88715	1335.77029	1308.27442	1308.01955	
99.30075	1335.92871	1335.81392	1308.31516	1308.07191	
99.31096	1335.97116	1335.85756	1308.35676	1308.11555	
99.3211	1336.01392	1335.90992	1308.39868	1308.15918	
99.33115	1336.05692	1335.94482	1308.44083	1308.21154	
99.34127	1336.10081	1335.99718	1308.48385	1308.2639	
99.35147	1336.14571	1336.04082	1308.52785	1308.30753	
99.36162	1336.19095	1336.08445	1308.5722	1308.35989	
99.37183	1336.23709	1336.13681	1308.61742	1308.40353	
99.38195	1336.28347	1336.18044	1308.66289	1308.45589	
99.40008	1336.36932	1336.22408	1308.74704	1308.54315	
99.40476	1336.39095	1336.29389	1308.76824	1308.57806	
99.41496	1336.43974	1336.33752	1308.81606	1308.62169	
99.42511	1336.48885	1336.38988	1308.8642	1308.67405	
99.43526	1336.5386	1336.43351	1308.91297	1308.72641	
99.44536	1336.58872	1336.48587	1308.9621	1308.77005	
99.45581	1336.64126	1336.53823	1309.0136	1308.83113	
99.46575	1336.69176	1336.59059	1309.06309	1308.87477	
99.4759	1336.744	1336.64295	1309.1143	1308.92713	
99.48604	1336.79679	1336.69531	1309.16605	1308.97949	
99.49617	1336.85014	1336.74767	1309.21834	1309.04057	
99.5064	1336.90466	1336.80003	1309.27178	1309.09293	
99.51653	1336.95927	1336.85239	1309.3253	1309.14529	
99.52666	1337.01448	1336.91348	1309.37943	1309.19765	
99.5369	1337.07093	1336.96584	1309.43475	1309.25874	
99.54699	1337.12711	1337.0182	1309.48982	1309.3111	
99.55716	1337.18441	1337.07929	1309.54599	1309.36346	
99.56729	1337.2421	1337.13165	1309.60254	1309.41582	
99.57751	1337.3009	1337.19273	1309.66017	1309.4769	
99.60486	1337.46423	1337.34109	1309.82027	1309.63398	
99.6094	1337.4911	1337.37599	1309.84661	1309.66016	
99.61982	1337.55381	1337.42835	1309.90808	1309.72125	
99.62992	1337.61505	1337.49817	1309.9681	1309.78234	
99.64012	1337.67762	1337.55053	1310.02943	1309.84342	
99.65034	1337.74088	1337.62034	1310.09144	1309.90451	
99.66037	1337.80363	1337.6727	1310.15295	1309.9656	
99.67054	1337.86778	1337.73379	1310.21583	1310.02668	
99.68076	1337.93297	1337.79487	1310.27973	1310.0965	
99.69102	1337.99905	1337.86468	1310.3445	1310.16631	
99.70113	1338.06464	1337.92577	1310.40879	1310.2274	
99.71146	1338.13246	1337.98686	1310.47527	1310.29721	
99.72144	1338.19851	1338.05667	1310.54	1310.3583	
99.73165	1338.26668	1338.10903	1310.60683	1310.42811	
99.74174	1338.33467	1338.17884	1310.67347	1310.49792	
99.75189	1338.40374	1338.24866	1310.74118	1310.56774	
99.76214	1338.47409	1338.31847	1310.81013	1310.63755	
99.77223	1338.54396	1338.37956	1310.87862	1310.70736	
99.78231	1338.61432	1338.4581	1310.94759	1310.77717	
99.79248	1338.68601	1338.51918	1311.01785	1310.84699	
99.80266	1338.75833	1338.589	1311.08875	1310.9168	
99.81276	1338.8307	1338.66754	1311.15968	1310.99534	
99.82289	1338.90391	1338.73735	1311.23144	1311.06515	
99.83311	1338.97843	1338.80716	1311.30448	1311.14369	
99.84322	1339.05267	1338.87698	1311.37726	1311.21351	
99.85335	1339.12779	1338.94679	1311.45089	1311.28332	
99.86356	1339.20407	1339.02533	1311.52566	1311.36186	
99.8742	1339.28428	1339.10387	1311.60428	1311.4404	
99.88405	1339.35901	1339.17368	1311.67753	1311.51021	
99.89421	1339.43679	1339.25222	1311.75377	1311.58875	
99.90435	1339.51505	1339.32203	1311.83048	1311.66729	
99.91456	1339.59445	1339.40057	1311.90831	1311.74583	
99.92466	1339.67368	1339.47039	1311.98597	1311.82437	
99.93487	1339.75437	1339.54893	1312.06506	1311.90291	
99.94505	1339.83535	1339.62747	1312.14443	1311.98145	
99.95517	1339.91651	1339.70601	1312.22398	1312.05127	
99.96531	1339.99845	1339.78455	1312.3043	1312.13853	
99.9755	1340.08142	1339.86309	1312.38563	1312.21707	
99.98565	1340.16473	1339.94163	1312.46729	1312.29561	
99.99588	1340.24931	1340.02889	1312.5502	1312.38288	
100.006	1340.33349	1340.10743	1312.63271	1312.45269	
100.0161	1340.41841	1340.1947	1312.71595	1312.53996	
100.0264	1340.50483	1340.27324	1312.80066	1312.6185	
100.0365	1340.59099	1340.36051	1312.88512	1312.70576	
100.0466	1340.67766	1340.44777	1312.97006	1312.7843	
100.0568	1340.76547	1340.53504	1313.05614	1312.87157	
100.0669	1340.85373	1340.62231	1313.14265	1312.95884	
100.0772	1340.94393	1340.70957	1313.23107	1313.0461	
100.0873	1341.03302	1340.79684	1313.31839	1313.12464	
100.0976	1341.12373	1340.8841	1313.40731	1313.21191	
100.1156	1341.28599	1341.04118	1313.56636	1313.36899	
100.1201	1341.32694	1341.07609	1313.60649	1313.41262	
100.1304	1341.41987	1341.17208	1313.69758	1313.49989	
100.1406	1341.51298	1341.25935	1313.78885	1313.58715	
100.1506	1341.60501	1341.35534	1313.87906	1313.67442	
100.1607	1341.69924	1341.44261	1313.97141	1313.76169	
100.1709	1341.79347	1341.5386	1314.06378	1313.84895	
100.181	1341.88834	1341.6346	1314.15678	1313.93622	
100.1996	1342.06619	1341.80913	1314.3311	1314.10203	
100.2043	1342.10983	1341.84404	1314.37388	1314.14566	
100.2146	1342.20903	1341.94876	1314.47111	1314.24165	
100.2248	1342.30695	1342.04475	1314.56709	1314.32892	
100.2351	1342.40722	1342.14074	1314.66538	1314.42491	
100.2451	1342.50469	1342.23673	1314.76092	1314.52091	
100.2553	1342.60443	1342.33273	1314.85868	1314.6169	
100.2654	1342.70485	1342.43745	1314.95711	1314.71289	
100.2756	1342.80588	1342.54217	1315.05615	1314.80889	
100.2857	1342.90725	1342.64689	1315.1555	1314.91361	
100.2959	1343.00969	1342.74288	1315.25591	1315.0096	
100.3061	1343.11255	1342.8476	1315.35674	1315.11432	
100.3162	1343.21607	1342.95232	1315.45822	1315.21031	
100.3263	1343.3197	1343.05704	1315.55979	1315.31503	
100.3365	1343.42409	1343.16176	1315.66211	1315.41975	
100.3467	1343.53071	1343.26648	1315.76662	1315.52447	
100.3568	1343.63592	1343.37993	1315.86974	1315.62046	
100.367	1343.74233	1343.48465	1315.97405	1315.72518	
100.3771	1343.8498	1343.58936	1316.07939	1315.8299	
100.3872	1343.95693	1343.69408	1316.1844	1315.93462	
100.3974	1344.06549	1343.80753	1316.29081	1316.04807	
100.4076	1344.17471	1343.92098	1316.39787	1316.15279	
100.4178	1344.28454	1344.03442	1316.50552	1316.25751	
100.4279	1344.39519	1344.14787	1316.61398	1316.37096	
100.4381	1344.50603	1344.25259	1316.72263	1316.4844	
100.4483	1344.61782	1344.36604	1316.83221	1316.58912	
100.4586	1344.73156	1344.47948	1316.94369	1316.70257	
100.4686	1344.84277	1344.59293	1317.0527	1316.81601	
100.4788	1344.9561	1344.70638	1317.16379	1316.92073	
100.4889	1345.07036	1344.81982	1317.27579	1317.04291	
100.499	1345.18447	1344.94199	1317.38763	1317.14763	
100.5092	1345.30017	1345.05544	1317.50104	1317.2698	
100.5194	1345.41564	1345.17761	1317.61422	1317.37452	
100.5296	1345.53283	1345.29106	1317.72909	1317.49669	
100.5397	1345.64984	1345.40451	1317.84379	1317.60141	
100.55	1345.76914	1345.52668	1317.96073	1317.72359	
100.56	1345.88549	1345.64885	1318.07477	1317.83703	
100.5701	1346.0042	1345.7623	1318.19113	1317.95048	
100.5803	1346.12381	1345.87575	1318.30837	1318.07265	
100.5904	1346.2434	1345.99792	1318.42559	1318.1861	
100.6006	1346.36427	1346.12009	1318.54407	1318.29954	
100.6108	1346.48642	1346.24227	1318.6638	1318.42172	
100.6209	1346.60822	1346.36444	1318.78319	1318.54389	
100.631	1346.72944	1346.48661	1318.90201	1318.65734	
100.6412	1346.85103	1346.60878	1319.02119	1318.77951	
100.6515	1346.97466	1346.73096	1319.14238	1318.89296	
100.6615	1347.095	1346.85313	1319.26033	1319.01513	
100.6716	1347.21652	1346.9753	1319.37945	1319.1373	
100.6818	1347.33837	1347.09748	1319.49888	1319.25947	
100.6927	1347.46893	1347.2371	1319.62686	1319.38165	
100.7027	1347.58998	1347.35928	1319.74551	1319.50382	
100.7129	1347.71203	1347.48145	1319.86514	1319.62599	
100.7231	1347.83388	1347.60362	1319.98458	1319.74817	
100.7332	1347.95545	1347.7258	1320.10374	1319.87034	
100.7434	1348.07738	1347.84797	1320.22326	1319.99251	
100.7536	1348.19983	1347.97014	1320.34328	1320.11469	
100.7637	1348.3219	1348.10104	1320.46294	1320.22813	
100.7739	1348.44348	1348.22321	1320.5821	1320.35031	
100.784	1348.56487	1348.35411	1320.70109	1320.46375	
100.7942	1348.68702	1348.47629	1320.82082	1320.58593	
100.8043	1348.80867	1348.59846	1320.94007	1320.7081	
100.8145	1348.93077	1348.72063	1321.05975	1320.83027	
100.8246	1349.05225	1348.85153	1321.17882	1320.95244	
100.8348	1349.17467	1348.98243	1321.29882	1321.07462	
100.8449	1349.29602	1349.10461	1321.41776	1321.19679	
100.8551	1349.41788	1349.22678	1321.53721	1321.31896	
100.8654	1349.54176	1349.35768	1321.65864	1321.44114	
100.8755	1349.66248	1349.48858	1321.77697	1321.56331	
100.8855	1349.78349	1349.61075	1321.89559	1321.68548	
100.8957	1349.90636	1349.74165	1322.01602	1321.80766	
100.9059	1350.02736	1349.87255	1322.13462	1321.92983	
100.9161	1350.15027	1349.99472	1322.2551	1322.052	
100.9262	1350.27199	1350.1169	1322.37441	1322.17417	
100.9364	1350.3937	1350.2478	1322.49371	1322.29635	
100.9466	1350.51598	1350.3787	1322.61357	1322.41852	
100.9567	1350.63708	1350.50087	1322.73227	1322.54069	
100.9669	1350.76011	1350.63177	1322.85287	1322.66287	
100.9772	1350.88363	1350.75394	1322.97394	1322.79377	
100.9872	1351.00346	1350.88484	1323.0914	1322.90721	
100.9973	1351.12522	1351.00701	1323.21075	1323.03811	
101.0075	1351.24689	1351.12919	1323.33001	1323.16029	
101.0177	1351.369	1351.25136	1323.4497	1323.28246	
101.0357	1351.58527	1351.47825	1323.66168	1323.50063	
101.0402	1351.6398	1351.53061	1323.71513	1323.55298	
101.0505	1351.76257	1351.65279	1323.83547	1323.67516	
101.0605	1351.88334	1351.77496	1323.95385	1323.79733	
101.0707	1352.00577	1351.89713	1324.07386	1323.9195	
101.081	1352.12874	1352.01058	1324.19439	1324.04168	
101.091	1352.24942	1352.13275	1324.31268	1324.15512	
101.1011	1352.37025	1352.25492	1324.43112	1324.2773	
101.1113	1352.4923	1352.3771	1324.55075	1324.39074	
101.1214	1352.61421	1352.49054	1324.67025	1324.51292	
101.1316	1352.73574	1352.62144	1324.78938	1324.63509	
101.1417	1352.8574	1352.73489	1324.90862	1324.75726	
101.1519	1352.9801	1352.85706	1325.02889	1324.87071	
101.1621	1353.10176	1352.97924	1325.14814	1324.98415	
101.1722	1353.22348	1353.10141	1325.26746	1325.10633	
101.1824	1353.34599	1353.22358	1325.38754	1325.2285	
101.1925	1353.46692	1353.34576	1325.50607	1325.34195	
101.2026	1353.58822	1353.46793	1325.62498	1325.45539	
101.214	1353.72541	1353.5901	1325.75944	1325.57757	
101.2229	1353.83158	1353.71227	1325.86352	1325.69101	
101.2331	1353.95442	1353.82572	1325.98392	1325.80446	
101.2432	1354.07523	1353.94789	1326.10234	1325.92663	
101.2533	1354.19682	1354.06134	1326.22152	1326.04881	
101.2635	1354.31908	1354.18351	1326.34136	1326.16225	
101.2736	1354.44068	1354.30569	1326.46055	1326.2757	
101.2842	1354.56698	1354.42786	1326.58435	1326.39787	
101.2943	1354.68915	1354.55003	1326.7041	1326.51132	
101.3045	1354.81058	1354.67221	1326.82313	1326.62476	
101.3147	1354.93366	1354.79438	1326.94377	1326.74694	
101.3248	1355.05419	1354.90782	1327.06192	1326.86038	
101.3349	1355.17584	1355.03	1327.18115	1326.98256	
101.3451	1355.29857	1355.15217	1327.30146	1327.096	
101.3553	1355.42004	1355.26562	1327.42052	1327.21818	
101.3654	1355.5417	1355.38779	1327.53977	1327.33162	
101.3756	1355.66377	1355.50996	1327.65942	1327.44507	
101.3857	1355.7857	1355.63214	1327.77894	1327.56724	
101.396	1355.90848	1355.75431	1327.89929	1327.68942	
101.4061	1356.02986	1355.87648	1328.01827	1327.81159	
101.4162	1356.15177	1356.00738	1328.13776	1327.93376	
101.4264	1356.27418	1356.12083	1328.25775	1328.05593	
101.4365	1356.39544	1356.25173	1328.37661	1328.16938	
101.4467	1356.51732	1356.3739	1328.49607	1328.29155	
101.4568	1356.6392	1356.49607	1328.61554	1328.405	
101.4671	1356.76177	1356.61825	1328.73568	1328.52717	
101.4772	1356.88303	1356.74915	1328.85454	1328.64935	
101.4873	1357.00478	1356.87132	1328.97388	1328.77152	
101.4975	1357.12704	1356.99349	1329.09371	1328.89369	
101.5076	1357.24848	1357.11567	1329.21275	1329.01587	
101.5178	1357.37067	1357.23784	1329.33252	1329.13804	
101.5279	1357.49275	1357.36001	1329.45218	1329.26021	
101.5381	1357.61446	1357.48219	1329.57149	1329.38238	
101.5483	1357.73617	1357.60436	1329.69078	1329.50456	
101.5584	1357.85757	1357.72653	1329.80978	1329.62673	
101.5686	1357.9798	1357.8487	1329.92959	1329.7489	
101.5794	1358.10961	1357.9796	1330.05683	1329.88853	
101.5895	1358.23065	1358.10178	1330.17548	1330.00198	
101.6002	1358.35902	1358.22395	1330.3013	1330.13288	
101.61	1358.4768	1358.34612	1330.41675	1330.25505	
101.6201	1358.59878	1358.4683	1330.53631	1330.3685	
101.6303	1358.72038	1358.59047	1330.65551	1330.49067	
101.6404	1358.84214	1358.70392	1330.77485	1330.61284	
101.6508	1358.96683	1358.82609	1330.89707	1330.73501	
101.6608	1359.08652	1358.94826	1331.01439	1330.84846	
101.6709	1359.20803	1359.07044	1331.1335	1330.97063	
101.6811	1359.33012	1359.19261	1331.25317	1331.09281	
101.6915	1359.45486	1359.31478	1331.37544	1331.21498	
101.7015	1359.5745	1359.43695	1331.49271	1331.33715	
101.7115	1359.69517	1359.55913	1331.61099	1331.45933	
101.7217	1359.81709	1359.6813	1331.7305	1331.57277	
101.7319	1359.93961	1359.80347	1331.85059	1331.69495	
101.742	1360.06135	1359.92565	1331.96992	1331.80839	
101.7604	1360.28198	1360.03909	1332.18618	1332.03529	
101.765	1360.33683	1360.19617	1332.23995	1332.08764	
101.7751	1360.4588	1360.30962	1332.3595	1332.20109	
101.7853	1360.58078	1360.43179	1332.47907	1332.32326	
101.7954	1360.70208	1360.55397	1332.59796	1332.43671	
101.8056	1360.82445	1360.67614	1332.71791	1332.55888	
101.8158	1360.94667	1360.79831	1332.83771	1332.68106	
101.8259	1361.0682	1360.92048	1332.95683	1332.7945	
101.8361	1361.19058	1361.04266	1333.0768	1332.90795	
101.8462	1361.31165	1361.16483	1333.19547	1333.03012	
101.8564	1361.43357	1361.287	1333.31497	1333.14357	
101.8666	1361.55637	1361.40918	1333.43534	1333.26574	
101.8767	1361.67684	1361.53135	1333.55342	1333.37919	
101.8868	1361.79854	1361.6448	1333.67271	1333.50136	
101.8969	1361.92002	1361.7757	1333.79178	1333.62353	
101.9073	1362.04478	1361.89787	1333.91408	1333.73698	
101.9175	1362.16644	1362.02004	1334.03332	1333.85915	
101.9276	1362.28786	1362.14221	1334.15235	1333.9726	
101.9378	1362.41059	1362.26439	1334.27264	1334.09477	
101.9558	1362.62684	1362.49128	1334.48461	1334.31294	
101.9606	1362.6837	1362.54364	1334.54034	1334.3653	
101.9706	1362.80426	1362.66581	1334.65852	1334.48747	
101.9807	1362.92564	1362.78799	1334.77749	1334.60092	
101.9908	1363.04684	1362.91016	1334.89629	1334.72309	
102.0009	1363.16828	1363.03233	1335.01533	1334.84527	
102.0111	1363.29034	1363.15451	1335.13498	1334.96744	
102.0213	1363.4122	1363.27668	1335.25442	1335.08961	
102.0314	1363.53379	1363.39885	1335.3736	1335.21178	
102.0415	1363.65562	1363.52102	1335.49302	1335.33396	
102.0517	1363.77733	1363.6432	1335.61232	1335.4474	
102.0618	1363.8988	1363.76537	1335.73139	1335.5783	
102.072	1364.0214	1363.88754	1335.85155	1335.70048	
102.0822	1364.14366	1364.00972	1335.9714	1335.82265	
102.0923	1364.26448	1364.13189	1336.08982	1335.9361	
102.1024	1364.38627	1364.25406	1336.2092	1336.067	
102.1126	1364.50795	1364.37624	1336.32847	1336.18044	
102.1228	1364.63061	1364.49841	1336.4487	1336.30262	
102.1328	1364.75119	1364.62058	1336.56689	1336.42479	
102.143	1364.87346	1364.74276	1336.68674	1336.54696	
102.1532	1364.99571	1364.86493	1336.80657	1336.66041	
102.1633	1365.11652	1364.9871	1336.92499	1336.78258	
102.1739	1365.24334	1365.10927	1337.0493	1336.90475	
102.1837	1365.36093	1365.23145	1337.16456	1337.02693	
102.1938	1365.48307	1365.35362	1337.28428	1337.1491	
102.204	1365.6048	1365.47579	1337.4036	1337.26255	
102.2152	1365.73952	1365.59797	1337.53565	1337.38472	
102.2242	1365.84748	1365.72014	1337.64148	1337.49817	
102.2344	1365.96964	1365.84231	1337.76122	1337.62034	
102.2445	1366.09118	1365.96449	1337.88035	1337.73379	
102.2547	1366.21324	1366.08666	1338	1337.84723	
102.2648	1366.33498	1366.20011	1338.11933	1337.9694	
102.275	1366.45708	1366.32228	1338.23901	1338.09158	
102.2851	1366.57843	1366.44445	1338.35795	1338.20502	
102.2953	1366.70049	1366.5579	1338.4776	1338.31847	
102.3055	1366.82296	1366.68007	1338.59764	1338.44064	
102.3158	1366.94707	1366.80224	1338.71929	1338.56282	
102.3259	1367.0683	1366.92442	1338.83812	1338.67626	
102.3361	1367.19055	1367.04659	1338.95795	1338.78971	
102.3462	1367.31187	1367.16876	1339.07687	1338.91188	
102.3564	1367.43409	1367.29094	1339.19667	1339.02533	
102.3666	1367.55584	1367.41311	1339.31601	1339.13878	
102.3767	1367.67738	1367.52656	1339.43514	1339.26095	
102.3869	1367.79933	1367.64873	1339.55468	1339.38312	
102.397	1367.9209	1367.7709	1339.67384	1339.49657	
102.4072	1368.04323	1367.88435	1339.79375	1339.61001	
102.4174	1368.1656	1368.01525	1339.91369	1339.73219	
102.4275	1368.28669	1368.13742	1340.03238	1339.84563	
102.4377	1368.40948	1368.25959	1340.15275	1339.96781	
102.4482	1368.53564	1368.38177	1340.2764	1340.08998	
102.458	1368.65271	1368.51267	1340.39116	1340.20343	
102.4682	1368.77584	1368.63484	1340.51185	1340.3256	
102.4783	1368.89646	1368.75701	1340.63008	1340.44777	
102.4885	1369.01911	1368.87919	1340.7503	1340.56995	
102.4987	1369.14183	1369.00136	1340.87059	1340.69212	
102.5088	1369.26276	1369.13226	1340.98912	1340.81429	
102.519	1369.38453	1369.25443	1341.10849	1340.93646	
102.5291	1369.50579	1369.38533	1341.22735	1341.04991	
102.5393	1369.62826	1369.5075	1341.34739	1341.17208	
102.5494	1369.7504	1369.62968	1341.46711	1341.29426	
102.5596	1369.87222	1369.75185	1341.58652	1341.4077	
102.5698	1369.99404	1369.87402	1341.70592	1341.52988	
102.5806	1370.12438	1370.00492	1341.83368	1341.6695	
102.5912	1370.25183	1370.1271	1341.95861	1341.78295	
102.601	1370.36868	1370.24927	1342.07314	1341.90512	
102.611	1370.48929	1370.37144	1342.19137	1342.0273	
102.6212	1370.61096	1370.49362	1342.31062	1342.14947	
102.6313	1370.73249	1370.60706	1342.42975	1342.27164	
102.6417	1370.85799	1370.72923	1342.55277	1342.39381	
102.6517	1370.97699	1370.85141	1342.66941	1342.51599	
102.6618	1371.09829	1370.97358	1342.78831	1342.63816	
102.6719	1371.22014	1371.09575	1342.90774	1342.76033	
102.69	1371.43681	1371.21793	1343.12012	1342.96977	
102.703	1371.5931	1371.46227	1343.27332	1343.12685	
102.7076	1371.64773	1371.51463	1343.32687	1343.18794	
102.7177	1371.76921	1371.63681	1343.44594	1343.30139	
102.7278	1371.89089	1371.75898	1343.56521	1343.42356	
102.738	1372.01338	1371.88115	1343.68528	1343.537	
102.7482	1372.136	1372.00332	1343.80547	1343.65918	
102.7584	1372.2575	1372.1255	1343.92456	1343.78135	
102.7685	1372.37929	1372.24767	1344.04394	1343.8948	
102.7788	1372.50216	1372.36984	1344.16438	1344.01697	
102.7888	1372.62254	1372.49202	1344.28238	1344.13042	
102.799	1372.74502	1372.61419	1344.40243	1344.25259	
102.8091	1372.86664	1372.73636	1344.52165	1344.36604	
102.8193	1372.98865	1372.84981	1344.64123	1344.48821	
102.8294	1373.10986	1372.97198	1344.76005	1344.60166	
102.8396	1373.23221	1373.08543	1344.87997	1344.72383	
102.8514	1373.37414	1373.22506	1345.01909	1344.86346	
102.8616	1373.49577	1373.34723	1345.13831	1344.9769	
102.8717	1373.61709	1373.4694	1345.25723	1345.09035	
102.8819	1373.73946	1373.59157	1345.37718	1345.21252	
102.8921	1373.86244	1373.71375	1345.49772	1345.32597	
102.9031	1373.99401	1373.83592	1345.62669	1345.45687	
102.9127	1374.10978	1373.95809	1345.74017	1345.56159	
102.9228	1374.23068	1374.08027	1345.85868	1345.68376	
102.9329	1374.35136	1374.20244	1345.97696	1345.79721	
102.943	1374.47276	1374.32461	1346.09596	1345.91065	
102.9532	1374.59551	1374.44679	1346.21627	1346.03283	
102.9635	1374.71869	1374.56896	1346.33702	1346.155	
102.9735	1374.83943	1374.69113	1346.45537	1346.26845	
102.9837	1374.96097	1374.81331	1346.5745	1346.38189	
102.9938	1375.08208	1374.93548	1346.69322	1346.50406	
103.0042	1375.20781	1375.06638	1346.81645	1346.62624	
103.0144	1375.32919	1375.17982	1346.93543	1346.74841	
103.0245	1375.45062	1375.31072	1347.05445	1346.87058	
103.0348	1375.57406	1375.4329	1347.17545	1346.99276	
103.0448	1375.69424	1375.55507	1347.29325	1347.1062	
103.0549	1375.81628	1375.67724	1347.41287	1347.22838	
103.0653	1375.94016	1375.79942	1347.5343	1347.35055	
103.0753	1376.06012	1375.92159	1347.65188	1347.47272	
103.0854	1376.18215	1376.04376	1347.7715	1347.58617	
103.0955	1376.3034	1376.16594	1347.89034	1347.70834	
103.1057	1376.42516	1376.28811	1348.0097	1347.83051	
103.1159	1376.54725	1376.41028	1348.12937	1347.95269	
103.126	1376.66896	1376.53245	1348.24867	1348.07486	
103.1361	1376.79044	1376.65463	1348.36774	1348.19703	
103.1463	1376.91262	1376.7768	1348.48751	1348.31921	
103.1564	1377.03436	1376.89025	1348.60684	1348.44138	
103.1669	1377.15962	1377.02115	1348.72961	1348.56355	
103.1768	1377.27843	1377.13459	1348.84607	1348.68573	
103.187	1377.40058	1377.25677	1348.9658	1348.8079	
103.1971	1377.52232	1377.37894	1349.08513	1348.93007	
103.2072	1377.64375	1377.50111	1349.20415	1349.05225	
103.2187	1377.78186	1377.62329	1349.33953	1349.19187	
103.2275	1377.8871	1377.74546	1349.44268	1349.29659	
103.2377	1378.0094	1377.86763	1349.56257	1349.41876	
103.2478	1378.131	1377.9898	1349.68175	1349.54094	
103.258	1378.25275	1378.11198	1349.80109	1349.65438	
103.2682	1378.37565	1378.24288	1349.92156	1349.76783	
103.2783	1378.49709	1378.36505	1350.0406	1349.89	
103.2885	1378.61854	1378.48722	1350.15965	1350.01218	
103.2987	1378.74145	1378.6094	1350.28012	1350.12562	
103.3088	1378.86232	1378.73157	1350.3986	1350.23907	
103.319	1378.98447	1378.85374	1350.51833	1350.36124	
103.3291	1379.10606	1378.97592	1350.63751	1350.48342	
103.3394	1379.22925	1379.09809	1350.75826	1350.59686	
103.3495	1379.3526	1379.22026	1350.87916	1350.71903	
103.3597	1379.47364	1379.33371	1350.99781	1350.83248	
103.37	1379.59747	1379.46461	1351.11919	1350.95465	
103.3801	1379.71808	1379.57805	1351.23741	1351.07683	
103.3901	1379.83848	1379.70023	1351.35542	1351.19027	
103.4003	1379.96041	1379.8224	1351.47494	1351.30372	
103.4105	1380.08269	1379.94457	1351.5948	1351.42589	
103.4206	1380.20391	1380.06675	1351.71362	1351.54807	
103.4308	1380.32709	1380.18892	1351.83436	1351.66151	
103.4409	1380.44828	1380.31109	1351.95315	1351.77496	
103.4511	1380.56982	1380.43327	1352.07228	1351.89713	
103.4613	1380.69213	1380.55544	1352.19217	1352.01931	
103.4715	1380.81496	1380.67761	1352.31257	1352.13275	
103.4816	1380.93648	1380.79978	1352.43168	1352.2462	
103.4916	1381.05669	1380.92196	1352.54951	1352.36837	
103.5018	1381.17824	1381.04413	1352.66866	1352.49054	
103.5119	1381.30028	1381.1663	1352.78828	1352.61272	
103.524	1381.44469	1381.28848	1352.92983	1352.75234	
103.5323	1381.54476	1381.41938	1353.02791	1352.85706	
103.5424	1381.66587	1381.54155	1353.14663	1352.97924	
103.5525	1381.78761	1381.67245	1353.26596	1353.09268	
103.5628	1381.91024	1381.79462	1353.38616	1353.21486	
103.5728	1382.03104	1381.9168	1353.50457	1353.33703	
103.583	1382.15319	1382.03897	1353.6243	1353.45048	
103.5944	1382.29008	1382.16114	1353.75848	1353.5901	
103.6033	1382.39655	1382.28331	1353.86284	1353.69482	
103.6135	1382.51901	1382.40549	1353.98288	1353.81699	
103.6237	1382.64116	1382.52766	1354.10261	1353.93917	
103.6341	1382.76652	1382.64983	1354.22549	1354.06134	
103.6443	1382.88852	1382.78073	1354.34506	1354.18351	
103.6544	1383.01006	1382.90291	1354.46421	1354.30569	
103.6646	1383.13093	1383.01635	1354.58268	1354.42786	
103.6748	1383.25192	1383.13853	1354.70127	1354.55003	
103.6849	1383.37139	1383.2607	1354.81838	1354.67221	
103.6955	1383.49609	1383.38287	1354.9406	1354.80311	
103.7052	1383.60851	1383.49632	1355.0508	1354.91655	
103.7153	1383.72605	1383.61849	1355.16601	1355.03872	
103.7255	1383.84315	1383.73194	1355.28079	1355.1609	
103.7356	1383.96023	1383.85411	1355.39555	1355.27434	
103.7458	1384.07638	1383.97628	1355.50941	1355.39652	
103.756	1384.19182	1384.09846	1355.62256	1355.50996	
103.7661	1384.30646	1384.2119	1355.73493	1355.63214	
103.7763	1384.42075	1384.32535	1355.84696	1355.75431	
103.7864	1384.53424	1384.44752	1355.9582	1355.86776	
103.7966	1384.64789	1384.5697	1356.0696	1355.9812	
103.8067	1384.75973	1384.68314	1356.17922	1356.09465	
103.8169	1384.87154	1384.79659	1356.28882	1356.2081	
103.827	1384.98232	1384.91876	1356.39741	1356.32154	
103.8372	1385.09275	1385.02348	1356.50565	1356.43499	
103.8474	1385.20309	1385.14565	1356.6138	1356.54843	
103.8576	1385.31286	1385.25037	1356.7214	1356.66188	
103.8678	1385.42235	1385.37255	1356.82873	1356.7666	
103.8778	1385.52904	1385.47727	1356.93331	1356.88005	
103.8879	1385.63608	1385.59071	1357.03822	1356.98477	
103.8982	1385.74358	1385.70416	1357.14359	1357.09821	
103.9084	1385.85044	1385.80888	1357.24834	1357.20293	
103.9185	1385.95581	1385.92233	1357.35162	1357.30765	
103.9287	1386.06065	1386.02705	1357.45438	1357.41237	
103.9389	1386.16583	1386.13177	1357.55748	1357.51709	
103.949	1386.26872	1386.23649	1357.65834	1357.62181	
103.9591	1386.37188	1386.3412	1357.75945	1357.72653	
103.9693	1386.47487	1386.45465	1357.86041	1357.83125	
103.9794	1386.57652	1386.55937	1357.96004	1357.93597	
103.9896	1386.67772	1386.66409	1358.05924	1358.03196	
103.9997	1386.77831	1386.76008	1358.15783	1358.12796	
104.0099	1386.87884	1386.8648	1358.25638	1358.23268	
104.0201	1386.97813	1386.96952	1358.3537	1358.32867	
104.0302	1387.07653	1387.07424	1358.45015	1358.42466	
104.0404	1387.17528	1387.17024	1358.54694	1358.51193	
104.0505	1387.27274	1387.27496	1358.64248	1358.61665	
104.0607	1387.37003	1387.37968	1358.73784	1358.70392	
104.0708	1387.46595	1387.47567	1358.83186	1358.79991	
104.0816	1387.56798	1387.57166	1358.93187	1358.90463	
104.0911	1387.65651	1387.66766	1359.01864	1358.9919	
104.1012	1387.75085	1387.77237	1359.11111	1359.08789	
104.1114	1387.84536	1387.86837	1359.20375	1359.17515	
104.1216	1387.93906	1387.95563	1359.2956	1359.27115	
104.1317	1388.03112	1388.05163	1359.38584	1359.35841	
104.1418	1388.12309	1388.14762	1359.47599	1359.45441	
104.152	1388.21473	1388.23489	1359.56581	1359.54167	
104.1622	1388.30627	1388.33088	1359.65554	1359.62894	
104.1724	1388.39719	1388.42687	1359.74466	1359.71621	
104.1824	1388.48572	1388.51414	1359.83144	1359.80347	
104.1925	1388.57438	1388.60141	1359.91834	1359.89074	
104.203	1388.66508	1388.68867	1360.00724	1359.97801	
104.2129	1388.75107	1388.77594	1360.09152	1360.06527	
104.223	1388.8381	1388.86321	1360.17684	1360.15254	
104.2332	1388.92485	1388.95047	1360.26187	1360.23981	
104.2433	1389.01076	1389.03774	1360.34607	1360.32707	
104.2535	1389.09633	1389.125	1360.42996	1360.41434	
104.2643	1389.18645	1389.21227	1360.51829	1360.50161	
104.2738	1389.26528	1389.29954	1360.59555	1360.58015	
104.284	1389.34876	1389.37808	1360.67739	1360.65868	
104.2941	1389.43179	1389.45662	1360.75877	1360.74595	
104.3043	1389.51405	1389.54388	1360.8394	1360.83322	
104.315	1389.60061	1389.6137	1360.92424	1360.90303	
104.3246	1389.67693	1389.70096	1360.99906	1360.9903	
104.3347	1389.7571	1389.77078	1361.07764	1361.06011	
104.3448	1389.8369	1389.85804	1361.15585	1361.14738	
104.355	1389.91637	1389.92786	1361.23375	1361.21719	
104.3652	1389.99527	1390.01512	1361.31109	1361.30446	
104.3753	1390.07321	1390.08494	1361.38749	1361.37427	
104.3855	1390.15077	1390.16348	1361.46351	1361.45281	
104.3956	1390.22711	1390.24202	1361.53834	1361.52262	
104.4057	1390.30333	1390.32056	1361.61305	1361.60116	
104.4159	1390.37921	1390.3991	1361.68743	1361.67098	
104.426	1390.45415	1390.46891	1361.76088	1361.74079	
104.4362	1390.52901	1390.54745	1361.83426	1361.81933	
104.4463	1390.60242	1390.62599	1361.90622	1361.88914	
104.4565	1390.67562	1390.6958	1361.97797	1361.95896	
104.4668	1390.74956	1390.77434	1362.05044	1362.02877	
104.4769	1390.82075	1390.84415	1362.12022	1362.08985	
104.487	1390.89211	1390.91397	1362.19017	1362.15967	
104.4972	1390.96289	1390.98378	1362.25954	1362.22948	
104.5074	1391.03324	1391.05359	1362.32851	1362.29929	
104.5175	1391.10264	1391.13213	1362.39653	1362.36038	
104.5277	1391.17183	1391.19322	1362.46435	1362.42147	
104.5378	1391.24003	1391.26303	1362.5312	1362.49128	
104.548	1391.30776	1391.32412	1362.59759	1362.55237	
104.5581	1391.37477	1391.39393	1362.66328	1362.61345	
104.5683	1391.44167	1391.45502	1362.72885	1362.68327	
104.5791	1391.51144	1391.51611	1362.79723	1362.74435	
104.5886	1391.57249	1391.58592	1362.85708	1362.80544	
104.5987	1391.63704	1391.64701	1362.92035	1362.86653	
104.6088	1391.70095	1391.70809	1362.983	1362.92761	
104.6191	1391.7649	1391.76918	1363.04567	1362.99743	
104.6292	1391.82751	1391.83027	1363.10705	1363.04979	
104.6393	1391.88946	1391.90008	1363.16777	1363.1196	
104.6496	1391.95184	1391.96116	1363.22891	1363.18069	
104.6596	1392.01237	1392.02225	1363.28825	1363.24177	
104.67	1392.07412	1392.07461	1363.34878	1363.29413	
104.6799	1392.13261	1392.14442	1363.40611	1363.36395	
104.6901	1392.19208	1392.19678	1363.4644	1363.41631	
104.7004	1392.25109	1392.25787	1363.52224	1363.47739	
104.7104	1392.30841	1392.31896	1363.57842	1363.53848	
104.7206	1392.36581	1392.38004	1363.63469	1363.59084	
104.7308	1392.42299	1392.4324	1363.69074	1363.6432	
104.741	1392.47923	1392.49349	1363.74586	1363.70428	
104.7511	1392.53449	1392.54585	1363.80003	1363.76537	
104.7612	1392.58947	1392.59821	1363.85392	1363.81773	
104.7713	1392.64375	1392.6593	1363.90712	1363.87009	
104.7815	1392.69744	1392.71166	1363.95975	1363.92245	
104.7916	1392.75051	1392.77274	1364.01177	1363.97481	
104.8018	1392.8032	1392.8251	1364.06342	1364.02717	
104.8119	1392.85501	1392.87746	1364.1142	1364.07953	
104.8221	1392.90649	1392.92982	1364.16467	1364.13189	
104.8327	1392.95933	1392.98218	1364.21645	1364.18425	
104.8424	1393.00728	1393.03454	1364.26345	1364.23661	
104.8526	1393.05675	1393.0869	1364.31194	1364.28024	
104.8627	1393.10551	1393.14799	1364.35974	1364.32388	
104.8729	1393.15404	1393.19162	1364.40731	1364.37624	
104.883	1393.2017	1393.25271	1364.45403	1364.41987	
104.8932	1393.24874	1393.29634	1364.50014	1364.4635	
104.9033	1393.29522	1393.3487	1364.5457	1364.51586	
104.9157	1393.35094	1393.40106	1364.60031	1364.56822	
104.9237	1393.38677	1393.45342	1364.63543	1364.60313	
104.9338	1393.4313	1393.49705	1364.67908	1364.64676	
104.944	1393.47557	1393.54069	1364.72247	1364.6904	
104.9541	1393.51884	1393.59305	1364.76488	1364.73403	
104.9646	1393.5629	1393.63668	1364.80808	1364.77766	
104.9745	1393.60416	1393.68031	1364.84852	1364.81257	
104.9846	1393.64576	1393.72395	1364.88929	1364.86493	
104.9949	1393.68723	1393.76758	1364.92994	1364.89983	
105.0049	1393.7272	1393.81121	1364.96912	1364.94347	
105.0151	1393.76727	1393.85485	1365.00839	1364.9871	
105.0252	1393.80632	1393.88975	1365.04667	1365.02201	
105.0354	1393.84514	1393.92466	1365.08473	1365.06564	
105.0455	1393.88309	1393.96829	1365.12192	1365.10055	
105.0557	1393.92064	1394.01193	1365.15873	1365.14418	
105.0659	1393.95772	1394.04683	1365.19507	1365.17909	
105.076	1393.99378	1394.08174	1365.23042	1365.21399	
105.0862	1394.02948	1394.11665	1365.26541	1365.2489	
105.0963	1394.0645	1394.15155	1365.29974	1365.28381	
105.1064	1394.09884	1394.18646	1365.3334	1365.31871	
105.1166	1394.13262	1394.22137	1365.36652	1365.35362	
105.1268	1394.16604	1394.24755	1365.39927	1365.38853	
105.1369	1394.19861	1394.28245	1365.43119	1365.42343	
105.1471	1394.23075	1394.30863	1365.4627	1365.45834	
105.1572	1394.26233	1394.34354	1365.49365	1365.48452	
105.1674	1394.29308	1394.37845	1365.52379	1365.51943	
105.1776	1394.3236	1394.40463	1365.55371	1365.54561	
105.1877	1394.35315	1394.43081	1365.58267	1365.58051	
105.2063	1394.40522	1394.48317	1365.63372	1365.63287	
105.211	1394.4183	1394.49189	1365.64653	1365.6416	
105.2223	1394.449	1394.51807	1365.67663	1365.66778	
105.2312	1394.4729	1394.54425	1365.70005	1365.69396	
105.2413	1394.49942	1394.57043	1365.72605	1365.72014	
105.2515	1394.52545	1394.59661	1365.75157	1365.73759	
105.2617	1394.5509	1394.62279	1365.77651	1365.76377	
105.2718	1394.57561	1394.64025	1365.80074	1365.78995	
105.282	1394.59981	1394.66643	1365.82445	1365.80741	
105.2922	1394.6235	1394.69261	1365.84767	1365.82486	
105.3026	1394.64723	1394.71006	1365.87093	1365.84231	
105.3124	1394.66889	1394.72751	1365.89217	1365.85977	
105.3226	1394.69075	1394.74497	1365.91359	1365.88595	
105.3327	1394.71192	1394.76242	1365.93434	1365.9034	
105.3428	1394.73254	1394.7886	1365.95455	1365.92085	
105.353	1394.75275	1394.80605	1365.97436	1365.93831	
105.3634	1394.77259	1394.8235	1365.99381	1365.95576	
105.3733	1394.79114	1394.84096	1366.012	1365.96449	
105.3835	1394.80951	1394.85841	1366.03	1365.98194	
105.3937	1394.82732	1394.87586	1366.04745	1365.99939	
105.4038	1394.84451	1394.89332	1366.0643	1366.00812	
105.4142	1394.86145	1394.90204	1366.08091	1366.01685	
105.4242	1394.8773	1394.9195	1366.09644	1366.0343	
105.4344	1394.89281	1394.92822	1366.11165	1366.04303	
105.4446	1394.90778	1394.93695	1366.12632	1366.05175	
105.4547	1394.922	1394.9544	1366.14026	1366.06921	
105.4651	1394.93607	1394.96313	1366.15405	1366.07793	
105.4751	1394.94909	1394.97186	1366.16681	1366.08666	
105.4852	1394.96161	1394.98058	1366.17909	1366.08666	
105.4953	1394.97365	1394.98931	1366.19089	1366.09539	
105.5055	1394.98515	1394.98931	1366.20217	1366.10411	
105.5157	1394.99613	1394.99804	1366.21292	1366.11284	
105.5258	1395.00646	1395.00676	1366.22305	1366.12157	
105.536	1395.0163	1395.00676	1366.23269	1366.12157	
105.5461	1395.02558	1395.00676	1366.24179	1366.12157	
105.5563	1395.03433	1395.00676	1366.25037	1366.13029	
105.5664	1395.04252	1395.00676	1366.25839	1366.13029	
105.5766	1395.05023	1395.01549	1366.26595	1366.13902	
105.5868	1395.05734	1395.01549	1366.27292	1366.13902	
105.5969	1395.06393	1395.01549	1366.27938	1366.13902	
105.607	1395.07001	1395.01549	1366.28534	1366.13902	
105.6172	1395.07559	1395.01549	1366.29081	1366.13902	
105.6274	1395.08067	1395.01549	1366.29579	1366.13902	
105.6375	1395.08524	1395.01549	1366.30027	1366.13902	
105.6476	1395.08934	1395.01549	1366.30429	1366.13902	
105.6578	1395.09297	1395.01549	1366.30785	1366.13902	
105.6727	1395.09717	1395.01549	1366.31196	1366.13902	
105.6784	1395.09875	1395.01549	1366.31351	1366.13902	
105.6886	1395.10109	1395.01549	1366.3158	1366.13902	
105.6991	1395.10308	1395.01549	1366.31775	1366.13902	
105.7092	1395.10465	1395.01549	1366.31929	1366.13902	
105.7194	1395.10921	1395.01549	1366.32376	1366.13902	
105.7297	1395.10921	1395.01549	1366.32376	1366.13902	
105.7398	1395.10921	1395.01549	1366.32376	1366.13902	
105.7501	1395.10921	1395.01549	1366.32376	1366.13902	
105.7603	1395.10921	1395.01549	1366.32376	1366.13902	
105.7705	1395.10921	1395.01549	1366.32376	1366.13902	
105.7809	1395.10921	1395.01549	1366.32376	1366.13902	
105.7911	1395.10921	1395.01549	1366.32376	1366.13902	
105.8012	1395.10921	1395.01549	1366.32376	1366.13902	
105.8115	1395.10921	1395.01549	1366.32376	1366.13902	
105.8217	1395.10921	1395.01549	1366.32376	1366.13902	
105.8319	1395.10921	1395.01549	1366.32376	1366.13902	
105.8422	1395.10921	1395.01549	1366.32376	1366.13902	
105.8524	1395.10921	1395.01549	1366.32376	1366.13902	
105.8626	1395.10921	1395.01549	1366.32376	1366.13902	
105.8727	1395.10921	1395.01549	1366.32376	1366.13902	
105.883	1395.10921	1395.01549	1366.32376	1366.13902	
105.8932	1395.10921	1395.01549	1366.32376	1366.13902	
105.9034	1395.10921	1395.01549	1366.32376	1366.13902	
105.9138	1395.10921	1395.01549	1366.32376	1366.13902	
105.9239	1395.10921	1395.01549	1366.32376	1366.13902	
105.9341	1395.10921	1395.01549	1366.32376	1366.13902	
105.9443	1395.10921	1395.01549	1366.32376	1366.13902	
105.9545	1395.10921	1395.01549	1366.32376	1366.13902	
105.9647	1395.10921	1395.01549	1366.32376	1366.13902	
105.9749	1395.10921	1395.01549	1366.32376	1366.13902	
105.9851	1395.10921	1395.01549	1366.32376	1366.13902	
105.9953	1395.10921	1395.01549	1366.32376	1366.13902	
106.0055	1395.10921	1395.01549	1366.32376	1366.13902	
106.0157	1395.10921	1395.01549	1366.32376	1366.13902	
106.0259	1395.10921	1395.01549	1366.32376	1366.13902	
106.0361	1395.10921	1395.01549	1366.32376	1366.13902	
106.0463	1395.10921	1395.01549	1366.32376	1366.13902	
106.0566	1395.10921	1395.01549	1366.32376	1366.13902	
106.0667	1395.10921	1395.01549	1366.32376	1366.13902	
106.077	1395.10921	1395.01549	1366.32376	1366.13902	
106.0872	1395.10921	1395.01549	1366.32376	1366.13902	
106.0974	1395.10921	1395.01549	1366.32376	1366.13902	
106.1076	1395.10921	1395.01549	1366.32376	1366.13902	
106.1178	1395.10921	1395.01549	1366.32376	1366.13902	
106.128	1395.10921	1395.01549	1366.32376	1366.13902	
106.1383	1395.10921	1395.01549	1366.32376	1366.13902	
106.1485	1395.10921	1395.01549	1366.32376	1366.13902	
106.1587	1395.10921	1395.01549	1366.32376	1366.13902	
106.1689	1395.10921	1395.01549	1366.32376	1366.13902	
106.1793	1395.10921	1395.01549	1366.32376	1366.13902	
106.1894	1395.10921	1395.01549	1366.32376	1366.13902	
106.1997	1395.10921	1395.01549	1366.32376	1366.13902	
106.2098	1395.10921	1395.01549	1366.32376	1366.13902	
106.22	1395.10921	1395.01549	1366.32376	1366.13902	
106.2302	1395.10921	1395.01549	1366.32376	1366.13902	
106.2405	1395.10921	1395.01549	1366.32376	1366.13902	
106.2508	1395.10921	1395.01549	1366.32376	1366.13902	
106.2611	1395.10921	1395.01549	1366.32376	1366.13902	
106.2712	1395.10921	1395.01549	1366.32376	1366.13902	
106.2814	1395.10921	1395.01549	1366.32376	1366.13902	
106.2916	1395.10921	1395.01549	1366.32376	1366.13902	
106.3018	1395.10921	1395.01549	1366.32376	1366.13902	
106.312	1395.10921	1395.01549	1366.32376	1366.13902	
106.3227	1395.10921	1395.01549	1366.32376	1366.13902	
106.3329	1395.10921	1395.01549	1366.32376	1366.13902	
106.3431	1395.10921	1395.01549	1366.32376	1366.13902	
106.3535	1395.10921	1395.01549	1366.32376	1366.13902	
106.3637	1395.10921	1395.01549	1366.32376	1366.13902	
106.374	1395.10921	1395.01549	1366.32376	1366.13902	
106.3841	1395.10921	1395.01549	1366.32376	1366.13902	
106.3944	1395.10921	1395.01549	1366.32376	1366.13902	
106.4047	1395.10921	1395.01549	1366.32376	1366.13902	
106.4148	1395.10921	1395.01549	1366.32376	1366.13902	
106.4249	1395.10921	1395.01549	1366.32376	1366.13902	
106.4352	1395.10921	1395.01549	1366.32376	1366.13902	
106.4454	1395.10921	1395.01549	1366.32376	1366.13902	
106.4556	1395.10921	1395.01549	1366.32376	1366.13902	
106.4658	1395.10921	1395.01549	1366.32376	1366.13902	
106.476	1395.10921	1395.01549	1366.32376	1366.13902	
106.4862	1395.10921	1395.01549	1366.32376	1366.13902	
106.4964	1395.10921	1395.01549	1366.32376	1366.13902	
106.5066	1395.10921	1395.01549	1366.32376	1366.13902	
106.5169	1395.10921	1395.01549	1366.32376	1366.13902	
106.527	1395.10921	1395.01549	1366.32376	1366.13902	
106.5373	1395.10921	1395.01549	1366.32376	1366.13902	
106.5475	1395.10921	1395.01549	1366.32376	1366.13902	
106.5577	1395.10921	1395.01549	1366.32376	1366.13902	
106.5679	1395.10921	1395.01549	1366.32376	1366.13902	
106.5781	1395.10921	1395.01549	1366.32376	1366.13902	
106.5883	1395.10921	1395.01549	1366.32376	1366.13902	
106.5985	1395.10921	1395.01549	1366.32376	1366.13902	
106.6087	1395.10921	1395.01549	1366.32376	1366.13902	
106.619	1395.10921	1395.01549	1366.32376	1366.13902	
106.6292	1395.10921	1395.01549	1366.32376	1366.13902	
106.6393	1395.10921	1395.01549	1366.32376	1366.13902	
106.6497	1395.10921	1395.01549	1366.32376	1366.13902	
106.6599	1395.10921	1395.01549	1366.32376	1366.13902	
106.6701	1395.10921	1395.01549	1366.32376	1366.13902	
106.6803	1395.10921	1395.01549	1366.32376	1366.13902	
106.6905	1395.10921	1395.01549	1366.32376	1366.13902	
106.7009	1395.10921	1395.01549	1366.32376	1366.13902	
106.7113	1395.10921	1395.01549	1366.32376	1366.13902	
106.7213	1395.10921	1395.01549	1366.32376	1366.13902	
106.7314	1395.10921	1395.01549	1366.32376	1366.13902	
106.7416	1395.10921	1395.01549	1366.32376	1366.13902	
106.7518	1395.10921	1395.01549	1366.32376	1366.13902	
106.7621	1395.10921	1395.01549	1366.32376	1366.13902	
106.7724	1395.10921	1395.01549	1366.32376	1366.13902	
106.7826	1395.10921	1395.01549	1366.32376	1366.13902	
106.7927	1395.10921	1395.01549	1366.32376	1366.13902	
106.8029	1395.10921	1395.01549	1366.32376	1366.13902	
106.8132	1395.10921	1395.01549	1366.32376	1366.13902	
106.8234	1395.10921	1395.01549	1366.32376	1366.13902	
106.8336	1395.10921	1395.01549	1366.32376	1366.13902	
106.8439	1395.10921	1395.01549	1366.32376	1366.13902	
106.8541	1395.10921	1395.01549	1366.32376	1366.13902	
106.8643	1395.10921	1395.01549	1366.32376	1366.13902	
106.8744	1395.10921	1395.01549	1366.32376	1366.13902	
106.8847	1395.10921	1395.01549	1366.32376	1366.13902	
106.8947	1395.10921	1395.01549	1366.32376	1366.13902	
106.9048	1395.10921	1395.01549	1366.32376	1366.13902	
106.918	1395.10921	1395.01549	1366.32376	1366.13902	
106.925	1395.10921	1395.01549	1366.32376	1366.13902	
106.9352	1395.10921	1395.01549	1366.32376	1366.13902	
106.9454	1395.10921	1395.01549	1366.32376	1366.13902	
106.9555	1395.10921	1395.01549	1366.32376	1366.13902	
106.9657	1395.10921	1395.01549	1366.32376	1366.13902	
106.9758	1395.10921	1395.01549	1366.32376	1366.13902	
106.9859	1395.10921	1395.01549	1366.32376	1366.13902	
106.9961	1395.10921	1395.01549	1366.32376	1366.13902	
107.0063	1395.10921	1395.01549	1366.32376	1366.13902	
107.0164	1395.10921	1395.01549	1366.32376	1366.13902	
107.0266	1395.10921	1395.01549	1366.32376	1366.13902	
107.0368	1395.10921	1395.01549	1366.32376	1366.13902	
107.0469	1395.10921	1395.01549	1366.32376	1366.13902	
107.0571	1395.10921	1395.01549	1366.32376	1366.13902	
107.0673	1395.10921	1395.01549	1366.32376	1366.13902	
107.0774	1395.10921	1395.01549	1366.32376	1366.13902	
107.0877	1395.10921	1395.01549	1366.32376	1366.13902	
107.0979	1395.10921	1395.01549	1366.32376	1366.13902	
107.108	1395.10921	1395.01549	1366.32376	1366.13902	
107.1181	1395.10921	1395.01549	1366.32376	1366.13902	
107.1283	1395.10921	1395.01549	1366.32376	1366.13902	
107.1387	1395.10921	1395.01549	1366.32376	1366.13902	
107.1487	1395.10921	1395.01549	1366.32376	1366.13902	
107.1588	1395.10921	1395.01549	1366.32376	1366.13902	
107.1689	1395.10921	1395.01549	1366.32376	1366.13902	
107.1792	1395.10921	1395.01549	1366.32376	1366.13902	
107.1892	1395.10921	1395.01549	1366.32376	1366.13902	
107.1998	1395.10921	1395.01549	1366.32376	1366.13902	
107.2095	1395.10921	1395.01549	1366.32376	1366.13902	
107.2196	1395.10921	1395.01549	1366.32376	1366.13902	
107.2302	1395.10921	1395.01549	1366.32376	1366.13902	
107.2405	1395.10921	1395.01549	1366.32376	1366.13902	
107.2505	1395.10921	1395.01549	1366.32376	1366.13902	
107.2685	1395.10921	1395.01549	1366.32376	1366.13902	
107.2731	1395.10921	1395.01549	1366.32376	1366.13902	
107.2833	1395.10921	1395.01549	1366.32376	1366.13902	
107.2934	1395.10921	1395.01549	1366.32376	1366.13902	
107.3036	1395.10921	1395.01549	1366.32376	1366.13902	
107.3137	1395.10921	1395.01549	1366.32376	1366.13902	
107.3243	1395.10921	1395.01549	1366.32376	1366.13902	
107.3343	1395.10921	1395.01549	1366.32376	1366.13902	
107.3449	1395.10921	1395.01549	1366.32376	1366.13902	
107.3547	1395.10921	1395.01549	1366.32376	1366.13902	
107.3649	1395.10921	1395.01549	1366.32376	1366.13902	
107.375	1395.10921	1395.01549	1366.32376	1366.13902	
107.3851	1395.10921	1395.01549	1366.32376	1366.13902	
107.3953	1395.10921	1395.01549	1366.32376	1366.13902	
107.4055	1395.10921	1395.01549	1366.32376	1366.13902	
107.4156	1395.10921	1395.01549	1366.32376	1366.13902	
107.4258	1395.10921	1395.01549	1366.32376	1366.13902	
107.4359	1395.10921	1395.01549	1366.32376	1366.13902	
107.4465	1395.10921	1395.01549	1366.32376	1366.13902	
107.4563	1395.10921	1395.01549	1366.32376	1366.13902	
107.4665	1395.10921	1395.01549	1366.32376	1366.13902	
107.4767	1395.10921	1395.01549	1366.32376	1366.13902	
107.4868	1395.10921	1395.01549	1366.32376	1366.13902	
107.4969	1395.10921	1395.01549	1366.32376	1366.13902	
107.5071	1395.10921	1395.01549	1366.32376	1366.13902	
107.5172	1395.10921	1395.01549	1366.32376	1366.13902	
107.5274	1395.10921	1395.01549	1366.32376	1366.13902	
107.5375	1395.10921	1395.01549	1366.32376	1366.13902	
107.5477	1395.10921	1395.01549	1366.32376	1366.13902	
107.5579	1395.10921	1395.01549	1366.32376	1366.13902	
107.568	1395.10921	1395.01549	1366.32376	1366.13902	
107.5782	1395.10921	1395.01549	1366.32376	1366.13902	
107.5886	1395.10921	1395.01549	1366.32376	1366.13902	
107.5986	1395.10921	1395.01549	1366.32376	1366.13902	
107.6088	1395.10921	1395.01549	1366.32376	1366.13902	
107.6189	1395.10921	1395.01549	1366.32376	1366.13902	
107.629	1395.10921	1395.01549	1366.32376	1366.13902	
107.6392	1395.10921	1395.01549	1366.32376	1366.13902	
