50.55882	1152.71107	1152.72016	1128.72559	1128.63461	
50.56503	1152.71196	1152.72016	1128.72646	1128.63461	
50.57498	1152.71408	1152.72016	1128.72853	1128.63461	
50.58509	1152.71685	1152.72888	1128.73125	1128.63461	
50.59526	1152.72026	1152.72888	1128.73459	1128.63461	
50.60541	1152.72428	1152.72888	1128.73854	1128.63461	
50.61558	1152.72893	1152.73761	1128.7431	1128.63461	
50.62571	1152.73418	1152.73761	1128.74824	1128.63461	
50.63587	1152.74007	1152.73761	1128.75401	1128.63461	
50.64767	1152.7478	1152.74634	1128.76159	1128.63461	
50.65625	1152.75377	1152.75506	1128.76744	1128.63461	
50.66637	1152.76148	1152.75506	1128.775	1128.63461	
50.67655	1152.76986	1152.76379	1128.78321	1128.63461	
50.68673	1152.77886	1152.77252	1128.79204	1128.63461	
50.69687	1152.78845	1152.77252	1128.80143	1128.63461	
50.70706	1152.7987	1152.78997	1128.81148	1128.63461	
50.71716	1152.80947	1152.78997	1128.82204	1128.63461	
50.72735	1152.82097	1152.7987	1128.83331	1128.63461	
50.73753	1152.83306	1152.80742	1128.84517	1128.63461	
50.74767	1152.84574	1152.82488	1128.85759	1128.63461	
50.7579	1152.85915	1152.82488	1128.87074	1128.63461	
50.76803	1152.87306	1152.84233	1128.88437	1128.63461	
50.77816	1152.88757	1152.85106	1128.89859	1128.63461	
50.78836	1152.90281	1152.85978	1128.91354	1128.63461	
50.79848	1152.91853	1152.86851	1128.92894	1128.64334	
50.80861	1152.93492	1152.87724	1128.945	1128.64334	
50.81896	1152.95227	1152.89469	1128.96201	1128.65207	
50.82892	1152.96956	1152.89469	1128.97896	1128.65207	
50.83912	1152.98793	1152.91214	1128.99696	1128.66952	
50.84924	1153.00673	1152.92087	1129.01539	1128.66952	
50.8594	1153.02625	1152.9296	1129.03453	1128.68697	
50.86956	1153.04637	1152.93832	1129.05425	1128.70443	
50.87973	1153.06714	1152.94705	1129.07461	1128.72188	
50.88987	1153.08846	1152.9645	1129.0955	1128.73933	
50.90026	1153.11097	1152.97323	1129.11757	1128.76551	
50.91016	1153.133	1152.99068	1129.13916	1128.79169	
50.92031	1153.1562	1152.99941	1129.1619	1128.80915	
50.93041	1153.17988	1153.01686	1129.18512	1128.83533	
50.94059	1153.20439	1153.03432	1129.20914	1128.86151	
50.9508	1153.22961	1153.05177	1129.23386	1128.89641	
50.96093	1153.25522	1153.07795	1129.25896	1128.91387	
50.9711	1153.28157	1153.10413	1129.28479	1128.94877	
50.98121	1153.30836	1153.12158	1129.31105	1128.98368	
50.99144	1153.33612	1153.15649	1129.33826	1129.00986	
51.00153	1153.3641	1153.17394	1129.36569	1129.03604	
51.01165	1153.39276	1153.20885	1129.39378	1129.07095	
51.02185	1153.42231	1153.24376	1129.42274	1129.10585	
51.03209	1153.45259	1153.27866	1129.45243	1129.14076	
51.04262	1153.4844	1153.31357	1129.48361	1129.18439	
51.05241	1153.51451	1153.34848	1129.51312	1129.21057	
51.06245	1153.54601	1153.38338	1129.54399	1129.24548	
51.07262	1153.57854	1153.41829	1129.57588	1129.28911	
51.08272	1153.61149	1153.4532	1129.60818	1129.32402	
51.09296	1153.6455	1153.4881	1129.64151	1129.36765	
51.11307	1153.71536	1153.55792	1129.70999	1129.44619	
51.11766	1153.73119	1153.5841	1129.72551	1129.46365	
51.12777	1153.76686	1153.62773	1129.76047	1129.50728	
51.13789	1153.80321	1153.66264	1129.7961	1129.54219	
51.14806	1153.84035	1153.70627	1129.83251	1129.59455	
51.15827	1153.87826	1153.7499	1129.86967	1129.62945	
51.1684	1153.91649	1153.79354	1129.90714	1129.68181	
51.17852	1153.95529	1153.83717	1129.94517	1129.71672	
51.18873	1153.99511	1153.87208	1129.9842	1129.76908	
51.19882	1154.035	1153.92443	1130.0233	1129.81271	
51.209	1154.07591	1153.96807	1130.0634	1129.85634	
51.21916	1154.11735	1154.0117	1130.10402	1129.9087	
51.22926	1154.15915	1154.04661	1130.14499	1129.95234	
51.23946	1154.20203	1154.09897	1130.18703	1129.99597	
51.24998	1154.24723	1154.1426	1130.23133	1130.04833	
51.25976	1154.28914	1154.18623	1130.2724	1130.09196	
51.26993	1154.33372	1154.23859	1130.31611	1130.1356	
51.28009	1154.37888	1154.28223	1130.36037	1130.18796	
51.29024	1154.42459	1154.32586	1130.40518	1130.24032	
51.3004	1154.47102	1154.37822	1130.45069	1130.28395	
51.31059	1154.51816	1154.43058	1130.49689	1130.33631	
51.32073	1154.56567	1154.47421	1130.54346	1130.37994	
51.33088	1154.61386	1154.52657	1130.5907	1130.4323	
51.34097	1154.66242	1154.57021	1130.6383	1130.48466	
51.35143	1154.71343	1154.62257	1130.6883	1130.53702	
51.36127	1154.7619	1154.67493	1130.73581	1130.58938	
51.37141	1154.81254	1154.71856	1130.78545	1130.64174	
51.38156	1154.86383	1154.77092	1130.83572	1130.6941	
51.39172	1154.91577	1154.82328	1130.88663	1130.74646	
51.40213	1154.96967	1154.87564	1130.93946	1130.79882	
51.41228	1155.02285	1154.928	1130.99159	1130.85118	
51.42232	1155.07602	1154.98036	1131.04371	1130.90354	
51.43251	1155.13066	1155.02399	1131.09726	1130.9559	
51.44263	1155.18546	1155.07635	1131.15098	1131.00826	
51.45277	1155.24107	1155.12871	1131.20548	1131.06062	
51.46292	1155.29728	1155.1898	1131.26058	1131.12171	
51.47311	1155.3544	1155.24216	1131.31657	1131.18279	
51.48328	1155.41195	1155.29452	1131.37298	1131.23515	
51.49338	1155.46979	1155.3556	1131.42968	1131.28751	
51.51146	1155.57574	1155.4516	1131.53353	1131.39223	
51.51602	1155.60234	1155.47778	1131.5596	1131.40969	
51.52614	1155.66225	1155.53014	1131.61833	1131.47077	
51.53633	1155.72318	1155.5825	1131.67806	1131.53186	
51.54649	1155.78459	1155.65231	1131.73825	1131.58422	
51.55662	1155.84641	1155.70467	1131.79884	1131.64531	
51.56681	1155.90926	1155.76576	1131.86045	1131.70639	
51.577	1155.97268	1155.82684	1131.92261	1131.75875	
51.58714	1156.03642	1155.88793	1131.98509	1131.81984	
51.60751	1156.16763	1156.00138	1132.1137	1131.93329	
51.62046	1156.25178	1156.03628	1132.19619	1132.02055	
51.62502	1156.28135	1156.11482	1132.22516	1132.04673	
51.63517	1156.34809	1156.17591	1132.29059	1132.10782	
51.64529	1156.41524	1156.24572	1132.35641	1132.16891	
51.65576	1156.48548	1156.31554	1132.42526	1132.22999	
51.66616	1156.55573	1156.37662	1132.49411	1132.29981	
51.67591	1156.62218	1156.43771	1132.55925	1132.36089	
51.6861	1156.69229	1156.50752	1132.62797	1132.43071	
51.69621	1156.76243	1156.57734	1132.69673	1132.49179	
51.70632	1156.83326	1156.64715	1132.76615	1132.5616	
51.71652	1156.90525	1156.71696	1132.83671	1132.63142	
51.72666	1156.97753	1156.78677	1132.90757	1132.70123	
51.7368	1157.05037	1156.85659	1132.97896	1132.77104	
51.74702	1157.12443	1156.9264	1133.05156	1132.84958	
51.75713	1157.1983	1156.99621	1133.12396	1132.9194	
51.76725	1157.27287	1157.06603	1133.19706	1132.99794	
51.77767	1157.35032	1157.13584	1133.27298	1133.06775	
51.78759	1157.42458	1157.20565	1133.34576	1133.13756	
51.79779	1157.50156	1157.27547	1133.42122	1133.2161	
51.80789	1157.57846	1157.35401	1133.4966	1133.28592	
51.81811	1157.65692	1157.42382	1133.5735	1133.36446	
51.82817	1157.73468	1157.50236	1133.64972	1133.43427	
51.83834	1157.81393	1157.57217	1133.7274	1133.51281	
51.84847	1157.89348	1157.65944	1133.80538	1133.59135	
51.85864	1157.97398	1157.72925	1133.88428	1133.66989	
51.86879	1158.05497	1157.81652	1133.96367	1133.74843	
51.87898	1158.13687	1157.89506	1134.04395	1133.82697	
51.88913	1158.21905	1157.98233	1134.12449	1133.90551	
51.89949	1158.30412	1158.06087	1134.20788	1133.99277	
51.90942	1158.38519	1158.14813	1134.28735	1134.07131	
51.91957	1158.46932	1158.22667	1134.36982	1134.14985	
51.9299	1158.55661	1158.31394	1134.45538	1134.23712	
51.93989	1158.63946	1158.4012	1134.53658	1134.32439	
51.95006	1158.72552	1158.47974	1134.62094	1134.40293	
51.96017	1158.8117	1158.56701	1134.70541	1134.49019	
51.97032	1158.89885	1158.65428	1134.79084	1134.57746	
51.9805	1158.98687	1158.74154	1134.87712	1134.656	
51.99061	1159.07486	1158.82881	1134.96336	1134.74327	
52.00123	1159.16809	1158.91608	1135.05474	1134.83926	
52.01101	1159.25446	1159.00334	1135.1394	1134.9178	
52.02102	1159.34336	1159.09934	1135.22655	1135.00507	
52.03117	1159.43426	1159.19533	1135.31564	1135.10106	
52.04138	1159.5262	1159.2826	1135.40577	1135.18833	
52.0515	1159.61804	1159.37859	1135.49579	1135.28432	
52.06166	1159.7109	1159.47458	1135.58681	1135.37159	
52.07178	1159.80386	1159.57058	1135.67793	1135.45885	
52.08197	1159.89821	1159.66657	1135.7704	1135.55484	
52.09246	1159.99603	1159.76256	1135.8663	1135.65084	
52.10356	1160.10022	1159.85855	1135.96842	1135.7381	
52.1124	1160.18366	1159.95455	1136.05021	1135.8341	
52.12259	1160.28038	1160.05054	1136.14501	1135.93009	
52.13299	1160.37985	1160.15526	1136.24251	1136.02608	
52.14282	1160.47441	1160.25125	1136.33519	1136.12208	
52.15299	1160.57282	1160.34725	1136.43166	1136.20934	
52.16318	1160.67216	1160.45197	1136.52903	1136.30534	
52.17327	1160.77106	1160.54796	1136.62597	1136.40133	
52.18344	1160.87141	1160.64395	1136.72433	1136.49732	
52.19362	1160.97246	1160.74867	1136.82339	1136.59332	
52.20379	1161.074	1160.85339	1136.92291	1136.68931	
52.21401	1161.17669	1160.95811	1137.02357	1136.7853	
52.2241	1161.27868	1161.06283	1137.12354	1136.89002	
52.23504	1161.39009	1161.16755	1137.23275	1136.99474	
52.24448	1161.48657	1161.27227	1137.32731	1137.09073	
52.25451	1161.58979	1161.37699	1137.42849	1137.18673	
52.26465	1161.69478	1161.48171	1137.5314	1137.29145	
52.27488	1161.80129	1161.59516	1137.6358	1137.39617	
52.28502	1161.90752	1161.7086	1137.73993	1137.50089	
52.29516	1162.01425	1161.82205	1137.84455	1137.59688	
52.30534	1162.1222	1161.9355	1137.95036	1137.7016	
52.31549	1162.23041	1162.04022	1138.05643	1137.79759	
52.32564	1162.33908	1162.15366	1138.16294	1137.90231	
52.33578	1162.44846	1162.25838	1138.27015	1138.00703	
52.34593	1162.55875	1162.37183	1138.37826	1138.11175	
52.35611	1162.66935	1162.47655	1138.48667	1138.21647	
52.36625	1162.78053	1162.58127	1138.59565	1138.32119	
52.37639	1162.8923	1162.69471	1138.70521	1138.42591	
52.38655	1163.00488	1162.79943	1138.81556	1138.53063	
52.39674	1163.1185	1162.91288	1138.92693	1138.64408	
52.40717	1163.23539	1163.0176	1139.0415	1138.75752	
52.41701	1163.34623	1163.12232	1139.15015	1138.86224	
52.42755	1163.46565	1163.24449	1139.26721	1138.98442	
52.43772	1163.58153	1163.34921	1139.38079	1139.08914	
52.44781	1163.69707	1163.45393	1139.49405	1139.21131	
52.45805	1163.81494	1163.56738	1139.60958	1139.31603	
52.46818	1163.93209	1163.68083	1139.72441	1139.4382	
52.47834	1164.0503	1163.78555	1139.84028	1139.54292	
52.48848	1164.16889	1163.89899	1139.95652	1139.66509	
52.49903	1164.29303	1164.01244	1140.0782	1139.76981	
52.50881	1164.40864	1164.11716	1140.19153	1139.88326	
52.5189	1164.52841	1164.23933	1140.30892	1139.99671	
52.52902	1164.64921	1164.35278	1140.42733	1140.11888	
52.53925	1164.77198	1164.46622	1140.54767	1140.23233	
52.54933	1164.89288	1164.5884	1140.66617	1140.34577	
52.55957	1165.01572	1164.71057	1140.78658	1140.46795	
52.56967	1165.13696	1164.83274	1140.90542	1140.58139	
52.57987	1165.25936	1164.95492	1141.0254	1140.69484	
52.59005	1165.38157	1165.07709	1141.14518	1140.81701	
52.60007	1165.50188	1165.19926	1141.26311	1140.93919	
52.61027	1165.62419	1165.32143	1141.38301	1141.06136	
52.62051	1165.74716	1165.44361	1141.50354	1141.18353	
52.6307	1165.86941	1165.56578	1141.62337	1141.3057	
52.64079	1165.99041	1165.69668	1141.74197	1141.42788	
52.65085	1166.11114	1165.81885	1141.86031	1141.55005	
52.66115	1166.23474	1165.94975	1141.98146	1141.67222	
52.67118	1166.35507	1166.07193	1142.09941	1141.7944	
52.6813	1166.47653	1166.20283	1142.21846	1141.91657	
52.69155	1166.59952	1166.33373	1142.33902	1142.03874	
52.70167	1166.72098	1166.4559	1142.45808	1142.16092	
52.71184	1166.84306	1166.5868	1142.57773	1142.28309	
52.72216	1166.96692	1166.7177	1142.69915	1142.40526	
52.73225	1167.08799	1166.8486	1142.81782	1142.53616	
52.74242	1167.21003	1166.9795	1142.93744	1142.65833	
52.75248	1167.33071	1167.10167	1143.05573	1142.78051	
52.76291	1167.45596	1167.23257	1143.1785	1142.91141	
52.77283	1167.57495	1167.36347	1143.29513	1143.03358	
52.78293	1167.69609	1167.49437	1143.41388	1143.15575	
52.79312	1167.81837	1167.62527	1143.53373	1143.27793	
52.80328	1167.94029	1167.74744	1143.65324	1143.4001	
52.81529	1168.08452	1167.90452	1143.79461	1143.54845	
52.82541	1168.20615	1168.03542	1143.91383	1143.67063	
52.83559	1168.32808	1168.16632	1144.03335	1143.80153	
52.84567	1168.44893	1168.28849	1144.15181	1143.91497	
52.85585	1168.57111	1168.41939	1144.27156	1144.03714	
52.86598	1168.69275	1168.54157	1144.3908	1144.15932	
52.87619	1168.81525	1168.67247	1144.51087	1144.28149	
52.88633	1168.93689	1168.79464	1144.6301	1144.39494	
52.89645	1169.05829	1168.91681	1144.7491	1144.51711	
52.90664	1169.18067	1169.04771	1144.86906	1144.63928	
52.9168	1169.30249	1169.17861	1144.98847	1144.76146	
52.92693	1169.42417	1169.30079	1145.10774	1144.88363	
52.93711	1169.5462	1169.42296	1145.22735	1145.0058	
52.94729	1169.66846	1169.54513	1145.34719	1145.11925	
52.95744	1169.79017	1169.6673	1145.46649	1145.24142	
52.96754	1169.9114	1169.78948	1145.58532	1145.35487	
52.97773	1170.03374	1169.91165	1145.70523	1145.47704	
52.98788	1170.15544	1170.03382	1145.82453	1145.59921	
52.99809	1170.27805	1170.156	1145.9447	1145.72139	
53.00825	1170.39993	1170.27817	1146.06417	1145.84356	
53.01835	1170.52118	1170.40034	1146.18302	1145.95701	
53.02859	1170.64405	1170.52252	1146.30346	1146.07045	
53.03867	1170.76503	1170.64469	1146.42204	1146.19263	
53.04882	1170.88679	1170.75814	1146.5414	1146.3148	
53.05898	1171.00868	1170.88031	1146.66087	1146.42825	
53.06915	1171.13077	1171.00248	1146.78054	1146.55042	
53.0793	1171.25249	1171.11593	1146.89986	1146.66387	
53.08944	1171.37425	1171.2381	1147.0192	1146.78604	
53.09965	1171.49677	1171.36027	1147.13929	1146.90821	
53.10984	1171.61897	1171.48245	1147.25908	1147.03038	
53.11995	1171.74041	1171.60462	1147.37811	1147.15256	
53.13011	1171.86225	1171.72679	1147.49754	1147.266	
53.14026	1171.98413	1171.84897	1147.61701	1147.38818	
53.15042	1172.10604	1171.96241	1147.7365	1147.50162	
53.16062	1172.22841	1172.08459	1147.85644	1147.6238	
53.17082	1172.35076	1172.20676	1147.97637	1147.74597	
53.1813	1172.47654	1172.32893	1148.09966	1147.86814	
53.19108	1172.59395	1172.4511	1148.21475	1147.99032	
53.20123	1172.71567	1172.57328	1148.33405	1148.10376	
53.21139	1172.83761	1172.69545	1148.45358	1148.21721	
53.22151	1172.95909	1172.81762	1148.57265	1148.33938	
53.23165	1173.0808	1172.9398	1148.69196	1148.46155	
53.24187	1173.20339	1173.0707	1148.81212	1148.58373	
53.25208	1173.3259	1173.18414	1148.93221	1148.69717	
53.26226	1173.44811	1173.31504	1149.05199	1148.81935	
53.27231	1173.56869	1173.43722	1149.17018	1148.93279	
53.28244	1173.69023	1173.55939	1149.28932	1149.05497	
53.29291	1173.81589	1173.68156	1149.41249	1149.17714	
53.30275	1173.93392	1173.80374	1149.52818	1149.29931	
53.3129	1174.05578	1173.93463	1149.64763	1149.41276	
53.32304	1174.17743	1174.05681	1149.76688	1149.53493	
53.33321	1174.29952	1174.18771	1149.88655	1149.64838	
53.34338	1174.42156	1174.30988	1150.00617	1149.77055	
53.36145	1174.63837	1174.52805	1150.21868	1149.97999	
53.37393	1174.7881	1174.6764	1150.36545	1150.13707	
53.37848	1174.84271	1174.73749	1150.41898	1150.18943	
53.38868	1174.96505	1174.85093	1150.5389	1150.30288	
53.39878	1175.08633	1174.98183	1150.65777	1150.42505	
53.40896	1175.20852	1175.09528	1150.77755	1150.5385	
53.41913	1175.33051	1175.21745	1150.89712	1150.66067	
53.42919	1175.45126	1175.33962	1151.01548	1150.78284	
53.43949	1175.57714	1175.4618	1151.13886	1150.90502	
53.44989	1175.69966	1175.58397	1151.25896	1151.01846	
53.45986	1175.81923	1175.70614	1151.37616	1151.13191	
53.47004	1175.94136	1175.82832	1151.49587	1151.25408	
53.48013	1176.06251	1175.94176	1151.61463	1151.37625	
53.49028	1176.1843	1176.06394	1151.734	1151.49843	
53.50068	1176.3092	1176.17738	1151.85643	1151.61187	
53.51056	1176.4277	1176.29956	1151.97258	1151.73405	
53.5208	1176.55051	1176.42173	1152.09296	1151.85622	
53.53083	1176.67089	1176.53518	1152.21096	1151.96967	
53.54102	1176.79313	1176.65735	1152.33078	1152.09184	
53.55115	1176.91477	1176.77952	1152.45	1152.21401	
53.56136	1177.03726	1176.89297	1152.57007	1152.33619	
53.57152	1177.15919	1177.01514	1152.68959	1152.44963	
53.58162	1177.28031	1177.13731	1152.80831	1152.5718	
53.59319	1177.42247	1177.25949	1152.94766	1152.69398	
53.60193	1177.52416	1177.38166	1153.04733	1152.80742	
53.62029	1177.74454	1177.50383	1153.26335	1153.02559	
53.62487	1177.7993	1177.65219	1153.31702	1153.08668	
53.63499	1177.92086	1177.77436	1153.43617	1153.20012	
53.64513	1178.04249	1177.88781	1153.5554	1153.3223	
53.65532	1178.16478	1178.00998	1153.67527	1153.44447	
53.66552	1178.28716	1178.13215	1153.79522	1153.56664	
53.67563	1178.40844	1178.25432	1153.9141	1153.68009	
53.68583	1178.53096	1178.3765	1154.0342	1153.80226	
53.69596	1178.65244	1178.49867	1154.15327	1153.92443	
53.70618	1178.77511	1178.62084	1154.27351	1154.04661	
53.71632	1178.89683	1178.74302	1154.39282	1154.16878	
53.72645	1179.01833	1178.86519	1154.51191	1154.29095	
53.73661	1179.14021	1178.98736	1154.63138	1154.41313	
53.74671	1179.26151	1179.10954	1154.75028	1154.52657	
53.75694	1179.38428	1179.24044	1154.87062	1154.64875	
53.76711	1179.50626	1179.36261	1154.99018	1154.77092	
53.77724	1179.62782	1179.48478	1155.10934	1154.89309	
53.78741	1179.74987	1179.61568	1155.22897	1155.00654	
53.79755	1179.87154	1179.73785	1155.34823	1155.12871	
53.80766	1179.99284	1179.86003	1155.46712	1155.25089	
53.81784	1180.11503	1179.9822	1155.5869	1155.37306	
53.82797	1180.23663	1180.1131	1155.70609	1155.49523	
53.83821	1180.35947	1180.23527	1155.8265	1155.6174	
53.84828	1180.48027	1180.35745	1155.9449	1155.73958	
53.85842	1180.60204	1180.48835	1156.06426	1155.86175	
53.86866	1180.72492	1180.61052	1156.18471	1155.98392	
53.87873	1180.84574	1180.73269	1156.30313	1156.1061	
53.88886	1180.96729	1180.85487	1156.42228	1156.22827	
53.89901	1181.08909	1180.97704	1156.54166	1156.35044	
53.9092	1181.21132	1181.09921	1156.66147	1156.47262	
53.91934	1181.33301	1181.22138	1156.78076	1156.58606	
53.92943	1181.4541	1181.34356	1156.89945	1156.70824	
53.93964	1181.5766	1181.47446	1157.01952	1156.82168	
53.9498	1181.69853	1181.5879	1157.13904	1156.94385	
53.95994	1181.82015	1181.7188	1157.25825	1157.06603	
53.97011	1181.94229	1181.84098	1157.37797	1157.17947	
53.98027	1182.06419	1181.95442	1157.49746	1157.30165	
53.9904	1182.18571	1182.0766	1157.61657	1157.41509	
54.00053	1182.30729	1182.19877	1157.73574	1157.53727	
54.01075	1182.42992	1182.32094	1157.85594	1157.65071	
54.02124	1182.55582	1182.44311	1157.97935	1157.76416	
54.03103	1182.67336	1182.55656	1158.09457	1157.88633	
54.04111	1182.79429	1182.67873	1158.2131	1158.00851	
54.05133	1182.91688	1182.80091	1158.33326	1158.13068	
54.06141	1183.03789	1182.91435	1158.45187	1158.24412	
54.07157	1183.15975	1183.03653	1158.57132	1158.3663	
54.08171	1183.2814	1183.1587	1158.69057	1158.47974	
54.09186	1183.40326	1183.27215	1158.81001	1158.60192	
54.10211	1183.52629	1183.39432	1158.9306	1158.72409	
54.11222	1183.64762	1183.51649	1159.04953	1158.84626	
54.12243	1183.77011	1183.63867	1159.1696	1158.95971	
54.13249	1183.89079	1183.75211	1159.28788	1159.07316	
54.1426	1184.01217	1183.87428	1159.40686	1159.19533	
54.15278	1184.13427	1183.99646	1159.52654	1159.3175	
54.16292	1184.25599	1184.11863	1159.64586	1159.43968	
54.17308	1184.37791	1184.23208	1159.76537	1159.55312	
54.18325	1184.49998	1184.35425	1159.88501	1159.67529	
54.19337	1184.62139	1184.47642	1160.00402	1159.79747	
54.21141	1184.8379	1184.69459	1160.21624	1160.00691	
54.21597	1184.89255	1184.74695	1160.26981	1160.06799	
54.22611	1185.01429	1184.86912	1160.38914	1160.18144	
54.23697	1185.14467	1184.98257	1160.51693	1160.30361	
54.24641	1185.25791	1185.11347	1160.62794	1160.41706	
54.25654	1185.37943	1185.23564	1160.74705	1160.53923	
54.26667	1185.50096	1185.35781	1160.86617	1160.66141	
54.27685	1185.6232	1185.47999	1160.98599	1160.78358	
54.28733	1185.74893	1185.60216	1161.10923	1160.90575	
54.29716	1185.8668	1185.72433	1161.22477	1161.0192	
54.30738	1185.98954	1185.84651	1161.34508	1161.13264	
54.31748	1186.11074	1185.96868	1161.46388	1161.25482	
54.32759	1186.23201	1186.09085	1161.58275	1161.37699	
54.33779	1186.35439	1186.22175	1161.7027	1161.49916	
54.34796	1186.47649	1186.35265	1161.82238	1161.61261	
54.35814	1186.59861	1186.47483	1161.94209	1161.73478	
54.36825	1186.71992	1186.597	1162.06099	1161.84823	
54.37837	1186.84141	1186.7279	1162.18008	1161.9704	
54.38888	1186.96754	1186.8588	1162.30371	1162.09258	
54.39874	1187.08585	1186.98097	1162.41968	1162.21475	
54.40889	1187.20759	1187.10314	1162.539	1162.3282	
54.41903	1187.32927	1187.22532	1162.65828	1162.44164	
54.42916	1187.45083	1187.34749	1162.77743	1162.57254	
54.43937	1187.57337	1187.46966	1162.89755	1162.68599	
54.44949	1187.69551	1187.59184	1163.01726	1162.80816	
54.45968	1187.8171	1187.71401	1163.13645	1162.93033	
54.4698	1187.93849	1187.83618	1163.25544	1163.04378	
54.48003	1188.06127	1187.95836	1163.37578	1163.16595	
54.49014	1188.18256	1188.08053	1163.49467	1163.2794	
54.50028	1188.30425	1188.2027	1163.61396	1163.40157	
54.51045	1188.42639	1188.32487	1163.73367	1163.52375	
54.52056	1188.54761	1188.44705	1163.8525	1163.63719	
54.53079	1188.67048	1188.56922	1163.97293	1163.75064	
54.54129	1188.79649	1188.68267	1164.09645	1163.87281	
54.55103	1188.91324	1188.80484	1164.21089	1163.99498	
54.56119	1189.03516	1188.92701	1164.33039	1164.11716	
54.57133	1189.15694	1189.04046	1164.44976	1164.2306	
54.58145	1189.27832	1189.16263	1164.56873	1164.34405	
54.59161	1189.4003	1189.28481	1164.6883	1164.46622	
54.60195	1189.52429	1189.40698	1164.80984	1164.5884	
54.61999	1189.74092	1189.52915	1165.02217	1164.79784	
54.62455	1189.79546	1189.6775	1165.07563	1164.8502	
54.63468	1189.91708	1189.79968	1165.19484	1164.97237	
54.64488	1190.03954	1189.92185	1165.31488	1165.09454	
54.65502	1190.16121	1190.0353	1165.43414	1165.21672	
54.66519	1190.28317	1190.1662	1165.55369	1165.33016	
54.67534	1190.40507	1190.27964	1165.67317	1165.44361	
54.69366	1190.62489	1190.49781	1165.88864	1165.6705	
54.69823	1190.68007	1190.5589	1165.94273	1165.72286	
54.70842	1190.80201	1190.68107	1166.06225	1165.83631	
54.71854	1190.92346	1190.79452	1166.1813	1165.95848	
54.72869	1191.0452	1190.91669	1166.30062	1166.08065	
54.73885	1191.16718	1191.03886	1166.42019	1166.1941	
54.74902	1191.28911	1191.15231	1166.53971	1166.31627	
54.75918	1191.41108	1191.28321	1166.65926	1166.43845	
54.76937	1191.53339	1191.39665	1166.77915	1166.56062	
54.77958	1191.65588	1191.51883	1166.89921	1166.68279	
54.78962	1191.77643	1191.641	1167.01738	1166.80496	
54.79994	1191.90117	1191.76317	1167.13965	1166.92714	
54.81	1192.02103	1191.88535	1167.25713	1167.04058	
54.82011	1192.14229	1192.01625	1167.37599	1167.16276	
54.83031	1192.26463	1192.13842	1167.49591	1167.28493	
54.84043	1192.38604	1192.26059	1167.61492	1167.4071	
54.85051	1192.50712	1192.38277	1167.7336	1167.52928	
54.8608	1192.63055	1192.51366	1167.85459	1167.65145	
54.87086	1192.75125	1192.63584	1167.97289	1167.7649	
54.88124	1192.87631	1192.75801	1168.09548	1167.88707	
54.89143	1192.99805	1192.88891	1168.21481	1168.00924	
54.9017	1193.12138	1193.01108	1168.33569	1168.13142	
54.9117	1193.24146	1193.14198	1168.4534	1168.25359	
54.92182	1193.36282	1193.26416	1168.57235	1168.37576	
54.93207	1193.48583	1193.38633	1168.69293	1168.49793	
54.94226	1193.60806	1193.5085	1168.81274	1168.62011	
54.95231	1193.72861	1193.63068	1168.9309	1168.73355	
54.96278	1193.85431	1193.75285	1169.05411	1168.85573	
54.9726	1193.97213	1193.87502	1169.1696	1168.96917	
54.98276	1194.09404	1193.99719	1169.28909	1169.09135	
54.9929	1194.21574	1194.11937	1169.40839	1169.21352	
55.00305	1194.33758	1194.24154	1169.52781	1169.33569	
55.01321	1194.45952	1194.36371	1169.64734	1169.44914	
55.02335	1194.58111	1194.48589	1169.76651	1169.56259	
55.04145	1194.79837	1194.70405	1169.97947	1169.77202	
55.04601	1194.85306	1194.75641	1170.03309	1169.83311	
55.05613	1194.97443	1194.87859	1170.15205	1169.94656	
55.06635	1195.09708	1194.99203	1170.27227	1170.06873	
55.07648	1195.21873	1195.11421	1170.39151	1170.18218	
55.08663	1195.34042	1195.23638	1170.51079	1170.29562	
55.09679	1195.46235	1195.34982	1170.63031	1170.4178	
55.1069	1195.58373	1195.472	1170.74928	1170.53997	
55.11777	1195.71427	1195.58544	1170.87724	1170.66214	
55.12724	1195.82787	1195.70762	1170.98859	1170.77559	
55.13737	1195.94945	1195.82979	1171.10777	1170.88904	
55.14753	1196.07133	1195.95196	1171.22723	1171.01121	
55.15769	1196.19319	1196.07414	1171.34667	1171.13338	
55.16778	1196.31431	1196.18758	1171.4654	1171.25555	
55.17795	1196.43637	1196.30103	1171.58504	1171.369	
55.18812	1196.55842	1196.4232	1171.70467	1171.49117	
55.19836	1196.68121	1196.54538	1171.82504	1171.60462	
55.20844	1196.8022	1196.66755	1171.94362	1171.72679	
55.21855	1196.92354	1196.78099	1172.06257	1171.84897	
55.22887	1197.04739	1196.90317	1172.18397	1171.97114	
55.23964	1197.17669	1197.01661	1172.3107	1172.08459	
55.24905	1197.28958	1197.14751	1172.42135	1172.20676	
55.25924	1197.41188	1197.26096	1172.54124	1172.32893	
55.26936	1197.53323	1197.38313	1172.66018	1172.4511	
55.27957	1197.65576	1197.50531	1172.78028	1172.56455	
55.28971	1197.77744	1197.62748	1172.89955	1172.68672	
55.29986	1197.8992	1197.74965	1173.01891	1172.8089	
55.31001	1198.02099	1197.87183	1173.13828	1172.93107	
55.32012	1198.14242	1197.994	1173.25731	1173.05324	
55.33053	1198.26739	1198.1249	1173.3798	1173.17542	
55.34049	1198.38682	1198.24707	1173.49687	1173.28886	
55.3506	1198.50811	1198.36924	1173.61575	1173.41104	
55.36076	1198.63004	1198.50014	1173.73527	1173.53321	
55.37118	1198.75519	1198.62232	1173.85794	1173.64666	
55.3811	1198.87408	1198.74449	1173.97448	1173.76883	
55.39118	1198.99515	1198.86666	1174.09315	1173.891	
55.40133	1199.11688	1198.99756	1174.21247	1174.01317	
55.41153	1199.23931	1199.12846	1174.33248	1174.13535	
55.42162	1199.36036	1199.25064	1174.45113	1174.24879	
55.43178	1199.48225	1199.37281	1174.57061	1174.37097	
55.44192	1199.60397	1199.49498	1174.68992	1174.48441	
55.45994	1199.82021	1199.61715	1174.90187	1174.70258	
55.46448	1199.87468	1199.77423	1174.95526	1174.75494	
55.47464	1199.99667	1199.89641	1175.07484	1174.87711	
55.48488	1200.11942	1200.01858	1175.19516	1174.99929	
55.49494	1200.24029	1200.14075	1175.31364	1175.11273	
55.50514	1200.36269	1200.26293	1175.43362	1175.23491	
55.51522	1200.48363	1200.3851	1175.55216	1175.35708	
55.52536	1200.6053	1200.50727	1175.67142	1175.47925	
55.5355	1200.72692	1200.62945	1175.79063	1175.5927	
55.54572	1200.84958	1200.75162	1175.91086	1175.71487	
55.55586	1200.97124	1200.87379	1176.03011	1175.82832	
55.56601	1201.09311	1200.98724	1176.14957	1175.95049	
55.57614	1201.21465	1201.10941	1176.2687	1176.07266	
55.58632	1201.33629	1201.22286	1176.38794	1176.18611	
55.59648	1201.45628	1201.34503	1176.50554	1176.29956	
55.60661	1201.57562	1201.4672	1176.62253	1176.42173	
55.61723	1201.70022	1201.58938	1176.74466	1176.5439	
55.6269	1201.81296	1201.70282	1176.85516	1176.65735	
55.63706	1201.93099	1201.825	1176.97086	1176.77952	
55.6472	1202.048	1201.94717	1177.08554	1176.89297	
55.65738	1202.1649	1202.06934	1177.20014	1177.01514	
55.66757	1202.2814	1202.18279	1177.31432	1177.12859	
55.67766	1202.39609	1202.30496	1177.42674	1177.24203	
55.68782	1202.51094	1202.42713	1177.53932	1177.36421	
55.69801	1202.62547	1202.54058	1177.65159	1177.48638	
55.70817	1202.73907	1202.66275	1177.76293	1177.5911	
55.7184	1202.85285	1202.7762	1177.87446	1177.71327	
55.72847	1202.96431	1202.88965	1177.98372	1177.82672	
55.73859	1203.07565	1203.00309	1178.09285	1177.94017	
55.74885	1203.18797	1203.12527	1178.20295	1178.05361	
55.75893	1203.29765	1203.22999	1178.31046	1178.16706	
55.76907	1203.40737	1203.34343	1178.418	1178.2805	
55.77922	1203.51655	1203.45688	1178.52502	1178.39395	
55.78935	1203.62505	1203.57033	1178.63137	1178.49867	
55.79957	1203.73374	1203.68377	1178.73791	1178.62084	
55.80968	1203.84065	1203.78849	1178.8427	1178.72556	
55.81983	1203.94752	1203.90194	1178.94746	1178.83901	
55.82994	1204.0532	1204.01538	1179.05104	1178.94373	
55.84008	1204.15869	1204.1201	1179.15444	1179.05718	
55.85031	1204.26449	1204.23355	1179.25815	1179.1619	
55.86046	1204.36881	1204.33827	1179.3604	1179.26662	
55.8706	1204.47236	1204.45172	1179.4619	1179.37134	
55.88081	1204.57612	1204.55644	1179.56361	1179.48478	
55.89094	1204.67836	1204.66116	1179.66382	1179.5895	
55.90142	1204.78357	1204.76588	1179.76695	1179.69422	
55.91121	1204.8813	1204.8706	1179.86274	1179.79894	
55.92133	1204.98159	1204.98404	1179.96105	1179.89493	
55.9315	1205.08185	1205.09749	1180.05932	1179.99965	
55.94163	1205.18105	1205.20221	1180.15656	1180.10437	
55.95189	1205.28106	1205.30693	1180.25459	1180.20037	
55.96205	1205.37923	1205.42037	1180.35081	1180.30509	
55.97221	1205.47692	1205.52509	1180.44657	1180.40108	
55.98233	1205.57366	1205.62981	1180.54139	1180.48835	
55.99241	1205.66932	1205.73453	1180.63516	1180.59307	
56.00288	1205.76814	1205.83925	1180.73202	1180.68906	
56.0128	1205.86107	1205.93525	1180.82311	1180.77633	
56.02285	1205.95467	1206.03997	1180.91486	1180.87232	
56.03299	1206.0485	1206.13596	1181.00683	1180.95959	
56.04313	1206.14178	1206.23195	1181.09826	1181.05558	
56.05336	1206.23515	1206.32795	1181.18979	1181.15157	
56.06355	1206.32763	1206.42394	1181.28044	1181.23884	
56.07367	1206.41886	1206.51121	1181.36985	1181.33483	
56.08377	1206.50924	1206.59847	1181.45845	1181.4221	
56.09393	1206.59957	1206.68574	1181.54699	1181.50936	
56.10406	1206.68901	1206.78173	1181.63465	1181.60536	
56.11548	1206.78915	1206.869	1181.73281	1181.69262	
56.12439	1206.8668	1206.95626	1181.80893	1181.77116	
56.13454	1206.95461	1207.0348	1181.895	1181.8497	
56.14463	1207.04127	1207.12207	1181.97994	1181.93697	
56.15478	1207.12789	1207.20934	1182.06485	1182.02424	
56.16506	1207.21493	1207.27915	1182.15016	1182.10278	
56.1751	1207.2994	1207.36642	1182.23296	1182.18132	
56.18528	1207.38441	1207.44496	1182.31629	1182.25986	
56.19548	1207.46893	1207.5235	1182.39913	1182.3384	
56.20561	1207.55235	1207.60204	1182.48091	1182.42566	
56.21575	1207.63517	1207.68058	1182.56208	1182.49547	
56.22588	1207.71731	1207.75912	1182.6426	1182.57401	
56.23606	1207.79928	1207.83766	1182.72294	1182.65255	
56.24627	1207.88085	1207.90747	1182.8029	1182.73109	
56.25635	1207.96075	1207.99474	1182.88122	1182.80963	
56.2665	1208.04059	1208.06455	1182.95947	1182.88817	
56.27672	1208.1204	1208.14309	1183.0377	1182.96671	
56.28683	1208.19879	1208.22163	1183.11454	1183.03653	
56.29699	1208.27685	1208.29144	1183.19105	1183.10634	
56.3071	1208.35404	1208.36998	1183.26671	1183.18488	
56.31735	1208.43161	1208.44852	1183.34275	1183.26342	
56.32745	1208.50743	1208.51833	1183.41707	1183.33323	
56.33761	1208.58307	1208.59687	1183.49121	1183.40305	
56.34778	1208.65824	1208.66669	1183.56489	1183.47286	
56.3579	1208.73237	1208.7365	1183.63756	1183.54267	
56.3681	1208.80655	1208.81504	1183.71026	1183.61249	
56.37828	1208.87991	1208.88485	1183.78218	1183.6823	
56.38845	1208.95263	1208.95467	1183.85345	1183.76084	
56.39862	1209.02466	1209.02448	1183.92406	1183.83065	
56.40879	1209.09615	1209.09429	1183.99413	1183.90046	
56.4189	1209.16658	1209.16411	1184.06317	1183.97028	
56.42909	1209.23697	1209.23392	1184.13216	1184.04009	
56.43923	1209.3064	1209.30373	1184.20022	1184.1099	
56.44937	1209.3752	1209.37355	1184.26765	1184.17972	
56.45956	1209.44379	1209.44336	1184.33489	1184.2408	
56.46976	1209.51336	1209.51317	1184.40308	1184.31062	
56.47985	1209.57852	1209.58298	1184.46695	1184.38043	
56.48996	1209.64469	1209.64407	1184.5318	1184.45024	
56.50012	1209.71056	1209.71388	1184.59637	1184.52006	
56.51032	1209.77617	1209.77497	1184.66069	1184.58114	
56.52038	1209.84024	1209.84478	1184.72349	1184.64223	
56.53054	1209.90436	1209.9146	1184.78633	1184.71204	
56.54075	1209.96808	1209.97568	1184.8488	1184.78186	
56.55085	1210.03062	1210.03677	1184.9101	1184.84294	
56.56099	1210.09273	1210.10658	1184.97098	1184.90403	
56.57142	1210.15604	1210.16767	1185.03304	1184.97384	
56.58128	1210.21532	1210.22876	1185.09114	1185.0262	
56.59142	1210.2756	1210.28984	1185.15022	1185.09602	
56.60155	1210.33529	1210.35093	1185.20873	1185.1571	
56.61173	1210.39464	1210.42074	1185.26691	1185.21819	
56.62189	1210.45329	1210.4731	1185.3244	1185.27927	
56.63214	1210.51178	1210.54292	1185.38173	1185.34036	
56.64223	1210.56879	1210.59528	1185.43761	1185.39272	
56.6523	1210.62509	1210.66509	1185.49279	1185.45381	
56.66252	1210.6816	1210.71745	1185.54818	1185.51489	
56.67257	1210.73662	1210.77854	1185.60211	1185.56725	
56.68288	1210.79238	1210.83962	1185.65677	1185.61961	
56.69301	1210.84662	1210.89198	1185.70994	1185.67197	
56.70306	1210.89977	1210.94434	1185.76204	1185.72433	
56.7132	1210.95282	1211.00543	1185.81404	1185.78542	
56.72332	1211.00518	1211.06651	1185.86536	1185.82905	
56.74182	1211.09845	1211.16251	1185.95678	1185.92505	
56.74642	1211.1217	1211.18869	1185.97957	1185.95123	
56.75656	1211.17217	1211.24105	1186.02904	1186.00359	
56.76672	1211.22212	1211.29341	1186.078	1186.05595	
56.77683	1211.27128	1211.34577	1186.12619	1186.09958	
56.78699	1211.32004	1211.39813	1186.17398	1186.15194	
56.79722	1211.36852	1211.44176	1186.22151	1186.19557	
56.80732	1211.41581	1211.49412	1186.26786	1186.24793	
56.81746	1211.46265	1211.53775	1186.31377	1186.29157	
56.8278	1211.50981	1211.59011	1186.35999	1186.3352	
56.83792	1211.55538	1211.64247	1186.40466	1186.38756	
56.84807	1211.60042	1211.67738	1186.44882	1186.42247	
56.85823	1211.64495	1211.72974	1186.49246	1186.47483	
56.86839	1211.6889	1211.77337	1186.53554	1186.51846	
56.87864	1211.73262	1211.81701	1186.57839	1186.56209	
56.88876	1211.77515	1211.85191	1186.62008	1186.597	
56.89894	1211.81733	1211.90427	1186.66143	1186.64063	
56.90914	1211.85901	1211.93918	1186.70229	1186.68427	
56.9192	1211.89949	1211.98281	1186.74196	1186.71917	
56.92932	1211.93966	1212.01772	1186.78134	1186.7628	
56.93945	1211.97923	1212.06135	1186.82013	1186.80644	
56.9497	1212.01867	1212.09626	1186.85878	1186.84134	
56.95982	1212.05701	1212.13117	1186.89636	1186.87625	
56.96997	1212.09489	1212.16607	1186.93349	1186.91116	
56.98011	1212.13211	1212.20098	1186.96997	1186.94606	
56.99021	1212.16864	1212.23589	1187.00578	1186.9897	
57.00042	1212.20489	1212.27079	1187.04131	1187.0246	
57.0106	1212.24045	1212.3057	1187.07617	1187.05951	
57.02081	1212.27552	1212.34061	1187.11054	1187.09442	
57.03088	1212.30951	1212.36678	1187.14386	1187.12932	
57.04098	1212.34305	1212.40169	1187.17674	1187.1555	
57.05144	1212.37711	1212.42787	1187.21013	1187.19041	
57.06135	1212.40882	1212.46278	1187.24121	1187.22532	
57.07145	1212.44055	1212.48896	1187.27231	1187.26022	
57.0816	1212.47182	1212.51514	1187.30295	1187.27768	
57.09175	1212.50253	1212.55004	1187.33306	1187.31258	
57.10188	1212.53257	1212.57622	1187.36251	1187.33876	
57.12117	1212.58713	1212.6024	1187.41598	1187.39112	
57.12573	1212.60009	1212.63731	1187.42869	1187.39985	
57.13586	1212.62814	1212.66349	1187.45618	1187.42603	
57.14599	1212.65561	1212.68967	1187.48311	1187.45221	
57.1562	1212.6827	1212.72458	1187.50966	1187.47839	
57.16636	1212.70904	1212.74203	1187.53548	1187.50457	
57.17647	1212.73469	1212.76821	1187.56062	1187.52202	
57.18672	1212.76008	1212.79439	1187.58551	1187.5482	
57.19678	1212.78445	1212.81184	1187.6094	1187.57438	
57.20699	1212.80856	1212.83802	1187.63303	1187.59184	
57.21715	1212.83198	1212.8642	1187.65598	1187.60929	
57.22726	1212.85468	1212.88166	1187.67823	1187.63547	
57.23749	1212.87705	1212.89911	1187.70016	1187.65292	
57.24761	1212.89863	1212.91656	1187.72131	1187.6791	
57.25774	1212.91962	1212.93402	1187.74189	1187.68783	
57.26787	1212.94005	1212.95147	1187.76191	1187.70528	
57.27801	1212.9599	1212.9602	1187.78137	1187.72274	
57.28819	1212.97925	1212.96892	1187.80033	1187.74019	
57.29829	1212.99788	1212.98638	1187.8186	1187.74892	
57.30849	1213.01611	1213.00383	1187.83647	1187.76637	
57.31874	1213.03383	1213.00383	1187.85383	1187.7751	
57.32885	1213.05072	1213.02128	1187.87039	1187.78382	
57.33898	1213.0671	1213.03001	1187.88645	1187.80128	
57.34922	1213.08306	1213.03874	1187.90209	1187.80128	
57.35926	1213.09815	1213.03874	1187.91688	1187.81873	
57.36945	1213.11289	1213.05619	1187.93133	1187.81873	
57.37963	1213.12704	1213.05619	1187.9452	1187.82746	
57.38975	1213.14053	1213.06492	1187.95843	1187.83618	
57.39989	1213.1535	1213.07364	1187.97113	1187.84491	
57.41006	1213.16594	1213.07364	1187.98334	1187.84491	
57.42041	1213.17801	1213.07364	1187.99516	1187.85364	
57.43086	1213.1896	1213.08237	1188.00652	1187.85364	
57.44094	1213.20024	1213.0911	1188.01695	1187.85364	
57.45109	1213.21039	1213.0911	1188.0269	1187.86236	
57.46128	1213.22004	1213.0911	1188.03636	1187.86236	
57.47139	1213.22907	1213.0911	1188.04521	1187.87109	
57.48153	1213.23759	1213.09982	1188.05356	1187.87109	
57.49176	1213.24563	1213.09982	1188.06144	1187.87109	
57.50184	1213.25303	1213.09982	1188.06869	1187.87109	
57.51984	1213.26422	1213.09982	1188.07966	1187.87109	
57.52443	1213.26712	1213.09982	1188.08251	1187.87109	
57.53462	1213.27293	1213.09982	1188.0882	1187.87109	
57.54473	1213.27819	1213.09982	1188.09336	1187.87109	
57.55488	1213.28299	1213.09982	1188.09806	1187.87109	
57.56513	1213.28734	1213.09982	1188.10232	1187.87109	
57.57516	1213.29114	1213.09982	1188.10605	1187.87109	
57.58533	1213.29454	1213.09982	1188.10938	1187.87109	
57.59591	1213.29759	1213.09982	1188.11237	1187.87109	
57.60595	1213.30008	1213.09982	1188.11481	1187.87109	
57.61607	1213.30219	1213.09982	1188.11689	1187.87109	
57.62627	1213.30395	1213.09982	1188.1186	1187.87109	
57.63641	1213.30921	1213.09982	1188.12376	1187.87109	
57.6466	1213.30921	1213.09982	1188.12376	1187.87109	
57.65666	1213.30921	1213.09982	1188.12376	1187.87109	
57.66682	1213.30921	1213.09982	1188.12376	1187.87109	
57.67701	1213.30921	1213.09982	1188.12376	1187.87109	
57.68716	1213.30921	1213.09982	1188.12376	1187.87109	
57.69729	1213.30921	1213.09982	1188.12376	1187.87109	
57.70746	1213.30921	1213.09982	1188.12376	1187.87109	
57.71758	1213.30921	1213.09982	1188.12376	1187.87109	
57.72779	1213.30921	1213.09982	1188.12376	1187.87109	
57.73795	1213.30921	1213.09982	1188.12376	1187.87109	
57.7481	1213.30921	1213.09982	1188.12376	1187.87109	
57.75827	1213.30921	1213.09982	1188.12376	1187.87109	
57.76842	1213.30921	1213.09982	1188.12376	1187.87109	
57.7786	1213.30921	1213.09982	1188.12376	1187.87109	
57.78871	1213.30921	1213.09982	1188.12376	1187.87109	
57.79891	1213.30921	1213.09982	1188.12376	1187.87109	
57.80904	1213.30921	1213.09982	1188.12376	1187.87109	
57.82095	1213.30921	1213.09982	1188.12376	1187.87109	
57.83107	1213.30921	1213.09982	1188.12376	1187.87109	
57.84115	1213.30921	1213.09982	1188.12376	1187.87109	
57.8513	1213.30921	1213.09982	1188.12376	1187.87109	
57.86145	1213.30921	1213.09982	1188.12376	1187.87109	
57.87158	1213.30921	1213.09982	1188.12376	1187.87109	
57.88192	1213.30921	1213.09982	1188.12376	1187.87109	
57.89194	1213.30921	1213.09982	1188.12376	1187.87109	
57.90211	1213.30921	1213.09982	1188.12376	1187.87109	
57.91222	1213.30921	1213.09982	1188.12376	1187.87109	
57.92239	1213.30921	1213.09982	1188.12376	1187.87109	
57.93282	1213.30921	1213.09982	1188.12376	1187.87109	
57.94285	1213.30921	1213.09982	1188.12376	1187.87109	
57.95281	1213.30921	1213.09982	1188.12376	1187.87109	
57.96297	1213.30921	1213.09982	1188.12376	1187.87109	
57.97319	1213.30921	1213.09982	1188.12376	1187.87109	
57.98325	1213.30921	1213.09982	1188.12376	1187.87109	
57.99341	1213.30921	1213.09982	1188.12376	1187.87109	
58.01189	1213.30921	1213.09982	1188.12376	1187.87109	
58.01644	1213.30921	1213.09982	1188.12376	1187.87109	
58.02661	1213.30921	1213.09982	1188.12376	1187.87109	
58.03674	1213.30921	1213.09982	1188.12376	1187.87109	
58.0471	1213.30921	1213.09982	1188.12376	1187.87109	
58.05706	1213.30921	1213.09982	1188.12376	1187.87109	
58.06721	1213.30921	1213.09982	1188.12376	1187.87109	
58.07744	1213.30921	1213.09982	1188.12376	1187.87109	
58.08753	1213.30921	1213.09982	1188.12376	1187.87109	
58.09767	1213.30921	1213.09982	1188.12376	1187.87109	
58.10788	1213.30921	1213.09982	1188.12376	1187.87109	
58.11936	1213.30921	1213.09982	1188.12376	1187.87109	
58.12817	1213.30921	1213.09982	1188.12376	1187.87109	
58.13829	1213.30921	1213.09982	1188.12376	1187.87109	
58.14847	1213.30921	1213.09982	1188.12376	1187.87109	
58.1587	1213.30921	1213.09982	1188.12376	1187.87109	
58.1688	1213.30921	1213.09982	1188.12376	1187.87109	
58.17891	1213.30921	1213.09982	1188.12376	1187.87109	
58.18911	1213.30921	1213.09982	1188.12376	1187.87109	
58.19926	1213.30921	1213.09982	1188.12376	1187.87109	
58.20941	1213.30921	1213.09982	1188.12376	1187.87109	
58.21957	1213.30921	1213.09982	1188.12376	1187.87109	
58.22967	1213.30921	1213.09982	1188.12376	1187.87109	
58.24002	1213.30921	1213.09982	1188.12376	1187.87109	
58.25001	1213.30921	1213.09982	1188.12376	1187.87109	
58.26019	1213.30921	1213.09982	1188.12376	1187.87109	
58.2703	1213.30921	1213.09982	1188.12376	1187.87109	
58.28047	1213.30921	1213.09982	1188.12376	1187.87109	
58.29072	1213.30921	1213.09982	1188.12376	1187.87109	
58.30118	1213.30921	1213.09982	1188.12376	1187.87109	
58.31096	1213.30921	1213.09982	1188.12376	1187.87109	
58.32109	1213.30921	1213.09982	1188.12376	1187.87109	
58.33131	1213.30921	1213.09982	1188.12376	1187.87109	
58.3414	1213.30921	1213.09982	1188.12376	1187.87109	
58.35152	1213.30921	1213.09982	1188.12376	1187.87109	
58.36166	1213.30921	1213.09982	1188.12376	1187.87109	
58.37187	1213.30921	1213.09982	1188.12376	1187.87109	
58.38204	1213.30921	1213.09982	1188.12376	1187.87109	
58.39218	1213.30921	1213.09982	1188.12376	1187.87109	
58.40226	1213.30921	1213.09982	1188.12376	1187.87109	
58.41249	1213.30921	1213.09982	1188.12376	1187.87109	
58.43046	1213.30921	1213.09982	1188.12376	1187.87109	
58.43504	1213.30921	1213.09982	1188.12376	1187.87109	
58.44528	1213.30921	1213.09982	1188.12376	1187.87109	
58.45534	1213.30921	1213.09982	1188.12376	1187.87109	
58.4655	1213.30921	1213.09982	1188.12376	1187.87109	
58.47567	1213.30921	1213.09982	1188.12376	1187.87109	
58.48584	1213.30921	1213.09982	1188.12376	1187.87109	
58.49598	1213.30921	1213.09982	1188.12376	1187.87109	
58.50613	1213.30921	1213.09982	1188.12376	1187.87109	
58.51631	1213.30921	1213.09982	1188.12376	1187.87109	
58.52641	1213.30921	1213.09982	1188.12376	1187.87109	
58.53654	1213.30921	1213.09982	1188.12376	1187.87109	
58.54675	1213.30921	1213.09982	1188.12376	1187.87109	
58.5569	1213.30921	1213.09982	1188.12376	1187.87109	
58.56706	1213.30921	1213.09982	1188.12376	1187.87109	
58.57718	1213.30921	1213.09982	1188.12376	1187.87109	
58.58736	1213.30921	1213.09982	1188.12376	1187.87109	
58.59754	1213.30921	1213.09982	1188.12376	1187.87109	
58.60764	1213.30921	1213.09982	1188.12376	1187.87109	
58.61784	1213.30921	1213.09982	1188.12376	1187.87109	
58.62805	1213.30921	1213.09982	1188.12376	1187.87109	
58.63812	1213.30921	1213.09982	1188.12376	1187.87109	
58.64824	1213.30921	1213.09982	1188.12376	1187.87109	
58.65838	1213.30921	1213.09982	1188.12376	1187.87109	
58.66859	1213.30921	1213.09982	1188.12376	1187.87109	
58.68671	1213.30921	1213.09982	1188.12376	1187.87109	
58.6913	1213.30921	1213.09982	1188.12376	1187.87109	
58.70148	1213.30921	1213.09982	1188.12376	1187.87109	
58.71157	1213.30921	1213.09982	1188.12376	1187.87109	
58.72173	1213.30921	1213.09982	1188.12376	1187.87109	
58.73193	1213.30921	1213.09982	1188.12376	1187.87109	
58.74211	1213.30921	1213.09982	1188.12376	1187.87109	
58.75224	1213.30921	1213.09982	1188.12376	1187.87109	
58.76232	1213.30921	1213.09982	1188.12376	1187.87109	
58.77277	1213.30921	1213.09982	1188.12376	1187.87109	
58.78271	1213.30921	1213.09982	1188.12376	1187.87109	
58.79278	1213.30921	1213.09982	1188.12376	1187.87109	
58.80292	1213.30921	1213.09982	1188.12376	1187.87109	
58.81306	1213.30921	1213.09982	1188.12376	1187.87109	
58.82321	1213.30921	1213.09982	1188.12376	1187.87109	
58.8334	1213.30921	1213.09982	1188.12376	1187.87109	
58.84358	1213.30921	1213.09982	1188.12376	1187.87109	
58.85369	1213.30921	1213.09982	1188.12376	1187.87109	
58.8638	1213.30921	1213.09982	1188.12376	1187.87109	
58.87416	1213.30921	1213.09982	1188.12376	1187.87109	
58.88442	1213.30921	1213.09982	1188.12376	1187.87109	
58.89455	1213.30921	1213.09982	1188.12376	1187.87109	
58.90471	1213.30921	1213.09982	1188.12376	1187.87109	
58.9149	1213.30921	1213.09982	1188.12376	1187.87109	
58.92503	1213.30921	1213.09982	1188.12376	1187.87109	
58.9352	1213.30921	1213.09982	1188.12376	1187.87109	
58.94537	1213.30921	1213.09982	1188.12376	1187.87109	
58.95552	1213.30921	1213.09982	1188.12376	1187.87109	
58.96569	1213.30921	1213.09982	1188.12376	1187.87109	
58.9758	1213.30921	1213.09982	1188.12376	1187.87109	
58.98617	1213.30921	1213.09982	1188.12376	1187.87109	
58.9962	1213.30921	1213.09982	1188.12376	1187.87109	
59.00631	1213.30921	1213.09982	1188.12376	1187.87109	
59.01648	1213.30921	1213.09982	1188.12376	1187.87109	
59.02659	1213.30921	1213.09982	1188.12376	1187.87109	
59.03676	1213.30921	1213.09982	1188.12376	1187.87109	
59.04694	1213.30921	1213.09982	1188.12376	1187.87109	
59.05709	1213.30921	1213.09982	1188.12376	1187.87109	
59.06725	1213.30921	1213.09982	1188.12376	1187.87109	
59.07743	1213.30921	1213.09982	1188.12376	1187.87109	
59.08757	1213.30921	1213.09982	1188.12376	1187.87109	
59.09777	1213.30921	1213.09982	1188.12376	1187.87109	
59.10797	1213.30921	1213.09982	1188.12376	1187.87109	
59.11937	1213.30921	1213.09982	1188.12376	1187.87109	
59.12824	1213.30921	1213.09982	1188.12376	1187.87109	
59.13836	1213.30921	1213.09982	1188.12376	1187.87109	
59.1485	1213.30921	1213.09982	1188.12376	1187.87109	
59.15868	1213.30921	1213.09982	1188.12376	1187.87109	
59.16883	1213.30921	1213.09982	1188.12376	1187.87109	
59.17894	1213.30921	1213.09982	1188.12376	1187.87109	
59.18918	1213.30921	1213.09982	1188.12376	1187.87109	
59.19936	1213.30921	1213.09982	1188.12376	1187.87109	
59.20956	1213.30921	1213.09982	1188.12376	1187.87109	
59.21965	1213.30921	1213.09982	1188.12376	1187.87109	
59.22976	1213.30921	1213.09982	1188.12376	1187.87109	
59.23995	1213.30921	1213.09982	1188.12376	1187.87109	
59.25011	1213.30921	1213.09982	1188.12376	1187.87109	
59.26023	1213.30921	1213.09982	1188.12376	1187.87109	
59.27037	1213.30921	1213.09982	1188.12376	1187.87109	
59.28053	1213.30921	1213.09982	1188.12376	1187.87109	
59.29079	1213.30921	1213.09982	1188.12376	1187.87109	
59.30111	1213.30921	1213.09982	1188.12376	1187.87109	
59.31103	1213.30921	1213.09982	1188.12376	1187.87109	
59.32117	1213.30921	1213.09982	1188.12376	1187.87109	
59.33131	1213.30921	1213.09982	1188.12376	1187.87109	
59.34152	1213.30921	1213.09982	1188.12376	1187.87109	
59.35162	1213.30921	1213.09982	1188.12376	1187.87109	
59.36175	1213.30921	1213.09982	1188.12376	1187.87109	
59.37198	1213.30921	1213.09982	1188.12376	1187.87109	
59.38996	1213.30921	1213.09982	1188.12376	1187.87109	
59.39466	1213.30921	1213.09982	1188.12376	1187.87109	
59.40515	1213.30921	1213.09982	1188.12376	1187.87109	
59.41501	1213.30921	1213.09982	1188.12376	1187.87109	
59.42511	1213.30921	1213.09982	1188.12376	1187.87109	
59.4353	1213.30921	1213.09982	1188.12376	1187.87109	
59.44548	1213.30921	1213.09982	1188.12376	1187.87109	
59.45562	1213.30921	1213.09982	1188.12376	1187.87109	
59.46576	1213.30921	1213.09982	1188.12376	1187.87109	
59.476	1213.30921	1213.09982	1188.12376	1187.87109	
59.4861	1213.30921	1213.09982	1188.12376	1187.87109	
59.49621	1213.30921	1213.09982	1188.12376	1187.87109	
59.50639	1213.30921	1213.09982	1188.12376	1187.87109	
59.51658	1213.30921	1213.09982	1188.12376	1187.87109	
59.52673	1213.30921	1213.09982	1188.12376	1187.87109	
59.53684	1213.30921	1213.09982	1188.12376	1187.87109	
59.54696	1213.30921	1213.09982	1188.12376	1187.87109	
59.55716	1213.30921	1213.09982	1188.12376	1187.87109	
