0.03662072	853.509637	853.509637	835.550199	835.550199	
0.04449066	853.510194	853.509637	835.550745	835.550199	
0.0515146	853.510969	853.509637	835.551504	835.550199	
0.06165552	853.5128	853.509637	835.553299	835.550199	
0.07179645	853.515248	853.518364	835.555699	835.550199	
0.08202737	853.518349	853.518364	835.558738	835.550199	
0.09216129	853.522033	853.518364	835.56235	835.550199	
0.1022572	853.526313	853.527091	835.566545	835.558926	
0.1124501	853.531262	853.535817	835.571396	835.558926	
0.1226181	853.53682	853.535817	835.576844	835.558926	
0.132785	853.542993	853.544544	835.582895	835.558926	
0.1429329	853.549775	853.553271	835.589542	835.558926	
0.1530798	853.557172	853.553271	835.596793	835.558926	
0.1632887	853.565245	853.570724	835.604706	835.558926	
0.1734157	853.573867	853.570724	835.613157	835.558926	
0.1835676	853.583125	853.579451	835.622232	835.558926	
0.1936825	853.592961	853.588177	835.631873	835.558926	
0.2038194	853.603438	853.605631	835.642143	835.558926	
0.2140753	853.614673	853.605631	835.653155	835.558926	
0.2241493	853.626311	853.623084	835.664562	835.558926	
0.2343472	853.638724	853.623084	835.67673	835.558926	
0.2445781	853.651802	853.631811	835.689549	835.558926	
0.254615	853.665233	853.640537	835.702714	835.558926	
0.264794	853.679475	853.640537	835.716674	835.558926	
0.2749039	853.694235	853.649264	835.731142	835.558926	
0.2851648	853.70986	853.65799	835.746457	835.558926	
0.2952487	853.725808	853.65799	835.762089	835.558926	
0.3053446	853.742386	853.65799	835.778339	835.558926	
0.3155466	853.759771	853.666717	835.79538	835.567653	
0.3260235	853.778436	853.666717	835.813675	835.576379	
0.3358584	853.796242	853.666717	835.831129	835.585106	
0.3460153	853.81547	853.666717	835.849975	835.593833	
0.3560972	853.835036	853.675444	835.869155	835.611286	
0.3663252	853.855585	853.675444	835.889296	835.628739	
0.3764161	853.876487	853.675444	835.909785	835.646193	
0.386624	853.89823	853.675444	835.931097	835.654919	
0.3968629	853.920657	853.68417	835.95308	835.672373	
0.4069138	853.943284	853.692897	835.975259	835.698552	
0.4170648	853.966763	853.701624	835.998273	835.716006	
0.4272447	853.990943	853.71035	836.021974	835.733459	
0.4375656	854.016093	853.727804	836.046626	835.759639	
0.4474625	854.040775	853.73653	836.07082	835.785819	
0.4576235	854.066749	853.753984	836.096279	835.803272	
0.4678064	854.093404	853.771437	836.122406	835.829452	
0.4860312	854.143778	853.81507	836.171783	835.881812	
0.4906782	854.156931	853.81507	836.184675	835.890539	
0.5008681	854.184963	853.849977	836.212152	835.925445	
0.510998	854.2141	853.86743	836.240712	835.960352	
0.521163	854.243964	853.902337	836.269985	835.986532	
0.5313289	854.274443	853.928516	836.29986	836.021438	
0.5421448	854.307628	853.954696	836.332388	836.065072	
0.5515837	854.337034	853.989603	836.361212	836.091252	
0.5617206	854.369283	854.02451	836.392822	836.134885	
0.5718616	854.402154	854.059416	836.425043	836.169791	
0.5820625	854.43585	854.094323	836.458071	836.204698	
0.5921964	854.469943	854.129229	836.491489	836.239605	
0.6023743	854.504802	854.172863	836.525658	836.291964	
0.6125953	854.54043	854.216496	836.56058	836.326871	
0.6226742	854.576179	854.251402	836.595621	836.370504	
0.6327831	854.612648	854.295036	836.631368	836.414137	
0.64298	854.650054	854.338669	836.668034	836.449044	
0.6531359	854.687923	854.373575	836.705153	836.501404	
0.6632749	854.726353	854.417209	836.742822	836.53631	
0.6734348	854.76549	854.460842	836.781184	836.58867	
0.6835617	854.805107	854.504475	836.820016	836.623577	
0.6937506	854.84559	854.548108	836.859698	836.675937	
0.7041235	854.887453	854.600468	836.900731	836.71957	
0.7142885	854.929114	854.652828	836.941567	836.763203	
0.7244924	854.971519	854.696461	836.983133	836.806837	
0.7346093	855.014186	854.748821	837.024955	836.85047	
0.7447132	855.057424	854.792454	837.067336	836.90283	
0.7548701	855.101513	854.844814	837.110553	836.937736	
0.7650611	855.146379	854.897174	837.15453	836.990096	
0.775193	855.191563	854.949534	837.198819	837.025003	
0.7853409	855.23745	855.001894	837.243798	837.077363	
0.7954758	855.283917	855.054254	837.289345	837.120996	
0.8059187	855.332466	855.106614	837.336932	837.164629	
0.8159247	855.379523	855.158974	837.383058	837.208262	
0.8260726	855.42806	855.211333	837.430633	837.251895	
0.8362215	855.476899	855.263693	837.478505	837.295529	
0.8463154	855.526272	855.316053	837.526901	837.339162	
0.8565164	855.576736	855.37714	837.576366	837.391522	
0.8666413	855.627498	855.420773	837.626122	837.426428	
0.8768852	855.679427	855.48186	837.677023	837.478788	
0.8869651	855.731171	855.534219	837.727742	837.522422	
0.897327	855.785025	855.595306	837.78053	837.566055	
0.907274	855.837257	855.647666	837.831728	837.618415	
0.9174229	855.891196	855.700026	837.884598	837.670774	
0.9277938	855.946989	855.761112	837.939286	837.714408	
0.9379117	856.001994	855.813472	837.993203	837.766768	
0.9480496	856.057748	855.874559	838.047852	837.810401	
0.9583296	856.114932	855.926918	838.103904	837.862761	
0.9684195	856.17162	855.979278	838.159469	837.915121	
0.9785594	856.229235	856.040365	838.215944	837.96748	
0.9887573	856.287806	856.101451	838.273355	838.01984	
0.9988002	856.346081	856.153811	838.330476	838.0722	
1.00898	856.405795	856.214898	838.389007	838.12456	
1.019195	856.466329	856.275984	838.448343	838.17692	
1.029297	856.526791	856.337071	838.507607	838.22928	
1.039426	856.58803	856.398157	838.567634	838.290366	
1.049661	856.650573	856.459244	838.628938	838.351453	
1.06024	856.715894	856.52033	838.692966	838.403813	
1.070291	856.778508	856.590144	838.75434	838.464899	
1.080483	856.842666	856.65123	838.817227	838.525986	
1.090643	856.907221	856.712317	838.880505	838.578346	
1.100797	856.97237	856.78213	838.944363	838.648159	
1.110965	857.03821	856.851943	839.0089	838.709245	
1.121162	857.104916	856.913029	839.074284	838.770332	
1.131316	857.171891	856.982843	839.139933	838.831418	
1.141453	857.23939	857.043929	839.206096	838.892505	
1.151559	857.307295	857.113742	839.272655	838.962318	
1.161757	857.376478	857.183556	839.340469	839.032131	
1.180508	857.506254	857.253369	839.467676	839.154304	
1.185021	857.537356	857.340635	839.498161	839.180484	
1.19519	857.608362	857.410448	839.567761	839.250297	
1.205292	857.67951	857.488988	839.6375	839.311384	
1.215437	857.751573	857.558801	839.708136	839.381197	
1.225688	857.825058	857.637341	839.780166	839.459737	
1.235848	857.898443	857.707154	839.852098	839.52955	
1.246034	857.972668	857.785694	839.924854	839.60809	
1.256081	858.046482	857.864234	839.997206	839.677903	
1.266226	858.121651	857.934047	840.070886	839.747716	
1.276447	858.197983	858.021314	840.145706	839.826256	
1.286572	858.274217	858.091127	840.220431	839.904796	
1.296691	858.35102	858.178393	840.295713	839.974609	
1.306942	858.429482	858.248206	840.372621	840.053149	
1.317397	858.510176	858.335473	840.451717	840.131689	
1.32716	858.586082	858.414013	840.526121	840.218955	
1.33729	858.665381	858.492552	840.603849	840.288768	
1.34746	858.745686	858.571092	840.682564	840.376035	
1.357564	858.826073	858.649632	840.761359	840.454575	
1.367732	858.907607	858.736899	840.841278	840.533114	
1.377889	858.989672	858.815438	840.921718	840.620381	
1.388032	859.072216	858.902705	841.002628	840.698921	
1.398303	859.15643	858.981245	841.085175	840.777461	
1.40837	859.239582	859.068511	841.16668	840.864727	
1.418501	859.323897	859.155778	841.249325	840.951993	
1.42903	859.412235	859.243044	841.335914	841.03926	
1.438825	859.494888	859.330311	841.41693	841.1178	
1.449354	859.584485	859.417577	841.504753	841.205066	
1.459119	859.668097	859.504843	841.58671	841.283606	
1.469242	859.755401	859.600837	841.672285	841.370873	
1.479428	859.843926	859.688103	841.759056	841.458139	
1.489624	859.933108	859.784096	841.846473	841.545405	
1.499754	860.022354	859.871363	841.933951	841.632672	
1.510089	860.11407	859.958629	842.023851	841.728665	
1.520042	860.202927	860.054622	842.110949	841.815931	
1.530274	860.294984	860.141889	842.201183	841.911925	
1.54107	860.392804	860.237882	842.297066	841.999191	
1.550606	860.479609	860.325148	842.382152	842.086458	
1.560717	860.572385	860.421141	842.473091	842.182451	
1.570861	860.666064	860.517134	842.564915	842.278444	
1.581104	860.761308	860.604401	842.658273	842.36571	
1.591216	860.855916	860.691667	842.751007	842.461703	
1.601381	860.95166	860.78766	842.844855	842.557696	
1.611533	861.047928	860.883654	842.939217	842.644963	
1.621669	861.144642	860.97092	843.034016	842.740956	
1.631852	861.242399	861.066913	843.129837	842.836949	
1.642031	861.341167	861.162906	843.226649	842.924216	
1.652185	861.439513	861.258899	843.323047	843.028935	
1.662315	861.53862	861.354892	843.420192	843.116202	
1.672512	861.639008	861.450886	843.518593	843.220922	
1.68263	861.739241	861.546879	843.61684	843.308188	
1.703051	861.944723	861.738865	843.818253	843.508901	
1.707623	861.990594	861.782498	843.863216	843.552534	
1.71775	862.093029	861.878491	843.963623	843.657254	
1.72789	862.196234	861.974484	844.064784	843.753247	
1.738037	862.300128	862.070477	844.166621	843.84924	
1.748377	862.406666	862.175197	844.271049	843.95396	
1.758374	862.51024	862.27119	844.372572	844.05868	
1.768531	862.616074	862.37591	844.47631	844.163399	
1.778651	862.722188	862.471903	844.580324	844.259392	
1.788857	862.829779	862.576623	844.685784	844.364112	
1.798951	862.936796	862.681343	844.790682	844.468832	
1.809112	863.045167	862.786062	844.896907	844.573552	
1.820983	863.172715	862.908235	845.021929	844.695725	
1.831009	863.280937	863.012955	845.128008	844.800444	
1.841144	863.390956	863.117675	845.235848	844.905164	
1.851643	863.505676	863.231121	845.348297	845.018611	
1.861851	863.617791	863.344568	845.458192	845.132057	
1.871838	863.728016	863.449288	845.566233	845.245503	
1.881979	863.840606	863.554007	845.676595	845.350223	
1.892162	863.954286	863.667454	845.788024	845.46367	
1.90231	864.068193	863.7809	845.899675	845.577116	
1.912462	864.182797	863.894347	846.012009	845.699289	
1.922653	864.298408	864.007793	846.125331	845.804009	
1.93287	864.414965	864.112513	846.23958	845.926182	
1.950937	864.623506	864.234686	846.443991	846.126895	
1.957176	864.695528	864.374312	846.514587	846.179255	
1.965711	864.794512	864.496485	846.611611	846.292701	
1.975829	864.912485	864.609931	846.727248	846.414874	
1.985998	865.031746	864.732105	846.844147	846.52832	
1.99615	865.151484	864.845551	846.961515	846.641767	
2.006295	865.271615	864.967724	847.079267	846.76394	
2.01647	865.392831	865.089897	847.198082	846.886113	
2.026589	865.51392	865.21207	847.316774	847.008286	
2.036858	865.63716	865.334243	847.437574	847.130459	
2.047326	865.762812	865.456416	847.560737	847.252632	
2.057097	865.880028	865.578589	847.675632	847.366078	
2.067195	866.001204	865.700762	847.794409	847.488252	
2.077332	866.122824	865.831662	847.91362	847.619151	
2.087501	866.244852	865.962562	848.033232	847.741324	
2.097608	866.366148	866.084735	848.152126	847.863497	
2.10778	866.488236	866.206908	848.271797	847.98567	
2.11792	866.60988	866.337807	848.391032	848.107843	
2.12806	866.73156	866.468707	848.510302	848.230016	
2.138299	866.854452	866.59088	848.630761	848.35219	
2.148357	866.97516	866.713053	848.749078	848.474363	
2.158919	867.101904	866.843953	848.873313	848.605262	
2.168655	867.2187	866.974853	848.987796	848.718709	
2.178837	867.340932	867.097026	849.107607	848.840882	
2.188991	867.46278	867.219199	849.227043	848.971781	
2.199079	867.583788	867.350098	849.345654	849.085228	
2.209269	867.706068	867.480998	849.465513	849.207401	
2.219446	867.828192	867.603171	849.585219	849.329574	
2.229613	867.950232	867.725344	849.704842	849.451747	
2.239759	868.071972	867.847517	849.824171	849.57392	
2.249844	868.192968	867.978417	849.942771	849.696093	
2.260076	868.315776	868.10059	850.063148	849.818266	
2.270598	868.442064	868.222763	850.186935	849.949166	
2.280415	868.55982	868.344936	850.302359	850.062612	
2.290563	868.681608	868.475836	850.421735	850.184785	
2.300788	868.804308	868.598009	850.542006	850.306958	
2.310841	868.92492	868.720182	850.660229	850.429131	
2.321036	869.047308	868.842355	850.780194	850.551304	
2.331216	869.169432	868.964528	850.8999	850.673477	
2.341361	869.291148	869.077974	851.019205	850.79565	
2.351576	869.413764	869.208874	851.139393	850.917824	
2.361723	869.535552	869.331047	851.25877	851.039997	
2.371928	869.658048	869.444494	851.37884	851.16217	
2.382081	869.779896	869.566667	851.498275	851.284343	
2.392224	869.90154	869.68884	851.61751	851.406516	
2.402378	870.023388	869.811013	851.736946	851.528689	
2.412513	870.145044	869.933186	851.856192	851.650862	
2.422695	870.267204	870.055359	851.975933	851.773035	
2.432864	870.389244	870.177532	852.095557	851.895208	
2.442956	870.510324	870.299705	852.214239	852.017381	
2.453137	870.632472	870.421878	852.333968	852.139554	
2.463231	870.7536	870.544051	852.452698	852.261727	
2.473434	870.876072	870.666224	852.572745	852.375173	
2.48362	870.99828	870.788397	852.692533	852.497346	
2.493775	871.120152	870.91057	852.811991	852.61952	
2.503879	871.241388	871.032743	852.930827	852.732966	
2.514064	871.36362	871.154916	853.050638	852.855139	
2.524239	871.485708	871.285816	853.170309	852.977312	
2.534444	871.608168	871.407989	853.290344	853.099485	
2.545239	871.737804	871.530162	853.417413	853.221658	
2.554698	871.851264	871.652335	853.528626	853.335105	
2.564894	871.973568	871.774508	853.648508	853.457278	
2.574968	872.094456	871.896681	853.767002	853.570724	
2.585184	872.217096	872.027581	853.887214	853.692897	
2.595352	872.339076	872.149754	854.006778	853.81507	
2.605472	872.460516	872.280654	854.125814	853.937243	
2.615615	872.582856	872.402827	854.245731	854.05069	
2.626044	872.708292	872.525	854.368683	854.172863	
2.635958	872.826348	872.647173	854.484401	854.286309	
2.646096	872.948016	872.769346	854.60366	854.408482	
2.656232	873.069636	872.900245	854.722872	854.530655	
2.666408	873.19176	873.022418	854.842577	854.652828	
2.676489	873.312768	873.144592	854.961189	854.775001	
2.694726	873.531588	873.266765	855.175676	854.984441	
2.699232	873.585636	873.415118	855.228654	855.036801	
2.709428	873.708036	873.537291	855.34863	855.158974	
2.719619	873.83028	873.659464	855.468454	855.27242	
2.729761	873.951972	873.781637	855.587736	855.394593	
2.73988	874.0734	873.90381	855.706759	855.508039	
2.750006	874.194912	874.025983	855.825865	855.630212	
2.760394	874.319616	874.148156	855.9481	855.743659	
2.770421	874.439928	874.270329	856.066029	855.857105	
2.780556	874.561548	874.392502	856.185241	855.979278	
2.790726	874.683624	874.514675	856.3049	856.101451	
2.800833	874.804872	874.628121	856.423747	856.206171	
2.811024	874.927188	874.750294	856.543641	856.328344	
2.82125	875.049864	874.863741	856.663887	856.450517	
2.831337	875.170896	874.985914	856.782523	856.563964	
2.8415	875.29284	875.108087	856.902052	856.686137	
2.851898	875.417628	875.23026	857.024369	856.799583	
2.862043	875.539404	875.352433	857.143733	856.921756	
2.872191	875.661132	875.474606	857.263051	857.043929	
2.882384	875.783448	875.596779	857.382945	857.157376	
2.892523	875.905128	875.718952	857.502215	857.279549	
2.902666	876.026856	875.841125	857.621533	857.392995	
2.912841	876.14898	875.963298	857.741239	857.515168	
2.923	876.270852	876.085471	857.860697	857.637341	
2.933202	876.393348	876.198918	857.980768	857.750788	
2.943293	876.514368	876.321091	858.099391	857.872961	
2.953409	876.635736	876.443264	858.218356	857.986407	
2.963621	876.758328	876.565437	858.33852	858.10858	
2.973766	876.880044	876.678883	858.457826	858.230753	
2.983856	877.001124	876.809783	858.576509	858.352926	
2.994046	877.12338	876.923229	858.696344	858.475099	
3.004203	877.245288	877.045402	858.815838	858.597272	
3.014426	877.367952	877.167575	858.936073	858.719445	
3.024544	877.48938	877.298475	859.055096	858.832892	
3.034688	877.611096	877.411922	859.174402	858.955065	
3.044952	877.734336	877.542821	859.295201	859.077238	
3.054986	877.854696	877.664994	859.413178	859.190684	
3.065117	877.976268	877.787167	859.532343	859.312857	
3.075241	878.097756	877.90934	859.651425	859.43503	
3.085436	878.22006	878.04024	859.771307	859.557203	
3.095555	878.341476	878.162413	859.890319	859.679376	
3.10579	878.464368	878.284586	860.010777	859.801549	
3.115933	878.586036	878.415486	860.130036	859.923722	
3.126055	878.707488	878.537659	860.249083	860.037169	
3.136204	878.829288	878.668559	860.368471	860.159342	
3.146322	878.950764	878.790732	860.487542	860.272788	
3.156539	879.073332	878.912905	860.607683	860.394961	
3.166651	879.194664	879.043804	860.726612	860.517134	
3.177131	879.32046	879.174704	860.849917	860.639307	
3.187245	879.44184	879.296877	860.968894	860.76148	
3.197588	879.565932	879.41905	861.090528	860.883654	
3.207826	879.688824	879.541223	861.210987	861.005827	
3.217704	879.807276	879.663396	861.327093	861.119273	
3.227854	879.929088	879.785569	861.446493	861.232719	
3.237988	880.050696	879.907742	861.565693	861.354892	
3.248172	880.172916	880.029915	861.685493	861.477065	
3.258741	880.299804	880.160815	861.809868	861.599239	
3.268598	880.418064	880.274262	861.925786	861.712685	
3.27873	880.539624	880.405161	862.044939	861.826131	
3.288863	880.661208	880.518608	862.164116	861.948304	
3.298984	880.782672	880.640781	862.283174	862.070477	
3.30921	880.905408	880.762954	862.40348	862.183924	
3.319347	881.02704	880.885127	862.522703	862.306097	
3.329478	881.148564	880.998573	862.641821	862.419543	
3.339711	881.271384	881.11202	862.762209	862.541716	
3.349783	881.392272	881.234193	862.880703	862.663889	
3.360231	881.517624	881.356366	863.003573	862.786062	
3.37038	881.639832	881.478539	863.123361	862.899509	
3.380486	881.76066	881.600712	863.241796	863.021682	
3.390645	881.882616	881.714158	863.361337	863.135128	
3.400751	882.003852	881.836331	863.480173	863.257301	
3.410954	882.126324	881.949778	863.600219	863.379474	
3.421183	882.249084	882.071951	863.720549	863.492921	
3.43129	882.37038	882.194124	863.839443	863.615094	
3.441412	882.49182	882.316297	863.958478	863.72854	
3.451578	882.613776	882.429743	864.078019	863.850713	
3.461703	882.735312	882.551916	864.197148	863.972886	
3.471859	882.857148	882.674089	864.316572	864.086333	
3.482042	882.979368	882.787536	864.436371	864.208506	
3.492197	883.101204	882.909709	864.555795	864.330679	
3.502387	883.223472	883.031882	864.675642	864.452852	
3.512506	883.344936	883.154055	864.7947	864.566298	
3.522836	883.468932	883.276228	864.916241	864.688471	
3.53287	883.589304	883.398401	865.03423	864.810644	
3.542952	883.710264	883.520574	865.152794	864.932817	
3.55312	883.832304	883.642747	865.272418	865.05499	
3.56323	883.95366	883.76492	865.391371	865.177164	
3.573387	884.075496	883.887093	865.510794	865.299337	
3.583562	884.19762	884.009266	865.6305	865.42151	
3.593705	884.319288	884.131439	865.749758	865.534956	
3.60388	884.4414	884.253612	865.869452	865.665856	
3.614041	884.563356	884.375785	865.988993	865.779302	
3.62419	884.688168	884.497958	866.111334	865.901475	
3.634387	884.807496	884.628858	866.228299	866.023648	
3.644519	884.929092	884.751031	866.347487	866.145821	
3.654656	885.050712	884.881931	866.466699	866.259268	
3.664772	885.172104	885.004104	866.585687	866.381441	
3.674984	885.294684	885.126277	866.70584	866.503614	
3.685181	885.41706	885.24845	866.825792	866.625787	
3.69525	885.537864	885.370623	866.944204	866.74796	
3.705397	885.659616	885.492796	867.063545	866.870133	
3.715609	885.784512	885.614969	867.185968	866.992306	
3.725764	885.90402	885.737142	867.30311	867.114479	
3.735943	886.026192	885.859315	867.422862	867.236652	
3.746066	886.147668	885.990215	867.541933	867.350098	
3.756167	886.268856	886.103661	867.660721	867.472271	
3.774196	886.485264	886.330554	867.872844	867.681711	
3.779018	886.543116	886.382914	867.92955	867.742798	
3.788952	886.662312	886.505087	868.046386	867.856244	
3.798997	886.782804	886.62726	868.164492	867.96969	
3.809182	886.90506	886.740706	868.284327	868.091863	
3.819278	887.0262	886.862879	868.403068	868.214036	
3.829482	887.148636	886.976326	868.52308	868.327483	
3.847536	887.365284	887.194492	868.735438	868.536922	
3.86015	887.516664	887.342845	868.88382	868.685275	
3.864755	887.571912	887.395205	868.937974	868.737635	
3.874826	887.692788	887.517378	869.056456	868.851082	
3.885062	887.815572	887.639551	869.176809	868.973255	
3.895134	887.936448	887.761724	869.295291	869.086701	
3.905249	888.057828	887.883897	869.414268	869.208874	
3.91543	888.180024	887.997343	869.534044	869.32232	
3.925573	888.301728	888.119517	869.653338	869.444494	
3.935755	888.423948	888.24169	869.773138	869.55794	
3.9459	888.545712	888.363863	869.892491	869.680113	
3.956026	888.667188	888.477309	870.011561	869.802286	
3.966184	888.789108	888.599482	870.131067	869.915732	
3.976385	888.911544	888.721655	870.251079	870.029179	
3.986459	889.032792	888.843828	870.369926	870.151352	
3.996663	889.154832	888.966001	870.489549	870.273525	
4.00683	889.276788	889.079448	870.60909	870.386971	
4.016956	889.3983	889.192894	870.728196	870.509144	
4.027056	889.519536	889.315067	870.847031	870.622591	
4.037556	889.645548	889.43724	870.970548	870.75349	
4.04763	889.766472	889.559413	871.089077	870.875664	
4.057502	889.884888	889.681586	871.205148	870.98911	
4.067686	890.007096	889.803759	871.324937	871.111283	
4.077791	890.128332	889.925932	871.443772	871.233456	
4.087972	890.250564	890.048105	871.563583	871.355629	
4.098133	890.372412	890.170278	871.683019	871.477802	
4.108419	890.49588	890.292451	871.804042	871.599975	
4.118528	890.617152	890.414624	871.922912	871.722148	
4.128558	890.737524	890.536798	872.040901	871.844321	
4.138987	890.862756	890.658971	872.163653	871.966494	
4.149117	890.984316	890.781144	872.282806	872.079941	
4.159021	891.103092	890.912043	872.39923	872.202114	
4.169154	891.224688	891.042943	872.518418	872.324287	
4.179336	891.346944	891.165116	872.638253	872.437733	
4.189454	891.468312	891.287289	872.757218	872.559906	
4.207492	891.68478	891.514182	872.969399	872.778072	
4.212036	891.73926	891.575268	873.0228	872.830432	
4.222199	891.861216	891.697441	873.142341	872.952605	
4.232337	891.982872	891.828341	873.261588	873.066052	
4.242503	892.10526	891.950514	873.381553	873.196951	
4.25272	892.227528	892.072687	873.5014	873.310398	
4.262831	892.348824	892.19486	873.620294	873.432571	
4.272984	892.47066	892.317033	873.739717	873.554744	
4.283135	892.59252	892.447933	873.859164	873.676917	
4.293294	892.71438	892.570106	873.978611	873.79909	
4.303428	892.836	892.692279	874.097823	873.912536	
4.313605	892.958112	892.814452	874.217517	874.034709	
4.323813	893.080596	892.936625	874.337575	874.148156	
4.333935	893.202048	893.058798	874.456622	874.270329	
4.34405	893.323428	893.180971	874.575599	874.383775	
4.35423	893.445612	893.294418	874.695363	874.497222	
4.364469	893.568516	893.416591	874.815833	874.619395	
4.37466	893.690784	893.538764	874.93568	874.741568	
4.384768	893.81208	893.660937	875.054574	874.855014	
4.394877	893.933388	893.78311	875.17348	874.977187	
4.405131	894.056424	893.896556	875.29408	875.090634	
4.415215	894.177444	894.018729	875.412703	875.212807	
4.425347	894.299016	894.140902	875.531868	875.33498	
4.435577	894.421812	894.263075	875.652232	875.457153	
4.446051	894.548772	894.376522	875.776678	875.570599	
4.455803	894.664512	894.498695	875.890126	875.692772	
4.465984	894.786684	894.620868	876.009879	875.806219	
4.476173	894.908928	894.743041	876.129703	875.928392	
4.486315	895.03062	894.865214	876.248985	876.050565	
4.496459	895.152384	894.987387	876.368338	876.164011	
4.506586	895.273944	895.100834	876.487491	876.286184	
4.516744	895.395792	895.223007	876.606926	876.399631	
4.526896	895.517616	895.34518	876.726337	876.521804	
4.537033	895.63926	895.458626	876.845573	876.643977	
4.54721	895.761468	895.580799	876.965361	876.76615	
4.557553	895.885548	895.702972	877.086984	876.879596	
4.567472	896.004576	895.825145	877.203655	877.001769	
4.577605	896.126112	895.947318	877.322784	877.123942	
4.587789	896.248344	896.069491	877.442595	877.246115	
4.597913	896.36982	896.191664	877.561666	877.359562	
4.608048	896.49144	896.313837	877.680878	877.481735	
4.626081	896.707824	896.43601	877.892977	877.699901	
4.630692	896.763168	896.59309	877.947225	877.752261	
4.64082	896.884704	896.715263	878.066354	877.874434	
4.65098	897.006636	896.837436	878.185872	877.996607	
4.661211	897.129384	896.959609	878.306189	878.11878	
4.67948	897.348684	897.090509	878.521147	878.336946	
4.684034	897.403272	897.247589	878.574654	878.389306	
4.694199	897.525264	897.378488	878.69423	878.511479	
4.704295	897.64638	897.500661	878.812948	878.633652	
4.714453	897.768672	897.622834	878.932818	878.755825	
4.72467	897.890928	897.753734	879.052653	878.877998	
4.734814	898.012632	897.875907	879.171947	879.000171	
4.744952	898.134276	897.99808	879.291182	879.113618	
4.755071	898.255728	898.120253	879.410229	879.235791	
4.765266	898.378056	898.242426	879.530135	879.349237	
4.775429	898.500036	898.364599	879.649699	879.47141	
4.785548	898.621428	898.486772	879.768688	879.593583	
4.795787	898.744332	898.617672	879.889158	879.715756	
4.805951	898.86636	898.739845	880.00877	879.837929	
4.816027	898.987176	898.853291	880.127193	879.960102	
4.82617	899.108892	898.984191	880.246499	880.073549	
4.836314	899.230608	899.097638	880.365805	880.186995	
4.846519	899.353056	899.219811	880.485828	880.309168	
4.856624	899.474352	899.333257	880.604722	880.431341	
4.866945	899.598204	899.464157	880.726122	880.544788	
4.877169	899.720868	899.577603	880.846357	880.658234	
4.887263	899.84202	899.699776	880.96511	880.780407	
4.897374	899.96334	899.821949	881.084027	880.893853	
4.907516	900.085068	899.944122	881.203345	881.0073	
4.917678	900.206988	900.057569	881.32285	881.129473	
4.927815	900.328644	900.171015	881.442097	881.242919	
4.937994	900.450816	900.293188	881.56185	881.356366	
4.948214	900.573468	900.415361	881.682073	881.478539	
4.958344	900.695016	900.537534	881.801215	881.591985	
4.968407	900.815748	900.659707	881.919556	881.705432	
4.978807	900.940572	900.78188	882.041908	881.827605	
4.988751	901.059888	900.895327	882.158861	881.941051	
4.998849	901.181052	901.008773	882.277626	882.054497	
5.009008	901.302924	901.139673	882.397085	882.17667	
5.019126	901.424364	901.253119	882.51612	882.290117	
5.029337	901.54692	901.375292	882.636249	882.41229	
5.039422	901.667892	901.497465	882.754826	882.525736	
5.058142	901.892628	901.706905	882.975111	882.743902	
5.062738	901.94772	901.767991	883.029113	882.804989	
5.072874	902.069328	901.881438	883.148312	882.918435	
5.083034	902.190334	902.003611	883.266922	883.040608	
5.093303	902.312004	902.125784	883.386183	883.154055	
5.103341	902.430283	902.247957	883.50212	883.276228	
5.11353	902.549799	902.37013	883.619269	883.398401	
5.12372	902.668648	902.492303	883.735764	883.520574	
5.133827	902.785943	902.614476	883.850736	883.642747	
5.143997	902.903383	902.736649	883.965851	883.76492	
5.154142	903.019852	902.858822	884.080014	883.887093	
5.16432	903.136137	902.980995	884.193996	884.000539	
5.174508	903.251915	903.103168	884.307481	884.122713	
5.184647	903.3665	903.225341	884.419798	884.236159	
5.194792	903.480561	903.347514	884.531599	884.358332	
5.20491	903.593629	903.469687	884.642429	884.480505	
5.215031	903.706174	903.59186	884.752745	884.593951	
5.225219	903.818831	903.714033	884.863171	884.707398	
5.23539	903.930726	903.836206	884.972851	884.829571	
5.245617	904.043153	903.958379	885.083051	884.943017	
5.255732	904.152586	904.080553	885.190317	885.056464	
5.2659	904.262584	904.193999	885.298137	885.16991	
5.27609	904.372166	904.307445	885.405549	885.283356	
5.286168	904.479962	904.429618	885.511211	885.396803	
5.296376	904.588585	904.543065	885.617683	885.510249	
5.306456	904.695097	904.656511	885.722085	885.614969	
5.316652	904.802316	904.769958	885.827181	885.728415	
5.326867	904.909017	904.883404	885.931769	885.841862	
5.33733	905.017742	904.988124	886.038342	885.946582	
5.347105	905.118718	905.10157	886.137318	886.051301	
5.357321	905.223625	905.215017	886.240147	886.156021	
5.3676	905.328566	905.319736	886.34301	886.269468	
5.377697	905.431026	905.424456	886.443441	886.365461	
5.387893	905.533937	905.529176	886.544315	886.47018	
5.398003	905.635263	905.633896	886.643634	886.5749	
5.408229	905.737204	905.738615	886.743557	886.67962	
5.418331	905.837265	905.834608	886.841637	886.775613	
5.428509	905.937468	905.930602	886.939855	886.871606	
5.446497	906.11224	906.105134	887.111166	887.046139	
5.451068	906.156664	906.157494	887.154711	887.098499	
5.461259	906.254994	906.244761	887.251094	887.185765	
5.471381	906.352049	906.349481	887.346227	887.281758	
5.481551	906.448975	906.445474	887.441233	887.377752	
5.49171	906.545143	906.541467	887.535497	887.473745	
5.501838	906.640444	906.63746	887.628911	887.569738	
5.512028	906.735717	906.733453	887.722297	887.657004	
5.522193	906.830075	906.820719	887.814787	887.752997	
5.532346	906.923755	906.916713	887.906611	887.840264	
5.54251	907.016901	907.012706	887.997913	887.936257	
5.552676	907.109495	907.099972	888.088673	888.023523	
5.562791	907.200998	907.187239	888.178364	888.11079	
5.572935	907.292113	907.283232	888.267675	888.198056	
5.583065	907.382474	907.370498	888.356247	888.285323	
5.593219	907.472469	907.457765	888.44446	888.372589	
5.603409	907.562164	907.545031	888.532379	888.459856	
5.613615	907.651396	907.632298	888.619844	888.538396	
5.623717	907.739071	907.719564	888.705783	888.625662	
5.63387	907.826608	907.80683	888.791586	888.704202	
5.644024	907.91353	907.88537	888.876788	888.791468	
5.65416	907.999696	907.972637	888.961247	888.878735	
5.664305	908.085333	908.059903	889.045188	888.966001	
5.674505	908.170772	908.14717	889.128935	889.044541	
5.684666	908.255304	908.234436	889.211793	889.131807	
5.69482	908.339164	908.321703	889.293992	889.210347	
5.70494	908.422134	908.400242	889.37532	889.297614	
5.715175	908.50542	908.478782	889.456957	889.376154	
5.725363	908.587668	908.566049	889.537576	889.46342	
5.735435	908.668426	908.653315	889.616735	889.54196	
5.745586	908.749171	908.731855	889.695881	889.629226	
5.755878	908.832244	908.810395	889.777309	889.707766	
5.765953	908.909386	908.897661	889.852923	889.786306	
5.776087	908.98815	908.967474	889.930128	889.864846	
5.786238	909.066441	909.054741	890.006869	889.943386	
5.796374	909.144029	909.133281	890.08292	890.021925	
5.806602	909.221749	909.211821	890.159101	890.100465	
5.816663	909.297469	909.29036	890.233321	890.179005	
5.826881	909.373851	909.3689	890.308191	890.257545	
5.837053	909.449231	909.456167	890.382078	890.327358	
5.847139	909.52338	909.52598	890.454758	890.405898	
5.857292	909.597421	909.613246	890.527334	890.484438	
5.86759	909.671935	909.683059	890.600372	890.554251	
5.877641	909.743956	909.770326	890.670967	890.632791	
5.887741	909.815771	909.840139	890.74136	890.702604	
5.897874	909.887225	909.918679	890.811399	890.781144	
5.908026	909.958207	909.997219	890.880975	890.850957	
5.926538	910.085142	910.067032	891.005397	890.97313	
5.93134	910.118163	910.154298	891.037764	891.008036	
5.941322	910.185901	910.232838	891.104161	891.07785	
5.95135	910.253428	910.302651	891.17035	891.147663	
5.961488	910.321089	910.372464	891.236672	891.217476	
5.971709	910.388676	910.442278	891.30292	891.287289	
5.981864	910.455223	910.503364	891.368149	891.348376	
5.991995	910.520985	910.573177	891.43261	891.409462	
6.002132	910.586185	910.642991	891.496518	891.479275	
6.012277	910.650831	910.704077	891.559885	891.540362	
6.022428	910.714906	910.765164	891.62269	891.601448	
6.032653	910.77885	910.834977	891.685368	891.671262	
6.042966	910.842736	910.896063	891.747989	891.732348	
6.053259	910.90578	910.95715	891.809785	891.793435	
6.063068	910.965314	911.018236	891.86814	891.854521	
6.073211	911.026277	911.079323	891.927895	891.915608	
6.083351	911.086653	911.131683	891.987076	891.976694	
6.093547	911.146694	911.201496	892.045928	892.037781	
6.103651	911.205609	911.253856	892.103677	892.090141	
6.113848	911.264466	911.306216	892.161368	892.151227	
6.123987	911.32237	911.367302	892.218126	892.212314	
6.134165	911.37989	911.428389	892.274506	892.264673	
6.144292	911.436499	911.480749	892.329995	892.32576	
6.154448	911.492666	911.533108	892.38505	892.37812	
6.164579	911.548106	911.585468	892.439391	892.43048	
6.174825	911.60354	911.637828	892.493728	892.48284	
6.18496	911.657781	911.690188	892.546895	892.5352	
6.195069	911.71127	911.742548	892.599325	892.587559	
6.205295	911.764752	911.786181	892.651748	892.639919	
6.215459	911.817303	911.838541	892.703257	892.692279	
6.225713	911.869705	911.890901	892.754622	892.735912	
6.235884	911.921116	911.934534	892.805015	892.788272	
6.246003	911.971582	911.986894	892.854482	892.840632	
6.256081	912.021272	912.030527	892.903188	892.884265	
6.266277	912.070946	912.074161	892.951879	892.927899	
6.276429	912.119801	912.12652	892.999766	892.980258	
6.286584	912.168034	912.170154	893.047044	893.023892	
6.296792	912.215928	912.213787	893.093989	893.067525	
6.306965	912.263049	912.266147	893.140177	893.111158	
6.317036	912.309091	912.30978	893.185307	893.154791	
6.32744	912.356026	912.353413	893.231313	893.198425	
6.337311	912.399974	912.397046	893.274391	893.242058	
6.347519	912.444839	912.44068	893.318368	893.276964	
6.357681	912.488863	912.49304	893.36152	893.329324	
6.367829	912.532247	912.527946	893.404045	893.364231	
6.377922	912.574779	912.571579	893.445734	893.407864	
6.388108	912.617107	912.615213	893.487224	893.442771	
6.398279	912.658759	912.658846	893.528051	893.486404	
6.40838	912.699512	912.702479	893.567998	893.521311	
6.41853	912.739894	912.737386	893.607579	893.556217	
6.428631	912.779449	912.772292	893.646351	893.59985	
6.439023	912.819541	912.815925	893.68565	893.634757	
6.449436	912.859052	912.859559	893.724378	893.67839	
6.459179	912.895478	912.894465	893.760083	893.713297	
6.469417	912.933138	912.929372	893.796997	893.748203	
6.479458	912.969476	912.973005	893.832616	893.78311	
6.497913	913.033881	913.034092	893.895745	893.852923	
6.502438	913.049702	913.051545	893.911252	893.870376	
6.512609	913.08455	913.086451	893.945411	893.905283	
6.522788	913.11896	913.121358	893.97914	893.94019	
6.532914	913.15234	913.156265	894.011859	893.975096	
6.543111	913.185464	913.191171	894.044326	894.010003	
6.553354	913.218138	913.226078	894.076353	894.044909	
6.563452	913.249745	913.260984	894.107335	894.079816	
6.573603	913.280935	913.287164	894.137907	894.114723	
6.583729	913.311438	913.313344	894.167806	894.149629	
6.593878	913.341416	913.348251	894.197191	894.175809	
6.604106	913.371037	913.374431	894.226225	894.210716	
6.614237	913.399766	913.400611	894.254384	894.236896	
6.624369	913.427915	913.435517	894.281976	894.263075	
6.634522	913.455523	913.461697	894.309038	894.289255	
6.64468	913.482557	913.487877	894.335537	894.324162	
6.655278	913.510105	913.50533	894.362539	894.350342	
6.665102	913.535078	913.540237	894.387018	894.376522	
6.675229	913.560241	913.55769	894.411682	894.402702	
6.685472	913.585085	913.58387	894.436034	894.428882	
6.695492	913.608812	913.61005	894.459291	894.446335	
6.705771	913.632554	913.63623	894.482563	894.472515	
6.715891	913.655334	913.66241	894.504892	894.498695	
6.726	913.677513	913.679863	894.526632	894.516148	
6.736156	913.699195	913.697317	894.547885	894.533602	
6.746235	913.720154	913.723497	894.568428	894.559781	
6.756406	913.740695	913.74095	894.588563	894.577235	
6.766609	913.760711	913.758403	894.608182	894.594688	
6.776733	913.779992	913.775857	894.627082	894.603415	
6.786932	913.79883	913.79331	894.645547	894.620868	
6.797043	913.816923	913.810763	894.663282	894.638321	
6.807324	913.834733	913.81949	894.680738	894.655775	
6.819027	913.854177	913.836943	894.699798	894.673228	
6.827434	913.867816	913.854396	894.713167	894.681955	
6.837609	913.883705	913.87185	894.728741	894.690681	
6.84772	913.898927	913.880576	894.743661	894.708134	
6.857881	913.913641	913.889303	894.758084	894.716861	
6.868344	913.928187	913.906756	894.772342	894.725588	
6.878273	913.941444	913.915483	894.785337	894.743041	
6.888382	913.95438	913.92421	894.798016	894.751768	
6.898505	913.966771	913.932936	894.810162	894.760494	
6.909016	913.979025	913.941663	894.822173	894.769221	
6.918873	913.989997	913.950389	894.832929	894.777948	
6.928935	914.000646	913.959116	894.843366	894.777948	
6.939122	914.010868	913.959116	894.853386	894.786674	
6.949291	914.020511	913.967843	894.862838	894.795401	
6.959402	914.029562	913.976569	894.871709	894.795401	
6.970964	914.039161	913.976569	894.881119	894.795401	
6.979765	914.046119	913.976569	894.887939	894.804128	
6.989877	914.053553	913.985296	894.895226	894.804128	
7.000003	914.060468	913.985296	894.902004	894.804128	
7.010177	914.06689	913.985296	894.908298	894.804128	
7.020343	914.072787	913.985296	894.914079	894.804128	
7.03052	914.078179	913.994023	894.919364	894.804128	
7.040665	914.083054	913.994023	894.924142	894.804128	
7.05108	914.08754	913.994023	894.928539	894.804128	
7.060934	914.091341	913.994023	894.932265	894.804128	
7.071072	914.094876	913.994023	894.93573	894.804128	
7.081218	914.097779	913.994023	894.938576	894.804128	
7.0914	914.100354	913.994023	894.9411	894.804128	
7.101565	914.102515	913.994023	894.943218	894.804128	
7.111677	914.104288	913.994023	894.944956	894.804128	
7.121865	914.109637	913.994023	894.950199	894.804128	
7.132065	914.109637	913.994023	894.950199	894.804128	
7.142179	914.109637	913.994023	894.950199	894.804128	
7.152316	914.109637	913.994023	894.950199	894.804128	
7.162442	914.109637	913.994023	894.950199	894.804128	
7.172685	914.109637	913.994023	894.950199	894.804128	
7.183626	914.109637	913.994023	894.950199	894.804128	
7.193716	914.109637	913.994023	894.950199	894.804128	
7.203844	914.109637	913.994023	894.950199	894.804128	
7.213984	914.109637	913.994023	894.950199	894.804128	
7.224181	914.109637	913.994023	894.950199	894.804128	
7.234329	914.109637	913.994023	894.950199	894.804128	
7.244491	914.109637	913.994023	894.950199	894.804128	
7.254628	914.109637	913.994023	894.950199	894.804128	
7.264755	914.109637	913.994023	894.950199	894.804128	
7.274986	914.109637	913.994023	894.950199	894.804128	
7.285143	914.109637	913.994023	894.950199	894.804128	
7.295265	914.109637	913.994023	894.950199	894.804128	
7.30538	914.109637	913.994023	894.950199	894.804128	
7.315566	914.109637	913.994023	894.950199	894.804128	
7.326041	914.109637	913.994023	894.950199	894.804128	
7.335883	914.109637	913.994023	894.950199	894.804128	
7.346018	914.109637	913.994023	894.950199	894.804128	
7.356256	914.109637	913.994023	894.950199	894.804128	
7.366383	914.109637	913.994023	894.950199	894.804128	
7.376519	914.109637	913.994023	894.950199	894.804128	
7.386705	914.109637	913.994023	894.950199	894.804128	
7.396862	914.109637	913.994023	894.950199	894.804128	
7.407059	914.109637	913.994023	894.950199	894.804128	
7.417184	914.109637	913.994023	894.950199	894.804128	
7.427298	914.109637	913.994023	894.950199	894.804128	
7.437829	914.109637	913.994023	894.950199	894.804128	
7.447903	914.109637	913.994023	894.950199	894.804128	
7.458044	914.109637	913.994023	894.950199	894.804128	
7.468287	914.109637	913.994023	894.950199	894.804128	
7.478386	914.109637	913.994023	894.950199	894.804128	
7.488541	914.109637	913.994023	894.950199	894.804128	
7.498651	914.109637	913.994023	894.950199	894.804128	
7.508846	914.109637	913.994023	894.950199	894.804128	
7.51906	914.109637	913.994023	894.950199	894.804128	
7.529131	914.109637	913.994023	894.950199	894.804128	
7.539327	914.109637	913.994023	894.950199	894.804128	
7.549533	914.109637	913.994023	894.950199	894.804128	
7.559675	914.109637	913.994023	894.950199	894.804128	
7.569841	914.109637	913.994023	894.950199	894.804128	
7.580009	914.109637	913.994023	894.950199	894.804128	
7.590301	914.109637	913.994023	894.950199	894.804128	
7.600479	914.109637	913.994023	894.950199	894.804128	
7.610631	914.109637	913.994023	894.950199	894.804128	
7.620792	914.109637	913.994023	894.950199	894.804128	
7.630993	914.109637	913.994023	894.950199	894.804128	
7.641152	914.109637	913.994023	894.950199	894.804128	
7.651312	914.109637	913.994023	894.950199	894.804128	
7.661508	914.109637	913.994023	894.950199	894.804128	
7.672018	914.109637	913.994023	894.950199	894.804128	
7.682029	914.109637	913.994023	894.950199	894.804128	
7.69221	914.109637	913.994023	894.950199	894.804128	
7.702349	914.109637	913.994023	894.950199	894.804128	
7.712512	914.109637	913.994023	894.950199	894.804128	
7.722666	914.109637	913.994023	894.950199	894.804128	
7.732853	914.109637	913.994023	894.950199	894.804128	
7.743034	914.109637	913.994023	894.950199	894.804128	
7.753167	914.109637	913.994023	894.950199	894.804128	
7.763349	914.109637	913.994023	894.950199	894.804128	
7.773597	914.109637	913.994023	894.950199	894.804128	
7.783659	914.109637	913.994023	894.950199	894.804128	
7.793771	914.109637	913.994023	894.950199	894.804128	
7.804005	914.109637	913.994023	894.950199	894.804128	
7.814162	914.109637	913.994023	894.950199	894.804128	
7.824295	914.109637	913.994023	894.950199	894.804128	
7.834445	914.109637	913.994023	894.950199	894.804128	
7.844619	914.109637	913.994023	894.950199	894.804128	
7.855074	914.109637	913.994023	894.950199	894.804128	
7.865138	914.109637	913.994023	894.950199	894.804128	
7.875335	914.109637	913.994023	894.950199	894.804128	
7.885557	914.109637	913.994023	894.950199	894.804128	
7.895601	914.109637	913.994023	894.950199	894.804128	
7.905795	914.109637	913.994023	894.950199	894.804128	
7.916042	914.109637	913.994023	894.950199	894.804128	
7.926134	914.109637	913.994023	894.950199	894.804128	
7.936295	914.109637	913.994023	894.950199	894.804128	
7.946364	914.109637	913.994023	894.950199	894.804128	
7.956514	914.109637	913.994023	894.950199	894.804128	
7.966667	914.109637	913.994023	894.950199	894.804128	
7.976888	914.109637	913.994023	894.950199	894.804128	
7.987077	914.109637	913.994023	894.950199	894.804128	
7.997152	914.109637	913.994023	894.950199	894.804128	
8.007553	914.109637	913.994023	894.950199	894.804128	
8.017479	914.109637	913.994023	894.950199	894.804128	
8.027601	914.109637	913.994023	894.950199	894.804128	
8.03779	914.109637	913.994023	894.950199	894.804128	
8.047892	914.109637	913.994023	894.950199	894.804128	
8.058065	914.109637	913.994023	894.950199	894.804128	
8.068322	914.109637	913.994023	894.950199	894.804128	
8.078376	914.109637	913.994023	894.950199	894.804128	
8.08855	914.109637	913.994023	894.950199	894.804128	
8.098615	914.109637	913.994023	894.950199	894.804128	
8.108818	914.109637	913.994023	894.950199	894.804128	
8.119064	914.109637	913.994023	894.950199	894.804128	
8.129087	914.109637	913.994023	894.950199	894.804128	
8.139244	914.109637	913.994023	894.950199	894.804128	
8.149387	914.109637	913.994023	894.950199	894.804128	
8.159555	914.109637	913.994023	894.950199	894.804128	
8.177559	914.109637	913.994023	894.950199	894.804128	
8.182818	914.109637	913.994023	894.950199	894.804128	
8.192196	914.109637	913.994023	894.950199	894.804128	
8.202331	914.109637	913.994023	894.950199	894.804128	
8.212494	914.109637	913.994023	894.950199	894.804128	
8.22303	914.109637	913.994023	894.950199	894.804128	
8.232807	914.109637	913.994023	894.950199	894.804128	
8.242999	914.109637	913.994023	894.950199	894.804128	
8.253112	914.109637	913.994023	894.950199	894.804128	
8.263246	914.109637	913.994023	894.950199	894.804128	
8.273604	914.109637	913.994023	894.950199	894.804128	
8.283752	914.109637	913.994023	894.950199	894.804128	
8.29395	914.109637	913.994023	894.950199	894.804128	
8.304032	914.109637	913.994023	894.950199	894.804128	
8.314173	914.109637	913.994023	894.950199	894.804128	
8.32437	914.109637	913.994023	894.950199	894.804128	
8.334566	914.109637	913.994023	894.950199	894.804128	
8.344715	914.109637	913.994023	894.950199	894.804128	
8.354852	914.109637	913.994023	894.950199	894.804128	
8.364995	914.109637	913.994023	894.950199	894.804128	
8.375232	914.109637	913.994023	894.950199	894.804128	
8.385371	914.109637	913.994023	894.950199	894.804128	
8.395507	914.109637	913.994023	894.950199	894.804128	
8.405729	914.109637	913.994023	894.950199	894.804128	
8.416029	914.109637	913.994023	894.950199	894.804128	
8.425979	914.109637	913.994023	894.950199	894.804128	
8.436886	914.109637	913.994023	894.950199	894.804128	
8.446244	914.109637	913.994023	894.950199	894.804128	
8.456388	914.109637	913.994023	894.950199	894.804128	
8.466529	914.109637	913.994023	894.950199	894.804128	
8.476762	914.109637	913.994023	894.950199	894.804128	
8.486924	914.109637	913.994023	894.950199	894.804128	
8.497052	914.109637	913.994023	894.950199	894.804128	
8.507169	914.109637	913.994023	894.950199	894.804128	
8.517289	914.109637	913.994023	894.950199	894.804128	
8.527569	914.109637	913.994023	894.950199	894.804128	
8.537862	914.109637	913.994023	894.950199	894.804128	
8.547977	914.109637	913.994023	894.950199	894.804128	
8.558226	914.109637	913.994023	894.950199	894.804128	
8.56839	914.109637	913.994023	894.950199	894.804128	
8.578789	914.109637	913.994023	894.950199	894.804128	
8.58862	914.109637	913.994023	894.950199	894.804128	
8.598739	914.109637	913.994023	894.950199	894.804128	
8.608886	914.109637	913.994023	894.950199	894.804128	
8.619034	914.109637	913.994023	894.950199	894.804128	
8.629207	914.109637	913.994023	894.950199	894.804128	
8.639615	914.109637	913.994023	894.950199	894.804128	
8.649483	914.109637	913.994023	894.950199	894.804128	
8.659692	914.109637	913.994023	894.950199	894.804128	
8.669837	914.109637	913.994023	894.950199	894.804128	
8.679913	914.109637	913.994023	894.950199	894.804128	
8.690279	914.109637	913.994023	894.950199	894.804128	
8.700391	914.109637	913.994023	894.950199	894.804128	
8.710578	914.109637	913.994023	894.950199	894.804128	
8.720716	914.109637	913.994023	894.950199	894.804128	
8.730848	914.109637	913.994023	894.950199	894.804128	
8.741038	914.109637	913.994023	894.950199	894.804128	
8.751214	914.109637	913.994023	894.950199	894.804128	
8.761364	914.109637	913.994023	894.950199	894.804128	
8.77149	914.109637	913.994023	894.950199	894.804128	
8.781691	914.109637	913.994023	894.950199	894.804128	
8.791816	914.109637	913.994023	894.950199	894.804128	
8.801941	914.109637	913.994023	894.950199	894.804128	
8.812292	914.109637	913.994023	894.950199	894.804128	
8.82228	914.109637	913.994023	894.950199	894.804128	
8.832385	914.109637	913.994023	894.950199	894.804128	
8.842576	914.109637	913.994023	894.950199	894.804128	
8.852967	914.109637	913.994023	894.950199	894.804128	
8.862916	914.109637	913.994023	894.950199	894.804128	
8.873092	914.109637	913.994023	894.950199	894.804128	
8.883228	914.109637	913.994023	894.950199	894.804128	
8.893367	914.109637	913.994023	894.950199	894.804128	
8.903511	914.109637	913.994023	894.950199	894.804128	
8.913697	914.109637	913.994023	894.950199	894.804128	
8.923835	914.109637	913.994023	894.950199	894.804128	
8.934029	914.109637	913.994023	894.950199	894.804128	
8.944176	914.109637	913.994023	894.950199	894.804128	
8.954414	914.109637	913.994023	894.950199	894.804128	
8.964436	914.109637	913.994023	894.950199	894.804128	
8.975882	914.109637	913.994023	894.950199	894.804128	
8.984748	914.109637	913.994023	894.950199	894.804128	
8.994853	914.109637	913.994023	894.950199	894.804128	
9.005018	914.109637	913.994023	894.950199	894.804128	
9.015244	914.109637	913.994023	894.950199	894.804128	
9.025368	914.109637	913.994023	894.950199	894.804128	
