0.03810006	
0.05044375	1571.12931	1571.12794	637.674867	637.673496	
0.05849455	1571.13049	1571.12794	637.676045	637.673496	
0.06837431	1571.13258	1571.12794	637.678132	637.673496	
0.07847706	1571.13533	1571.12794	637.680886	637.682222	
0.08864281	1571.13872	1571.12794	637.684279	637.682222	
0.09880656	1571.14273	1571.12794	637.68829	637.682222	
0.1176621	1571.15281	1571.12794	637.698362	637.690949	
0.122234	1571.15517	1571.12794	637.700726	637.690949	
0.1324257	1571.16125	1571.12794	637.706809	637.690949	
0.1425545	1571.16791	1571.12794	637.713464	637.690949	
0.1527152	1571.1752	1571.13667	637.72076	637.690949	
0.162829	1571.18308	1571.13667	637.728634	637.690949	
0.1730617	1571.19168	1571.13667	637.737237	637.699675	
0.1849024	1571.20254	1571.14539	637.748092	637.699675	
0.1933702	1571.21063	1571.14539	637.756191	637.699675	
0.203504	1571.221	1571.15412	637.766552	637.708402	
0.2139397	1571.23234	1571.16285	637.777896	637.708402	
0.2238375	1571.24366	1571.16285	637.789213	637.708402	
0.2339782	1571.25588	1571.17157	637.80144	637.708402	
0.244094	1571.26869	1571.18903	637.814249	637.717129	
0.2542407	1571.28216	1571.19775	637.827716	637.725855	
0.2644215	1571.2963	1571.21521	637.841853	637.743309	
0.2745722	1571.31101	1571.23266	637.856564	637.760762	
0.284722	1571.32634	1571.24139	637.871892	637.778215	
0.2948857	1571.3423	1571.26757	637.88786	637.795669	
0.3050185	1571.35884	1571.28502	637.904394	637.813122	
0.3152102	1571.37615	1571.30247	637.921708	637.848028	
0.325365	1571.39391	1571.32865	637.939463	637.865482	
0.3355477	1571.41239	1571.35483	637.957946	637.900388	
0.3456745	1571.43139	1571.37229	637.976942	637.926568	
0.3558152	1571.45103	1571.40719	637.996581	637.952748	
0.365987	1571.47134	1571.43337	638.016901	637.987655	
0.3846735	1571.51126	1571.48573	638.056813	638.040015	
0.3892694	1571.521	1571.49446	638.066554	638.057468	
0.3994071	1571.54329	1571.52937	638.088842	638.083648	
0.4095949	1571.56631	1571.55555	638.111862	638.109828	
0.4196856	1571.58971	1571.59045	638.135268	638.144734	
0.4299224	1571.6141	1571.61663	638.159653	638.170914	
0.4400131	1571.63873	1571.65154	638.184285	638.197094	
0.4501499	1571.66409	1571.67772	638.20965	638.232001	
0.4603276	1571.6902	1571.71262	638.235758	638.249454	
0.4705204	1571.71695	1571.7388	638.26251	638.284361	
0.4806481	1571.74415	1571.76498	638.289705	638.301814	
0.4907719	1571.77195	1571.79116	638.317506	638.327994	
0.5009546	1571.80055	1571.81734	638.346102	638.354174	
0.5112034	1571.82995	1571.84352	638.37551	638.371627	
0.5212701	1571.85944	1571.86098	638.404992	638.397807	
0.5314759	1571.88997	1571.88716	638.435529	638.423987	
0.5416676	1571.92106	1571.91334	638.466619	638.44144	
0.5517414	1571.95242	1571.93079	638.497973	638.458894	
0.5619111	1571.98469	1571.95697	638.530246	638.485074	
0.5720669	1572.01753	1571.98315	638.563089	638.511254	
0.5822386	1572.05106	1572.00933	638.596613	638.537433	
0.5923784	1572.08508	1572.03551	638.630633	638.563613	
0.6025461	1572.11982	1572.06169	638.665378	638.59852	
0.6127109	1572.15518	1572.0966	638.70074	638.6247	
0.6228746	1572.19116	1572.12278	638.736712	638.659607	
0.6330084	1572.22763	1572.15768	638.773185	638.694513	
0.6431971	1572.26493	1572.20132	638.810485	638.738146	
0.6533378	1572.30268	1572.23622	638.848235	638.773053	
0.6634736	1572.34101	1572.27986	638.886568	638.816686	
0.6736353	1572.38007	1572.32349	638.925627	638.860319	
0.6855711	1572.4269	1572.36712	638.972456	638.895226	
0.6939458	1572.46003	1572.41948	639.00559	638.947586	
0.7040396	1572.50066	1572.46312	639.046219	638.991219	
0.7141713	1572.54207	1572.51548	639.087627	639.034852	
0.7244441	1572.5847	1572.55911	639.130256	639.087212	
0.7345468	1572.62722	1572.61147	639.172775	639.139572	
0.7448736	1572.67135	1572.66383	639.216905	639.191932	
0.7548323	1572.71445	1572.71619	639.260008	639.244292	
0.7652431	1572.76023	1572.76855	639.30579	639.287925	
0.7832856	1572.84186	1572.85582	639.387416	639.383918	
0.7881505	1572.86383	1572.87327	639.409381	639.401371	
0.7980423	1572.90921	1572.92563	639.454769	639.453731	
0.808182	1572.95638	1572.96926	639.501934	639.506091	
0.8182888	1573.00398	1573.01289	639.549533	639.549724	
0.8284705	1573.05258	1573.06525	639.598134	639.593358	
0.8385963	1573.10153	1573.11761	639.647081	639.645718	
0.84873	1573.15111	1573.15252	639.696669	639.689351	
0.8588788	1573.20141	1573.20488	639.746968	639.732984	
0.8690885	1573.25263	1573.25724	639.798182	639.785344	
0.8792863	1573.30441	1573.30087	639.849969	639.828977	
0.889372	1573.35622	1573.34451	639.901774	639.87261	
0.8994668	1573.4087	1573.39687	639.954252	639.92497	
0.9096655	1573.46234	1573.4405	640.007893	639.97733	
0.9197683	1573.5161	1573.49286	640.061655	640.020963	
0.929946	1573.57087	1573.53649	640.116423	640.073323	
0.9400768	1573.62599	1573.59758	640.171547	640.116956	
0.9502475	1573.68197	1573.64994	640.227522	640.169316	
0.9603743	1573.73832	1573.7023	640.28388	640.221676	
0.9786458	1573.84247	1573.80702	640.388024	640.326396	
0.9910955	1573.91408	1573.87683	640.459637	640.396209	
0.9955854	1573.93993	1573.90301	640.485486	640.431116	
1.00588	1574.00003	1573.95537	640.54559	640.483476	
1.01591	1574.05917	1574.02519	640.60473	640.553289	
1.026245	1574.12078	1574.08627	640.666337	640.614375	
1.036265	1574.18108	1574.14736	640.726635	640.675462	
1.046426	1574.24286	1574.20845	640.788418	640.745275	
1.05668	1574.30586	1574.26953	640.851419	640.815088	
1.066936	1574.36996	1574.33935	640.915517	640.876175	
1.076864	1574.43165	1574.40916	640.977205	640.945988	
1.087003	1574.49577	1574.47897	641.041322	641.007074	
1.097227	1574.56104	1574.54878	641.1066	641.076888	
1.107617	1574.62807	1574.6186	641.17363	641.146701	
1.11753	1574.69256	1574.67968	641.23812	641.225241	
1.127718	1574.75946	1574.7495	641.305011	641.295054	
1.137828	1574.82648	1574.81931	641.372034	641.364867	
1.148182	1574.89578	1574.88912	641.441338	641.43468	
1.158114	1574.96279	1574.96766	641.508344	641.504493	
1.168253	1575.03186	1575.03748	641.577417	641.574306	
1.178393	1575.10153	1575.10729	641.647087	641.652846	
1.188621	1575.17246	1575.1771	641.718019	641.722659	
1.198711	1575.24304	1575.24692	641.788595	641.792473	
1.208826	1575.31438	1575.31673	641.859939	641.862286	
1.22779	1575.4509	1575.39527	641.996458	641.984459	
1.232407	1575.48402	1575.49126	642.029578	642.019365	
1.242538	1575.55754	1575.56108	642.103099	642.089179	
1.252739	1575.63217	1575.63089	642.177725	642.158992	
1.262844	1575.70672	1575.70943	642.25228	642.228805	
1.273018	1575.78241	1575.77924	642.327967	642.307345	
1.283132	1575.85826	1575.85778	642.403819	642.377158	
1.293357	1575.93561	1575.92759	642.481165	642.455698	
1.303511	1576.01298	1576.00613	642.558537	642.534237	
1.313701	1576.09131	1576.08467	642.63687	642.612777	
1.323838	1576.16981	1576.15449	642.715363	642.691317	
1.334011	1576.24923	1576.23303	642.794781	642.769857	
1.344331	1576.33046	1576.31157	642.876014	642.857123	
1.354317	1576.40958	1576.39011	642.955136	642.935663	
1.364517	1576.49107	1576.46865	643.036624	643.014203	
1.374645	1576.5726	1576.54719	643.118159	643.101469	
1.384798	1576.65493	1576.62573	643.200489	643.188736	
1.394935	1576.73778	1576.71299	643.283339	643.276002	
1.405119	1576.82161	1576.79153	643.367164	643.363269	
1.415365	1576.90662	1576.8788	643.452172	643.441809	
1.42542	1576.99059	1576.95734	643.536147	643.529075	
1.435659	1577.07678	1577.05333	643.622336	643.607615	
1.445907	1577.16368	1577.13187	643.709239	643.703608	
1.455956	1577.24945	1577.22787	643.795004	643.782148	
1.466135	1577.33697	1577.31513	643.882522	643.869414	
1.476378	1577.42567	1577.41112	643.97123	643.956681	
1.486549	1577.5144	1577.49839	644.05996	644.043947	
1.496596	1577.60263	1577.58566	644.148183	644.13994	
1.506982	1577.69448	1577.68165	644.240033	644.227207	
1.516994	1577.7836	1577.77764	644.329155	644.3232	
1.527171	1577.87486	1577.86491	644.420418	644.410466	
1.537276	1577.96603	1577.9609	644.511583	644.497733	
1.547445	1578.05845	1578.0569	644.604002	644.593726	
1.557727	1578.15257	1578.14416	644.698124	644.689719	
1.567807	1578.24536	1578.24016	644.790917	644.776986	
1.577908	1578.33897	1578.33615	644.884526	644.872979	
1.587992	1578.43302	1578.42342	644.978577	644.968972	
1.598154	1578.52847	1578.51941	645.074025	645.056238	
1.608315	1578.62451	1578.6154	645.170064	645.152231	
1.618456	1578.72096	1578.70267	645.266512	645.248224	
1.628628	1578.81835	1578.79866	645.363905	645.344218	
1.638759	1578.91599	1578.89465	645.461549	645.440211	
1.649242	1579.01766	1578.98192	645.563216	645.536204	
1.659193	1579.11474	1579.08664	645.660292	645.632197	
1.669497	1579.21592	1579.18263	645.76148	645.736917	
1.679895	1579.31869	1579.27863	645.864242	645.83291	
1.689774	1579.41686	1579.38335	645.962416	645.93763	
1.699894	1579.51804	1579.47934	646.063597	646.033623	
1.710089	1579.62062	1579.58406	646.166174	646.138342	
1.720204	1579.72303	1579.68005	646.268588	646.243062	
1.730382	1579.82672	1579.78477	646.372273	646.347782	
1.740592	1579.93135	1579.88949	646.476901	646.443775	
1.750708	1580.03553	1579.99421	646.581084	646.548495	
1.76087	1580.14094	1580.10766	646.686497	646.653215	
1.77102	1580.24673	1580.21238	646.792288	646.757934	
1.781176	1580.35327	1580.32582	646.898824	646.862654	
1.791414	1580.46126	1580.43927	647.006819	646.9761	
1.801746	1580.57099	1580.55272	647.116546	647.08082	
1.811664	1580.67676	1580.65744	647.222318	647.18554	
1.821911	1580.78674	1580.77088	647.332294	647.298986	
1.831936	1580.89493	1580.88433	647.440483	647.412433	
1.842146	1581.00578	1580.98905	647.551333	647.525879	
1.852287	1581.11647	1581.1025	647.662027	647.639326	
1.862462	1581.22815	1581.21594	647.773704	647.752772	
1.872633	1581.34043	1581.32939	647.88599	647.866218	
1.882797	1581.45322	1581.44284	647.998774	647.988391	
1.892945	1581.56648	1581.56501	648.112032	648.101838	
1.903104	1581.68045	1581.66973	648.226009	648.215284	
1.913253	1581.79496	1581.7919	648.340515	648.337457	
1.923438	1581.91048	1581.90535	648.456039	648.45963	
1.933586	1582.0262	1582.01879	648.57176	648.56435	
1.943727	1582.14243	1582.14097	648.687983	648.686523	
1.953882	1582.25949	1582.25441	648.805044	648.808696	
1.964032	1582.37711	1582.36786	648.922665	648.922143	
1.974228	1582.49589	1582.48131	649.041445	649.035589	
1.984358	1582.61442	1582.60348	649.159975	649.157762	
1.994463	1582.73335	1582.71693	649.278907	649.279935	
2.004684	1582.85427	1582.8391	649.399823	649.402108	
2.014816	1582.97475	1582.96127	649.520311	649.524281	
2.024957	1583.096	1583.08344	649.641559	649.637728	
2.035125	1583.21807	1583.20562	649.763631	649.759901	
2.045295	1583.34015	1583.31906	649.885707	649.882074	
2.065391	1583.58139	1583.56341	650.126943	650.12642	
2.070012	1583.63679	1583.6245	650.182347	650.17878	
2.080087	1583.75765	1583.74667	650.303211	650.300953	
2.090247	1583.87957	1583.86884	650.425131	650.423126	
2.100504	1584.00269	1583.99102	650.548251	650.545299	
2.110624	1584.12415	1584.12192	650.669703	650.667472	
2.120757	1584.24568	1584.25282	650.791239	650.789645	
2.130889	1584.36729	1584.37499	650.912847	650.911818	
2.141093	1584.4897	1584.49716	651.035259	651.042718	
2.151252	1584.61162	1584.62806	651.157179	651.164891	
2.161379	1584.73313	1584.74151	651.278691	651.287064	
2.171535	1584.85509	1584.87241	651.400647	651.409237	
2.181713	1584.97718	1584.99458	651.522735	651.53141	
2.191861	1585.09893	1585.11675	651.644487	651.653583	
2.20197	1585.22024	1585.23893	651.765795	651.775756	
2.212236	1585.34348	1585.3611	651.889035	651.897929	
2.222369	1585.46505	1585.48327	652.010607	652.020102	
2.23253	1585.58701	1585.60545	652.132563	652.142275	
2.242907	1585.71151	1585.72762	652.257063	652.264448	
2.253068	1585.83344	1585.84106	652.378995	652.386621	
2.263221	1585.95527	1585.96324	652.500831	652.508794	
2.273518	1586.07883	1586.08541	652.624383	652.630967	
2.283829	1586.20259	1586.19886	652.748151	652.744414	
2.293871	1586.32309	1586.32103	652.868643	652.866587	
2.303963	1586.44417	1586.43448	652.989723	652.980033	
2.314105	1586.56586	1586.55665	653.111415	653.102206	
2.32428	1586.68796	1586.67882	653.233515	653.224379	
2.334405	1586.80947	1586.801	653.355027	653.337826	
2.344604	1586.93187	1586.92317	653.477427	653.451272	
2.35474	1587.05347	1587.04534	653.599023	653.573445	
2.364874	1587.1751	1587.16752	653.720655	653.695618	
2.375079	1587.29756	1587.28969	653.843115	653.817791	
2.385211	1587.41915	1587.41186	653.964711	653.939964	
2.395406	1587.54149	1587.53403	654.087051	654.062137	
2.405535	1587.66304	1587.65621	654.208599	654.18431	
2.415676	1587.78475	1587.77838	654.330303	654.31521	
2.425821	1587.90647	1587.90928	654.452031	654.437383	
2.435976	1588.02831	1588.03145	654.573867	654.568283	
2.446175	1588.15075	1588.16235	654.696303	654.690456	
2.456289	1588.27208	1588.28453	654.817635	654.812629	
2.466441	1588.39393	1588.4067	654.939483	654.934802	
2.476641	1588.51629	1588.5376	655.061847	655.056975	
2.486775	1588.63793	1588.65977	655.183491	655.187875	
2.496891	1588.75933	1588.79067	655.304883	655.310048	
2.507067	1588.88144	1588.91284	655.426995	655.440947	
2.517233	1589.00341	1589.03502	655.548963	655.56312	
2.527685	1589.12888	1589.15719	655.674435	655.685293	
2.537467	1589.24626	1589.27936	655.791819	655.807466	
2.547708	1589.36915	1589.40154	655.914711	655.929639	
2.5578	1589.49022	1589.52371	656.035779	656.060539	
2.567926	1589.61173	1589.64588	656.157291	656.173986	
2.578078	1589.73358	1589.76806	656.279139	656.304885	
2.58839	1589.85731	1589.89023	656.402871	656.418332	
2.598399	1589.97742	1590.0124	656.522979	656.540505	
2.608508	1590.09867	1590.13457	656.644227	656.662678	
2.618648	1590.22039	1590.24802	656.765943	656.784851	
2.628801	1590.34222	1590.36147	656.887779	656.907024	
2.639	1590.46465	1590.48364	657.010203	657.02047	
2.649148	1590.58639	1590.60581	657.131943	657.142643	
2.659246	1590.70757	1590.72799	657.253131	657.25609	
2.669447	1590.83007	1590.85016	657.375627	657.378263	
2.679604	1590.95188	1590.96361	657.497439	657.500436	
2.691026	1591.08895	1591.09451	657.634503	657.631336	
2.701144	1591.21039	1591.21668	657.755943	657.744782	
2.711295	1591.33215	1591.33885	657.877707	657.866955	
2.721443	1591.45389	1591.4523	657.999447	657.980401	
2.731601	1591.57586	1591.57447	658.121415	658.102574	
2.741769	1591.69783	1591.69664	658.243383	658.216021	
2.751899	1591.81937	1591.81882	658.364931	658.338194	
2.762061	1591.94134	1591.93226	658.486899	658.460367	
2.772218	1592.06325	1592.05444	658.608807	658.573813	
2.78241	1592.18553	1592.17661	658.731087	658.695986	
2.792527	1592.30691	1592.29006	658.852467	658.818159	
2.802678	1592.42873	1592.41223	658.974291	658.940332	
2.812921	1592.55167	1592.5344	659.097231	659.062505	
2.823032	1592.67298	1592.65658	659.218539	659.184679	
2.83318	1592.79475	1592.77875	659.340303	659.306852	
2.843332	1592.91657	1592.90092	659.462127	659.429025	
2.853501	1593.03863	1593.02309	659.584191	659.551198	
2.863682	1593.16078	1593.14527	659.706339	659.682097	
2.873824	1593.28249	1593.26744	659.828043	659.80427	
2.884017	1593.40483	1593.39834	659.950383	659.926443	
2.894209	1593.52711	1593.52051	660.072663	660.048617	
2.904333	1593.64857	1593.64269	660.194127	660.179516	
2.914501	1593.77065	1593.77359	660.316203	660.310416	
2.924663	1593.89254	1593.89576	660.438099	660.432589	
2.9348	1594.01422	1594.01793	660.559779	660.554762	
2.944939	1594.13587	1594.14011	660.681423	660.676935	
2.955098	1594.25779	1594.27101	660.803343	660.807835	
2.965263	1594.37977	1594.39318	660.925323	660.938734	
2.975488	1594.50249	1594.51535	661.048047	661.060907	
2.98557	1594.62344	1594.63752	661.168995	661.183081	
2.995693	1594.74493	1594.7597	661.290483	661.305254	
3.005918	1594.8676	1594.88187	661.413159	661.427427	
3.016049	1594.98923	1595.00404	661.534791	661.5496	
3.026407	1595.11355	1595.13494	661.659111	661.680499	
3.036405	1595.23349	1595.24839	661.779051	661.802672	
3.046553	1595.35525	1595.37929	661.900803	661.924845	
3.058691	1595.50097	1595.50146	662.046531	662.073198	
3.066785	1595.59803	1595.62364	662.143587	662.169192	
3.076934	1595.71982	1595.73708	662.265375	662.291365	
3.08709	1595.84168	1595.86798	662.387235	662.404811	
3.097309	1595.96434	1595.98143	662.509899	662.526984	
3.107384	1596.08564	1596.1036	662.631195	662.649157	
3.117671	1596.20871	1596.22577	662.754267	662.77133	
3.127773	1596.32989	1596.35667	662.875443	662.893503	
3.137891	1596.45131	1596.47012	662.996871	663.00695	
3.148037	1596.57307	1596.59229	663.118623	663.129123	
3.158237	1596.69547	1596.71447	663.241023	663.251296	
3.168337	1596.81665	1596.83664	663.362211	663.364742	
3.178495	1596.93855	1596.95009	663.484107	663.486915	
3.190292	1597.08017	1597.07226	663.625731	663.626541	
3.198748	1597.1816	1597.19443	663.727155	663.731261	
3.208879	1597.30315	1597.30788	663.848703	663.853434	
3.226998	1597.52065	1597.43005	664.066203	664.062874	
3.231651	1597.57643	1597.58713	664.121991	664.115234	
3.241738	1597.69743	1597.70058	664.242987	664.237407	
3.251923	1597.81967	1597.83148	664.365231	664.35958	
3.26211	1597.94194	1597.95365	664.487499	664.473026	
3.272386	1598.06528	1598.07582	664.610835	664.595199	
3.282399	1598.18541	1598.198	664.730967	664.717372	
3.292592	1598.30769	1598.32017	664.853247	664.839545	
3.302717	1598.42923	1598.44234	664.974783	664.961718	
3.31284	1598.55069	1598.56452	665.096247	665.083891	
3.323025	1598.67293	1598.67796	665.218491	665.206064	
3.333227	1598.79536	1598.80013	665.340915	665.328238	
3.343406	1598.91751	1598.92231	665.463063	665.450411	
3.353518	1599.0388	1599.03575	665.584359	665.572584	
3.363643	1599.16031	1599.15793	665.705871	665.694757	
3.373846	1599.28275	1599.2801	665.828307	665.808203	
3.383991	1599.40449	1599.40227	665.950047	665.939103	
3.394127	1599.52613	1599.52445	666.071691	666.052549	
3.404291	1599.64813	1599.64662	666.193683	666.174722	
3.414442	1599.76993	1599.76007	666.315483	666.296895	
3.424624	1599.8921	1599.88224	666.437655	666.427795	
3.434815	1600.01439	1600.00441	666.559947	666.549968	
3.444991	1600.1365	1600.13531	666.682059	666.672141	
3.455129	1600.25813	1600.25748	666.803691	666.803041	
3.46527	1600.37984	1600.37966	666.925395	666.925214	
3.4754	1600.5014	1600.50183	667.046955	667.047387	
3.485804	1600.62634	1600.624	667.171899	667.16956	
3.495751	1600.74566	1600.7549	667.291215	667.291733	
3.505912	1600.86755	1600.87708	667.413111	667.413906	
3.516052	1600.98928	1600.99925	667.534839	667.544806	
3.526223	1601.11133	1601.12142	667.656891	667.666979	
3.536402	1601.23348	1601.25232	667.779039	667.789152	
3.546537	1601.35505	1601.3745	667.900611	667.920051	
3.556735	1601.47743	1601.49667	668.022987	668.042224	
3.566842	1601.59871	1601.61884	668.144271	668.164398	
3.577032	1601.72104	1601.74101	668.266599	668.286571	
3.587133	1601.84219	1601.87191	668.387751	668.408744	
3.597314	1601.96441	1601.98536	668.509971	668.530917	
3.607558	1602.08734	1602.11626	668.632899	668.661816	
3.617643	1602.20834	1602.23843	668.753895	668.783989	
3.628145	1602.33439	1602.36061	668.879943	668.906162	
3.637903	1602.45146	1602.48278	668.997015	669.019609	
3.648055	1602.57326	1602.61368	669.118815	669.141782	
3.658186	1602.69485	1602.72713	669.240411	669.263955	
3.668326	1602.81656	1602.8493	669.362115	669.386128	
3.678516	1602.93883	1602.96274	669.484383	669.508301	
3.689956	1603.07619	1603.08492	669.621747	669.621747	
3.698751	1603.18162	1603.20709	669.727179	669.743921	
3.708897	1603.3034	1603.32926	669.848955	669.857367	
3.726889	1603.51933	1603.45144	670.064883	670.066806	
3.731443	1603.57437	1603.59106	670.119927	670.127893	
3.741578	1603.69555	1603.71324	670.241103	670.241339	
3.751825	1603.81855	1603.83541	670.364103	670.363512	
3.761968	1603.94024	1603.95758	670.485795	670.485685	
3.772137	1604.06227	1604.07976	670.607823	670.607858	
3.782335	1604.18465	1604.20193	670.730211	670.721305	
3.792437	1604.30584	1604.3241	670.851399	670.843478	
3.802612	1604.42794	1604.44627	670.973499	670.965651	
3.812801	1604.5502	1604.56845	671.095755	671.079097	
3.822939	1604.67185	1604.68189	671.217411	671.20127	
3.833079	1604.79353	1604.80407	671.339091	671.323443	
3.84325	1604.91559	1604.91751	671.461143	671.445617	
3.853475	1605.03833	1605.03969	671.583891	671.56779	
3.863693	1605.16091	1605.16186	671.706471	671.689963	
3.873804	1605.28227	1605.27531	671.827827	671.812136	
3.883964	1605.40421	1605.39748	671.949771	671.934309	
3.894188	1605.52688	1605.51093	672.072435	672.047755	
3.904406	1605.64955	1605.6331	672.195111	672.169928	
3.914444	1605.76995	1605.75527	672.315507	672.292101	
3.92459	1605.89169	1605.87744	672.437247	672.414274	
3.934771	1606.01386	1605.99962	672.559419	672.536447	
3.944864	1606.13499	1606.11306	672.680547	672.667347	
3.955077	1606.25753	1606.24396	672.803091	672.78952	
3.965277	1606.37993	1606.36614	672.925491	672.911693	
3.975472	1606.50229	1606.48831	673.047843	673.033866	
3.985588	1606.62364	1606.61048	673.169199	673.156039	
3.995704	1606.74506	1606.73266	673.290615	673.286939	
4.005876	1606.86711	1606.86356	673.412667	673.409112	
4.016013	1606.98874	1606.98573	673.534299	673.540012	
4.026319	1607.11249	1607.11663	673.658043	673.662185	
4.036325	1607.23252	1607.24753	673.778079	673.784358	
4.046523	1607.35487	1607.3697	673.900431	673.915257	
4.058848	1607.50287	1607.5006	674.048427	674.03743	
4.066732	1607.59743	1607.62277	674.142987	674.159604	
4.076897	1607.71937	1607.74495	674.264931	674.290503	
4.087013	1607.84075	1607.86712	674.386311	674.412676	
4.097188	1607.9629	1607.99802	674.508459	674.534849	
4.107335	1608.08459	1608.12019	674.630151	674.657022	
4.117523	1608.20691	1608.24237	674.752467	674.779195	
4.127738	1608.32948	1608.37327	674.875035	674.910095	
4.137833	1608.45059	1608.48671	674.996151	675.032268	
4.147985	1608.57244	1608.60889	675.117999	675.154441	
4.158202	1608.69503	1608.72233	675.240591	675.267888	
4.168294	1608.81614	1608.85323	675.361695	675.390061	
4.178436	1608.93782	1608.96668	675.483375	675.512234	
4.190291	1609.08016	1609.08885	675.625719	675.634407	
4.198711	1609.18117	1609.21102	675.726723	675.747853	
4.208838	1609.30265	1609.3332	675.848211	675.8613	
4.226861	1609.51897	1609.44664	676.064523	676.070739	
4.231435	1609.57383	1609.595	676.119387	676.123099	
4.241535	1609.69502	1609.71717	676.240575	676.245272	
4.25175	1609.81766	1609.83934	676.363215	676.367445	
4.261899	1609.93942	1609.95279	676.484979	676.489618	
4.2721	1610.06185	1610.07496	676.607403	676.603064	
4.282222	1610.18326	1610.19713	676.728819	676.725238	
4.292367	1610.305	1610.31931	676.850559	676.838684	
4.302547	1610.42716	1610.43275	676.972719	676.960857	
4.312696	1610.54897	1610.55493	677.094531	677.08303	
4.322848	1610.67077	1610.6771	677.216331	677.205203	
4.333022	1610.7929	1610.79055	677.338455	677.327376	
4.343176	1610.9147	1610.91272	677.460255	677.440823	
4.353296	1611.03616	1611.02617	677.581719	677.562996	
4.363439	1611.15788	1611.14834	677.703435	677.685169	
4.37365	1611.28047	1611.27051	677.826027	677.807342	
4.383827	1611.40251	1611.39269	677.948067	677.929515	
4.39396	1611.52412	1611.51486	678.069675	678.051688	
4.404114	1611.64598	1611.6283	678.191535	678.173861	
4.414329	1611.76855	1611.7592	678.314103	678.296034	
4.424437	1611.88983	1611.88138	678.435387	678.418207	
4.434587	1612.01164	1612.00355	678.557199	678.54038	
4.444766	1612.1338	1612.117	678.679359	678.662553	
4.454913	1612.25557	1612.2479	678.801123	678.784726	
4.465047	1612.37717	1612.37007	678.922731	678.915626	
4.475215	1612.49924	1612.49224	679.044795	679.037799	
4.485393	1612.62131	1612.61442	679.166871	679.159972	
4.495579	1612.74355	1612.73659	679.289103	679.282145	
4.505706	1612.86506	1612.85876	679.410615	679.404318	
4.515838	1612.98667	1612.98093	679.532223	679.526491	
4.526053	1613.10926	1613.11183	679.654815	679.657391	
4.536195	1613.23097	1613.23401	679.776531	679.779564	
4.546334	1613.35259	1613.36491	679.898151	679.910463	
4.556429	1613.47378	1613.48708	680.019339	680.032636	
4.56664	1613.59633	1613.60925	680.141883	680.15481	
4.576788	1613.71808	1613.74015	680.263635	680.276983	
4.586968	1613.84023	1613.86233	680.385783	680.399156	
4.59714	1613.96229	1613.9845	680.507847	680.530055	
4.607247	1614.08357	1614.10667	680.629131	680.652228	
4.617388	1614.20525	1614.22885	680.750811	680.783128	
4.627501	1614.32666	1614.35102	680.872215	680.905301	
4.637723	1614.44927	1614.47319	680.994831	681.027474	
4.647922	1614.57173	1614.59536	681.117291	681.149647	
4.658031	1614.69298	1614.71754	681.238539	681.27182	
4.668152	1614.81443	1614.83971	681.359991	681.385267	
4.678402	1614.93747	1614.95316	681.483027	681.50744	
4.689989	1615.0766	1615.07533	681.622155	681.620886	
4.698607	1615.17989	1615.1975	681.725451	681.743059	
4.708765	1615.30179	1615.31968	681.847347	681.865232	
4.718905	1615.42351	1615.44185	681.969063	681.987405	
4.729122	1615.5461	1615.56402	682.091655	682.100852	
4.739206	1615.66708	1615.6862	682.212639	682.223025	
4.749392	1615.7893	1615.79964	682.334859	682.345198	
4.759494	1615.91055	1615.92181	682.456107	682.458644	
4.769624	1616.03209	1616.04399	682.577643	682.580817	
4.779799	1616.1542	1616.15743	682.699755	682.70299	
4.78999	1616.27653	1616.27961	682.822083	682.816437	
4.800092	1616.39773	1616.40178	682.943283	682.93861	
4.810226	1616.51933	1616.51523	683.064891	683.052056	
4.820366	1616.641	1616.6374	683.186559	683.174229	
4.838412	1616.85759	1616.85557	683.403147	683.383669	
4.842955	1616.91208	1616.90793	683.457639	683.436028	
4.853156	1617.03448	1617.02137	683.580039	683.558202	
4.863276	1617.15592	1617.14355	683.701479	683.680375	
4.873434	1617.27783	1617.26572	683.823387	683.802548	
4.883545	1617.39914	1617.38789	683.944695	683.924721	
4.893878	1617.52318	1617.51006	684.068739	684.05562	
4.903911	1617.64352	1617.62351	684.189075	684.177793	
4.914055	1617.76526	1617.75441	684.310815	684.299966	
4.924227	1617.88737	1617.86786	684.432927	684.42214	
4.93442	1618.00965	1617.99876	684.555207	684.544313	
4.944542	1618.13109	1618.12093	684.676647	684.666486	
4.954684	1618.25281	1618.2431	684.798363	684.797385	
4.964902	1618.37543	1618.36528	684.920991	684.919558	
4.975033	1618.49702	1618.48745	685.042575	685.041731	
4.985171	1618.61863	1618.60962	685.164183	685.163904	
4.997211	1618.76329	1618.75797	685.308843	685.303531	
5.007211	1618.88317	1618.88015	685.428723	685.425704	
5.017356	1619.00491	1619.01105	685.550463	685.556604	
5.027506	1619.12671	1619.13322	685.672263	685.678777	
5.037718	1619.24832	1619.26412	685.79388	685.80095	
