95.22205	1871.12889	1871.13258	937.674446	937.678141	
95.23248	1871.13051	1871.13258	937.676069	937.678141	
95.24249	1871.13266	1871.13258	937.678214	937.678141	
95.25248	1871.1354	1871.13258	937.680952	937.678141	
95.26266	1871.13881	1871.13258	937.684371	937.678141	
95.28217	1871.14821	1871.14131	937.693762	937.678141	
95.2867	1871.1503	1871.14131	937.695856	937.678141	
95.2969	1871.15583	1871.14131	937.701382	937.678141	
95.30704	1871.16193	1871.15004	937.707482	937.686867	
95.31723	1871.16869	1871.15004	937.714241	937.686867	
95.32858	1871.17703	1871.15876	937.722588	937.686867	
95.33747	1871.18397	1871.16749	937.729526	937.686867	
95.34794	1871.19285	1871.17622	937.738403	937.686867	
95.35777	1871.20179	1871.18494	937.747343	937.686867	
95.36821	1871.21188	1871.19367	937.757437	937.686867	
95.3781	1871.22204	1871.2024	937.767597	937.686867	
95.38825	1871.23309	1871.21112	937.778642	937.686867	
95.39838	1871.24475	1871.21985	937.790305	937.695594	
95.40856	1871.25707	1871.21985	937.802631	937.695594	
95.41869	1871.26996	1871.22858	937.815519	937.713047	
95.42883	1871.28348	1871.2373	937.829033	937.721774	
95.43908	1871.29776	1871.24603	937.84332	937.730501	
95.44917	1871.31245	1871.25476	937.858007	937.75668	
95.45929	1871.3278	1871.27221	937.873351	937.774134	
95.46942	1871.34375	1871.28094	937.889304	937.800314	
95.47961	1871.36044	1871.28966	937.905997	937.817767	
95.4898	1871.37774	1871.30712	937.923294	937.852674	
95.49991	1871.39553	1871.32457	937.941083	937.870127	
95.51005	1871.41399	1871.34202	937.959542	937.905033	
95.52024	1871.43316	1871.3682	937.978719	937.922487	
95.53035	1871.45279	1871.39438	937.998348	937.957393	
95.54055	1871.47322	1871.42056	938.018777	937.983573	
95.55067	1871.49411	1871.44674	938.039665	938.009753	
95.56085	1871.51575	1871.48165	938.061306	938.035933	
95.57099	1871.53791	1871.50783	938.083467	938.062113	
95.58115	1871.56074	1871.54274	938.106294	938.088293	
95.59133	1871.58422	1871.57764	938.129774	938.114473	
95.60149	1871.60829	1871.61255	938.153848	938.14938	
95.61165	1871.63297	1871.63873	938.178526	938.166833	
95.62181	1871.65835	1871.67364	938.203909	938.201739	
95.63198	1871.68424	1871.70854	938.229796	938.227919	
95.64214	1871.71078	1871.74345	938.256341	938.254099	
95.65231	1871.73796	1871.76963	938.283516	938.280279	
95.66248	1871.76578	1871.79581	938.311337	938.306459	
95.67264	1871.79418	1871.82199	938.339735	938.332639	
95.68282	1871.82329	1871.84817	938.368844	938.358819	
95.69292	1871.85275	1871.88308	938.398305	938.384999	
95.70313	1871.88315	1871.90053	938.428709	938.411179	
95.71324	1871.91388	1871.92671	938.459435	938.437359	
95.7234	1871.94536	1871.95289	938.490917	938.463539	
95.73355	1871.97744	1871.97034	938.522999	938.498445	
95.74369	1872.01013	1871.99652	938.555682	938.524625	
95.75393	1872.04377	1872.0227	938.589331	938.550805	
95.76405	1872.07763	1872.04016	938.623183	938.585712	
95.77422	1872.11222	1872.06634	938.657776	938.620618	
95.78444	1872.14764	1872.09252	938.693194	938.655525	
95.79452	1872.18319	1872.12742	938.72875	938.690432	
95.80466	1872.21959	1872.16233	938.765145	938.725338	
95.81482	1872.25667	1872.19724	938.802224	938.760245	
95.82669	1872.30091	1872.23214	938.846464	938.795151	
95.83512	1872.3326	1872.27578	938.878156	938.838785	
95.84526	1872.37145	1872.31941	938.91701	938.882418	
95.85539	1872.4109	1872.36304	938.956453	938.917324	
95.86558	1872.45119	1872.40667	938.996742	938.960958	
95.87575	1872.49199	1872.45903	939.037544	939.004591	
95.8859	1872.53337	1872.50267	939.078928	939.048224	
95.89606	1872.57537	1872.5463	939.12093	939.091857	
95.90626	1872.6182	1872.60739	939.163758	939.135491	
95.91636	1872.66119	1872.65102	939.206749	939.179124	
95.92657	1872.7053	1872.70338	939.250854	939.231484	
95.93676	1872.74995	1872.75574	939.295504	939.275117	
95.94685	1872.79474	1872.8081	939.340298	939.327477	
95.95699	1872.84041	1872.86046	939.385968	939.37111	
95.96719	1872.88694	1872.90409	939.432498	939.42347	
95.97731	1872.93371	1872.95645	939.479265	939.47583	
95.98746	1872.98126	1873.00009	939.526818	939.52819	
95.99755	1873.02914	1873.04372	939.574694	939.58055	
96.00774	1873.07814	1873.09608	939.623695	939.632909	
96.01794	1873.12778	1873.13971	939.673334	939.676543	
96.02805	1873.17761	1873.19207	939.723161	939.728903	
96.03821	1873.22827	1873.23571	939.773825	939.772536	
96.04843	1873.2799	1873.27934	939.825452	939.824896	
96.05851	1873.33143	1873.3317	939.876988	939.877255	
96.06865	1873.38385	1873.37533	939.929403	939.920889	
96.07898	1873.43794	1873.41897	939.983499	939.964522	
96.08902	1873.4911	1873.47133	940.036657	940.016882	
96.09919	1873.54555	1873.52369	940.091102	940.069242	
96.10928	1873.60016	1873.57605	940.145714	940.112875	
96.11941	1873.65563	1873.62841	940.201183	940.165235	
96.12956	1873.71187	1873.68077	940.257424	940.217595	
96.13989	1873.76972	1873.73313	940.31528	940.278681	
96.15003	1873.82707	1873.78548	940.372626	940.331041	
96.16016	1873.88501	1873.83784	940.430571	940.383401	
96.17032	1873.94375	1873.89893	940.489307	940.444487	
96.18054	1874.00347	1873.96002	940.549031	940.505574	
96.19065	1874.06318	1874.0211	940.608734	940.557934	
96.20083	1874.12392	1874.08219	940.669474	940.627747	
96.21094	1874.18481	1874.152	940.730366	940.688834	
96.22117	1874.24712	1874.21309	940.792679	940.74992	
96.23133	1874.30956	1874.27418	940.855116	940.819733	
96.24142	1874.37219	1874.34399	940.91775	940.889546	
96.25161	1874.43606	1874.4138	940.981618	940.95936	
96.26175	1874.50052	1874.48362	941.046077	941.029173	
96.27396	1874.57859	1874.5447	941.124147	941.098986	
96.28206	1874.63077	1874.61452	941.176327	941.168799	
96.29222	1874.69691	1874.68433	941.242461	941.238612	
96.30232	1874.76334	1874.74542	941.308894	941.308425	
96.31256	1874.83128	1874.81523	941.376834	941.378239	
96.32265	1874.89883	1874.88504	941.444386	941.448052	
96.33282	1874.96755	1874.95486	941.513102	941.517865	
96.34297	1875.03674	1875.02467	941.582294	941.587678	
96.35307	1875.1062	1875.09448	941.651756	941.657491	
96.36322	1875.17666	1875.1643	941.722216	941.727304	
96.37342	1875.24802	1875.24283	941.793578	941.797118	
96.38354	1875.31946	1875.31265	941.86502	941.866931	
96.40396	1875.46681	1875.45227	942.012367	942.006557	
96.40855	1875.49987	1875.48718	942.045425	942.032737	
96.41866	1875.57338	1875.55699	942.118935	942.10255	
96.42879	1875.64764	1875.63553	942.193198	942.172363	
96.43901	1875.72326	1875.70535	942.268818	942.242177	
96.44916	1875.79888	1875.77516	942.344439	942.320716	
96.45924	1875.87463	1875.8537	942.420183	942.39053	
96.46947	1875.95211	1875.92351	942.497671	942.469069	
96.47966	1876.02997	1876.00205	942.575524	942.547609	
96.48985	1876.10837	1876.07187	942.653923	942.626149	
96.49995	1876.18678	1876.15041	942.732339	942.704689	
96.51009	1876.2661	1876.22895	942.811661	942.791955	
96.52024	1876.34608	1876.30749	942.891639	942.870495	
96.53039	1876.4267	1876.38603	942.972252	942.949035	
96.54838	1876.57192	1876.53438	943.117472	943.097388	
96.5529	1876.60837	1876.56929	943.153929	943.141021	
96.56308	1876.69118	1876.64782	943.236736	943.219561	
96.57322	1876.77433	1876.73509	943.319883	943.306827	
96.58339	1876.85837	1876.82236	943.403931	943.394094	
96.59355	1876.94288	1876.90962	943.48844	943.48136	
96.6037	1877.02799	1876.99689	943.573551	943.568627	
96.61388	1877.11393	1877.08416	943.659485	943.655893	
96.62417	1877.20152	1877.18015	943.747073	943.751886	
96.6343	1877.2882	1877.27614	943.833756	943.839153	
96.64449	1877.3761	1877.36341	943.921655	943.926419	
96.65463	1877.46425	1877.4594	944.009808	944.013686	
96.66485	1877.55359	1877.54667	944.099144	944.109679	
96.67495	1877.64263	1877.64266	944.18819	944.196945	
96.6851	1877.73261	1877.72993	944.278162	944.284212	
96.69526	1877.82343	1877.8172	944.368986	944.380205	
96.7055	1877.91547	1877.91319	944.46103	944.467471	
96.7156	1878.00696	1878.00046	944.552513	944.563465	
96.72574	1878.09932	1878.09645	944.644876	944.650731	
96.73592	1878.19279	1878.18371	944.738347	944.746724	
96.74605	1878.28629	1878.27971	944.831843	944.842717	
96.75624	1878.38107	1878.36697	944.92663	944.93871	
96.76639	1878.47603	1878.46297	945.021587	945.025977	
96.77662	1878.57242	1878.55023	945.11798	945.12197	
96.78673	1878.66829	1878.64623	945.213842	945.217963	
96.79688	1878.76504	1878.74222	945.310598	945.305229	
96.80705	1878.86274	1878.82949	945.4083	945.409949	
96.8172	1878.96082	1878.93421	945.50638	945.497216	
96.82834	1879.06932	1879.0302	945.614872	945.593209	
96.83744	1879.15824	1879.12619	945.703794	945.689202	
96.84758	1879.25808	1879.23091	945.803635	945.793922	
96.85776	1879.35893	1879.33563	945.904482	945.889915	
96.86793	1879.46036	1879.43163	946.005912	945.994635	
96.87808	1879.56211	1879.53634	946.107669	946.099354	
96.8882	1879.66415	1879.63234	946.209708	946.195347	
96.89832	1879.76694	1879.74578	946.312493	946.300067	
96.90848	1879.87071	1879.8505	946.416266	946.404787	
96.91866	1879.9752	1879.95522	946.520761	946.509507	
96.92883	1880.08033	1880.05994	946.625888	946.614226	
96.93899	1880.18584	1880.16466	946.731394	946.718946	
96.94913	1880.29189	1880.26938	946.837445	946.823666	
96.95965	1880.40258	1880.38283	946.948135	946.937112	
96.9694	1880.50566	1880.48755	947.05122	947.041832	
96.97953	1880.61336	1880.601	947.158919	947.155278	
96.98965	1880.72162	1880.71444	947.267178	947.259998	
96.99983	1880.83121	1880.82789	947.376768	947.382171	
97.01005	1880.94182	1880.94133	947.487374	947.486891	
97.02015	1881.0517	1881.04605	947.597257	947.600337	
97.03034	1881.1632	1881.1595	947.708755	947.713784	
97.04059	1881.27596	1881.27295	947.821521	947.818504	
97.05067	1881.38747	1881.37767	947.933031	947.923223	
97.06087	1881.50097	1881.49111	948.04653	948.027943	
97.07103	1881.6146	1881.60456	948.160157	948.141389	
97.08117	1881.72866	1881.71801	948.274211	948.246109	
97.09131	1881.84329	1881.83145	948.388848	948.359556	
97.10149	1881.95913	1881.93617	948.504686	948.464275	
97.11169	1882.07562	1882.04962	948.621181	948.577722	
97.12198	1882.19391	1882.16307	948.739469	948.691168	
97.13201	1882.30969	1882.27651	948.85525	948.795888	
97.14217	1882.42773	1882.38996	948.973283	948.918061	
97.15229	1882.54589	1882.51213	949.091442	949.031507	
97.16244	1882.665	1882.6343	949.210558	949.15368	
97.17263	1882.78508	1882.74775	949.330638	949.275854	
97.18277	1882.9054	1882.86992	949.450956	949.398027	
97.19295	1883.02665	1882.98337	949.572206	949.528926	
97.20308	1883.14808	1883.10554	949.693641	949.651099	
97.21321	1883.26957	1883.22772	949.815129	949.781999	
97.22345	1883.39248	1883.35862	949.938033	949.912899	
97.2336	1883.51429	1883.48079	950.059845	950.035072	
97.2437	1883.63545	1883.61169	950.181009	950.165971	
97.25386	1883.75789	1883.73386	950.303445	950.296871	
97.26404	1883.87959	1883.86476	950.425149	950.436497	
97.27623	1884.02602	1883.99566	950.571573	950.558671	
97.28459	1884.12617	1884.12656	950.671725	950.698297	
97.29445	1884.24445	1884.24873	950.790009	950.82047	
97.30464	1884.36674	1884.37963	950.912301	950.95137	
97.31476	1884.48818	1884.51053	951.033741	951.082269	
97.32486	1884.60948	1884.64143	951.155037	951.204442	
97.33512	1884.73256	1884.76361	951.278121	951.335342	
97.34519	1884.8534	1884.89451	951.398961	951.466242	
97.35533	1884.97501	1885.01668	951.520569	951.588415	
97.36546	1885.09664	1885.14758	951.642201	951.710588	
97.37561	1885.21847	1885.26975	951.764025	951.832761	
97.38582	1885.34102	1885.39192	951.886581	951.946207	
97.39595	1885.4625	1885.5141	952.008057	952.059654	
97.4061	1885.58435	1885.62754	952.129905	952.181827	
97.41626	1885.7063	1885.74972	952.251861	952.295273	
97.42635	1885.82729	1885.86316	952.372845	952.40872	
97.43657	1885.94988	1885.98534	952.495437	952.522166	
97.44673	1886.07186	1886.09006	952.617417	952.635612	
97.45692	1886.19416	1886.21223	952.739721	952.757785	
97.46704	1886.31551	1886.32568	952.861065	952.862505	
97.47712	1886.43656	1886.43912	952.982121	952.984678	
97.48736	1886.55943	1886.5613	953.104989	953.098125	
97.49742	1886.68013	1886.67474	953.225685	953.211571	
97.50757	1886.80195	1886.78819	953.347509	953.333744	
97.51774	1886.92398	1886.90163	953.469537	953.44719	
97.5279	1887.04596	1887.02381	953.591517	953.569363	
97.53811	1887.16841	1887.13725	953.713965	953.691537	
97.54822	1887.2897	1887.25943	953.835261	953.81371	
97.55837	1887.41153	1887.3816	953.957085	953.927156	
97.56859	1887.53419	1887.49505	954.079749	954.049329	
97.57866	1887.65503	1887.61722	954.200589	954.171502	
97.58881	1887.77677	1887.74812	954.322329	954.302402	
97.599	1887.8991	1887.87029	954.444657	954.424575	
97.60918	1888.0213	1887.99247	954.566853	954.555475	
97.61926	1888.14218	1888.11464	954.687741	954.677648	
97.62937	1888.26347	1888.24554	954.809025	954.799821	
97.63957	1888.38593	1888.36771	954.931485	954.921994	
97.64973	1888.5078	1888.49861	955.053357	955.044167	
97.65986	1888.62942	1888.62078	955.174977	955.175066	
97.67002	1888.75172	1888.74296	955.297281	955.305966	
97.68017	1888.8731	1888.87386	955.418661	955.428139	
97.6903	1888.99465	1888.99603	955.540209	955.550312	
97.70048	1889.11687	1889.12693	955.662429	955.672485	
97.71063	1889.2387	1889.25783	955.784253	955.803385	
97.72085	1889.36128	1889.38	955.906833	955.925558	
97.73103	1889.48348	1889.5109	956.029041	956.047731	
97.74109	1889.60411	1889.63307	956.149665	956.178631	
97.75933	1889.8231	1889.85997	956.368653	956.38807	
97.7639	1889.87796	1889.92105	956.423517	956.449157	
97.77411	1890.00037	1890.0345	956.545929	956.57133	
97.78424	1890.12191	1890.15667	956.667465	956.693503	
97.79438	1890.24358	1890.27885	956.789133	956.815676	
97.80449	1890.36498	1890.40102	956.910537	956.929122	
97.81469	1890.48737	1890.52319	957.032925	957.051295	
97.82486	1890.60947	1890.64537	957.155025	957.173468	
97.835	1890.73109	1890.76754	957.276645	957.295641	
97.84513	1890.85264	1890.88098	957.398193	957.417814	
97.85532	1890.97495	1890.99443	957.520509	957.539988	
97.86541	1891.09601	1891.1166	957.641565	957.653434	
97.87558	1891.21805	1891.23878	957.763605	957.775607	
97.88572	1891.33975	1891.35222	957.885309	957.889053	
97.89588	1891.46171	1891.4744	958.007265	958.011226	
97.90613	1891.58461	1891.59657	958.130169	958.133399	
97.91624	1891.70596	1891.71002	958.251513	958.255573	
97.92638	1891.82764	1891.83219	958.373193	958.369019	
97.93663	1891.95064	1891.95436	958.496193	958.491192	
97.9467	1892.07146	1892.06781	958.617021	958.604638	
97.95684	1892.19318	1892.18998	958.738737	958.726811	
97.96701	1892.31518	1892.31215	958.860741	958.848984	
97.97715	1892.43692	1892.43433	958.982481	958.971158	
97.9873	1892.55865	1892.5565	959.104209	959.093331	
97.99738	1892.67972	1892.67867	959.225277	959.215504	
98.00758	1892.80211	1892.80957	959.347665	959.32895	
98.01774	1892.92397	1892.93175	959.469525	959.451123	
98.02788	1893.04568	1893.05392	959.591241	959.573296	
98.03805	1893.16763	1893.17609	959.713185	959.695469	
98.04817	1893.28909	1893.29827	959.834649	959.817642	
98.05833	1893.41101	1893.42044	959.956569	959.939815	
98.06849	1893.53294	1893.54261	960.078501	960.061988	
98.07861	1893.65443	1893.66479	960.199989	960.184161	
98.08879	1893.7765	1893.78696	960.322053	960.315061	
98.09891	1893.89796	1893.90913	960.443517	960.437234	
98.10911	1894.02041	1894.0313	960.565965	960.559407	
98.11927	1894.14227	1894.15348	960.687825	960.68158	
98.12937	1894.26353	1894.27565	960.809085	960.803753	
98.13968	1894.38722	1894.3891	960.932781	960.925926	
98.14965	1894.50684	1894.51127	961.052397	961.048099	
98.15984	1894.62912	1894.63344	961.174677	961.170272	
98.17809	1894.84822	1894.85161	961.393773	961.379712	
98.18265	1894.90285	1894.90397	961.448409	961.432072	
98.19286	1895.02538	1895.02614	961.570941	961.554245	
98.20297	1895.14674	1895.13959	961.692297	961.676418	
98.21309	1895.26819	1895.27049	961.813749	961.798591	
98.22334	1895.39129	1895.38393	961.936845	961.920764	
98.23346	1895.51258	1895.51483	962.058141	962.042937	
98.24358	1895.63399	1895.62828	962.179545	962.16511	
98.25374	1895.75597	1895.75045	962.301525	962.287283	
98.26394	1895.87842	1895.87263	962.423973	962.409456	
98.28217	1896.09725	1896.09952	962.642805	962.636349	
98.28671	1896.15172	1896.15188	962.697273	962.688709	
98.29687	1896.27354	1896.28278	962.819097	962.819609	
98.30701	1896.3952	1896.40495	962.940753	962.941782	
98.31719	1896.51739	1896.52713	963.062949	963.072681	
98.32737	1896.63952	1896.6493	963.185073	963.194854	
98.33751	1896.76122	1896.77147	963.306777	963.317027	
98.34776	1896.88426	1896.89364	963.429813	963.4392	
98.3582	1897.00958	1897.01582	963.555141	963.561373	
98.36963	1897.15028	1897.13799	963.695841	963.692273	
98.37821	1897.24964	1897.26016	963.795201	963.814446	
98.38829	1897.37057	1897.38234	963.916125	963.936619	
98.39844	1897.49239	1897.50451	964.037949	964.067519	
98.40866	1897.61504	1897.63541	964.160601	964.189692	
98.41874	1897.73598	1897.74886	964.281537	964.311865	
98.42889	1897.85771	1897.87976	964.403265	964.434038	
98.43908	1897.98001	1898.00193	964.525569	964.556211	
98.44921	1898.10162	1898.1241	964.647177	964.669658	
98.45939	1898.22372	1898.24627	964.769277	964.783104	
98.46949	1898.34502	1898.36845	964.890573	964.905277	
98.47979	1898.46865	1898.49062	965.014209	965.02745	
98.48975	1898.58805	1898.61279	965.133609	965.149623	
98.49992	1898.71016	1898.73497	965.255721	965.263069	
98.5101	1898.83224	1898.84841	965.377797	965.385243	
98.52023	1898.95381	1898.97059	965.499369	965.498689	
98.53037	1899.07548	1899.09276	965.621037	965.620862	
98.54836	1899.29141	1899.3022	965.836965	965.830301	
98.55291	1899.34606	1899.35456	965.891613	965.891388	
98.56304	1899.46763	1899.468	966.013185	966.004834	
98.57319	1899.58932	1899.59018	966.134877	966.127007	
98.58337	1899.71159	1899.70362	966.257145	966.24918	
98.59351	1899.83328	1899.8258	966.378837	966.371354	
98.60365	1899.95494	1899.94797	966.500493	966.493527	
98.61382	1900.07687	1900.06142	966.622425	966.6157	
98.62397	1900.19876	1900.18359	966.744321	966.729146	
98.63421	1900.32163	1900.30576	966.867189	966.851319	
98.64435	1900.44334	1900.42794	966.988893	966.973492	
98.6545	1900.56516	1900.54138	967.110717	967.095665	
98.66475	1900.68804	1900.66356	967.233597	967.217838	
98.67482	1900.8089	1900.78573	967.354461	967.340011	
98.68496	1900.93063	1900.91663	967.476189	967.462184	
98.69518	1901.05331	1901.03007	967.598865	967.584357	
98.70532	1901.17488	1901.16097	967.720437	967.70653	
98.71544	1901.2964	1901.29187	967.841961	967.83743	
98.72559	1901.4182	1901.41405	967.963761	967.959603	
98.73576	1901.54028	1901.53622	968.085837	968.081776	
98.74588	1901.66165	1901.65839	968.207205	968.203949	
98.75608	1901.78404	1901.78929	968.329593	968.334849	
98.76623	1901.90591	1901.91147	968.451465	968.457022	
98.77637	1902.02755	1902.04237	968.573109	968.579195	
98.78653	1902.14941	1902.16454	968.694969	968.710095	
98.7969	1902.27395	1902.28671	968.819505	968.832268	
98.80683	1902.39313	1902.41761	968.938689	968.954441	
98.81699	1902.51498	1902.53978	969.060537	969.076614	
98.82713	1902.63665	1902.66196	969.182205	969.198787	
98.83728	1902.75846	1902.78413	969.304017	969.32096	
98.84745	1902.88048	1902.91503	969.426033	969.443133	
98.85756	1903.0018	1903.0372	969.547353	969.565306	
98.86775	1903.12408	1903.15065	969.669633	969.696206	
98.87788	1903.24562	1903.27282	969.791181	969.818379	
98.88802	1903.36739	1903.395	969.912945	969.940552	
98.90616	1903.58504	1903.61316	970.130601	970.158718	
98.91077	1903.64036	1903.66552	970.185921	970.211078	
98.92098	1903.76281	1903.78769	970.308369	970.333251	
98.9311	1903.88424	1903.90114	970.429797	970.455424	
98.94126	1904.00618	1904.01459	970.551741	970.577597	
98.95145	1904.12854	1904.13676	970.674093	970.69977	
98.96168	1904.25131	1904.25893	970.796865	970.813216	
98.97174	1904.372	1904.38111	970.917561	970.93539	
98.9819	1904.49383	1904.50328	971.039385	971.048836	
98.99204	1904.61562	1904.62545	971.161173	971.171009	
99.00237	1904.73959	1904.74763	971.285145	971.293182	
99.01241	1904.86003	1904.8698	971.405589	971.406628	
99.02256	1904.98186	1904.98325	971.527413	971.528801	
99.0328	1905.10472	1905.10542	971.650281	971.650975	
99.04288	1905.22559	1905.22759	971.771145	971.764421	
99.05304	1905.34756	1905.34976	971.893113	971.886594	
99.06324	1905.46996	1905.47194	972.015513	972.008767	
99.07337	1905.59147	1905.58538	972.137025	972.13094	
99.08352	1905.71334	1905.70756	972.258897	972.253113	
99.09366	1905.83497	1905.82973	972.380529	972.375286	
99.10385	1905.95729	1905.9519	972.502845	972.497459	
99.11404	1906.0796	1906.07408	972.625161	972.619632	
99.12414	1906.20076	1906.19625	972.746313	972.733079	
99.13431	1906.32288	1906.31842	972.868437	972.855252	
99.14449	1906.44502	1906.4406	972.990573	972.986151	
99.15462	1906.5665	1906.56277	973.112061	973.099598	
99.16474	1906.68791	1906.68494	973.233465	973.221771	
99.17492	1906.81009	1906.80711	973.355649	973.343944	
99.18513	1906.93259	1906.92929	973.478145	973.466117	
99.19524	1907.05392	1907.05146	973.599477	973.58829	
99.20538	1907.17562	1907.17363	973.721181	973.710463	
99.21553	1907.2975	1907.29581	973.843053	973.832636	
99.22583	1907.42107	1907.41798	973.966629	973.954809	
99.23597	1907.54273	1907.54015	974.088285	974.085709	
99.24608	1907.66443	1907.66233	974.209989	974.207882	
99.25633	1907.78713	1907.7845	974.332689	974.330055	
99.26648	1907.90939	1907.90667	974.454945	974.452228	
99.27701	1908.03886	1908.03757	974.584413	974.574401	
99.28678	1908.15242	1908.15974	974.697981	974.696574	
99.29696	1908.27464	1908.28192	974.820201	974.827474	
99.30704	1908.39558	1908.41282	974.941137	974.949647	
99.31721	1908.51761	1908.53499	975.063165	975.07182	
99.32743	1908.64025	1908.65716	975.185805	975.20272	
99.33755	1908.76174	1908.77934	975.307293	975.324893	
99.34777	1908.88429	1908.90151	975.429849	975.447066	
99.3582	1909.00952	1909.02368	975.555081	975.569239	
99.36798	1909.12692	1909.14586	975.672477	975.691412	
99.37821	1909.24966	1909.26803	975.795213	975.813585	
99.38828	1909.37046	1909.3902	975.916017	975.935758	
99.39843	1909.49219	1909.51237	976.037745	976.057931	
99.40863	1909.61462	1909.63455	976.160181	976.180104	
99.41873	1909.73586	1909.75672	976.281417	976.302277	
99.4289	1909.85789	1909.87017	976.403445	976.42445	
99.44691	1910.07398	1910.00107	976.619541	976.63389	
99.45147	1910.12878	1910.14069	976.674333	976.686249	
99.46162	1910.25056	1910.26287	976.796121	976.808422	
99.47178	1910.37244	1910.38504	976.917993	976.930596	
99.48195	1910.49443	1910.51594	977.039985	977.052769	
99.49206	1910.61578	1910.63811	977.161341	977.174942	
99.50225	1910.73845	1910.76029	977.284005	977.288388	
99.51241	1910.85998	1910.88246	977.405541	977.410561	
99.52255	1910.9817	1911.01336	977.527257	977.524007	
99.53274	1911.104	1911.1268	977.649561	977.646181	
99.54288	1911.22567	1911.24898	977.771229	977.768354	
99.55307	1911.34795	1911.37115	977.893509	977.890527	
99.5632	1911.46948	1911.4846	978.015033	978.0127	
99.57336	1911.59144	1911.60677	978.137001	978.134873	
99.58356	1911.71378	1911.72894	978.259341	978.257046	
99.59368	1911.8353	1911.85112	978.380853	978.379219	
99.60384	1911.95718	1911.96456	978.502737	978.501392	
99.614	1912.07909	1912.08674	978.624645	978.614838	
99.62417	1912.20114	1912.20018	978.746697	978.737011	
99.63439	1912.32379	1912.32235	978.869349	978.859184	
99.64452	1912.4453	1912.44453	978.990861	978.981357	
99.65466	1912.56701	1912.55797	979.112565	979.10353	
99.6649	1912.68994	1912.68015	979.235493	979.225703	
99.67496	1912.81066	1912.79359	979.356213	979.347877	
99.68511	1912.93237	1912.91577	979.477929	979.47005	
99.69572	1913.05973	1913.03794	979.605285	979.600949	
99.70582	1913.18089	1913.16011	979.726449	979.723122	
99.71596	1913.3026	1913.28229	979.848153	979.836569	
99.72612	1913.42449	1913.40446	979.970049	979.958742	
99.73628	1913.54647	1913.52663	980.092029	980.080915	
99.74641	1913.66798	1913.64881	980.213541	980.203088	
99.7566	1913.79032	1913.77098	980.335881	980.316534	
99.76675	1913.91212	1913.90188	980.457681	980.447434	
99.77696	1914.03462	1914.01532	980.580177	980.569607	
99.78705	1914.15562	1914.15495	980.701173	980.69178	
99.7972	1914.27748	1914.27712	980.823033	980.813953	
99.80736	1914.39946	1914.3993	980.945013	980.944853	
99.81749	1914.52096	1914.52147	981.066513	981.067026	
99.82769	1914.64339	1914.65237	981.188949	981.189199	
99.8378	1914.76469	1914.77454	981.310245	981.311372	
99.84797	1914.88681	1914.89672	981.432369	981.433545	
99.8584	1915.01194	1915.02762	981.557493	981.564445	
99.86823	1915.12982	1915.14979	981.675381	981.686618	
99.87838	1915.25165	1915.27196	981.797205	981.817517	
99.88855	1915.37366	1915.39413	981.919221	981.93969	
99.89868	1915.49526	1915.51631	982.040817	982.061864	
99.90886	1915.61737	1915.63848	982.162929	982.184037	
99.91904	1915.73957	1915.76065	982.285125	982.30621	
99.92919	1915.86134	1915.88283	982.406901	982.428383	
99.9393	1915.98268	1916.005	982.528233	982.550556	
99.94942	1916.10415	1916.12717	982.649709	982.672729	
99.95961	1916.2264	1916.24935	982.771953	982.794902	
99.96975	1916.34803	1916.37152	982.893585	982.917075	
99.97987	1916.4695	1916.48497	983.015061	983.039248	
99.98998	1916.59084	1916.60714	983.136393	983.152694	
100.0002	1916.71314	1916.72931	983.258697	983.274867	
100.0104	1916.83577	1916.84276	983.381325	983.388314	
100.0283	1917.0512	1917.0522	983.596761	983.597753	
100.033	1917.10669	1917.11328	983.652249	983.650113	
100.043	1917.22728	1917.22673	983.772837	983.772286	
100.0532	1917.34954	1917.3489	983.895093	983.894459	
100.0651	1917.49232	1917.49726	984.037881	984.034086	
100.0751	1917.61261	1917.6107	984.158169	984.156259	
100.0853	1917.73462	1917.73288	984.280173	984.278432	
100.0955	1917.85704	1917.85505	984.402597	984.400605	
100.1056	1917.97799	1917.97722	984.523545	984.514051	
100.1157	1918.09988	1918.09939	984.645441	984.636224	
100.1259	1918.2216	1918.22157	984.767157	984.749671	
100.1361	1918.344	1918.34374	984.889557	984.871844	
100.1541	1918.56088	1918.56191	985.106433	985.09001	
100.1587	1918.61552	1918.61427	985.161081	985.151096	
100.1689	1918.73827	1918.73644	985.283829	985.273269	
100.1791	1918.86	1918.85861	985.405557	985.395442	
100.1892	1918.98104	1918.98079	985.526601	985.517615	
100.1994	1919.10377	1919.10296	985.649325	985.639788	
100.2094	1919.22324	1919.21641	985.768793	985.761962	
