25.15418	1110.57014	1110.553	184.35009	184.324222	
25.15874	1110.57109	1110.553	184.35104	184.324222	
25.16884	1110.57399	1110.553	184.353931	184.324222	
25.17897	1110.5775	1110.553	184.357448	184.324222	
25.18917	1110.58167	1110.553	184.361612	184.332949	
25.19933	1110.58644	1110.553	184.366382	184.332949	
25.20949	1110.59182	1110.553	184.37177	184.332949	
25.21964	1110.59782	1110.553	184.377769	184.332949	
25.22976	1110.60442	1110.553	184.384362	184.332949	
25.24001	1110.61174	1110.553	184.391682	184.341676	
25.2501	1110.61954	1110.553	184.39949	184.341676	
25.26028	1110.62804	1110.553	184.40799	184.341676	
25.27048	1110.63719	1110.553	184.417133	184.341676	
25.2806	1110.64686	1110.553	184.426809	184.341676	
25.29073	1110.65717	1110.56173	184.437117	184.341676	
25.30084	1110.66808	1110.57046	184.448022	184.350402	
25.31102	1110.67968	1110.57046	184.459626	184.359129	
25.32124	1110.69195	1110.58791	184.471892	184.376582	
25.33133	1110.70468	1110.60536	184.484622	184.385309	
25.34147	1110.71808	1110.62282	184.498023	184.402762	
25.3516	1110.73208	1110.64027	184.51203	184.428942	
25.3618	1110.74683	1110.66645	184.526773	184.446395	
25.37188	1110.76199	1110.69263	184.541936	184.472575	
25.38206	1110.77793	1110.71881	184.557872	184.498755	
25.39225	1110.79449	1110.74499	184.57444	184.524935	
25.40237	1110.81158	1110.7799	184.591522	184.551115	
25.4125	1110.82929	1110.8148	184.609235	184.586022	
25.42267	1110.84768	1110.84098	184.627627	184.620928	
25.43281	1110.86665	1110.87589	184.6466	184.655835	
25.44295	1110.88624	1110.90207	184.666184	184.682015	
25.45311	1110.90647	1110.93698	184.686412	184.708195	
25.46327	1110.92734	1110.96316	184.707289	184.743101	
25.47348	1110.94892	1110.98934	184.728868	184.778008	
25.48357	1110.97085	1111.02424	184.750798	184.804188	
25.4937	1110.99349	1111.05042	184.773441	184.830368	
25.50394	1111.01701	1111.0766	184.796959	184.856548	
25.514	1111.04074	1111.10278	184.820685	184.882728	
25.52415	1111.06528	1111.12896	184.845225	184.908908	
25.53432	1111.0905	1111.15514	184.870449	184.935088	
25.54448	1111.1163	1111.17259	184.896247	184.952541	
25.5546	1111.14262	1111.19877	184.922567	184.969994	
25.56621	1111.1737	1111.21623	184.953648	184.996174	
25.5749	1111.19731	1111.23368	184.977254	185.013627	
25.58501	1111.22545	1111.25986	185.005395	185.039807	
25.59514	1111.25425	1111.27731	185.0342	185.057261	
25.60532	1111.28382	1111.29477	185.063761	185.065987	
25.61546	1111.31391	1111.31222	185.093852	185.083441	
25.62559	1111.34457	1111.3384	185.124519	185.100894	
25.63579	1111.37606	1111.35585	185.156009	185.127074	
25.64589	1111.40784	1111.37331	185.18779	185.144527	
25.65612	1111.4407	1111.39076	185.22065	185.16198	
25.66619	1111.47362	1111.41694	185.253571	185.18816	
25.67636	1111.50753	1111.44312	185.287472	185.21434	
25.68656	1111.54213	1111.4693	185.322079	185.24052	
25.69664	1111.57692	1111.50421	185.356864	185.275427	
25.7068	1111.61261	1111.53911	185.392556	185.301607	
25.71691	1111.64878	1111.57402	185.428728	185.34524	
25.72704	1111.68559	1111.61765	185.465537	185.388873	
25.74548	1111.75514	1111.68747	185.535083	185.467413	
25.75001	1111.77214	1111.71365	185.552088	185.484866	
25.76018	1111.81114	1111.75728	185.591088	185.537226	
25.77032	1111.85064	1111.80964	185.630589	185.589586	
25.78051	1111.89098	1111.862	185.670922	185.633219	
25.79067	1111.93177	1111.91436	185.711714	185.685579	
25.80077	1111.97297	1111.96672	185.752911	185.737939	
25.81094	1112.01505	1112.01908	185.794996	185.799026	
25.82108	1112.05766	1112.07144	185.837603	185.860112	
25.83125	1112.10099	1112.1238	185.880932	185.912472	
25.84155	1112.14553	1112.17616	185.925472	185.964832	
25.85166	1112.18983	1112.22852	185.969777	186.017192	
25.86179	1112.23483	1112.28088	186.014772	186.069552	
25.872	1112.28085	1112.33324	186.060801	186.121911	
25.88213	1112.32711	1112.3856	186.107059	186.165545	
25.89226	1112.37395	1112.42923	186.153901	186.217905	
25.90239	1112.42145	1112.48159	186.201395	186.261538	
25.91258	1112.46981	1112.52523	186.249757	186.305171	
25.9227	1112.51852	1112.56886	186.298467	186.348804	
25.93285	1112.56793	1112.61249	186.347877	186.383711	
25.94306	1112.61831	1112.65612	186.398251	186.427344	
25.95325	1112.66916	1112.69976	186.449104	186.470977	
25.96336	1112.72026	1112.73466	186.500208	186.505884	
25.97366	1112.77301	1112.7783	186.552952	186.549517	
25.98366	1112.8247	1112.82193	186.604648	186.59315	
25.99383	1112.87794	1112.86556	186.657885	186.628057	
26.00395	1112.93154	1112.9092	186.711485	186.680417	
26.01409	1112.98588	1112.95283	186.765829	186.72405	
26.02434	1113.04143	1112.99646	186.821374	186.767683	
26.0344	1113.09657	1113.04882	186.876514	186.820043	
26.04455	1113.15279	1113.10118	186.932734	186.872403	
26.05471	1113.20971	1113.15354	186.989652	186.924763	
26.06645	1113.2764	1113.2059	187.056343	186.985849	
26.07496	1113.32502	1113.26699	187.10497	187.046936	
26.08508	1113.38357	1113.32808	187.163513	187.108022	
26.09525	1113.443	1113.38916	187.222943	187.169109	
26.10547	1113.50335	1113.45898	187.283294	187.238922	
26.11559	1113.56374	1113.52879	187.343689	187.308735	
26.12578	1113.62515	1113.58988	187.405091	187.378548	
26.13598	1113.68726	1113.65969	187.467208	187.439635	
26.14605	1113.7492	1113.73823	187.529145	187.509448	
26.15618	1113.81212	1113.80804	187.592068	187.579261	
26.16632	1113.87571	1113.88658	187.655658	187.657801	
26.17647	1113.93998	1113.9564	187.719922	187.727614	
26.18662	1114.00482	1114.02621	187.784766	187.797428	
26.19685	1114.07087	1114.09602	187.850816	187.867241	
26.20692	1114.13651	1114.17456	187.916457	187.937054	
26.21707	1114.20324	1114.24437	187.983188	188.006867	
26.22722	1114.27062	1114.31419	188.050563	188.07668	
26.23774	1114.34112	1114.384	188.121069	188.146493	
26.24786	1114.40952	1114.44509	188.189471	188.216307	
26.25796	1114.47837	1114.5149	188.258321	188.28612	
26.26812	1114.54831	1114.58471	188.328256	188.355933	
26.27827	1114.61879	1114.65453	188.398734	188.417019	
26.28844	1114.69004	1114.72434	188.469985	188.486833	
26.29855	1114.76146	1114.78543	188.541407	188.556646	
26.30874	1114.83402	1114.85524	188.613962	188.617732	
26.3189	1114.90706	1114.91633	188.687008	188.687545	
26.32905	1114.98064	1114.98614	188.760586	188.757359	
26.3392	1115.05479	1115.05595	188.834738	188.827172	
26.34938	1115.12984	1115.11704	188.909783	188.896985	
26.35951	1115.20512	1115.18685	188.985067	188.966798	
26.36966	1115.28116	1115.25667	189.061103	189.036611	
26.3798	1115.3577	1115.32648	189.137651	189.115151	
26.38997	1115.43513	1115.40502	189.215076	189.193691	
26.40017	1115.51343	1115.47483	189.293379	189.263504	
26.4103	1115.59182	1115.55337	189.371766	189.342044	
26.42045	1115.67089	1115.63191	189.450841	189.420584	
26.43063	1115.75092	1115.70172	189.530866	189.499124	
26.44077	1115.83118	1115.78899	189.61113	189.577663	
26.4509	1115.91202	1115.87626	189.691961	189.66493	
26.46105	1115.99356	1115.9548	189.773506	189.752196	
26.47126	1116.07635	1116.04206	189.856299	189.830736	
26.4815	1116.15988	1116.12933	189.939827	189.918003	
26.49156	1116.24266	1116.22532	190.022602	190.005269	
26.50171	1116.32671	1116.31259	190.106655	190.101262	
26.51192	1116.41191	1116.39986	190.191857	190.188529	
26.52202	1116.4968	1116.49585	190.276742	190.275795	
26.53216	1116.58263	1116.59184	190.362572	190.371788	
26.54233	1116.66944	1116.68784	190.449381	190.467781	
26.55244	1116.7562	1116.78383	190.536144	190.555048	
26.56263	1116.8443	1116.87109	190.624244	190.651041	
26.57279	1116.9328	1116.96709	190.712747	190.747034	
26.58291	1117.02157	1117.06308	190.801515	190.8343	
26.59305	1117.11115	1117.15035	190.891094	190.930294	
26.60324	1117.20179	1117.23761	190.981739	191.026287	
26.61346	1117.29325	1117.33361	191.073198	191.113553	
26.62354	1117.38415	1117.42087	191.164098	191.20082	
26.63368	1117.47614	1117.51687	191.256086	191.288086	
26.64382	1117.56873	1117.60413	191.348671	191.384079	
26.65397	1117.66221	1117.6914	191.442152	191.480072	
26.66416	1117.75648	1117.78739	191.536429	191.567339	
26.67424	1117.85043	1117.87466	191.630379	191.654605	
26.6844	1117.94571	1117.97065	191.725658	191.741872	
26.69459	1118.04193	1118.06665	191.82188	191.837865	
26.70481	1118.13898	1118.15391	191.918928	191.925131	
26.71493	1118.23586	1118.24991	192.015809	192.021124	
26.72507	1118.33342	1118.3459	192.113364	192.108391	
26.73522	1118.43168	1118.43316	192.211624	192.204384	
26.74545	1118.53136	1118.52916	192.311308	192.300377	
26.75554	1118.63029	1118.62515	192.410234	192.387643	
26.76573	1118.73091	1118.72114	192.510857	192.483637	
26.77591	1118.83203	1118.81714	192.611972	192.57963	
26.78597	1118.93241	1118.91313	192.71236	192.675623	
26.79606	1119.03389	1119.01785	192.81384	192.771616	
26.80625	1119.13694	1119.11384	192.916891	192.876336	
26.81643	1119.2404	1119.21856	193.020349	192.981055	
26.82657	1119.34416	1119.31456	193.124108	193.085775	
26.83876	1119.46998	1119.41928	193.249926	193.190495	
26.84683	1119.5534	1119.524	193.333341	193.295215	
26.85695	1119.65876	1119.63744	193.438708	193.399934	
26.87499	1119.84907	1119.82943	193.629017	193.591921	
26.87952	1119.89679	1119.88179	193.676734	193.644281	
26.88969	1120.00473	1119.99523	193.784674	193.757727	
26.89982	1120.11283	1120.09995	193.892772	193.871173	
26.90999	1120.22196	1120.22213	194.001908	193.98462	
26.92017	1120.3319	1120.33557	194.11185	194.098066	
26.93032	1120.44203	1120.44902	194.221975	194.220239	
26.94045	1120.55259	1120.56247	194.332532	194.324959	
26.95068	1120.66304	1120.67591	194.442983	194.447132	
26.96078	1120.77144	1120.78936	194.551388	194.560578	
26.97092	1120.87968	1120.90281	194.659624	194.674025	
26.98109	1120.98767	1121.01625	194.76762	194.796198	
26.99129	1121.09531	1121.1297	194.875255	194.909644	
27.00931	1121.28317	1121.33041	195.063119	195.110357	
27.01384	1121.33041	1121.38277	195.110361	195.162717	
27.02406	1121.43633	1121.49622	195.216277	195.276163	
27.03415	1121.54031	1121.60094	195.320257	195.38961	
27.04436	1121.64491	1121.71438	195.424853	195.49433	
27.05442	1121.74732	1121.8191	195.527268	195.607776	
27.06459	1121.85017	1121.92382	195.630118	195.712496	
27.07473	1121.95221	1122.03727	195.732158	195.817215	
27.08484	1122.05335	1122.13326	195.833293	195.913209	
27.09498	1122.15413	1122.22926	195.934079	196.017928	
27.10512	1122.25428	1122.33398	196.034228	196.113921	
27.1153	1122.35433	1122.42124	196.134276	196.209915	
27.12547	1122.45358	1122.50851	196.233526	196.305908	
27.13567	1122.55254	1122.61323	196.332483	196.401901	
27.14579	1122.65014	1122.69177	196.43009	196.489167	
27.1559	1122.74693	1122.78776	196.526872	196.576434	
27.16604	1122.84355	1122.87503	196.623495	196.6637	
27.17622	1122.93986	1122.96229	196.719809	196.759693	
27.18633	1123.03489	1123.04956	196.81484	196.84696	
27.19647	1123.12958	1123.13683	196.909527	196.934226	
27.20664	1123.22402	1123.22409	197.003965	197.021493	
27.21676	1123.31735	1123.31136	197.097299	197.117486	
27.22687	1123.4099	1123.39863	197.189847	197.204752	
27.23707	1123.50278	1123.48589	197.282729	197.292019	
27.24728	1123.59512	1123.58189	197.375067	197.379285	
27.25742	1123.68619	1123.66915	197.466132	197.466552	
27.26752	1123.77628	1123.76515	197.556228	197.553818	
27.27769	1123.8664	1123.85241	197.646345	197.641084	
27.28785	1123.95586	1123.93968	197.735807	197.737078	
27.29795	1124.04416	1124.03567	197.824106	197.824344	
27.30813	1124.1325	1124.13166	197.912448	197.920337	
27.31829	1124.22011	1124.21893	198.000059	198.007604	
27.32848	1124.30739	1124.31492	198.08734	198.09487	
27.3386	1124.39341	1124.41092	198.173361	198.182137	
27.34879	1124.47947	1124.49818	198.259412	198.27813	
27.35898	1124.56482	1124.59418	198.344768	198.365396	
27.36911	1124.64915	1124.68144	198.429092	198.461389	
27.37924	1124.73286	1124.76871	198.512803	198.548656	
27.3894	1124.81619	1124.85598	198.596135	198.627196	
27.39957	1124.89907	1124.94324	198.679012	198.714462	
27.40975	1124.98128	1125.02178	198.761222	198.793002	
27.4199	1125.06274	1125.10905	198.842687	198.880268	
27.43005	1125.14352	1125.19632	198.923466	198.967535	
27.44025	1125.22418	1125.26613	199.004123	199.037348	
27.45039	1125.30375	1125.34467	199.083701	199.115888	
27.46052	1125.38251	1125.42321	199.162456	199.194428	
27.47075	1125.46156	1125.50175	199.24151	199.272967	
27.48084	1125.53888	1125.57156	199.318825	199.342781	
27.49098	1125.61598	1125.64137	199.395924	199.42132	
27.50114	1125.69267	1125.71119	199.472611	199.491134	
27.51138	1125.76932	1125.781	199.549267	199.560947	
27.52163	1125.84533	1125.85081	199.625275	199.63076	
27.53168	1125.91937	1125.92063	199.69932	199.700573	
27.54195	1125.99447	1125.99044	199.774416	199.770386	
27.55203	1126.06745	1126.06025	199.847401	199.840199	
27.56215	1126.1401	1126.13007	199.920044	199.910013	
27.57301	1126.21746	1126.19988	199.997407	199.988552	
27.58311	1126.28879	1126.26969	200.068733	200.058366	
27.59328	1126.35999	1126.33951	200.139935	200.128179	
27.60339	1126.43015	1126.40932	200.210091	200.197992	
27.61359	1126.5006	1126.47913	200.28055	200.267805	
27.62374	1126.56963	1126.54895	200.349578	200.328892	
27.63388	1126.63818	1126.61876	200.41813	200.398705	
27.64402	1126.70616	1126.68857	200.486106	200.468518	
27.65415	1126.7735	1126.76711	200.553444	200.538331	
27.66439	1126.84094	1126.8282	200.620886	200.608144	
27.67447	1126.90667	1126.89801	200.686618	200.677957	
27.68461	1126.97222	1126.96782	200.752162	200.747771	
27.69477	1127.03729	1127.03764	200.817235	200.817584	
27.70509	1127.10279	1127.10745	200.882741	200.87867	
27.71513	1127.16587	1127.17726	200.945817	200.948483	
27.72526	1127.22898	1127.24708	201.008923	201.018297	
27.73542	1127.2916	1127.30816	201.071547	201.079383	
27.74576	1127.35478	1127.36925	201.134727	201.149196	
27.76405	1127.46404	1127.43034	201.243985	201.262643	
27.7686	1127.4913	1127.5176	201.271251	201.288823	
27.77873	1127.55121	1127.57869	201.331159	201.358636	
27.78889	1127.61066	1127.63978	201.39061	201.419722	
27.79904	1127.66946	1127.70086	201.449411	201.480809	
27.80919	1127.72765	1127.75322	201.507596	201.533169	
27.81933	1127.78521	1127.81431	201.565157	201.594255	
27.8295	1127.84249	1127.86667	201.622435	201.655342	
27.84969	1127.95277	1127.91903	201.732712	201.760062	
27.85421	1127.97753	1127.98884	201.757475	201.777515	
27.86444	1128.03287	1128.0412	201.812815	201.829875	
27.87459	1128.08721	1128.09356	201.867153	201.882235	
27.88468	1128.14058	1128.14592	201.920524	201.934594	
27.89484	1128.19377	1128.19828	201.973712	201.986954	
27.90497	1128.24616	1128.24192	202.026108	202.030588	
27.91512	1128.29806	1128.29427	202.078011	202.082947	
27.92524	1128.34926	1128.33791	202.129207	202.126581	
27.93541	1128.40006	1128.39027	202.180007	202.178941	
27.95343	1128.48776	1128.47753	202.267702	202.266207	
27.95795	1128.50984	1128.49499	202.289783	202.28366	
27.96819	1128.55902	1128.54735	202.338967	202.33602	
27.97829	1128.60699	1128.59098	202.386935	202.379653	
27.98844	1128.65454	1128.64334	202.434482	202.423287	
27.99859	1128.70152	1128.68697	202.481461	202.475647	
28.00878	1128.74803	1128.73933	202.527979	202.51928	
28.01891	1128.79373	1128.78297	202.573672	202.57164	
28.02907	1128.83895	1128.8266	202.618898	202.615273	
28.03922	1128.88349	1128.87896	202.663433	202.667633	
28.04937	1128.92749	1128.93132	202.707434	202.719993	
28.05954	1128.97093	1128.97495	202.750876	202.763626	
28.07074	1129.01807	1129.01859	202.798019	202.807259	
28.07984	1129.05586	1129.07095	202.835803	202.850892	
28.08995	1129.09729	1129.10585	202.877237	202.894526	
28.10009	1129.13822	1129.15821	202.918169	202.938159	
28.11027	1129.17872	1129.20185	202.958663	202.981792	
28.12045	1129.21862	1129.24548	202.998564	203.025425	
28.13057	1129.2577	1129.28039	203.037649	203.069058	
28.14072	1129.29626	1129.31529	203.076204	203.112692	
28.15092	1129.33444	1129.35893	203.114382	203.147598	
28.16104	1129.37173	1129.39383	203.151677	203.191232	
28.17119	1129.40851	1129.42874	203.18846	203.226138	
28.18139	1129.44493	1129.45492	203.224878	203.261045	
28.1915	1129.48036	1129.49855	203.26031	203.295951	
28.20173	1129.51566	1129.52473	203.295607	203.322131	
28.21184	1129.54993	1129.55964	203.329876	203.357038	
28.222	1129.58377	1129.59455	203.363721	203.383218	
28.23223	1129.61725	1129.62945	203.3972	203.418124	
28.24229	1129.6496	1129.65563	203.429545	203.444304	
28.25241	1129.68157	1129.69054	203.461516	203.470484	
28.26259	1129.7131	1129.71672	203.49305	203.505391	
28.27277	1129.74404	1129.7429	203.523982	203.522844	
28.28295	1129.77439	1129.76908	203.554333	203.557751	
28.29308	1129.80397	1129.79526	203.58392	203.575204	
28.30325	1129.83312	1129.82144	203.613068	203.610111	
28.31342	1129.86167	1129.84762	203.641617	203.627564	
28.32357	1129.88954	1129.8738	203.669485	203.653744	
28.33373	1129.91687	1129.9087	203.696815	203.679924	
28.34386	1129.94355	1129.92616	203.723495	203.706104	
28.35401	1129.96965	1129.95234	203.749599	203.732284	
28.36414	1129.99516	1129.97852	203.775101	203.749737	
28.37427	1130.02006	1130.0047	203.800004	203.775917	
28.38448	1130.04457	1130.03088	203.824519	203.802097	
28.39461	1130.0683	1130.05706	203.848246	203.828277	
28.40473	1130.09143	1130.08324	203.871374	203.854457	
28.41491	1130.11409	1130.10942	203.89404	203.880637	
28.42501	1130.13603	1130.12687	203.915974	203.906817	
28.43517	1130.15749	1130.15305	203.937435	203.92427	
28.44529	1130.17829	1130.17923	203.958241	203.95045	
28.45546	1130.19861	1130.19668	203.978556	203.97663	
28.47352	1130.23247	1130.23159	204.012415	204.011536	
28.47805	1130.24102	1130.24032	204.020961	204.02899	
28.48829	1130.25958	1130.25777	204.03953	204.046443	
28.49838	1130.27732	1130.28395	204.057268	204.063896	
28.50853	1130.29458	1130.3014	204.074527	204.081349	
28.51869	1130.31129	1130.31886	204.09124	204.098803	
28.52887	1130.32745	1130.32758	204.107395	204.116256	
28.53899	1130.34296	1130.34504	204.122908	204.124983	
28.54913	1130.35792	1130.36249	204.137866	204.142436	
28.5593	1130.37236	1130.37994	204.152305	204.151163	
28.5711	1130.38831	1130.3974	204.16826	204.168616	
28.57957	1130.39943	1130.40612	204.179375	204.168616	
28.58969	1130.41211	1130.42358	204.192057	204.186069	
28.59985	1130.4243	1130.4323	204.204247	204.186069	
28.61002	1130.43592	1130.44103	204.215868	204.203522	
28.62016	1130.44697	1130.44976	204.226914	204.203522	
28.63032	1130.45748	1130.45848	204.237422	204.212249	
28.64051	1130.46746	1130.46721	204.24741	204.220976	
28.6507	1130.47692	1130.46721	204.256863	204.220976	
28.66078	1130.48571	1130.46721	204.26566	204.229702	
28.67098	1130.49408	1130.47594	204.27403	204.229702	
28.68109	1130.50185	1130.47594	204.281794	204.238429	
28.69124	1130.50911	1130.48466	204.289059	204.238429	
28.70151	1130.51593	1130.48466	204.295878	204.238429	
28.71158	1130.52211	1130.48466	204.302052	204.247156	
28.72963	1130.5312	1130.48466	204.31115	204.255882	
28.73416	1130.53355	1130.48466	204.313491	204.255882	
28.74451	1130.53825	1130.48466	204.318194	204.255882	
28.75481	1130.54245	1130.49339	204.322393	204.264609	
28.7646	1130.54602	1130.49339	204.325968	204.273336	
28.77476	1130.54928	1130.49339	204.329222	204.273336	
28.78488	1130.55209	1130.50212	204.332035	204.282062	
28.79499	1130.55449	1130.50212	204.334439	204.282062	
28.80519	1130.55652	1130.50212	204.336469	204.290789	
28.81531	1130.55818	1130.51084	204.338123	204.290789	
28.82545	1130.56309	1130.51084	204.343036	204.290789	
28.83558	1130.56309	1130.51957	204.343036	204.290789	
28.84604	1130.56309	1130.5283	204.343036	204.290789	
28.85622	1130.56309	1130.5283	204.343036	204.290789	
28.86627	1130.56309	1130.53702	204.343036	204.290789	
28.87646	1130.56309	1130.53702	204.343036	204.290789	
28.88658	1130.56309	1130.53702	204.343036	204.290789	
28.89675	1130.56309	1130.54575	204.343036	204.290789	
28.90687	1130.56309	1130.54575	204.343036	204.290789	
28.91701	1130.56309	1130.54575	204.343036	204.290789	
28.93641	1130.56309	1130.53702	204.343036	204.290789	
28.94094	1130.56309	1130.53702	204.343036	204.290789	
28.95114	1130.56309	1130.53702	204.343036	204.290789	
28.96128	1130.56309	1130.53702	204.343036	204.290789	
28.97141	1130.56309	1130.53702	204.343036	204.290789	
28.98158	1130.56309	1130.53702	204.343036	204.290789	
28.99174	1130.56309	1130.53702	204.343036	204.290789	
29.00193	1130.56309	1130.53702	204.343036	204.290789	
29.01206	1130.56309	1130.53702	204.343036	204.290789	
29.02224	1130.56309	1130.53702	204.343036	204.290789	
29.03244	1130.56309	1130.53702	204.343036	204.290789	
29.04254	1130.56309	1130.53702	204.343036	204.290789	
29.05267	1130.56309	1130.53702	204.343036	204.290789	
29.06285	1130.56309	1130.53702	204.343036	204.290789	
29.07443	1130.56309	1130.53702	204.343036	204.290789	
29.08463	1130.56309	1130.53702	204.343036	204.290789	
29.09466	1130.56309	1130.53702	204.343036	204.290789	
29.10481	1130.56309	1130.53702	204.343036	204.290789	
29.11496	1130.56309	1130.53702	204.343036	204.290789	
29.12516	1130.56309	1130.53702	204.343036	204.290789	
29.13527	1130.56309	1130.53702	204.343036	204.290789	
29.14733	1130.56309	1130.53702	204.343036	204.290789	
29.15736	1130.56309	1130.53702	204.343036	204.290789	
29.16749	1130.56309	1130.53702	204.343036	204.290789	
29.18553	1130.56309	1130.53702	204.343036	204.290789	
29.19016	1130.56309	1130.53702	204.343036	204.290789	
29.20031	1130.56309	1130.53702	204.343036	204.290789	
29.21037	1130.56309	1130.53702	204.343036	204.290789	
29.22051	1130.56309	1130.53702	204.343036	204.290789	
29.23072	1130.56309	1130.53702	204.343036	204.299516	
29.24086	1130.56309	1130.53702	204.343036	204.299516	
29.25096	1130.56309	1130.53702	204.343036	204.299516	
29.26115	1130.56309	1130.53702	204.343036	204.299516	
29.27132	1130.56309	1130.53702	204.343036	204.299516	
29.28146	1130.56309	1130.53702	204.343036	204.299516	
29.29161	1130.56309	1130.53702	204.343036	204.299516	
29.3021	1130.56309	1130.53702	204.343036	204.299516	
29.31234	1130.56309	1130.53702	204.343036	204.299516	
29.3224	1130.56309	1130.53702	204.343036	204.299516	
29.33257	1130.56309	1130.53702	204.343036	204.299516	
29.3427	1130.56309	1130.53702	204.343036	204.299516	
29.35285	1130.56309	1130.53702	204.343036	204.299516	
29.36305	1130.56309	1130.53702	204.343036	204.299516	
29.37321	1130.56309	1130.53702	204.343036	204.299516	
29.38335	1130.56309	1130.53702	204.343036	204.299516	
29.39349	1130.56309	1130.53702	204.343036	204.308242	
29.40363	1130.56309	1130.53702	204.343036	204.308242	
29.4138	1130.56309	1130.53702	204.343036	204.316969	
29.42393	1130.56309	1130.53702	204.343036	204.325696	
29.4341	1130.56309	1130.53702	204.343036	204.334422	
29.4442	1130.56309	1130.53702	204.343036	204.343149	
29.4544	1130.56309	1130.53702	204.343036	204.343149	
29.46455	1130.56309	1130.53702	204.343036	204.343149	
29.47463	1130.56309	1130.53702	204.343036	204.343149	
29.48477	1130.56309	1130.54575	204.343036	204.343149	
29.49497	1130.56309	1130.54575	204.343036	204.343149	
29.50507	1130.56309	1130.54575	204.343036	204.343149	
29.5152	1130.56309	1130.53702	204.343036	204.334422	
29.52534	1130.56309	1130.53702	204.343036	204.334422	
29.53549	1130.56309	1130.53702	204.343036	204.334422	
29.55371	1130.56309	1130.53702	204.343036	204.334422	
29.55826	1130.56309	1130.54575	204.343036	204.334422	
29.56847	1130.56309	1130.54575	204.343036	204.334422	
29.57859	1130.56309	1130.54575	204.343036	204.334422	
29.58871	1130.56309	1130.53702	204.343036	204.334422	
29.59887	1130.56309	1130.53702	204.343036	204.334422	
29.60901	1130.56309	1130.53702	204.343036	204.334422	
29.61916	1130.56309	1130.53702	204.343036	204.334422	
29.62928	1130.56309	1130.54575	204.343036	204.334422	
29.63948	1130.56309	1130.54575	204.343036	204.334422	
29.64967	1130.56309	1130.54575	204.343036	204.334422	
29.65979	1130.56309	1130.53702	204.343036	204.334422	
29.66995	1130.56309	1130.53702	204.343036	204.334422	
29.68011	1130.56309	1130.53702	204.343036	204.334422	
29.69027	1130.56309	1130.53702	204.343036	204.334422	
29.70039	1130.56309	1130.54575	204.343036	204.334422	
29.71056	1130.56309	1130.54575	204.343036	204.334422	
29.72071	1130.56309	1130.54575	204.343036	204.334422	
29.73089	1130.56309	1130.53702	204.343036	204.334422	
29.741	1130.56309	1130.53702	204.343036	204.334422	
29.75125	1130.56309	1130.53702	204.343036	204.334422	
29.76136	1130.56309	1130.53702	204.343036	204.334422	
29.77149	1130.56309	1130.54575	204.343036	204.334422	
29.78164	1130.56309	1130.54575	204.343036	204.334422	
29.79182	1130.56309	1130.54575	204.343036	204.334422	
29.80195	1130.56309	1130.53702	204.343036	204.334422	
29.81213	1130.56309	1130.53702	204.343036	204.334422	
29.82227	1130.56309	1130.53702	204.343036	204.334422	
29.83251	1130.56309	1130.53702	204.343036	204.334422	
29.84389	1130.56309	1130.54575	204.343036	204.334422	
29.85273	1130.56309	1130.54575	204.343036	204.334422	
29.86283	1130.56309	1130.54575	204.343036	204.334422	
29.8731	1130.56309	1130.53702	204.343036	204.334422	
29.88329	1130.56309	1130.53702	204.343036	204.334422	
29.89342	1130.56309	1130.53702	204.343036	204.334422	
29.90363	1130.56309	1130.53702	204.343036	204.334422	
29.92163	1130.56309	1130.54575	204.343036	204.334422	
29.92613	1130.56309	1130.54575	204.343036	204.334422	
29.93636	1130.56309	1130.54575	204.343036	204.334422	
29.94642	1130.56309	1130.53702	204.343036	204.334422	
29.95667	1130.56309	1130.53702	204.343036	204.334422	
29.96671	1130.56309	1130.53702	204.343036	204.334422	
29.9771	1130.56309	1130.53702	204.343036	204.334422	
29.987	1130.56309	1130.54575	204.343036	204.334422	
29.99722	1130.56309	1130.54575	204.343036	204.334422	
30.00731	1130.56309	1130.54575	204.343036	204.334422	
30.01746	1130.56309	1130.53702	204.343036	204.334422	
30.02761	1130.56309	1130.53702	204.343036	204.334422	
30.03781	1130.56309	1130.53702	204.343036	204.334422	
30.04806	1130.56309	1130.53702	204.343036	204.334422	
30.05809	1130.56309	1130.54575	204.343036	204.334422	
30.06825	1130.56309	1130.54575	204.343036	204.334422	
30.07839	1130.56309	1130.54575	204.343036	204.334422	
30.08855	1130.56309	1130.53702	204.343036	204.334422	
30.09863	1130.56309	1130.53702	204.343036	204.334422	
30.10882	1130.56309	1130.53702	204.343036	204.334422	
30.11904	1130.56309	1130.53702	204.343036	204.334422	
30.12909	1130.56309	1130.54575	204.343036	204.334422	
30.13928	1130.56309	1130.54575	204.343036	204.334422	
