92.91731	2771.08176	2771.06798	1837.67968	1837.67462	
92.92729	2771.08328	2771.06798	1837.6812	1837.67462	
92.93739	2771.08543	2771.06798	1837.68335	1837.67462	
92.94755	2771.08822	2771.07671	1837.68614	1837.67462	
92.95771	2771.09163	2771.07671	1837.68955	1837.67462	
92.96787	2771.09565	2771.07671	1837.69357	1837.68335	
92.97805	2771.10031	2771.07671	1837.69822	1837.68335	
92.98818	2771.10556	2771.07671	1837.70348	1837.69208	
92.9983	2771.11142	2771.08543	1837.70933	1837.69208	
93.00848	2771.11793	2771.09416	1837.71585	1837.69208	
93.01869	2771.12509	2771.10289	1837.72301	1837.69208	
93.02884	2771.13282	2771.11161	1837.73074	1837.69208	
93.03899	2771.14117	2771.12034	1837.73909	1837.7008	
93.04915	2771.15016	2771.12907	1837.74807	1837.7008	
93.05933	2771.15977	2771.13779	1837.75769	1837.7008	
93.06949	2771.17	2771.14652	1837.76792	1837.7008	
93.07962	2771.1808	2771.15525	1837.77872	1837.7008	
93.08985	2771.19234	2771.16397	1837.79026	1837.7008	
93.09994	2771.20434	2771.1727	1837.80225	1837.70953	
93.11007	2771.21699	2771.18143	1837.8149	1837.70953	
93.12027	2771.23037	2771.18143	1837.82829	1837.71826	
93.13046	2771.24434	2771.19888	1837.84226	1837.72698	
93.14846	2771.27141	2771.21633	1837.86932	1837.76189	
93.15301	2771.27818	2771.21633	1837.8761	1837.77062	
93.16357	2771.29478	2771.23379	1837.8927	1837.7968	
93.17331	2771.31063	2771.25124	1837.90855	1837.81425	
93.18345	2771.32777	2771.26869	1837.92568	1837.84916	
93.19363	2771.34559	2771.28615	1837.9435	1837.87534	
93.20373	2771.36389	2771.3036	1837.96181	1837.90152	
93.21389	2771.38291	2771.32105	1837.98083	1837.93642	
93.22406	2771.40257	2771.34723	1838.00048	1837.95388	
93.23416	2771.42272	2771.37341	1838.02063	1837.98878	
93.2444	2771.44375	2771.39959	1838.04167	1838.01496	
93.25448	2771.46509	2771.42577	1838.063	1838.04114	
93.26468	2771.48737	2771.46068	1838.08529	1838.07605	
93.27478	2771.50988	2771.49559	1838.1078	1838.0935	
93.28496	2771.53331	2771.53049	1838.13122	1838.12841	
93.29508	2771.55718	2771.5654	1838.15509	1838.14586	
93.30523	2771.58173	2771.60031	1838.17965	1838.18077	
93.31542	2771.60703	2771.63521	1838.20494	1838.19822	
93.32552	2771.63269	2771.66139	1838.2306	1838.23313	
93.33571	2771.65924	2771.6963	1838.25716	1838.25058	
93.34615	2771.68708	2771.73121	1838.285	1838.28549	
93.3563	2771.71475	2771.75739	1838.31266	1838.30294	
93.36643	2771.743	2771.78357	1838.34091	1838.32912	
93.37831	2771.77703	2771.80974	1838.37494	1838.3553	
93.38671	2771.80141	2771.83592	1838.39932	1838.38148	
93.39686	2771.83155	2771.8621	1838.42947	1838.40766	
93.407	2771.86229	2771.88828	1838.46021	1838.43384	
93.41732	2771.89423	2771.91446	1838.49214	1838.46002	
93.42739	2771.92596	2771.94064	1838.52387	1838.4862	
93.43751	2771.95848	2771.9581	1838.55639	1838.51238	
93.44767	2771.99175	2771.98428	1838.58966	1838.54729	
93.45788	2772.02582	2772.01046	1838.62374	1838.57347	
93.468	2772.0602	2772.03664	1838.65811	1838.60837	
93.47811	2772.09516	2772.05409	1838.69307	1838.63455	
93.48828	2772.13092	2772.089	1838.72884	1838.66946	
93.49849	2772.16749	2772.11518	1838.76541	1838.70437	
93.50872	2772.20475	2772.15008	1838.80266	1838.73927	
93.51878	2772.24199	2772.18499	1838.83991	1838.78291	
93.52894	2772.28022	2772.22862	1838.87814	1838.81781	
93.53918	2772.31937	2772.26353	1838.91728	1838.86145	
93.54927	2772.35857	2772.29844	1838.95648	1838.89635	
93.5594	2772.39854	2772.3508	1838.99646	1838.93999	
93.56957	2772.4393	2772.39443	1839.03722	1838.98362	
93.57971	2772.48054	2772.43806	1839.07846	1839.01853	
93.58991	2772.52263	2772.49042	1839.12055	1839.06216	
93.60004	2772.56506	2772.54278	1839.16297	1839.10579	
93.61021	2772.6083	2772.59514	1839.20622	1839.15815	
93.62041	2772.65228	2772.6475	1839.2502	1839.21051	
93.63047	2772.69627	2772.69114	1839.29419	1839.25415	
93.64073	2772.74191	2772.7435	1839.33982	1839.29778	
93.65083	2772.78716	2772.78713	1839.38507	1839.35014	
93.66102	2772.83356	2772.83949	1839.43148	1839.4025	
93.67116	2772.88032	2772.89185	1839.47824	1839.45486	
93.68131	2772.92783	2772.94421	1839.52574	1839.50722	
93.69152	2772.97621	2772.98784	1839.57413	1839.55958	
93.70163	2773.0247	2773.03148	1839.62262	1839.61194	
93.71178	2773.07428	2773.08384	1839.6722	1839.6643	
93.72197	2773.1242	2773.1362	1839.72212	1839.71666	
93.73204	2773.17435	2773.17983	1839.77227	1839.76902	
93.74222	2773.22565	2773.22346	1839.82357	1839.81265	
93.75241	2773.27769	2773.27582	1839.87561	1839.86501	
93.76254	2773.33001	2773.31945	1839.92793	1839.90864	
93.77277	2773.38344	2773.37181	1839.98136	1839.961	
93.78283	2773.43661	2773.41545	1840.03453	1840.01336	
93.79306	2773.49133	2773.46781	1840.08925	1840.057	
93.80326	2773.54653	2773.52017	1840.14445	1840.10063	
93.8134	2773.602	2773.5638	1840.19991	1840.15299	
93.82344	2773.65749	2773.62489	1840.2554	1840.20535	
93.83361	2773.71435	2773.67725	1840.31227	1840.25771	
93.84374	2773.7716	2773.72961	1840.36952	1840.31007	
93.85474	2773.83451	2773.78197	1840.43243	1840.36243	
93.86406	2773.88829	2773.84305	1840.48621	1840.42352	
93.87761	2773.97027	2773.90414	1840.56819	1840.4846	
93.89371	2774.06384	2774.01759	1840.66175	1840.58932	
93.89824	2774.09085	2774.04377	1840.68877	1840.62423	
93.90838	2774.15211	2774.11358	1840.75003	1840.68532	
93.91857	2774.21429	2774.17467	1840.81221	1840.7464	
93.92874	2774.27713	2774.24448	1840.87505	1840.81622	
93.93884	2774.33978	2774.30557	1840.9377	1840.88603	
93.94904	2774.40386	2774.37538	1841.00178	1840.95584	
93.95921	2774.46836	2774.44519	1841.06628	1841.02565	
93.96936	2774.53334	2774.51501	1841.13126	1841.08674	
93.97953	2774.59917	2774.58482	1841.19709	1841.15655	
93.98963	2774.66506	2774.65463	1841.26298	1841.22637	
93.99984	2774.7323	2774.72444	1841.33022	1841.30491	
94.01	2774.79988	2774.79426	1841.3978	1841.37472	
94.02015	2774.868	2774.86407	1841.46591	1841.44453	
94.03029	2774.93663	2774.94261	1841.53455	1841.51435	
94.0404	2775.00572	2775.01242	1841.60364	1841.58416	
94.05233	2775.08811	2775.09096	1841.68603	1841.67143	
94.06243	2775.15846	2775.16078	1841.75638	1841.74124	
94.07257	2775.2297	2775.23932	1841.82761	1841.81105	
94.08272	2775.30163	2775.30913	1841.89954	1841.88087	
94.09298	2775.37496	2775.37894	1841.97287	1841.95941	
94.10309	2775.44779	2775.45748	1842.0457	1842.03795	
94.11324	2775.52156	2775.5273	1842.11947	1842.10776	
94.12344	2775.59633	2775.59711	1842.19425	1842.17757	
94.13354	2775.67094	2775.67565	1842.26886	1842.25611	
94.14368	2775.74654	2775.74546	1842.34445	1842.32593	
94.15386	2775.82301	2775.824	1842.42093	1842.40446	
94.16406	2775.9003	2775.89382	1842.49821	1842.47428	
94.17414	2775.97718	2775.96363	1842.5751	1842.55282	
94.18434	2776.0557	2776.04217	1842.65361	1842.62263	
94.19449	2776.13437	2776.12071	1842.73229	1842.70117	
94.20468	2776.21408	2776.19925	1842.81199	1842.77098	
94.21477	2776.29357	2776.27779	1842.89149	1842.85825	
94.22491	2776.3741	2776.3476	1842.97201	1842.92806	
94.2351	2776.45556	2776.42614	1843.05347	1843.01533	
94.24524	2776.53726	2776.50468	1843.13517	1843.09387	
94.25536	2776.61944	2776.59195	1843.21736	1843.17241	
94.26556	2776.70299	2776.67049	1843.3009	1843.25968	
94.27573	2776.78674	2776.75775	1843.38466	1843.34694	
94.2938	2776.93815	2776.90611	1843.53607	1843.4953	
94.29837	2776.97633	2776.94974	1843.57424	1843.53893	
94.30877	2777.06415	2777.04573	1843.66206	1843.6262	
94.31888	2777.15011	2777.133	1843.74803	1843.71346	
94.32904	2777.23711	2777.22027	1843.83502	1843.80073	
94.33925	2777.32516	2777.30753	1843.92308	1843.88799	
94.34937	2777.41305	2777.3948	1844.01096	1843.97526	
94.3595	2777.50164	2777.49952	1844.09955	1844.07125	
94.36966	2777.59118	2777.58678	1844.18909	1844.15852	
94.3814	2777.69544	2777.6915	1844.29335	1844.26324	
94.39149	2777.7856	2777.7875	1844.38352	1844.35923	
94.40162	2777.87677	2777.88349	1844.47469	1844.4465	
94.41179	2777.9694	2777.97076	1844.56731	1844.54249	
94.42221	2778.06468	2778.06675	1844.6626	1844.63849	
94.43214	2778.15514	2778.16274	1844.75305	1844.73448	
94.44228	2778.24879	2778.25001	1844.84671	1844.83047	
94.45243	2778.34332	2778.35473	1844.94124	1844.91774	
94.46258	2778.4383	2778.442	1845.03622	1845.01373	
94.47268	2778.53386	2778.53799	1845.13178	1845.10973	
94.48287	2778.63017	2778.62526	1845.22808	1845.19699	
94.49306	2778.72747	2778.72125	1845.32539	1845.29298	
94.5032	2778.8249	2778.81724	1845.42282	1845.38898	
94.51333	2778.92281	2778.91324	1845.52072	1845.48497	
94.52352	2779.02196	2779.00923	1845.61987	1845.58096	
94.53362	2779.12084	2779.10522	1845.71876	1845.67696	
94.54376	2779.22078	2779.20994	1845.81869	1845.78168	
94.55395	2779.3218	2779.30593	1845.91972	1845.87767	
94.56406	2779.42256	2779.40193	1846.02047	1845.98239	
94.57421	2779.52444	2779.49792	1846.12235	1846.07838	
94.58456	2779.62893	2779.60264	1846.22685	1846.1831	
94.59468	2779.73175	2779.69863	1846.32966	1846.28782	
94.6049	2779.83612	2779.80335	1846.43404	1846.39254	
94.61497	2779.93971	2779.90807	1846.53762	1846.48854	
94.62512	2780.04465	2780.01279	1846.64256	1846.59326	
94.63535	2780.15105	2780.11751	1846.74897	1846.69797	
94.64539	2780.25605	2780.22223	1846.85397	1846.80269	
94.65556	2780.36304	2780.32695	1846.96096	1846.90741	
94.66585	2780.47202	2780.4404	1847.06994	1847.02086	
94.67595	2780.5796	2780.55384	1847.17752	1847.13431	
94.68624	2780.68966	2780.66729	1847.28758	1847.23903	
94.69621	2780.79698	2780.78074	1847.3949	1847.35247	
94.70634	2780.90676	2780.88546	1847.50467	1847.46592	
94.71681	2781.02076	2781.00763	1847.61868	1847.58809	
94.72667	2781.12871	2781.12108	1847.72663	1847.69281	
94.73684	2781.24099	2781.23452	1847.8389	1847.80626	
94.74699	2781.35306	2781.34797	1847.95097	1847.91971	
94.7571	2781.46556	2781.46142	1848.06348	1848.04188	
94.7673	2781.57967	2781.57486	1848.17759	1848.15532	
94.77746	2781.69411	2781.68831	1848.29203	1848.26877	
94.78765	2781.80939	2781.81048	1848.40731	1848.39094	
94.7978	2781.92481	2781.92393	1848.52273	1848.50439	
94.80791	2782.04044	2782.03737	1848.63836	1848.61784	
94.81808	2782.15734	2782.15955	1848.75525	1848.74001	
94.82826	2782.27502	2782.28172	1848.87293	1848.85346	
94.83841	2782.39305	2782.38644	1848.99096	1848.97563	
94.84855	2782.51147	2782.50861	1849.10939	1849.08908	
94.85872	2782.63086	2782.63079	1849.22878	1849.21125	
94.86892	2782.75119	2782.74423	1849.3491	1849.33342	
94.88075	2782.8923	2782.86641	1849.49021	1849.47305	
94.88918	2782.99224	2782.97985	1849.59015	1849.57777	
94.8996	2783.11717	2783.10203	1849.71509	1849.69994	
94.90948	2783.23571	2783.2242	1849.83362	1849.81339	
94.91969	2783.3582	2783.34637	1849.95612	1849.93556	
94.92984	2783.48001	2783.46854	1850.07793	1850.05773	
94.94003	2783.60231	2783.59944	1850.20022	1850.17991	
94.95017	2783.72391	2783.72162	1850.32183	1850.30208	
94.96028	2783.84532	2783.84379	1850.44323	1850.42425	
94.9705	2783.96797	2783.97469	1850.56589	1850.54643	
94.9806	2784.08915	2784.09686	1850.68706	1850.6686	
94.99104	2784.21439	2784.22776	1850.81231	1850.79077	
95.00119	2784.33621	2784.34994	1850.93413	1850.92167	
95.01138	2784.45851	2784.48084	1851.05642	1851.04384	
95.0215	2784.58001	2784.60301	1851.17792	1851.16602	
95.03164	2784.70164	2784.72518	1851.29955	1851.28819	
95.04178	2784.8238	2784.84735	1851.42171	1851.41036	
95.05199	2784.94589	2784.96953	1851.5438	1851.53254	
95.06212	2785.06737	2785.0917	1851.66529	1851.65471	
95.07226	2785.1891	2785.21387	1851.78702	1851.77688	
95.08243	2785.31101	2785.33605	1851.90893	1851.89906	
95.09253	2785.43231	2785.45822	1852.03022	1852.02123	
95.10273	2785.55466	2785.58039	1852.15257	1852.15213	
95.11288	2785.67695	2785.70257	1852.27487	1852.2743	
95.12305	2785.79855	2785.81601	1852.39646	1852.38775	
95.1412	2786.0163	2785.93819	1852.61421	1852.61464	
95.15411	2786.17133	2786.18253	1852.76924	1852.76299	
95.15868	2786.22603	2786.22616	1852.82395	1852.82408	
95.16888	2786.34899	2786.34834	1852.9469	1852.93753	
95.17903	2786.47025	2786.47051	1853.06816	1853.0597	
95.18918	2786.59201	2786.59268	1853.18993	1853.17315	
95.19932	2786.71373	2786.71486	1853.31164	1853.29532	
95.20964	2786.83763	2786.8283	1853.43554	1853.41749	
95.21967	2786.95799	2786.95048	1853.5559	1853.53094	
95.22975	2787.07893	2787.06392	1853.67685	1853.64439	
95.23994	2787.20114	2787.19482	1853.79906	1853.76656	
95.25016	2787.32396	2787.30827	1853.92188	1853.88873	
95.26025	2787.44492	2787.43917	1854.04284	1854.0109	
95.27043	2787.56705	2787.55261	1854.16496	1854.13308	
95.28056	2787.68864	2787.68351	1854.28656	1854.25525	
95.29073	2787.81066	2787.80569	1854.40857	1854.37742	
95.30095	2787.93336	2787.93659	1854.53127	1854.4996	
95.31102	2788.05422	2788.05003	1854.65214	1854.62177	
95.3212	2788.17632	2788.18093	1854.77424	1854.75267	
95.33142	2788.29893	2788.30311	1854.89684	1854.87484	
95.34149	2788.41978	2788.42528	1855.01769	1854.99702	
95.35166	2788.54193	2788.55618	1855.13984	1855.12792	
95.36178	2788.66394	2788.66963	1855.26186	1855.25009	
95.37198	2788.78561	2788.80053	1855.38353	1855.37226	
95.38244	2788.91124	2788.93142	1855.50915	1855.50316	
95.39255	2789.03262	2789.0536	1855.63053	1855.63406	
95.40273	2789.15471	2789.17577	1855.75262	1855.75623	
95.41307	2789.27886	2789.29794	1855.87677	1855.87841	
95.42325	2789.40091	2789.42012	1855.99883	1856.00931	
95.43337	2789.52235	2789.54229	1856.12027	1856.13148	
95.44359	2789.64503	2789.66446	1856.24294	1856.25365	
95.45366	2789.76577	2789.78664	1856.36369	1856.37583	
95.46382	2789.88777	2789.90881	1856.48569	1856.498	
95.47397	2790.00953	2790.03098	1856.60744	1856.61145	
95.48411	2790.13121	2790.15316	1856.72912	1856.73362	
95.49425	2790.25286	2790.27533	1856.85078	1856.85579	
95.50446	2790.37545	2790.38877	1856.97337	1856.97796	
95.51458	2790.49689	2790.51967	1857.09481	1857.09141	
95.52472	2790.61853	2790.63312	1857.21644	1857.20486	
95.53486	2790.74025	2790.75529	1857.33817	1857.32703	
95.54503	2790.86221	2790.87747	1857.46013	1857.4492	
95.55515	2790.98375	2790.99964	1857.58166	1857.57138	
95.5653	2791.10552	2791.11309	1857.70344	1857.68482	
95.57545	2791.22731	2791.23526	1857.82523	1857.79827	
95.58562	2791.34941	2791.35743	1857.94733	1857.92044	
95.59586	2791.47223	2791.47961	1858.07015	1858.04262	
95.60596	2791.59348	2791.59305	1858.19139	1858.16479	
95.61612	2791.7153	2791.71523	1858.31322	1858.28696	
95.6263	2791.83752	2791.8374	1858.43544	1858.40913	
95.63645	2791.95935	2791.95084	1858.55726	1858.53131	
95.64656	2792.08068	2792.07302	1858.67859	1858.64475	
95.65679	2792.2034	2792.19519	1858.80132	1858.76693	
95.66694	2792.32524	2792.31736	1858.92315	1858.89783	
95.6774	2792.45067	2792.43954	1859.04859	1859.02	
95.68724	2792.56879	2792.56171	1859.16671	1859.13345	
95.69743	2792.69115	2792.68388	1859.28907	1859.26435	
95.70764	2792.8136	2792.79733	1859.41152	1859.38652	
95.71779	2792.93537	2792.92823	1859.53328	1859.50869	
95.72791	2793.05681	2793.0504	1859.65472	1859.63086	
95.73813	2793.17943	2793.17258	1859.77735	1859.75304	
95.74825	2793.30089	2793.29475	1859.8988	1859.87521	
95.75838	2793.42249	2793.41692	1860.02041	1859.99738	
95.76853	2793.54433	2793.53909	1860.14225	1860.11956	
95.77876	2793.6671	2793.66127	1860.26502	1860.24173	
95.78899	2793.78977	2793.79217	1860.38768	1860.3639	
95.79909	2793.91112	2793.91434	1860.50904	1860.48608	
95.8092	2794.03231	2794.03651	1860.63023	1860.60825	
95.8194	2794.15472	2794.15869	1860.75264	1860.73042	
95.82954	2794.2764	2794.28086	1860.87432	1860.8526	
95.83971	2794.39853	2794.40303	1860.99644	1860.97477	
95.84982	2794.51976	2794.52521	1861.11768	1861.10567	
95.86033	2794.64591	2794.6561	1861.24382	1861.22784	
95.87033	2794.76589	2794.77828	1861.36381	1861.35874	
95.88222	2794.90867	2794.89172	1861.50659	1861.49837	
95.89062	2795.0093	2795.02262	1861.60722	1861.60309	
95.9008	2795.13151	2795.1448	1861.72943	1861.72526	
95.91089	2795.25259	2795.26697	1861.85051	1861.84743	
95.9211	2795.37523	2795.38914	1861.97315	1861.96961	
95.93125	2795.49696	2795.51132	1862.09487	1862.10051	
95.94141	2795.61888	2795.63349	1862.21679	1862.22268	
95.95154	2795.74035	2795.75566	1862.33827	1862.34485	
95.96168	2795.86203	2795.87784	1862.45995	1862.47575	
95.9719	2795.98467	2796.00001	1862.58259	1862.59792	
95.98194	2796.10515	2796.12218	1862.70307	1862.7201	
95.99213	2796.22749	2796.24435	1862.82541	1862.83354	
96.00232	2796.34981	2796.36653	1862.94773	1862.95572	
96.01244	2796.47113	2796.4887	1863.06905	1863.06916	
96.02259	2796.59295	2796.61087	1863.19087	1863.19134	
96.03273	2796.71471	2796.73305	1863.31262	1863.31351	
96.04287	2796.83643	2796.85522	1863.43435	1863.43568	
96.05323	2796.9608	2796.97739	1863.55872	1863.55786	
96.06327	2797.08111	2797.09957	1863.67903	1863.6713	
96.0734	2797.20272	2797.22174	1863.80064	1863.78475	
96.08359	2797.32501	2797.33519	1863.92293	1863.90692	
96.09373	2797.44672	2797.45736	1864.04463	1864.02909	
96.10384	2797.56795	2797.57953	1864.16587	1864.15127	
96.11404	2797.69041	2797.7017	1864.28833	1864.27344	
96.12414	2797.81161	2797.81515	1864.40953	1864.39561	
96.13433	2797.93392	2797.93732	1864.53183	1864.51779	
96.14494	2798.06126	2798.0595	1864.65918	1864.63996	
96.15464	2798.17766	2798.18167	1864.77558	1864.76213	
96.16476	2798.29901	2798.29512	1864.89692	1864.88431	
96.1749	2798.42073	2798.41729	1865.01865	1864.99775	
96.18508	2798.54283	2798.53946	1865.14075	1865.11993	
96.1952	2798.66425	2798.65291	1865.26217	1865.2421	
96.20536	2798.78627	2798.77508	1865.38418	1865.36427	
96.21549	2798.90778	2798.89725	1865.50569	1865.48644	
96.22561	2799.02921	2799.01943	1865.62712	1865.60862	
96.2359	2799.15276	2799.1416	1865.75067	1865.73079	
96.24594	2799.27314	2799.26377	1865.87106	1865.85296	
96.25612	2799.39545	2799.38595	1865.99336	1865.97514	
96.26632	2799.51771	2799.50812	1866.11563	1866.09731	
96.27644	2799.63923	2799.63029	1866.23714	1866.21948	
96.28783	2799.77594	2799.75247	1866.37386	1866.34166	
96.29679	2799.88335	2799.87464	1866.48127	1866.46383	
96.30695	2800.00531	2799.99681	1866.60323	1866.586	
96.31718	2800.12806	2800.12771	1866.72597	1866.7169	
96.3273	2800.24947	2800.25861	1866.84739	1866.83907	
96.33745	2800.37135	2800.38078	1866.96926	1866.96125	
96.34772	2800.49455	2800.50296	1867.09247	1867.08342	
96.35778	2800.61525	2800.63386	1867.21316	1867.21432	
96.36794	2800.73715	2800.7473	1867.33507	1867.33649	
96.37964	2800.87772	2800.8782	1867.47564	1867.45867	
96.38822	2800.98054	2801.00038	1867.57845	1867.58084	
96.39833	2801.10192	2801.13128	1867.69983	1867.71174	
96.40848	2801.22361	2801.24472	1867.82153	1867.83391	
96.41866	2801.34584	2801.37562	1867.94376	1867.95609	
96.42884	2801.46804	2801.4978	1868.06595	1868.07826	
96.43898	2801.58968	2801.61997	1868.1876	1868.20043	
96.44914	2801.71157	2801.74214	1868.30948	1868.3226	
96.45932	2801.83374	2801.86431	1868.43165	1868.44478	
96.4695	2801.9559	2801.97776	1868.55381	1868.56695	
96.47959	2802.07694	2802.09993	1868.67486	1868.68912	
96.48979	2802.19937	2802.21338	1868.79728	1868.8113	
96.49994	2802.32124	2802.33555	1868.91915	1868.93347	
96.51012	2802.44331	2802.45773	1869.04123	1869.05564	
96.52028	2802.56534	2802.5799	1869.16326	1869.17782	
96.53048	2802.68762	2802.70207	1869.28554	1869.29999	
96.54061	2802.80928	2802.81552	1869.40719	1869.41344	
96.55071	2802.93045	2802.93769	1869.52837	1869.52688	
96.56091	2803.05324	2803.05114	1869.65115	1869.64905	
96.57108	2803.17489	2803.17331	1869.77281	1869.77123	
96.58127	2803.29715	2803.29548	1869.89507	1869.8934	
96.59139	2803.41857	2803.41766	1870.01648	1870.00685	
96.60155	2803.54051	2803.53983	1870.13843	1870.12029	
96.61174	2803.66277	2803.662	1870.26068	1870.24247	
96.62185	2803.78406	2803.78418	1870.38198	1870.36464	
96.63199	2803.90583	2803.90635	1870.50374	1870.48681	
96.64218	2804.02803	2804.02852	1870.62595	1870.60899	
96.65226	2804.14899	2804.14197	1870.74691	1870.73116	
96.66243	2804.27111	2804.27287	1870.86902	1870.84461	
96.67262	2804.39343	2804.39504	1870.99135	1870.9755	
96.68278	2804.51531	2804.51722	1871.11322	1871.09768	
96.69304	2804.63849	2804.63066	1871.2364	1871.21985	
96.7031	2804.75906	2804.75283	1871.35698	1871.34202	
96.71324	2804.88078	2804.87501	1871.47869	1871.4642	
96.72336	2805.00219	2804.99718	1871.60011	1871.58637	
96.7335	2805.12389	2805.11935	1871.7218	1871.70854	
96.74365	2805.24572	2805.24153	1871.84364	1871.83072	
96.75379	2805.36737	2805.3637	1871.96528	1871.95289	
96.76399	2805.48977	2805.48587	1872.08768	1872.07506	
96.77411	2805.61121	2805.60805	1872.20912	1872.19724	
96.78434	2805.734	2805.73022	1872.33192	1872.31941	
96.79519	2805.86435	2805.85239	1872.46226	1872.45031	
96.80453	2805.97633	2805.97457	1872.57425	1872.56375	
96.81483	2806.09987	2806.09674	1872.69779	1872.68593	
96.82493	2806.22107	2806.22764	1872.81899	1872.8081	
96.83511	2806.34322	2806.34981	1872.94113	1872.93027	
96.84529	2806.46535	2806.47198	1873.06327	1873.05245	
96.85543	2806.58706	2806.59416	1873.18497	1873.17462	
96.86558	2806.70888	2806.71633	1873.3068	1873.29679	
96.87583	2806.83187	2806.8385	1873.42979	1873.41897	
96.88597	2806.95356	2806.96068	1873.55148	1873.54987	
96.89608	2807.07486	2807.08285	1873.67277	1873.67204	
96.90626	2807.19702	2807.20502	1873.79493	1873.79421	
96.9164	2807.31873	2807.33592	1873.91665	1873.91638	
96.92658	2807.44095	2807.44937	1874.03887	1874.04728	
96.93674	2807.5628	2807.58027	1874.16072	1874.16946	
96.94689	2807.68466	2807.70244	1874.28258	1874.29163	
96.95715	2807.8077	2807.82461	1874.40561	1874.4138	
96.96724	2807.92874	2807.94679	1874.52666	1874.53598	
96.97735	2808.05016	2808.06896	1874.64807	1874.65815	
96.98765	2808.17369	2808.19113	1874.7716	1874.78905	
96.99771	2808.29448	2808.31331	1874.89239	1874.9025	
97.00787	2808.41636	2808.42675	1875.01428	1875.02467	
97.01802	2808.53817	2808.55765	1875.13609	1875.14684	
97.0282	2808.66031	2808.6711	1875.25823	1875.26901	
97.03833	2808.78194	2808.79327	1875.37986	1875.39119	
97.04846	2808.90349	2808.91544	1875.50141	1875.51336	
97.05866	2809.02589	2809.03762	1875.62381	1875.63553	
97.06882	2809.14781	2809.15979	1875.74573	1875.74898	
97.07897	2809.2696	2809.28196	1875.86751	1875.86243	
97.08917	2809.39196	2809.40414	1875.98988	1875.9846	
97.0993	2809.51351	2809.52631	1876.11143	1876.10677	
97.10957	2809.63677	2809.64848	1876.23469	1876.22895	
97.11972	2809.75857	2809.77066	1876.35649	1876.34239	
97.12988	2809.88046	2809.89283	1876.47837	1876.46457	
97.14005	2810.00246	2810.015	1876.60038	1876.58674	
97.15019	2810.12419	2810.13718	1876.72211	1876.70891	
97.16034	2810.24598	2810.25935	1876.84389	1876.82236	
97.17055	2810.36847	2810.38152	1876.96639	1876.94453	
97.18067	2810.48995	2810.49497	1877.08787	1877.0667	
97.19081	2810.61162	2810.61714	1877.20953	1877.18888	
97.201	2810.73438	2810.73931	1877.33229	1877.31105	
97.21114	2810.8556	2810.85276	1877.45352	1877.44195	
97.22132	2810.9777	2810.97493	1877.57562	1877.56412	
97.23142	2811.09896	2811.09711	1877.69688	1877.6863	
97.2416	2811.22106	2811.21928	1877.81898	1877.80847	
97.25185	2811.34413	2811.34145	1877.94205	1877.93064	
97.26192	2811.46493	2811.46363	1878.06284	1878.05281	
97.27208	2811.58687	2811.5858	1878.18479	1878.17499	
97.28224	2811.70887	2811.69925	1878.30679	1878.29716	
97.3012	2811.93636	2811.92614	1878.53427	1878.52405	
97.30583	2811.99193	2811.98722	1878.58985	1878.57641	
97.31596	2812.11345	2812.10067	1878.71137	1878.69859	
97.32611	2812.23522	2812.23157	1878.83313	1878.82076	
97.33628	2812.35728	2812.35374	1878.9552	1878.94293	
97.34646	2812.47941	2812.47592	1879.07732	1879.06511	
97.35663	2812.60149	2812.59809	1879.19941	1879.18728	
97.36677	2812.72321	2812.72026	1879.32113	1879.30945	
97.37692	2812.84491	2812.84244	1879.44283	1879.43163	
97.38709	2812.96701	2812.96461	1879.56493	1879.5538	
97.39722	2813.08861	2813.09551	1879.68653	1879.67597	
97.40735	2813.21016	2813.21768	1879.80807	1879.80687	
97.41751	2813.33209	2813.33985	1879.93001	1879.92904	
97.42778	2813.45533	2813.46203	1880.05325	1880.05122	
97.43784	2813.57605	2813.59293	1880.17397	1880.17339	
97.44801	2813.69804	2813.7151	1880.29596	1880.29556	
97.45824	2813.82081	2813.83727	1880.41873	1880.41774	
97.46834	2813.94195	2813.95945	1880.53987	1880.53991	
97.47846	2814.06337	2814.08162	1880.66129	1880.66208	
97.48863	2814.18543	2814.20379	1880.78335	1880.79298	
97.49884	2814.30804	2814.32597	1880.90595	1880.91515	
97.50913	2814.43147	2814.45687	1881.02939	1881.04605	
97.5192	2814.55235	2814.57031	1881.15026	1881.16823	
97.52936	2814.67419	2814.69248	1881.27211	1881.2904	
97.53959	2814.79694	2814.81466	1881.39486	1881.41257	
97.54965	2814.91773	2814.93683	1881.51565	1881.53475	
97.55984	2815.03999	2815.05028	1881.63791	1881.65692	
97.57001	2815.16201	2815.17245	1881.75992	1881.77037	
97.58017	2815.28397	2815.29462	1881.88189	1881.89254	
97.59034	2815.40599	2815.40807	1882.00391	1882.01471	
97.60047	2815.5275	2815.53024	1882.12542	1882.12816	
97.61071	2815.65048	2815.65242	1882.24839	1882.25033	
97.62084	2815.77199	2815.77459	1882.36991	1882.3725	
97.63097	2815.89355	2815.89676	1882.49147	1882.48595	
97.64115	2816.01615	2816.01893	1882.61407	1882.60812	
97.65125	2816.13685	2816.14111	1882.73477	1882.72157	
97.66144	2816.25926	2816.26328	1882.85718	1882.84374	
97.67165	2816.3817	2816.38545	1882.97961	1882.96592	
97.68185	2816.50416	2816.50763	1883.10207	1883.08809	
97.692	2816.62595	2816.6298	1883.22386	1883.21026	
97.70232	2816.74979	2816.74325	1883.3477	1883.32371	
97.71228	2816.86937	2816.87415	1883.46728	1883.44588	
97.72247	2816.99159	2816.99632	1883.5895	1883.56806	
97.73254	2817.1124	2817.10977	1883.71032	1883.69023	
97.74272	2817.23455	2817.23194	1883.83247	1883.8124	
97.75285	2817.35619	2817.35411	1883.95411	1883.93457	
97.76302	2817.47819	2817.46756	1884.0761	1884.06547	
97.77324	2817.60081	2817.59846	1884.19873	1884.18765	
97.78332	2817.72181	2817.7119	1884.31973	1884.30982	
97.794	2817.85002	2817.8428	1884.44793	1884.43199	
97.81145	2818.05938	2817.95625	1884.6573	1884.64143	
97.81621	2818.11641	2818.11333	1884.71432	1884.70252	
97.8264	2818.23873	2818.2355	1884.83665	1884.82469	
97.83653	2818.36031	2818.35768	1884.95822	1884.94687	
97.84666	2818.48188	2818.47985	1885.07979	1885.06904	
97.87368	2818.80613	2818.82019	1885.40405	1885.39192	
97.87823	2818.86059	2818.87255	1885.4585	1885.44428	
97.8884	2818.98279	2819.00345	1885.58071	1885.56646	
97.89853	2819.10339	2819.12562	1885.70131	1885.68863	
97.90867	2819.22348	2819.24779	1885.8214	1885.81953	
