0.03721507	1681.64219	1681.64219	1647.1283	1647.1283	
0.04206594	1681.6424	1681.64219	1647.12851	1647.1283	
0.05216369	1681.64361	1681.64219	1647.12969	1647.1283	
0.06233343	1681.64546	1681.64219	1647.13151	1647.1283	
0.08027498	1681.65105	1681.64219	1647.13699	1647.1283	
0.08481687	1681.65241	1681.65091	1647.13832	1647.1283	
0.09500261	1681.65625	1681.65091	1647.14209	1647.13703	
0.1051934	1681.66072	1681.65091	1647.14646	1647.13703	
0.1153081	1681.66576	1681.65091	1647.15141	1647.13703	
0.1254778	1681.67146	1681.65091	1647.15699	1647.13703	
0.1356796	1681.6778	1681.65964	1647.1632	1647.13703	
0.1458003	1681.6847	1681.65964	1647.16997	1647.13703	
0.1559541	1681.69224	1681.65964	1647.17736	1647.14575	
0.1661038	1681.7004	1681.65964	1647.18536	1647.15448	
0.1762926	1681.70921	1681.67709	1647.194	1647.15448	
0.1864743	1681.71864	1681.67709	1647.20324	1647.16321	
0.1966361	1681.72867	1681.69455	1647.21307	1647.17193	
0.2067948	1681.73932	1681.69455	1647.22351	1647.18066	
0.2170415	1681.75069	1681.712	1647.23465	1647.18939	
0.2271043	1681.76245	1681.72945	1647.24619	1647.20684	
0.237226	1681.77491	1681.74691	1647.25839	1647.22429	
0.2473598	1681.78799	1681.75563	1647.27122	1647.23302	
0.2575535	1681.80178	1681.77309	1647.28473	1647.25047	
0.2676943	1681.81611	1681.79054	1647.29878	1647.26793	
0.27782	1681.83103	1681.80799	1647.31341	1647.28538	
0.2880198	1681.8467	1681.82545	1647.32876	1647.29411	
0.2981665	1681.86289	1681.8429	1647.34463	1647.32029	
0.3083383	1681.87976	1681.86908	1647.36117	1647.33774	
0.318544	1681.89729	1681.88653	1647.37835	1647.35519	
0.3285967	1681.91516	1681.90399	1647.39587	1647.38137	
0.3387365	1681.93382	1681.93017	1647.41416	1647.39883	
0.3489462	1681.95323	1681.94762	1647.43318	1647.41628	
0.359077	1681.97309	1681.9738	1647.45266	1647.44246	
0.3692847	1681.99374	1681.99125	1647.4729	1647.45991	
0.3793885	1682.01479	1682.00871	1647.49353	1647.48609	
0.3895732	1682.03663	1682.03489	1647.51494	1647.50355	
0.4000999	1682.05989	1682.06107	1647.53773	1647.52973	
0.4098387	1682.08194	1682.07852	1647.55935	1647.55591	
0.4199735	1682.10553	1682.11343	1647.58247	1647.57336	
0.4300932	1682.12969	1682.13088	1647.60615	1647.60827	
0.4402849	1682.15465	1682.15706	1647.63062	1647.62572	
0.4504797	1682.18024	1682.18324	1647.6557	1647.6519	
0.4605964	1682.20624	1682.20942	1647.68119	1647.67808	
0.4707202	1682.23288	1682.2356	1647.7073	1647.71299	
0.4889867	1682.2834	1682.27051	1647.75681	1647.75662	
0.4935626	1682.29598	1682.30541	1647.76915	1647.76535	
0.5037473	1682.32481	1682.33159	1647.79741	1647.80025	
0.5138771	1682.35409	1682.35777	1647.8261	1647.82643	
0.5240568	1682.38413	1682.38395	1647.85555	1647.85261	
0.5342126	1682.41472	1682.41013	1647.88554	1647.88752	
0.5444263	1682.44613	1682.43631	1647.91632	1647.92243	
0.5545801	1682.47794	1682.46249	1647.94751	1647.94861	
0.5646868	1682.51023	1682.4974	1647.97916	1647.98351	
0.5748456	1682.54332	1682.53231	1648.01159	1648.00969	
0.5850873	1682.5773	1682.56721	1648.0449	1648.0446	
0.5951631	1682.61133	1682.60212	1648.07826	1648.07951	
0.6053198	1682.64625	1682.63703	1648.11249	1648.11441	
0.6154995	1682.68189	1682.67193	1648.14741	1648.14932	
0.6256803	1682.71815	1682.70684	1648.18296	1648.18423	
0.635763	1682.75466	1682.75047	1648.21875	1648.21913	
0.6560965	1682.83142	1682.82901	1648.29398	1648.28895	
0.6606664	1682.84857	1682.84646	1648.31079	1648.3064	
0.6708091	1682.88744	1682.8901	1648.34889	1648.34131	
0.6811419	1682.92767	1682.93373	1648.38833	1648.37621	
0.6911576	1682.96727	1682.96864	1648.42715	1648.41985	
0.7012974	1683.00798	1683.01227	1648.46705	1648.46348	
0.7113481	1683.04893	1683.0559	1648.50719	1648.49839	
0.7218269	1683.09231	1683.09954	1648.54971	1648.54202	
0.7317676	1683.13403	1683.14317	1648.59061	1648.58565	
0.7418524	1683.17697	1683.1868	1648.63269	1648.62056	
0.7519781	1683.2207	1683.23044	1648.67555	1648.67292	
0.7621319	1683.26517	1683.26534	1648.71915	1648.71655	
0.7722456	1683.31008	1683.3177	1648.76316	1648.76018	
0.7904101	1683.39332	1683.39624	1648.84476	1648.83872	
0.795025	1683.41421	1683.42242	1648.86523	1648.8649	
0.8060558	1683.4655	1683.46606	1648.91551	1648.90854	
0.8152735	1683.50875	1683.50969	1648.9579	1648.95217	
0.8254853	1683.55736	1683.56205	1649.00555	1649.00453	
0.835543	1683.60585	1683.60568	1649.05308	1649.04816	
0.8457378	1683.6556	1683.65804	1649.10185	1649.0918	
0.8559165	1683.70592	1683.70168	1649.15117	1649.14416	
0.8660722	1683.75673	1683.75404	1649.20098	1649.19652	
0.876177	1683.80791	1683.8064	1649.25113	1649.24888	
0.8863897	1683.86024	1683.85876	1649.30244	1649.29251	
0.8965135	1683.91275	1683.91112	1649.3539	1649.3536	
0.9066742	1683.96607	1683.96348	1649.40617	1649.39723	
0.916823	1684.01994	1684.01584	1649.45897	1649.44959	
0.9269667	1684.07439	1684.0682	1649.51234	1649.51068	
0.9373775	1684.13097	1684.12928	1649.5678	1649.56304	
0.9472862	1684.18534	1684.19037	1649.6211	1649.6154	
0.957437	1684.2417	1684.24273	1649.67634	1649.66776	
0.9676597	1684.29911	1684.30381	1649.73261	1649.72884	
0.9777264	1684.35619	1684.3649	1649.78856	1649.78993	
0.9878782	1684.41441	1684.41726	1649.84563	1649.84229	
0.9979989	1684.47305	1684.47835	1649.90311	1649.89465	
1.008195	1684.53278	1684.53071	1649.96165	1649.95574	
1.018386	1684.59337	1684.59179	1650.02105	1650.01682	
1.028639	1684.65585	1684.65288	1650.08228	1650.06918	
1.038716	1684.71528	1684.71397	1650.14054	1650.13899	
1.048869	1684.77718	1684.77505	1650.20122	1650.19135	
1.058958	1684.83934	1684.83614	1650.26214	1650.26117	
1.06911	1684.90248	1684.90595	1650.32404	1650.31353	
1.079208	1684.96595	1684.96704	1650.38624	1650.38334	
1.089405	1685.03061	1685.02813	1650.44962	1650.4357	
1.0996	1685.09592	1685.09794	1650.51364	1650.50551	
1.109708	1685.16127	1685.15903	1650.5777	1650.57533	
1.119879	1685.22764	1685.22011	1650.64276	1650.63641	
1.129997	1685.29428	1685.28993	1650.70808	1650.6975	
1.140132	1685.36166	1685.35974	1650.77412	1650.76731	
1.15032	1685.43003	1685.42955	1650.84114	1650.8284	
1.160464	1685.49871	1685.49937	1650.90846	1650.89821	
1.170638	1685.56819	1685.56918	1650.97656	1650.9593	
1.18074	1685.63781	1685.63899	1651.0448	1651.02911	
1.191124	1685.71006	1685.7088	1651.11562	1651.09893	
1.201174	1685.78052	1685.77862	1651.18468	1651.16874	
1.211239	1685.85174	1685.84843	1651.2545	1651.23855	
1.221329	1685.92372	1685.91824	1651.32505	1651.31709	
1.231454	1685.99657	1685.99678	1651.39646	1651.39563	
1.241844	1686.07201	1686.07532	1651.4704	1651.46544	
1.251851	1686.14524	1686.14514	1651.54218	1651.53526	
1.261971	1686.2199	1686.21495	1651.61536	1651.60507	
1.272098	1686.29526	1686.29349	1651.68923	1651.68361	
1.282236	1686.37129	1686.37203	1651.76375	1651.75342	
1.300724	1686.51248	1686.51166	1651.90216	1651.89305	
1.30576	1686.5509	1686.54656	1651.93981	1651.91923	
1.315427	1686.62526	1686.61638	1652.0127	1651.99777	
1.32554	1686.70375	1686.70364	1652.08963	1652.07631	
1.335712	1686.78332	1686.78218	1652.16763	1652.15485	
1.345862	1686.86335	1686.86072	1652.24608	1652.23339	
1.356353	1686.94671	1686.94799	1652.32778	1652.32066	
1.366478	1687.028	1687.02653	1652.40747	1652.39047	
1.376658	1687.10986	1687.10507	1652.4877	1652.47774	
1.386792	1687.19223	1687.19233	1652.56844	1652.55628	
1.3969	1687.27499	1687.2796	1652.64957	1652.63482	
1.407087	1687.35904	1687.35814	1652.73195	1652.72208	
1.417281	1687.44377	1687.44541	1652.815	1652.80935	
1.427406	1687.52855	1687.52395	1652.8981	1652.88789	
1.437704	1687.61539	1687.61121	1652.98323	1652.97515	
1.447696	1687.70023	1687.69848	1653.06638	1653.05369	
1.457938	1687.78789	1687.78575	1653.15231	1653.14096	
1.468013	1687.87467	1687.87301	1653.23737	1653.22823	
1.478103	1687.96217	1687.96028	1653.32314	1653.31549	
1.488306	1688.05133	1688.04755	1653.41053	1653.40276	
1.506383	1688.21169	1688.21335	1653.56771	1653.55984	
1.510997	1688.25255	1688.25699	1653.60777	1653.59475	
1.521193	1688.34361	1688.34425	1653.69702	1653.68201	
1.531306	1688.43458	1688.43152	1653.78619	1653.76928	
1.541363	1688.52564	1688.51878	1653.87545	1653.85655	
1.55159	1688.61892	1688.61478	1653.96688	1653.95254	
1.561707	1688.71178	1688.71077	1654.0579	1654.04853	
1.571845	1688.80538	1688.79804	1654.14965	1654.1358	
1.58198	1688.89964	1688.89403	1654.24204	1654.23179	
1.592224	1688.99554	1688.99002	1654.33604	1654.32778	
1.602306	1689.09051	1689.08602	1654.42913	1654.41505	
1.620327	1689.26266	1689.26055	1654.59787	1654.58958	
1.624927	1689.30654	1689.30418	1654.64088	1654.62449	
1.635038	1689.40375	1689.40018	1654.73617	1654.72048	
1.645178	1689.50189	1689.49617	1654.83236	1654.81648	
1.655338	1689.60087	1689.60089	1654.92938	1654.9212	
1.66551	1689.70057	1689.69688	1655.02711	1655.00846	
1.675613	1689.80016	1689.79288	1655.12473	1655.11318	
1.685764	1689.9009	1689.89759	1655.22348	1655.2179	
1.695972	1690.00279	1690.00231	1655.32334	1655.3139	
1.706106	1690.1046	1690.10703	1655.42314	1655.40989	
1.71624	1690.20696	1690.20303	1655.52347	1655.51461	
1.726391	1690.31053	1690.30775	1655.62499	1655.61933	
1.736575	1690.41434	1690.41247	1655.72675	1655.71532	
1.746737	1690.51885	1690.50846	1655.82919	1655.81131	
1.75689	1690.62392	1690.61318	1655.93217	1655.91603	
1.767018	1690.72936	1690.72663	1656.03553	1656.02075	
1.777244	1690.83643	1690.83135	1656.14048	1656.12547	
1.787333	1690.94267	1690.93607	1656.24462	1656.23019	
1.797484	1691.05018	1691.04079	1656.35	1656.33491	
1.809175	1691.175	1691.15423	1656.47235	1656.45709	
1.817753	1691.26676	1691.25895	1656.56229	1656.54435	
1.827897	1691.37606	1691.36367	1656.66943	1656.6578	
1.838203	1691.48775	1691.47712	1656.7789	1656.77125	
1.848454	1691.59945	1691.59056	1656.88839	1656.87597	
1.85863	1691.71097	1691.69528	1656.9977	1656.98941	
1.868698	1691.82191	1691.80873	1657.10645	1657.10286	
1.878827	1691.93417	1691.92218	1657.21649	1657.20758	
1.889079	1692.04836	1692.0269	1657.32841	1657.32102	
1.899147	1692.16113	1692.14034	1657.43895	1657.43447	
1.909285	1692.27535	1692.25379	1657.55091	1657.53919	
1.919411	1692.39001	1692.37596	1657.6633	1657.64391	
1.929631	1692.50635	1692.48068	1657.77733	1657.75736	
1.939862	1692.6235	1692.60286	1657.89216	1657.8708	
1.950247	1692.74301	1692.72503	1658.00931	1657.97552	
1.96002	1692.856	1692.8472	1658.12006	1658.08897	
1.970205	1692.97448	1692.96937	1658.2362	1658.20242	
1.980377	1693.09341	1693.08282	1658.35277	1658.32459	
1.990445	1693.21209	1693.20499	1658.46909	1658.42931	
2.000613	1693.33172	1693.31844	1658.58635	1658.55148	
2.010804	1693.45274	1693.44061	1658.70498	1658.67365	
2.02098	1693.57416	1693.56279	1658.824	1658.79583	
2.031557	1693.7011	1693.69369	1658.94842	1658.918	
2.041325	1693.81829	1693.81586	1659.06329	1659.04017	
2.051387	1693.93901	1693.93803	1659.18162	1659.16235	
2.061515	1694.06052	1694.06021	1659.30073	1659.28452	
2.071897	1694.18514	1694.1911	1659.42288	1659.40669	
2.081928	1694.30555	1694.31328	1659.5409	1659.53759	
2.092011	1694.42651	1694.43545	1659.65947	1659.65104	
2.102135	1694.54801	1694.55762	1659.77856	1659.78194	
2.112332	1694.67036	1694.6798	1659.89849	1659.90411	
2.13038	1694.88696	1694.90669	1660.1108	1660.11355	
2.134946	1694.94175	1694.95905	1660.16451	1660.17464	
2.145193	1695.0647	1695.08122	1660.28503	1660.29681	
2.155264	1695.18551	1695.2034	1660.40344	1660.41026	
2.165407	1695.30725	1695.3343	1660.52277	1660.5237	
2.175537	1695.42881	1695.45647	1660.64192	1660.64588	
2.185707	1695.5509	1695.57864	1660.76159	1660.76805	
2.195879	1695.67292	1695.70081	1660.8812	1660.8815	
2.206009	1695.79446	1695.82299	1661.00033	1661.00367	
2.2162	1695.91682	1695.93643	1661.12027	1661.11712	
2.226352	1696.0386	1696.05861	1661.23964	1661.23929	
2.236509	1696.16047	1696.18078	1661.35909	1661.36146	
2.246678	1696.2825	1696.30295	1661.47871	1661.48363	
2.256826	1696.40434	1696.42513	1661.59813	1661.60581	
2.266964	1696.52596	1696.5473	1661.71734	1661.71925	
2.277076	1696.6473	1696.66947	1661.83628	1661.84143	
2.287264	1696.76956	1696.78292	1661.95612	1661.9636	
2.297453	1696.89188	1696.90509	1662.07602	1662.08577	
2.308782	1697.02783	1697.02726	1662.20928	1662.19922	
2.317686	1697.1346	1697.14944	1662.31393	1662.32139	
2.327853	1697.25662	1697.26288	1662.43354	1662.44357	
2.337966	1697.378	1697.39378	1662.55252	1662.56574	
2.348165	1697.50037	1697.50723	1662.67246	1662.67919	
2.358293	1697.6219	1697.6294	1662.79159	1662.79263	
2.368465	1697.74398	1697.75158	1662.91125	1662.9148	
2.378689	1697.86664	1697.87375	1663.03148	1663.03698	
2.388911	1697.98933	1697.99592	1663.15174	1663.15042	
2.399095	1698.11156	1698.1181	1663.27155	1663.2726	
2.409131	1698.23197	1698.24027	1663.38957	1663.38604	
2.419201	1698.35278	1698.37117	1663.50799	1663.50822	
2.429344	1698.47453	1698.48461	1663.62733	1663.63039	
2.43947	1698.59609	1698.61551	1663.74648	1663.75256	
2.449674	1698.71848	1698.72896	1663.86645	1663.86601	
2.459805	1698.84001	1698.85113	1663.98557	1663.97946	
2.46993	1698.96154	1698.97331	1664.10469	1664.10163	
2.480079	1699.08332	1699.09548	1664.22407	1664.2238	
2.490239	1699.20528	1699.21765	1664.34361	1664.34597	
2.500386	1699.32701	1699.33983	1664.46293	1664.46815	
2.510578	1699.44932	1699.462	1664.58282	1664.58159	
2.520693	1699.57068	1699.5929	1664.70177	1664.70377	
2.530929	1699.69352	1699.70635	1664.82219	1664.81721	
2.541057	1699.81507	1699.82852	1664.94133	1664.93939	
2.551246	1699.93736	1699.95069	1665.0612	1665.06156	
2.561357	1700.05868	1700.07286	1665.18011	1665.18373	
2.571449	1700.17975	1700.19504	1665.29878	1665.30591	
2.581589	1700.30143	1700.31721	1665.41806	1665.42808	
2.591807	1700.42405	1700.43938	1665.53824	1665.54153	
2.601894	1700.5451	1700.56156	1665.6569	1665.6637	
2.612042	1700.66689	1700.68373	1665.77628	1665.77714	
2.622186	1700.78861	1700.8059	1665.89558	1665.89932	
2.632314	1700.91016	1700.92808	1666.01473	1666.02149	
2.652145	1701.14821	1701.1637	1666.24807	1666.24838	
2.656735	1701.20317	1701.22478	1666.30194	1666.30947	
2.66688	1701.32497	1701.33823	1666.42133	1666.42292	
2.677007	1701.44645	1701.4604	1666.5404	1666.54509	
2.687129	1701.56795	1701.58257	1666.65949	1666.66726	
2.697342	1701.69048	1701.69602	1666.7796	1666.78071	
2.707459	1701.8119	1701.82692	1666.89861	1666.90288	
2.717659	1701.9343	1701.94037	1667.01859	1667.01633	
2.727837	1702.05643	1702.07127	1667.1383	1667.1385	
2.737952	1702.17782	1702.18471	1667.25729	1667.26067	
2.748093	1702.29948	1702.30689	1667.37654	1667.37412	
2.758261	1702.42151	1702.42906	1667.49615	1667.49629	
2.768471	1702.54403	1702.55996	1667.61624	1667.61847	
2.778651	1702.66625	1702.67341	1667.73604	1667.74064	
2.78878	1702.78775	1702.8043	1667.85514	1667.85409	
2.798923	1702.90945	1702.91775	1667.97443	1667.97626	
2.810583	1703.04946	1703.04865	1668.11166	1668.11589	
2.819189	1703.15267	1703.1621	1668.21283	1668.22061	
2.829305	1703.27405	1703.293	1668.33181	1668.34278	
2.83947	1703.39603	1703.40644	1668.45137	1668.45623	
2.849678	1703.5185	1703.53734	1668.57142	1668.5784	
2.859804	1703.64004	1703.65079	1668.69055	1668.70057	
2.869925	1703.76148	1703.78169	1668.80958	1668.81402	
2.880106	1703.88366	1703.89514	1668.92935	1668.93619	
2.890233	1704.00518	1704.01731	1669.04847	1669.05836	
2.900365	1704.12674	1704.13948	1669.16762	1669.18054	
2.91052	1704.24901	1704.26165	1669.28747	1669.29398	
2.920699	1704.37081	1704.38383	1669.40685	1669.41616	
2.930839	1704.49246	1704.506	1669.52609	1669.5296	
2.941175	1704.61656	1704.62817	1669.64774	1669.65178	
2.951147	1704.73618	1704.75035	1669.76498	1669.77395	
2.961334	1704.85837	1704.87252	1669.88476	1669.8874	
2.971715	1704.98302	1704.99469	1670.00693	1670.00957	
2.981564	1705.10114	1705.11687	1670.12272	1670.12301	
2.991736	1705.22321	1705.23904	1670.24237	1670.24519	
3.001897	1705.34512	1705.36121	1670.36186	1670.36736	
3.011988	1705.46622	1705.48339	1670.48057	1670.48953	
3.022183	1705.58861	1705.60556	1670.60053	1670.60298	
3.032397	1705.71114	1705.719	1670.72064	1670.72515	
3.042583	1705.83336	1705.8499	1670.84044	1670.84733	
3.052633	1705.95395	1705.96335	1670.95864	1670.96077	
3.062789	1706.07587	1706.08552	1671.07815	1671.08295	
3.072939	1706.19764	1706.2077	1671.19751	1671.20512	
3.083118	1706.31976	1706.32987	1671.3172	1671.31857	
3.093275	1706.44168	1706.45204	1671.43671	1671.44074	
3.103425	1706.5635	1706.57422	1671.55612	1671.55418	
3.113631	1706.68594	1706.69639	1671.67613	1671.67636	
3.123748	1706.80732	1706.81856	1671.79511	1671.79853	
3.133934	1706.92962	1706.94074	1671.91499	1671.9207	
3.144123	1707.05184	1707.07163	1672.03479	1672.04288	
3.154239	1707.17321	1707.18508	1672.15376	1672.16505	
3.164421	1707.29545	1707.30725	1672.27358	1672.2785	
3.174616	1707.41777	1707.43815	1672.39347	1672.40067	
3.184714	1707.53894	1707.56033	1672.51225	1672.51412	
3.194903	1707.6612	1707.67377	1672.63209	1672.63629	
3.205064	1707.78317	1707.79595	1672.75164	1672.75846	
3.215244	1707.90532	1707.91812	1672.87137	1672.88063	
3.225433	1708.0276	1708.04029	1672.99123	1673.00281	
3.235593	1708.14954	1708.16247	1673.11076	1673.11625	
3.245691	1708.27069	1708.28464	1673.22951	1673.2297	
3.255897	1708.39314	1708.40681	1673.34953	1673.35187	
3.266028	1708.5147	1708.52898	1673.46868	1673.47405	
3.276136	1708.636	1708.65116	1673.58758	1673.59622	
3.28634	1708.7585	1708.77333	1673.70766	1673.71839	
3.296515	1708.88054	1708.8955	1673.82728	1673.83184	
3.30675	1709.00336	1709.01768	1673.94767	1673.95401	
3.316844	1709.12456	1709.13112	1674.06647	1674.06746	
3.326972	1709.24606	1709.2533	1674.18557	1674.18963	
3.337174	1709.36855	1709.37547	1674.30562	1674.3118	
3.347299	1709.48994	1709.49764	1674.42461	1674.43398	
3.35745	1709.6118	1709.61982	1674.54406	1674.54742	
3.367595	1709.73353	1709.74199	1674.66338	1674.66087	
3.377741	1709.85526	1709.86416	1674.78269	1674.78304	
3.387927	1709.97749	1709.99506	1674.90251	1674.90522	
3.398066	1710.09917	1710.10851	1675.02178	1675.02739	
3.408213	1710.22096	1710.23068	1675.14115	1675.14956	
3.418373	1710.34348	1710.35285	1675.26125	1675.27174	
3.428737	1710.46879	1710.47503	1675.38408	1675.39391	
3.438885	1710.58903	1710.5972	1675.50194	1675.50736	
3.448881	1710.70897	1710.71937	1675.61951	1675.6208	
3.459004	1710.83044	1710.84155	1675.73856	1675.74297	
3.469146	1710.9521	1710.96372	1675.85782	1675.86515	
3.479231	1711.07318	1711.08589	1675.97651	1675.98732	
3.489461	1711.19599	1711.20807	1676.09688	1676.10077	
3.499646	1711.31812	1711.33024	1676.21659	1676.22294	
3.509736	1711.43921	1711.45241	1676.33528	1676.33639	
3.519928	1711.56151	1711.57458	1676.45516	1676.45856	
3.529998	1711.68235	1711.69676	1676.57361	1676.58073	
3.540317	1711.8062	1711.81893	1676.69501	1676.70291	
3.55032	1711.92623	1711.9411	1676.81266	1676.81635	
3.560478	1712.04815	1712.06328	1676.93216	1676.9298	
3.570659	1712.1703	1712.18545	1677.05189	1677.05197	
3.58077	1712.29162	1712.30762	1677.17081	1677.17414	
3.590975	1712.4141	1712.4298	1677.29087	1677.29632	
3.601161	1712.53632	1712.55197	1677.41067	1677.41849	
3.611225	1712.6571	1712.66542	1677.52906	1677.53194	
3.621358	1712.77872	1712.78759	1677.64827	1677.64538	
3.631515	1712.90054	1712.90976	1677.76768	1677.76756	
3.641697	1713.02273	1713.03193	1677.88744	1677.88973	
3.651822	1713.14428	1713.15411	1678.00659	1678.0119	
3.661948	1713.26575	1713.27628	1678.12566	1678.13408	
3.672086	1713.3874	1713.39845	1678.24489	1678.24752	
3.682223	1713.50906	1713.52063	1678.36415	1678.3697	
3.700342	1713.72649	1713.73879	1678.57727	1678.57913	
3.704907	1713.78124	1713.79115	1678.63093	1678.64022	
3.71504	1713.90283	1713.91333	1678.75012	1678.75367	
3.725187	1714.02461	1714.0355	1678.86949	1678.87584	
3.735355	1714.14665	1714.15767	1678.98911	1678.98929	
3.745576	1714.26926	1714.27984	1679.1093	1679.11146	
3.755675	1714.39046	1714.40202	1679.2281	1679.23363	
3.765817	1714.51218	1714.52419	1679.3474	1679.34708	
3.776017	1714.63463	1714.64636	1679.46743	1679.46925	
3.786144	1714.75613	1714.76854	1679.58652	1679.59143	
3.796294	1714.87789	1714.89071	1679.70587	1679.70487	
3.806437	1714.99962	1715.01288	1679.82519	1679.82705	
3.816616	1715.12183	1715.13506	1679.94498	1679.94922	
3.8268	1715.24396	1715.25723	1680.0647	1680.07139	
3.836856	1715.36464	1715.3794	1680.18298	1680.18484	
3.847003	1715.48646	1715.50158	1680.30239	1680.30701	
3.857225	1715.6091	1715.62375	1680.4226	1680.42918	
3.86735	1715.73058	1715.73719	1680.54167	1680.54263	
3.877447	1715.85172	1715.85937	1680.66041	1680.6648	
3.887632	1715.974	1715.98154	1680.78027	1680.78698	
3.897867	1716.09677	1716.10371	1680.90061	1680.90915	
3.907977	1716.21809	1716.22589	1681.01953	1681.03132	
3.918137	1716.34002	1716.34806	1681.13905	1681.14477	
3.928286	1716.46183	1716.46151	1681.25845	1681.26694	
3.938468	1716.584	1716.59241	1681.3782	1681.38911	
3.948611	1716.70572	1716.71458	1681.49751	1681.50256	
3.958775	1716.82805	1716.83675	1681.61741	1681.62473	
3.971091	1716.97554	1716.9502	1681.76198	1681.76436	
3.978982	1717.07017	1717.0811	1681.85474	1681.86035	
3.989114	1717.19176	1717.20327	1681.97392	1681.9738	
3.99928	1717.31377	1717.32544	1682.09352	1682.09597	
4.009501	1717.43638	1717.44762	1682.21369	1682.21815	
4.01962	1717.55779	1717.56979	1682.33271	1682.34032	
4.029807	1717.68004	1717.68324	1682.45253	1682.45377	
4.040234	1717.80518	1717.80541	1682.5752	1682.57594	
4.050077	1717.92329	1717.92758	1682.69096	1682.68939	
4.060218	1718.04497	1718.04976	1682.81023	1682.81156	
4.070746	1718.17138	1718.17193	1682.93414	1682.93373	
4.080505	1718.28846	1718.2941	1683.0489	1683.0559	
4.090716	1718.41097	1718.41627	1683.16899	1683.16935	
4.100784	1718.53178	1718.53845	1683.28741	1683.29152	
4.119256	1718.75347	1718.66062	1683.50471	1683.50969	
4.123842	1718.80847	1718.8177	1683.55862	1683.56205	
4.134082	1718.93141	1718.93987	1683.67912	1683.68422	
4.144228	1719.0531	1719.06205	1683.7984	1683.8064	
4.154306	1719.17404	1719.17549	1683.91694	1683.91984	
4.164497	1719.29635	1719.28021	1684.03684	1684.04202	
4.174894	1719.42115	1719.39366	1684.15917	1684.15546	
4.184781	1719.53975	1719.49838	1684.27541	1684.27763	
4.194996	1719.66233	1719.62055	1684.39557	1684.39981	
4.205144	1719.7841	1719.74273	1684.51493	1684.51325	
4.215584	1719.90943	1719.8649	1684.63778	1684.63543	
4.225761	1720.03151	1719.98707	1684.75744	1684.7576	
4.235888	1720.15302	1720.10924	1684.87654	1684.87105	
4.246019	1720.2746	1720.24014	1684.99572	1684.99322	
4.256237	1720.39724	1720.37104	1685.11593	1685.11539	
4.266351	1720.51858	1720.49322	1685.23486	1685.23757	
4.276783	1720.64382	1720.62412	1685.35762	1685.35974	
4.286667	1720.76238	1720.75502	1685.47384	1685.47319	
4.296836	1720.88441	1720.88592	1685.59345	1685.59536	
4.307011	1721.00651	1721.01682	1685.71313	1685.7088	
4.317161	1721.12833	1721.13899	1685.83254	1685.83098	
4.327295	1721.24995	1721.26989	1685.95175	1685.95315	
4.337481	1721.37217	1721.39206	1686.07155	1686.07532	
4.347559	1721.49308	1721.51423	1686.19007	1686.1975	
4.3577	1721.61476	1721.63641	1686.30934	1686.31967	
4.367864	1721.73674	1721.75858	1686.42891	1686.44184	
4.378038	1721.85886	1721.88075	1686.5486	1686.55529	
4.388201	1721.98081	1722.00293	1686.66814	1686.67746	
4.398343	1722.10247	1722.1251	1686.78739	1686.79091	
4.408573	1722.22528	1722.24727	1686.90776	1686.91308	
4.418728	1722.34711	1722.36072	1687.02719	1687.03525	
4.42884	1722.46846	1722.48289	1687.14613	1687.15743	
4.438944	1722.58975	1722.60507	1687.26502	1687.27087	
4.449158	1722.71231	1722.72724	1687.38515	1687.39305	
4.459276	1722.8337	1722.84941	1687.50414	1687.50649	
4.469466	1722.95598	1722.97158	1687.624	1687.62867	
4.479645	1723.07814	1723.09376	1687.74374	1687.75084	
4.489805	1723.20006	1723.2072	1687.86325	1687.87301	
4.499885	1723.32097	1723.32938	1687.98176	1687.98646	
4.510031	1723.44275	1723.45155	1688.10113	1688.09991	
4.520181	1723.56455	1723.565	1688.22052	1688.22208	
4.530314	1723.68616	1723.68717	1688.33972	1688.34425	
4.540452	1723.8078	1723.80934	1688.45895	1688.46642	
4.550588	1723.92946	1723.93152	1688.5782	1688.57987	
4.560767	1724.05158	1724.05369	1688.6979	1688.69332	
4.571031	1724.17474	1724.17586	1688.81862	1688.81549	
4.581117	1724.29576	1724.30676	1688.93724	1688.93766	
4.591401	1724.41921	1724.42021	1689.05826	1689.05984	
4.601461	1724.53994	1724.55111	1689.1766	1689.18201	
4.611547	1724.66094	1724.67328	1689.2952	1689.29546	
4.621685	1724.78257	1724.79545	1689.41442	1689.41763	
4.631809	1724.90407	1724.91763	1689.53351	1689.53108	
4.643308	1725.04212	1725.0398	1689.66883	1689.6707	
4.652131	1725.14792	1725.16197	1689.77254	1689.77542	
4.662276	1725.26968	1725.28415	1689.89188	1689.89759	
4.672467	1725.39202	1725.40632	1690.0118	1690.01977	
4.683143	1725.52013	1725.53722	1690.13737	1690.14194	
4.6933	1725.64198	1725.65939	1690.25681	1690.26411	
4.703477	1725.76414	1725.78156	1690.37655	1690.37756	
4.713671	1725.88642	1725.90374	1690.49641	1690.49973	
4.72381	1726.00813	1726.02591	1690.61571	1690.61318	
4.73395	1726.1298	1726.13936	1690.73497	1690.73535	
4.744172	1726.25244	1726.26153	1690.85518	1690.85753	
4.754292	1726.3739	1726.3837	1690.97424	1690.9797	
4.764437	1726.49561	1726.50588	1691.09353	1691.09315	
4.774562	1726.61712	1726.62805	1691.21264	1691.21532	
4.784702	1726.73879	1726.75022	1691.3319	1691.33749	
4.794958	1726.86187	1726.8724	1691.45255	1691.45094	
4.805074	1726.98328	1726.99457	1691.57155	1691.57311	
4.816113	1727.11579	1727.12547	1691.70144	1691.70401	
4.82617	1727.23642	1727.24764	1691.81967	1691.82618	
4.836316	1727.35818	1727.36981	1691.93903	1691.93963	
4.846436	1727.47961	1727.49199	1692.05805	1692.0618	
4.856656	1727.60227	1727.61416	1692.17828	1692.18398	
4.866827	1727.7243	1727.72761	1692.2979	1692.30615	
4.876912	1727.84532	1727.84978	1692.41652	1692.4196	
4.887082	1727.96737	1727.97195	1692.53616	1692.54177	
4.897217	1728.08896	1728.09413	1692.65533	1692.65522	
4.907435	1728.2116	1728.2163	1692.77554	1692.77739	
4.917564	1728.33314	1728.33847	1692.89468	1692.89956	
4.927716	1728.45497	1728.46064	1693.0141	1693.02173	
4.937862	1728.57672	1728.58282	1693.13344	1693.13518	
4.948053	1728.69904	1728.70499	1693.25333	1693.25735	
4.958265	1728.82158	1728.82716	1693.37345	1693.37953	
4.969084	1728.95496	1728.94934	1693.50419	1693.49297	
4.978576	1729.06532	1729.07151	1693.61237	1693.61515	
4.988703	1729.18681	1729.19368	1693.73145	1693.73732	
4.998863	1729.30874	1729.31586	1693.85097	1693.85949	
5.009261	1729.43358	1729.43803	1693.97333	1693.98167	
5.019202	1729.55278	1729.5602	1694.09016	1694.09511	
5.029345	1729.67448	1729.6911	1694.20946	1694.20856	
5.039463	1729.79592	1729.80455	1694.32849	1694.33073	
5.050075	1729.92329	1729.92672	1694.45334	1694.4529	
5.059836	1730.0404	1730.04889	1694.56813	1694.57508	
5.069909	1730.16128	1730.17107	1694.68662	1694.69725	
5.080107	1730.28274	1730.29324	1694.80568	1694.8107	
5.090197	1730.40229	1730.41541	1694.92285	1694.92414	
5.100364	1730.52214	1730.53759	1695.04033	1695.04632	
5.110501	1730.641	1730.65976	1695.15684	1695.16849	
5.120686	1730.75985	1730.78193	1695.27334	1695.28194	
5.130919	1730.87866	1730.90411	1695.3898	1695.40411	
5.148876	1731.08469	1731.01755	1695.59174	1695.60482	
5.153525	1731.13809	1731.16591	1695.64408	1695.66591	
5.163684	1731.25406	1731.28808	1695.75776	1695.77935	
5.173842	1731.36933	1731.40152	1695.87075	1695.8928	
5.183971	1731.48368	1731.50624	1695.98283	1696.00625	
5.194097	1731.59739	1731.61096	1696.09429	1696.11969	
5.204265	1731.71099	1731.71568	1696.20565	1696.23314	
5.216666	1731.84862	1731.82913	1696.34054	1696.35531	
5.224539	1731.93552	1731.93385	1696.42573	1696.44258	
5.234682	1732.047	1732.0473	1696.535	1696.5473	
5.244805	1732.15761	1732.16947	1696.64342	1696.65202	
5.255022	1732.26864	1732.27419	1696.75225	1696.76547	
5.265162	1732.37821	1732.38764	1696.85965	1696.87019	
5.275271	1732.48681	1732.50108	1696.9661	1696.97491	
5.285471	1732.59585	1732.6058	1697.07298	1697.08835	
5.295617	1732.70364	1732.71925	1697.17863	1697.19307	
5.305843	1732.81167	1732.83269	1697.28452	1697.29779	
5.316797	1732.9267	1732.95487	1697.39728	1697.41996	
5.326939	1733.03289	1733.05959	1697.50136	1697.52468	
5.337051	1733.13751	1733.16431	1697.60391	1697.6294	
5.347183	1733.24204	1733.27775	1697.70637	1697.73412	
5.35737	1733.34654	1733.3912	1697.80881	1697.84757	
5.367505	1733.44988	1733.49592	1697.9101	1697.95229	
5.377735	1733.55356	1733.60064	1698.01173	1698.05701	
5.387789	1733.65487	1733.70536	1698.11103	1698.153	
5.397971	1733.75687	1733.81008	1698.21101	1698.25772	
5.408153	1733.85825	1733.9148	1698.31038	1698.35372	
5.418261	1733.95827	1734.01079	1698.40842	1698.44971	
5.428505	1734.05904	1734.10678	1698.5072	1698.5457	
5.438526	1734.15701	1734.20278	1698.60323	1698.64169	
5.448768	1734.25651	1734.29877	1698.70075	1698.72896	
5.458964	1734.35491	1734.39476	1698.79721	1698.83368	
5.469029	1734.45146	1734.49076	1698.89185	1698.92095	
5.47913	1734.54779	1734.57802	1698.98627	1699.00821	
5.489374	1734.64481	1734.68274	1699.08137	1699.10421	
5.499475	1734.7399	1734.77001	1699.17457	1699.2002	
5.509632	1734.83489	1734.85728	1699.26768	1699.28747	
5.519812	1734.92953	1734.95327	1699.36045	1699.38346	
5.52992	1735.0228	1735.04926	1699.45187	1699.47073	
5.540042	1735.11564	1735.13653	1699.54287	1699.56672	
5.55028	1735.20892	1735.23252	1699.6343	1699.65399	
5.560432	1735.3008	1735.32852	1699.72437	1699.74125	
5.57058	1735.39206	1735.41578	1699.81382	1699.83725	
5.580719	1735.48259	1735.51177	1699.90256	1699.92451	
5.590948	1735.57361	1735.59904	1699.99177	1700.01178	
5.601078	1735.66257	1735.68631	1700.07898	1700.10777	
5.611195	1735.75107	1735.77357	1700.16572	1700.19504	
5.621299	1735.83886	1735.86957	1700.25177	1700.2823	
5.631483	1735.92672	1735.95683	1700.3379	1700.36084	
5.641722	1736.01449	1736.0441	1700.42393	1700.44811	
5.651799	1736.1002	1736.12264	1700.50794	1700.53538	
5.661954	1736.18601	1736.20991	1700.59205	1700.61392	
5.672126	1736.27132	1736.29717	1700.67567	1700.70118	
5.682209	1736.35532	1736.38444	1700.75801	1700.77972	
5.692443	1736.43989	1736.46298	1700.8409	1700.86699	
5.702565	1736.52296	1736.55025	1700.92232	1700.94553	
5.712683	1736.60539	1736.62879	1701.00312	1701.0328	
5.722859	1736.6877	1736.71605	1701.08381	1701.10261	
5.733249	1736.77108	1736.79459	1701.16554	1701.18988	
5.74326	1736.85083	1736.88186	1701.24371	1701.26842	
5.753442	1736.9313	1736.9604	1701.32258	1701.34695	
5.763545	1737.01057	1737.03894	1701.40028	1701.42549	
5.773715	1737.08976	1737.11748	1701.4779	1701.50403	
5.783836	1737.16794	1737.19602	1701.55454	1701.57385	
5.794033	1737.24611	1737.27456	1701.63115	1701.65239	
5.804175	1737.32321	1737.3531	1701.70673	1701.73093	
5.815775	1737.41062	1737.43164	1701.79241	1701.81819	
5.824459	1737.4756	1737.51018	1701.85611	1701.87928	
5.834581	1737.55077	1737.57999	1701.92979	1701.95782	
5.844783	1737.62592	1737.65853	1702.00345	1702.02763	
5.854948	1737.70013	1737.72834	1702.07619	1702.09745	
5.865066	1737.77348	1737.79816	1702.14808	1702.17599	
5.875204	1737.84626	1737.8767	1702.21942	1702.2458	
5.885385	1737.91878	1737.94651	1702.29051	1702.31561	
5.895543	1737.99055	1738.01632	1702.36086	1702.38543	
5.905748	1738.06203	1738.08614	1702.43091	1702.45524	
5.915852	1738.13216	1738.15595	1702.49966	1702.52505	
5.926011	1738.2021	1738.22576	1702.56821	1702.59487	
5.936175	1738.27145	1738.29558	1702.63619	1702.66468	
5.946448	1738.34092	1738.36539	1702.70429	1702.73449	
5.956563	1738.40872	1738.4352	1702.77074	1702.79558	
5.966789	1738.47668	1738.50501	1702.83736	1702.86539	
5.977653	1738.5481	1738.57483	1702.90736	1702.9352	
5.987661	1738.61332	1738.64464	1702.97129	1702.99629	
5.997815	1738.67891	1738.70573	1703.03559	1703.0661	
6.007939	1738.74369	1738.76681	1703.09908	1703.12719	
6.018136	1738.80833	1738.83663	1703.16244	1703.18828	
6.028287	1738.87205	1738.90644	1703.2249	1703.24936	
6.038617	1738.93771	1738.96753	1703.28926	1703.31045	
6.048619	1738.9979	1739.02861	1703.34825	1703.37154	
6.058795	1739.05996	1739.0897	1703.40909	1703.44135	
6.068918	1739.12107	1739.15079	1703.46899	1703.49371	
6.079013	1739.18166	1739.21187	1703.52838	1703.5548	
6.089227	1739.24191	1739.27296	1703.58743	1703.61588	
6.099362	1739.30129	1739.32532	1703.64564	1703.66824	
6.109498	1739.36008	1739.39513	1703.70326	1703.73806	
6.119667	1739.41845	1739.44749	1703.76048	1703.79042	
6.129864	1739.47637	1739.49985	1703.81725	1703.84278	
6.139958	1739.53309	1739.56094	1703.87285	1703.90386	
6.150088	1739.58942	1739.62203	1703.92806	1703.96495	
6.160312	1739.64568	1739.67439	1703.98321	1704.01731	
6.170408	1739.70061	1739.72675	1704.03705	1704.06967	
6.180529	1739.75506	1739.7791	1704.09042	1704.12203	
6.190658	1739.80897	1739.83146	1704.14326	1704.17439	
6.201102	1739.86391	1739.88382	1704.19712	1704.22675	
6.211169	1739.91626	1739.93618	1704.24843	1704.27911	
6.221216	1739.96792	1739.98854	1704.29906	1704.33147	
6.231344	1740.0194	1740.0409	1704.34952	1704.3751	
6.241489	1740.07035	1740.09326	1704.39947	1704.42746	
6.251848	1740.12175	1740.14562	1704.44985	1704.47109	
6.261775	1740.17043	1740.19798	1704.49757	1704.52345	
6.271888	1740.21942	1740.25034	1704.54559	1704.57581	
6.282108	1740.26831	1740.3027	1704.59351	1704.61945	
6.292234	1740.31615	1740.34634	1704.6404	1704.66308	
6.302459	1740.36384	1740.38997	1704.68715	1704.71544	
6.312584	1740.41047	1740.44233	1704.73286	1704.75907	
6.322722	1740.45657	1740.48596	1704.77804	1704.80271	
6.332849	1740.50199	1740.5296	1704.82257	1704.85507	
6.343002	1740.54694	1740.57323	1704.86663	1704.88997	
6.35316	1740.59132	1740.61686	1704.91012	1704.94233	
6.363312	1740.63503	1740.6605	1704.95297	1704.98597	
6.373509	1740.67836	1740.70413	1704.99544	1705.0296	
6.383638	1740.72079	1740.74776	1705.03703	1705.06451	
6.393853	1740.76298	1740.7914	1705.07838	1705.11687	
6.403927	1740.80398	1740.8263	1705.11857	1705.15177	
6.414117	1740.84484	1740.86994	1705.15863	1705.19541	
6.424322	1740.88517	1740.91357	1705.19815	1705.23904	
6.434418	1740.92448	1740.94848	1705.23669	1705.27395	
6.444611	1740.96355	1740.99211	1705.27499	1705.30885	
6.454717	1741.00168	1741.02702	1705.31236	1705.34376	
6.464928	1741.03962	1741.07065	1705.34954	1705.38739	
6.475104	1741.07681	1741.10556	1705.386	1705.4223	
6.485217	1741.11318	1741.14046	1705.42165	1705.45721	
6.49537	1741.14909	1741.17537	1705.45685	1705.50084	
6.505623	1741.18473	1741.21027	1705.49179	1705.53575	
6.515706	1741.21921	1741.24518	1705.52558	1705.57065	
6.525843	1741.25327	1741.28009	1705.55897	1705.59683	
6.536005	1741.28681	1741.31499	1705.59185	1705.63174	
6.546137	1741.31966	1741.3499	1705.62404	1705.65792	
6.556334	1741.35213	1741.38481	1705.65587	1705.69282	
6.56648	1741.38382	1741.41971	1705.68693	1705.72773	
6.576654	1741.41502	1741.45462	1705.71751	1705.76264	
6.58681	1741.44555	1741.48953	1705.74744	1705.78882	
6.596945	1741.47542	1741.51571	1705.77672	1705.815	
6.607136	1741.50487	1741.55061	1705.80558	1705.8499	
6.617259	1741.53351	1741.57679	1705.83366	1705.88481	
6.627408	1741.56165	1741.6117	1705.86124	1705.90226	
6.637539	1741.58914	1741.63788	1705.88819	1705.93717	
6.647738	1741.61623	1741.66406	1705.91474	1705.95462	
6.657907	1741.64262	1741.69024	1705.94061	1705.9808	
6.668036	1741.66833	1741.71642	1705.96581	1706.00698	
6.678139	1741.69339	1741.7426	1705.99037	1706.02444	
6.688333	1741.71809	1741.76878	1706.01458	1706.04189	
6.698515	1741.74214	1741.78623	1706.03816	1706.06807	
6.708646	1741.7655	1741.80369	1706.06105	1706.09425	
6.718791	1741.78831	1741.82987	1706.08341	1706.1117	
6.728953	1741.81056	1741.84732	1706.10522	1706.12916	
6.739184	1741.83236	1741.8735	1706.12659	1706.15534	
6.749255	1741.85325	1741.89095	1706.14706	1706.18152	
6.759375	1741.87366	1741.90841	1706.16707	1706.19897	
6.769628	1741.89373	1741.92586	1706.18674	1706.21642	
6.779715	1741.91292	1741.94331	1706.20555	1706.23388	
6.789843	1741.93159	1741.96077	1706.22386	1706.25133	
6.799952	1741.94966	1741.97822	1706.24157	1706.26878	
6.810119	1741.96724	1741.99567	1706.2588	1706.28624	
6.820285	1741.98425	1742.01313	1706.27547	1706.30369	
6.830405	1742.0006	1742.03058	1706.2915	1706.32114	
6.840571	1742.01645	1742.04803	1706.30704	1706.3386	
6.850707	1742.03168	1742.05676	1706.32197	1706.35605	
6.86093	1742.04646	1742.06549	1706.33645	1706.3735	
6.871078	1742.06056	1742.08294	1706.35027	1706.38223	
6.881201	1742.07406	1742.09167	1706.36351	1706.39096	
6.891337	1742.08702	1742.10039	1706.37621	1706.39968	
6.901469	1742.0994	1742.11785	1706.38834	1706.40841	
6.911633	1742.11126	1742.11785	1706.39996	1706.42586	
6.92181	1742.12257	1742.1353	1706.41105	1706.44332	
6.931895	1742.13322	1742.14403	1706.4215	1706.44332	
6.94205	1742.14341	1742.15275	1706.43148	1706.45204	
6.952222	1742.15305	1742.15275	1706.44093	1706.46077	
6.962837	1742.16249	1742.17021	1706.45019	1706.4695	
6.972547	1742.17066	1742.17893	1706.45819	1706.47822	
6.982669	1742.17863	1742.18766	1706.466	1706.47822	
6.9928	1742.18608	1742.18766	1706.4733	1706.47822	
7.002911	1742.19298	1742.18766	1706.48006	1706.47822	
7.013086	1742.19939	1742.19639	1706.48636	1706.47822	
7.023248	1742.20529	1742.20511	1706.49214	1706.47822	
7.033416	1742.21068	1742.20511	1706.49742	1706.47822	
7.043568	1742.21556	1742.21384	1706.5022	1706.47822	
7.053713	1742.21994	1742.21384	1706.5065	1706.48695	
7.063889	1742.22386	1742.22257	1706.51034	1706.49568	
7.074037	1742.22731	1742.22257	1706.51372	1706.49568	
7.084192	1742.23031	1742.22257	1706.51666	1706.49568	
7.094351	1742.23288	1742.22257	1706.51918	1706.49568	
7.104581	1742.23505	1742.22257	1706.52131	1706.49568	
7.114697	1742.23683	1742.23129	1706.52305	1706.5044	
7.124835	1742.24219	1742.24002	1706.5283	1706.5044	
7.135009	1742.24219	1742.24002	1706.5283	1706.51313	
7.145166	1742.24219	1742.24002	1706.5283	1706.51313	
7.155349	1742.24219	1742.24002	1706.5283	1706.51313	
7.165507	1742.24219	1742.24002	1706.5283	1706.51313	
7.175709	1742.24219	1742.24002	1706.5283	1706.52186	
7.185845	1742.24219	1742.24002	1706.5283	1706.52186	
7.195975	1742.24219	1742.24002	1706.5283	1706.52186	
7.206176	1742.24219	1742.24002	1706.5283	1706.52186	
7.216576	1742.24219	1742.24002	1706.5283	1706.51313	
7.22647	1742.24219	1742.24002	1706.5283	1706.51313	
7.236631	1742.24219	1742.24002	1706.5283	1706.51313	
7.246732	1742.24219	1742.24002	1706.5283	1706.51313	
7.256973	1742.24219	1742.24002	1706.5283	1706.51313	
7.267186	1742.24219	1742.24002	1706.5283	1706.51313	
7.27723	1742.24219	1742.24002	1706.5283	1706.51313	
7.287425	1742.24219	1742.24002	1706.5283	1706.51313	
7.297589	1742.24219	1742.24002	1706.5283	1706.51313	
7.307754	1742.24219	1742.24002	1706.5283	1706.51313	
7.319128	1742.24219	1742.24002	1706.5283	1706.51313	
7.327984	1742.24219	1742.24002	1706.5283	1706.51313	
7.338135	1742.24219	1742.24002	1706.5283	1706.51313	
7.348264	1742.24219	1742.24002	1706.5283	1706.51313	
7.358485	1742.24219	1742.24002	1706.5283	1706.51313	
7.368625	1742.24219	1742.24002	1706.5283	1706.51313	
7.378774	1742.24219	1742.24002	1706.5283	1706.51313	
7.388935	1742.24219	1742.24002	1706.5283	1706.51313	
7.399023	1742.24219	1742.24002	1706.5283	1706.51313	
7.409238	1742.24219	1742.24002	1706.5283	1706.51313	
7.419426	1742.24219	1742.24002	1706.5283	1706.51313	
7.429601	1742.24219	1742.24002	1706.5283	1706.51313	
7.439666	1742.24219	1742.24002	1706.5283	1706.51313	
7.449885	1742.24219	1742.24002	1706.5283	1706.51313	
7.459989	1742.24219	1742.24002	1706.5283	1706.51313	
7.470111	1742.24219	1742.24002	1706.5283	1706.51313	
7.480333	1742.24219	1742.24002	1706.5283	1706.51313	
7.490449	1742.24219	1742.24002	1706.5283	1706.51313	
7.50058	1742.24219	1742.24002	1706.5283	1706.51313	
7.510721	1742.24219	1742.24002	1706.5283	1706.51313	
7.520966	1742.24219	1742.24002	1706.5283	1706.51313	
7.53113	1742.24219	1742.24002	1706.5283	1706.51313	
7.541177	1742.24219	1742.24002	1706.5283	1706.51313	
7.551431	1742.24219	1742.24002	1706.5283	1706.51313	
7.561488	1742.24219	1742.24002	1706.5283	1706.51313	
7.571616	1742.24219	1742.24002	1706.5283	1706.51313	
7.581769	1742.24219	1742.24002	1706.5283	1706.51313	
7.591913	1742.24219	1742.24002	1706.5283	1706.51313	
7.602106	1742.24219	1742.24002	1706.5283	1706.51313	
7.612222	1742.24219	1742.24002	1706.5283	1706.51313	
7.622449	1742.24219	1742.24002	1706.5283	1706.51313	
7.632613	1742.24219	1742.24002	1706.5283	1706.51313	
7.642693	1742.24219	1742.24002	1706.5283	1706.51313	
7.65284	1742.24219	1742.24002	1706.5283	1706.51313	
7.662989	1742.24219	1742.24002	1706.5283	1706.51313	
7.67313	1742.24219	1742.24002	1706.5283	1706.51313	
7.68331	1742.24219	1742.24002	1706.5283	1706.51313	
7.693441	1742.24219	1742.24002	1706.5283	1706.51313	
7.703601	1742.24219	1742.24002	1706.5283	1706.51313	
7.713829	1742.24219	1742.24002	1706.5283	1706.51313	
7.723926	1742.24219	1742.24002	1706.5283	1706.51313	
7.734149	1742.24219	1742.24002	1706.5283	1706.51313	
7.74428	1742.24219	1742.24002	1706.5283	1706.51313	
7.754426	1742.24219	1742.24002	1706.5283	1706.51313	
7.764562	1742.24219	1742.24002	1706.5283	1706.51313	
7.774741	1742.24219	1742.24002	1706.5283	1706.51313	
7.784883	1742.24219	1742.24002	1706.5283	1706.51313	
7.795094	1742.24219	1742.24002	1706.5283	1706.51313	
7.805206	1742.24219	1742.24002	1706.5283	1706.51313	
7.816761	1742.24219	1742.24002	1706.5283	1706.51313	
7.825508	1742.24219	1742.24002	1706.5283	1706.51313	
7.835638	1742.24219	1742.24002	1706.5283	1706.51313	
7.845797	1742.24219	1742.24002	1706.5283	1706.51313	
7.855961	1742.24219	1742.24002	1706.5283	1706.51313	
7.866159	1742.24219	1742.24002	1706.5283	1706.51313	
7.876251	1742.24219	1742.24002	1706.5283	1706.51313	
7.886425	1742.24219	1742.24002	1706.5283	1706.51313	
7.896577	1742.24219	1742.24002	1706.5283	1706.51313	
7.906761	1742.24219	1742.24002	1706.5283	1706.51313	
7.916895	1742.24219	1742.24002	1706.5283	1706.51313	
7.927036	1742.24219	1742.24002	1706.5283	1706.51313	
7.937202	1742.24219	1742.24002	1706.5283	1706.51313	
7.947576	1742.24219	1742.24002	1706.5283	1706.51313	
7.957494	1742.24219	1742.24002	1706.5283	1706.51313	
7.967638	1742.24219	1742.24002	1706.5283	1706.51313	
7.980057	1742.24219	1742.24002	1706.5283	1706.51313	
7.987924	1742.24219	1742.24002	1706.5283	1706.51313	
7.998059	1742.24219	1742.24002	1706.5283	1706.51313	
8.008206	1742.24219	1742.24002	1706.5283	1706.51313	
8.018458	1742.24219	1742.24002	1706.5283	1706.51313	
8.028569	1742.24219	1742.24002	1706.5283	1706.51313	
8.038747	1742.24219	1742.24002	1706.5283	1706.51313	
8.048888	1742.24219	1742.24002	1706.5283	1706.51313	
8.059019	1742.24219	1742.24002	1706.5283	1706.51313	
8.069164	1742.24219	1742.24002	1706.5283	1706.51313	
8.079294	1742.24219	1742.24002	1706.5283	1706.51313	
8.089445	1742.24219	1742.24002	1706.5283	1706.51313	
8.099628	1742.24219	1742.24002	1706.5283	1706.51313	
8.109748	1742.24219	1742.24002	1706.5283	1706.51313	
8.119889	1742.24219	1742.24002	1706.5283	1706.51313	
8.130078	1742.24219	1742.24002	1706.5283	1706.51313	
8.140183	1742.24219	1742.24002	1706.5283	1706.51313	
8.150379	1742.24219	1742.24002	1706.5283	1706.51313	
8.160545	1742.24219	1742.24002	1706.5283	1706.51313	
8.170668	1742.24219	1742.24002	1706.5283	1706.51313	
8.180779	1742.24219	1742.24002	1706.5283	1706.51313	
8.190982	1742.24219	1742.24002	1706.5283	1706.51313	
8.201105	1742.24219	1742.24002	1706.5283	1706.51313	
8.211313	1742.24219	1742.24002	1706.5283	1706.51313	
8.221429	1742.24219	1742.24002	1706.5283	1706.51313	
8.231556	1742.24219	1742.24002	1706.5283	1706.51313	
8.241789	1742.24219	1742.24002	1706.5283	1706.51313	
8.251897	1742.24219	1742.24002	1706.5283	1706.51313	
8.262015	1742.24219	1742.24002	1706.5283	1706.51313	
8.272135	1742.24219	1742.24002	1706.5283	1706.51313	
8.282281	1742.24219	1742.24002	1706.5283	1706.51313	
8.300754	1742.24219	1742.24002	1706.5283	1706.51313	
8.305314	1742.24219	1742.24002	1706.5283	1706.51313	
8.315479	1742.24219	1742.24002	1706.5283	1706.51313	
8.325662	1742.24219	1742.24002	1706.5283	1706.51313	
8.335778	1742.24219	1742.24002	1706.5283	1706.51313	
8.345959	1742.24219	1742.24002	1706.5283	1706.51313	
8.356162	1742.24219	1742.24002	1706.5283	1706.51313	
8.366266	1742.24219	1742.24002	1706.5283	1706.51313	
8.376476	1742.24219	1742.24002	1706.5283	1706.51313	
8.38659	1742.24219	1742.24002	1706.5283	1706.51313	
8.3967	1742.24219	1742.24002	1706.5283	1706.51313	
8.406895	1742.24219	1742.24002	1706.5283	1706.51313	
8.41709	1742.24219	1742.24002	1706.5283	1706.51313	
8.427324	1742.24219	1742.24002	1706.5283	1706.51313	
8.437365	1742.24219	1742.24002	1706.5283	1706.51313	
8.447692	1742.24219	1742.24002	1706.5283	1706.51313	
8.45776	1742.24219	1742.24002	1706.5283	1706.51313	
8.467843	1742.24219	1742.24002	1706.5283	1706.51313	
8.47795	1742.24219	1742.24002	1706.5283	1706.51313	
8.488137	1742.24219	1742.24002	1706.5283	1706.51313	
8.498297	1742.24219	1742.24002	1706.5283	1706.51313	
8.508447	1742.24219	1742.24002	1706.5283	1706.51313	
8.518593	1742.24219	1742.24002	1706.5283	1706.51313	
8.528761	1742.24219	1742.24002	1706.5283	1706.51313	
8.538897	1742.24219	1742.24002	1706.5283	1706.51313	
8.548978	1742.24219	1742.24002	1706.5283	1706.51313	
8.559293	1742.24219	1742.24002	1706.5283	1706.51313	
8.569352	1742.24219	1742.24002	1706.5283	1706.51313	
8.579501	1742.24219	1742.24002	1706.5283	1706.51313	
8.589681	1742.24219	1742.24002	1706.5283	1706.51313	
8.599808	1742.24219	1742.24002	1706.5283	1706.51313	
8.609986	1742.24219	1742.24002	1706.5283	1706.51313	
8.620092	1742.24219	1742.24002	1706.5283	1706.51313	
8.630212	1742.24219	1742.24002	1706.5283	1706.51313	
8.641605	1742.24219	1742.24002	1706.5283	1706.51313	
8.650555	1742.24219	1742.24002	1706.5283	1706.51313	
8.660682	1742.24219	1742.24002	1706.5283	1706.51313	
8.670847	1742.24219	1742.24002	1706.5283	1706.51313	
8.688853	1742.24219	1742.24002	1706.5283	1706.51313	
8.69339	1742.24219	1742.24002	1706.5283	1706.51313	
8.703562	1742.24219	1742.24002	1706.5283	1706.51313	
8.713766	1742.24219	1742.24002	1706.5283	1706.51313	
8.723871	1742.24219	1742.24002	1706.5283	1706.51313	
8.734069	1742.24219	1742.24002	1706.5283	1706.51313	
8.744259	1742.24219	1742.24002	1706.5283	1706.51313	
8.75438	1742.24219	1742.24002	1706.5283	1706.51313	
8.76452	1742.24219	1742.24002	1706.5283	1706.51313	
8.774689	1742.24219	1742.24002	1706.5283	1706.51313	
8.784869	1742.24219	1742.24002	1706.5283	1706.51313	
8.795036	1742.24219	1742.24002	1706.5283	1706.51313	
8.805178	1742.24219	1742.24002	1706.5283	1706.51313	
8.815369	1742.24219	1742.24002	1706.5283	1706.51313	
8.82552	1742.24219	1742.24002	1706.5283	1706.51313	
8.835619	1742.24219	1742.24002	1706.5283	1706.51313	
8.845759	1742.24219	1742.24002	1706.5283	1706.51313	
8.855937	1742.24219	1742.24002	1706.5283	1706.51313	
8.866153	1742.24219	1742.24002	1706.5283	1706.51313	
8.876443	1742.24219	1742.24002	1706.5283	1706.51313	
8.886623	1742.24219	1742.24002	1706.5283	1706.51313	
8.896779	1742.24219	1742.24002	1706.5283	1706.51313	
8.906936	1742.24219	1742.24002	1706.5283	1706.51313	
8.917083	1742.24219	1742.24002	1706.5283	1706.51313	
8.927262	1742.24219	1742.24002	1706.5283	1706.51313	
8.937369	1742.24219	1742.24002	1706.5283	1706.51313	
8.947547	1742.24219	1742.24002	1706.5283	1706.51313	
8.957724	1742.24219	1742.24002	1706.5283	1706.51313	
8.967854	1742.24219	1742.24002	1706.5283	1706.51313	
8.97861	1742.24219	1742.24002	1706.5283	1706.51313	
8.988171	1742.24219	1742.24002	1706.5283	1706.51313	
8.998308	1742.24219	1742.24002	1706.5283	1706.51313	
9.008521	1742.24219	1742.24002	1706.5283	1706.51313	
9.0186	1742.24219	1742.24002	1706.5283	1706.51313	
9.028792	1742.24219	1742.24002	1706.5283	1706.51313	
