5.047819	612.72676	612.741467	436.195433	436.175233	
5.052374	612.727483	612.741467	436.196156	436.175233	
5.062604	612.729912	612.741467	436.198585	436.175233	
5.080657	612.736576	612.741467	436.205249	436.18396	
5.0852	612.738193	612.73274	436.206866	436.18396	
5.095369	612.742604	612.73274	436.211277	436.192687	
5.105488	612.747605	612.73274	436.216278	436.192687	
5.115697	612.753282	612.741467	436.221955	436.192687	
5.125868	612.759554	612.741467	436.228227	436.201413	
5.136007	612.766424	612.750194	436.235097	436.21014	
5.146463	612.774177	612.750194	436.242849	436.21014	
5.156291	612.782018	612.75892	436.250691	436.227593	
5.166561	612.79087	612.767647	436.259542	436.227593	
5.176719	612.800228	612.776374	436.268901	436.245047	
5.186834	612.810166	612.7851	436.278839	436.253773	
5.197035	612.820815	612.802554	436.289488	436.2625	
5.20717	612.832007	612.81128	436.300679	436.279953	
5.217329	612.843852	612.820007	436.312525	436.297406	
5.227469	612.856283	612.83746	436.324956	436.31486	
5.237641	612.869377	612.854914	436.33805	436.332313	
5.247782	612.88305	612.872367	436.351723	436.349766	
5.258001	612.897456	612.88982	436.366129	436.36722	
5.268094	612.912292	612.907273	436.380965	436.384673	
5.278248	612.927838	612.924727	436.396511	436.402126	
5.288418	612.94403	612.950907	436.412702	436.419579	
5.298614	612.960885	612.96836	436.429558	436.437033	
5.308695	612.978265	612.985813	436.446938	436.463213	
5.318899	612.996277	613.011993	436.46495	436.480666	
5.329079	613.01497	613.029446	436.483643	436.506846	
5.339216	613.034198	613.055626	436.502871	436.524299	
5.349347	613.054028	613.081806	436.522701	436.541753	
5.359474	613.074467	613.09926	436.54314	436.567932	
5.369678	613.095687	613.12544	436.56436	436.594112	
5.379767	613.117275	613.15162	436.585947	436.611566	
5.389959	613.139718	613.169073	436.608391	436.637746	
5.400051	613.162538	613.195253	436.631211	436.663926	
5.410286	613.186322	613.221433	436.654994	436.681379	
5.420329	613.210261	613.238886	436.678934	436.707559	
5.430454	613.235006	613.265066	436.703678	436.733739	
5.440678	613.260623	613.291246	436.729295	436.751192	
5.450794	613.286579	613.308699	436.755252	436.777372	
5.460924	613.313188	613.334879	436.781861	436.803552	
5.47108	613.340585	613.361059	436.809258	436.829732	
5.481305	613.368611	613.387239	436.837283	436.855912	
5.49145	613.397114	613.413419	436.865787	436.873365	
5.501546	613.426093	613.439599	436.894766	436.908272	
5.511685	613.455823	613.465779	436.924496	436.925725	
5.521907	613.48641	613.491959	436.955083	436.960632	
5.531946	613.517054	613.518139	436.985727	436.986811	
5.542139	613.54881	613.553045	437.017482	437.012991	
5.552307	613.581091	613.587952	437.049764	437.047898	
5.562424	613.613836	613.614132	437.082508	437.074078	
5.572549	613.647208	613.640312	437.115881	437.108985	
5.582792	613.68161	613.675218	437.150283	437.143891	
5.592926	613.716265	613.710125	437.184938	437.178798	
5.603121	613.751744	613.745031	437.220417	437.213704	
5.613257	613.787636	613.779938	437.256309	437.257338	
5.623369	613.82407	613.814845	437.292743	437.292244	
5.633552	613.861359	613.858478	437.330031	437.327151	
5.643719	613.899231	613.893384	437.367904	437.370784	
5.653861	613.937607	613.937018	437.40628	437.414417	
5.664031	613.976711	613.971924	437.445384	437.45805	
5.674179	614.016351	614.015557	437.485024	437.501684	
5.684298	614.056495	614.059191	437.525168	437.53659	
5.694489	614.097571	614.111551	437.566244	437.58895	
5.704638	614.139065	614.146457	437.607738	437.623857	
5.714784	614.181178	614.198817	437.64985	437.676217	
5.724914	614.223817	614.24245	437.69249	437.711123	
5.735065	614.267181	614.286084	437.735854	437.763483	
5.745262	614.311394	614.338443	437.780067	437.79839	
5.755433	614.35606	614.382077	437.824733	437.850749	
5.765564	614.401192	614.42571	437.869865	437.885656	
5.775711	614.447018	614.47807	437.915691	437.938016	
5.785926	614.493775	614.521703	437.962448	437.972922	
5.796032	614.540643	614.565336	438.009315	438.025282	
5.806184	614.588333	614.617696	438.057006	438.068916	
5.816356	614.636764	614.661329	438.105436	438.112549	
5.826463	614.685481	614.704963	438.154154	438.164909	
5.836642	614.73516	614.757322	438.203832	438.199815	
5.84678	614.785268	614.800956	438.253941	438.252175	
5.856973	614.836279	614.844589	438.304952	438.304535	
5.867151	614.88781	614.896949	438.356483	438.356895	
5.877271	614.939675	614.949309	438.408348	438.400528	
5.887395	614.992182	614.992942	438.460854	438.461615	
5.897562	615.045527	615.045302	438.5142	438.513975	
5.907713	615.099407	615.097662	438.56808	438.566334	
5.917858	615.153861	615.150022	438.622534	438.618694	
5.928009	615.208993	615.202381	438.677666	438.671054	
5.938151	615.264665	615.263468	438.733338	438.723414	
5.948317	615.321101	615.315828	438.789774	438.784501	
5.958567	615.378654	615.368188	438.847327	438.845587	
5.968711	615.436514	615.429274	438.905187	438.906674	
5.978875	615.494497	615.490361	438.96317	438.96776	
5.988999	615.553182	615.551447	439.021855	439.028847	
5.99925	615.613398	615.612534	439.082071	439.089933	
6.00932	615.672788	615.682347	439.141461	439.15102	
6.01948	615.733517	615.743433	439.20219	439.212106	
6.029569	615.794472	615.80452	439.263145	439.281919	
6.040952	615.864027	615.865607	439.3327	439.351733	
6.050386	615.922181	615.93542	439.390854	439.404092	
6.061008	615.988365	615.996506	439.457038	439.473906	
6.070188	616.045962	616.066319	439.514635	439.526266	
6.08208	616.121651	616.136133	439.590324	439.596079	
6.090471	616.175281	616.197219	439.643954	439.665892	
6.100684	616.241336	616.267032	439.710009	439.726978	
6.110732	616.306886	616.336845	439.775559	439.788065	
6.120899	616.373862	616.397932	439.842535	439.857878	
6.13105	616.441338	616.467745	439.910011	439.927691	
6.141222	616.509574	616.537558	439.978247	439.988778	
6.15963	616.635609	616.598645	440.104282	440.110951	
6.164194	616.666733	616.685911	440.135405	440.145857	
6.174339	616.736816	616.755724	440.205489	440.206944	
6.184494	616.807567	616.825538	440.27624	440.276757	
6.194831	616.88029	616.895351	440.348963	440.34657	
6.204797	616.950904	616.965164	440.419577	440.416383	
6.214946	617.023474	617.034977	440.492147	440.494923	
6.225076	617.096552	617.113517	440.565225	440.564736	
6.235332	617.171138	617.18333	440.639811	440.643276	
6.24541	617.24507	617.253143	440.713743	440.713089	
6.255589	617.32036	617.331683	440.789033	440.782903	
6.265803	617.396491	617.401496	440.865164	440.870169	
6.275919	617.472547	617.480036	440.94122	440.939982	
6.286044	617.549257	617.549849	441.017929	441.027249	
6.296195	617.626789	617.628389	441.095462	441.097062	
6.30632	617.704753	617.706929	441.173426	441.184328	
6.316512	617.78385	617.785469	441.252523	441.262868	
6.326652	617.863167	617.864008	441.33184	441.341408	
6.336783	617.943045	617.951275	441.411718	441.419948	
6.346962	618.023869	618.029815	441.492541	441.498488	
6.357067	618.104739	618.108355	441.573412	441.585754	
6.367271	618.187339	618.195621	441.656012	441.664294	
6.377458	618.269837	618.282888	441.73851	441.75156	
6.387573	618.352622	618.361427	441.821295	441.8301	
6.397721	618.436329	618.448694	441.905002	441.917367	
6.407832	618.520344	618.53596	441.989016	442.004633	
6.418011	618.60553	618.6145	442.074203	442.083173	
6.428121	618.690776	618.710493	442.159448	442.170439	
6.438239	618.776669	618.789033	442.245342	442.248979	
6.448459	618.864092	618.876299	442.332765	442.336246	
6.458901	618.954102	618.972293	442.422775	442.423512	
6.469139	619.043556	619.059559	442.512229	442.519505	
6.479155	619.130788	619.146825	442.59946	442.606772	
6.489329	619.219897	619.234092	442.68857	442.694038	
6.49949	619.30989	619.330085	442.778563	442.781305	
6.509748	619.401413	619.417352	442.870085	442.877298	
6.51994	619.492941	619.504618	442.961614	442.964564	
6.530125	619.585037	619.591884	443.05371	443.060557	
6.540134	619.676129	619.687878	443.144802	443.15655	
6.550329	619.769552	619.783871	443.238225	443.243817	
6.560495	619.863357	619.871137	443.332029	443.33981	
6.570607	619.957238	619.96713	443.425911	443.435803	
6.580796	620.052534	620.063123	443.521207	443.531796	
6.590912	620.147638	620.15039	443.616311	443.627789	
6.601068	620.243775	620.25511	443.712448	443.723782	
6.619186	620.417776	620.420916	443.886449	443.898315	
6.623706	620.461051	620.464549	443.929724	443.941949	
6.633947	620.560055	620.569269	444.028728	444.037942	
6.644019	620.65799	620.665262	444.126662	444.133935	
6.65417	620.757353	620.769982	444.226025	444.229928	
6.664824	620.862355	620.865975	444.331028	444.334648	
6.674501	620.958167	620.961968	444.42684	444.430641	
6.684895	621.061872	621.066688	444.530545	444.53536	
6.695015	621.163361	621.171407	444.632034	444.631354	
6.704972	621.263815	621.267401	444.732487	444.736073	
6.71513	621.366932	621.380847	444.835604	444.840793	
6.725241	621.470173	621.485567	444.938846	444.936786	
6.735428	621.574898	621.590286	445.043571	445.041506	
6.745603	621.680038	621.703733	445.148711	445.146226	
6.755739	621.78538	621.808453	445.254053	445.250945	
6.765882	621.891464	621.913172	445.360137	445.364392	
6.776036	621.998261	622.017892	445.466934	445.477838	
6.786263	622.106467	622.122612	445.57514	445.582558	
6.796413	622.214463	622.227332	445.683136	445.696004	
6.806544	622.322851	622.340778	445.791523	445.809451	
6.816749	622.432668	622.445498	445.90134	445.914171	
6.826824	622.541745	622.558944	446.010418	446.036344	
6.836976	622.652201	622.663664	446.120873	446.141063	
6.847149	622.763528	622.77711	446.2322	446.245783	
6.857324	622.873691	622.890557	446.342364	446.35923	
6.867484	622.98299	623.004003	446.451663	446.463949	
6.877623	623.091481	623.11745	446.560154	446.577396	
6.887741	623.199189	623.222169	446.667862	446.682115	
6.898003	623.307732	623.335616	446.776405	446.795562	
6.908101	623.413956	623.449062	446.882629	446.909008	
6.918243	623.520017	623.562509	446.98869	447.013728	
6.928425	623.625875	623.675955	447.094548	447.127174	
6.938502	623.730059	623.780675	447.198731	447.240621	
6.948701	623.835407	623.885394	447.30408	447.345341	
6.95886	623.93866	623.990114	447.407333	447.458787	
6.968999	624.041634	624.094834	447.510307	447.563507	
6.979158	624.144165	624.199554	447.612837	447.676953	
6.989294	624.24586	624.295547	447.714532	447.772946	
6.999451	624.347277	624.39154	447.81595	447.868939	
7.009617	624.447939	624.49626	447.916612	447.973659	
7.019718	624.547478	624.583526	448.016151	448.078379	
7.029968	624.647862	624.688246	448.116535	448.165645	
7.041382	624.758795	624.775512	448.227468	448.261638	
7.050493	624.846894	624.871505	448.315567	448.357632	
7.060941	624.947325	624.967499	448.415997	448.444898	
7.070435	625.03791	625.054765	448.506583	448.540891	
7.080614	625.134503	625.150758	448.603176	448.636884	
7.090787	625.230431	625.246751	448.699104	448.724151	
7.100897	625.325147	625.334018	448.79382	448.811417	
7.111074	625.419861	625.430011	448.888534	448.898684	
7.12127	625.514095	625.526004	448.982767	448.98595	
7.13145	625.60759	625.61327	449.076263	449.081943	
7.141523	625.699509	625.709263	449.168182	449.16921	
7.152062	625.795031	625.805257	449.263703	449.265203	
7.161905	625.883678	625.892523	449.352351	449.352469	
7.171967	625.973643	625.97979	449.442316	449.439736	
7.182097	626.063638	626.075783	449.53231	449.527002	
7.192218	626.15295	626.163049	449.621623	449.614269	
7.202432	626.242423	626.259042	449.711096	449.718988	
7.212586	626.330783	626.346309	449.799456	449.806255	
7.222752	626.418605	626.433575	449.887278	449.893521	
7.233	626.506508	626.529568	449.975181	449.989514	
7.243105	626.592621	626.616835	450.061294	450.076781	
7.253385	626.679557	626.704101	450.148229	450.172774	
7.26354	626.764832	626.782641	450.233505	450.26004	
7.273696	626.849485	626.878634	450.318158	450.347307	
7.28384	626.933466	626.957174	450.402139	450.434573	
7.293967	627.016663	627.04444	450.485336	450.513113	
7.304151	627.099725	627.12298	450.568398	450.60038	
7.314519	627.183665	627.20152	450.652338	450.678919	
7.324456	627.263446	627.28006	450.732119	450.766186	
7.334581	627.344193	627.3586	450.812866	450.835999	
7.344804	627.425097	627.445866	450.893769	450.923266	
7.354891	627.504314	627.515679	450.972987	450.993079	
7.365087	627.583757	627.594219	451.05243	451.071619	
7.375232	627.662475	627.664032	451.131148	451.141432	
7.385408	627.74028	627.742572	451.208953	451.219972	
7.395577	627.817676	627.821112	451.286349	451.289785	
7.405694	627.894047	627.890925	451.36272	451.359598	
7.416025	627.971488	627.969465	451.440161	451.438138	
7.42607	628.046069	628.039278	451.514742	451.507951	
7.436162	628.120438	628.109091	451.58911	451.586491	
7.446337	628.194806	628.187631	451.663479	451.656304	
7.456528	628.268717	628.266171	451.73739	451.726117	
7.466656	628.341477	628.335984	451.81015	451.79593	
7.47679	628.41372	628.405797	451.882392	451.87447	
7.486924	628.485337	628.47561	451.95401	451.944283	
7.4971	628.556642	628.55415	452.025315	452.014096	
7.507265	628.627264	628.63269	452.095936	452.092636	
7.517429	628.69725	628.702503	452.165923	452.162449	
7.527596	628.766664	628.772316	452.235336	452.232262	
7.537781	628.835556	628.842129	452.304229	452.302076	
7.547909	628.903469	628.911943	452.372142	452.371889	
7.558045	628.970826	628.981756	452.439499	452.441702	
7.568169	629.037501	629.051569	452.506174	452.511515	
7.578478	629.104757	629.121382	452.57343	452.581328	
7.588498	629.169541	629.182469	452.638214	452.651142	
7.598647	629.234506	629.252282	452.703179	452.720955	
7.608832	629.299129	629.313368	452.767802	452.790768	
7.619134	629.364325	629.374455	452.832998	452.851854	
7.629084	629.425817	629.435541	452.89449	452.912941	
7.639255	629.488686	629.505355	452.957358	452.974027	
7.649405	629.55042	629.557714	453.019093	453.035114	
7.659583	629.611912	629.618801	453.080585	453.0962	
7.669717	629.672548	629.671161	453.141221	453.157287	
7.679898	629.732844	629.732247	453.201517	453.209647	
7.690045	629.792335	629.784607	453.261008	453.270733	
7.700178	629.851131	629.845694	453.319804	453.33182	
7.710309	629.909302	629.898054	453.377975	453.38418	
7.720473	629.96705	629.95914	453.435723	453.43654	
7.730702	630.024579	630.0115	453.493252	453.4889	
7.740744	630.080416	630.06386	453.549089	453.549986	
7.75088	630.136193	630.124946	453.604866	453.602346	
7.761042	630.191496	630.177306	453.660169	453.654706	
7.771248	630.246437	630.238393	453.71511	453.707066	
7.781379	630.300354	630.290753	453.769027	453.759426	
7.791499	630.353613	630.343113	453.822285	453.811785	
7.801631	630.406317	630.395473	453.87499	453.872872	
7.811765	630.45842	630.447832	453.927093	453.916505	
7.821854	630.509688	630.500192	453.97836	453.977592	
7.832048	630.560902	630.552552	454.029575	454.021225	
7.842233	630.611444	630.604912	454.080117	454.073585	
7.852359	630.661071	630.657272	454.129744	454.125945	
7.86249	630.71015	630.709632	454.178823	454.178305	
7.872629	630.758657	630.761992	454.22733	454.221938	
7.891106	630.84457	630.849258	454.313243	454.317931	
7.89567	630.865842	630.866711	454.334515	454.335384	
7.905867	630.912619	630.919071	454.381292	454.387744	
7.915969	630.958353	630.962705	454.427025	454.431377	
7.926082	631.003543	631.006338	454.472216	454.483737	
7.936238	631.048339	631.058698	454.517012	454.52737	
7.946454	631.09275	631.093604	454.561423	454.571004	
7.956583	631.136199	631.145964	454.604872	454.60591	
7.96673	631.179115	631.180871	454.647788	454.65827	
7.976887	631.221476	631.224504	454.690149	454.693177	
7.987063	631.263287	631.268137	454.73196	454.73681	
7.997202	631.30436	631.31177	454.773033	454.780443	
8.007384	631.344987	631.346677	454.813659	454.81535	
8.017528	631.384882	631.39031	454.853555	454.858983	
8.027795	631.424617	631.425217	454.893289	454.902616	
8.03798	631.463432	631.460123	454.932105	454.937523	
8.048153	631.501619	631.503757	454.970292	454.972429	
8.05834	631.53921	631.538663	455.007883	455.007336	
8.068474	631.57604	631.57357	455.044712	455.042243	
8.078599	631.612216	631.617203	455.080889	455.077149	
8.089152	631.649525	631.643383	455.118198	455.120782	
8.098914	631.683033	631.67829	455.151706	455.155689	
8.109089	631.717565	631.713196	455.186238	455.190596	
8.11922	631.751368	631.748103	455.22004	455.225502	
8.129385	631.78469	631.783009	455.253363	455.260409	
8.139526	631.817351	631.809189	455.286024	455.295315	
8.150027	631.850489	631.844096	455.319162	455.321495	
8.159825	631.880862	631.879002	455.349534	455.356402	
8.17007	631.912006	631.913909	455.380679	455.391308	
8.180282	631.942521	631.948816	455.411194	455.426215	
8.19061	631.972638	631.983722	455.441311	455.452395	
8.200507	632.000984	632.018629	455.469656	455.478575	
8.210611	632.029333	632.044809	455.498006	455.513481	
8.220727	632.057119	632.070989	455.525791	455.548388	
8.230864	632.084372	632.105895	455.553045	455.574568	
8.241037	632.111139	632.132075	455.579811	455.600748	
8.251243	632.138011	632.158255	455.606684	455.635655	
8.261404	632.162887	632.184435	455.63156	455.661834	
8.271513	632.187693	632.210615	455.656366	455.688014	
8.281646	632.211969	632.228068	455.680641	455.705468	
8.291747	632.23558	632.245522	455.704253	455.722921	
8.302154	632.259285	632.262975	455.727958	455.740374	
8.31206	632.281294	632.280428	455.749967	455.749101	
8.322245	632.303319	632.289155	455.771992	455.757828	
8.33231	632.324515	632.297881	455.793188	455.775281	
8.342455	632.34528	632.315335	455.813953	455.784008	
8.35269	632.365643	632.332788	455.834316	455.801461	
8.370662	632.399148	632.350241	455.867821	455.827641	
8.375215	632.407689	632.358968	455.876362	455.827641	
8.385368	632.426007	632.376421	455.89468	455.845094	
8.395611	632.443885	632.393875	455.912558	455.862547	
8.405705	632.460935	632.411328	455.929608	455.880001	
8.415896	632.477569	632.428781	455.946241	455.897454	
8.426077	632.493596	632.446234	455.962269	455.923634	
8.436166	632.508919	632.463688	455.977592	455.941087	
8.4463	632.523737	632.481141	455.99241	455.95854	
8.456544	632.538126	632.507321	456.006799	455.98472	
8.466683	632.551807	632.524774	456.020479	456.002174	
8.47677	632.564846	632.542228	456.033519	456.019627	
8.486955	632.577448	632.559681	456.046121	456.03708	
8.497118	632.589455	632.577134	456.058127	456.06326	
8.50727	632.600888	632.603314	456.069561	456.080713	
8.517433	632.611772	632.620767	456.080445	456.098167	
8.527572	632.622078	632.629494	456.090751	456.11562	
8.537731	632.631845	632.646947	456.100518	456.124347	
8.547879	632.641055	632.646947	456.109728	456.1418	
8.557985	632.649689	632.664401	456.118362	456.1418	
8.568202	632.657869	632.664401	456.126541	456.150527	
8.578483	632.665541	632.673127	456.134214	456.159253	
8.588491	632.672502	632.673127	456.141175	456.159253	
8.598636	632.679031	632.673127	456.147704	456.150527	
8.608805	632.685054	632.673127	456.153727	456.150527	
8.61894	632.690549	632.673127	456.159222	456.1418	
8.629037	632.695525	632.664401	456.164198	456.1418	
8.639236	632.700051	632.664401	456.168724	456.133073	
8.64939	632.704078	632.655674	456.172751	456.124347	
8.659608	632.707653	632.655674	456.176326	456.124347	
8.66971	632.710743	632.664401	456.179416	456.11562	
8.679927	632.713425	632.673127	456.182097	456.11562	
8.690074	632.715677	632.673127	456.184349	456.11562	
8.700355	632.717558	632.681854	456.18623	456.124347	
8.710485	632.723277	632.69058	456.19195	456.124347	
8.720653	632.723277	632.699307	456.19195	456.124347	
8.730773	632.723277	632.708034	456.19195	456.133073	
8.740916	632.723277	632.708034	456.19195	456.1418	
8.75106	632.723277	632.71676	456.19195	456.150527	
8.761295	632.723277	632.71676	456.19195	456.159253	
8.771446	632.723277	632.71676	456.19195	456.16798	
8.781549	632.723277	632.71676	456.19195	456.16798	
8.791667	632.723277	632.71676	456.19195	456.176707	
8.801865	632.723277	632.71676	456.19195	456.176707	
8.811966	632.723277	632.71676	456.19195	456.176707	
8.822066	632.723277	632.71676	456.19195	456.16798	
8.832247	632.723277	632.71676	456.19195	456.16798	
8.842402	632.723277	632.71676	456.19195	456.176707	
8.852534	632.723277	632.71676	456.19195	456.176707	
8.862728	632.723277	632.71676	456.19195	456.176707	
8.872899	632.723277	632.71676	456.19195	456.185433	
8.882986	632.723277	632.71676	456.19195	456.19416	
8.89312	632.723277	632.71676	456.19195	456.19416	
8.90329	632.723277	632.71676	456.19195	456.19416	
8.913453	632.723277	632.71676	456.19195	456.19416	
8.923639	632.723277	632.71676	456.19195	456.19416	
8.933708	632.723277	632.71676	456.19195	456.19416	
8.943901	632.723277	632.71676	456.19195	456.19416	
8.954148	632.723277	632.71676	456.19195	456.19416	
8.964203	632.723277	632.71676	456.19195	456.19416	
8.974369	632.723277	632.71676	456.19195	456.185433	
8.984583	632.723277	632.71676	456.19195	456.185433	
8.994695	632.723277	632.71676	456.19195	456.185433	
9.004841	632.723277	632.71676	456.19195	456.185433	
9.015002	632.723277	632.71676	456.19195	456.185433	
9.025124	632.723277	632.71676	456.19195	456.185433	
9.035334	632.723277	632.71676	456.19195	456.185433	
9.046727	632.723277	632.71676	456.19195	456.185433	
9.055617	632.723277	632.71676	456.19195	456.185433	
9.066491	632.723277	632.71676	456.19195	456.185433	
9.076573	632.723277	632.71676	456.19195	456.185433	
9.08673	632.723277	632.71676	456.19195	456.185433	
9.096915	632.723277	632.71676	456.19195	456.185433	
9.107052	632.723277	632.71676	456.19195	456.185433	
9.117196	632.723277	632.71676	456.19195	456.185433	
9.12734	632.723277	632.71676	456.19195	456.185433	
9.137509	632.723277	632.71676	456.19195	456.185433	
9.147681	632.723277	632.71676	456.19195	456.185433	
9.157843	632.723277	632.71676	456.19195	456.185433	
9.167977	632.723277	632.71676	456.19195	456.185433	
9.178189	632.723277	632.71676	456.19195	456.185433	
9.188254	632.723277	632.71676	456.19195	456.185433	
9.198508	632.723277	632.71676	456.19195	456.185433	
9.208682	632.723277	632.71676	456.19195	456.185433	
9.218783	632.723277	632.71676	456.19195	456.185433	
9.228888	632.723277	632.71676	456.19195	456.185433	
9.239172	632.723277	632.71676	456.19195	456.185433	
9.24924	632.723277	632.71676	456.19195	456.185433	
9.259415	632.723277	632.71676	456.19195	456.185433	
9.269522	632.723277	632.71676	456.19195	456.185433	
9.279651	632.723277	632.71676	456.19195	456.185433	
9.289806	632.723277	632.71676	456.19195	456.185433	
9.300069	632.723277	632.71676	456.19195	456.185433	
9.310188	632.723277	632.71676	456.19195	456.185433	
9.320344	632.723277	632.71676	456.19195	456.185433	
9.330543	632.723277	632.71676	456.19195	456.185433	
9.340616	632.723277	632.71676	456.19195	456.185433	
9.350761	632.723277	632.71676	456.19195	456.185433	
9.360953	632.723277	632.71676	456.19195	456.185433	
9.371081	632.723277	632.71676	456.19195	456.185433	
9.381273	632.723277	632.71676	456.19195	456.185433	
9.391465	632.723277	632.71676	456.19195	456.185433	
9.401809	632.723277	632.71676	456.19195	456.185433	
9.411777	632.723277	632.71676	456.19195	456.185433	
9.421793	632.723277	632.71676	456.19195	456.185433	
9.431936	632.723277	632.71676	456.19195	456.185433	
9.442154	632.723277	632.71676	456.19195	456.185433	
9.452267	632.723277	632.71676	456.19195	456.185433	
9.462409	632.723277	632.71676	456.19195	456.185433	
9.472563	632.723277	632.71676	456.19195	456.185433	
9.482747	632.723277	632.71676	456.19195	456.185433	
9.492831	632.723277	632.71676	456.19195	456.185433	
9.503315	632.723277	632.71676	456.19195	456.185433	
9.513449	632.723277	632.71676	456.19195	456.185433	
9.523658	632.723277	632.71676	456.19195	456.185433	
9.533788	632.723277	632.71676	456.19195	456.185433	
9.543895	632.723277	632.71676	456.19195	456.185433	
9.55417	632.723277	632.71676	456.19195	456.185433	
9.564219	632.723277	632.71676	456.19195	456.185433	
9.574367	632.723277	632.71676	456.19195	456.185433	
9.584578	632.723277	632.71676	456.19195	456.185433	
9.594678	632.723277	632.71676	456.19195	456.185433	
9.604855	632.723277	632.71676	456.19195	456.185433	
9.61503	632.723277	632.71676	456.19195	456.185433	
9.625142	632.723277	632.71676	456.19195	456.185433	
9.635319	632.723277	632.71676	456.19195	456.185433	
9.645466	632.723277	632.71676	456.19195	456.185433	
9.655628	632.723277	632.71676	456.19195	456.185433	
9.665793	632.723277	632.71676	456.19195	456.185433	
9.675928	632.723277	632.71676	456.19195	456.185433	
9.686031	632.723277	632.71676	456.19195	456.185433	
9.69622	632.723277	632.71676	456.19195	456.185433	
9.706439	632.723277	632.71676	456.19195	456.185433	
9.716568	632.723277	632.71676	456.19195	456.185433	
9.726668	632.723277	632.71676	456.19195	456.185433	
9.736875	632.723277	632.71676	456.19195	456.185433	
9.74699	632.723277	632.71676	456.19195	456.185433	
9.757103	632.723277	632.71676	456.19195	456.185433	
9.767324	632.723277	632.71676	456.19195	456.185433	
9.777459	632.723277	632.71676	456.19195	456.185433	
9.7877	632.723277	632.71676	456.19195	456.185433	
9.797806	632.723277	632.71676	456.19195	456.185433	
9.807919	632.723277	632.71676	456.19195	456.185433	
9.818203	632.723277	632.71676	456.19195	456.185433	
9.828228	632.723277	632.71676	456.19195	456.185433	
9.838396	632.723277	632.71676	456.19195	456.185433	
9.848578	632.723277	632.71676	456.19195	456.185433	
9.858712	632.723277	632.71676	456.19195	456.185433	
9.868866	632.723277	632.71676	456.19195	456.185433	
9.87901	632.723277	632.71676	456.19195	456.185433	
9.889162	632.723277	632.71676	456.19195	456.185433	
9.899312	632.723277	632.71676	456.19195	456.185433	
9.909463	632.723277	632.71676	456.19195	456.185433	
9.919609	632.723277	632.71676	456.19195	456.185433	
9.9298	632.723277	632.71676	456.19195	456.185433	
9.939913	632.723277	632.71676	456.19195	456.185433	
9.95005	632.723277	632.71676	456.19195	456.185433	
9.960142	632.723277	632.71676	456.19195	456.185433	
9.970366	632.723277	632.71676	456.19195	456.185433	
9.980475	632.723277	632.71676	456.19195	456.185433	
9.990603	632.723277	632.71676	456.19195	456.185433	
10.00079	632.723277	632.71676	456.19195	456.185433	
10.01091	632.723277	632.71676	456.19195	456.185433	
10.02102	632.723277	632.71676	456.19195	456.185433	
10.03318	632.723277	632.71676	456.19195	456.185433	
