15.04789	514.520039	514.514337	337.901445	337.895743	
15.05795	514.521701	514.514337	337.903108	337.895743	
15.06809	514.523997	514.514337	337.905403	337.895743	
15.07827	514.526925	514.514337	337.908331	337.895743	
15.08838	514.530439	514.514337	337.911845	337.90447	
15.09861	514.534634	514.514337	337.91604	337.90447	
15.10874	514.539395	514.523063	337.920802	337.913196	
15.11889	514.544785	514.523063	337.926191	337.913196	
15.12905	514.550801	514.523063	337.932208	337.913196	
15.13917	514.55741	514.53179	337.938816	337.921923	
15.14941	514.564724	514.540517	337.94613	337.93065	
15.15954	514.57258	514.549243	337.953987	337.93065	
15.16964	514.581018	514.55797	337.962424	337.939376	
15.17988	514.590198	514.575423	337.971605	337.948103	
15.18997	514.59986	514.58415	337.981266	337.95683	
15.20016	514.610253	514.592877	337.99166	337.965556	
15.21034	514.62124	514.61033	338.002647	337.98301	
15.22048	514.632804	514.627783	338.014211	337.98301	
15.23853	514.655779	514.645237	338.037185	338.017916	
15.24305	514.66148	514.653963	338.042886	338.017916	
15.25341	514.675348	514.671416	338.056755	338.03537	
15.26344	514.689364	514.68887	338.07077	338.052823	
15.27356	514.704131	514.706323	338.085538	338.061549	
15.28372	514.719575	514.723776	338.100981	338.079003	
15.29386	514.73561	514.74123	338.117017	338.105183	
15.30399	514.752241	514.76741	338.133647	338.122636	
15.31489	514.770877	514.776136	338.152284	338.140089	
15.32426	514.787367	514.802316	338.168774	338.157543	
15.3344	514.80587	514.819769	338.187276	338.183723	
15.34456	514.82502	514.837223	338.206426	338.209902	
15.36268	514.861674	514.854676	338.24308	338.244809	
15.36726	514.870762	514.880856	338.252169	338.262262	
15.37914	514.895704	514.907036	338.277111	338.288442	
15.38932	514.917617	514.933216	338.299023	338.314622	
15.3994	514.939939	514.950669	338.321345	338.340802	
15.40955	514.963043	514.976849	338.344449	338.366982	
15.41977	514.986917	515.003029	338.368323	338.393162	
15.42989	515.011153	515.029209	338.392559	338.419342	
15.44006	515.036186	515.046662	338.417592	338.445522	
15.45017	515.061634	515.081569	338.443041	338.471702	
15.46038	515.087966	515.099022	338.469372	338.497882	
15.47059	515.114944	515.133929	338.49635	338.524062	
15.4807	515.142254	515.151382	338.523661	338.550242	
15.49083	515.170249	515.186289	338.551655	338.576422	
15.50101	515.198985	515.212469	338.580392	338.602602	
15.51115	515.228248	515.238648	338.609654	338.628781	
15.5213	515.258133	515.264828	338.63954	338.663688	
15.53142	515.288572	515.291008	338.669978	338.681141	
15.54163	515.319887	515.325915	338.701294	338.716048	
15.55173	515.351477	515.360822	338.732884	338.742228	
15.56191	515.383958	515.387001	338.765364	338.768408	
15.57206	515.416964	515.421908	338.79837	338.803314	
15.58223	515.450602	515.456815	338.832009	338.838221	
15.59237	515.484805	515.491721	338.866211	338.864401	
15.60251	515.519614	515.526628	338.90102	338.899308	
15.6127	515.555244	515.561534	338.93665	338.934214	
15.62288	515.591389	515.596441	338.972795	338.969121	
15.63297	515.627909	515.631348	339.009315	339.004027	
15.64312	515.665196	515.674981	339.046602	339.04766	
15.6534	515.703632	515.709887	339.085038	339.082567	
15.66384	515.743365	515.744794	339.124771	339.117474	
15.67358	515.780939	515.788427	339.162345	339.161107	
15.6837	515.820605	515.83206	339.202011	339.20474	
15.69387	515.861052	515.875694	339.242458	339.248373	
15.704	515.901991	515.919327	339.283397	339.292007	
15.71413	515.943541	515.954233	339.324947	339.33564	
15.72429	515.985876	516.006593	339.367282	339.379273	
15.73444	516.028759	516.050227	339.410165	339.422906	
15.74458	516.07222	516.09386	339.453626	339.46654	
15.76265	516.152044	516.128766	339.533451	339.553806	
15.76721	516.172097	516.189853	339.553503	339.571259	
15.77769	516.219167	516.233486	339.600574	339.623619	
15.78755	516.263908	516.285846	339.645315	339.667252	
15.79772	516.310742	516.338206	339.692149	339.710886	
15.80787	516.35805	516.381839	339.739456	339.763245	
15.81799	516.405878	516.425472	339.787285	339.806879	
15.8282	516.45475	516.477832	339.836157	339.850512	
15.83833	516.503882	516.521465	339.885289	339.902872	
15.84849	516.553745	516.573825	339.935152	339.955232	
15.85867	516.604339	516.617459	339.985745	340.007592	
15.8688	516.655304	516.669818	340.03671	340.051225	
15.87898	516.707127	516.722178	340.088534	340.103585	
15.8891	516.759305	516.774538	340.140712	340.147218	
15.89927	516.8123	516.826898	340.193707	340.199578	
15.90949	516.866194	516.879258	340.247601	340.251938	
15.9196	516.92015	516.931618	340.301556	340.304298	
15.92974	516.974868	516.983978	340.356274	340.356657	
15.93994	517.030541	517.036338	340.411947	340.417744	
15.95007	517.086445	517.097424	340.467852	340.470104	
15.96059	517.145218	517.149784	340.526625	340.53119	
15.97037	517.200304	517.210871	340.581711	340.58355	
15.98057	517.258476	517.271957	340.639882	340.644637	
15.99083	517.317605	517.324317	340.699012	340.705723	
16.00091	517.376296	517.385403	340.757702	340.76681	
16.01107	517.436056	517.44649	340.817463	340.827896	
16.0213	517.496894	517.507577	340.8783	340.888983	
16.03134	517.557214	517.568663	340.93862	340.950069	
16.04154	517.619069	517.62975	341.000475	341.011156	
16.05168	517.681217	517.699563	341.062624	341.072242	
16.06186	517.744228	517.760649	341.125635	341.142056	
16.07199	517.80755	517.821736	341.188957	341.203142	
16.08211	517.871411	517.882822	341.252818	341.264229	
16.09246	517.937348	517.952635	341.318754	341.334042	
16.10249	518.001865	518.013722	341.383271	341.403855	
16.1126	518.067532	518.083535	341.448938	341.464942	
16.12275	518.134264	518.153348	341.51567	341.526028	
16.13287	518.201001	518.223162	341.582407	341.595841	
16.14307	518.269046	518.284248	341.650452	341.665654	
16.1532	518.337318	518.354061	341.718725	341.735468	
16.1634	518.406661	518.423874	341.788068	341.805281	
16.17352	518.47608	518.493688	341.857486	341.875094	
16.18391	518.548041	518.563501	341.929447	341.944907	
16.19378	518.616881	518.633314	341.998287	342.01472	
16.204	518.6889	518.703127	342.070306	342.084533	
16.21411	518.760648	518.781667	342.142054	342.154347	
16.22426	518.833356	518.85148	342.214762	342.22416	
16.23437	518.906411	518.921293	342.287817	342.293973	
16.24454	518.980493	518.991106	342.361899	342.372513	
16.25485	519.056326	519.06092	342.437733	342.451053	
16.26487	519.130482	519.139459	342.511888	342.520866	
16.27504	519.206394	519.217999	342.587801	342.599406	
16.28517	519.282714	519.296539	342.66412	342.677945	
16.29555	519.361471	519.366352	342.742877	342.747759	
16.30547	519.43742	519.444892	342.818826	342.835025	
16.31633	519.521214	519.523432	342.90262	342.913565	
16.3258	519.59477	519.601972	342.976176	342.992105	
16.33591	519.673963	519.689238	343.055369	343.061918	
16.34606	519.754136	519.767778	343.135543	343.149184	
16.35637	519.83616	519.846318	343.217566	343.227724	
16.36636	519.916186	519.933584	343.297593	343.306264	
16.37656	519.998567	520.012124	343.379973	343.39353	
16.38671	520.081209	520.09939	343.462615	343.480797	
16.39687	520.16457	520.17793	343.545976	343.559337	
16.407	520.248233	520.265197	343.629639	343.637876	
16.41718	520.332832	520.352463	343.714238	343.725143	
16.42733	520.417923	520.431003	343.79933	343.812409	
16.43755	520.504265	520.526996	343.885671	343.899676	
16.44765	520.590117	520.605536	343.971523	343.986942	
16.4578	520.67703	520.692802	344.058436	344.074209	
16.46803	520.765337	520.771342	344.146744	344.161475	
16.47815	520.853202	520.867335	344.234608	344.248742	
16.48828	520.94184	520.954602	344.323246	344.336008	
16.49845	521.031405	521.050595	344.412812	344.423275	
16.50862	521.1216	521.129135	344.503006	344.510541	
16.51888	521.213318	521.225128	344.594724	344.597808	
16.52895	521.303787	521.312394	344.685194	344.693801	
16.53913	521.396008	521.408387	344.777414	344.781067	
16.54934	521.489016	521.50438	344.870423	344.87706	
16.55948	521.582038	521.591647	344.963444	344.964327	
16.56957	521.67522	521.678913	345.056626	345.069046	
16.57977	521.770064	521.783633	345.15147	345.156313	
16.58993	521.865145	521.8709	345.246551	345.252306	
16.60003	521.960255	521.966893	345.341662	345.348299	
16.61024	522.056983	522.062886	345.438389	345.453019	
16.62044	522.154355	522.167606	345.535761	345.549012	
16.63059	522.251779	522.263599	345.633186	345.645005	
16.64074	522.349802	522.359592	345.731209	345.749725	
16.65088	522.448463	522.464312	345.829869	345.845718	
16.66104	522.547839	522.569031	345.929246	345.941711	
16.67121	522.648004	522.665024	346.02941	346.046431	
16.68133	522.74822	522.761018	346.129626	346.142424	
16.69151	522.849774	522.865737	346.23118	346.247144	
16.70171	522.951961	522.970457	346.333367	346.351863	
16.71179	523.053682	523.075177	346.435088	346.447857	
16.72214	523.15926	523.179897	346.540666	346.552576	
16.73212	523.260633	523.284616	346.64204	346.657296	
16.74229	523.365075	523.380609	346.746481	346.762016	
16.75244	523.470012	523.494056	346.851418	346.866736	
16.76258	523.575389	523.590049	346.956795	346.971455	
16.77269	523.681046	523.694769	347.062452	347.076175	
16.78288	523.788185	523.808215	347.169592	347.180895	
16.79317	523.900515	523.912935	347.281921	347.285615	
16.80323	524.004003	524.017655	347.385409	347.399061	
16.81348	524.113753	524.122374	347.49516	347.503781	
16.82359	524.222529	524.227094	347.603936	347.6085	
16.83367	524.331919	524.340541	347.713325	347.721947	
16.84384	524.442185	524.44526	347.823591	347.826667	
16.85396	524.55289	524.54998	347.934296	347.931386	
16.86423	524.665985	524.663426	348.047391	348.044833	
16.87427	524.776992	524.776873	348.158398	348.158279	
16.8844	524.889758	524.890319	348.271164	348.271726	
16.89456	525.003355	524.995039	348.384761	348.385172	
16.90475	525.117945	525.117212	348.499351	348.498618	
16.9153	525.237331	525.230658	348.618737	348.620791	
16.92507	525.348376	525.344105	348.729782	348.734238	
16.93517	525.463748	525.457551	348.845155	348.847684	
16.94532	525.580323	525.588451	348.961729	348.961131	
16.95545	525.697398	525.701897	349.078805	349.083304	
16.96558	525.814962	525.82407	349.196368	349.205477	
16.97577	525.933916	525.946243	349.315323	349.32765	
16.9859	526.052797	526.068416	349.434203	349.449823	
16.9961	526.173137	526.19059	349.554543	349.571996	
17.01409	526.387599	526.408756	349.769005	349.790162	
17.01861	526.441491	526.461116	349.822898	349.851249	
17.02876	526.563157	526.592015	349.944564	349.973422	
17.039	526.686133	526.714188	350.06754	350.095595	
17.04913	526.807561	526.845088	350.188968	350.217768	
17.0593	526.929649	526.967261	350.311056	350.339941	
17.06948	527.051785	527.089434	350.433192	350.462114	
17.07962	527.173537	527.211607	350.554944	350.584287	
17.08979	527.295997	527.33378	350.677404	350.70646	
17.09999	527.417953	527.455953	350.79936	350.828633	
17.11011	527.539393	527.578126	350.9208	350.950806	
17.12022	527.660749	527.709026	351.042156	351.072979	
17.13042	527.783053	527.822472	351.16446	351.195152	
17.1406	527.905261	527.944645	351.286668	351.317325	
17.15867	528.122089	528.162812	351.503496	351.544218	
17.1632	528.176557	528.215171	351.557964	351.596578	
17.17349	528.300001	528.337345	351.681408	351.718751	
17.18385	528.424273	528.459518	351.80568	351.840924	
17.19365	528.541825	528.581691	351.923232	351.95437	
17.2038	528.663673	528.695137	352.04508	352.076543	
17.21394	528.785377	528.81731	352.166784	352.198716	
17.22407	528.906961	528.939483	352.288368	352.312163	
17.23423	529.028809	529.05293	352.410216	352.434336	
17.24439	529.150813	529.175103	352.53222	352.556509	
17.26373	529.382845	529.401995	352.764252	352.783402	
17.26825	529.437085	529.454355	352.818492	352.835762	
17.2784	529.558897	529.576528	352.940304	352.957935	
17.28859	529.681117	529.698701	353.062524	353.080108	
17.29877	529.803289	529.820874	353.184696	353.202281	
17.30893	529.925185	529.934321	353.306592	353.324454	
17.31935	530.050357	530.06522	353.431764	353.446627	
17.32963	530.173693	530.187394	353.5551	353.5688	
17.33976	530.295241	530.309567	353.676648	353.690973	
17.34994	530.417377	530.43174	353.798784	353.813146	
17.3601	530.539237	530.553913	353.920644	353.935319	
17.3702	530.660533	530.684812	354.04194	354.057492	
17.38039	530.782789	530.798259	354.164196	354.179665	
17.39056	530.904865	530.929158	354.286272	354.301838	
17.40071	531.026653	531.051332	354.40806	354.424011	
17.41089	531.148717	531.173505	354.530124	354.546184	
17.42105	531.270613	531.295678	354.65202	354.668357	
17.43118	531.392197	531.417851	354.773604	354.799257	
17.44132	531.514009	531.540024	354.895416	354.92143	
17.45151	531.636205	531.662197	355.017612	355.043603	
17.46165	531.757921	531.78437	355.139328	355.165776	
17.47183	531.880117	531.906543	355.261524	355.296676	
17.48202	532.002361	532.028716	355.383768	355.418849	
17.49215	532.126513	532.150889	355.50792	355.541022	
17.50234	532.246237	532.273062	355.627644	355.654468	
17.51249	532.367893	532.395235	355.7493	355.776641	
17.52262	532.489573	532.508681	355.87098	355.898814	
17.53272	532.610785	532.630854	355.992192	356.020987	
17.54294	532.733485	532.753028	356.114892	356.134434	
17.55308	532.855189	532.875201	356.236596	356.256607	
17.56325	532.977097	532.988647	356.358504	356.37878	
17.57349	533.100001	533.119547	356.481408	356.500953	
17.5836	533.221321	533.232993	356.602728	356.614399	
17.59366	533.341969	533.355166	356.723376	356.736572	
17.60411	533.467453	533.477339	356.84886	356.858746	
17.61398	533.585857	533.599512	356.967264	356.972192	
17.62412	533.707477	533.721685	357.088884	357.094365	
17.63426	533.829145	533.843858	357.210552	357.216538	
17.6444	533.950837	533.966031	357.332244	357.338711	
17.65456	534.072805	534.088204	357.454212	357.460884	
17.67262	534.289597	534.210377	357.671004	357.67905	
17.67715	534.343825	534.35873	357.725232	357.73141	
17.68732	534.465901	534.480903	357.847308	357.853583	
17.69749	534.587965	534.603077	357.969372	357.975756	
17.70764	534.709825	534.733976	358.091232	358.097929	
17.71783	534.831985	534.856149	358.213392	358.228829	
17.72795	534.953509	534.978322	358.334916	358.351002	
17.73811	535.075441	535.109222	358.456848	358.473175	
17.74831	535.197793	535.231395	358.5792	358.595348	
17.75845	535.319473	535.353568	358.70088	358.717521	
17.76861	535.441417	535.467015	358.822824	358.839694	
17.77873	535.563277	535.597914	358.944684	358.961867	
17.78892	535.685101	535.711361	359.066508	359.08404	
17.79905	535.806601	535.833534	359.188008	359.206213	
17.80924	535.928989	535.955707	359.310396	359.328386	
17.8194	536.050885	536.07788	359.432292	359.450559	
17.82962	536.173549	536.191326	359.554956	359.572732	
17.83972	536.294665	536.313499	359.676072	359.694906	
17.84983	536.415961	536.435672	359.797368	359.817079	
17.86006	536.538865	536.549119	359.920272	359.939252	
17.87038	536.662705	536.662565	360.044112	360.061425	
17.88033	536.782009	536.784738	360.163416	360.174871	
17.89047	536.903761	536.906911	360.285168	360.297044	
17.90065	537.025801	537.029084	360.407208	360.410491	
17.9109	537.148849	537.142531	360.530256	360.532664	
17.92095	537.269521	537.264704	360.650928	360.654837	
17.93112	537.391585	537.386877	360.772992	360.77701	
17.94132	537.513925	537.50905	360.895332	360.899183	
17.95143	537.635245	537.631223	361.016652	361.021356	
17.9616	537.757273	537.762122	361.13868	361.143529	
17.97194	537.881377	537.884296	361.262784	361.265702	
17.98209	538.003165	538.015195	361.384572	361.387875	
17.99225	538.125133	538.137368	361.50654	361.510048	
18.00239	538.246789	538.259541	361.628196	361.632221	
18.01255	538.368685	538.381714	361.750092	361.763121	
18.02269	538.490353	538.503887	361.87176	361.885294	
18.0328	538.611625	538.634787	361.993032	362.007467	
18.04298	538.733785	538.748234	362.115192	362.12964	
18.05315	538.855909	538.879133	362.237316	362.251813	
18.06327	538.977265	539.001306	362.358672	362.373986	
18.07343	539.099257	539.123479	362.480664	362.496159	
18.0836	539.221321	539.236926	362.602728	362.627059	
18.09378	539.343397	539.367825	362.724804	362.749232	
18.10389	539.464729	539.481272	362.846136	362.862678	
18.11402	539.586313	539.603445	362.96772	362.984851	
18.12422	539.708677	539.725618	363.090084	363.107024	
18.13432	539.829937	539.847791	363.211344	363.220471	
18.14448	539.951761	539.969964	363.333168	363.342644	
18.15468	540.074269	540.08341	363.455676	363.464817	
18.16482	540.195865	540.205583	363.577272	363.58699	
18.17499	540.317989	540.31903	363.699396	363.709163	
18.18517	540.440173	540.441203	363.82158	363.822609	
18.19531	540.561733	540.563376	363.94314	363.944782	
18.20552	540.684289	540.685549	364.065696	364.066955	
18.21556	540.804793	540.807722	364.1862	364.189128	
18.22576	540.927277	540.921168	364.308684	364.302575	
18.23588	541.048633	541.052068	364.43004	364.424748	
18.24603	541.170433	541.174241	364.55184	364.546921	
18.26546	541.403593	541.401134	364.785	364.791267	
18.26999	541.457905	541.453494	364.839312	364.843627	
18.28014	541.579765	541.575667	364.961172	364.9658	
18.29031	541.701829	541.706567	365.083236	365.087973	
18.30049	541.823917	541.82874	365.205324	365.210146	
18.31065	541.945897	541.950913	365.327304	365.332319	
18.32106	542.070757	542.073086	365.452164	365.454492	
18.33117	542.192077	542.203985	365.573484	365.576665	
18.34132	542.313973	542.326158	365.69538	365.698838	
18.35144	542.435293	542.448332	365.8167	365.821011	
18.36162	542.556586	542.570505	365.937993	365.951911	
18.37173	542.676391	542.692678	366.057797	366.074084	
18.38207	542.798206	542.814851	366.179613	366.196257	
18.40041	543.012071	543.041743	366.393478	366.414423	
18.40506	543.066228	543.094103	366.447634	366.466783	
18.41513	543.183002	543.216276	366.564408	366.588956	
18.42534	543.30067	543.329723	366.682077	366.711129	
18.43565	543.419015	543.451896	366.800421	366.833302	
18.44563	543.532753	543.565342	366.914159	366.955475	
18.45574	543.647476	543.678789	367.028882	367.060195	
18.46587	543.761892	543.792235	367.143298	367.182368	
18.47608	543.876532	543.905681	367.257938	367.295814	
18.49456	544.081521	544.115121	367.462927	367.496527	
18.49914	544.132289	544.158754	367.513695	367.548887	
18.50936	544.244973	544.272201	367.626379	367.653607	
18.51945	544.355729	544.37692	367.737136	367.758327	
18.52957	544.466128	544.490367	367.847535	367.863046	
18.53976	544.576628	544.58636	367.958034	367.967766	
18.5499	544.68606	544.69108	368.067467	368.072486	
18.56009	544.79538	544.804526	368.176787	368.177206	
18.57019	544.903141	544.909246	368.284547	368.281925	
18.5804	545.011441	545.013966	368.392847	368.395372	
18.59055	545.118472	545.118685	368.499879	368.500092	
18.60069	545.224776	545.223405	368.606183	368.604811	
18.61088	545.331017	545.328125	368.712423	368.709531	
18.62102	545.436064	545.432845	368.81747	368.822978	
18.63117	545.540684	545.537564	368.92209	368.927697	
18.64132	545.64461	545.642284	369.026016	369.032417	
18.65148	545.748065	545.75573	369.129471	369.137137	
18.66169	545.851478	545.851724	369.232884	369.241857	
18.67179	545.953133	545.956443	369.33454	369.346576	
18.6819	546.054212	546.061163	369.435618	369.451296	
18.69213	546.155925	546.165883	369.537331	369.547289	
18.70229	546.256418	546.270603	369.637824	369.652009	
18.71243	546.355897	546.375322	369.737303	369.748002	
18.72257	546.454902	546.480042	369.836308	369.852722	
18.73272	546.553343	546.576035	369.93475	369.957442	
18.75108	546.728975	546.750568	370.110382	370.131974	
18.75565	546.77277	546.794201	370.154176	370.175608	
18.76579	546.869188	546.890194	370.250594	370.271601	
18.7759	546.964677	546.986188	370.346083	370.367594	
18.78603	547.059716	547.082181	370.441123	370.463587	
18.80653	547.249047	547.26544	370.630454	370.646847	
18.81112	547.291391	547.309073	370.672797	370.69048	
18.82134	547.385157	547.405067	370.766563	370.777746	
18.83143	547.477174	547.492333	370.858581	370.865013	
18.84158	547.569071	547.5796	370.950477	370.961006	
18.8517	547.660044	547.666866	371.041451	371.048272	
18.86191	547.751259	547.762859	371.132666	371.144265	
18.87206	547.841346	547.850126	371.222752	371.231532	
18.88224	547.93103	547.928665	371.312437	371.318798	
18.89239	548.019857	548.015932	371.401264	371.406065	
18.90262	548.109449	548.103198	371.490856	371.493331	
18.91294	548.197856	548.190465	371.579262	371.580598	
18.92281	548.282739	548.277731	371.664145	371.659138	
18.93297	548.368877	548.364998	371.750283	371.746404	
18.94314	548.4549	548.452264	371.836307	371.83367	
18.95323	548.539587	548.539531	371.920994	371.91221	
18.96343	548.624503	548.61807	372.005909	371.999477	
18.97367	548.709252	548.705337	372.090658	372.086743	
18.98369	548.791494	548.783877	372.172901	372.17401	
18.99381	548.874005	548.871143	372.255411	372.261276	
19.00415	548.95758	548.95841	372.338986	372.339816	
19.01414	549.037767	549.045676	372.419173	372.418356	
19.0243	549.118813	549.124216	372.50022	372.505622	
19.03444	549.199036	549.202756	372.580442	372.584162	
19.0446	549.27875	549.290022	372.660156	372.671429	
19.05479	549.358122	549.368562	372.739528	372.749968	
19.0653	549.4393	549.447102	372.820706	372.828508	
19.07505	549.514103	549.525642	372.895509	372.907048	
19.08518	549.591179	549.604181	372.972585	372.976861	
19.09533	549.667841	549.673995	373.049248	373.064128	
19.10545	549.743634	549.752534	373.125041	373.133941	
19.11564	549.819357	549.831074	373.200763	373.212481	
19.12586	549.894631	549.900887	373.276038	373.282294	
19.13594	549.968285	549.979427	373.349691	373.360834	
19.1461	550.041946	550.04924	373.423352	373.430647	
19.15627	550.11501	550.119054	373.496417	373.50046	
19.16679	550.189968	550.188867	373.571374	373.579	
19.17685	550.261105	550.25868	373.642511	373.648813	
19.18703	550.332418	550.328493	373.713824	373.718626	
19.19719	550.403028	550.398306	373.784435	373.779713	
19.20728	550.472484	550.468119	373.853891	373.849526	
19.21748	550.542134	550.537933	373.92354	373.919339	
19.23575	550.66447	550.651379	374.045876	374.041512	
19.24032	550.695052	550.686286	374.076459	374.076419	
19.25046	550.762331	550.756099	374.143737	374.146232	
19.26064	550.829267	550.825912	374.210673	374.207318	
19.2708	550.895392	550.886998	374.276798	374.277131	
19.28092	550.960653	550.956812	374.342059	374.338218	
19.2911	551.025745	551.017898	374.407151	374.408031	
19.30128	551.090181	551.087711	374.471587	374.469118	
19.31142	551.153771	551.148798	374.535177	374.530204	
19.32261	551.223667	551.218611	374.605074	374.600017	
19.33256	551.284378	551.279698	374.665784	374.669831	
19.34252	551.345017	551.340784	374.726423	374.730917	
19.35267	551.406205	551.401871	374.787612	374.792004	
19.36291	551.467286	551.471684	374.848693	374.85309	
19.37298	551.52683	551.524044	374.908237	374.914177	
19.38316	551.586392	551.593857	374.967799	374.975263	
19.3934	551.645611	551.646217	375.027018	375.03635	
19.40349	551.703441	551.707303	375.084847	375.08871	
19.41366	551.761106	551.759663	375.142512	375.149796	
19.42377	551.81778	551.82075	375.199187	375.202156	
19.4339	551.874007	551.873109	375.255413	375.263242	
19.44416	551.930364	551.934196	375.31177	375.315602	
19.45424	551.985086	551.986556	375.366492	375.367962	
19.46445	552.039918	552.038916	375.421325	375.420322	
19.47455	552.093537	552.091276	375.474943	375.472682	
19.48477	552.147217	552.143636	375.528624	375.525042	
19.4949	552.199798	552.195995	375.581205	375.577402	
19.50504	552.251857	552.248355	375.633264	375.621035	
19.51515	552.303102	552.300715	375.684508	375.673395	
19.52526	552.353811	552.344348	375.735218	375.717028	
19.53544	552.404197	552.396708	375.785603	375.769388	
19.54559	552.453889	552.449068	375.835295	375.821748	
19.55576	552.503066	552.492701	375.884472	375.874108	
19.56586	552.551284	552.536335	375.93269	375.917741	
19.57602	552.59914	552.588694	375.980546	375.970101	
19.59452	552.683927	552.675961	376.065333	376.057367	
19.59916	552.705231	552.693414	376.086637	376.083547	
19.60932	552.751147	552.745774	376.132553	376.12718	
19.61948	552.79648	552.789407	376.177887	376.170814	
19.62965	552.841244	552.833041	376.22265	376.223174	
19.6398	552.885291	552.8854	376.266698	376.266807	
19.64998	552.929043	552.920307	376.310449	376.31044	
19.66018	552.971953	552.972667	376.353359	376.3628	
19.67031	553.014108	553.007573	376.395514	376.406433	
19.68041	553.055572	553.059933	376.436979	376.450066	
19.69055	553.096595	553.09484	376.478001	376.484973	
19.7008	553.137434	553.138473	376.518841	376.528606	
19.71103	553.177576	553.182106	376.558983	376.572239	
19.72111	553.216584	553.217013	376.59799	376.607146	
19.73125	553.25518	553.260646	376.636587	376.642053	
19.74144	553.293354	553.295553	376.67476	376.676959	
19.75158	553.330794	553.339186	376.7122	376.720592	
19.76173	553.36762	553.374093	376.749027	376.755499	
19.7746	553.41329	553.408999	376.794697	376.799132	
19.78541	553.451035	553.443906	376.832441	376.834039	
19.79486	553.483652	553.487539	376.865058	376.868945	
19.80497	553.517668	553.513719	376.899075	376.903852	
19.81515	553.551446	553.557352	376.932852	376.938759	
19.82525	553.584411	553.583532	376.965817	376.973665	
19.8354	553.616893	553.618439	376.9983	376.999845	
19.84562	553.649018	553.653345	377.030424	377.034752	
19.85572	553.680179	553.688252	377.061585	377.060932	
19.86599	553.711246	553.723158	377.092653	377.095838	
19.87605	553.741106	553.749338	377.122512	377.130745	
19.88625	553.770779	553.784245	377.152185	377.156925	
19.89635	553.799569	553.810425	377.180976	377.183105	
19.90651	553.827937	553.836605	377.209343	377.218011	
19.91668	553.855707	553.871511	377.237114	377.244191	
19.92688	553.883	553.897691	377.264407	377.270371	
19.93701	553.909497	553.932598	377.290904	377.305278	
19.94717	553.935485	553.958778	377.316891	377.331458	
19.95736	553.960948	553.984958	377.342354	377.357638	
19.96747	553.985637	554.002411	377.367043	377.383818	
19.97767	554.00995	554.028591	377.391356	377.409997	
19.98783	554.033563	554.054771	377.414969	377.436177	
19.998	554.056628	554.072224	377.438035	377.462357	
20.00815	554.07904	554.080951	377.460446	377.479811	
20.01831	554.10088	554.089678	377.482286	377.497264	
20.02845	554.122126	554.107131	377.503532	377.505991	
20.03861	554.142801	554.124584	377.524208	377.514717	
