0.03396615	1491.16568	1491.16568	557.702509	557.702509	
0.03875703	1491.16589	1491.16568	557.702715	557.702509	
0.04886477	1491.16709	1491.16568	557.703924	557.702509	
0.05914251	1491.16896	1491.16568	557.705794	557.702509	
0.06930326	1491.17143	1491.16568	557.708257	557.702509	
0.079444	1491.1745	1491.17441	557.711333	557.702509	
0.08952275	1491.17818	1491.17441	557.715009	557.702509	
0.09969049	1491.18248	1491.17441	557.719313	557.702509	
0.1101742	1491.18761	1491.17441	557.724439	557.702509	
0.119966	1491.19295	1491.18313	557.729776	557.711236	
0.1301697	1491.19915	1491.18313	557.735979	557.711236	
0.1404605	1491.20604	1491.19186	557.742872	557.719962	
0.1506652	1491.2135	1491.19186	557.750332	557.719962	
0.160583	1491.22133	1491.20059	557.758155	557.728689	
0.1707547	1491.22998	1491.20931	557.766813	557.737416	
0.1808834	1491.23922	1491.21804	557.776048	557.737416	
0.1909972	1491.24905	1491.22677	557.785884	557.754869	
0.2011519	1491.25955	1491.22677	557.796383	557.763596	
0.2113097	1491.27067	1491.24422	557.807497	557.772322	
0.2216194	1491.2826	1491.25295	557.819426	557.781049	
0.2316712	1491.29482	1491.26167	557.831652	557.798502	
0.2417979	1491.30776	1491.27913	557.844586	557.807229	
0.2519837	1491.32139	1491.28785	557.858216	557.824682	
0.2620954	1491.33554	1491.30531	557.872366	557.842136	
0.2722161	1491.35031	1491.32276	557.88714	557.859589	
0.2823499	1491.36572	1491.33149	557.90255	557.877042	
0.2925516	1491.38187	1491.35767	557.918696	557.894495	
0.3027144	1491.39856	1491.36639	557.935389	557.911949	
0.3129131	1491.41594	1491.39257	557.952772	557.938129	
0.3232249	1491.43416	1491.41003	557.970988	557.964309	
0.3333216	1491.4526	1491.43621	557.989429	557.981762	
0.3435394	1491.47189	1491.46239	558.008721	558.007942	
0.3536791	1491.49165	1491.47984	558.028478	558.034122	
0.3638618	1491.51211	1491.50602	558.048939	558.060302	
0.3740306	1491.53317	1491.5322	558.070001	558.086482	
0.3841513	1491.55474	1491.55838	558.091567	558.103935	
0.3943281	1491.57706	1491.58456	558.113886	558.138841	
0.4044918	1491.59995	1491.61074	558.136784	558.156295	
0.4146336	1491.62343	1491.64565	558.160256	558.182475	
0.4247873	1491.64755	1491.67183	558.184375	558.208655	
0.4350031	1491.67245	1491.69801	558.20928	558.234835	
0.4451348	1491.69774	1491.71546	558.23457	558.261015	
0.4552685	1491.72366	1491.75036	558.260492	558.287194	
0.4671832	1491.75509	1491.77654	558.291918	558.313374	
0.475557	1491.77747	1491.80272	558.314299	558.339554	
0.4857078	1491.80528	1491.8289	558.342107	558.365734	
0.4958385	1491.83366	1491.85508	558.37049	558.391914	
0.5060293	1491.86284	1491.88126	558.399666	558.418094	
0.516229	1491.89266	1491.91617	558.429492	558.444274	
0.5263528	1491.92288	1491.94235	558.459705	558.470454	
0.5364555	1491.95365	1491.96853	558.490477	558.496634	
0.5467432	1491.98562	1491.99471	558.522446	558.522814	
0.556829	1492.01756	1492.02962	558.554392	558.557721	
0.5669737	1492.0503	1492.0558	558.587132	558.5839	
0.5771145	1492.08366	1492.0907	558.620491	558.61008	
0.5872852	1492.11773	1492.11688	558.654564	558.644987	
0.597504	1492.1526	1492.15179	558.689426	558.679894	
0.6075937	1492.18764	1492.17797	558.724465	558.7148	
0.6177405	1492.22347	1492.21288	558.760304	558.749707	
0.6279552	1492.2602	1492.24778	558.797033	558.784613	
0.6380579	1492.29711	1492.28269	558.833942	558.81952	
0.6484067	1492.33561	1492.3176	558.872435	558.863153	
0.6583594	1492.37318	1492.36123	558.910011	558.906786	
0.6685372	1492.41224	1492.40486	558.94907	558.941693	
0.6786999	1492.45188	1492.4485	558.988705	558.985326	
0.6888687	1492.49214	1492.4834	559.028965	559.028959	
0.6990554	1492.53309	1492.53576	559.069915	559.072593	
0.7091752	1492.57439	1492.57067	559.11122	559.116226	
0.7193099	1492.61637	1492.62303	559.153199	559.168586	
0.7294666	1492.65921	1492.66666	559.196039	559.203492	
0.7396214	1492.70237	1492.7103	559.239198	559.255852	
0.7499551	1492.74711	1492.76266	559.283938	559.299485	
0.7599599	1492.79098	1492.80629	559.32781	559.343119	
0.7701436	1492.83626	1492.85865	559.373086	559.395479	
0.7802934	1492.88201	1492.90228	559.418841	559.439112	
0.7903731	1492.92807	1492.95464	559.464902	559.482745	
0.8005309	1492.97509	1492.99828	559.511918	559.535105	
0.8107146	1493.02288	1493.04191	559.559705	559.578738	
0.8208343	1493.07095	1493.09427	559.60778	559.622371	
0.8310141	1493.11997	1493.14663	559.656799	559.666005	
0.8411258	1493.16923	1493.19026	559.706062	559.709638	
0.8512676	1493.21926	1493.24262	559.75609	559.761998	
0.8615653	1493.27073	1493.28625	559.807558	559.805631	
0.873456	1493.33105	1493.34734	559.867881	559.866717	
0.8835578	1493.38283	1493.3997	559.919656	559.910351	
0.8937375	1493.43566	1493.44333	559.972492	559.962711	
0.9039103	1493.48906	1493.49569	560.025885	560.01507	
0.914058	1493.54296	1493.54805	560.079786	560.06743	
0.9242937	1493.59796	1493.60041	560.134791	560.11979	
0.9343845	1493.65276	1493.65277	560.189591	560.17215	
0.9445502	1493.70862	1493.70513	560.245448	560.215783	
0.954722	1493.76512	1493.76622	560.301947	560.268143	
0.9661227	1493.82935	1493.81858	560.366176	560.320503	
0.9750245	1493.87977	1493.87967	560.416603	560.372863	
0.9851322	1493.93777	1493.93203	560.474595	560.425223	
0.995286	1493.99664	1493.99311	560.533471	560.477583	
1.005494	1494.05646	1494.0542	560.593287	560.529943	
1.015607	1494.11737	1494.12401	560.654204	560.591029	
1.02578	1494.17718	1494.1851	560.714006	560.652116	
1.0359	1494.2383	1494.24619	560.775131	560.704475	
1.046098	1494.30055	1494.30727	560.837379	560.765562	
1.056223	1494.36296	1494.36836	560.899794	560.826649	
1.066428	1494.42651	1494.43817	560.963336	560.879008	
1.07658	1494.49032	1494.50799	561.027146	560.940095	
1.086721	1494.55466	1494.5778	561.09149	561.001181	
1.096876	1494.61976	1494.63888	561.156588	561.053541	
1.107068	1494.68567	1494.69997	561.222502	561.123355	
1.117209	1494.75188	1494.76978	561.288714	561.184441	
1.127352	1494.81873	1494.8396	561.355556	561.245528	
1.137634	1494.88739	1494.90068	561.424223	561.315341	
1.147685	1494.95462	1494.9705	561.491447	561.385154	
1.157872	1495.02364	1495.04031	561.560473	561.454967	
1.168022	1495.093	1495.1014	561.629825	561.52478	
1.178165	1495.16294	1495.17121	561.699767	561.594593	
1.188337	1495.23369	1495.24102	561.770523	561.664407	
1.198536	1495.3053	1495.31084	561.842127	561.73422	
1.208645	1495.37685	1495.38065	561.913682	561.804033	
1.218841	1495.44963	1495.45919	561.986458	561.873846	
1.228974	1495.5226	1495.529	562.059426	561.952386	
1.239165	1495.59834	1495.59882	562.135174	562.030926	
1.249279	1495.67067	1495.66863	562.207495	562.109466	
1.259464	1495.74587	1495.74717	562.282696	562.196732	
1.269685	1495.82195	1495.81698	562.358783	562.275272	
1.279797	1495.89785	1495.8868	562.434676	562.371265	
1.289871	1495.97407	1495.95661	562.510899	562.467258	
1.30015	1496.05248	1496.02642	562.589314	562.554525	
1.310246	1496.1301	1496.10496	562.666931	562.650518	
1.320394	1496.20875	1496.1835	562.745575	562.746511	
1.330588	1496.28837	1496.25331	562.825201	562.833777	
1.340691	1496.36787	1496.33185	562.904702	562.92977	
1.350863	1496.44856	1496.41039	562.985393	563.017037	
1.361023	1496.52978	1496.49766	563.066607	563.11303	
1.371174	1496.61151	1496.5762	563.148336	563.200296	
1.381341	1496.69402	1496.65474	563.230846	563.287563	
1.399403	1496.84302	1496.74201	563.379849	563.427189	
1.403938	1496.88028	1496.838	563.417105	563.470822	
1.423519	1497.04474	1497.00381	563.581567	563.619175	
1.428117	1497.08323	1497.04744	563.620058	563.654082	
1.438219	1497.16862	1497.13471	563.705453	563.741348	
1.448604	1497.25714	1497.22197	563.793965	563.811162	
1.458539	1497.34235	1497.30924	563.879179	563.898428	
1.470201	1497.4433	1497.40523	563.980127	563.985694	
1.478792	1497.51793	1497.4925	564.054761	564.055508	
1.489333	1497.61102	1497.57976	564.147849	564.125321	
1.499111	1497.69656	1497.67576	564.233393	564.212587	
1.509297	1497.78704	1497.76302	564.32387	564.291127	
1.519443	1497.87775	1497.85902	564.414581	564.378394	
1.529627	1497.96946	1497.94628	564.506292	564.456933	
1.53969	1498.06074	1498.03355	564.597572	564.5442	
1.549906	1498.15391	1498.12082	564.690741	564.640193	
1.560099	1498.24755	1498.21681	564.784378	564.727459	
1.570212	1498.34109	1498.3128	564.877919	564.823453	
1.58043	1498.43625	1498.40007	564.97308	564.919446	
1.590536	1498.5309	1498.48734	565.067732	565.015439	
1.60067	1498.62646	1498.58333	565.163292	565.111432	
1.610873	1498.72331	1498.67932	565.260139	565.207425	
1.620956	1498.81963	1498.77532	565.356463	565.312145	
1.631119	1498.91735	1498.87131	565.454182	565.408138	
1.641263	1499.01546	1498.97603	565.552288	565.512858	
1.651597	1499.1161	1499.08075	565.652927	565.617577	
1.661792	1499.21598	1499.18547	565.752812	565.722297	
1.67178	1499.3144	1499.28146	565.851232	565.827017	
1.682264	1499.41846	1499.38618	565.955286	565.940463	
1.700185	1499.59862	1499.56944	566.135451	566.114996	
1.704729	1499.64415	1499.6218	566.180984	566.167356	
1.71492	1499.74725	1499.72652	566.284078	566.272076	
1.725048	1499.85032	1499.83997	566.387149	566.376796	
1.735195	1499.95422	1499.95341	566.491052	566.481515	
1.745369	1500.05898	1500.06686	566.595812	566.586235	
1.755548	1500.16444	1500.17158	566.701266	566.690955	
1.765778	1500.27104	1500.28503	566.807867	566.795675	
1.775885	1500.37699	1500.38974	566.913817	566.900394	
1.786007	1500.48371	1500.49446	567.020539	567.013841	
1.796296	1500.59284	1500.59918	567.129673	567.11856	
1.806327	1500.69981	1500.71263	567.236635	567.232007	
1.816486	1500.80874	1500.81735	567.345574	567.336727	
1.827427	1500.92695	1500.9308	567.463775	567.450173	
1.83676	1501.02806	1501.03552	567.564891	567.563619	
1.846903	1501.13871	1501.14896	567.675541	567.668339	
1.857029	1501.24795	1501.26241	567.78478	567.790512	
1.867212	1501.35721	1501.36713	567.894042	567.895232	
1.87739	1501.46578	1501.48058	568.002606	568.017405	
1.887525	1501.57325	1501.59402	568.110077	568.122125	
1.897698	1501.68057	1501.69874	568.217401	568.235571	
1.907837	1501.78693	1501.80346	568.323762	568.349018	
1.917965	1501.89258	1501.90818	568.429413	568.453737	
1.928154	1501.99819	1502.0129	568.535024	568.558457	
1.938277	1502.10253	1502.11762	568.639358	568.671904	
1.948488	1502.20716	1502.22234	568.743993	568.776623	
1.958593	1502.31015	1502.33579	568.846983	568.881343	
1.970717	1502.43283	1502.44051	568.969656	568.994789	
1.979038	1502.51657	1502.55395	569.053399	569.082056	
1.989054	1502.61682	1502.64995	569.153646	569.186776	
1.999216	1502.71793	1502.75467	569.254761	569.291495	
2.009458	1502.81921	1502.85939	569.356041	569.396215	
2.019588	1502.91875	1502.96411	569.455584	569.500935	
2.029804	1503.01854	1503.0601	569.555373	569.596928	
2.039816	1503.11578	1503.16482	569.652605	569.692921	
2.049978	1503.2139	1503.25208	569.750728	569.780188	
2.060252	1503.31239	1503.3568	569.84922	569.884907	
2.070328	1503.40837	1503.44407	569.945202	569.972174	
2.08046	1503.50433	1503.53134	570.04116	570.068167	
2.09059	1503.59968	1503.62733	570.136513	570.16416	
2.100801	1503.69521	1503.7146	570.232039	570.251427	
2.110955	1503.78952	1503.80186	570.326352	570.338693	
2.121084	1503.88306	1503.88913	570.419885	570.425959	
2.131234	1503.97613	1503.9764	570.512958	570.513226	
2.14146	1504.06931	1504.07239	570.606138	570.609219	
2.151584	1504.16091	1504.15966	570.697735	570.696485	
2.161706	1504.25193	1504.24692	570.788755	570.792479	
2.172079	1504.34459	1504.33419	570.881418	570.879745	
2.181987	1504.4325	1504.42146	570.969328	570.967011	
2.192122	1504.52182	1504.50872	571.05865	571.054278	
2.202231	1504.6103	1504.59599	571.147125	571.141544	
2.21245	1504.69917	1504.68325	571.235997	571.228811	
2.222584	1504.78666	1504.77052	571.323494	571.316077	
2.232955	1504.87558	1504.86651	571.412406	571.403344	
2.242984	1504.96093	1504.95378	571.497762	571.49061	
2.253076	1505.04627	1505.04977	571.583096	571.577877	
2.263238	1505.13157	1505.13704	571.668403	571.665143	
2.273359	1505.21593	1505.22431	571.752757	571.75241	
2.28352	1505.30004	1505.31157	571.836869	571.839676	
2.29378	1505.38433	1505.39884	571.921162	571.935669	
2.30386	1505.46651	1505.48611	572.003344	572.022936	
2.314012	1505.54872	1505.56465	572.085545	572.110202	
2.324265	1505.63112	1505.65191	572.167951	572.188742	
2.334412	1505.71208	1505.73918	572.248911	572.276008	
2.344541	1505.79223	1505.81772	572.329062	572.363275	
2.354678	1505.87187	1505.90499	572.408697	572.450541	
2.364854	1505.95123	1505.98353	572.488059	572.529081	
2.375001	1506.02976	1506.06206	572.566591	572.607621	
2.385168	1506.10781	1506.1406	572.644639	572.686161	
2.395345	1506.18538	1506.21914	572.722208	572.764701	
2.405525	1506.2623	1506.29768	572.799132	572.84324	
2.415654	1506.33826	1506.37622	572.875091	572.92178	
2.425784	1506.41386	1506.44604	572.950691	572.991593	
2.435993	1506.48899	1506.51585	573.025816	573.061407	
2.446115	1506.56305	1506.59439	573.099877	573.13122	
2.456261	1506.63672	1506.6642	573.173545	573.201033	
2.466441	1506.71003	1506.73402	573.246858	573.270846	
2.476601	1506.7826	1506.7951	573.319429	573.340659	
2.486712	1506.8542	1506.86492	573.391031	573.410472	
2.496894	1506.92574	1506.93473	573.462567	573.480286	
2.507105	1506.99678	1507.00454	573.533612	573.550099	
2.517248	1507.06679	1507.07436	573.603623	573.619912	
2.527357	1507.13601	1507.14417	573.672835	573.689725	
2.537481	1507.20467	1507.21398	573.741502	573.759538	
2.547675	1507.27324	1507.2838	573.810066	573.829351	
2.557895	1507.34133	1507.34488	573.878158	573.899165	
2.568011	1507.40816	1507.4147	573.944988	573.968978	
2.578162	1507.47463	1507.47578	574.011457	574.038791	
2.588422	1507.54117	1507.54559	574.078	574.108604	
2.598491	1507.60585	1507.61541	574.142684	574.169691	
2.608629	1507.67042	1507.67649	574.207247	574.230777	
2.618744	1507.73423	1507.73758	574.271058	574.30059	
2.629004	1507.79836	1507.80739	574.335194	574.361677	
2.63911	1507.86089	1507.86848	574.39772	574.422763	
2.650549	1507.93092	1507.93829	574.467746	574.492577	
2.65942	1507.98479	1507.99938	574.521618	574.544936	
2.669513	1508.04546	1508.06047	574.582293	574.61475	
2.679708	1508.10611	1508.12155	574.642941	574.66711	
2.689958	1508.16652	1508.19137	574.703353	574.736923	
2.700161	1508.22602	1508.25245	574.762846	574.789283	
2.710258	1508.2843	1508.31354	574.821129	574.859096	
2.720395	1508.34222	1508.37463	574.879046	574.911456	
2.730568	1508.39976	1508.42699	574.936587	574.972542	
2.740749	1508.45673	1508.48807	574.993561	575.033629	
2.750869	1508.51273	1508.54043	575.049559	575.085989	
2.761012	1508.56828	1508.59279	575.105111	575.138348	
2.771168	1508.62331	1508.64515	575.160137	575.190708	
2.781294	1508.67757	1508.69751	575.214403	575.243068	
2.791515	1508.73173	1508.74987	575.26856	575.295428	
2.801613	1508.78464	1508.81096	575.321465	575.347788	
2.811764	1508.83723	1508.85459	575.37406	575.400148	
2.82195	1508.88941	1508.90695	575.426236	575.443781	
2.83248	1508.94271	1508.95931	575.479536	575.496141	
2.842372	1508.99219	1509.00294	575.529017	575.539774	
2.852433	1509.04191	1509.0553	575.578735	575.583407	
2.87061	1509.12945	1509.09894	575.666278	575.670674	
2.87518	1509.15148	1509.16002	575.688307	575.688127	
2.885468	1509.2004	1509.20366	575.737233	575.73176	
2.895517	1509.24753	1509.25602	575.78436	575.78412	
2.905653	1509.2945	1509.29965	575.831329	575.827753	
2.91584	1509.34111	1509.34328	575.877942	575.871387	
2.926033	1509.38714	1509.38692	575.923971	575.923747	
2.936158	1509.43226	1509.43055	575.96909	575.958653	
2.946347	1509.47709	1509.48291	576.013916	576.011013	
2.956541	1509.52129	1509.52654	576.058122	576.054646	
2.966641	1509.56453	1509.57018	576.101361	576.098279	
2.976801	1509.60743	1509.61381	576.144256	576.141913	
2.986955	1509.64969	1509.65744	576.186521	576.185546	
2.997056	1509.69113	1509.70108	576.227959	576.229179	
3.007245	1509.73234	1509.74471	576.26917	576.272812	
3.017389	1509.77277	1509.77962	576.309598	576.316446	
3.027812	1509.81371	1509.82325	576.350539	576.360079	
3.03775	1509.85213	1509.86688	576.388957	576.403712	
3.047897	1509.89081	1509.90179	576.42764	576.447345	
3.05804	1509.92885	1509.9367	576.465676	576.482252	
3.068174	1509.96625	1509.9716	576.503081	576.517159	
3.078381	1510.00335	1510.00651	576.540175	576.560792	
3.088504	1510.03953	1510.04142	576.576363	576.595698	
3.098658	1510.07524	1510.07632	576.612074	576.630605	
3.108814	1510.11036	1510.11123	576.647191	576.665512	
3.119127	1510.14618	1510.14614	576.683013	576.691691	
3.12913	1510.17883	1510.18104	576.71566	576.726598	
3.139387	1510.21251	1510.21595	576.749337	576.761505	
3.149452	1510.24495	1510.24213	576.781778	576.787685	
3.15961	1510.27712	1510.27703	576.813949	576.813864	
3.169794	1510.30875	1510.30321	576.84558	576.848771	
3.179889	1510.33953	1510.33812	576.876357	576.874951	
3.190132	1510.37016	1510.35557	576.906994	576.901131	
3.200221	1510.39976	1510.39048	576.936586	576.927311	
3.210346	1510.42888	1510.41666	576.965714	576.953491	
3.220563	1510.45764	1510.44284	576.994466	576.988397	
3.230655	1510.48548	1510.46902	577.022307	577.005851	
3.24081	1510.51291	1510.4952	577.049739	577.040757	
3.250979	1510.53978	1510.52138	577.076613	577.058211	
3.261145	1510.56607	1510.54756	577.102897	577.093117	
3.271259	1510.59163	1510.57374	577.128459	577.11057	
3.281451	1510.61679	1510.59992	577.153622	577.13675	
3.291642	1510.64137	1510.6261	577.178197	577.16293	
3.30179	1510.66525	1510.64355	577.202079	577.18911	
3.311881	1510.68843	1510.66973	577.22526	577.21529	
3.322011	1510.71111	1510.69591	577.247944	577.232744	
3.332232	1510.73342	1510.72209	577.270248	577.258923	
3.342349	1510.75489	1510.73955	577.291724	577.285103	
3.352482	1510.77584	1510.76573	577.312674	577.302557	
3.362674	1510.79633	1510.79191	577.333164	577.328737	
3.372795	1510.8161	1510.80936	577.352932	577.34619	
3.391268	1510.84983	1510.84427	577.386661	577.389823	
3.395821	1510.8582	1510.86172	577.395025	577.389823	
3.405999	1510.87619	1510.87917	577.413017	577.407276	
3.426199	1510.90905	1510.91408	577.445882	577.442183	
3.430849	1510.9167	1510.91408	577.453528	577.45091	
3.440915	1510.93254	1510.94026	577.46937	577.468363	
3.451096	1510.94799	1510.94899	577.484821	577.485816	
3.461251	1510.96284	1510.96644	577.49967	577.494543	
3.473031	1510.97926	1510.97517	577.516094	577.511996	
3.481635	1510.99092	1510.98389	577.52775	577.520723	
3.491664	1511.00392	1511.00135	577.540753	577.529449	
3.50989	1511.02536	1511.01007	577.56219	577.546903	
3.51444	1511.03076	1511.0188	577.567593	577.546903	
3.524687	1511.04223	1511.0188	577.579062	577.555629	
3.534731	1511.05294	1511.02753	577.589767	577.564356	
3.544891	1511.06322	1511.03625	577.600051	577.564356	
3.555109	1511.07301	1511.03625	577.609841	577.564356	
3.565244	1511.08219	1511.04498	577.619019	577.564356	
3.575414	1511.09087	1511.04498	577.627695	577.573083	
3.585546	1511.09898	1511.05371	577.635805	577.573083	
3.595731	1511.1066	1511.05371	577.643427	577.581809	
3.605971	1511.11373	1511.05371	577.650562	577.581809	
3.616092	1511.12027	1511.05371	577.657103	577.581809	
3.62624	1511.12632	1511.05371	577.663152	577.590536	
3.636492	1511.13192	1511.06243	577.668749	577.590536	
3.646552	1511.13693	1511.06243	577.673762	577.599263	
3.65674	1511.14152	1511.07116	577.678345	577.607989	
3.666897	1511.14561	1511.07116	577.682442	577.616716	
3.677243	1511.1493	1511.07989	577.686128	577.616716	
3.687486	1511.1525	1511.08861	577.689326	577.634169	
3.697514	1511.15521	1511.08861	577.692042	577.634169	
3.707682	1511.15755	1511.10607	577.694381	577.642896	
3.725729	1511.16019	1511.11479	577.697016	577.660349	
3.730342	1511.16093	1511.12352	577.697756	577.660349	
3.740499	1511.16568	1511.12352	577.702509	577.669076	
3.750576	1511.16568	1511.13225	577.702509	577.677802	
3.760723	1511.16568	1511.14097	577.702509	577.686529	
3.770854	1511.16568	1511.1497	577.702509	577.686529	
3.781016	1511.16568	1511.1497	577.702509	577.686529	
3.791138	1511.16568	1511.15843	577.702509	577.686529	
3.801313	1511.16568	1511.15843	577.702509	577.686529	
3.81935	1511.16568	1511.15843	577.702509	577.686529	
3.823865	1511.16568	1511.15843	577.702509	577.686529	
3.834036	1511.16568	1511.1497	577.702509	577.677802	
3.844169	1511.16568	1511.1497	577.702509	577.677802	
3.854287	1511.16568	1511.1497	577.702509	577.677802	
3.864482	1511.16568	1511.1497	577.702509	577.686529	
3.874656	1511.16568	1511.1497	577.702509	577.686529	
3.884877	1511.16568	1511.1497	577.702509	577.686529	
3.894968	1511.16568	1511.1497	577.702509	577.686529	
3.905124	1511.16568	1511.1497	577.702509	577.686529	
3.915261	1511.16568	1511.1497	577.702509	577.686529	
3.925469	1511.16568	1511.1497	577.702509	577.686529	
3.935592	1511.16568	1511.1497	577.702509	577.686529	
3.945743	1511.16568	1511.1497	577.702509	577.686529	
3.955908	1511.16568	1511.1497	577.702509	577.686529	
3.96606	1511.16568	1511.1497	577.702509	577.686529	
3.976268	1511.16568	1511.1497	577.702509	577.686529	
3.986374	1511.16568	1511.1497	577.702509	577.686529	
3.996597	1511.16568	1511.1497	577.702509	577.686529	
4.006663	1511.16568	1511.1497	577.702509	577.686529	
4.016856	1511.16568	1511.1497	577.702509	577.686529	
4.027009	1511.16568	1511.1497	577.702509	577.686529	
4.03713	1511.16568	1511.1497	577.702509	577.686529	
4.047315	1511.16568	1511.1497	577.702509	577.686529	
4.057447	1511.16568	1511.1497	577.702509	577.686529	
4.067634	1511.16568	1511.1497	577.702509	577.686529	
4.077777	1511.16568	1511.1497	577.702509	577.686529	
4.087935	1511.16568	1511.1497	577.702509	577.686529	
4.098114	1511.16568	1511.1497	577.702509	577.686529	
4.108263	1511.16568	1511.1497	577.702509	577.686529	
4.11841	1511.16568	1511.1497	577.702509	577.686529	
4.128564	1511.16568	1511.1497	577.702509	577.686529	
4.147193	1511.16568	1511.1497	577.702509	577.686529	
4.1518	1511.16568	1511.1497	577.702509	577.686529	
4.161964	1511.16568	1511.1497	577.702509	577.686529	
4.172043	1511.16568	1511.1497	577.702509	577.686529	
4.182443	1511.16568	1511.1497	577.702509	577.686529	
4.192381	1511.16568	1511.1497	577.702509	577.686529	
4.202512	1511.16568	1511.1497	577.702509	577.686529	
4.21275	1511.16568	1511.1497	577.702509	577.686529	
4.222852	1511.16568	1511.1497	577.702509	577.686529	
4.241282	1511.16568	1511.1497	577.702509	577.686529	
4.245851	1511.16568	1511.1497	577.702509	577.686529	
4.255964	1511.16568	1511.1497	577.702509	577.686529	
4.266125	1511.16568	1511.1497	577.702509	577.686529	
4.276298	1511.16568	1511.1497	577.702509	577.686529	
4.286438	1511.16568	1511.1497	577.702509	577.686529	
4.296618	1511.16568	1511.1497	577.702509	577.686529	
4.30678	1511.16568	1511.1497	577.702509	577.686529	
4.316945	1511.16568	1511.1497	577.702509	577.686529	
4.327057	1511.16568	1511.1497	577.702509	577.686529	
4.33728	1511.16568	1511.1497	577.702509	577.686529	
4.347449	1511.16568	1511.1497	577.702509	577.686529	
4.357581	1511.16568	1511.1497	577.702509	577.686529	
4.367773	1511.16568	1511.1497	577.702509	577.686529	
4.377866	1511.16568	1511.1497	577.702509	577.686529	
4.388058	1511.16568	1511.1497	577.702509	577.686529	
4.398242	1511.16568	1511.1497	577.702509	577.686529	
4.408408	1511.16568	1511.1497	577.702509	577.686529	
4.418545	1511.16568	1511.1497	577.702509	577.686529	
4.428734	1511.16568	1511.1497	577.702509	577.686529	
4.438811	1511.16568	1511.1497	577.702509	577.686529	
4.449036	1511.16568	1511.1497	577.702509	577.686529	
4.459637	1511.16568	1511.1497	577.702509	577.686529	
4.469536	1511.16568	1511.1497	577.702509	577.686529	
4.479684	1511.16568	1511.1497	577.702509	577.686529	
4.48984	1511.16568	1511.1497	577.702509	577.686529	
4.49999	1511.16568	1511.1497	577.702509	577.686529	
4.510185	1511.16568	1511.1497	577.702509	577.686529	
4.52034	1511.16568	1511.1497	577.702509	577.686529	
4.530463	1511.16568	1511.1497	577.702509	577.686529	
4.540665	1511.16568	1511.1497	577.702509	577.686529	
4.550782	1511.16568	1511.1497	577.702509	577.686529	
4.560922	1511.16568	1511.1497	577.702509	577.686529	
4.571095	1511.16568	1511.1497	577.702509	577.686529	
4.581218	1511.16568	1511.1497	577.702509	577.686529	
4.591426	1511.16568	1511.1497	577.702509	577.686529	
4.601578	1511.16568	1511.1497	577.702509	577.686529	
4.611688	1511.16568	1511.1497	577.702509	577.686529	
4.621884	1511.16568	1511.1497	577.702509	577.686529	
4.631972	1511.16568	1511.1497	577.702509	577.686529	
4.642126	1511.16568	1511.1497	577.702509	577.686529	
4.653566	1511.16568	1511.1497	577.702509	577.686529	
4.662437	1511.16568	1511.1497	577.702509	577.686529	
4.672568	1511.16568	1511.1497	577.702509	577.686529	
4.682713	1511.16568	1511.1497	577.702509	577.686529	
4.692969	1511.16568	1511.1497	577.702509	577.686529	
4.703075	1511.16568	1511.1497	577.702509	577.686529	
4.71323	1511.16568	1511.1497	577.702509	577.686529	
4.723496	1511.16568	1511.1497	577.702509	577.686529	
4.733647	1511.16568	1511.1497	577.702509	577.686529	
4.743802	1511.16568	1511.1497	577.702509	577.686529	
4.753982	1511.16568	1511.1497	577.702509	577.686529	
4.764138	1511.16568	1511.1497	577.702509	577.686529	
4.774285	1511.16568	1511.1497	577.702509	577.686529	
4.784422	1511.16568	1511.1497	577.702509	577.686529	
4.794592	1511.16568	1511.1497	577.702509	577.686529	
4.804804	1511.16568	1511.1497	577.702509	577.686529	
4.814897	1511.16568	1511.1497	577.702509	577.686529	
4.825073	1511.16568	1511.1497	577.702509	577.686529	
4.835281	1511.16568	1511.1497	577.702509	577.686529	
4.845345	1511.16568	1511.1497	577.702509	577.686529	
4.855482	1511.16568	1511.1497	577.702509	577.686529	
4.865662	1511.16568	1511.1497	577.702509	577.686529	
4.875844	1511.16568	1511.1497	577.702509	577.686529	
4.886067	1511.16568	1511.1497	577.702509	577.686529	
4.896133	1511.16568	1511.1497	577.702509	577.686529	
4.906266	1511.16568	1511.1497	577.702509	577.686529	
4.916499	1511.16568	1511.1497	577.702509	577.686529	
4.92665	1511.16568	1511.1497	577.702509	577.686529	
4.936772	1511.16568	1511.1497	577.702509	577.686529	
4.946967	1511.16568	1511.1497	577.702509	577.686529	
4.95708	1511.16568	1511.1497	577.702509	577.686529	
4.967276	1511.16568	1511.1497	577.702509	577.686529	
4.977426	1511.16568	1511.1497	577.702509	577.686529	
4.987554	1511.16568	1511.1497	577.702509	577.686529	
4.997683	1511.16568	1511.1497	577.702509	577.686529	
5.007818	1511.16568	1511.1497	577.702509	577.686529	
5.018053	1511.16568	1511.1497	577.702509	577.686529	
5.028185	1511.16568	1511.1497	577.702509	577.686529	
5.038311	1511.16568	1511.1497	577.702509	577.686529	
