0.03510917	942.215997	942.215997	-8.98844565	-8.98844565	
0.04014405	942.216224	942.215997	-8.98821812	-8.98844565	
0.05005481	942.217406	942.215997	-8.98703591	-8.98844565	
0.06014757	942.219228	942.215997	-8.98521411	-8.98844565	
0.07034533	942.221694	942.215997	-8.98274825	-8.98844565	
0.08048909	942.224764	942.215997	-8.97967873	-8.98844565	
0.09066885	942.228483	942.215997	-8.97595913	-8.98844565	
0.1007566	942.232746	942.224723	-8.97169652	-8.98844565	
0.1111734	942.237828	942.23345	-8.96661408	-8.98844565	
0.1210701	942.243223	942.23345	-8.96121922	-8.98844565	
0.1312019	942.249371	942.23345	-8.95507093	-8.98844565	
0.1414376	942.256216	942.242177	-8.94822628	-8.98844565	
0.1514884	942.263534	942.242177	-8.94090792	-8.98844565	
0.1634371	942.273173	942.250903	-8.93126921	-8.98844565	
0.1719059	942.280329	942.250903	-8.92411303	-8.98844565	
0.1820137	942.289545	942.250903	-8.91489775	-8.98844565	
0.1921534	942.299406	942.250903	-8.90503647	-8.979719	
0.2022292	942.309812	942.25963	-8.89463033	-8.979719	
0.212383	942.320918	942.268357	-8.88352394	-8.97099236	
0.2225217	942.332629	942.268357	-8.87181288	-8.97099236	
0.2326595	942.344952	942.277083	-8.85949001	-8.96226571	
0.2428232	942.357978	942.28581	-8.84646439	-8.95353906	
0.252974	942.371508	942.294537	-8.83293458	-8.93608577	
0.2631158	942.385687	942.31199	-8.81875503	-8.91863248	
0.2811583	942.413303	942.329443	-8.79113963	-8.87499925	
0.2857442	942.420257	942.33817	-8.78418504	-8.8662726	
0.295828	942.436338	942.355623	-8.7681046	-8.83136602	
0.3059937	942.453166	942.373076	-8.75127594	-8.80518608	
0.3161935	942.470693	942.39053	-8.73374967	-8.77900614	
0.3262883	942.488623	942.41671	-8.71581887	-8.74409955	
0.336478	942.50736	942.442889	-8.69708245	-8.70919297	
0.3466378	942.526654	942.469069	-8.67778873	-8.67428638	
0.3580475	942.54917	942.495249	-8.65527219	-8.6393798	
0.3669583	942.567142	942.530156	-8.63730005	-8.61319986	
0.3770561	942.588159	942.556336	-8.61628338	-8.58701992	
0.3872038	942.609921	942.591242	-8.59452122	-8.55211333	
0.3974526	942.632516	942.617422	-8.57192678	-8.51720675	
0.4075263	942.655323	942.652329	-8.54911938	-8.49102681	
0.4176961	942.678973	942.678509	-8.52546902	-8.46484687	
0.4279119	942.703363	942.713416	-8.50107934	-8.42994029	
0.4380156	942.728089	942.739595	-8.47635298	-8.41248699	
0.4481764	942.753581	942.774502	-8.45086093	-8.38630706	
0.4583061	942.77961	942.800682	-8.42483189	-8.36012712	
0.4684809	942.80638	942.835589	-8.39806195	-8.34267382	
0.4786707	942.833816	942.861769	-8.37062617	-8.32522053	
0.4887924	942.861665	942.879222	-8.34277759	-8.30776724	
0.4989582	942.890264	942.914128	-8.31417825	-8.29031395	
0.5094719	942.920534	942.931582	-8.28390786	-8.27286065	
0.5197607	942.950768	942.957762	-8.25367429	-8.25540736	
0.5297274	942.980651	942.983942	-8.22379142	-8.23795407	
0.5398592	943.011634	943.001395	-8.1928085	-8.21177413	
0.549998	943.043261	943.018848	-8.1611811	-8.18559419	
0.5601467	943.075531	943.045028	-8.12891086	-8.1681409	
0.5702395	943.108263	943.071208	-8.09617959	-8.14196096	
0.5804842	943.142095	943.088661	-8.06234766	-8.11578102	
0.590592	943.176076	943.123568	-8.02836652	-8.08087444	
0.6007248	943.210768	943.149748	-7.99367441	-8.0546945	
0.6108725	943.246248	943.175928	-7.95819468	-8.01978791	
0.6210233	943.282131	943.210834	-7.92231141	-7.98488133	
0.631179	943.318777	943.245741	-7.88566573	-7.9412481	
0.6413258	943.355974	943.289374	-7.84846837	-7.90634151	
0.6514376	943.393674	943.324281	-7.81076842	-7.86270828	
0.6616463	943.432368	943.367914	-7.77207465	-7.81907505	
0.6718161	943.471525	943.402821	-7.73291705	-7.76671517	
0.6820698	943.511644	943.45518	-7.69279867	-7.71435529	
0.6922076	943.551913	943.498814	-7.65252911	-7.67072206	
0.7023453	943.592807	943.551174	-7.61163487	-7.61836218	
0.7124771	943.634289	943.603533	-7.57015326	-7.56600231	
0.7226279	943.67648	943.655893	-7.52796239	-7.51364243	
0.7327906	943.719328	943.708253	-7.48511426	-7.4700092	
0.7430114	943.763067	943.760613	-7.44137562	-7.41764932	
0.7531171	943.806896	943.812973	-7.39754587	-7.36528944	
0.7633039	943.851711	943.865333	-7.35273097	-7.31292957	
0.7734847	943.897126	943.917693	-7.30731631	-7.26056969	
0.7835704	943.942715	943.970053	-7.26172715	-7.21693646	
0.7937182	943.989223	944.031139	-7.21521946	-7.17330323	
0.8042059	944.037955	944.083499	-7.16648769	-7.12094335	
0.8142897	944.085393	944.135859	-7.11904925	-7.07731012	
0.8244605	944.133864	944.188219	-7.07057836	-7.03367689	
0.8348862	944.184417	944.231852	-7.02002526	-6.99004365	
0.844765	944.232519	944.275485	-6.97192345	-6.94641042	
0.8565657	944.29112	944.319118	-6.913322	-6.89405055	
0.8650615	944.333614	944.371478	-6.87082856	-6.85914396	
0.8751933	944.384997	944.415112	-6.81944571	-6.80678408	
0.885405	944.437413	944.458745	-6.76702891	-6.76315085	
0.8954638	944.489626	944.502378	-6.71481588	-6.71951762	
0.9058105	944.544013	944.554738	-6.66042983	-6.66715774	
0.9157983	944.597084	944.598371	-6.60735856	-6.62352451	
0.925966	944.651732	944.642004	-6.55271054	-6.57989128	
0.9360958	944.706784	944.694364	-6.49765801	-6.5275314	
0.9462586	944.762676	944.729271	-6.4417666	-6.47517152	
0.9564123	944.819114	944.781631	-6.38532844	-6.42281165	
0.9665731	944.876194	944.833991	-6.32824881	-6.36172512	
0.9766988	944.933708	944.88635	-6.27073475	-6.3006386	
0.9868946	944.992484	944.93871	-6.21195804	-6.24827872	
0.9970024	945.050894	944.999797	-6.15354858	-6.1871922	
1.007141	945.110316	945.060883	-6.09412612	-6.12610567	
1.017276	945.170355	945.12197	-6.03408722	-6.0562925	
1.027458	945.231284	945.183056	-5.97315849	-6.00393263	
1.037673	945.293068	945.25287	-5.91137461	-5.93411946	
1.048178	945.357277	945.322683	-5.84716562	-5.86430629	
1.057963	945.417565	945.392496	-5.78687701	-5.79449312	
1.068139	945.480954	945.462309	-5.72348821	-5.72467995	
1.078281	945.544754	945.532122	-5.65968856	-5.65486678	
1.088427	945.609177	945.601935	-5.59526506	-5.58505361	
1.09858	945.674251	945.671749	-5.53019152	-5.51524044	
1.108787	945.740336	945.750288	-5.46410601	-5.44542727	
1.119021	945.8072	945.828828	-5.39724263	-5.3756141	
1.129122	945.873802	945.898641	-5.33064026	-5.30580093	
1.139326	945.941725	945.968455	-5.26271743	-5.2447144	
1.149539	946.010327	946.038268	-5.19411527	-5.16617459	
1.159567	946.078298	946.108081	-5.12614424	-5.10508806	
1.16976	946.147981	946.177894	-5.05646103	-5.03527489	
1.1799	946.217938	946.247707	-4.98650434	-4.96546172	
1.190059	946.288674	946.31752	-4.91576855	-4.89564855	
1.200209	946.359908	946.387334	-4.84453395	-4.82583538	
1.210327	946.431574	946.457147	-4.7728682	-4.75602221	
1.220495	946.504194	946.52696	-4.70024797	-4.68620904	
1.230687	946.577624	946.596773	-4.62681785	-4.61639587	
1.240783	946.650957	946.666586	-4.55348524	-4.53785606	
1.250926	946.725502	946.736399	-4.47894044	-4.46804289	
1.261333	946.802171	946.806213	-4.40227086	-4.39822972	
1.271639	946.878959	946.876026	-4.32548322	-4.32841654	
1.281803	946.955304	946.954566	-4.24913786	-4.24987673	
1.291778	947.030799	947.033105	-4.17364352	-4.18006356	
1.301967	947.108558	947.102919	-4.09588459	-4.10152374	
1.312041	947.186006	947.172732	-4.01843677	-4.03171057	
1.322176	947.264595	947.251272	-3.93984729	-3.95317076	
1.332369	947.344252	947.329811	-3.86019066	-3.87463094	
1.34249	947.423942	947.408351	-3.78050004	-3.79609112	
1.352613	947.504271	947.486891	-3.70017084	-3.71755131	
1.363026	947.587602	947.574157	-3.6168403	-3.63028484	
1.372936	947.667443	947.652697	-3.53699896	-3.55174503	
1.383088	947.74986	947.731237	-3.45458216	-3.46447857	
1.401143	947.898803	947.888317	-3.30563944	-3.31612558	
1.40571	947.936439	947.93195	-3.26800338	-3.28121899	
1.415813	948.020415	948.019216	-3.18402735	-3.19395253	
1.425998	948.105731	948.106483	-3.09871113	-3.10668607	
1.436185	948.191661	948.193749	-3.0127809	-3.01069296	
1.446308	948.277673	948.289742	-2.92676939	-2.9234265	
1.456435	948.364351	948.377009	-2.84009125	-2.82743339	
1.46663	948.452263	948.464275	-2.75217919	-2.74016693	
1.476804	948.540589	948.560269	-2.66385354	-2.65290046	
1.487034	948.629968	948.656262	-2.57447386	-2.55690735	
1.497093	948.718526	948.743528	-2.48591673	-2.46964089	
1.507229	948.808371	948.839521	-2.39607178	-2.38237443	
1.517516	948.900185	948.926788	-2.3042578	-2.28638132	
1.527537	948.990174	949.022781	-2.21426879	-2.19911486	
1.547405	949.171718	949.197314	-2.03272478	-2.02458193	
1.551972	949.213299	949.240947	-1.99114307	-1.98967535	
1.562147	949.306826	949.328213	-1.89761676	-1.89368224	
1.572238	949.400216	949.424206	-1.8042263	-1.80641578	
1.582752	949.498226	949.511473	-1.70621673	-1.71042267	
1.592543	949.58994	949.607466	-1.61450265	-1.6231562	
1.602687	949.685657	949.694733	-1.51878561	-1.53588974	
1.612832	949.781991	949.790726	-1.42245117	-1.43989663	
1.623111	949.880304	949.886719	-1.32413865	-1.34390352	
1.63319	949.977231	949.973985	-1.22721138	-1.24791042	
1.64337	950.075784	950.069978	-1.12865868	-1.15191731	
1.653523	950.174634	950.165971	-1.02980854	-1.0559242	
1.663624	950.273647	950.261965	-0.930795562	-0.959931089	
1.673785	950.373849	950.357958	-0.830592988	-0.855211333	
1.683965	950.474902	950.453951	-0.729540715	-0.759218225	
1.694134	950.576405	950.558671	-0.628037576	-0.663225116	
1.70429	950.678427	950.654664	-0.526015722	-0.558505361	
1.714398	950.780588	950.759383	-0.423854279	-0.453785606	
1.724604	950.884389	950.864103	-0.320053833	-0.34906585	
1.734749	950.988154	950.968823	-0.216288531	-0.244346095	
1.744905	951.092609	951.073543	-0.111833039	-0.13962634	
1.755098	951.198122	951.178262	-0.00632061335	-0.034906585	
1.76523	951.303617	951.291709	0.0991746475	0.0698131701	
1.775381	951.409908	951.396429	0.205465549	0.174532925	
1.78555	951.517019	951.501148	0.31257645	0.287979327	
1.795697	951.624504	951.605868	0.420062037	0.401425728	
1.805913	951.733371	951.719314	0.52892829	0.514872129	
1.816014	951.84161	951.832761	0.637167182	0.628318531	
1.826177	951.951113	951.937481	0.746670317	0.741764932	
1.836457	952.062602	952.059654	0.858159222	0.855211333	
1.846518	952.172241	952.164373	0.967798937	0.968657735	
1.858076	952.296712	952.269093	1.09226958	1.08210414	
1.866776	952.389944	952.391266	1.18550175	1.19555054	
1.87691	952.497961	952.504713	1.29351882	1.30899694	
1.887108	952.60611	952.618159	1.40166796	1.43116999	
1.897239	952.712853	952.731605	1.50841088	1.53588974	
1.907392	952.819305	952.845052	1.61486268	1.65806279	
1.917702	952.9267	952.967225	1.72225759	1.77150919	
1.927657	953.029834	953.071945	1.82539207	1.88495559	
1.937837	953.134726	953.185391	1.93028333	1.98967535	
1.948004	953.238866	953.298837	2.03442319	2.10312175	
1.958166	953.342307	953.412284	2.13786466	2.2078415	
1.968305	953.444951	953.52573	2.24050907	2.31256126	
1.978456	953.547101	953.63045	2.34265907	2.41728101	
1.988664	953.64928	953.73517	2.44483813	2.52200077	
1.998759	953.749625	953.83989	2.5451823	2.61799388	
2.00889	953.849743	953.944609	2.64530052	2.72271363	
2.019014	953.949502	954.040602	2.74505948	2.81870674	
2.029225	954.0494	954.145322	2.84495782	2.91469985	
2.039385	954.147491	954.232589	2.94304914	3.01069296	
2.049528	954.245365	954.328582	3.04092282	3.10668607	
2.059678	954.342634	954.415848	3.1381919	3.19395253	
2.069845	954.439488	954.511841	3.23504516	3.28121899	
2.079971	954.535331	954.599108	3.3308883	3.3772121	
2.090118	954.630814	954.686374	3.42637198	3.46447857	
2.100325	954.726249	954.773641	3.52180635	3.55174503	
2.110483	954.820556	954.85218	3.61611376	3.63901149	
2.12059	954.913811	954.948174	3.7093682	3.72627795	
2.130724	955.006738	955.026713	3.80229576	3.81354442	
2.140871	955.09918	955.11398	3.8947378	3.90081088	
2.151082	955.191582	955.201246	3.98714004	3.98807734	
2.161148	955.282073	955.279786	4.077631	4.06661716	
2.1713	955.372748	955.367053	4.16830576	4.15388362	
2.181498	955.463213	955.445592	4.25877096	4.24115008	
2.191632	955.552519	955.532859	4.34807665	4.32841654	
2.209706	955.709452	955.620125	4.5050094	4.48549618	
2.214254	955.748972	955.724845	4.54452973	4.52912941	
2.224351	955.836007	955.820838	4.63156446	4.60766923	
2.234531	955.923164	955.908105	4.71872152	4.70366233	
2.244683	956.009461	956.004098	4.80501849	4.7909288	
2.254846	956.095237	956.091364	4.89079486	4.88692191	
2.265028	956.180591	956.178631	4.97614839	4.97418837	
2.275149	956.264801	956.274624	5.06035899	5.06145483	
2.285349	956.349082	956.36189	5.14463977	5.14872129	
2.295485	956.43221	956.449157	5.22776723	5.23598776	
2.305663	956.515122	956.54515	5.31067962	5.32325422	
2.315808	956.597131	956.632416	5.39268889	5.41052068	
2.325955	956.67853	956.719683	5.47408738	5.49778714	
2.336123	956.759522	956.806949	5.55508008	5.58505361	
2.346292	956.839894	956.885489	5.63545158	5.66359342	
2.357773	956.929922	956.964029	5.72547949	5.75085989	
2.366582	956.998477	957.051295	5.79403435	5.8293997	
2.376726	957.076867	957.121109	5.87242474	5.90793952	
2.386845	957.15445	957.199648	5.95000807	5.98647933	
2.397016	957.231833	957.278188	6.02739075	6.06501915	
2.407557	957.311421	957.348001	6.10697899	6.14355897	
2.417293	957.384299	957.417814	6.17985707	6.21337214	
2.427487	957.460039	957.496354	6.25559654	6.28318531	
2.437744	957.535629	957.566167	6.33118676	6.35299848	
2.447791	957.60908	957.635981	6.4046379	6.42281165	
2.457961	957.682844	957.705794	6.47840142	6.49262482	
2.468129	957.755974	957.775607	6.55153149	6.56243799	
2.478286	957.828415	957.84542	6.62397257	6.63225116	
2.488421	957.900113	957.906507	6.69567098	6.70206433	
2.49857	957.971308	957.97632	6.76686585	6.7718775	
2.508743	958.042038	958.046133	6.83759595	6.83296402	
2.518944	958.112402	958.10722	6.90795988	6.90277719	
2.529112	958.181895	958.168306	6.97745226	6.97259036	
2.539309	958.250984	958.238119	7.04654154	7.03367689	
2.54943	958.318969	958.307932	7.11452654	7.10349006	
2.559609	958.386743	958.369019	7.18230091	7.17330323	
2.569738	958.453581	958.430105	7.24913821	7.2431164	
2.579883	958.519916	958.499919	7.31547332	7.30420292	
2.590044	958.585765	958.561005	7.38132284	7.36528944	
2.60015	958.650676	958.622092	7.4462341	7.43510261	
2.610314	958.715318	958.691905	7.51087527	7.50491578	
2.620547	958.779804	958.761718	7.57536144	7.57472895	
2.630686	958.843088	958.831531	7.63864609	7.63581548	
2.64076	958.905396	958.892618	7.70095353	7.70562865	
2.651158	958.969097	958.962431	7.7646545	7.76671517	
2.661048	959.029065	959.023517	7.82462309	7.83652834	
2.671236	959.090258	959.093331	7.88581588	7.90634151	
2.681341	959.150366	959.163144	7.9459234	7.96742804	
2.691493	959.210133	959.22423	8.00569107	8.02851456	
2.701767	959.270013	959.285317	8.06557031	8.09832773	
2.711844	959.328164	959.35513	8.12372146	8.15941425	
2.721998	959.386157	959.40749	8.18171417	8.22050078	
2.7322	959.443805	959.477303	8.23936242	8.27286065	
2.742267	959.50011	959.529663	8.29566749	8.33394718	
2.752378	959.556054	959.590749	8.35161157	8.3950337	
2.762655	959.612335	959.643109	8.40789285	8.44739358	
2.772697	959.666702	959.704196	8.46225959	8.49975346	
2.782856	959.721131	959.756556	8.51668852	8.55211333	
2.792993	959.774835	959.808916	8.57039222	8.60447321	
2.803103	959.827972	959.852549	8.62352957	8.65683309	
2.821654	959.922566	959.948542	8.7181235	8.74409955	
2.826239	959.946014	959.965995	8.74157154	8.77027949	
2.836434	959.997465	960.018355	8.79302308	8.81391272	
2.846557	960.047922	960.061988	8.84347921	8.8662726	
2.858087	960.104649	960.105622	8.90020626	8.90990583	
2.866817	960.147153	960.157981	8.94271101	8.95353906	
2.876962	960.195954	960.201615	8.99151175	8.99717229	
2.887166	960.244424	960.245248	9.03998166	9.04080553	
2.897324	960.292097	960.288881	9.08765507	9.0931654	
2.907642	960.3399	960.332514	9.13545747	9.13679863	
2.917656	960.385708	960.384874	9.18126611	9.18043187	
2.927772	960.431388	960.428507	9.22694607	9.2240651	
2.937925	960.476638	960.472141	9.27219556	9.26769833	
2.948086	960.521334	960.515774	9.31689189	9.31133156	
2.958257	960.565476	960.559407	9.3610335	9.35496479	
2.968403	960.608902	960.60304	9.40445954	9.38987138	
2.978536	960.651688	960.646674	9.44724541	9.44223125	
2.998352	960.73256	960.73394	9.52811755	9.52077107	
3.002894	960.751148	960.751393	9.54670577	9.53822436	
3.013027	960.791917	960.795027	9.58747421	9.58185759	
3.023338	960.832791	960.83866	9.62834834	9.62549082	
3.033455	960.872312	960.882293	9.6678692	9.66912406	
3.043604	960.911337	960.925926	9.70689427	9.70403064	
3.053816	960.950021	960.960833	9.74557855	9.74766387	
3.063924	960.987723	961.004466	9.7832803	9.7912971	
3.074115	961.025145	961.048099	9.82070275	9.82620369	
3.084331	961.062044	961.083006	9.85760194	9.86111027	
3.094429	961.097942	961.117912	9.89349954	9.90474351	
3.104589	961.133469	961.152819	9.92902636	9.93965009	
3.114733	961.168343	961.187726	9.96390029	9.97455668	
3.124951	961.202873	961.222632	9.99843099	10.0094633	
3.135171	961.236812	961.248812	10.0323696	10.0443698	
3.145287	961.269838	961.283719	10.0653955	10.0705498	
3.1554	961.302249	961.309899	10.0978068	10.1054564	
3.165619	961.334397	961.344805	10.1299543	10.1316363	
3.175712	961.365569	961.370985	10.1611267	10.1578162	
3.185864	961.396336	961.397165	10.191894	10.1927228	
3.196033	961.426582	961.414618	10.2221393	10.2189028	
3.206197	961.4562	961.449525	10.2517573	10.2450827	
3.216334	961.485157	961.466978	10.2807147	10.2712626	
3.226544	961.513749	961.493158	10.3093066	10.2974426	
3.236678	961.541519	961.519338	10.3370763	10.3148959	
3.246891	961.568923	961.545518	10.3644806	10.3410758	
3.256957	961.595361	961.571698	10.390919	10.3672558	
3.267227	961.621736	961.589151	10.4172935	10.3934357	
3.277319	961.647064	961.615331	10.4426212	10.410889	
3.287472	961.671966	961.641511	10.4675241	10.4370689	
3.297603	961.696233	961.667691	10.4917907	10.4545222	
3.307736	961.719929	961.693871	10.5154866	10.4807022	
3.317971	961.743276	961.720051	10.5388334	10.5068821	
3.328032	961.765655	961.746231	10.561213	10.5243354	
3.338231	961.787744	961.763684	10.5833016	10.5417887	
3.348442	961.809289	961.798591	10.6048462	10.5679686	
3.360234	961.833332	961.816044	10.6288893	10.5941486	
3.368661	961.850175	961.842224	10.6457322	10.6116019	
3.378791	961.869819	961.859677	10.665377	10.6377818	
3.38895	961.888941	961.885857	10.6844987	10.6639617	
3.399196	961.907642	961.903311	10.7031998	10.681415	
3.409434	961.925747	961.920764	10.7213047	10.7163216	
3.419607	961.943149	961.938217	10.7387068	10.7337749	
3.429819	961.960054	961.964397	10.7556115	10.7512282	
3.439895	961.976167	961.98185	10.7717242	10.7774081	
3.450056	961.991852	961.999304	10.7874101	10.7948614	
3.460298	962.007084	962.00803	10.8026413	10.8123147	
3.470356	962.02148	962.025484	10.8170381	10.829768	
3.480511	962.035456	962.042937	10.8310141	10.8384947	
3.490682	962.048893	962.06039	10.8444502	10.8559479	
3.50084	962.061748	962.069117	10.8573052	10.8734012	
3.510967	962.074008	962.077844	10.8695659	10.8734012	
3.52109	962.085714	962.095297	10.8812718	10.8908545	
3.533079	962.098902	962.104024	10.8944592	10.8908545	
3.541412	962.107513	962.11275	10.9030706	10.8995812	
3.551559	962.117595	962.11275	10.9131526	10.9083078	
3.561783	962.1272	962.130203	10.9227573	10.9083078	
3.571914	962.136185	962.130203	10.9317422	10.9170345	
3.582017	962.144608	962.13893	10.940166	10.9257611	
3.5925	962.152778	962.13893	10.9483352	10.9257611	
3.602311	962.159941	962.13893	10.9554986	10.9257611	
3.612502	962.166849	962.147657	10.9624071	10.9257611	
3.622606	962.173189	962.147657	10.9687465	10.9257611	
3.632748	962.179041	962.147657	10.9745988	10.9344878	
3.642899	962.184398	962.147657	10.9799553	10.9344878	
3.653024	962.18925	962.147657	10.9848074	10.9344878	
3.671251	962.196067	962.147657	10.9916249	10.9344878	
3.675796	962.197827	962.156383	10.9933844	10.9344878	
3.686007	962.201205	962.156383	10.9967623	10.9344878	
3.696105	962.204125	962.156383	10.9996831	10.9344878	
3.706276	962.206653	962.156383	11.0022106	10.9344878	
3.716424	962.208785	962.156383	11.0043431	10.9344878	
3.726558	962.210551	962.156383	11.0061082	10.9344878	
3.736715	962.215997	962.156383	11.0115544	10.9344878	
3.746866	962.215997	962.156383	11.0115544	10.9344878	
3.75706	962.215997	962.156383	11.0115544	10.9432144	
3.767317	962.215997	962.156383	11.0115544	10.9432144	
3.777404	962.215997	962.156383	11.0115544	10.9432144	
3.787563	962.215997	962.156383	11.0115544	10.9432144	
3.797806	962.215997	962.156383	11.0115544	10.9519411	
3.807881	962.215997	962.156383	11.0115544	10.9606677	
3.818017	962.215997	962.156383	11.0115544	10.9606677	
3.828174	962.215997	962.156383	11.0115544	10.9693943	
3.838574	962.215997	962.156383	11.0115544	10.978121	
3.848501	962.215997	962.156383	11.0115544	10.978121	
3.86012	962.215997	962.16511	11.0115544	10.9868476	
3.868807	962.215997	962.16511	11.0115544	10.9955743	
3.878938	962.215997	962.16511	11.0115544	10.9955743	
3.889328	962.215997	962.173837	11.0115544	10.9955743	
3.899466	962.215997	962.173837	11.0115544	10.9955743	
3.909829	962.215997	962.182563	11.0115544	10.9955743	
3.919925	962.215997	962.19129	11.0115544	10.9955743	
3.930073	962.215997	962.200017	11.0115544	10.9955743	
3.940198	962.215997	962.200017	11.0115544	10.9955743	
3.950364	962.215997	962.208743	11.0115544	10.9955743	
3.960512	962.215997	962.21747	11.0115544	10.9955743	
3.970652	962.215997	962.21747	11.0115544	10.9955743	
3.980823	962.215997	962.21747	11.0115544	10.9955743	
4.000854	962.215997	962.208743	11.0115544	10.9955743	
4.005373	962.215997	962.208743	11.0115544	10.9955743	
4.015519	962.215997	962.208743	11.0115544	10.9955743	
4.025687	962.215997	962.208743	11.0115544	10.9955743	
4.035848	962.215997	962.208743	11.0115544	10.9955743	
4.046045	962.215997	962.208743	11.0115544	10.9955743	
4.056153	962.215997	962.208743	11.0115544	10.9955743	
4.066304	962.215997	962.208743	11.0115544	10.9955743	
4.076488	962.215997	962.208743	11.0115544	10.9955743	
4.086616	962.215997	962.208743	11.0115544	10.9955743	
4.096801	962.215997	962.208743	11.0115544	10.9955743	
4.106935	962.215997	962.208743	11.0115544	10.9955743	
4.117092	962.215997	962.208743	11.0115544	10.9955743	
4.127339	962.215997	962.208743	11.0115544	10.9955743	
4.137439	962.215997	962.208743	11.0115544	10.9955743	
4.147589	962.215997	962.208743	11.0115544	10.9955743	
4.157796	962.215997	962.208743	11.0115544	10.9955743	
4.167897	962.215997	962.208743	11.0115544	10.9955743	
4.178043	962.215997	962.208743	11.0115544	10.9955743	
4.18821	962.215997	962.208743	11.0115544	10.9955743	
4.198364	962.215997	962.208743	11.0115544	10.9955743	
4.208525	962.215997	962.208743	11.0115544	10.9955743	
4.218675	962.215997	962.208743	11.0115544	10.9955743	
4.228823	962.215997	962.208743	11.0115544	10.9955743	
4.238965	962.215997	962.208743	11.0115544	10.9955743	
4.249105	962.215997	962.208743	11.0115544	10.9955743	
4.259436	962.215997	962.208743	11.0115544	10.9955743	
4.26947	962.215997	962.208743	11.0115544	10.9955743	
4.279577	962.215997	962.208743	11.0115544	10.9955743	
4.289742	962.215997	962.208743	11.0115544	10.9955743	
4.299863	962.215997	962.208743	11.0115544	10.9955743	
4.310074	962.215997	962.208743	11.0115544	10.9955743	
4.320182	962.215997	962.208743	11.0115544	10.9955743	
4.330263	962.215997	962.208743	11.0115544	10.9955743	
4.340536	962.215997	962.208743	11.0115544	10.9955743	
4.350674	962.215997	962.208743	11.0115544	10.9955743	
4.362395	962.215997	962.208743	11.0115544	10.9955743	
4.370876	962.215997	962.208743	11.0115544	10.9955743	
4.38105	962.215997	962.208743	11.0115544	10.9955743	
4.399062	962.215997	962.208743	11.0115544	10.9955743	
4.403661	962.215997	962.208743	11.0115544	10.9955743	
4.413958	962.215997	962.208743	11.0115544	10.9955743	
4.424005	962.215997	962.208743	11.0115544	10.9955743	
4.434173	962.215997	962.208743	11.0115544	10.9955743	
4.44438	962.215997	962.208743	11.0115544	10.9955743	
4.454504	962.215997	962.208743	11.0115544	10.9955743	
4.464653	962.215997	962.208743	11.0115544	10.9955743	
4.474819	962.215997	962.208743	11.0115544	10.9955743	
4.484986	962.215997	962.208743	11.0115544	10.9955743	
4.495344	962.215997	962.208743	11.0115544	10.9955743	
4.505297	962.215997	962.208743	11.0115544	10.9955743	
4.515457	962.215997	962.208743	11.0115544	10.9955743	
4.52564	962.215997	962.208743	11.0115544	10.9955743	
4.53577	962.215997	962.208743	11.0115544	10.9955743	
4.545921	962.215997	962.208743	11.0115544	10.9955743	
4.556083	962.215997	962.208743	11.0115544	10.9955743	
4.566258	962.215997	962.208743	11.0115544	10.9955743	
4.576398	962.215997	962.208743	11.0115544	10.9955743	
4.586639	962.215997	962.208743	11.0115544	10.9955743	
4.596751	962.215997	962.208743	11.0115544	10.9955743	
4.606888	962.215997	962.208743	11.0115544	10.9955743	
4.617012	962.215997	962.208743	11.0115544	10.9955743	
4.630485	962.215997	962.208743	11.0115544	10.9955743	
4.640365	962.215997	962.208743	11.0115544	10.9955743	
4.650515	962.215997	962.208743	11.0115544	10.9955743	
4.660691	962.215997	962.208743	11.0115544	10.9955743	
4.670783	962.215997	962.208743	11.0115544	10.9955743	
4.680933	962.215997	962.208743	11.0115544	10.9955743	
4.691083	962.215997	962.208743	11.0115544	10.9955743	
4.701235	962.215997	962.208743	11.0115544	10.9955743	
4.711484	962.215997	962.208743	11.0115544	10.9955743	
4.721573	962.215997	962.208743	11.0115544	10.9955743	
4.731777	962.215997	962.208743	11.0115544	10.9955743	
4.741976	962.215997	962.208743	11.0115544	10.9955743	
4.752391	962.215997	962.208743	11.0115544	10.9955743	
4.762178	962.215997	962.208743	11.0115544	10.9955743	
4.772322	962.215997	962.208743	11.0115544	10.9955743	
4.782478	962.215997	962.208743	11.0115544	10.9955743	
4.792584	962.215997	962.208743	11.0115544	10.9955743	
4.802769	962.215997	962.208743	11.0115544	10.9955743	
4.812922	962.215997	962.208743	11.0115544	10.9955743	
4.823076	962.215997	962.208743	11.0115544	10.9955743	
4.833262	962.215997	962.208743	11.0115544	10.9955743	
4.843447	962.215997	962.208743	11.0115544	10.9955743	
4.853583	962.215997	962.208743	11.0115544	10.9955743	
4.865368	962.215997	962.208743	11.0115544	10.9955743	
4.875469	962.215997	962.208743	11.0115544	10.9955743	
4.885613	962.215997	962.208743	11.0115544	10.9955743	
4.895744	962.215997	962.208743	11.0115544	10.9955743	
4.905897	962.215997	962.208743	11.0115544	10.9955743	
4.916124	962.215997	962.208743	11.0115544	10.9955743	
4.926269	962.215997	962.208743	11.0115544	10.9955743	
4.936387	962.215997	962.208743	11.0115544	10.9955743	
4.946528	962.215997	962.208743	11.0115544	10.9955743	
4.956691	962.215997	962.208743	11.0115544	10.9955743	
4.966862	962.215997	962.208743	11.0115544	10.9955743	
4.976988	962.215997	962.208743	11.0115544	10.9955743	
4.987147	962.215997	962.208743	11.0115544	10.9955743	
4.997339	962.215997	962.208743	11.0115544	10.9955743	
5.00747	962.215997	962.208743	11.0115544	10.9955743	
5.01764	962.215997	962.208743	11.0115544	10.9955743	
5.027723	962.215997	962.208743	11.0115544	10.9955743	
