5.701585	1551.14397	1551.12647	617.680803	617.654569	
5.708665	1551.14498	1551.12647	617.681806	617.654569	
5.71886	1551.14714	1551.12647	617.683971	617.654569	
5.728877	1551.14987	1551.12647	617.686695	617.654569	
5.739037	1551.15325	1551.12647	617.690084	617.654569	
5.749298	1551.15731	1551.13519	617.694138	617.654569	
5.759512	1551.16197	1551.13519	617.698799	617.654569	
5.76955	1551.16715	1551.13519	617.703978	617.663296	
5.779662	1551.17298	1551.13519	617.709811	617.663296	
5.790013	1551.17961	1551.13519	617.716435	617.663296	
5.799996	1551.18658	1551.13519	617.723412	617.672022	
5.810849	1551.1949	1551.13519	617.73173	617.672022	
5.820293	1551.20263	1551.13519	617.739455	617.672022	
5.830434	1551.21157	1551.13519	617.748396	617.689476	
5.84861	1551.23002	1551.13519	617.766846	617.706929	
5.853195	1551.23461	1551.14392	617.771435	617.706929	
5.863357	1551.24557	1551.14392	617.782399	617.724382	
5.873499	1551.25713	1551.15265	617.793961	617.741835	
5.883649	1551.26932	1551.16137	617.806152	617.759289	
5.893875	1551.28224	1551.17883	617.819069	617.785469	
5.904014	1551.29566	1551.19628	617.832486	617.802922	
5.914147	1551.30967	1551.21373	617.846499	617.829102	
5.924269	1551.32429	1551.23119	617.861123	617.846555	
5.934454	1551.33964	1551.25737	617.876468	617.864008	
5.9446	1551.35553	1551.28355	617.892355	617.881462	
5.95637	1551.37487	1551.30973	617.911697	617.907642	
5.964888	1551.38919	1551.33591	617.926022	617.925095	
5.975066	1551.40701	1551.37081	617.943836	617.951275	
5.985152	1551.42525	1551.40572	617.962084	617.968728	
5.995324	1551.44436	1551.44063	617.981185	617.994908	
6.005489	1551.46392	1551.46681	618.000754	618.021088	
6.015658	1551.48419	1551.49299	618.021023	618.038541	
6.025903	1551.50525	1551.51917	618.042076	618.064721	
6.035933	1551.52645	1551.54535	618.063281	618.090901	
6.046148	1551.54868	1551.57153	618.085508	618.108355	
6.056263	1551.5713	1551.59771	618.108132	618.143261	
6.066407	1551.5946	1551.61516	618.131433	618.160714	
6.076594	1551.61864	1551.64134	618.155467	618.186894	
6.086742	1551.64319	1551.66752	618.180017	618.213074	
6.096877	1551.66833	1551.68497	618.205155	618.230528	
6.107018	1551.69409	1551.70242	618.230924	618.256708	
6.117221	1551.72066	1551.71988	618.257486	618.282888	
6.127447	1551.74789	1551.73733	618.28472	618.300341	
6.137557	1551.77544	1551.75478	618.312265	618.326521	
6.1477	1551.80369	1551.78096	618.340519	618.352701	
6.157898	1551.83272	1551.79842	618.369545	618.370154	
6.168024	1551.86215	1551.8246	618.39898	618.396334	
6.178173	1551.89228	1551.84205	618.429109	618.422514	
6.188328	1551.92304	1551.86823	618.459866	618.448694	
6.198478	1551.9544	1551.89441	618.491232	618.474874	
6.208608	1551.98634	1551.92059	618.523168	618.50978	
6.218849	1552.01924	1551.9555	618.55607	618.53596	
6.228913	1552.05215	1551.98168	618.588976	618.56214	
6.239075	1552.08601	1552.01658	618.622844	618.597047	
6.249253	1552.12058	1552.05149	618.657405	618.631953	
6.259739	1552.15686	1552.09512	618.693689	618.66686	
6.269513	1552.1912	1552.13876	618.728027	618.710493	
6.279659	1552.22749	1552.17366	618.764316	618.7454	
6.289783	1552.26431	1552.2173	618.801136	618.789033	
6.299907	1552.30176	1552.26093	618.838587	618.82394	
6.310296	1552.34086	1552.31329	618.877685	618.876299	
6.320239	1552.37883	1552.35692	618.915658	618.919933	
6.330366	1552.41813	1552.40056	618.954959	618.963566	
6.340564	1552.45834	1552.45292	618.995166	619.007199	
6.350734	1552.49905	1552.49655	619.035878	619.059559	
6.360802	1552.53995	1552.54018	619.076782	619.103192	
6.370994	1552.582	1552.59254	619.11883	619.146825	
6.381088	1552.62425	1552.63618	619.161081	619.190459	
6.391295	1552.66761	1552.67981	619.204435	619.242819	
6.401382	1552.71104	1552.72344	619.247873	619.277725	
6.411522	1552.75535	1552.76708	619.292175	619.330085	
6.421683	1552.80034	1552.81071	619.337171	619.373718	
6.431852	1552.84601	1552.85434	619.382837	619.417352	
6.441995	1552.89216	1552.89798	619.428988	619.452258	
6.452163	1552.93906	1552.94161	619.475893	619.504618	
6.462316	1552.98653	1552.97652	619.523357	619.539525	
6.472701	1553.03569	1553.02888	619.572521	619.591884	
6.482823	1553.08423	1553.07251	619.621061	619.626791	
6.493006	1553.1337	1553.11614	619.670526	619.679151	
6.503172	1553.18369	1553.15977	619.720524	619.714058	
6.513286	1553.23405	1553.20341	619.770878	619.766417	
6.523501	1553.28554	1553.24704	619.822365	619.818777	
6.533644	1553.33728	1553.29067	619.874114	619.86241	
6.543786	1553.38963	1553.34303	619.926464	619.906044	
6.553945	1553.44268	1553.39539	619.979507	619.958404	
6.564096	1553.49631	1553.44775	620.033135	620.010763	
6.574311	1553.55091	1553.50011	620.087741	620.063123	
6.584414	1553.60553	1553.55247	620.142363	620.115483	
6.594573	1553.66105	1553.60483	620.197875	620.17657	
6.604743	1553.71727	1553.66592	620.254096	620.237656	
6.614858	1553.77379	1553.72701	620.31062	620.298743	
6.625043	1553.83135	1553.77937	620.368176	620.359829	
6.635212	1553.88943	1553.84918	620.426263	620.420916	
6.645367	1553.94801	1553.91027	620.484835	620.482002	
6.65555	1554.00742	1553.97135	620.544245	620.543089	
6.665651	1554.06693	1554.04117	620.603763	620.604175	
6.675904	1554.12801	1554.10225	620.664835	620.673989	
6.686068	1554.18914	1554.16334	620.725965	620.743802	
6.696114	1554.25015	1554.23315	620.78698	620.804888	
6.706267	1554.31246	1554.29424	620.849286	620.865975	
6.716418	1554.37537	1554.35533	620.912204	620.935788	
6.726569	1554.43888	1554.42514	620.975714	620.996875	
6.736738	1554.50317	1554.49495	621.040003	621.057961	
6.746943	1554.56828	1554.55604	621.105114	621.127774	
6.758347	1554.64189	1554.61712	621.178716	621.188861	
6.767226	1554.69956	1554.68694	621.236391	621.249947	
6.777362	1554.76609	1554.75675	621.302922	621.31976	
6.787501	1554.83327	1554.82656	621.370103	621.380847	
6.797656	1554.90114	1554.89638	621.437969	621.441933	
6.807799	1554.96957	1554.95746	621.506399	621.511747	
6.817966	1555.0388	1555.02728	621.575625	621.58156	
6.82818	1555.10896	1555.08836	621.645786	621.642646	
6.838591	1555.1811	1555.15818	621.717934	621.712459	
6.848428	1555.24986	1555.22799	621.786689	621.773546	
6.858591	1555.3215	1555.2978	621.858331	621.843359	
6.868717	1555.39351	1555.36762	621.93034	621.913172	
6.878891	1555.46648	1555.43743	622.003313	621.991712	
6.888978	1555.53945	1555.50724	622.076284	622.061525	
6.899181	1555.61389	1555.57706	622.150716	622.140065	
6.909344	1555.68861	1555.64687	622.225444	622.209878	
6.919549	1555.76429	1555.72541	622.301115	622.288418	
6.929625	1555.83961	1555.79522	622.376441	622.366958	
6.939999	1555.91787	1555.87376	622.454704	622.445498	
6.95022	1555.99557	1555.94357	622.532397	622.524038	
6.961734	1556.08392	1556.04829	622.620751	622.620031	
6.970235	1556.14947	1556.10938	622.686302	622.689844	
6.980347	1556.22816	1556.18792	622.764992	622.768384	
6.990503	1556.30781	1556.27519	622.844636	622.85565	
7.008979	1556.45521	1556.36245	622.992036	623.004003	
7.013507	1556.49125	1556.46717	623.028078	623.03891	
7.023653	1556.57282	1556.55444	623.109653	623.11745	
7.033791	1556.65496	1556.64171	623.191789	623.204716	
7.043924	1556.73767	1556.72897	623.2745	623.291982	
7.05455	1556.82516	1556.81624	623.361986	623.379249	
7.064269	1556.90561	1556.90351	623.442443	623.466515	
7.074415	1556.99029	1556.99077	623.527116	623.545055	
7.084653	1557.07637	1557.07804	623.613198	623.632322	
7.094721	1557.16162	1557.16531	623.698445	623.719588	
7.104908	1557.2485	1557.25257	623.785326	623.806855	
7.115023	1557.33538	1557.33984	623.872205	623.894121	
7.125213	1557.42354	1557.43583	623.960371	623.990114	
7.135405	1557.5123	1557.51437	624.049133	624.077381	
7.14554	1557.60124	1557.61036	624.138066	624.164647	
7.155684	1557.69083	1557.69763	624.227661	624.251914	
7.165944	1557.78211	1557.7849	624.318942	624.33918	
7.176001	1557.87215	1557.87216	624.408983	624.435173	
7.186149	1557.96364	1557.95943	624.500468	624.52244	
7.196266	1558.05547	1558.0467	624.592295	624.618433	
7.206474	1558.14877	1558.13396	624.685595	624.705699	
7.216608	1558.24197	1558.22996	624.778796	624.792966	
7.226745	1558.33583	1558.31722	624.872659	624.888959	
7.236907	1558.43055	1558.40449	624.967375	624.984952	
7.247042	1558.52563	1558.50048	625.062463	625.072218	
7.257185	1558.62141	1558.59648	625.158235	625.168211	
7.277209	1558.8135	1558.78846	625.350333	625.351471	
7.281765	1558.85708	1558.83209	625.393909	625.395104	
7.291904	1558.95493	1558.92809	625.491755	625.491097	
7.302142	1559.05437	1559.03281	625.591198	625.595817	
7.312834	1559.15893	1559.13753	625.695761	625.700537	
7.322726	1559.25622	1559.23352	625.793045	625.787803	
7.332924	1559.3571	1559.33824	625.893933	625.892523	
7.343053	1559.45796	1559.44296	625.99479	625.988516	
7.353176	1559.55937	1559.54768	626.096203	626.093236	
7.363322	1559.66163	1559.64367	626.198464	626.189229	
7.373547	1559.76536	1559.74839	626.302192	626.293949	
7.383693	1559.86883	1559.85311	626.405663	626.398669	
7.39388	1559.97343	1559.95783	626.510258	626.503388	
7.403973	1560.07754	1560.06255	626.614373	626.608108	
7.414198	1560.18376	1560.16727	626.720585	626.712828	
7.424266	1560.28889	1560.27199	626.825719	626.817548	
7.43469	1560.39847	1560.37671	626.935297	626.922267	
7.444674	1560.50392	1560.48143	627.040751	627.035714	
7.45474	1560.61091	1560.59488	627.147736	627.14916	
7.464947	1560.72004	1560.70832	627.25687	627.262607	
7.47508	1560.82895	1560.81304	627.365784	627.376053	
7.48526	1560.93901	1560.91776	627.475837	627.480773	
7.50326	1561.13597	1561.10975	627.672796	627.672759	
7.507755	1561.18508	1561.16211	627.721909	627.725119	
7.518208	1561.2982	1561.27556	627.835025	627.829839	
7.528305	1561.40682	1561.389	627.943646	627.943285	
7.53845	1561.5154	1561.49372	628.052231	628.048005	
7.54865	1561.62399	1561.61589	628.160823	628.161451	
7.558717	1561.73049	1561.72061	628.267323	628.266171	
7.568897	1561.83753	1561.83406	628.374364	628.370891	
7.579154	1561.94483	1561.94751	628.481657	628.484337	
7.589326	1562.05057	1562.06095	628.587403	628.597783	
7.599524	1562.15597	1562.1744	628.692797	628.702503	
7.609555	1562.25902	1562.29657	628.795849	628.807223	
7.61968	1562.36247	1562.40129	628.899301	628.920669	
7.629851	1562.46577	1562.50601	629.002603	629.025389	
7.640001	1562.5682	1562.61073	629.105027	629.138835	
7.650206	1562.6706	1562.71545	629.207431	629.243555	
7.660327	1562.77153	1562.82017	629.308364	629.348275	
7.670489	1562.87226	1562.92489	629.409086	629.452995	
7.688587	1563.04929	1563.02961	629.58612	629.636254	
7.69318	1563.09421	1563.15178	629.63104	629.688614	
7.703313	1563.19266	1563.24778	629.729489	629.784607	
7.71347	1563.29073	1563.34377	629.827564	629.889327	
7.723633	1563.38824	1563.44849	629.92507	629.994047	
7.733752	1563.48472	1563.54448	630.021553	630.09004	
7.743945	1563.58127	1563.64048	630.118099	630.186033	
7.754088	1563.67673	1563.73647	630.21356	630.282026	
7.764256	1563.77184	1563.83246	630.308665	630.378019	
7.774487	1563.86691	1563.91973	630.403742	630.474012	
7.784578	1563.96007	1564.007	630.496896	630.570005	
7.794738	1564.05317	1564.10299	630.590004	630.657272	
7.807033	1564.16503	1564.19026	630.701863	630.761992	
7.815692	1564.24335	1564.27752	630.780182	630.840531	
7.825213	1564.32892	1564.37352	630.865754	630.919071	
7.835302	1564.41897	1564.46078	630.955799	631.006338	
7.845493	1564.5093	1564.54805	631.046133	631.093604	
7.85569	1564.5991	1564.63531	631.135934	631.180871	
7.865809	1564.68763	1564.71385	631.224457	631.268137	
7.875989	1564.77605	1564.80985	631.312876	631.355404	
7.886219	1564.86423	1564.88839	631.40106	631.433943	
7.896327	1564.95084	1564.97565	631.487672	631.52121	
7.906765	1565.03955	1565.05419	631.576382	631.608476	
7.916657	1565.12305	1565.15019	631.659884	631.687016	
7.926786	1565.20794	1565.22873	631.744767	631.774283	
7.936937	1565.29242	1565.31599	631.829246	631.852822	
7.947062	1565.37613	1565.40326	631.912963	631.940089	
7.957248	1565.4596	1565.4818	631.996432	632.018629	
7.967462	1565.54274	1565.56907	632.079566	632.105895	
7.977523	1565.62401	1565.64761	632.16084	632.184435	
7.98765	1565.70523	1565.73487	632.242058	632.262975	
7.997824	1565.78623	1565.82214	632.323059	632.350241	
8.007997	1565.86653	1565.89195	632.403356	632.428781	
8.018167	1565.94625	1565.97049	632.483084	632.507321	
8.028298	1566.02504	1566.04903	632.561873	632.585861	
8.038424	1566.10317	1566.1363	632.639998	632.664401	
8.04859	1566.18098	1566.20611	632.717814	632.74294	
8.058715	1566.25792	1566.27592	632.794753	632.82148	
8.068913	1566.33475	1566.35446	632.87158	632.891293	
8.079036	1566.41042	1566.433	632.94725	632.969833	
8.089187	1566.48574	1566.50282	633.022565	633.048373	
8.099553	1566.56193	1566.58136	633.098756	633.118186	
8.109827	1566.63684	1566.6599	633.173667	633.196726	
8.119726	1566.70846	1566.72971	633.245285	633.275266	
8.129825	1566.78086	1566.79952	633.317689	633.345079	
8.139974	1566.85304	1566.86934	633.389865	633.414892	
8.150185	1566.92505	1566.93915	633.461875	633.484705	
8.160273	1566.99558	1567.00896	633.532408	633.563245	
8.170413	1567.06587	1567.07878	633.6027	633.633058	
8.180669	1567.13632	1567.14859	633.673146	633.694145	
8.190783	1567.20521	1567.2184	633.74204	633.763958	
8.200874	1567.27332	1567.28821	633.810147	633.833771	
8.211005	1567.3411	1567.35803	633.877926	633.903584	
8.221481	1567.41053	1567.42784	633.947363	633.973397	
8.231323	1567.47521	1567.49765	634.012036	634.034484	
8.241453	1567.54113	1567.55874	634.077963	634.095571	
8.251596	1567.60679	1567.61983	634.143618	634.165384	
8.261759	1567.67146	1567.68964	634.208293	634.217744	
8.27187	1567.73546	1567.75945	634.272285	634.287557	
8.290024	1567.84798	1567.8729	634.38481	634.401003	
8.294553	1567.87609	1567.89908	634.41292	634.427183	
8.304704	1567.93836	1567.95144	634.475193	634.48827	
8.315085	1568.00142	1568.02125	634.538254	634.558083	
8.325237	1568.06244	1568.08234	634.599273	634.619169	
8.335387	1568.12284	1568.14343	634.65967	634.680256	
8.345503	1568.18244	1568.19579	634.719271	634.741342	
8.355705	1568.24196	1568.25687	634.778789	634.802429	
8.365805	1568.30023	1568.31796	634.837064	634.863515	
8.375996	1568.35845	1568.37032	634.895276	634.915875	
8.386141	1568.41579	1568.43141	634.952617	634.976962	
8.396266	1568.47241	1568.48377	635.009238	635.038048	
8.406498	1568.52899	1568.54485	635.065824	635.090408	
8.41665	1568.58454	1568.59721	635.121371	635.151495	
8.427069	1568.64091	1568.64957	635.17774	635.212581	
8.436966	1568.6939	1568.71066	635.230726	635.264941	
8.447111	1568.74754	1568.76302	635.28437	635.317301	
8.457211	1568.80036	1568.8241	635.337186	635.369661	
8.467412	1568.85313	1568.86774	635.389959	635.422021	
8.477535	1568.90486	1568.92882	635.441685	635.474381	
8.487695	1568.95618	1568.97246	635.493009	635.526741	
8.497797	1569.00659	1569.03354	635.54342	635.5791	
8.507943	1569.05664	1569.07718	635.593466	635.622734	
8.518205	1569.10663	1569.12954	635.643464	635.675094	
8.528294	1569.15516	1569.17317	635.691986	635.718727	
8.538434	1569.20334	1569.22553	635.74017	635.771087	
8.548573	1569.25092	1569.27789	635.787752	635.81472	
8.558754	1569.29809	1569.32152	635.834918	635.858353	
8.568882	1569.3444	1569.36516	635.881228	635.910713	
8.579038	1569.39021	1569.41752	635.927043	635.954346	
8.58917	1569.43534	1569.46115	635.972165	635.997979	
8.599337	1569.48	1569.50478	636.016829	636.050339	
8.609456	1569.52384	1569.54842	636.060672	636.093973	
8.61962	1569.56744	1569.59205	636.104274	636.137606	
8.62978	1569.6101	1569.62696	636.146934	636.181239	
8.639904	1569.65217	1569.67059	636.188995	636.224872	
8.650047	1569.6937	1569.71422	636.230531	636.268505	
8.660188	1569.73462	1569.75786	636.271451	636.312139	
8.670423	1569.77532	1569.80149	636.312148	636.347045	
8.680711	1569.8156	1569.8364	636.352426	636.390679	
8.6908	1569.85449	1569.8713	636.391315	636.425585	
8.700947	1569.89301	1569.91494	636.429837	636.469218	
8.711439	1569.9322	1569.94984	636.469033	636.504125	
8.721224	1569.96819	1569.99348	636.505019	636.539031	
8.7314	1570.00501	1570.02838	636.541836	636.573938	
8.741547	1570.04111	1570.06329	636.577941	636.608845	
8.751713	1570.07669	1570.0982	636.613515	636.643751	
8.763139	1570.11589	1570.1331	636.652718	636.678658	
8.772061	1570.14606	1570.16801	636.682891	636.713564	
8.782269	1570.17997	1570.20291	636.716797	636.739744	
8.792357	1570.21288	1570.22909	636.749708	636.774651	
8.802489	1570.24533	1570.264	636.782157	636.800831	
8.813534	1570.28001	1570.29018	636.816837	636.835737	
8.822789	1570.30855	1570.32509	636.845376	636.870644	
8.832934	1570.33925	1570.35999	636.876075	636.896824	
8.843037	1570.36923	1570.38617	636.906056	636.931731	
8.853242	1570.3989	1570.41235	636.935728	636.957911	
8.863397	1570.42784	1570.44726	636.964667	636.992817	
8.873526	1570.45611	1570.46471	636.992936	637.018997	
8.883721	1570.48395	1570.49962	637.020776	637.045177	
8.893849	1570.51102	1570.5258	637.047845	637.071357	
8.904026	1570.53762	1570.55198	637.074452	637.097537	
8.914168	1570.56354	1570.56943	637.100365	637.123717	
8.924337	1570.58893	1570.60434	637.125755	637.149897	
8.934548	1570.61383	1570.63052	637.150662	637.16735	
8.944647	1570.63785	1570.6567	637.174682	637.19353	
8.954795	1570.66142	1570.67415	637.198251	637.21971	
8.964995	1570.6845	1570.70033	637.22133	637.237163	
8.975107	1570.70679	1570.72651	637.243624	637.263343	
8.985244	1570.72856	1570.74397	637.265389	637.289523	
8.995371	1570.74971	1570.77015	637.286544	637.306976	
9.005562	1570.77042	1570.7876	637.307246	637.32443	
9.015753	1570.79052	1570.81378	637.327345	637.341883	
9.025866	1570.80989	1570.83123	637.346716	637.359336	
9.036021	1570.82875	1570.84869	637.365583	637.37679	
9.046284	1570.84722	1570.86614	637.384048	637.394243	
9.056359	1570.86478	1570.88359	637.401605	637.411696	
9.066495	1570.88186	1570.90105	637.418688	637.420423	
9.076661	1570.89841	1570.9185	637.43524	637.437876	
9.086847	1570.91441	1570.92723	637.451243	637.446603	
9.09698	1570.92975	1570.93595	637.466582	637.464056	
9.107135	1570.94455	1570.95341	637.481382	637.481509	
9.11726	1570.95874	1570.96213	637.495569	637.490236	
9.12745	1570.97244	1570.97086	637.509269	637.498963	
9.137588	1570.9855	1570.97959	637.522327	637.516416	
9.147794	1570.99807	1570.98831	637.534904	637.525143	
9.157932	1571.01	1570.99704	637.546833	637.533869	
9.168069	1571.02142	1571.00577	637.558246	637.533869	
9.178249	1571.03221	1571.01449	637.569043	637.551322	
9.188592	1571.04266	1571.02322	637.579487	637.551322	
9.198594	1571.05222	1571.03195	637.589049	637.560049	
9.208678	1571.06132	1571.04067	637.598145	637.568776	
9.218835	1571.06993	1571.04067	637.606763	637.568776	
9.229021	1571.07803	1571.0494	637.614855	637.577502	
9.239477	1571.08597	1571.05813	637.622797	637.586229	
9.249325	1571.09255	1571.06685	637.629383	637.586229	
9.259511	1571.09904	1571.07558	637.63587	637.594956	
9.269638	1571.10498	1571.07558	637.641808	637.603682	
9.279792	1571.11042	1571.08431	637.64725	637.603682	
9.290018	1571.11539	1571.08431	637.652219	637.612409	
9.30007	1571.11979	1571.09303	637.656624	637.621136	
9.310284	1571.12378	1571.09303	637.660608	637.621136	
9.320401	1571.12726	1571.09303	637.664094	637.621136	
9.330572	1571.13031	1571.10176	637.667144	637.629862	
9.348997	1571.13407	1571.11049	637.670903	637.638589	
9.353838	1571.13513	1571.11049	637.671958	637.638589	
9.36369	1571.13685	1571.11921	637.673677	637.638589	
9.373851	1571.14245	1571.11921	637.679276	637.638589	
9.383987	1571.14245	1571.11921	637.679276	637.638589	
9.394289	1571.14245	1571.12794	637.679276	637.638589	
9.40448	1571.14245	1571.12794	637.679276	637.638589	
9.414634	1571.14245	1571.12794	637.679276	637.638589	
9.424752	1571.14245	1571.12794	637.679276	637.638589	
9.43492	1571.14245	1571.12794	637.679276	637.638589	
9.445058	1571.14245	1571.12794	637.679276	637.638589	
9.455269	1571.14245	1571.12794	637.679276	637.638589	
9.465475	1571.14245	1571.12794	637.679276	637.638589	
9.475591	1571.14245	1571.11921	637.679276	637.638589	
9.485743	1571.14245	1571.11921	637.679276	637.638589	
9.495893	1571.14245	1571.12794	637.679276	637.638589	
9.506074	1571.14245	1571.12794	637.679276	637.638589	
9.516238	1571.14245	1571.12794	637.679276	637.638589	
9.526431	1571.14245	1571.12794	637.679276	637.638589	
9.536548	1571.14245	1571.12794	637.679276	637.638589	
9.546654	1571.14245	1571.12794	637.679276	637.638589	
9.556918	1571.14245	1571.12794	637.679276	637.638589	
9.567036	1571.14245	1571.11921	637.679276	637.638589	
9.577171	1571.14245	1571.11921	637.679276	637.638589	
9.587318	1571.14245	1571.12794	637.679276	637.638589	
9.597514	1571.14245	1571.12794	637.679276	637.638589	
9.607719	1571.14245	1571.12794	637.679276	637.638589	
9.617789	1571.14245	1571.12794	637.679276	637.638589	
9.627967	1571.14245	1571.12794	637.679276	637.638589	
9.638171	1571.14245	1571.12794	637.679276	637.638589	
9.648281	1571.14245	1571.12794	637.679276	637.638589	
9.658519	1571.14245	1571.12794	637.679276	637.638589	
9.668602	1571.14245	1571.12794	637.679276	637.638589	
9.678855	1571.14245	1571.12794	637.679276	637.638589	
9.688897	1571.14245	1571.12794	637.679276	637.638589	
9.699033	1571.14245	1571.12794	637.679276	637.638589	
9.70917	1571.14245	1571.12794	637.679276	637.638589	
9.719328	1571.14245	1571.12794	637.679276	637.638589	
9.7295	1571.14245	1571.12794	637.679276	637.638589	
9.739587	1571.14245	1571.12794	637.679276	637.638589	
9.749731	1571.14245	1571.12794	637.679276	637.638589	
9.760018	1571.14245	1571.12794	637.679276	637.638589	
9.770118	1571.14245	1571.12794	637.679276	637.638589	
9.780224	1571.14245	1571.12794	637.679276	637.638589	
9.790423	1571.14245	1571.12794	637.679276	637.638589	
9.800511	1571.14245	1571.12794	637.679276	637.638589	
9.810693	1571.14245	1571.12794	637.679276	637.638589	
9.821233	1571.14245	1571.12794	637.679276	637.638589	
9.831024	1571.14245	1571.12794	637.679276	637.638589	
9.841099	1571.14245	1571.12794	637.679276	637.638589	
9.85129	1571.14245	1571.12794	637.679276	637.638589	
9.861381	1571.14245	1571.12794	637.679276	637.638589	
9.871579	1571.14245	1571.12794	637.679276	637.638589	
9.881695	1571.14245	1571.12794	637.679276	637.638589	
9.891866	1571.14245	1571.12794	637.679276	637.638589	
9.902081	1571.14245	1571.12794	637.679276	637.638589	
9.912182	1571.14245	1571.12794	637.679276	637.638589	
9.922294	1571.14245	1571.12794	637.679276	637.638589	
9.932445	1571.14245	1571.12794	637.679276	637.638589	
9.94265	1571.14245	1571.12794	637.679276	637.638589	
9.95276	1571.14245	1571.12794	637.679276	637.638589	
9.964538	1571.14245	1571.12794	637.679276	637.638589	
9.973107	1571.14245	1571.12794	637.679276	637.638589	
9.98321	1571.14245	1571.12794	637.679276	637.638589	
9.993326	1571.14245	1571.12794	637.679276	637.638589	
10.0035	1571.14245	1571.12794	637.679276	637.638589	
10.01365	1571.14245	1571.12794	637.679276	637.638589	
10.0239	1571.14245	1571.12794	637.679276	637.638589	
10.03399	1571.14245	1571.12794	637.679276	637.638589	
10.04416	1571.14245	1571.12794	637.679276	637.638589	
10.05439	1571.14245	1571.12794	637.679276	637.638589	
10.06444	1571.14245	1571.12794	637.679276	637.638589	
10.07462	1571.14245	1571.12794	637.679276	637.638589	
10.08487	1571.14245	1571.12794	637.679276	637.638589	
10.09496	1571.14245	1571.12794	637.679276	637.638589	
10.10511	1571.14245	1571.12794	637.679276	637.638589	
10.11523	1571.14245	1571.12794	637.679276	637.638589	
10.12536	1571.14245	1571.12794	637.679276	637.638589	
10.13557	1571.14245	1571.12794	637.679276	637.638589	
10.1457	1571.14245	1571.12794	637.679276	637.638589	
10.15588	1571.14245	1571.12794	637.679276	637.638589	
10.16602	1571.14245	1571.12794	637.679276	637.638589	
10.17615	1571.14245	1571.12794	637.679276	637.638589	
10.18637	1571.14245	1571.12794	637.679276	637.638589	
10.1965	1571.14245	1571.12794	637.679276	637.638589	
10.20671	1571.14245	1571.12794	637.679276	637.638589	
10.21681	1571.14245	1571.12794	637.679276	637.638589	
10.22693	1571.14245	1571.12794	637.679276	637.638589	
10.23714	1571.14245	1571.12794	637.679276	637.638589	
10.24727	1571.14245	1571.12794	637.679276	637.638589	
10.25741	1571.14245	1571.12794	637.679276	637.638589	
10.26756	1571.14245	1571.12794	637.679276	637.638589	
10.27775	1571.14245	1571.12794	637.679276	637.638589	
10.28824	1571.14245	1571.12794	637.679276	637.638589	
10.29839	1571.14245	1571.12794	637.679276	637.638589	
10.30853	1571.14245	1571.12794	637.679276	637.638589	
10.31876	1571.14245	1571.12794	637.679276	637.638589	
10.32889	1571.14245	1571.12794	637.679276	637.638589	
10.33902	1571.14245	1571.12794	637.679276	637.638589	
10.34915	1571.14245	1571.12794	637.679276	637.638589	
10.35932	1571.14245	1571.12794	637.679276	637.638589	
10.36941	1571.14245	1571.12794	637.679276	637.638589	
10.37962	1571.14245	1571.12794	637.679276	637.638589	
10.38977	1571.14245	1571.12794	637.679276	637.638589	
10.39997	1571.14245	1571.12794	637.679276	637.638589	
10.41006	1571.14245	1571.12794	637.679276	637.638589	
10.42021	1571.14245	1571.12794	637.679276	637.638589	
10.43044	1571.14245	1571.12794	637.679276	637.638589	
10.44051	1571.14245	1571.12794	637.679276	637.638589	
10.45071	1571.14245	1571.12794	637.679276	637.638589	
10.46243	1571.14245	1571.12794	637.679276	637.638589	
10.47097	1571.14245	1571.12794	637.679276	637.638589	
10.48108	1571.14245	1571.12794	637.679276	637.638589	
10.49122	1571.14245	1571.12794	637.679276	637.638589	
10.50142	1571.14245	1571.12794	637.679276	637.638589	
10.51156	1571.14245	1571.12794	637.679276	637.638589	
10.52167	1571.14245	1571.12794	637.679276	637.638589	
10.53183	1571.14245	1571.12794	637.679276	637.638589	
10.54195	1571.14245	1571.12794	637.679276	637.638589	
10.56042	1571.14245	1571.12794	637.679276	637.638589	
10.56504	1571.14245	1571.12794	637.679276	637.638589	
10.57514	1571.14245	1571.12794	637.679276	637.638589	
10.58527	1571.14245	1571.12794	637.679276	637.638589	
10.5954	1571.14245	1571.12794	637.679276	637.638589	
10.60562	1571.14245	1571.12794	637.679276	637.638589	
10.6158	1571.14245	1571.12794	637.679276	637.638589	
10.6259	1571.14245	1571.12794	637.679276	637.638589	
10.63605	1571.14245	1571.12794	637.679276	637.638589	
10.64626	1571.14245	1571.12794	637.679276	637.638589	
10.65636	1571.14245	1571.12794	637.679276	637.638589	
10.66652	1571.14245	1571.12794	637.679276	637.638589	
10.67666	1571.14245	1571.12794	637.679276	637.638589	
10.68683	1571.14245	1571.12794	637.679276	637.638589	
10.69698	1571.14245	1571.12794	637.679276	637.638589	
