0.03665508	1802.75058	1802.75058	1765.8805	1765.8805	
0.04144096	1802.75079	1802.75058	1765.8807	1765.8805	
0.05161971	1802.75201	1802.75058	1765.8819	1765.8805	
0.06181445	1802.75386	1802.75058	1765.88372	1765.8805	
0.0719472	1802.75632	1802.75058	1765.88612	1765.88923	
0.08431189	1802.76033	1802.75058	1765.89005	1765.88923	
0.09219369	1802.76312	1802.75058	1765.89279	1765.88923	
0.1023664	1802.76745	1802.75058	1765.89703	1765.88923	
0.1125252	1802.77238	1802.75931	1765.90187	1765.88923	
0.1226989	1802.77794	1802.75931	1765.90732	1765.88923	
0.1328587	1802.78411	1802.76804	1765.91337	1765.88923	
0.1430484	1802.79093	1802.77676	1765.92005	1765.88923	
0.1531662	1802.79831	1802.78549	1765.92728	1765.88923	
0.1633059	1802.80632	1802.78549	1765.93514	1765.89796	
0.1735507	1802.81505	1802.78549	1765.94369	1765.90668	
0.1836374	1802.82425	1802.80294	1765.95271	1765.90668	
0.1937831	1802.83412	1802.80294	1765.96239	1765.92414	
0.2039049	1802.84459	1802.81167	1765.97264	1765.92414	
0.2141266	1802.85579	1802.8204	1765.98362	1765.93286	
0.2243594	1802.86763	1802.8204	1765.99523	1765.94159	
0.2344091	1802.87985	1802.83785	1766.00721	1765.94159	
0.2445259	1802.89277	1802.83785	1766.01987	1765.95904	
0.2546816	1802.90637	1802.8553	1766.0332	1765.95904	
0.2648614	1802.92062	1802.8553	1766.04717	1765.96777	
0.2750371	1802.93548	1802.87276	1766.06174	1765.9765	
0.2851599	1802.95088	1802.89021	1766.07683	1765.99395	
0.2953066	1802.96694	1802.89894	1766.09257	1766.00268	
0.3054333	1802.98357	1802.91639	1766.10888	1766.0114	
0.3159651	1803.00156	1802.92512	1766.12651	1766.02886	
0.3258908	1803.01907	1802.9513	1766.14367	1766.04631	
0.3360356	1803.03761	1802.96875	1766.16184	1766.06376	
0.3461723	1803.05673	1802.9862	1766.18059	1766.08122	
0.3562961	1803.07647	1803.01238	1766.19994	1766.09867	
0.3664848	1803.09694	1803.02984	1766.22	1766.11612	
0.3766046	1803.11788	1803.04729	1766.24053	1766.13358	
0.3867413	1803.13949	1803.06474	1766.26171	1766.15103	
0.397786	1803.1638	1803.09092	1766.28554	1766.17721	
0.4074878	1803.18566	1803.1171	1766.30696	1766.20339	
0.4172245	1803.20817	1803.14328	1766.32903	1766.22957	
0.4273413	1803.23219	1803.16946	1766.35257	1766.25575	
0.437591	1803.25716	1803.20437	1766.37705	1766.29066	
0.4476558	1803.28227	1803.23928	1766.40167	1766.32556	
0.4578005	1803.30822	1803.26546	1766.4271	1766.36047	
0.4679193	1803.33471	1803.30036	1766.45307	1766.39538	
0.47809	1803.36197	1803.33527	1766.47978	1766.43028	
0.4883218	1803.39	1803.3789	1766.50726	1766.46519	
0.4985195	1803.41859	1803.41381	1766.53528	1766.5001	
0.5085603	1803.44731	1803.44872	1766.56344	1766.535	
0.518611	1803.47667	1803.48362	1766.59221	1766.56991	
0.5291447	1803.50814	1803.51853	1766.62306	1766.60482	
0.5389675	1803.53802	1803.55344	1766.65235	1766.63972	
0.5490872	1803.56944	1803.57962	1766.68315	1766.6659	
0.559305	1803.6018	1803.61452	1766.71486	1766.70081	
0.5694107	1803.63441	1803.6407	1766.74682	1766.72699	
0.5795425	1803.66771	1803.67561	1766.77947	1766.7619	
0.5897582	1803.70194	1803.70179	1766.81302	1766.7968	
0.599889	1803.73648	1803.7367	1766.84688	1766.82298	
0.6100037	1803.77157	1803.76288	1766.88127	1766.84916	
0.6201715	1803.80748	1803.79778	1766.91647	1766.88407	
0.638419	1803.87437	1803.85014	1766.98204	1766.94515	
0.6429719	1803.89098	1803.8676	1766.99832	1766.95388	
0.6530976	1803.92875	1803.9025	1767.03534	1766.99751	
0.6732751	1804.00706	1803.97231	1767.1121	1767.07605	
0.677869	1804.02478	1803.98977	1767.12947	1767.09351	
0.6879968	1804.06467	1804.02467	1767.16857	1767.12841	
0.6981065	1804.1051	1804.06831	1767.2082	1767.17205	
0.7083663	1804.14677	1804.11194	1767.24904	1767.21568	
0.718469	1804.18839	1804.14685	1767.28984	1767.25931	
0.7286407	1804.23094	1804.19048	1767.33154	1767.29422	
0.7387345	1804.27376	1804.23411	1767.37352	1767.33785	
0.7490632	1804.31824	1804.27775	1767.41711	1767.37276	
0.759112	1804.36209	1804.32138	1767.4601	1767.42512	
0.7691827	1804.40665	1804.36501	1767.50378	1767.46003	
0.7793285	1804.45216	1804.40865	1767.54839	1767.51239	
0.7894802	1804.49834	1804.46101	1767.59365	1767.54729	
0.799632	1804.54512	1804.51337	1767.63951	1767.59965	
0.8098437	1804.59281	1804.557	1767.68625	1767.63456	
0.8199235	1804.64049	1804.60063	1767.73299	1767.68692	
0.8301192	1804.68932	1804.65299	1767.78085	1767.73055	
0.8403269	1804.73887	1804.70535	1767.82942	1767.78291	
0.8503867	1804.78827	1804.75771	1767.87784	1767.82655	
0.8605944	1804.83906	1804.81007	1767.92762	1767.87891	
0.8707102	1804.88998	1804.86243	1767.97754	1767.93127	
0.8809059	1804.94195	1804.91479	1768.02847	1767.99235	
0.8910217	1804.99409	1804.97588	1768.07959	1768.04471	
0.9026344	1805.05486	1805.03697	1768.13915	1768.1058	
0.9127231	1805.10818	1805.08933	1768.19141	1768.15816	
0.9228549	1805.16236	1805.15041	1768.24452	1768.21052	
0.9330006	1805.21724	1805.20277	1768.29832	1768.26288	
0.9432584	1805.27337	1805.26386	1768.35333	1768.31524	
0.9533001	1805.32889	1805.31622	1768.40775	1768.37632	
0.9634899	1805.38585	1805.36858	1768.46359	1768.42868	
0.9736806	1805.44347	1805.42966	1768.52007	1768.48977	
0.9837714	1805.5011	1805.49075	1768.57655	1768.54213	
0.9939651	1805.55998	1805.54311	1768.63427	1768.60322	
1.0041	1805.6191	1805.6042	1768.69221	1768.6643	
1.01429	1805.6792	1805.65656	1768.75112	1768.71666	
1.024504	1805.74004	1805.71764	1768.81076	1768.77775	
1.034536	1805.80039	1805.77873	1768.86992	1768.83884	
1.044754	1805.86256	1805.83982	1768.93085	1768.8912	
1.054983	1805.92534	1805.9009	1768.99239	1768.96101	
1.065044	1805.98771	1805.96199	1769.05352	1769.01337	
1.075187	1806.05124	1806.02308	1769.1158	1769.08318	
1.095914	1806.1843	1806.15398	1769.24623	1769.20536	
1.100514	1806.21368	1806.18016	1769.27502	1769.24026	
1.110615	1806.27907	1806.24997	1769.33912	1769.30135	
1.1208	1806.34562	1806.31106	1769.40435	1769.36244	
1.130916	1806.41234	1806.38087	1769.46975	1769.43225	
1.141117	1806.48027	1806.45068	1769.53634	1769.50206	
1.151436	1806.54964	1806.5205	1769.60433	1769.56315	
1.161414	1806.61721	1806.59904	1769.67057	1769.63296	
1.171592	1806.68686	1806.66885	1769.73883	1769.70277	
1.181785	1806.7572	1806.74739	1769.80779	1769.77259	
1.191923	1806.82778	1806.8172	1769.87697	1769.83367	
1.20202	1806.89868	1806.88701	1769.94646	1769.91221	
1.212201	1806.97082	1806.95683	1770.01717	1769.98203	
1.222385	1807.04359	1807.03537	1770.0885	1770.05184	
1.23261	1807.11725	1807.10518	1770.1607	1770.13038	
1.242733	1807.1908	1807.18372	1770.2328	1770.20019	
1.252881	1807.26518	1807.25353	1770.3057	1770.27001	
1.263124	1807.34087	1807.32335	1770.37989	1770.33982	
1.273236	1807.4162	1807.39316	1770.45373	1770.41836	
1.283358	1807.49223	1807.4717	1770.52826	1770.4969	
1.293524	1807.56918	1807.55024	1770.60368	1770.56671	
1.303936	1807.64872	1807.62878	1770.68165	1770.63653	
1.313826	1807.72476	1807.70732	1770.75619	1770.71507	
1.323962	1807.80338	1807.78586	1770.83324	1770.79361	
1.334128	1807.88282	1807.8644	1770.91111	1770.87215	
1.344235	1807.96243	1807.95167	1770.98914	1770.95069	
1.35443	1808.04335	1808.02148	1771.06847	1771.02923	
1.364616	1808.12485	1808.10875	1771.14835	1771.10777	
1.374769	1808.20664	1808.18729	1771.22852	1771.1863	
1.38491	1808.28897	1808.26582	1771.30922	1771.26484	
1.395026	1808.37172	1808.35309	1771.39033	1771.35211	
1.405251	1808.45602	1808.44036	1771.47296	1771.43065	
1.415384	1808.54012	1808.52762	1771.5554	1771.51792	
1.425494	1808.62471	1808.60616	1771.63831	1771.59646	
1.435624	1808.71004	1808.69343	1771.72195	1771.68372	
1.445829	1808.79662	1808.7807	1771.80682	1771.77099	
1.455944	1808.88308	1808.86796	1771.89157	1771.85826	
1.466402	1808.97313	1808.95523	1771.97983	1771.94552	
1.476545	1809.06105	1809.0425	1772.06601	1772.02406	
1.486678	1809.14949	1809.12976	1772.1527	1772.11133	
1.496765	1809.23819	1809.22576	1772.23964	1772.1986	
1.50758	1809.33402	1809.31302	1772.33358	1772.28586	
1.517161	1809.41936	1809.40029	1772.41723	1772.37313	
1.527302	1809.51036	1809.48756	1772.50642	1772.4604	
1.5374	1809.6016	1809.57482	1772.59586	1772.54766	
1.547535	1809.69378	1809.67081	1772.68621	1772.64365	
1.557753	1809.78738	1809.76681	1772.77796	1772.73092	
1.567969	1809.88156	1809.85407	1772.87027	1772.81819	
1.577977	1809.97438	1809.95007	1772.96126	1772.90545	
1.588181	1810.06971	1810.04606	1773.05469	1773.00145	
1.598401	1810.16577	1810.14205	1773.14886	1773.09744	
1.608535	1810.26163	1810.23805	1773.24282	1773.18471	
1.618649	1810.35796	1810.32531	1773.33724	1773.2807	
1.628734	1810.4546	1810.43003	1773.43196	1773.37669	
1.638931	1810.55293	1810.5173	1773.52835	1773.47269	
1.64903	1810.65093	1810.62202	1773.6244	1773.56868	
1.659167	1810.74992	1810.70929	1773.72143	1773.6734	
1.669318	1810.84969	1810.81401	1773.81924	1773.76939	
1.679499	1810.95037	1810.91873	1773.91792	1773.87411	
1.689595	1811.05077	1811.01472	1774.01633	1773.97011	
1.70768	1811.23311	1811.19798	1774.19506	1774.14464	
1.712241	1811.27899	1811.24161	1774.24003	1774.197	
1.722371	1811.38174	1811.3376	1774.34074	1774.29299	
1.732567	1811.48583	1811.44232	1774.44277	1774.38898	
1.742691	1811.58977	1811.54704	1774.54465	1774.4937	
1.75286	1811.69482	1811.66049	1774.64763	1774.59842	
1.763012	1811.80024	1811.77394	1774.75096	1774.70314	
1.773169	1811.90639	1811.87866	1774.855	1774.80786	
1.783343	1812.01335	1811.98338	1774.95985	1774.91258	
1.793494	1812.12063	1812.09682	1775.06501	1775.0173	
1.803648	1812.2286	1812.21027	1775.17084	1775.12202	
1.813846	1812.33764	1812.31499	1775.27771	1775.22674	
1.823973	1812.44656	1812.42844	1775.38448	1775.34019	
1.834135	1812.55647	1812.54188	1775.49222	1775.45363	
1.844266	1812.66662	1812.6466	1775.60019	1775.55835	
1.854451	1812.77802	1812.75132	1775.70938	1775.6718	
1.864655	1812.89029	1812.85604	1775.81943	1775.78525	
1.874778	1813.00224	1812.96949	1775.92916	1775.88997	
1.884946	1813.11529	1813.08293	1776.03997	1775.99469	
1.895137	1813.22922	1813.18765	1776.15164	1776.09941	
1.90527	1813.34318	1813.30983	1776.26334	1776.21285	
1.915383	1813.45745	1813.42327	1776.37535	1776.3263	
1.925516	1813.57259	1813.53672	1776.48822	1776.43975	
1.935669	1813.6886	1813.65017	1776.60192	1776.55319	
1.945875	1813.80583	1813.77234	1776.71684	1776.65791	
1.955965	1813.92232	1813.88579	1776.83102	1776.78009	
1.966146	1814.04049	1814.00796	1776.94684	1776.90226	
1.976302	1814.15902	1814.13013	1777.06303	1777.0157	
1.986472	1814.27835	1814.2523	1777.17999	1777.12915	
1.996625	1814.39798	1814.37448	1777.29726	1777.25132	
2.006733	1814.51777	1814.48792	1777.41468	1777.3735	
2.016977	1814.63984	1814.61882	1777.53433	1777.48694	
2.027413	1814.76483	1814.741	1777.65684	1777.60039	
2.037194	1814.88217	1814.86317	1777.77186	1777.72256	
2.047386	1815.00443	1814.98534	1777.8917	1777.84474	
2.057483	1815.12561	1815.10752	1778.01048	1777.96691	
2.067612	1815.24716	1815.22969	1778.12962	1778.08908	
2.077791	1815.36935	1815.35186	1778.2494	1778.21126	
2.098073	1815.61281	1815.60493	1778.48803	1778.4556	
2.10263	1815.66739	1815.66602	1778.54153	1778.50796	
2.112756	1815.7889	1815.78819	1778.66063	1778.63886	
2.122959	1815.91132	1815.91037	1778.78063	1778.75231	
2.133104	1816.03305	1816.03254	1778.89995	1778.87448	
2.143311	1816.15557	1816.15471	1779.02004	1778.99665	
2.15343	1816.277	1816.27689	1779.13907	1779.11883	
2.163574	1816.39871	1816.39906	1779.25837	1779.241	
2.173778	1816.52115	1816.52123	1779.37838	1779.36317	
2.183905	1816.6427	1816.63468	1779.49753	1779.47662	
2.194064	1816.7647	1816.75685	1779.61711	1779.59879	
2.204173	1816.88589	1816.87902	1779.7359	1779.72096	
2.214359	1817.00816	1816.99247	1779.85575	1779.83441	
2.232357	1817.22412	1817.21936	1780.06744	1780.04385	
2.237097	1817.28101	1817.27172	1780.1232	1780.10494	
2.247162	1817.40176	1817.3939	1780.24155	1780.21838	
2.257215	1817.52244	1817.51607	1780.35985	1780.34056	
2.267369	1817.64425	1817.63824	1780.47925	1780.46273	
2.277506	1817.76593	1817.76042	1780.59852	1780.5849	
2.287654	1817.88773	1817.87386	1780.71791	1780.70708	
2.29781	1818.00968	1817.99604	1780.83744	1780.82052	
2.307969	1818.13151	1818.11821	1780.95686	1780.9427	
2.318086	1818.25288	1818.24038	1781.07582	1781.05614	
2.328301	1818.37544	1818.36255	1781.19595	1781.17831	
2.338421	1818.4969	1818.49345	1781.31501	1781.30049	
2.3489	1818.62266	1818.6069	1781.43828	1781.42266	
2.358674	1818.73991	1818.72907	1781.55321	1781.53611	
2.368819	1818.86164	1818.85125	1781.67253	1781.64955	
2.378967	1818.98347	1818.97342	1781.79194	1781.77173	
2.389077	1819.10479	1819.09559	1781.91086	1781.8939	
2.399313	1819.22762	1819.21777	1782.03126	1782.01607	
2.409439	1819.34915	1819.33994	1782.15039	1782.13825	
2.41954	1819.47032	1819.46211	1782.26915	1782.26042	
2.437562	1819.68658	1819.68028	1782.48113	1782.46986	
2.44211	1819.74116	1819.73264	1782.53463	1782.52222	
2.452251	1819.86284	1819.85481	1782.6539	1782.64439	
2.462462	1819.98541	1819.97698	1782.77404	1782.75784	
2.472697	1820.1082	1820.09916	1782.89441	1782.88001	
2.482809	1820.22951	1820.23006	1783.01331	1783.00218	
2.492948	1820.35119	1820.35223	1783.13258	1783.11563	
2.503206	1820.47433	1820.4744	1783.25329	1783.2378	
2.51332	1820.5957	1820.6053	1783.37225	1783.35998	
2.523451	1820.71723	1820.72748	1783.49137	1783.48215	
2.5336	1820.83906	1820.84965	1783.61079	1783.5956	
2.54378	1820.96119	1820.97182	1783.7305	1783.71777	
2.553887	1821.08248	1821.09399	1783.84939	1783.83122	
2.564076	1821.20475	1821.21617	1783.96924	1783.95339	
2.574227	1821.32657	1821.33834	1784.08865	1784.07556	
2.58441	1821.44876	1821.46051	1784.20842	1784.19773	
2.59454	1821.57029	1821.58269	1784.32755	1784.31118	
2.604711	1821.69235	1821.69613	1784.44718	1784.43335	
2.614909	1821.81477	1821.81831	1784.56718	1784.5468	
2.625011	1821.93596	1821.94048	1784.68597	1784.66897	
2.63515	1822.0576	1822.05393	1784.8052	1784.79115	
2.645306	1822.1795	1822.1761	1784.92469	1784.90459	
2.655433	1822.30103	1822.29827	1785.04382	1785.01804	
2.666129	1822.42946	1822.42917	1785.1697	1785.14021	
2.676275	1822.55113	1822.54262	1785.28896	1785.26239	
2.68645	1822.67323	1822.66479	1785.40864	1785.38456	
2.704401	1822.88867	1822.88296	1785.61982	1785.594	
2.709158	1822.94578	1822.93532	1785.6758	1785.64636	
2.719191	1823.06613	1823.05749	1785.79376	1785.7598	
2.729649	1823.19163	1823.18839	1785.91677	1785.8907	
2.739832	1823.31383	1823.30184	1786.03656	1786.00415	
2.749982	1823.43567	1823.42401	1786.15598	1786.12632	
2.760093	1823.55692	1823.54618	1786.27483	1786.23977	
2.770257	1823.67892	1823.66836	1786.39442	1786.36194	
2.780412	1823.80077	1823.79053	1786.51385	1786.48412	
2.790555	1823.9225	1823.9127	1786.63317	1786.60629	
2.800802	1824.04545	1824.0436	1786.75369	1786.72846	
2.810922	1824.16688	1824.16577	1786.87271	1786.85063	
2.82139	1824.29261	1824.28795	1786.99596	1786.97281	
2.831328	1824.41179	1824.41012	1787.11277	1787.09498	
2.841414	1824.53278	1824.52357	1787.23137	1787.21715	
2.85153	1824.65421	1824.64574	1787.35039	1787.33933	
2.8617	1824.77624	1824.76791	1787.47001	1787.45277	
2.871874	1824.89834	1824.89009	1787.58969	1787.57495	
2.882	1825.01981	1825.01226	1787.70876	1787.69712	
2.892122	1825.1413	1825.13443	1787.82784	1787.81057	
2.903725	1825.28062	1825.25661	1787.9644	1787.93274	
2.912432	1825.38502	1825.37005	1788.06673	1788.05491	
2.922563	1825.50658	1825.50095	1788.18589	1788.17709	
2.932745	1825.62879	1825.62312	1788.30568	1788.29926	
2.942877	1825.75036	1825.7453	1788.42484	1788.42143	
2.953002	1825.87186	1825.86747	1788.54393	1788.53488	
2.963127	1825.99335	1825.99837	1788.66302	1788.65705	
2.97332	1826.1157	1826.11182	1788.78295	1788.7705	
2.983477	1826.23757	1826.23399	1788.9024	1788.89267	
2.993609	1826.35912	1826.36489	1789.02155	1789.01484	
3.003767	1826.48101	1826.48706	1789.14102	1789.12829	
3.013944	1826.60318	1826.60924	1789.26077	1789.25046	
3.0241	1826.72504	1826.73141	1789.38022	1789.36391	
3.034263	1826.84698	1826.85358	1789.49974	1789.48608	
3.044398	1826.96858	1826.97575	1789.61893	1789.60826	
3.054578	1827.09077	1827.09793	1789.73871	1789.73043	
3.064801	1827.21347	1827.22883	1789.85898	1789.8526	
3.074895	1827.33454	1827.351	1789.97765	1789.97477	
3.085071	1827.45669	1827.47317	1790.09738	1790.08822	
3.095325	1827.57977	1827.59535	1790.21803	1790.21039	
3.105362	1827.70017	1827.71752	1790.33604	1790.32384	
3.115485	1827.82163	1827.83969	1790.4551	1790.44601	
3.12564	1827.94351	1827.95314	1790.57456	1790.55946	
3.136178	1828.07005	1828.07531	1790.69859	1790.68163	
3.146013	1828.18798	1828.19748	1790.81419	1790.79508	
3.156166	1828.30982	1828.31966	1790.93361	1790.91725	
3.166362	1828.43218	1828.44183	1791.05355	1791.03943	
3.176442	1828.55323	1828.55528	1791.1722	1791.15287	
3.186638	1828.67551	1828.67745	1791.29206	1791.27504	
3.196778	1828.79716	1828.7909	1791.41131	1791.38849	
3.206986	1828.91967	1828.9218	1791.53139	1791.51066	
3.217068	1829.04067	1829.03524	1791.64999	1791.63284	
3.227587	1829.16691	1829.15742	1791.77373	1791.75501	
3.23735	1829.28403	1829.27959	1791.88853	1791.86846	
3.247589	1829.40692	1829.40176	1792.00899	1791.9819	
3.25766	1829.52776	1829.51521	1792.12744	1792.10408	
3.269765	1829.67314	1829.65483	1792.26994	1792.2437	
3.27963	1829.79141	1829.77701	1792.38587	1792.36588	
3.298105	1830.01316	1829.99517	1792.60322	1792.58404	
3.302682	1830.06803	1830.04753	1792.65701	1792.6364	
3.312879	1830.19037	1830.17843	1792.77693	1792.75857	
3.323012	1830.31197	1830.30061	1792.89612	1792.87202	
3.333139	1830.43351	1830.42278	1793.01525	1792.99419	
3.343648	1830.5597	1830.55368	1793.13894	1793.11637	
3.353495	1830.67777	1830.67585	1793.25467	1793.23854	
3.363624	1830.7993	1830.79803	1793.3738	1793.36071	
3.373818	1830.92169	1830.9202	1793.49377	1793.48289	
3.383916	1831.04282	1831.04237	1793.61249	1793.60506	
3.394121	1831.16529	1831.16454	1793.73254	1793.72723	
3.40481	1831.29368	1831.28672	1793.85839	1793.84941	
3.414373	1831.4083	1831.40889	1793.97074	1793.96285	
3.424507	1831.52992	1831.52234	1794.08995	1794.0763	
3.434636	1831.65147	1831.64451	1794.20909	1794.19847	
3.444831	1831.77385	1831.76668	1794.32905	1794.32064	
3.454969	1831.8955	1831.89758	1794.44829	1794.44282	
3.465133	1832.01742	1832.01103	1794.5678	1794.56499	
3.475281	1832.13919	1832.1332	1794.68715	1794.68716	
3.485429	1832.26097	1832.25538	1794.80653	1794.80934	
3.495629	1832.3834	1832.37755	1794.92653	1794.92278	
3.505796	1832.50539	1832.49972	1795.0461	1795.04496	
3.515973	1832.62754	1832.63062	1795.16583	1795.1584	
3.526155	1832.7497	1832.75279	1795.28558	1795.28058	
3.536259	1832.87096	1832.87497	1795.40443	1795.40275	
3.546413	1832.99281	1832.99714	1795.52387	1795.51619	
3.556547	1833.11444	1833.11931	1795.64309	1795.63837	
3.566747	1833.2368	1833.24149	1795.76303	1795.76054	
3.576957	1833.35937	1833.36366	1795.88317	1795.87399	
3.587055	1833.48051	1833.48583	1796.00192	1795.99616	
3.597647	1833.60764	1833.60801	1796.12653	1796.11833	
3.60747	1833.7255	1833.73891	1796.24206	1796.24051	
3.617563	1833.84658	1833.86108	1796.36074	1796.36268	
3.627706	1833.96829	1833.98325	1796.48003	1796.47613	
3.637894	1834.09054	1834.10542	1796.59987	1796.58957	
3.648005	1834.21195	1834.2276	1796.71887	1796.71175	
3.658535	1834.33831	1834.34104	1796.84273	1796.83392	
3.676177	1834.54996	1834.46322	1797.05019	1797.04336	
3.680806	1834.60549	1834.61157	1797.10461	1797.09572	
3.690863	1834.72621	1834.74247	1797.22294	1797.21789	
3.701024	1834.84814	1834.85592	1797.34246	1797.33134	
3.711262	1834.97098	1834.96064	1797.46287	1797.45351	
3.721326	1835.09174	1835.07408	1797.58124	1797.56696	
3.731489	1835.21375	1835.1788	1797.70084	1797.68913	
3.741606	1835.33513	1835.30097	1797.81981	1797.80258	
3.752004	1835.45992	1835.41442	1797.94213	1797.91602	
3.76229	1835.58334	1835.52787	1798.06311	1798.0382	
3.772133	1835.70146	1835.65004	1798.17888	1798.15164	
3.782288	1835.82329	1835.77221	1798.29831	1798.27381	
3.792448	1835.94519	1835.89439	1798.41779	1798.38726	
3.802551	1836.06645	1836.01656	1798.53665	1798.50943	
3.812757	1836.18932	1836.13873	1798.65708	1798.63161	
3.822913	1836.31079	1836.26091	1798.77615	1798.75378	
3.833051	1836.43241	1836.39181	1798.89537	1798.87595	
3.843201	1836.55423	1836.52271	1799.01477	1798.99813	
3.853322	1836.67569	1836.64488	1799.13382	1799.11157	
3.863576	1836.79876	1836.77578	1799.25446	1799.23375	
3.8737	1836.92023	1836.90668	1799.37352	1799.35592	
3.883824	1837.04173	1837.02885	1799.49261	1799.47809	
3.893984	1837.16365	1837.15102	1799.61212	1799.60027	
3.905591	1837.30303	1837.2732	1799.74874	1799.72244	
3.914255	1837.4069	1837.4041	1799.85055	1799.85334	
3.924385	1837.52847	1837.52627	1799.96972	1799.97551	
3.934524	1837.65016	1837.64844	1800.089	1800.09768	
3.952549	1837.86643	1837.86661	1800.30098	1800.30712	
3.957078	1837.92079	1837.91897	1800.35427	1800.35948	
3.967324	1838.04371	1838.04114	1800.47476	1800.48166	
3.977423	1838.16491	1838.17204	1800.59356	1800.60383	
3.987549	1838.28643	1838.28549	1800.71267	1800.726	
3.997683	1838.40803	1838.41639	1800.83186	1800.84818	
4.007836	1838.52983	1838.53856	1800.95125	1800.96162	
4.018002	1838.65187	1838.66073	1801.07088	1801.08379	
4.028143	1838.77355	1838.77418	1801.19015	1801.19724	
4.046156	1838.98971	1838.90508	1801.40202	1801.40668	
4.050715	1839.04438	1839.05343	1801.45561	1801.45904	
4.060923	1839.16693	1839.17561	1801.57573	1801.58121	
4.071086	1839.28887	1839.29778	1801.69526	1801.68593	
4.081233	1839.41062	1839.41123	1801.8146	1801.80811	
4.093577	1839.55885	1839.51595	1801.95989	1801.95646	
4.101504	1839.65391	1839.62939	1802.05307	1802.04373	
4.111681	1839.77597	1839.74284	1802.17272	1802.1659	
4.12176	1839.89693	1839.85628	1802.29128	1802.27935	
4.131971	1840.01949	1839.97846	1802.41141	1802.40152	
4.142102	1840.14105	1840.10063	1802.53056	1802.52369	
4.152298	1840.26344	1840.23153	1802.65053	1802.63714	
4.162416	1840.38483	1840.3537	1802.76952	1802.75058	
4.172587	1840.50686	1840.4846	1802.88913	1802.87276	
4.18275	1840.62885	1840.60678	1803.0087	1802.99493	
4.192977	1840.75155	1840.72895	1803.12897	1803.10838	
4.203082	1840.8728	1840.85985	1803.24782	1803.23055	
4.213265	1840.99502	1840.98202	1803.36762	1803.344	
4.223491	1841.11774	1841.11292	1803.48792	1803.46617	
4.233579	1841.23875	1841.23509	1803.60653	1803.58834	
4.243729	1841.36057	1841.35727	1803.72594	1803.71052	
4.253895	1841.48257	1841.47944	1803.84552	1803.83269	
4.272328	1841.70385	1841.60161	1804.06241	1804.05085	
4.276977	1841.75957	1841.75869	1804.11704	1804.10321	
4.287145	1841.8816	1841.88087	1804.23665	1804.22539	
4.29726	1842.00297	1842.00304	1804.35561	1804.33883	
4.307638	1842.12753	1842.10776	1804.47771	1804.46101	
4.31755	1842.24646	1842.21248	1804.59428	1804.58318	
4.327733	1842.36863	1842.32593	1804.71404	1804.69663	
4.337847	1842.49001	1842.43937	1804.83301	1804.8188	
4.347966	1842.61142	1842.54409	1804.95201	1804.93225	
4.358158	1842.73376	1842.66626	1805.07193	1805.05442	
4.368351	1842.85605	1842.78844	1805.1918	1805.17659	
4.378441	1842.97717	1842.91061	1805.31052	1805.29877	
4.388657	1843.09977	1843.04151	1805.4307	1805.41221	
4.398733	1843.22062	1843.17241	1805.54915	1805.52566	
4.409073	1843.34477	1843.30331	1805.67085	1805.64783	
4.419159	1843.46575	1843.43421	1805.78942	1805.77	
4.429295	1843.58739	1843.55638	1805.90866	1805.89218	
4.439516	1843.71003	1843.68728	1806.02887	1806.01435	
4.449591	1843.83092	1843.80946	1806.14737	1806.1278	
4.459838	1843.95389	1843.94035	1806.26791	1806.24997	
4.469944	1844.0752	1844.06253	1806.38681	1806.36342	
4.48009	1844.19692	1844.1847	1806.50612	1806.49432	
4.490204	1844.31829	1844.3156	1806.62508	1806.61649	
4.500412	1844.44082	1844.4465	1806.74519	1806.73866	
4.510527	1844.56215	1844.56867	1806.86412	1806.86083	
4.520778	1844.68519	1844.69085	1806.98472	1806.99173	
4.530851	1844.80605	1844.81302	1807.10319	1807.10518	
4.54103	1844.92822	1844.93519	1807.22294	1807.23608	
4.551154	1845.04967	1845.05737	1807.34199	1807.35825	
4.561347	1845.17203	1845.18827	1807.46192	1807.48043	
4.571511	1845.29398	1845.31044	1807.58146	1807.59387	
4.581616	1845.41522	1845.43261	1807.70029	1807.71605	
4.591835	1845.53791	1845.55478	1807.82055	1807.82949	
4.601991	1845.65973	1845.68568	1807.93996	1807.95167	
4.612131	1845.7814	1845.80786	1808.05922	1808.07384	
4.622317	1845.90364	1845.93003	1808.17905	1808.18729	
4.632418	1846.02483	1846.0522	1808.29783	1808.30946	
4.642624	1846.14733	1846.17438	1808.4179	1808.4229	
4.652769	1846.26907	1846.29655	1808.53723	1808.54508	
4.662941	1846.39114	1846.41872	1808.65689	1808.65852	
4.673036	1846.51225	1846.53217	1808.7756	1808.77197	
4.69329	1846.75537	1846.76779	1809.0139	1809.01632	
4.69784	1846.80997	1846.82887	1809.06742	1809.06868	
4.708032	1846.93226	1846.94232	1809.18729	1809.18212	
4.718193	1847.05415	1847.06449	1809.30677	1809.3043	
4.72838	1847.17639	1847.18667	1809.42659	1809.41774	
4.738501	1847.29785	1847.30884	1809.54564	1809.53992	
4.749094	1847.42506	1847.43101	1809.67034	1809.66209	
4.758799	1847.54147	1847.54446	1809.78444	1809.77553	
4.769007	1847.66391	1847.66663	1809.90446	1809.89771	
4.779119	1847.78528	1847.78881	1810.02342	1810.01115	
4.789226	1847.90659	1847.91098	1810.14233	1810.13333	
4.799491	1848.0298	1848.02443	1810.2631	1810.2555	
4.80956	1848.15056	1848.1466	1810.38147	1810.36895	
4.819752	1848.27287	1848.26877	1810.50136	1810.48239	
4.829946	1848.39518	1848.39094	1810.62124	1810.60457	
4.840017	1848.51603	1848.51312	1810.7397	1810.72674	
4.850136	1848.63746	1848.63529	1810.85873	1810.84019	
4.860305	1848.75949	1848.74874	1810.97834	1810.95363	
4.870512	1848.88199	1848.87091	1811.09842	1811.0758	
4.880652	1849.00364	1848.99308	1811.21766	1811.19798	
4.890774	1849.12515	1849.11526	1811.33676	1811.32015	
4.900953	1849.2473	1849.23743	1811.45649	1811.44232	
4.9111	1849.36905	1849.3596	1811.57583	1811.5645	
4.921242	1849.4908	1849.4905	1811.69517	1811.68667	
4.931336	1849.61186	1849.61267	1811.81383	1811.80884	
4.941526	1849.73416	1849.73485	1811.93371	1811.93102	
4.951669	1849.85584	1849.85702	1812.05298	1812.04446	
4.961851	1849.97806	1849.97919	1812.17278	1812.16664	
4.971986	1850.09967	1850.10137	1812.29198	1812.28008	
4.982187	1850.22208	1850.22354	1812.41197	1812.40226	
4.992316	1850.34362	1850.34571	1812.5311	1812.52443	
5.002461	1850.46533	1850.45916	1812.65041	1812.6466	
5.012608	1850.58715	1850.58133	1812.76981	1812.76877	
5.022823	1850.70973	1850.71223	1812.88996	1812.89095	
5.033036	1850.83225	1850.83441	1813.01005	1813.00439	
5.043161	1850.95372	1850.95658	1813.12912	1813.12657	
5.05328	1851.0752	1851.07875	1813.24819	1813.24874	
5.063542	1851.19833	1851.20092	1813.36889	1813.37091	
5.073606	1851.31907	1851.3231	1813.48724	1813.48436	
5.083763	1851.44007	1851.44527	1813.60584	1813.60653	
5.096102	1851.5861	1851.56744	1813.74898	1813.75489	
5.104042	1851.67964	1851.68962	1813.84067	1813.85088	
5.114187	1851.79861	1851.81179	1813.95728	1813.97305	
5.124358	1851.91727	1851.94269	1814.0736	1814.0865	
5.134571	1852.03579	1852.06486	1814.18977	1814.19994	
5.144729	1852.15306	1852.18704	1814.30471	1814.32212	
5.154866	1852.26946	1852.30921	1814.41881	1814.44429	
5.164991	1852.38512	1852.42265	1814.53218	1814.55774	
5.175192	1852.50103	1852.54483	1814.6458	1814.67118	
5.185325	1852.61555	1852.667	1814.75804	1814.78463	
5.195534	1852.73031	1852.78045	1814.87053	1814.89808	
5.205638	1852.84325	1852.89389	1814.98124	1815.01152	
5.216107	1852.96069	1853.00734	1815.09635	1815.11624	
5.234165	1853.15809	1853.20805	1815.28984	1815.31695	
5.23874	1853.20834	1853.26041	1815.3391	1815.36931	
5.248956	1853.3199	1853.36513	1815.44845	1815.47403	
5.258993	1853.42892	1853.46985	1815.55531	1815.57875	
5.269179	1853.53896	1853.57457	1815.66316	1815.68347	
5.279436	1853.64908	1853.67929	1815.77111	1815.78819	
5.289475	1853.75627	1853.78401	1815.87618	1815.89291	
5.299621	1853.864	1853.88873	1815.98177	1815.99763	
5.309782	1853.97128	1853.99345	1816.08693	1816.10235	
5.320345	1854.08213	1854.09817	1816.19558	1816.20707	
5.330711	1854.19028	1854.20289	1816.3016	1816.31179	
5.340582	1854.29263	1854.30761	1816.40192	1816.41651	
5.350747	1854.39747	1854.41233	1816.50468	1816.52123	
5.360972	1854.50229	1854.51705	1816.60742	1816.61723	
5.371021	1854.6047	1854.62177	1816.70781	1816.71322	
5.381198	1854.70782	1854.71776	1816.80889	1816.81794	
5.391435	1854.81088	1854.82248	1816.9099	1816.91393	
5.401518	1854.91177	1854.91848	1817.0088	1817.00992	
5.411685	1855.01298	1855.0232	1817.108	1817.11464	
5.4218	1855.11298	1855.12792	1817.20602	1817.21064	
5.431967	1855.21293	1855.23263	1817.30399	1817.31536	
5.442101	1855.31185	1855.32863	1817.40095	1817.41135	
5.452227	1855.41015	1855.42462	1817.49731	1817.51607	
5.462407	1855.50835	1855.52934	1817.59356	1817.61206	
5.472535	1855.60541	1855.63406	1817.6887	1817.70806	
5.48271	1855.70234	1855.73878	1817.78371	1817.80405	
5.492899	1855.79875	1855.83477	1817.87821	1817.90004	
5.503037	1855.89408	1855.93077	1817.97165	1817.99604	
5.513191	1855.989	1856.01803	1818.06469	1818.09203	
5.523313	1856.08292	1856.11403	1818.15675	1818.17929	
5.533506	1856.17692	1856.21002	1818.24889	1818.27529	
5.543734	1856.27061	1856.29729	1818.34072	1818.37128	
5.553788	1856.36208	1856.39328	1818.43038	1818.45855	
5.563968	1856.4541	1856.48055	1818.52058	1818.54581	
5.574161	1856.54562	1856.57654	1818.61029	1818.63308	
5.584263	1856.63573	1856.6638	1818.69861	1818.72035	
5.594464	1856.72608	1856.75107	1818.78718	1818.80761	
5.604605	1856.81529	1856.83834	1818.87462	1818.89488	
5.614793	1856.90431	1856.9256	1818.96187	1818.99087	
5.625027	1856.99308	1857.0216	1819.04889	1819.07814	
5.635065	1857.07957	1857.10014	1819.13367	1819.16541	
5.64527	1857.16689	1857.19613	1819.21926	1819.25267	
5.655529	1857.25402	1857.27467	1819.30467	1819.33994	
5.665575	1857.33876	1857.37066	1819.38773	1819.41848	
5.675778	1857.42416	1857.4492	1819.47143	1819.50575	
5.685925	1857.50853	1857.53647	1819.55414	1819.59301	
5.696245	1857.59373	1857.62374	1819.63764	1819.67155	
5.706177	1857.67506	1857.711	1819.71736	1819.75009	
5.716372	1857.75793	1857.78954	1819.7986	1819.83736	
5.726524	1857.83987	1857.86808	1819.87891	1819.9159	
5.736673	1857.92117	1857.95535	1819.9586	1819.99444	
5.746851	1858.00213	1858.03389	1820.03796	1820.07298	
5.757033	1858.08243	1858.11243	1820.11667	1820.15152	
5.767167	1858.16175	1858.19969	1820.19441	1820.23006	
5.777264	1858.24019	1858.28696	1820.2713	1820.3086	
5.787411	1858.31842	1858.35677	1820.34799	1820.38714	
5.797541	1858.39588	1858.44404	1820.42392	1820.46568	
5.807764	1858.47345	1858.52258	1820.49994	1820.53549	
5.817846	1858.54936	1858.60112	1820.57436	1820.6053	
5.827996	1858.62513	1858.67093	1820.64862	1820.68384	
5.838185	1858.7006	1858.74947	1820.7226	1820.76238	
5.856169	1858.83149	1858.82801	1820.85089	1820.88456	
5.86075	1858.86484	1858.91528	1820.88359	1820.91946	
5.870915	1858.93815	1858.98509	1820.95544	1820.98928	
5.881146	1859.01131	1859.05491	1821.02715	1821.05909	
5.891231	1859.08284	1859.12472	1821.09727	1821.1289	
5.901428	1859.15454	1859.18581	1821.16755	1821.18999	
5.911953	1859.22787	1859.24689	1821.23942	1821.2598	
5.922055	1859.29763	1859.30798	1821.30781	1821.32089	
5.932176	1859.36694	1859.36907	1821.37575	1821.3907	
5.942312	1859.43574	1859.43888	1821.44318	1821.46051	
5.952482	1859.50417	1859.50869	1821.51026	1821.53033	
5.962667	1859.57206	1859.5785	1821.5768	1821.59141	
5.972791	1859.63894	1859.64832	1821.64236	1821.6525	
5.983052	1859.70616	1859.71813	1821.70825	1821.72231	
5.993174	1859.77177	1859.78794	1821.77255	1821.79213	
6.003339	1859.83707	1859.85776	1821.83656	1821.85321	
6.013603	1859.90245	1859.91884	1821.90064	1821.9143	
6.023709	1859.96612	1859.98866	1821.96306	1821.98411	
6.033824	1860.02928	1860.04974	1822.02497	1822.03647	
6.04393	1860.09178	1860.11956	1822.08623	1822.10629	
6.054197	1860.15467	1860.18064	1822.14788	1822.16737	
6.064295	1860.21592	1860.24173	1822.20791	1822.22846	
6.074433	1860.27677	1860.30282	1822.26755	1822.28955	
6.084588	1860.33713	1860.3639	1822.32672	1822.35063	
6.097001	1860.40999	1860.42499	1822.39814	1822.41172	
6.112754	1860.5007	1860.52971	1822.48705	1822.51644	
6.117297	1860.52688	1860.55589	1822.51271	1822.54262	
6.127484	1860.58485	1860.60825	1822.56954	1822.59498	
6.1376	1860.64181	1860.66934	1822.62537	1822.64734	
6.14774	1860.69827	1860.73042	1822.68072	1822.6997	
6.157889	1860.75422	1860.78278	1822.73555	1822.76078	
6.168094	1860.80984	1860.83514	1822.79007	1822.82187	
6.17825	1860.86458	1860.8875	1822.84373	1822.87423	
6.188423	1860.9188	1860.93986	1822.89687	1822.92659	
6.198502	1860.97192	1860.99222	1822.94895	1822.97022	
6.209078	1861.02701	1861.04458	1823.00294	1823.02258	
6.218792	1861.07703	1861.09694	1823.05197	1823.06622	
6.228959	1861.12878	1861.1493	1823.1027	1823.11858	
6.239083	1861.17972	1861.20166	1823.15262	1823.17094	
6.249212	1861.23007	1861.24529	1823.20198	1823.2233	
6.259401	1861.28013	1861.29765	1823.25105	1823.26693	
6.26974	1861.33027	1861.34129	1823.30019	1823.31929	
6.279825	1861.37858	1861.39365	1823.34755	1823.36292	
6.28989	1861.42621	1861.44601	1823.39423	1823.41528	
6.300031	1861.47359	1861.49837	1823.44068	1823.46764	
6.310204	1861.52048	1861.542	1823.48664	1823.50255	
6.320432	1861.56704	1861.59436	1823.53228	1823.55491	
6.330562	1861.61254	1861.63799	1823.57687	1823.60727	
6.340713	1861.65753	1861.68163	1823.62098	1823.6509	
6.350887	1861.70201	1861.72526	1823.66458	1823.69454	
6.36108	1861.74598	1861.77762	1823.70767	1823.73817	
6.371247	1861.78924	1861.81253	1823.75008	1823.7818	
6.381388	1861.83174	1861.86489	1823.79174	1823.82544	
6.391645	1861.87414	1861.89979	1823.83329	1823.86907	
6.401697	1861.91509	1861.94343	1823.87343	1823.90397	
6.413097	1861.96074	1861.98706	1823.91818	1823.94761	
6.423184	1862.00056	1862.03069	1823.95721	1823.99124	
6.433299	1862.03989	1862.07433	1823.99576	1824.02615	
6.443442	1862.07873	1862.10923	1824.03383	1824.06105	
6.453582	1862.11697	1862.14414	1824.07131	1824.10469	
6.46375	1862.15469	1862.17905	1824.10829	1824.13959	
6.473906	1862.19178	1862.21395	1824.14465	1824.1745	
6.484073	1862.22829	1862.24886	1824.18043	1824.20941	
6.49425	1862.26425	1862.28377	1824.21568	1824.24431	
6.504385	1862.29944	1862.31867	1824.25018	1824.27922	
6.514533	1862.3341	1862.35358	1824.28415	1824.3054	
6.524699	1862.36818	1862.38848	1824.31756	1824.34031	
6.534891	1862.40177	1862.42339	1824.35048	1824.37521	
6.545104	1862.43482	1862.4583	1824.38287	1824.41012	
6.555158	1862.46676	1862.48448	1824.41418	1824.44503	
6.565343	1862.49853	1862.51066	1824.44532	1824.47121	
6.575562	1862.52978	1862.54556	1824.47596	1824.49739	
6.585679	1862.56014	1862.58047	1824.50571	1824.53229	
6.59581	1862.58993	1862.60665	1824.53492	1824.55847	
6.605965	1862.61919	1862.63283	1824.5636	1824.58465	
6.616148	1862.64795	1862.66774	1824.59178	1824.61956	
6.626279	1862.67595	1862.69392	1824.61923	1824.63701	
6.636422	1862.7034	1862.7201	1824.64613	1824.67192	
6.646587	1862.73031	1862.74628	1824.67251	1824.68937	
6.657259	1862.75937	1862.77246	1824.701	1824.72428	
6.666942	1862.78239	1862.79864	1824.72356	1824.74173	
6.677055	1862.80746	1862.82482	1824.74813	1824.76791	
6.687524	1862.83263	1862.851	1824.7728	1824.79409	
6.697292	1862.85563	1862.87718	1824.79535	1824.82027	
6.707642	1862.87939	1862.90336	1824.81864	1824.84645	
6.717599	1862.90168	1862.92954	1824.84049	1824.86391	
6.727766	1862.92385	1862.94699	1824.86222	1824.89009	
6.737878	1862.94532	1862.96444	1824.88327	1824.90754	
6.748023	1862.96627	1862.99062	1824.9038	1824.93372	
6.758287	1862.98686	1863.00808	1824.92398	1824.95117	
6.768399	1863.00656	1863.03426	1824.9433	1824.96863	
6.778476	1863.02563	1863.05171	1824.96198	1824.98608	
6.788619	1863.04423	1863.06916	1824.98021	1825.00353	
6.799274	1863.06312	1863.08662	1824.99873	1825.02099	
6.808989	1863.07983	1863.10407	1825.01511	1825.03844	
6.819085	1863.09661	1863.1128	1825.03156	1825.04717	
6.829182	1863.11281	1863.13025	1825.04744	1825.06462	
6.839398	1863.12863	1863.13898	1825.06295	1825.07335	
6.849482	1863.14367	1863.15643	1825.07769	1825.0908	
6.859655	1863.15827	1863.17388	1825.092	1825.10825	
6.877645	1863.18189	1863.19134	1825.11515	1825.12571	
6.882176	1863.18789	1863.20006	1825.12104	1825.12571	
6.892368	1863.20068	1863.20879	1825.13357	1825.14316	
6.902562	1863.2129	1863.22624	1825.14554	1825.14316	
6.91407	1863.22592	1863.23497	1825.15831	1825.16061	
6.924182	1863.23685	1863.2437	1825.16902	1825.16934	
6.93433	1863.24726	1863.25242	1825.17923	1825.17807	
6.944439	1863.25709	1863.26115	1825.18886	1825.19552	
6.95458	1863.2664	1863.2786	1825.19799	1825.19552	
6.96475	1863.27519	1863.2786	1825.2066	1825.21297	
6.974999	1863.28349	1863.28733	1825.21474	1825.21297	
6.985183	1863.29121	1863.29606	1825.2223	1825.23043	
6.995301	1863.29834	1863.30478	1825.2293	1825.23043	
7.005475	1863.305	1863.31351	1825.23582	1825.23915	
7.015913	1863.31126	1863.31351	1825.24196	1825.24788	
7.025786	1863.31671	1863.32224	1825.24731	1825.24788	
7.035924	1863.32181	1863.33096	1825.2523	1825.24788	
7.046074	1863.32642	1863.33096	1825.25682	1825.25661	
7.056228	1863.33054	1863.33969	1825.26086	1825.26533	
7.066366	1863.33419	1863.34842	1825.26444	1825.26533	
7.076513	1863.33739	1863.34842	1825.26757	1825.26533	
7.086671	1863.34015	1863.34842	1825.27028	1825.26533	
7.098976	1863.34283	1863.34842	1825.27291	1825.26533	
7.107002	1863.34441	1863.34842	1825.27446	1825.26533	
7.117096	1863.346	1863.34842	1825.27601	1825.26533	
7.127249	1863.35058	1863.34842	1825.2805	1825.26533	
7.137364	1863.35058	1863.34842	1825.2805	1825.26533	
7.147522	1863.35058	1863.34842	1825.2805	1825.26533	
7.157666	1863.35058	1863.34842	1825.2805	1825.26533	
7.167848	1863.35058	1863.34842	1825.2805	1825.26533	
7.177958	1863.35058	1863.34842	1825.2805	1825.26533	
7.188114	1863.35058	1863.34842	1825.2805	1825.25661	
7.198334	1863.35058	1863.34842	1825.2805	1825.25661	
7.208484	1863.35058	1863.34842	1825.2805	1825.25661	
7.218549	1863.35058	1863.34842	1825.2805	1825.26533	
7.228867	1863.35058	1863.34842	1825.2805	1825.26533	
7.238981	1863.35058	1863.34842	1825.2805	1825.26533	
7.249158	1863.35058	1863.34842	1825.2805	1825.26533	
7.259273	1863.35058	1863.34842	1825.2805	1825.26533	
7.269396	1863.35058	1863.34842	1825.2805	1825.26533	
7.279657	1863.35058	1863.34842	1825.2805	1825.25661	
7.289904	1863.35058	1863.34842	1825.2805	1825.25661	
7.299874	1863.35058	1863.34842	1825.2805	1825.26533	
7.310393	1863.35058	1863.34842	1825.2805	1825.26533	
7.320479	1863.35058	1863.34842	1825.2805	1825.26533	
7.330597	1863.35058	1863.34842	1825.2805	1825.26533	
7.34076	1863.35058	1863.34842	1825.2805	1825.26533	
7.350905	1863.35058	1863.34842	1825.2805	1825.26533	
7.361164	1863.35058	1863.34842	1825.2805	1825.26533	
7.371234	1863.35058	1863.34842	1825.2805	1825.26533	
7.381389	1863.35058	1863.34842	1825.2805	1825.26533	
7.391604	1863.35058	1863.34842	1825.2805	1825.26533	
7.401675	1863.35058	1863.34842	1825.2805	1825.26533	
7.412544	1863.35058	1863.34842	1825.2805	1825.26533	
7.421985	1863.35058	1863.34842	1825.2805	1825.26533	
7.432118	1863.35058	1863.34842	1825.2805	1825.26533	
7.442238	1863.35058	1863.34842	1825.2805	1825.26533	
7.45239	1863.35058	1863.34842	1825.2805	1825.26533	
7.462589	1863.35058	1863.34842	1825.2805	1825.26533	
7.472713	1863.35058	1863.34842	1825.2805	1825.26533	
7.482855	1863.35058	1863.34842	1825.2805	1825.26533	
7.493015	1863.35058	1863.34842	1825.2805	1825.26533	
7.503184	1863.35058	1863.34842	1825.2805	1825.26533	
7.513351	1863.35058	1863.34842	1825.2805	1825.26533	
7.523574	1863.35058	1863.34842	1825.2805	1825.26533	
7.533682	1863.35058	1863.34842	1825.2805	1825.26533	
7.543874	1863.35058	1863.34842	1825.2805	1825.26533	
7.553961	1863.35058	1863.34842	1825.2805	1825.26533	
7.564127	1863.35058	1863.34842	1825.2805	1825.26533	
7.574362	1863.35058	1863.34842	1825.2805	1825.26533	
7.584465	1863.35058	1863.34842	1825.2805	1825.26533	
7.594617	1863.35058	1863.34842	1825.2805	1825.26533	
7.604757	1863.35058	1863.34842	1825.2805	1825.26533	
7.614971	1863.35058	1863.34842	1825.2805	1825.26533	
7.625211	1863.35058	1863.34842	1825.2805	1825.26533	
7.63529	1863.35058	1863.34842	1825.2805	1825.26533	
7.645456	1863.35058	1863.34842	1825.2805	1825.26533	
7.655637	1863.35058	1863.34842	1825.2805	1825.26533	
7.66578	1863.35058	1863.34842	1825.2805	1825.26533	
7.675892	1863.35058	1863.34842	1825.2805	1825.26533	
7.686039	1863.35058	1863.34842	1825.2805	1825.26533	
7.696213	1863.35058	1863.34842	1825.2805	1825.26533	
7.706292	1863.35058	1863.34842	1825.2805	1825.26533	
7.716496	1863.35058	1863.34842	1825.2805	1825.26533	
7.727028	1863.35058	1863.34842	1825.2805	1825.26533	
7.73682	1863.35058	1863.34842	1825.2805	1825.26533	
7.746988	1863.35058	1863.34842	1825.2805	1825.26533	
7.757177	1863.35058	1863.34842	1825.2805	1825.26533	
7.767235	1863.35058	1863.34842	1825.2805	1825.26533	
7.777638	1863.35058	1863.34842	1825.2805	1825.26533	
7.787572	1863.35058	1863.34842	1825.2805	1825.26533	
7.797695	1863.35058	1863.34842	1825.2805	1825.26533	
7.807904	1863.35058	1863.34842	1825.2805	1825.26533	
7.817982	1863.35058	1863.34842	1825.2805	1825.26533	
7.828138	1863.35058	1863.34842	1825.2805	1825.26533	
7.838425	1863.35058	1863.34842	1825.2805	1825.26533	
7.848459	1863.35058	1863.34842	1825.2805	1825.26533	
7.858651	1863.35058	1863.34842	1825.2805	1825.26533	
7.868753	1863.35058	1863.34842	1825.2805	1825.26533	
7.879132	1863.35058	1863.34842	1825.2805	1825.26533	
7.88911	1863.35058	1863.34842	1825.2805	1825.26533	
7.899222	1863.35058	1863.34842	1825.2805	1825.26533	
7.909347	1863.35058	1863.34842	1825.2805	1825.26533	
7.919532	1863.35058	1863.34842	1825.2805	1825.26533	
7.929898	1863.35058	1863.34842	1825.2805	1825.26533	
7.939898	1863.35058	1863.34842	1825.2805	1825.26533	
7.949936	1863.35058	1863.34842	1825.2805	1825.26533	
7.960133	1863.35058	1863.34842	1825.2805	1825.26533	
7.970258	1863.35058	1863.34842	1825.2805	1825.26533	
7.980403	1863.35058	1863.34842	1825.2805	1825.26533	
7.990581	1863.35058	1863.34842	1825.2805	1825.26533	
8.000724	1863.35058	1863.34842	1825.2805	1825.26533	
8.010866	1863.35058	1863.34842	1825.2805	1825.26533	
8.021055	1863.35058	1863.34842	1825.2805	1825.26533	
8.031197	1863.35058	1863.34842	1825.2805	1825.26533	
8.041387	1863.35058	1863.34842	1825.2805	1825.26533	
8.051532	1863.35058	1863.34842	1825.2805	1825.26533	
8.061683	1863.35058	1863.34842	1825.2805	1825.26533	
8.071903	1863.35058	1863.34842	1825.2805	1825.26533	
8.081995	1863.35058	1863.34842	1825.2805	1825.26533	
8.092157	1863.35058	1863.34842	1825.2805	1825.26533	
8.112255	1863.35058	1863.34842	1825.2805	1825.26533	
8.116788	1863.35058	1863.34842	1825.2805	1825.26533	
8.127025	1863.35058	1863.34842	1825.2805	1825.26533	
8.13721	1863.35058	1863.34842	1825.2805	1825.26533	
8.147314	1863.35058	1863.34842	1825.2805	1825.26533	
8.15745	1863.35058	1863.34842	1825.2805	1825.26533	
8.167636	1863.35058	1863.34842	1825.2805	1825.26533	
8.177743	1863.35058	1863.34842	1825.2805	1825.26533	
8.187867	1863.35058	1863.34842	1825.2805	1825.26533	
8.198002	1863.35058	1863.34842	1825.2805	1825.26533	
8.208172	1863.35058	1863.34842	1825.2805	1825.26533	
8.218372	1863.35058	1863.34842	1825.2805	1825.26533	
8.228467	1863.35058	1863.34842	1825.2805	1825.26533	
8.238599	1863.35058	1863.34842	1825.2805	1825.26533	
8.249002	1863.35058	1863.34842	1825.2805	1825.26533	
8.258918	1863.35058	1863.34842	1825.2805	1825.26533	
8.270851	1863.35058	1863.34842	1825.2805	1825.26533	
8.280959	1863.35058	1863.34842	1825.2805	1825.26533	
8.291082	1863.35058	1863.34842	1825.2805	1825.26533	
8.301319	1863.35058	1863.34842	1825.2805	1825.26533	
8.311436	1863.35058	1863.34842	1825.2805	1825.26533	
8.321579	1863.35058	1863.34842	1825.2805	1825.26533	
8.331752	1863.35058	1863.34842	1825.2805	1825.26533	
8.341876	1863.35058	1863.34842	1825.2805	1825.26533	
8.35208	1863.35058	1863.34842	1825.2805	1825.26533	
8.362255	1863.35058	1863.34842	1825.2805	1825.26533	
8.372389	1863.35058	1863.34842	1825.2805	1825.26533	
8.382589	1863.35058	1863.34842	1825.2805	1825.26533	
8.392674	1863.35058	1863.34842	1825.2805	1825.26533	
8.402863	1863.35058	1863.34842	1825.2805	1825.26533	
8.414502	1863.35058	1863.34842	1825.2805	1825.26533	
8.42312	1863.35058	1863.34842	1825.2805	1825.26533	
8.433325	1863.35058	1863.34842	1825.2805	1825.26533	
8.443423	1863.35058	1863.34842	1825.2805	1825.26533	
8.453581	1863.35058	1863.34842	1825.2805	1825.26533	
8.463845	1863.35058	1863.34842	1825.2805	1825.26533	
8.473899	1863.35058	1863.34842	1825.2805	1825.26533	
8.484038	1863.35058	1863.34842	1825.2805	1825.26533	
8.494193	1863.35058	1863.34842	1825.2805	1825.26533	
8.504336	1863.35058	1863.34842	1825.2805	1825.26533	
8.514516	1863.35058	1863.34842	1825.2805	1825.26533	
8.524696	1863.35058	1863.34842	1825.2805	1825.26533	
8.534838	1863.35058	1863.34842	1825.2805	1825.26533	
8.545007	1863.35058	1863.34842	1825.2805	1825.26533	
8.555106	1863.35058	1863.34842	1825.2805	1825.26533	
8.565352	1863.35058	1863.34842	1825.2805	1825.26533	
8.575476	1863.35058	1863.34842	1825.2805	1825.26533	
8.585624	1863.35058	1863.34842	1825.2805	1825.26533	
8.595873	1863.35058	1863.34842	1825.2805	1825.26533	
8.606107	1863.35058	1863.34842	1825.2805	1825.26533	
8.61612	1863.35058	1863.34842	1825.2805	1825.26533	
8.626226	1863.35058	1863.34842	1825.2805	1825.26533	
8.636344	1863.35058	1863.34842	1825.2805	1825.26533	
8.646564	1863.35058	1863.34842	1825.2805	1825.26533	
8.656958	1863.35058	1863.34842	1825.2805	1825.26533	
8.666843	1863.35058	1863.34842	1825.2805	1825.26533	
8.677016	1863.35058	1863.34842	1825.2805	1825.26533	
8.687166	1863.35058	1863.34842	1825.2805	1825.26533	
8.697344	1863.35058	1863.34842	1825.2805	1825.26533	
8.707394	1863.35058	1863.34842	1825.2805	1825.26533	
8.717648	1863.35058	1863.34842	1825.2805	1825.26533	
8.727752	1863.35058	1863.34842	1825.2805	1825.26533	
8.737857	1863.35058	1863.34842	1825.2805	1825.26533	
8.748004	1863.35058	1863.34842	1825.2805	1825.26533	
8.758143	1863.35058	1863.34842	1825.2805	1825.26533	
8.768851	1863.35058	1863.34842	1825.2805	1825.26533	
8.778508	1863.35058	1863.34842	1825.2805	1825.26533	
8.788608	1863.35058	1863.34842	1825.2805	1825.26533	
8.798777	1863.35058	1863.34842	1825.2805	1825.26533	
8.808886	1863.35058	1863.34842	1825.2805	1825.26533	
8.819146	1863.35058	1863.34842	1825.2805	1825.26533	
8.829194	1863.35058	1863.34842	1825.2805	1825.26533	
8.839355	1863.35058	1863.34842	1825.2805	1825.26533	
8.849493	1863.35058	1863.34842	1825.2805	1825.26533	
8.859617	1863.35058	1863.34842	1825.2805	1825.26533	
8.878129	1863.35058	1863.34842	1825.2805	1825.26533	
8.882729	1863.35058	1863.34842	1825.2805	1825.26533	
8.89287	1863.35058	1863.34842	1825.2805	1825.26533	
8.90304	1863.35058	1863.34842	1825.2805	1825.26533	
8.914667	1863.35058	1863.34842	1825.2805	1825.26533	
8.923309	1863.35058	1863.34842	1825.2805	1825.26533	
8.933445	1863.35058	1863.34842	1825.2805	1825.26533	
8.94359	1863.35058	1863.34842	1825.2805	1825.26533	
8.953713	1863.35058	1863.34842	1825.2805	1825.26533	
8.963893	1863.35058	1863.34842	1825.2805	1825.26533	
8.974012	1863.35058	1863.34842	1825.2805	1825.26533	
8.984267	1863.35058	1863.34842	1825.2805	1825.26533	
8.994348	1863.35058	1863.34842	1825.2805	1825.26533	
9.004497	1863.35058	1863.34842	1825.2805	1825.26533	
9.014656	1863.35058	1863.34842	1825.2805	1825.26533	
9.024824	1863.35058	1863.34842	1825.2805	1825.26533	
