0.03777011	-0.0610865238	-0.0610865238	0.200712864	0.200712864	
0.04253199	-0.0608832047	-0.0610865238	0.200912157	0.200712864	
0.05274875	-0.0596519276	-0.0610865238	0.202119052	0.200712864	
0.06299451	-0.0577866843	-0.0610865238	0.20394736	0.200712864	
0.07301827	-0.0553669746	-0.0523598776	0.206319155	0.200712864	
0.08347002	-0.0521727316	-0.0523598776	0.209450145	0.20943951	
0.09367178	-0.0484404178	-0.0523598776	0.213108552	0.20943951	
0.1038065	-0.0441125004	-0.0523598776	0.217350768	0.20943951	
0.1139633	-0.0391648633	-0.0523598776	0.222200432	0.20943951	
0.1241511	-0.0335743702	-0.0523598776	0.227680223	0.20943951	
0.1342508	-0.0274200974	-0.0523598776	0.233712628	0.20943951	
0.1443826	-0.0206313332	-0.0523598776	0.240366962	0.20943951	
0.1545843	-0.013170686	-0.0523598776	0.247679873	0.20943951	
0.1647321	-0.00512911454	-0.0436332313	0.255562206	0.218166156	
0.1751919	0.00382246116	-0.0436332313	0.264336523	0.226892803	
0.1850596	0.0128329803	-0.0436332313	0.273168616	0.226892803	
0.1951894	0.0227072663	-0.0436332313	0.282847371	0.244346095	
0.2169109	0.0474762419	-0.034906585	0.307125872	0.261799388	
0.2215668	0.0526699531	-0.034906585	0.312216737	0.261799388	
0.2315735	0.064603707	-0.0174532925	0.323914179	0.27925268	
0.2416913	0.0772912634	-0.00872664626	0.336350497	0.296705973	
0.252202	0.0911540471	0	0.34993877	0.305432619	
0.2620158	0.104640059	0.00872664626	0.363157732	0.314159265	
0.2721346	0.119174525	0.0174532925	0.377404387	0.331612558	
0.2822913	0.134383602	0.034906585	0.392312295	0.340339204	
0.2924001	0.150137319	0.0436332313	0.407754056	0.34906585	
0.3025878	0.166636133	0.0610865238	0.423926161	0.366519143	
0.3127396	0.183699244	0.0698131701	0.440651389	0.375245789	
0.3229634	0.201498423	0.0959931089	0.458098108	0.383972435	
0.3330141	0.219611729	0.104719755	0.475852736	0.401425728	
0.3432119	0.238603092	0.130899694	0.494468032	0.41887902	
0.3533596	0.258127134	0.148352986	0.513605459	0.436332313	
0.3635184	0.278293982	0.174532925	0.533372964	0.453785606	
0.3736992	0.299120796	0.191986218	0.553787366	0.471238898	
0.3838479	0.32050113	0.20943951	0.574744327	0.497418837	
0.3939537	0.342404491	0.235619449	0.596213957	0.523598776	
0.4041794	0.365201363	0.261799388	0.618559407	0.541052068	
0.4143192	0.388416196	0.287979327	0.64131454	0.567232007	
0.424484	0.412313758	0.314159265	0.664738882	0.593411946	
0.4345917	0.436681244	0.340339204	0.688623844	0.610865238	
0.4448085	0.461948662	0.366519143	0.713390917	0.637045177	
0.4550292	0.487853029	0.392699082	0.738782327	0.663225116	
0.465154	0.514121043	0.41887902	0.764530182	0.689405055	
0.4753077	0.541083685	0.445058959	0.79095891	0.715584993	
0.4855525	0.568923233	0.479965544	0.81824718	0.741764932	
0.4956093	0.596850233	0.506145483	0.84562117	0.767944871	
0.50629	0.627252752	0.541052068	0.875421659	0.802851456	
0.5159728	0.655292963	0.575958653	0.902906618	0.837758041	
0.5260645	0.685153241	0.602138592	0.932175604	0.86393798	
0.5361963	0.715754817	0.637045177	0.962171207	0.890117919	
0.5463941	0.74719741	0.663225116	0.992991175	0.925024504	
0.5565018	0.778957091	0.698131701	1.02412195	0.959931089	
0.5668966	0.812285649	0.733038286	1.05679054	0.994837674	
0.5769693	0.845174375	0.767944871	1.089028	1.02974426	
0.5871201	0.878941727	0.802851456	1.12212669	1.06465084	
0.5973259	0.913515216	0.846484687	1.15601556	1.09955743	
0.6073896	0.94821092	0.881391272	1.19002422	1.12573737	
0.6175904	0.984014615	0.916297857	1.22511893	1.16064395	
0.6277441	1.02028166	0.951204442	1.26066782	1.19555054	
0.6379219	1.05723483	0.994837674	1.29688924	1.23045712	
0.6480477	1.09461634	1.02974426	1.33353052	1.27409035	
0.6582014	1.13271289	1.06465084	1.37087268	1.30899694	
0.6683482	1.17142379	1.09955743	1.40881703	1.34390352	
0.6785479	1.21095909	1.14319066	1.44756946	1.37881011	
0.6886697	1.25078057	1.18682389	1.48660239	1.42244334	
0.6987975	1.29219779	1.22173048	1.52719947	1.46607657	
0.7090262	1.3327645	1.27409035	1.56696288	1.50098316	
0.719339	1.37526984	1.31772359	1.60862653	1.53588974	
0.7293157	1.41695269	1.36135682	1.64948397	1.57952297	
0.7396215	1.46068356	1.40499005	1.69234888	1.6231562	
0.7498222	1.50456856	1.44862328	1.73536488	1.66678944	
0.759995	1.54895738	1.49225651	1.77887471	1.71042267	
0.7700918	1.59362382	1.53588974	1.82265666	1.7540559	
0.7802745	1.6392954	1.57952297	1.86742386	1.79768913	
0.7903793	1.68523193	1.6231562	1.91245076	1.85004901	
0.800507	1.73188448	1.67551608	1.95817949	1.88495559	
0.8106588	1.77926658	1.72787596	2.00462333	1.93731547	
0.8208946	1.82769116	1.77150919	2.05208901	1.9809487	
0.8310423	1.87629072	1.81514242	2.09972621	2.02458193	
0.8411981	1.92557219	1.8675023	2.1480318	2.07694181	
0.8527968	1.98269644	1.91986218	2.20402487	2.12930169	
0.8619836	2.02836652	1.96349541	2.2487906	2.18166156	
0.8716194	2.07685449	2.01585529	2.29631841	2.2252948	
0.8817701	2.12856267	2.05948852	2.34700267	2.27765467	
0.8918849	2.18070536	2.12057504	2.39811283	2.32128791	
0.9020186	2.23355215	2.16420827	2.44991315	2.37364778	
0.9122424	2.28753028	2.2252948	2.5028224	2.42600766	
0.9223612	2.34152793	2.27765467	2.55575079	2.47836754	
0.9324699	2.39610115	2.33001455	2.60924336	2.53072742	
0.9426307	2.45158171	2.38237443	2.66362529	2.58308729	
0.9528514	2.50801301	2.44346095	2.71893914	2.63544717	
0.9636042	2.56810383	2.49582083	2.77784004	2.69653369	
0.9737819	2.62557474	2.55690735	2.83417291	2.74889357	
0.9835787	2.68144161	2.61799388	2.88893351	2.8099801	
0.9937465	2.74006774	2.67035376	2.94639872	2.86233997	
1.00391	2.79929631	2.72271363	3.00445446	2.91469985	
1.014072	2.85912679	2.7925268	3.06310017	2.97578637	
1.024187	2.91928077	2.84488668	3.12206299	3.0368729	
1.034335	2.9802862	2.91469985	3.18186039	3.08923278	
1.044716	3.04336464	2.96705973	3.24368974	3.1503193	
1.054697	3.1045133	3.0368729	3.30362754	3.21140582	
1.064842	3.16733932	3.09795942	3.36520949	3.27249235	
1.075068	3.23130323	3.15904595	3.42790678	3.33357887	
1.085202	3.29530524	3.22885912	3.49064142	3.3946654	
1.095317	3.35978775	3.28994564	3.55384705	3.45575192	
1.105466	3.42511249	3.35975881	3.61787823	3.52556509	
1.11563	3.4911409	3.42084533	3.68259915	3.58665161	
1.125773	3.5576692	3.4906585	3.74781006	3.64773814	
1.135905	3.62475452	3.56047167	3.81356696	3.71755131	
1.146096	3.69284214	3.63028484	3.88030631	3.77863783	
1.156325	3.76179903	3.70009801	3.94789771	3.848451	
1.166422	3.83047355	3.76118454	4.01521235	3.91826417	
1.176541	3.89991959	3.83099771	4.08328322	3.98807734	
1.186682	3.9701203	3.90081088	4.15209381	4.04916386	
1.196913	4.04160301	3.97062405	4.22216102	4.11897703	
1.207124	4.11356409	4.04043722	4.29269713	4.1887902	
1.217261	4.18563254	4.11025039	4.36333848	4.26733002	
1.227413	4.25836146	4.1887902	4.43462723	4.33714319	
1.237632	4.33225712	4.25860337	4.5070596	4.40695636	
1.247726	4.40583469	4.32841654	4.5791802	4.48549618	
1.257853	4.48029138	4.40695636	4.65216249	4.55530935	
1.268077	4.55606899	4.48549618	4.72643956	4.62512252	
1.286283	4.69346819	4.55530935	4.86111798	4.76474886	
1.290777	4.72728443	4.6600291	4.8942646	4.7909288	
1.300986	4.8050352	4.73856892	4.97047574	4.86946861	
1.311153	4.88297758	4.81710874	5.04687471	4.93928178	
1.32127	4.96117959	4.86946861	5.12352816	5.0178216	
1.331739	5.04285031	4.93928178	5.20358164	5.09636142	
1.341696	5.12100711	5.00909495	5.28019078	5.18362788	
1.351748	5.20055851	5.07890812	5.35816691	5.25344105	
1.361868	5.28126462	5.15744794	5.43727488	5.34070751	
1.372439	5.36626033	5.23598776	5.5205875	5.41924733	
1.382184	5.44513645	5.32325422	5.59790172	5.49778714	
1.392279	5.52746787	5.41052068	5.67860281	5.57632696	
1.402451	5.61105863	5.49778714	5.76053831	5.65486678	
1.412562	5.69477622	5.58505361	5.84259813	5.74213324	
1.422749	5.77979028	5.68104672	5.92592874	5.8293997	
1.440687	5.93170526	5.83812635	6.0748355	5.96902604	
1.445171	5.96962158	5.88175958	6.112001	6.01265927	
1.455286	6.05595702	5.96902604	6.19662683	6.09119909	
1.465552	6.14427044	6.06501915	6.28319147	6.1871922	
1.475693	6.23205314	6.15228561	6.3692359	6.26573201	
1.485826	6.32036453	6.24827872	6.45579856	6.35299848	
1.495988	6.40959312	6.33554518	6.54326024	6.44026494	
1.506136	6.49932532	6.42281165	6.63121556	6.53625805	
1.516343	6.59018826	6.51880476	6.72027924	6.63225116	
1.52643	6.68058077	6.61479787	6.8088818	6.71951762	
1.536555	6.77192085	6.71079097	6.89841316	6.81551073	
1.546764	6.86471077	6.80678408	6.98936566	6.91150384	
1.556909	6.95746158	6.90277719	7.08027981	6.9987703	
1.567309	7.05322885	6.9987703	7.17415071	7.09476341	
1.577422	7.14693017	7.09476341	7.26599656	7.19075652	
1.587538	7.24134838	7.19075652	7.3585451	7.27802298	
1.597762	7.33733885	7.28674963	7.45263477	7.38274274	
1.607868	7.43283974	7.38274274	7.54624455	7.4700092	
1.618009	7.52928939	7.4700092	7.64078431	7.56600231	
1.628217	7.62702281	7.57472895	7.73658241	7.66199542	
1.638335	7.72449655	7.67072206	7.83212598	7.75798853	
1.648459	7.82262367	7.76671517	7.92830999	7.85398163	
1.658613	7.92169046	7.87143493	8.02541506	7.94997474	
1.66876	8.02129673	7.96742804	8.12304893	8.04596785	
1.678993	8.12241801	8.06342114	8.2221678	8.15068761	
1.689031	8.22217214	8.1681409	8.31994661	8.23795407	
1.699187	8.32373147	8.26413401	8.41949485	8.34267382	
1.709389	8.426326	8.36012712	8.52005781	8.43866693	
1.719778	8.5315671	8.46484687	8.62321493	8.54338669	
1.7297	8.63252473	8.56956663	8.7221734	8.6393798	
1.739769	8.73565303	8.66555974	8.82325955	8.74409955	
1.750035	8.84145824	8.77027949	8.92696961	8.84881931	
1.760488	8.94984161	8.87499925	9.03320678	8.95353906	
1.7703	9.05211719	8.979719	9.1334571	9.05825882	
1.78048	9.15887251	9.08443876	9.23809845	9.16297857	
1.79058	9.26535597	9.18915851	9.34247333	9.26769833	
1.800693	9.37266498	9.30260491	9.44765741	9.37241808	
1.81086	9.48114752	9.40732467	9.55399178	9.47713784	
1.821021	9.59015299	9.51204442	9.66083872	9.58185759	
1.831199	9.69998446	9.62549082	9.76849531	9.68657735	
1.841386	9.81052503	9.73021058	9.87684696	9.7912971	
1.852819	9.93550254	9.83493033	9.99934967	9.89601686	
1.861707	10.032929	9.94837674	10.0948469	10.0007366	
1.871759	10.1438321	10.0530965	10.2035539	10.1054564	
1.881925	10.2566948	10.1665429	10.3141817	10.2101761	
1.892043	10.369526	10.2799893	10.4247786	10.3236225	
1.902181	10.4832423	10.384709	10.5362431	10.4370689	
1.912345	10.5978481	10.4981555	10.6485795	10.5417887	
1.922481	10.7127763	10.6116019	10.7612319	10.6639617	
1.932609	10.8282406	10.7250483	10.8744097	10.7686815	
1.94293	10.9465848	10.8384947	10.9904105	10.8821279	
1.952982	11.0623631	10.9606677	11.1038962	10.9955743	
1.963073	11.1795761	11.0828408	11.2187881	11.1177473	
1.973239	11.2975913	11.2050138	11.3344664	11.2224671	
1.983386	11.4164235	11.3184602	11.4509455	11.3446401	
1.993546	11.535886	11.4493599	11.5680424	11.4668132	
2.004011	11.6596982	11.5715329	11.6894028	11.5889862	
2.014165	11.780417	11.693706	11.8077312	11.7111593	
2.024272	11.9011645	11.815879	11.9260876	11.8246057	
2.034423	12.023045	11.9380521	12.0455546	11.9467787	
2.044621	12.145457	12.0602251	12.1655426	12.0689518	
2.054779	12.267329	12.1823982	12.2850013	12.1911248	
2.064907	12.388865	12.3045712	12.4041307	12.3132979	
2.075076	12.511301	12.4267443	12.5241422	12.4441976	
2.085262	12.633125	12.557644	12.6435538	12.5663706	
2.095425	12.755093	12.6885437	12.7631066	12.6885437	
2.105559	12.876689	12.8107167	12.8822948	12.8107167	
2.115727	12.998729	12.9416164	13.0019181	12.9328898	
2.125909	13.120889	13.0725161	13.1216591	13.0637895	
2.135992	13.241897	13.1946891	13.2402709	13.1859625	
2.146199	13.364405	13.3168622	13.360353	13.3081355	
2.15639	13.486649	13.4477619	13.4801764	13.4303086	
2.16652	13.608245	13.5699349	13.5993645	13.5524816	
2.176662	13.729937	13.7008346	13.7186468	13.6746547	
2.186774	13.851293	13.8230077	13.8375997	13.7968277	
2.196933	13.973177	13.9451807	13.9570701	13.9190008	
2.207404	14.098853	14.0760804	14.0802575	14.0499005	
2.21753	14.220353	14.1982535	14.1993516	14.1720735	
2.227667	14.342009	14.3291532	14.3185985	14.2942466	
2.237886	14.464637	14.4513262	14.4387983	14.407693	
2.24799	14.585909	14.5734993	14.5576688	14.529866	
2.258152	14.707829	14.6869457	14.6771746	14.6433124	
2.268333	14.830001	14.8091187	14.7969273	14.7654855	
2.278465	14.951573	14.9312918	14.916092	14.8876585	
2.288611	15.073361	15.0447382	15.0354683	15.0011049	
2.298793	15.196229	15.1669112	15.1559033	15.123278	
2.308952	15.317441	15.2890842	15.2747151	15.245451	
2.319164	15.439985	15.4112573	15.3948324	15.3588974	
2.32924	15.560897	15.5334303	15.5133501	15.4810705	
2.339449	15.683453	15.6556034	15.6334793	15.6032435	
2.349598	15.805181	15.7777764	15.7527968	15.7254166	
2.359681	15.926177	15.8999495	15.8713969	15.838863	
2.369829	16.047941	16.0221225	15.9907497	15.961036	
2.38004	16.170485	16.1442956	16.1108671	16.0744824	
2.390487	16.295921	16.2664686	16.2338192	16.1966555	
2.40028	16.413377	16.3886417	16.3489494	16.3188285	
2.410445	16.535357	16.5108147	16.4685139	16.4322749	
2.420589	16.657049	16.6329878	16.5877962	16.554448	
2.430701	16.778429	16.7551608	16.7067726	16.6678944	
2.440824	16.899905	16.8773339	16.8258431	16.7900674	
2.450988	17.022293	16.9995069	16.9458076	16.9122405	
2.461159	17.143913	17.1129533	17.0650193	17.0344135	
2.471394	17.266769	17.2351264	17.1854425	17.1478599	
2.481528	17.388353	17.3572994	17.3046189	17.2700329	
2.491594	17.509133	17.4881991	17.4230072	17.392206	
2.502847	17.644229	17.6103722	17.555428	17.5231057	
2.511953	17.753513	17.7325452	17.662548	17.6278254	
2.522032	17.874401	17.8547182	17.7810422	17.7499985	
2.532199	17.996405	17.9768913	17.9006303	17.8721715	
2.542535	18.120461	18.0990643	18.0222297	17.9943446	
2.552491	18.239921	18.2212374	18.1393242	18.1165176	
2.562621	18.361457	18.3434104	18.2584535	18.2386907	
2.572853	18.484253	18.4655835	18.3788179	18.3521371	
2.583019	18.606245	18.5877565	18.4983942	18.4743101	
2.59311	18.727301	18.7099296	18.6170531	18.5964832	
2.603453	18.851453	18.8408293	18.7387466	18.7186562	
2.613722	18.974729	18.971729	18.8595815	18.8408293	
2.623768	19.095233	19.093902	18.9776993	18.9630023	
2.633939	19.217285	19.2160751	19.0973344	19.0764487	
2.644079	19.338977	19.3382481	19.2166167	19.1986218	
2.654218	19.460621	19.4604212	19.3358519	19.3207948	
2.664423	19.583093	19.5825942	19.4558987	19.4429679	
2.674566	19.704785	19.7047673	19.575181	19.5651409	
2.684708	19.826489	19.8269403	19.694475	19.687314	
2.694824	19.947893	19.9491134	19.8134749	19.809487	
2.704974	20.069669	20.0712864	19.9328395	19.9316601	
2.71522	20.192717	20.1934594	20.0534509	20.0451065	
2.725363	20.314361	20.3156325	20.1726861	20.1585529	
2.735444	20.435321	20.4378055	20.2912509	20.2807259	
2.745638	20.557673	20.5599786	20.4111801	20.402899	
2.755757	20.679077	20.6821516	20.53018	20.525072	
2.765981	20.801777	20.8043247	20.6504503	20.6472451	
2.776102	20.923241	20.9264977	20.7695091	20.7694181	
2.786241	21.044897	21.0486708	20.8887561	20.8828645	
2.796465	21.167597	21.1708438	21.0090264	20.9963109	
2.806537	21.288449	21.2842902	21.1274853	21.1184839	
2.816742	21.410909	21.3977366	21.2475203	21.240657	
2.826884	21.532613	21.5199097	21.3668143	21.3541034	
2.837052	21.654653	21.6420827	21.4864377	21.4762764	
2.847293	21.777533	21.7642558	21.6068844	21.5897228	
2.866308	22.005785	21.9911486	21.8306166	21.8166156	
2.870868	22.060445	22.0522351	21.8841942	21.8689755	
2.881012	22.182125	22.1656815	22.0034647	21.9911486	
2.891164	22.304369	22.2965812	22.123288	22.104595	
2.901366	22.426409	22.4100276	22.2429114	22.2180414	
2.911505	22.548077	22.5322006	22.3621701	22.3402144	
2.921601	22.669217	22.6543737	22.4809113	22.4536608	
2.931785	22.791437	22.7765467	22.6007111	22.5671072	
2.941961	22.913561	22.8987198	22.7204168	22.6892803	
2.9521	23.035217	23.0121662	22.8396638	22.8114533	
2.962177	23.156141	23.1343392	22.9581933	22.9336264	
2.972425	23.279153	23.2565123	23.0787694	23.0470728	
2.982505	23.400077	23.3786853	23.1972989	23.1692458	
2.993416	23.531009	23.509585	23.3256381	23.3001455	
3.004022	23.658329	23.6317581	23.450437	23.4223186	
3.013953	23.777477	23.7539311	23.5672256	23.535765	
3.024025	23.898293	23.8761042	23.6856492	23.6492114	
3.034177	24.020129	24.0070039	23.8050726	23.7713844	
3.044545	24.144545	24.1291769	23.9270249	23.8935575	
3.054642	24.265685	24.25135	24.0457661	24.0157305	
3.064777	24.387305	24.373523	24.1649778	24.1379036	
3.074959	24.509525	24.4956961	24.2847776	24.2600766	
3.085124	24.631481	24.6178691	24.4043186	24.3822497	
3.095356	24.754253	24.7400421	24.5246595	24.5044227	
3.105495	24.875933	24.8709418	24.64393	24.6265957	
3.115621	24.997445	24.9931149	24.7630358	24.7487688	
3.12765	25.141829	25.1327412	24.9045607	24.8971218	
3.137788	25.263461	25.2636409	25.0237842	25.0105682	
3.147906	25.384877	25.385814	25.1427959	25.1327412	
3.158088	25.507097	25.507987	25.2625957	25.2549143	
3.168226	25.628705	25.6388867	25.3817956	25.3770873	
3.178334	25.750037	25.7610598	25.500725	25.4992604	
3.188528	25.872329	25.8745062	25.6205954	25.6214334	
3.19867	25.994057	26.0054059	25.7399129	25.7436065	
3.208924	26.117105	26.1275789	25.8605243	25.8657795	
3.219066	26.238785	26.2410253	25.9797948	25.9792259	
3.229271	26.362193	26.371925	26.1007591	26.101399	
3.239773	26.487341	26.494098	26.2234289	26.223572	
3.249537	26.604461	26.6162711	26.3382297	26.3370184	
3.259689	26.726285	26.7384441	26.4576414	26.4591915	
3.269901	26.848829	26.8606172	26.5777587	26.5726379	
3.280333	26.974061	26.9827902	26.7005109	26.6948109	
3.290148	27.091781	27.0962366	26.8158998	26.8082573	
3.300322	27.213869	27.2184097	26.9355702	26.9304304	
3.310428	27.335141	27.3318561	27.0544408	27.0526034	
3.320567	27.456821	27.4540291	27.1737113	27.1660498	
3.330732	27.578861	27.5762022	27.2933347	27.2882229	
3.340874	27.704033	27.6983752	27.416028	27.4016693	
3.351053	27.822629	27.8205483	27.5322756	27.5238423	
3.361177	27.944129	27.9339947	27.6513696	27.6460154	
3.371392	28.066745	28.0561677	27.7715576	27.7681884	
3.381523	28.188293	28.1696141	27.8906987	27.8816348	
3.391949	28.313429	28.2917872	28.0133568	28.0038078	
3.401748	28.431017	28.4139602	28.1286163	28.1172542	
3.411907	28.552901	28.5448599	28.2480867	28.2394273	
3.422062	28.674737	28.6583063	28.3675101	28.3528737	
3.43217	28.796033	28.789206	28.4864042	28.4663201	
3.442364	28.918409	28.9026524	28.606357	28.5884931	
3.452556	29.040713	29.0248255	28.7262391	28.7106662	
3.462657	29.161889	29.1469985	28.8450156	28.8328392	
3.472863	29.284385	29.2691716	28.9650859	28.9550123	
3.483182	29.408225	29.3913446	29.0864736	29.0684587	
3.493493	29.531969	29.5135177	29.2077673	29.1906317	
3.504284	29.661509	29.6356907	29.3347421	29.3128048	
3.51417	29.780069	29.7665904	29.4509544	29.4262512	
3.524317	29.901797	29.8887634	29.5702719	29.5484242	
3.534402	30.022829	30.0109365	29.6889073	29.6705973	
3.544888	30.148709	30.1418362	29.8122946	29.7927703	
3.555055	30.270653	30.2640092	29.9318239	29.9149434	
3.565314	30.393797	30.3861823	30.0525294	30.0283898	
3.57543	30.515165	30.5083553	30.171494	30.1505628	
3.585566	30.636785	30.6305284	30.2907057	30.2727359	
3.595702	30.758417	30.7527014	30.4099292	30.3861823	
3.605937	30.881237	30.8748745	30.5303171	30.5083553	
3.616036	31.002413	30.9970475	30.6490936	30.6305284	
3.626179	31.124141	31.1192206	30.7684111	30.7527014	
3.636377	31.246541	31.2413936	30.8883873	30.8748745	
3.646475	31.367705	31.3635667	31.007152	30.9970475	
3.656679	31.490165	31.4857397	31.1271871	31.1192206	
3.667251	31.617449	31.625366	31.2519506	31.2413936	
3.67736	31.738325	31.7475391	31.370433	31.3635667	
3.687475	31.859669	31.8697121	31.4893742	31.4770131	
3.697624	31.981505	31.9918852	31.6087976	31.5991861	
3.707801	32.103617	32.1140582	31.7284915	31.7213592	
3.718018	32.226245	32.2362313	31.8486913	31.8435322	
3.728118	32.347409	32.3584043	31.967456	31.9657053	
3.738241	32.468873	32.4805774	32.0865147	32.0878783	
3.748475	32.591705	32.6027504	32.2069144	32.2013247	
3.758584	32.713025	32.7249235	32.325832	32.3234977	
3.768753	32.835029	32.8470965	32.4454201	32.4456708	
3.778902	32.956853	32.9692696	32.5648318	32.5678438	
3.789064	33.078773	33.0914426	32.6843375	32.6900169	
3.807032	33.294401	33.3008821	32.8956957	32.8994564	
3.811985	33.353873	33.353242	32.95399	32.9518163	
3.821791	33.471533	33.4754151	33.0693201	33.0652627	
3.831852	33.592217	33.5975881	33.1876143	33.1787091	
3.84199	33.713885	33.7197611	33.306873	33.3008821	
3.852106	33.835265	33.8419342	33.4258495	33.4230552	
3.862342	33.958145	33.9641072	33.5462962	33.5452282	
3.872475	34.079741	34.0775536	33.6654844	33.6674013	
3.882613	34.201361	34.1997267	33.784696	33.7808477	
3.892896	34.324757	34.3131731	33.9056486	33.9030207	
3.902928	34.445153	34.4440728	34.0236605	34.0164671	
3.91343	34.571213	34.5662458	34.1472242	34.1386402	
3.923355	34.690265	34.6884189	34.2639188	34.2608132	
3.933471	34.811657	34.8105919	34.382907	34.3742596	
3.943626	34.933493	34.932765	34.5023304	34.4964327	
3.953795	35.055569	35.0462114	34.621989	34.6098791	
3.963971	35.177669	35.1683844	34.7416712	34.7320521	
3.974213	35.300597	35.2905575	34.862165	34.8542252	
3.984296	35.421569	35.4127305	34.9807415	34.9676716	
3.995084	35.551049	35.5349036	35.1076576	35.0898446	
4.005276	35.673377	35.6658033	35.2275632	35.203291	
4.015465	35.795573	35.7792497	35.3473395	35.3254641	
4.025591	35.917097	35.9014227	35.4664571	35.4476371	
4.03572	36.038657	36.0235958	35.58561	35.5610835	
4.045994	36.161945	36.1457688	35.7064566	35.6832566	
4.056016	36.282161	36.2679419	35.8242921	35.796703	
4.066231	36.404753	36.3901149	35.9444565	35.918876	
4.076582	36.529013	36.512288	36.0662559	36.0410491	
4.08669	36.650321	36.634461	36.1851618	36.1632221	
4.096831	36.771977	36.756634	36.3044088	36.2853951	
4.106976	36.893705	36.8875337	36.4237263	36.4075682	
4.117142	37.015685	37.0097068	36.5432909	36.5297412	
4.127401	37.138817	37.1318798	36.6639846	36.6519143	
4.137481	37.259777	37.2453262	36.7825494	36.7740873	
4.147684	37.382225	37.3762259	36.9025726	36.8962604	
4.157913	37.504949	37.498399	37.0228665	37.0184334	
4.167942	37.625321	37.6292987	37.1408549	37.1318798	
4.178169	37.748069	37.7514717	37.2611722	37.2540529	
4.188252	37.869029	37.8736448	37.379737	37.3674993	
4.198393	37.990709	37.9958178	37.4990075	37.4896723	
4.208601	38.113229	38.1179909	37.6191013	37.6118454	
4.21874	38.234885	38.2401639	37.7383483	37.7340184	
4.228903	38.356829	38.362337	37.8578776	37.8561915	
4.239052	38.478605	38.48451	37.9772421	37.9783645	
4.249201	38.600429	38.6066831	38.0966538	38.1005376	
4.259387	38.722685	38.7288561	38.2164889	38.2227106	
4.269524	38.844281	38.8510291	38.335677	38.3448837	
4.279654	38.965829	38.9732022	38.4548181	38.4583301	
4.289898	39.088793	39.0953752	38.5753472	38.5717765	
4.300022	39.210281	39.2175483	38.6944295	38.6939495	
4.310166	39.331997	39.3397213	38.8137353	38.8161226	
4.320262	39.453137	39.4618944	38.9324765	38.9382956	
4.330655	39.577889	39.5840674	39.0547581	39.051742	
4.340578	39.697013	39.7062405	39.1715233	39.1739151	
4.350707	39.818537	39.8284135	39.2906408	39.2873615	
4.360851	39.940217	39.9505866	39.4099113	39.4095345	
4.370959	40.061513	40.064033	39.5288054	39.5317076	
4.381148	40.183817	40.1774794	39.6486876	39.645154	
4.399195	40.400369	40.2996524	39.8609514	39.8545935	
4.403794	40.455533	40.4480054	39.9150231	39.9069533	
4.414035	40.578473	40.5701785	40.0355286	40.0291264	
4.424067	40.698821	40.6923515	40.1534935	40.1425728	
4.434223	40.820717	40.7970713	40.2729757	40.2647458	
4.444426	40.943117	40.901791	40.3929519	40.3781922	
4.454571	41.064857	41.0152374	40.5122812	40.4916386	
4.464708	41.186501	41.1286838	40.6315164	40.6138117	
4.474843	41.308133	41.2421302	40.7507399	40.7359847	
4.485023	41.430293	41.3643033	40.8704809	40.8494311	
4.495248	41.553017	41.4864763	40.9907747	40.9628775	
4.50569	41.678357	41.6086494	41.1136327	41.0850506	
4.515575	41.796941	41.7308224	41.2298685	41.2072236	
4.525687	41.918249	41.8529955	41.3487744	41.32067	
4.535811	42.039713	41.9751685	41.4678332	41.4428431	
4.546143	42.163733	42.0973416	41.5893973	41.5562895	
4.556266	42.285209	42.2282413	41.7084679	41.6784625	
4.566441	42.407309	42.3504143	41.82815	41.8006356	
4.576599	42.529181	42.481314	41.9476087	41.914082	
4.586721	42.650645	42.603487	42.0666675	42.036255	
4.597188	42.776297	42.7256601	42.1898313	42.1497014	
4.607074	42.894893	42.8565598	42.3060789	42.2718745	
4.617197	43.016357	42.9787328	42.4251377	42.3940475	
4.627342	43.138121	43.1009059	42.5444905	42.5162206	
4.637465	43.259585	43.2318056	42.6635493	42.6383936	
4.64765	43.381817	43.3539786	42.7833608	42.7605667	
4.657795	43.503533	43.4848783	42.9026666	42.8827397	
4.667926	43.625129	43.6070514	43.0218548	43.0049128	
4.67816	43.747937	43.7379511	43.1422309	43.1270858	
4.688211	43.868513	43.8601241	43.2604193	43.2492589	
4.698393	43.990745	43.9822972	43.3802309	43.3714319	
4.709105	44.119289	44.1219235	43.5062294	43.493605	
4.719269	44.241281	44.2440965	43.6258058	43.615778	
4.729387	44.362673	44.3662696	43.744794	43.7379511	
4.739484	44.483825	44.4884426	43.8635469	43.8601241	
4.749656	44.605925	44.6106157	43.9832291	43.9822972	
4.759819	44.727845	44.7327887	44.1027348	44.1044702	
4.770034	44.850413	44.8549618	44.2228757	44.2179166	
4.780129	44.971601	44.9771348	44.341664	44.3400896	
4.790289	45.093461	45.0993079	44.4611109	44.4622627	
4.800724	45.218765	45.2214809	44.5839336	44.5844357	
4.810592	45.337121	45.343654	44.699946	44.6978821	
4.820735	45.458825	45.465827	44.81924	44.8200552	
4.830879	45.580553	45.5880001	44.9385575	44.9422282	
4.841011	45.702173	45.7101731	45.0577692	45.0644013	
4.85117	45.824081	45.8323462	45.1772632	45.1865743	
4.870559	46.056761	46.0679656	45.4053357	45.4134671	
4.875122	46.111445	46.1203255	45.4589368	45.465827	
4.885279	46.233365	46.2424985	45.5784425	45.5880001	
4.895482	46.355789	46.3646716	45.6984423	45.7014465	
4.905638	46.477649	46.4868446	45.8178892	45.8148929	
4.915856	46.600277	46.600291	45.938089	45.9370659	
4.926065	46.722785	46.7224641	46.0581711	46.059239	
4.936097	46.843169	46.8446371	46.1761712	46.181412	
4.946285	46.965473	46.9668102	46.2960534	46.2948584	
4.956487	47.087861	47.0889832	46.4160178	46.4083048	
4.966611	47.209349	47.2111563	46.5351001	46.5304779	
4.97676	47.331137	47.3333293	46.6544765	46.6526509	
4.986904	47.452853	47.4555024	46.7737823	46.7660973	
4.997138	47.575673	47.5776754	46.8941702	46.8882704	
5.007942	47.705321	47.7085751	47.0212509	47.0104434	
5.018119	47.827421	47.8307482	47.1409331	47.1326165	
5.028222	47.948657	47.9441946	47.2597684	47.2460629	
5.03838	48.070541	48.0663676	47.3792388	47.3682359	
5.048571	48.192869	48.1885406	47.4991445	47.4816823	
5.05867	48.314045	48.3107137	47.617921	47.5951287	
5.068902	48.436805	48.4328867	47.7382501	47.7173017	
5.079026	48.5573783	48.5550598	47.8564358	47.8394748	
5.089182	48.6777182	48.6772328	47.9743927	47.9529212	
5.099351	48.7975965	48.7994059	48.0918973	48.0750942	
5.109445	48.9160568	48.9128523	48.2080118	48.1885406	
5.119841	49.0373136	49.0350253	48.3268674	48.3107137	
5.129821	49.153126	49.1571984	48.4403866	48.4328867	
5.139897	49.2695152	49.2793714	48.554471	48.5463331	
5.150142	49.3871693	49.3928178	48.6697953	48.6685062	
5.160602	49.5066812	49.5149909	48.7869406	48.7819526	
5.170424	49.618688	49.6371639	48.8967295	48.9041256	
5.180591	49.7332585	49.759337	49.0090312	49.017572	
5.190671	49.8466382	49.8727834	49.1201658	49.1310184	
5.200816	49.9600904	49.9862298	49.2313715	49.2531915	
5.210967	50.0730193	50.1084028	49.3420641	49.3579112	
5.221128	50.1854344	50.2305759	49.4522532	49.4800843	
5.231411	50.2986109	50.3352956	49.5631885	49.584804	
5.241493	50.4088904	50.4574687	49.6712843	49.6982505	
5.251601	50.5189549	50.5709151	49.7791693	49.8116969	
5.261732	50.6285833	50.6843615	49.8866269	49.9251433	
5.272129	50.740483	50.7890812	49.9963108	50.0385897	
5.282026	50.8463712	50.9025276	50.1001021	50.1433094	
5.292173	50.9543585	51.015974	50.205951	50.2480292	
5.302363	51.0621956	51.1294204	50.3116528	50.3527489	
5.312431	51.1681431	51.2428668	50.4155023	50.4574687	
5.322628	51.2748261	51.3475866	50.5200728	50.5621884	
5.332874	51.3813862	51.4523063	50.6245228	50.6669082	
5.34307	51.4868103	51.5570261	50.7278593	50.7716279	
5.353208	51.5910158	51.6617459	50.8300013	50.8763477	
5.363381	51.6949756	51.7664656	50.9319024	50.9723408	
5.373538	51.7981496	51.8711854	51.0330334	51.0770606	
5.383696	51.9007511	51.9759051	51.1336032	51.1817803	
5.393803	52.0021825	52.0806249	51.2330261	51.2777734	
5.403982	52.1037593	52.176618	51.3325914	51.3824932	
5.414165	52.2047404	52.2726111	51.431573	51.4784863	
5.424328	52.3049498	52.3773309	51.529798	51.5744794	
5.434484	52.4044486	52.4645973	51.6273265	51.6791992	
5.444678	52.5036921	52.5693171	51.7246048	51.7664656	
5.45481	52.6017054	52.6565835	51.8206773	51.8711854	
5.464952	52.6992432	52.7613033	51.9162836	51.9584518	
5.475082	52.7960663	52.8485698	52.0111894	52.0631716	
5.485268	52.8927881	52.9532895	52.1059959	52.150438	
5.495493	52.9892401	53.040556	52.2005379	52.2464312	
5.506195	53.0895814	53.1365491	52.2988924	52.3424243	
5.516285	53.1835559	53.2325422	52.3910059	52.4384174	
5.525879	53.2722971	53.3285353	52.4779899	52.5169572	
5.536129	53.3665592	53.4245284	52.5703854	52.6129503	
5.546247	53.4589771	53.5117949	52.6609732	52.7002168	
5.556286	53.550042	53.5990613	52.7502349	52.7962099	
5.566579	53.6428479	53.6950544	52.841203	52.8834763	
5.57659	53.7324814	53.7823209	52.9290616	52.9707428	
5.586794	53.8232112	53.878314	53.0179948	53.0580093	
5.596941	53.9128257	53.9655805	53.1058348	53.1452757	
5.607104	54.0020038	54.0528469	53.1932469	53.2325422	
5.617264	54.090509	54.1401134	53.2799996	53.3198086	
5.627374	54.1782828	54.2273799	53.3660353	53.4070751	
5.637582	54.2657019	54.3059197	53.4517233	53.4943416	
5.647766	54.3526174	54.3931861	53.5369177	53.5728814	
5.657886	54.4383312	54.4804526	53.6209342	53.6601479	
5.668037	54.52373	54.5589924	53.7046419	53.7386877	
5.678204	54.6086339	54.6462589	53.7878646	53.8259541	
5.688325	54.692573	54.7335253	53.8701415	53.8957673	
5.698464	54.7760191	54.8207918	53.9519353	53.9830338	
5.708703	54.8596972	54.9080583	54.0339563	54.0615736	
5.718804	54.9419923	54.9865981	54.1146218	54.1401134	
5.729201	55.0260575	55.0651379	54.1970223	54.2273799	
5.739075	55.1042314	55.1524044	54.2736483	54.297193	
5.749376	55.1859253	55.2309442	54.3537244	54.3844595	
5.759557	55.2660265	55.309484	54.4322395	54.4629993	
5.769622	55.3446654	55.3967505	54.5093211	54.5415391	
5.779785	55.4234246	55.4752903	54.5865208	54.6200789	
5.790136	55.5030241	55.5538301	54.6645441	54.6986188	
5.800099	55.5790268	55.6323699	54.7390418	54.7684319	
5.810235	55.6557595	55.7109097	54.814255	54.8469717	
5.820368	55.731892	55.7807229	54.88888	54.9255116	
5.830507	55.8074169	55.8592627	54.9629093	55.0040514	
5.840742	55.8830641	55.9378025	55.0370585	55.0825912	
5.851023	55.9584247	56.0076157	55.1109268	55.1524044	
5.862298	56.0402565	56.0861555	55.1911382	55.2222175	
5.871119	56.1038716	56.1646953	55.2534936	55.2920307	
5.881327	56.1768639	56.2345085	55.3250405	55.3705705	
5.899689	56.3057276	56.3043217	55.4513524	55.5014702	
5.904267	56.337894	56.4003148	55.4828819	55.5276502	
5.914849	56.4114735	56.4788546	55.5550044	55.5974633	
5.924855	56.4803999	56.5486678	55.6225659	55.6672765	
5.934957	56.5494443	56.6010276	55.6902431	55.728363	
5.94517	56.6186145	56.6533875	55.7580436	55.7981762	
5.955343	56.6869307	56.7057474	55.8250069	55.8679894	
5.965477	56.7543272	56.7668339	55.8910689	55.9378025	
5.975667	56.8214954	56.8279204	55.9569071	56.0076157	
5.985792	56.8876519	56.8977336	56.0217535	56.0774289	
5.996729	56.9584198	56.9675468	56.09112	56.147242	
6.006805	57.0229956	57.03736	56.1544172	56.1996019	
6.016876	57.0869542	57.1071731	56.2171092	56.2694151	
6.026335	57.1464663	57.1769863	56.2754429	56.3305016	
6.036469	57.2096468	57.2380728	56.3373723	56.3915881	
6.046871	57.2738705	57.307886	56.4003242	56.4526747	
6.056984	57.3357161	57.3689725	56.4609451	56.5137612	
6.066983	57.3962191	57.430059	56.52025	56.5748477	
6.077141	57.4571204	57.4911456	56.5799454	56.6359342	
6.087301	57.5174199	57.5522321	56.6390509	56.6882941	
6.097415	57.5768456	57.6133186	56.6972998	56.7493806	
6.107646	57.6363505	57.6656785	56.7556264	56.8104672	
6.117769	57.6946046	57.7354917	56.8127269	56.862827	
6.127872	57.7521495	57.7965782	56.8691324	56.9239136	
6.13802	57.8093549	57.8576647	56.925205	56.9850001	
6.14817	57.865982	57.9100246	56.9807107	57.03736	
6.158369	57.9222308	57.9711111	57.0358457	57.0984465	
6.168533	57.9777075	58.0321976	57.0902238	57.159533	
6.178689	58.0325025	58.0845575	57.1439338	57.2118929	
6.18881	58.086839	58.145644	57.1971943	57.2642528	
6.199225	58.1423608	58.1980039	57.2516166	57.3166126	
6.209312	58.1941515	58.2590904	57.3023818	57.3689725	
6.219546	58.2485105	58.3114503	57.3556644	57.4213324	
6.239629	58.3475755	58.4074434	57.4527677	57.5260521	
6.24418	58.3704641	58.4336234	57.4752031	57.5435054	
6.25436	58.4208826	58.4772566	57.5246232	57.5958653	
6.26451	58.4705449	58.5208898	57.5733021	57.6394985	
6.274728	58.5199502	58.5732497	57.621729	57.6831318	
6.284895	58.5684905	58.6081563	57.6693082	57.7354917	
6.29504	58.61631	58.6605162	57.7161807	57.7791249	
6.305179	58.6635182	58.7041494	57.7624542	57.8227581	
6.31536	58.710305	58.7477826	57.8083145	57.875118	
6.325508	58.7563433	58.8001425	57.8534411	57.9187512	
6.335713	58.8020339	58.8437757	57.8982269	57.9623845	
6.345895	58.847003	58.887409	57.9423056	58.0060177	
6.35603	58.8911873	58.9310422	57.9856149	58.0496509	
6.366267	58.9351836	58.9746754	58.02874	58.0845575	
6.376382	58.9780619	59.0183087	58.0707693	58.1281907	
6.386533	59.0204905	59.0619419	58.1123576	58.1630973	
6.396684	59.0623259	59.0968485	58.1533647	58.2067306	
6.40685	59.1036199	59.1404817	58.193841	58.2416371	
6.416984	59.1441744	59.1841149	58.2335923	58.2765437	
6.427163	59.1843156	59.2190215	58.2729387	58.320177	
6.437526	59.2245626	59.2626548	58.3123887	58.3638102	
6.447554	59.2629105	59.306288	58.3499772	58.3987168	
6.457613	59.3007875	59.3411946	58.3871042	58.4336234	
6.467724	59.338268	59.3761012	58.4238426	58.4685299	
6.478163	59.3763355	59.4110077	58.4611562	58.5034365	
6.488066	59.4118837	59.454641	58.4960005	58.5383431	
6.498224	59.4477267	59.4895476	58.5311338	58.5732497	
6.508998	59.4850889	59.5331808	58.5677561	58.6081563	
6.519099	59.520077	59.5680874	58.6020513	58.6430629	
6.528972	59.5526133	59.602994	58.6339434	58.6779695	
6.539116	59.5860126	59.6379005	58.6666813	58.712876	
6.549334	59.6190553	59.6728071	58.6990697	58.7477826	
6.559497	59.6513086	59.7077137	58.7306843	58.7826892	
6.569743	59.6832407	59.7338936	58.7619841	58.8175958	
6.57976	59.71388	59.7600736	58.7920166	58.8437757	
6.58991	59.7443095	59.7949802	58.8218436	58.8699557	
6.6001	59.7742735	59.8298868	58.8512143	58.9048623	
6.610365	59.8038484	59.8560667	58.8802035	58.9310422	
6.620397	59.8321735	59.8822466	58.9079677	58.9572221	
6.630559	59.8602703	59.9171532	58.9355082	58.9921287	
6.640759	59.8878756	59.9346065	58.9625668	59.009582	
6.650842	59.9145759	59.9695131	58.9887384	59.0444886	
6.661033	59.9409657	59.995693	59.0146057	59.0619419	
6.671178	59.9666552	60.021873	59.0397865	59.0968485	
6.68135	59.9918171	60.0393263	59.0644501	59.1143018	
6.691927	60.017326	60.0655062	59.0894539	59.1404817	
6.701675	60.0403136	60.0916861	59.1119863	59.1666616	
6.711798	60.0635878	60.1091394	59.1347996	59.1841149	
6.721917	60.0862673	60.1265927	59.15703	59.2015682	
6.73204	60.1083833	60.144046	59.178708	59.2277482	
6.742295	60.1301917	60.170226	59.2000846	59.2452015	
6.752365	60.1510203	60.1876793	59.2205007	59.2713814	
6.76252	60.1714401	60.2051325	59.2405162	59.2888347	
6.772723	60.1913906	60.2225858	59.2600716	59.306288	
6.782907	60.210683	60.2400391	59.278982	59.3237413	
6.793014	60.229269	60.2574924	59.2972	59.3324679	
6.803127	60.2472922	60.2749457	59.3148662	59.3499212	
6.813475	60.2651243	60.2836724	59.3323453	59.3586479	
6.823702	60.2821672	60.3011257	59.3490506	59.3761012	
6.833817	60.2984546	60.3185789	59.3650156	59.3935544	
6.84402	60.3143023	60.3360322	59.3805494	59.4110077	
6.85421	60.3295512	60.3447589	59.3954964	59.4197344	
6.865668	60.3459318	60.3534855	59.4115526	59.428461	
6.874485	60.3581688	60.3709388	59.4235473	59.4459143	
6.884673	60.3716968	60.3796655	59.4368074	59.4459143	
6.895011	60.3848416	60.3883921	59.4496919	59.4633676	
6.904991	60.396988	60.4058454	59.4615978	59.4633676	
6.915141	60.4087758	60.4145721	59.4731521	59.4808209	
6.925296	60.4200112	60.4232987	59.4841651	59.4808209	
6.935469	60.4307088	60.4232987	59.4946508	59.4982742	
6.945617	60.4408281	60.440752	59.5045698	59.4982742	
6.9558	60.4504298	60.440752	59.5139814	59.5157275	
6.965949	60.4594519	60.4582053	59.5228248	59.5244541	
6.976087	60.4679224	60.4582053	59.5311275	59.5331808	
6.986202	60.4758433	60.4669319	59.5388916	59.5331808	
6.996971	60.4836636	60.4756586	59.5465571	59.5506341	
7.007061	60.4904813	60.4756586	59.5532397	59.5506341	
7.017145	60.49678	60.4843852	59.5594138	59.5506341	
7.026843	60.5023777	60.4931119	59.5649005	59.5593607	
7.036959	60.5077035	60.4931119	59.5701209	59.5680874	
7.047115	60.5125537	60.4931119	59.5748751	59.5680874	
7.057297	60.5169204	60.5018385	59.5791553	59.5680874	
7.067423	60.520793	60.5018385	59.5829512	59.5680874	
7.077584	60.5242152	60.5105652	59.5863057	59.5680874	
7.087814	60.5272051	60.5105652	59.5892363	59.5680874	
7.097885	60.5297315	60.5105652	59.5917127	59.5680874	
7.108092	60.5318792	60.5105652	59.5938179	59.5680874	
7.118568	60.5336752	60.5105652	59.5955784	59.5680874	
7.128401	60.5389135	60.5105652	59.6007129	59.5680874	
7.138512	60.5389135	60.5105652	59.6007129	59.5680874	
7.14888	60.5389135	60.5105652	59.6007129	59.5680874	
7.159081	60.5389135	60.5105652	59.6007129	59.5680874	
7.169147	60.5389135	60.5105652	59.6007129	59.5680874	
7.179286	60.5389135	60.5105652	59.6007129	59.5680874	
7.189412	60.5389135	60.5105652	59.6007129	59.5680874	
7.199698	60.5389135	60.5105652	59.6007129	59.5680874	
7.209723	60.5389135	60.5105652	59.6007129	59.5680874	
7.219928	60.5389135	60.5105652	59.6007129	59.5680874	
7.230114	60.5389135	60.5105652	59.6007129	59.5680874	
7.240493	60.5389135	60.5105652	59.6007129	59.5680874	
7.258477	60.5389135	60.5105652	59.6007129	59.5680874	
7.263112	60.5389135	60.5105652	59.6007129	59.5680874	
7.273249	60.5389135	60.5105652	59.6007129	59.5680874	
7.283501	60.5389135	60.5105652	59.6007129	59.5680874	
7.293659	60.5389135	60.5105652	59.6007129	59.5680874	
7.303857	60.5389135	60.5105652	59.6007129	59.5680874	
7.314183	60.5389135	60.5105652	59.6007129	59.5680874	
7.324126	60.5389135	60.5105652	59.6007129	59.5680874	
7.334336	60.5389135	60.5105652	59.6007129	59.5680874	
7.344518	60.5389135	60.5105652	59.6007129	59.5680874	
7.354672	60.5389135	60.5105652	59.6007129	59.5680874	
7.364902	60.5389135	60.5105652	59.6007129	59.5680874	
7.37496	60.5389135	60.5105652	59.6007129	59.5680874	
7.385208	60.5389135	60.5105652	59.6007129	59.5680874	
7.395319	60.5389135	60.5105652	59.6007129	59.5680874	
7.40552	60.5389135	60.5105652	59.6007129	59.5680874	
7.415982	60.5389135	60.5105652	59.6007129	59.5680874	
7.425787	60.5389135	60.5105652	59.6007129	59.5680874	
7.435948	60.5389135	60.5105652	59.6007129	59.5680874	
7.446197	60.5389135	60.5105652	59.6007129	59.5680874	
7.456564	60.5389135	60.5105652	59.6007129	59.5680874	
7.466601	60.5389135	60.5105652	59.6007129	59.5680874	
7.476771	60.5389135	60.5105652	59.6007129	59.5680874	
7.486879	60.5389135	60.5105652	59.6007129	59.5680874	
7.497028	60.5389135	60.5105652	59.6007129	59.5680874	
7.507899	60.5389135	60.5105652	59.6007129	59.5680874	
7.517903	60.5389135	60.5105652	59.6007129	59.5680874	
7.527467	60.5389135	60.5105652	59.6007129	59.5680874	
7.537587	60.5389135	60.5105652	59.6007129	59.5680874	
7.547785	60.5389135	60.5105652	59.6007129	59.5680874	
7.557921	60.5389135	60.5105652	59.6007129	59.5680874	
7.568215	60.5389135	60.5105652	59.6007129	59.5680874	
7.578234	60.5389135	60.5105652	59.6007129	59.5680874	
7.58864	60.5389135	60.5105652	59.6007129	59.5680874	
7.598611	60.5389135	60.5105652	59.6007129	59.5680874	
7.608661	60.5389135	60.5105652	59.6007129	59.5680874	
7.618874	60.5389135	60.5105652	59.6007129	59.5680874	
7.629071	60.5389135	60.5105652	59.6007129	59.5680874	
7.639186	60.5389135	60.5105652	59.6007129	59.5680874	
7.649332	60.5389135	60.5105652	59.6007129	59.5680874	
7.659433	60.5389135	60.5105652	59.6007129	59.5680874	
7.669646	60.5389135	60.5105652	59.6007129	59.5680874	
7.679897	60.5389135	60.5105652	59.6007129	59.5680874	
7.689913	60.5389135	60.5105652	59.6007129	59.5680874	
7.700186	60.5389135	60.5105652	59.6007129	59.5680874	
7.710327	60.5389135	60.5105652	59.6007129	59.5680874	
7.720405	60.5389135	60.5105652	59.6007129	59.5680874	
7.730728	60.5389135	60.5105652	59.6007129	59.5680874	
7.740675	60.5389135	60.5105652	59.6007129	59.5680874	
7.750863	60.5389135	60.5105652	59.6007129	59.5680874	
7.760985	60.5389135	60.5105652	59.6007129	59.5680874	
7.779294	60.5389135	60.5105652	59.6007129	59.5680874	
7.783945	60.5389135	60.5105652	59.6007129	59.5680874	
7.794111	60.5389135	60.5105652	59.6007129	59.5680874	
7.804215	60.5389135	60.5105652	59.6007129	59.5680874	
7.814464	60.5389135	60.5105652	59.6007129	59.5680874	
7.824555	60.5389135	60.5105652	59.6007129	59.5680874	
7.834952	60.5389135	60.5105652	59.6007129	59.5680874	
7.844947	60.5389135	60.5105652	59.6007129	59.5680874	
7.855035	60.5389135	60.5105652	59.6007129	59.5680874	
7.866534	60.5389135	60.5105652	59.6007129	59.5680874	
7.875433	60.5389135	60.5105652	59.6007129	59.5680874	
7.885584	60.5389135	60.5105652	59.6007129	59.5680874	
7.895813	60.5389135	60.5105652	59.6007129	59.5680874	
7.905897	60.5389135	60.5105652	59.6007129	59.5680874	
7.916096	60.5389135	60.5105652	59.6007129	59.5680874	
7.926346	60.5389135	60.5105652	59.6007129	59.5680874	
7.93637	60.5389135	60.5105652	59.6007129	59.5680874	
7.946605	60.5389135	60.5105652	59.6007129	59.5680874	
7.956713	60.5389135	60.5105652	59.6007129	59.5680874	
7.966898	60.5389135	60.5105652	59.6007129	59.5680874	
7.977027	60.5389135	60.5105652	59.6007129	59.5680874	
7.987177	60.5389135	60.5105652	59.6007129	59.5680874	
7.998048	60.5389135	60.5105652	59.6007129	59.5680874	
8.007701	60.5389135	60.5105652	59.6007129	59.5680874	
8.017651	60.5389135	60.5105652	59.6007129	59.5680874	
8.027736	60.5389135	60.5105652	59.6007129	59.5680874	
8.037885	60.5389135	60.5105652	59.6007129	59.5680874	
8.048082	60.5389135	60.5105652	59.6007129	59.5680874	
8.05824	60.5389135	60.5105652	59.6007129	59.5680874	
8.068352	60.5389135	60.5105652	59.6007129	59.5680874	
8.078581	60.5389135	60.5105652	59.6007129	59.5680874	
8.088697	60.5389135	60.5105652	59.6007129	59.5680874	
8.098803	60.5389135	60.5105652	59.6007129	59.5680874	
8.109032	60.5389135	60.5105652	59.6007129	59.5680874	
8.119133	60.5389135	60.5105652	59.6007129	59.5680874	
8.131087	60.5389135	60.5105652	59.6007129	59.5680874	
8.141206	60.5389135	60.5105652	59.6007129	59.5680874	
8.159215	60.5389135	60.5105652	59.6007129	59.5680874	
8.163754	60.5389135	60.5105652	59.6007129	59.5680874	
8.173955	60.5389135	60.5105652	59.6007129	59.5680874	
8.184048	60.5389135	60.5105652	59.6007129	59.5680874	
8.194222	60.5389135	60.5105652	59.6007129	59.5680874	
8.214017	60.5389135	60.5105652	59.6007129	59.5680874	
8.218536	60.5389135	60.5105652	59.6007129	59.5680874	
8.229028	60.5389135	60.5105652	59.6007129	59.5680874	
8.239152	60.5389135	60.5105652	59.6007129	59.5680874	
8.249292	60.5389135	60.5105652	59.6007129	59.5680874	
8.259491	60.5389135	60.5105652	59.6007129	59.5680874	
8.269625	60.5389135	60.5105652	59.6007129	59.5680874	
8.279843	60.5389135	60.5105652	59.6007129	59.5680874	
8.289913	60.5389135	60.5105652	59.6007129	59.5680874	
8.30051	60.5389135	60.5105652	59.6007129	59.5680874	
8.310313	60.5389135	60.5105652	59.6007129	59.5680874	
8.320353	60.5389135	60.5105652	59.6007129	59.5680874	
8.330499	60.5389135	60.5105652	59.6007129	59.5680874	
8.340619	60.5389135	60.5105652	59.6007129	59.5680874	
8.350837	60.5389135	60.5105652	59.6007129	59.5680874	
8.360989	60.5389135	60.5105652	59.6007129	59.5680874	
8.37112	60.5389135	60.5105652	59.6007129	59.5680874	
8.381267	60.5389135	60.5105652	59.6007129	59.5680874	
8.391456	60.5389135	60.5105652	59.6007129	59.5680874	
8.401974	60.5389135	60.5105652	59.6007129	59.5680874	
8.411756	60.5389135	60.5105652	59.6007129	59.5680874	
8.421866	60.5389135	60.5105652	59.6007129	59.5680874	
8.43198	60.5389135	60.5105652	59.6007129	59.5680874	
8.442127	60.5389135	60.5105652	59.6007129	59.5680874	
8.452326	60.5389135	60.5105652	59.6007129	59.5680874	
8.462522	60.5389135	60.5105652	59.6007129	59.5680874	
8.472597	60.5389135	60.5105652	59.6007129	59.5680874	
8.482904	60.5389135	60.5105652	59.6007129	59.5680874	
8.492992	60.5389135	60.5105652	59.6007129	59.5680874	
8.503002	60.5389135	60.5105652	59.6007129	59.5680874	
8.514087	60.5389135	60.5105652	59.6007129	59.5680874	
8.524233	60.5389135	60.5105652	59.6007129	59.5680874	
8.534423	60.5389135	60.5105652	59.6007129	59.5680874	
8.544484	60.5389135	60.5105652	59.6007129	59.5680874	
8.554648	60.5389135	60.5105652	59.6007129	59.5680874	
8.565084	60.5389135	60.5105652	59.6007129	59.5680874	
8.574996	60.5389135	60.5105652	59.6007129	59.5680874	
8.585126	60.5389135	60.5105652	59.6007129	59.5680874	
8.595281	60.5389135	60.5105652	59.6007129	59.5680874	
8.605413	60.5389135	60.5105652	59.6007129	59.5680874	
8.615611	60.5389135	60.5105652	59.6007129	59.5680874	
8.625752	60.5389135	60.5105652	59.6007129	59.5680874	
8.635924	60.5389135	60.5105652	59.6007129	59.5680874	
8.646096	60.5389135	60.5105652	59.6007129	59.5680874	
8.656187	60.5389135	60.5105652	59.6007129	59.5680874	
8.666794	60.5389135	60.5105652	59.6007129	59.5680874	
8.676582	60.5389135	60.5105652	59.6007129	59.5680874	
8.686724	60.5389135	60.5105652	59.6007129	59.5680874	
8.696836	60.5389135	60.5105652	59.6007129	59.5680874	
8.706978	60.5389135	60.5105652	59.6007129	59.5680874	
8.717181	60.5389135	60.5105652	59.6007129	59.5680874	
8.727323	60.5389135	60.5105652	59.6007129	59.5680874	
8.737438	60.5389135	60.5105652	59.6007129	59.5680874	
8.747624	60.5389135	60.5105652	59.6007129	59.5680874	
8.757758	60.5389135	60.5105652	59.6007129	59.5680874	
8.767959	60.5389135	60.5105652	59.6007129	59.5680874	
8.778128	60.5389135	60.5105652	59.6007129	59.5680874	
8.788263	60.5389135	60.5105652	59.6007129	59.5680874	
8.798495	60.5389135	60.5105652	59.6007129	59.5680874	
8.808634	60.5389135	60.5105652	59.6007129	59.5680874	
8.81873	60.5389135	60.5105652	59.6007129	59.5680874	
8.828972	60.5389135	60.5105652	59.6007129	59.5680874	
8.839083	60.5389135	60.5105652	59.6007129	59.5680874	
8.849216	60.5389135	60.5105652	59.6007129	59.5680874	
8.859371	60.5389135	60.5105652	59.6007129	59.5680874	
8.878942	60.5389135	60.5105652	59.6007129	59.5680874	
8.88352	60.5389135	60.5105652	59.6007129	59.5680874	
8.893694	60.5389135	60.5105652	59.6007129	59.5680874	
8.903916	60.5389135	60.5105652	59.6007129	59.5680874	
8.913977	60.5389135	60.5105652	59.6007129	59.5680874	
8.924165	60.5389135	60.5105652	59.6007129	59.5680874	
8.934365	60.5389135	60.5105652	59.6007129	59.5680874	
8.944484	60.5389135	60.5105652	59.6007129	59.5680874	
8.954663	60.5389135	60.5105652	59.6007129	59.5680874	
8.964776	60.5389135	60.5105652	59.6007129	59.5680874	
8.974956	60.5389135	60.5105652	59.6007129	59.5680874	
8.993284	60.5389135	60.5105652	59.6007129	59.5680874	
8.998557	60.5389135	60.5105652	59.6007129	59.5680874	
9.008003	60.5389135	60.5105652	59.6007129	59.5680874	
9.01917	60.5389135	60.5105652	59.6007129	59.5680874	
9.028326	60.5389135	60.5105652	59.6007129	59.5680874	
