0.03555207	286.260177	286.260177	109.563044	109.563044	
0.04041594	286.260389	286.260177	109.563256	109.563044	
0.05853147	286.26387	286.260177	109.566737	109.563044	
0.06305235	286.264677	286.260177	109.567543	109.563044	
0.07327608	286.267306	286.260177	109.570172	109.563044	
0.08338682	286.270512	286.260177	109.573379	109.563044	
0.09352155	286.274346	286.268904	109.577212	109.57177	
0.1036743	286.278803	286.268904	109.58167	109.57177	
0.113852	286.283895	286.277631	109.586761	109.57177	
0.1239408	286.289547	286.286357	109.592414	109.57177	
0.1341805	286.295924	286.286357	109.598791	109.580497	
0.1442982	286.30283	286.295084	109.605696	109.589224	
0.154448	286.310379	286.30381	109.613245	109.589224	
0.1645977	286.318545	286.312537	109.621411	109.59795	
0.1747304	286.327314	286.321264	109.63018	109.606677	
0.1849142	286.336756	286.32999	109.639623	109.615404	
0.1950349	286.346743	286.338717	109.64961	109.62413	
0.2051886	286.357383	286.35617	109.66025	109.641584	
0.2153314	286.368633	286.364897	109.6715	109.65031	
0.2255431	286.380593	286.373624	109.683459	109.659037	
0.2356568	286.393038	286.391077	109.695905	109.67649	
0.2458916	286.406268	286.40853	109.709134	109.693943	
0.2559753	286.419909	286.417257	109.722775	109.70267	
0.266146	286.434296	286.43471	109.737163	109.720123	
0.2762918	286.449255	286.443437	109.752122	109.737577	
0.2863665	286.464723	286.46089	109.767589	109.75503	
0.2965262	286.480939	286.478343	109.783806	109.772483	
0.306728	286.497848	286.495797	109.800715	109.789937	
0.3168757	286.515282	286.51325	109.818149	109.816117	
0.3270694	286.533424	286.530703	109.83629	109.83357	
0.3375182	286.55269	286.548157	109.855556	109.851023	
0.3473699	286.571405	286.56561	109.874271	109.877203	
0.3574906	286.591259	286.583063	109.894126	109.903383	
0.3676454	286.611803	286.600516	109.914669	109.920836	
0.3777661	286.632886	286.61797	109.935753	109.955743	
0.3879298	286.654696	286.64415	109.957562	109.973196	
0.3980746	286.677059	286.67033	109.979926	109.999376	
0.4084283	286.700559	286.687783	110.003426	110.025556	
0.4262438	286.743261	286.72269	110.046128	110.077916	
0.4307577	286.754023	286.757596	110.05689	110.077916	
0.4411125	286.77955	286.775049	110.082416	110.112823	
0.4510952	286.804733	286.809956	110.1076	110.139002	
0.4612319	286.830926	286.836136	110.133793	110.165182	
0.4713827	286.857779	286.871043	110.160646	110.182636	
0.4815654	286.885343	286.897222	110.188209	110.217542	
0.4917151	286.913446	286.932129	110.216312	110.243722	
0.5018299	286.942031	286.967036	110.244897	110.269902	
0.5120206	286.971476	287.001942	110.274342	110.296082	
0.5221743	287.001425	287.028122	110.304292	110.322262	
0.5322701	287.031819	287.063029	110.334686	110.357169	
0.5424758	287.063176	287.089209	110.366043	110.374622	
0.5528945	287.095855	287.124115	110.398722	110.409528	
0.5628373	287.127592	287.159022	110.430458	110.435708	
0.572977	287.1606	287.193928	110.463466	110.470615	
0.5831347	287.194279	287.228835	110.497146	110.496795	
0.5933215	287.228689	287.255015	110.531555	110.531702	
0.6034432	287.263485	287.289922	110.566351	110.566608	
0.6135449	287.298809	287.324828	110.601676	110.601515	
0.6237817	287.33526	287.351008	110.638127	110.636421	
0.6339154	287.371951	287.385915	110.674817	110.671328	
0.6440261	287.409159	287.420821	110.712026	110.706234	
0.6542169	287.447314	287.455728	110.750181	110.741141	
0.6644106	287.486085	287.490634	110.788952	110.784774	
0.6745983	287.525452	287.525541	110.828318	110.828408	
0.6846971	287.565099	287.560448	110.867966	110.863314	
0.6948098	287.6054	287.595354	110.908266	110.906947	
0.7049765	287.646546	287.638987	110.949412	110.950581	
0.7151393	287.688286	287.682621	110.991153	110.994214	
0.725278	287.730553	287.726254	111.033419	111.037847	
0.7354247	287.773475	287.769887	111.076341	111.08148	
0.7456015	287.817146	287.804794	111.120013	111.125113	
0.7557592	287.861337	287.857154	111.164204	111.177473	
0.7659389	287.906255	287.900787	111.209121	111.221107	
0.7761477	287.95194	287.94442	111.254807	111.26474	
0.7862484	287.997738	287.99678	111.300604	111.3171	
0.7963942	288.044358	288.04914	111.347225	111.36946	
0.8065269	288.091525	288.1015	111.394392	111.413093	
0.8166906	288.139486	288.15386	111.442352	111.456726	
0.8268424	288.188008	288.206219	111.490874	111.509086	
0.8370181	288.237233	288.258579	111.540099	111.561446	
0.8471238	288.286744	288.310939	111.58961	111.605079	
0.8573396	288.337444	288.363299	111.64031	111.657439	
0.8676293	288.389133	288.415659	111.692	111.701072	
0.877551	288.439543	288.468019	111.74241	111.753432	
0.8876978	288.491737	288.520379	111.794604	111.805792	
0.8978345	288.544475	288.572739	111.847341	111.858152	
0.9079792	288.597909	288.625098	111.900775	111.901785	
0.918135	288.651972	288.677458	111.954838	111.954145	
0.9282777	288.706615	288.729818	112.009481	112.006505	
0.9384674	288.762124	288.782178	112.064991	112.067591	
0.9485842	288.817865	288.834538	112.120731	112.119951	
0.9587249	288.874514	288.886898	112.17738	112.172311	
0.9688776	288.931555	288.939258	112.234421	112.233398	
0.9796934	288.993171	288.991618	112.296037	112.285757	
0.9891491	289.04749	289.043977	112.350356	112.346844	
0.9992568	289.10626	289.096337	112.409126	112.399204	
1.009437	289.166031	289.157424	112.468898	112.469017	
1.019601	289.226358	289.21851	112.529224	112.521377	
1.029728	289.287067	289.279597	112.589933	112.59119	
1.047724	289.397334	289.393043	112.7002	112.704636	
1.052268	289.425097	289.419223	112.727963	112.730816	
1.062362	289.487602	289.48031	112.790468	112.80063	
1.072717	289.552381	289.550123	112.855247	112.861716	
1.0828	289.61601	289.619936	112.918876	112.931529	
1.092857	289.680119	289.681023	112.982985	112.992616	
1.102981	289.745272	289.759562	113.048138	113.062429	
1.113251	289.812002	289.820649	113.114868	113.132242	
1.123317	289.877988	289.890462	113.180855	113.193329	
1.133457	289.945086	289.960275	113.247952	113.263142	
1.14362	290.01299	290.030088	113.315856	113.324228	
1.153798	290.081562	290.099902	113.384428	113.394042	
1.163935	290.150493	290.178441	113.453359	113.463855	
1.174086	290.220165	290.248255	113.523032	113.533668	
1.184289	290.2908	290.318068	113.593667	113.603481	
1.19443	290.361607	290.387881	113.664474	113.673294	
1.204555	290.432945	290.457694	113.735811	113.743107	
1.214741	290.505323	290.527507	113.808189	113.812921	
1.224839	290.577677	290.59732	113.880544	113.882734	
1.235039	290.651397	290.667134	113.954264	113.961274	
1.245188	290.725372	290.736947	114.028239	114.031087	
1.255277	290.799542	290.80676	114.102408	114.1009	
1.265546	290.87562	290.876573	114.178486	114.17944	
1.275587	290.950614	290.946386	114.25348	114.249253	
1.285816	291.028064	291.024926	114.330931	114.327793	
1.29599	291.104928	291.103466	114.407794	114.406332	
1.306057	291.181988	291.173279	114.484854	114.476146	
1.316235	291.260491	291.251819	114.563358	114.563412	
1.326369	291.337436	291.330359	114.640303	114.641952	
1.336538	291.414073	291.408899	114.71694	114.720492	
1.346714	291.490114	291.496165	114.792981	114.807758	
1.356814	291.565003	291.574705	114.867869	114.877571	
1.366941	291.639492	291.653245	114.942359	114.964838	
1.377102	291.713607	291.740511	115.016473	115.043378	
1.387271	291.787234	291.819051	115.090101	115.121917	
1.397399	291.859868	291.906317	115.162734	115.209184	
1.407537	291.932003	291.984857	115.234869	115.278997	
1.417707	292.003733	292.063397	115.3066	115.366264	
1.427796	292.074329	292.141937	115.377196	115.436077	
1.43796	292.144839	292.220477	115.447705	115.514617	
1.448156	292.214956	292.29029	115.517822	115.58443	
1.458274	292.283888	292.360103	115.586755	115.654243	
1.468466	292.352732	292.429916	115.655598	115.724056	
1.478547	292.420263	292.491003	115.723129	115.785143	
1.489066	292.490048	292.552089	115.792915	115.854956	
1.49889	292.554649	292.621902	115.857515	115.916042	
1.509026	292.62072	292.682989	115.923586	115.977129	
1.519164	292.686198	292.744075	115.989065	116.038215	
1.529385	292.751563	292.796435	116.05443	116.099302	
1.539449	292.815333	292.848795	116.1182	116.151662	
1.549609	292.879132	292.901155	116.181999	116.204022	
1.559747	292.942189	292.962242	116.245056	116.265108	
1.569951	293.005011	293.014601	116.307878	116.317468	
1.580065	293.066722	293.066961	116.369589	116.378555	
1.590213	293.127992	293.119321	116.430859	116.430914	
1.600427	293.189092	293.180408	116.491959	116.492001	
1.61053	293.248879	293.232768	116.551746	116.544361	
1.620825	293.30921	293.285128	116.612076	116.605447	
1.630863	293.367426	293.346214	116.670293	116.657807	
1.641026	293.425769	293.407301	116.728636	116.718894	
1.651158	293.483326	293.468387	116.786193	116.77998	
1.661307	293.540391	293.529474	116.843258	116.841067	
1.671464	293.596879	293.59056	116.899746	116.902153	
1.681605	293.652669	293.651647	116.955536	116.954513	
1.691796	293.70814	293.704007	117.011006	117.024326	
1.701933	293.762742	293.77382	117.065608	117.076686	
1.712137	293.817038	293.834906	117.119905	117.137773	
1.722207	293.870052	293.895993	117.172919	117.198859	
1.741807	293.970447	294.000712	117.273314	117.303579	
1.746306	293.993586	294.026892	117.296452	117.329759	
1.756449	294.044937	294.087979	117.347803	117.382119	
1.766626	294.095838	294.140339	117.398704	117.443205	
1.776823	294.146279	294.192699	117.449145	117.495565	
1.787008	294.196005	294.236332	117.498872	117.539198	
1.797091	294.244676	294.288692	117.547542	117.591558	
1.815364	294.330485	294.375958	117.633351	117.670098	
1.819968	294.352157	294.393412	117.655024	117.687551	
1.830056	294.39888	294.437045	117.701746	117.739911	
1.840222	294.445381	294.480678	117.748248	117.774818	
1.850489	294.491726	294.524311	117.794592	117.818451	
1.860628	294.536888	294.559218	117.839754	117.862084	
1.870811	294.58164	294.602851	117.884506	117.896991	
1.880952	294.625622	294.646484	117.928488	117.940624	
1.89105	294.668803	294.681391	117.971669	117.984257	
1.901217	294.711712	294.716297	118.014578	118.019164	
1.911431	294.754181	294.751204	118.057048	118.054071	
1.921603	294.795867	294.794837	118.098733	118.097704	
1.93171	294.836713	294.829744	118.13958	118.13261	
1.941849	294.877098	294.86465	118.179964	118.176244	
1.952023	294.916976	294.908284	118.219843	118.21115	
1.962154	294.956118	294.94319	118.258984	118.246057	
1.972296	294.994704	294.978097	118.297571	118.280963	
1.983174	295.035413	295.013003	118.338279	118.333323	
1.992569	295.070039	295.056637	118.372905	118.36823	
2.002775	295.107061	295.091543	118.409928	118.403136	
2.012872	295.143125	295.135177	118.445991	118.438043	
2.023046	295.178816	295.170083	118.481682	118.481676	
2.033194	295.213834	295.20499	118.5167	118.516583	
2.043346	295.248283	295.239896	118.551149	118.560216	
2.053443	295.28194	295.283529	118.584807	118.595123	
2.063652	295.315388	295.318436	118.618255	118.630029	
2.073875	295.348261	295.353343	118.651128	118.664936	
2.08394	295.380044	295.388249	118.68291	118.699842	
2.09409	295.411503	295.423156	118.71437	118.734749	
2.10426	295.442428	295.458062	118.745295	118.769656	
2.114422	295.472734	295.492969	118.775601	118.804562	
2.124564	295.502389	295.527876	118.805256	118.839469	
2.134711	295.531463	295.562782	118.83433	118.865649	
2.144869	295.559987	295.588962	118.862853	118.900555	
2.155048	295.587957	295.623869	118.890824	118.926735	
2.165183	295.615227	295.658775	118.918093	118.961642	
2.17533	295.641943	295.684955	118.94481	118.987822	
2.185547	295.668237	295.702409	118.971103	119.014002	
2.195636	295.693624	295.728588	118.996491	119.031455	
2.205786	295.718575	295.737315	119.021442	119.048908	
2.215977	295.743033	295.754768	119.045899	119.066362	
2.226133	295.766826	295.763495	119.069693	119.083815	
2.236252	295.789942	295.780948	119.092808	119.092542	
2.2464	295.812537	295.798402	119.115404	119.109995	
2.256516	295.834485	295.807128	119.137352	119.127448	
2.266708	295.856015	295.815855	119.158882	119.144901	
2.276835	295.87681	295.833308	119.179677	119.153628	
2.287018	295.897143	295.850762	119.200009	119.171081	
2.297135	295.916763	295.868215	119.21963	119.188535	
2.307313	295.935917	295.876941	119.238784	119.205988	
2.317651	295.954777	295.903121	119.257643	119.223441	
2.327878	295.97285	295.920575	119.275716	119.240894	
2.337724	295.98969	295.938028	119.292557	119.258348	
2.347846	296.00644	295.955481	119.309307	119.275801	
2.357988	296.022652	295.972935	119.325518	119.293254	
2.36814	296.038307	295.999114	119.341174	119.310708	
2.378281	296.053375	296.016568	119.356242	119.328161	
2.38848	296.067944	296.042748	119.37081	119.345614	
2.398567	296.0818	296.060201	119.384667	119.363068	
2.408723	296.095182	296.086381	119.398049	119.389247	
2.41889	296.108015	296.112561	119.410881	119.406701	
2.429212	296.120458	296.130014	119.423324	119.424154	
2.439148	296.131906	296.147467	119.434772	119.441607	
2.44941	296.143152	296.164921	119.446019	119.459061	
2.459456	296.153618	296.182374	119.456484	119.467787	
2.469589	296.163631	296.182374	119.466498	119.485241	
2.479728	296.173101	296.199827	119.475968	119.493967	
2.489946	296.182089	296.208554	119.484956	119.502694	
2.499998	296.190404	296.217281	119.493271	119.502694	
2.5102	296.198301	296.217281	119.501168	119.511421	
2.520366	296.205636	296.217281	119.508503	119.511421	
2.530505	296.21243	296.217281	119.515297	119.511421	
2.540674	296.218721	296.217281	119.521587	119.511421	
2.550871	296.224509	296.217281	119.527375	119.511421	
2.561004	296.22976	296.208554	119.532627	119.502694	
2.571129	296.234515	296.208554	119.537382	119.502694	
2.581298	296.238803	296.199827	119.54167	119.502694	
2.59143	296.242605	296.199827	119.545471	119.502694	
2.601634	296.245965	296.199827	119.548832	119.511421	
2.611713	296.248853	296.199827	119.551719	119.520147	
2.62195	296.25135	296.208554	119.554217	119.520147	
2.632109	296.253429	296.217281	119.556295	119.520147	
2.642238	296.25513	296.217281	119.557997	119.528874	
2.652367	296.260177	296.226007	119.563044	119.5376	
2.662515	296.260177	296.234734	119.563044	119.5376	
2.672678	296.260177	296.243461	119.563044	119.5376	
2.690716	296.260177	296.252187	119.563044	119.5376	
2.695239	296.260177	296.252187	119.563044	119.5376	
2.705446	296.260177	296.252187	119.563044	119.528874	
2.715547	296.260177	296.252187	119.563044	119.528874	
2.72571	296.260177	296.260914	119.563044	119.528874	
2.735795	296.260177	296.252187	119.563044	119.528874	
2.74634	296.260177	296.252187	119.563044	119.5376	
2.75611	296.260177	296.252187	119.563044	119.5376	
2.766304	296.260177	296.252187	119.563044	119.5376	
2.777746	296.260177	296.252187	119.563044	119.5376	
2.786548	296.260177	296.252187	119.563044	119.5376	
2.796745	296.260177	296.252187	119.563044	119.528874	
2.806909	296.260177	296.252187	119.563044	119.528874	
2.817076	296.260177	296.252187	119.563044	119.528874	
2.827162	296.260177	296.252187	119.563044	119.5376	
2.837669	296.260177	296.252187	119.563044	119.5376	
2.847454	296.260177	296.252187	119.563044	119.5376	
2.857641	296.260177	296.252187	119.563044	119.546327	
2.867744	296.260177	296.252187	119.563044	119.555054	
2.877895	296.260177	296.252187	119.563044	119.555054	
2.888064	296.260177	296.252187	119.563044	119.56378	
2.89818	296.260177	296.252187	119.563044	119.572507	
2.916362	296.260177	296.252187	119.563044	119.572507	
2.920876	296.260177	296.252187	119.563044	119.572507	
2.931079	296.260177	296.252187	119.563044	119.572507	
2.941198	296.260177	296.252187	119.563044	119.572507	
2.951406	296.260177	296.252187	119.563044	119.581234	
2.961642	296.260177	296.252187	119.563044	119.581234	
2.971726	296.260177	296.252187	119.563044	119.581234	
2.982582	296.260177	296.252187	119.563044	119.581234	
2.992059	296.260177	296.252187	119.563044	119.581234	
3.002174	296.260177	296.252187	119.563044	119.581234	
3.012308	296.260177	296.252187	119.563044	119.581234	
3.022436	296.260177	296.252187	119.563044	119.581234	
3.032704	296.260177	296.252187	119.563044	119.581234	
3.042844	296.260177	296.252187	119.563044	119.581234	
3.052957	296.260177	296.252187	119.563044	119.581234	
3.063142	296.260177	296.252187	119.563044	119.581234	
3.073286	296.260177	296.252187	119.563044	119.581234	
3.083436	296.260177	296.252187	119.563044	119.581234	
3.093575	296.260177	296.252187	119.563044	119.581234	
3.103713	296.260177	296.252187	119.563044	119.581234	
3.113923	296.260177	296.252187	119.563044	119.581234	
3.124049	296.260177	296.252187	119.563044	119.581234	
3.134201	296.260177	296.252187	119.563044	119.581234	
3.144454	296.260177	296.252187	119.563044	119.581234	
3.154583	296.260177	296.252187	119.563044	119.581234	
3.164919	296.260177	296.252187	119.563044	119.581234	
3.174907	296.260177	296.252187	119.563044	119.581234	
3.185007	296.260177	296.252187	119.563044	119.581234	
3.195147	296.260177	296.252187	119.563044	119.581234	
3.205279	296.260177	296.252187	119.563044	119.581234	
3.215479	296.260177	296.252187	119.563044	119.581234	
3.225663	296.260177	296.252187	119.563044	119.581234	
3.23577	296.260177	296.252187	119.563044	119.581234	
3.245938	296.260177	296.252187	119.563044	119.581234	
3.256307	296.260177	296.252187	119.563044	119.581234	
3.266278	296.260177	296.252187	119.563044	119.581234	
3.276395	296.260177	296.252187	119.563044	119.581234	
3.286543	296.260177	296.252187	119.563044	119.581234	
3.296675	296.260177	296.252187	119.563044	119.581234	
3.306818	296.260177	296.252187	119.563044	119.581234	
3.317016	296.260177	296.252187	119.563044	119.581234	
3.32711	296.260177	296.252187	119.563044	119.581234	
3.337276	296.260177	296.252187	119.563044	119.581234	
3.347404	296.260177	296.252187	119.563044	119.581234	
3.357552	296.260177	296.252187	119.563044	119.581234	
3.367699	296.260177	296.252187	119.563044	119.581234	
3.377926	296.260177	296.252187	119.563044	119.581234	
3.388014	296.260177	296.252187	119.563044	119.581234	
3.398158	296.260177	296.252187	119.563044	119.581234	
3.408401	296.260177	296.252187	119.563044	119.581234	
3.418918	296.260177	296.252187	119.563044	119.581234	
3.428615	296.260177	296.252187	119.563044	119.581234	
3.438749	296.260177	296.252187	119.563044	119.581234	
3.44892	296.260177	296.252187	119.563044	119.581234	
3.459086	296.260177	296.252187	119.563044	119.581234	
3.469264	296.260177	296.252187	119.563044	119.581234	
3.479377	296.260177	296.252187	119.563044	119.581234	
3.489598	296.260177	296.252187	119.563044	119.581234	
3.49964	296.260177	296.252187	119.563044	119.581234	
3.517767	296.260177	296.252187	119.563044	119.581234	
3.522288	296.260177	296.252187	119.563044	119.581234	
3.532423	296.260177	296.252187	119.563044	119.581234	
3.542581	296.260177	296.252187	119.563044	119.581234	
3.552745	296.260177	296.252187	119.563044	119.581234	
3.562934	296.260177	296.252187	119.563044	119.581234	
3.573041	296.260177	296.252187	119.563044	119.581234	
3.600633	296.260177	296.252187	119.563044	119.581234	
