0.03503961	454.518644	454.518644	277.90005	277.90005	
0.03983228	454.51885	454.518644	277.900256	277.90005	
0.04994759	454.520061	454.518644	277.901467	277.90005	
0.06024788	454.521937	454.518644	277.903344	277.908777	
0.0702742	454.524357	454.518644	277.905763	277.908777	
0.08044551	454.527438	454.52737	277.908844	277.908777	
0.09063081	454.531147	454.52737	277.912553	277.908777	
0.1007811	454.535459	454.536097	277.916866	277.908777	
0.1109644	454.54041	454.536097	277.921816	277.908777	
0.1211007	454.545949	454.544824	277.927355	277.917503	
0.131251	454.552119	454.55355	277.933526	277.92623	
0.1414203	454.558918	454.55355	277.940324	277.934957	
0.1515676	454.566319	454.571004	277.947725	277.943683	
0.161735	454.574359	454.571004	277.955765	277.943683	
0.1718333	454.582954	454.57973	277.96436	277.95241	
0.1820056	454.592235	454.588457	277.973642	277.961137	
0.1921649	454.602172	454.597184	277.983578	277.969863	
0.2023712	454.612685	454.614637	277.994091	277.97859	
0.2137194	454.625235	454.623364	278.006641	277.987317	
0.2226868	454.635568	454.63209	278.016974	277.996043	
0.2328091	454.647885	454.649543	278.029292	278.013497	
0.2429924	454.660903	454.65827	278.042309	278.022223	
0.2531047	454.674438	454.675723	278.055844	278.03095	
0.26323	454.688607	454.68445	278.070014	278.048403	
0.2733923	454.703454	454.693177	278.08486	278.065856	
0.2835806	454.718956	454.71063	278.100363	278.08331	
0.2937859	454.735119	454.728083	278.116526	278.100763	
0.3038762	454.751691	454.745537	278.133098	278.118216	
0.3140126	454.768972	454.76299	278.150378	278.13567	
0.3242949	454.787134	454.780443	278.16854	278.153123	
0.3343652	454.805517	454.797896	278.186923	278.170576	
0.3445215	454.824692	454.81535	278.206099	278.196756	
0.3547418	454.844603	454.832803	278.22601	278.222936	
0.3669869	454.86946	454.858983	278.250866	278.240389	
0.3751104	454.886217	454.876436	278.267624	278.266569	
0.3850977	454.90749	454.902616	278.288896	278.292749	
0.395235	454.929703	454.92007	278.311109	278.318929	
0.4053683	454.952528	454.946249	278.333934	278.345109	
0.4155826	454.976169	454.972429	278.357575	278.371289	
0.4257529	455.000325	454.998609	278.381731	278.397469	
0.4362502	455.025934	455.024789	278.407341	278.423649	
0.454712	455.073439	455.050969	278.454846	278.476009	
0.4592877	455.08514	455.094602	278.466546	278.484735	
0.4694	455.111799	455.120782	278.493206	278.519642	
0.4796073	455.139335	455.146962	278.520741	278.545822	
0.4897636	455.167353	455.181869	278.548759	278.572002	
0.4999369	455.196039	455.216776	278.577446	278.606908	
0.5100862	455.225275	455.251682	278.606681	278.633088	
0.5201915	455.254996	455.277862	278.636402	278.659268	
0.5304208	455.285731	455.312769	278.667137	278.685448	
0.5405951	455.31689	455.347675	278.698296	278.720355	
0.5507114	455.348495	455.373855	278.729902	278.746535	
0.5608507	455.380787	455.408762	278.762194	278.781441	
0.570991	455.413729	455.443668	278.795135	278.807621	
0.5811673	455.447367	455.469848	278.828773	278.842528	
0.5912987	455.481487	455.504755	278.862893	278.868708	
0.601455	455.516304	455.539661	278.89771	278.903614	
0.6116193	455.551779	455.574568	278.933185	278.938521	
0.6218276	455.588031	455.609475	278.969437	278.973428	
0.6319329	455.624537	455.644381	279.005943	279.008334	
0.6421202	455.661961	455.670561	279.043368	279.043241	
0.6523575	455.700177	455.714194	279.081583	279.078147	
0.6624138	455.738345	455.749101	279.119751	279.121781	
0.6725791	455.77753	455.784008	279.158936	279.156687	
0.6827244	455.817275	455.818914	279.198681	279.20032	
0.6928867	455.857686	455.853821	279.239092	279.235227	
0.703023	455.89861	455.897454	279.280016	279.287587	
0.7131504	455.940128	455.93236	279.321535	279.33122	
0.7233647	455.982632	455.975994	279.364039	279.374853	
0.7338309	456.026846	456.019627	279.408253	279.418487	
0.7436433	456.068856	456.06326	279.450262	279.46212	
0.7537766	456.112857	456.106893	279.494263	279.51448	
0.7639019	456.157429	456.159253	279.538835	279.549386	
0.7740162	456.202597	456.202887	279.584004	279.601746	
0.7841825	456.248625	456.255246	279.630031	279.654106	
0.7961077	456.304848	456.29888	279.686255	279.697739	
0.8045051	456.342473	456.35124	279.72388	279.741373	
0.8147234	456.390587	456.403599	279.771993	279.793732	
0.8249637	456.439434	456.455959	279.82084	279.846092	
0.835328	456.48954	456.508319	279.870947	279.898452	
0.8451204	456.537422	456.560679	279.918828	279.942085	
0.8552417	456.587526	456.613039	279.968932	279.985719	
0.865374	456.638306	456.665399	280.019712	280.038078	
0.8754963	456.689661	456.717759	280.071067	280.090438	
0.8857626	456.742393	456.770119	280.123799	280.142798	
0.8958229	456.794648	456.822478	280.176054	280.195158	
0.9059762	456.848007	456.874838	280.229413	280.247518	
0.9162515	456.902655	456.927198	280.284062	280.299878	
0.9262948	456.956657	456.979558	280.338064	280.352238	
0.9367541	457.013576	457.031918	280.394983	280.404598	
0.9470744	457.070419	457.084278	280.451825	280.456958	
0.9574347	457.12806	457.136638	280.509466	280.509317	
0.967138	457.182573	457.197724	280.563979	280.570404	
0.9773444	457.240594	457.250084	280.622	280.622764	
0.9875317	457.299123	457.311171	280.680529	280.68385	
0.997776	457.35861	457.36353	280.740017	280.744937	
1.007889	457.417947	457.41589	280.799354	280.806023	
1.018058	457.478241	457.476977	280.859647	280.86711	
1.028307	457.539629	457.538063	280.921036	280.928196	
1.038372	457.600518	457.59915	280.981924	280.989283	
1.048546	457.662684	457.660236	281.04409	281.050369	
1.058778	457.725865	457.721323	281.107272	281.120183	
1.068864	457.788739	457.791136	281.170145	281.181269	
1.079044	457.852805	457.852223	281.234211	281.242356	
1.089157	457.917066	457.913309	281.298472	281.312169	
1.099361	457.982559	457.983122	281.363966	281.381982	
1.109514	458.048316	458.052936	281.429723	281.443069	
1.119664	458.114665	458.122749	281.496071	281.512882	
1.129824	458.181746	458.192562	281.563152	281.573968	
1.139966	458.249284	458.262375	281.63069	281.643781	
1.15015	458.317719	458.332188	281.699125	281.713595	
1.160339	458.386831	458.402001	281.768237	281.783408	
1.17044	458.455927	458.480541	281.837334	281.853221	
1.180629	458.52628	458.550354	281.907686	281.923034	
1.190768	458.596895	458.620168	281.978301	281.992847	
1.200904	458.668106	458.698707	282.049512	282.06266	
1.211059	458.740077	458.768521	282.121483	282.132474	
1.221249	458.812905	458.84706	282.194311	282.202287	
1.231381	458.885948	458.916874	282.267354	282.2721	
1.241523	458.959665	458.986687	282.341072	282.35064	
1.251702	459.034312	459.0565	282.415718	282.420453	
1.269889	459.170045	459.126313	282.551451	282.551353	
1.27442	459.203785	459.222306	282.585191	282.586259	
1.284608	459.280479	459.300846	282.661886	282.673526	
1.294818	459.357973	459.370659	282.73938	282.743339	
1.304912	459.435195	459.449199	282.816601	282.821879	
1.315144	459.514089	459.527739	282.895495	282.900418	
1.325199	459.590423	459.606279	282.971829	282.978958	
1.335335	459.666772	459.684818	283.048178	283.057498	
1.345503	459.74273	459.763358	283.124136	283.144765	
1.355648	459.817925	459.850625	283.199331	283.223304	
1.365875	459.893131	459.929164	283.274537	283.301844	
1.37599	459.966885	459.998978	283.348291	283.389111	
1.386179	460.040565	460.086244	283.421971	283.476377	
1.396395	460.113825	460.164784	283.495232	283.54619	
1.406452	460.185362	460.243324	283.566768	283.62473	
1.416829	460.258538	460.313137	283.639944	283.70327	
1.427017	460.329755	460.391677	283.711162	283.78181	
1.437522	460.402591	460.46149	283.783998	283.86035	
1.4475	460.471151	460.54003	283.852557	283.930163	
1.457459	460.538997	460.609843	283.920403	283.999976	
1.467661	460.607859	460.679656	283.989265	284.061062	
1.477879	460.676248	460.740743	284.057655	284.122149	
1.488011	460.743441	460.801829	284.124848	284.191962	
1.498157	460.810141	460.871642	284.191547	284.244322	
1.508367	460.87666	460.932729	284.258066	284.314135	
1.518493	460.942005	460.993815	284.323411	284.366495	
1.528659	461.006994	461.054902	284.3884	284.427582	
1.538846	461.071551	461.115988	284.452957	284.488668	
1.548977	461.135108	461.168348	284.516514	284.541028	
1.559089	461.19794	461.229435	284.579346	284.593388	
1.569247	461.260481	461.281795	284.641888	284.654474	
1.579466	461.322789	461.342881	284.704195	284.715561	
1.589651	461.384234	461.395241	284.76564	284.767921	
1.599765	461.444676	461.465054	284.826082	284.829007	
1.609911	461.504727	461.517414	284.886134	284.890094	
1.620073	461.564233	461.569774	284.945639	284.942454	
1.630231	461.623144	461.630861	285.00455	285.012267	
1.640386	461.681405	461.691947	285.062811	285.064627	
1.650552	461.739134	461.744307	285.12054	285.13444	
1.660715	461.79624	461.81412	285.177647	285.1868	
1.670872	461.85272	461.86648	285.234126	285.256613	
1.681	461.908443	461.91884	285.28985	285.308973	
1.691201	461.963924	461.988653	285.34533	285.378786	
1.701328	462.01841	462.041013	285.399816	285.431146	
1.711474	462.072405	462.093373	285.453811	285.492232	
1.721672	462.126061	462.154459	285.507468	285.553319	
1.731783	462.17868	462.206819	285.560086	285.605679	
1.741954	462.230988	462.267906	285.612395	285.658039	
1.752096	462.282542	462.320266	285.663948	285.710399	
1.762256	462.333628	462.372625	285.715034	285.762758	
1.772409	462.384026	462.424985	285.765433	285.815118	
1.782579	462.433929	462.477345	285.815335	285.867478	
1.792718	462.483051	462.529705	285.864458	285.911111	
1.802879	462.53171	462.582065	285.913116	285.954745	
1.813008	462.579603	462.616972	285.961009	286.007105	
1.823095	462.6267	462.669331	286.008106	286.042011	
1.83333	462.673873	462.712965	286.055279	286.094371	
1.843489	462.720118	462.756598	286.101525	286.129278	
1.85368	462.765867	462.800231	286.147273	286.172911	
1.863759	462.810546	462.843864	286.191952	286.216544	
1.874072	462.855636	462.887498	286.237042	286.251451	
1.884072	462.898762	462.931131	286.280169	286.295084	
1.894233	462.941999	462.966037	286.323405	286.338717	
1.904371	462.984552	463.000944	286.365959	286.373624	
1.914527	463.026548	463.044577	286.407954	286.417257	
1.924744	463.068207	463.08821	286.449614	286.452163	
1.934873	463.108918	463.123117	286.490324	286.495797	
1.945038	463.149152	463.158024	286.530559	286.530703	
1.955203	463.188806	463.201657	286.570212	286.574337	
1.965254	463.227424	463.236563	286.60883	286.609243	
1.975435	463.265933	463.27147	286.647339	286.652876	
1.985581	463.303713	463.306377	286.68512	286.687783	
1.995759	463.341037	463.35001	286.722443	286.731416	
2.005926	463.377678	463.384916	286.759084	286.775049	
2.016032	463.413525	463.419823	286.794931	286.809956	
2.026236	463.449127	463.45473	286.830534	286.844863	
2.036429	463.484077	463.489636	286.865483	286.888496	
2.046519	463.518102	463.524543	286.899508	286.923402	
2.056674	463.551735	463.559449	286.933141	286.958309	
2.066835	463.584798	463.594356	286.966204	286.993216	
2.077006	463.617315	463.629262	286.998721	287.028122	
2.087141	463.649094	463.664169	287.030501	287.063029	
2.097329	463.680465	463.699076	287.061871	287.097935	
2.107537	463.711272	463.733982	287.092679	287.132842	
2.117755	463.741516	463.768889	287.122922	287.159022	
2.127848	463.770818	463.803795	287.152224	287.193928	
2.137974	463.799621	463.829975	287.181027	287.228835	
2.148223	463.828164	463.864882	287.20957	287.255015	
2.158319	463.855704	463.891062	287.23711	287.281195	
2.168436	463.882714	463.925968	287.26412	287.307375	
2.178628	463.909333	463.952148	287.290739	287.324828	
2.188766	463.935214	463.978328	287.31662	287.342281	
2.198968	463.96067	464.004508	287.342076	287.359735	
2.209112	463.985391	464.030688	287.366797	287.377188	
2.228177	464.029303	464.065595	287.41071	287.403368	
2.232758	464.039913	464.074321	287.421319	287.420821	
2.242885	464.062672	464.091775	287.444078	287.438275	
2.253065	464.084922	464.100501	287.466328	287.455728	
2.263245	464.106607	464.117955	287.488014	287.473181	
2.273392	464.127645	464.126681	287.509051	287.490634	
2.283497	464.147999	464.144135	287.529406	287.508088	
2.294295	464.169107	464.161588	287.550513	287.525541	
2.303745	464.187084	464.179041	287.56849	287.542994	
2.313899	464.205822	464.187768	287.587229	287.560448	
2.324242	464.224289	464.205221	287.605695	287.577901	
2.334223	464.241564	464.222674	287.62297	287.604081	
2.344387	464.258579	464.240128	287.639985	287.621534	
2.354524	464.274981	464.257581	287.656387	287.647714	
2.364746	464.290932	464.275034	287.672338	287.665167	
2.374955	464.30629	464.292488	287.687696	287.682621	
2.384977	464.320813	464.309941	287.702219	287.700074	
2.395128	464.334955	464.327394	287.716361	287.726254	
2.40526	464.348509	464.344847	287.729915	287.752434	
2.415453	464.361573	464.362301	287.742979	287.769887	
2.425584	464.374	464.379754	287.755406	287.778614	
2.436033	464.386226	464.397207	287.767632	287.78734	
2.446499	464.397863	464.405934	287.779269	287.804794	
2.456093	464.408062	464.414661	287.789468	287.804794	
2.474103	464.425065	464.432114	287.806472	287.81352	
2.478654	464.429417	464.432114	287.810823	287.81352	
2.48882	464.438449	464.440841	287.819856	287.81352	
2.498983	464.446939	464.440841	287.828346	287.81352	
2.50915	464.454902	464.440841	287.836309	287.81352	
2.519318	464.462334	464.449567	287.84374	287.804794	
2.529479	464.469239	464.440841	287.850646	287.804794	
2.539634	464.475625	464.440841	287.857031	287.804794	
2.557681	464.485002	464.440841	287.866408	287.81352	
2.562392	464.487582	464.440841	287.868988	287.81352	
2.57243	464.492241	464.449567	287.873647	287.81352	
2.582538	464.496531	464.449567	287.877937	287.822247	
2.59269	464.500377	464.449567	287.881783	287.822247	
2.602895	464.503787	464.458294	287.885193	287.830974	
2.612941	464.506724	464.467021	287.88813	287.8397	
2.623153	464.509281	464.467021	287.890687	287.8397	
2.633348	464.511435	464.475747	287.892841	287.848427	
2.643474	464.513207	464.484474	287.894614	287.857154	
2.65359	464.518644	464.4932	287.90005	287.86588	
2.66404	464.518644	464.501927	287.90005	287.874607	
2.673885	464.518644	464.501927	287.90005	287.883333	
2.684016	464.518644	464.510654	287.90005	287.89206	
2.694175	464.518644	464.510654	287.90005	287.89206	
2.704287	464.518644	464.510654	287.90005	287.89206	
2.714459	464.518644	464.510654	287.90005	287.89206	
2.732853	464.518644	464.510654	287.90005	287.89206	
2.737388	464.518644	464.510654	287.90005	287.89206	
2.747633	464.518644	464.510654	287.90005	287.89206	
2.757844	464.518644	464.510654	287.90005	287.89206	
2.767907	464.518644	464.510654	287.90005	287.89206	
2.778114	464.518644	464.510654	287.90005	287.89206	
2.788302	464.518644	464.510654	287.90005	287.89206	
2.807981	464.518644	464.510654	287.90005	287.89206	
2.812507	464.518644	464.510654	287.90005	287.89206	
2.822696	464.518644	464.510654	287.90005	287.89206	
2.832849	464.518644	464.510654	287.90005	287.89206	
2.843025	464.518644	464.510654	287.90005	287.89206	
2.853214	464.518644	464.510654	287.90005	287.89206	
2.863417	464.518644	464.510654	287.90005	287.89206	
2.873505	464.518644	464.510654	287.90005	287.89206	
2.883652	464.518644	464.510654	287.90005	287.89206	
2.893886	464.518644	464.510654	287.90005	287.89206	
2.903956	464.518644	464.510654	287.90005	287.89206	
2.91411	464.518644	464.510654	287.90005	287.89206	
2.924288	464.518644	464.510654	287.90005	287.89206	
2.934439	464.518644	464.510654	287.90005	287.89206	
2.944552	464.518644	464.510654	287.90005	287.89206	
2.962606	464.518644	464.510654	287.90005	287.89206	
2.967118	464.518644	464.510654	287.90005	287.89206	
2.977323	464.518644	464.510654	287.90005	287.89206	
2.987494	464.518644	464.510654	287.90005	287.89206	
2.997692	464.518644	464.510654	287.90005	287.89206	
3.007811	464.518644	464.510654	287.90005	287.89206	
3.017928	464.518644	464.510654	287.90005	287.89206	
3.028148	464.518644	464.510654	287.90005	287.89206	
3.03849	464.518644	464.510654	287.90005	287.89206	
3.048447	464.518644	464.510654	287.90005	287.89206	
3.058597	464.518644	464.510654	287.90005	287.89206	
3.068749	464.518644	464.510654	287.90005	287.89206	
3.078926	464.518644	464.510654	287.90005	287.89206	
3.089052	464.518644	464.510654	287.90005	287.89206	
3.099305	464.518644	464.510654	287.90005	287.89206	
3.109433	464.518644	464.510654	287.90005	287.89206	
3.119586	464.518644	464.510654	287.90005	287.89206	
3.129772	464.518644	464.510654	287.90005	287.89206	
3.139909	464.518644	464.510654	287.90005	287.89206	
3.150101	464.518644	464.510654	287.90005	287.89206	
3.160242	464.518644	464.510654	287.90005	287.89206	
3.565171	464.518644	464.510654	287.90005	287.89206	
3.573202	464.518644	464.510654	287.90005	287.89206	
3.583415	464.518644	464.510654	287.90005	287.89206	
3.593588	464.518644	464.510654	287.90005	287.89206	
3.603689	464.518644	464.510654	287.90005	287.89206	
3.613919	464.518644	464.510654	287.90005	287.89206	
3.623987	464.518644	464.510654	287.90005	287.89206	
3.634136	464.518644	464.510654	287.90005	287.89206	
3.644332	464.518644	464.510654	287.90005	287.89206	
3.65443	464.518644	464.510654	287.90005	287.89206	
3.664868	464.518644	464.510654	287.90005	287.89206	
3.682546	464.518644	464.510654	287.90005	287.89206	
3.687087	464.518644	464.510654	287.90005	287.89206	
3.697206	464.518644	464.510654	287.90005	287.89206	
3.707428	464.518644	464.510654	287.90005	287.89206	
3.717571	464.518644	464.510654	287.90005	287.89206	
3.727745	464.518644	464.510654	287.90005	287.89206	
3.737888	464.518644	464.510654	287.90005	287.89206	
3.748036	464.518644	464.510654	287.90005	287.89206	
3.758229	464.518644	464.510654	287.90005	287.89206	
3.768434	464.518644	464.510654	287.90005	287.89206	
3.778554	464.518644	464.510654	287.90005	287.89206	
3.788714	464.518644	464.510654	287.90005	287.89206	
3.798855	464.518644	464.510654	287.90005	287.89206	
3.809016	464.518644	464.510654	287.90005	287.89206	
3.819184	464.518644	464.510654	287.90005	287.89206	
3.829323	464.518644	464.510654	287.90005	287.89206	
3.839459	464.518644	464.510654	287.90005	287.89206	
3.849754	464.518644	464.510654	287.90005	287.89206	
3.859807	464.518644	464.510654	287.90005	287.89206	
3.870038	464.518644	464.510654	287.90005	287.89206	
3.880176	464.518644	464.510654	287.90005	287.89206	
3.890319	464.518644	464.510654	287.90005	287.89206	
3.90056	464.518644	464.510654	287.90005	287.89206	
3.910631	464.518644	464.510654	287.90005	287.89206	
3.920787	464.518644	464.510654	287.90005	287.89206	
3.930984	464.518644	464.510654	287.90005	287.89206	
3.941119	464.518644	464.510654	287.90005	287.89206	
3.951262	464.518644	464.510654	287.90005	287.89206	
3.961436	464.518644	464.510654	287.90005	287.89206	
3.971563	464.518644	464.510654	287.90005	287.89206	
3.981801	464.518644	464.510654	287.90005	287.89206	
3.991918	464.518644	464.510654	287.90005	287.89206	
4.002047	464.518644	464.510654	287.90005	287.89206	
4.012225	464.518644	464.510654	287.90005	287.89206	
4.022372	464.518644	464.510654	287.90005	287.89206	
4.032514	464.518644	464.510654	287.90005	287.89206	
4.04267	464.518644	464.510654	287.90005	287.89206	
4.052845	464.518644	464.510654	287.90005	287.89206	
4.062975	464.518644	464.510654	287.90005	287.89206	
4.073065	464.518644	464.510654	287.90005	287.89206	
4.083384	464.518644	464.510654	287.90005	287.89206	
4.093429	464.518644	464.510654	287.90005	287.89206	
4.103599	464.518644	464.510654	287.90005	287.89206	
4.113687	464.518644	464.510654	287.90005	287.89206	
4.124072	464.518644	464.510654	287.90005	287.89206	
4.134059	464.518644	464.510654	287.90005	287.89206	
4.14417	464.518644	464.510654	287.90005	287.89206	
4.154313	464.518644	464.510654	287.90005	287.89206	
4.164509	464.518644	464.510654	287.90005	287.89206	
4.174601	464.518644	464.510654	287.90005	287.89206	
4.184812	464.518644	464.510654	287.90005	287.89206	
4.194911	464.518644	464.510654	287.90005	287.89206	
4.205068	464.518644	464.510654	287.90005	287.89206	
4.215192	464.518644	464.510654	287.90005	287.89206	
4.225486	464.518644	464.510654	287.90005	287.89206	
4.235669	464.518644	464.510654	287.90005	287.89206	
4.245897	464.518644	464.510654	287.90005	287.89206	
4.255962	464.518644	464.510654	287.90005	287.89206	
4.266163	464.518644	464.510654	287.90005	287.89206	
4.276353	464.518644	464.510654	287.90005	287.89206	
4.286407	464.518644	464.510654	287.90005	287.89206	
4.29732	464.518644	464.510654	287.90005	287.89206	
4.306709	464.518644	464.510654	287.90005	287.89206	
4.316852	464.518644	464.510654	287.90005	287.89206	
4.326972	464.518644	464.510654	287.90005	287.89206	
4.337178	464.518644	464.510654	287.90005	287.89206	
4.347373	464.518644	464.510654	287.90005	287.89206	
4.357507	464.518644	464.510654	287.90005	287.89206	
4.367636	464.518644	464.510654	287.90005	287.89206	
4.377777	464.518644	464.510654	287.90005	287.89206	
4.387972	464.518644	464.510654	287.90005	287.89206	
4.398194	464.518644	464.510654	287.90005	287.89206	
4.408345	464.518644	464.510654	287.90005	287.89206	
4.418489	464.518644	464.510654	287.90005	287.89206	
4.428726	464.518644	464.510654	287.90005	287.89206	
4.438789	464.518644	464.510654	287.90005	287.89206	
4.448967	464.518644	464.510654	287.90005	287.89206	
4.459261	464.518644	464.510654	287.90005	287.89206	
4.469374	464.518644	464.510654	287.90005	287.89206	
4.479529	464.518644	464.510654	287.90005	287.89206	
4.489641	464.518644	464.510654	287.90005	287.89206	
4.499875	464.518644	464.510654	287.90005	287.89206	
4.510087	464.518644	464.510654	287.90005	287.89206	
4.520204	464.518644	464.510654	287.90005	287.89206	
4.530356	464.518644	464.510654	287.90005	287.89206	
4.540562	464.518644	464.510654	287.90005	287.89206	
4.55065	464.518644	464.510654	287.90005	287.89206	
4.560839	464.518644	464.510654	287.90005	287.89206	
4.570994	464.518644	464.510654	287.90005	287.89206	
4.581147	464.518644	464.510654	287.90005	287.89206	
4.591264	464.518644	464.510654	287.90005	287.89206	
4.601452	464.518644	464.510654	287.90005	287.89206	
4.61197	464.518644	464.510654	287.90005	287.89206	
4.622117	464.518644	464.510654	287.90005	287.89206	
4.632292	464.518644	464.510654	287.90005	287.89206	
4.642647	464.518644	464.510654	287.90005	287.89206	
4.652637	464.518644	464.510654	287.90005	287.89206	
4.662742	464.518644	464.510654	287.90005	287.89206	
4.672879	464.518644	464.510654	287.90005	287.89206	
4.683013	464.518644	464.510654	287.90005	287.89206	
4.69314	464.518644	464.510654	287.90005	287.89206	
4.703399	464.518644	464.510654	287.90005	287.89206	
4.713488	464.518644	464.510654	287.90005	287.89206	
4.723642	464.518644	464.510654	287.90005	287.89206	
4.73376	464.518644	464.510654	287.90005	287.89206	
4.743893	464.518644	464.510654	287.90005	287.89206	
4.754053	464.518644	464.510654	287.90005	287.89206	
4.76419	464.518644	464.510654	287.90005	287.89206	
4.774329	464.518644	464.510654	287.90005	287.89206	
4.78447	464.518644	464.510654	287.90005	287.89206	
4.795673	464.518644	464.510654	287.90005	287.89206	
4.804847	464.518644	464.510654	287.90005	287.89206	
4.814945	464.518644	464.510654	287.90005	287.89206	
4.825086	464.518644	464.510654	287.90005	287.89206	
4.835272	464.518644	464.510654	287.90005	287.89206	
4.845368	464.518644	464.510654	287.90005	287.89206	
4.85552	464.518644	464.510654	287.90005	287.89206	
4.865653	464.518644	464.510654	287.90005	287.89206	
4.875803	464.518644	464.510654	287.90005	287.89206	
4.886027	464.518644	464.510654	287.90005	287.89206	
4.896185	464.518644	464.510654	287.90005	287.89206	
4.90632	464.518644	464.510654	287.90005	287.89206	
4.916855	464.518644	464.510654	287.90005	287.89206	
4.926661	464.518644	464.510654	287.90005	287.89206	
4.936821	464.518644	464.510654	287.90005	287.89206	
4.947008	464.518644	464.510654	287.90005	287.89206	
4.957148	464.518644	464.510654	287.90005	287.89206	
4.967274	464.518644	464.510654	287.90005	287.89206	
4.977475	464.518644	464.510654	287.90005	287.89206	
4.987631	464.518644	464.510654	287.90005	287.89206	
4.997816	464.518644	464.510654	287.90005	287.89206	
5.007906	464.518644	464.510654	287.90005	287.89206	
5.018088	464.518644	464.510654	287.90005	287.89206	
5.028289	464.518644	464.510654	287.90005	287.89206	
