71.73951	2351.10403	2351.10686	1417.66704	1417.64368	
71.74608	2351.10495	2351.10686	1417.66796	1417.64368	
71.75645	2351.10719	2351.10686	1417.6702	1417.64368	
71.76641	2351.10991	2351.10686	1417.67292	1417.64368	
71.77651	2351.11329	2351.10686	1417.6763	1417.64368	
71.78672	2351.11734	2351.11558	1417.68035	1417.64368	
71.79687	2351.12198	2351.11558	1417.68499	1417.64368	
71.80699	2351.12722	2351.11558	1417.69023	1417.64368	
71.81716	2351.13311	2351.12431	1417.69612	1417.64368	
71.82728	2351.13958	2351.13304	1417.70259	1417.64368	
71.8375	2351.14675	2351.13304	1417.70976	1417.64368	
71.84762	2351.15445	2351.14176	1417.71746	1417.64368	
71.85776	2351.16279	2351.15049	1417.7258	1417.64368	
71.86795	2351.17179	2351.15922	1417.7348	1417.64368	
71.87807	2351.18134	2351.16794	1417.74435	1417.64368	
71.88824	2351.19157	2351.17667	1417.75458	1417.64368	
71.89839	2351.20239	2351.1854	1417.7654	1417.64368	
71.90855	2351.21384	2351.20285	1417.77685	1417.65241	
71.91873	2351.22595	2351.21158	1417.78896	1417.66114	
71.9288	2351.23852	2351.2203	1417.80153	1417.66986	
71.93899	2351.25186	2351.22903	1417.81487	1417.68732	
71.94926	2351.26595	2351.23776	1417.82896	1417.70477	
71.95932	2351.28036	2351.24648	1417.84337	1417.73095	
71.97012	2351.29654	2351.25521	1417.85955	1417.75713	
71.98023	2351.31229	2351.26394	1417.8753	1417.78331	
71.99086	2351.32953	2351.28139	1417.89254	1417.80949	
72.0006	2351.34587	2351.29011	1417.90888	1417.83567	
72.01071	2351.36346	2351.30757	1417.92647	1417.87058	
72.02085	2351.38173	2351.32502	1417.94474	1417.89676	
72.03099	2351.4006	2351.34247	1417.96361	1417.92294	
72.04114	2351.42012	2351.35993	1417.98313	1417.95784	
72.0513	2351.44027	2351.38611	1418.00328	1417.9753	
72.06147	2351.46107	2351.41229	1418.02408	1418.0102	
72.07159	2351.48236	2351.43847	1418.04537	1418.02766	
72.08969	2351.5229	2351.46465	1418.08591	1418.08002	
72.09427	2351.53308	2351.49955	1418.09609	1418.08874	
72.10443	2351.55647	2351.53446	1418.11948	1418.11492	
72.11462	2351.58055	2351.56937	1418.14356	1418.13238	
72.12475	2351.60511	2351.60427	1418.16812	1418.15856	
72.13506	2351.63075	2351.63918	1418.19375	1418.18474	
72.14505	2351.65619	2351.67409	1418.2192	1418.20219	
72.15525	2351.68278	2351.70027	1418.24579	1418.22837	
72.16541	2351.70989	2351.73517	1418.2729	1418.25455	
72.17554	2351.73753	2351.76135	1418.30054	1418.272	
72.1857	2351.76587	2351.78753	1418.32888	1418.28946	
72.19586	2351.79485	2351.81371	1418.35786	1418.32436	
72.20601	2351.82441	2351.83989	1418.38742	1418.34182	
72.21614	2351.85451	2351.86607	1418.41751	1418.37672	
72.22629	2351.88531	2351.89225	1418.44832	1418.39418	
72.23648	2351.91683	2351.91843	1418.47984	1418.42908	
72.25488	2351.9763	2351.95334	1418.53931	1418.49017	
72.25954	2351.99126	2351.97079	1418.55427	1418.4989	
72.26967	2352.02463	2351.98825	1418.58764	1418.5338	
72.27982	2352.05866	2352.01443	1418.62167	1418.56871	
72.28997	2352.09333	2352.04061	1418.65634	1418.60362	
72.30007	2352.12846	2352.06679	1418.69147	1418.64725	
72.31024	2352.16442	2352.09297	1418.72743	1418.68216	
72.3204	2352.20096	2352.12787	1418.76397	1418.72579	
72.33058	2352.23837	2352.16278	1418.80138	1418.7607	
72.34066	2352.27573	2352.19769	1418.83874	1418.7956	
72.35108	2352.31516	2352.23259	1418.87817	1418.83051	
72.36101	2352.35331	2352.27623	1418.91632	1418.87414	
72.37114	2352.39286	2352.31986	1418.95587	1418.90905	
72.38132	2352.43317	2352.37222	1418.99618	1418.95268	
72.39141	2352.4738	2352.41585	1419.03681	1418.98759	
72.40159	2352.51539	2352.46821	1419.0784	1419.03122	
72.41966	2352.5916	2352.51185	1419.15461	1419.10976	
72.42425	2352.6109	2352.58166	1419.1739	1419.12721	
72.4344	2352.65436	2352.63402	1419.21737	1419.17957	
72.44453	2352.69835	2352.68638	1419.26136	1419.21448	
72.45477	2352.74344	2352.73874	1419.30645	1419.26684	
72.46719	2352.79921	2352.7911	1419.36222	1419.3192	
72.47501	2352.8345	2352.83473	1419.39751	1419.36283	
72.48522	2352.8814	2352.88709	1419.44441	1419.40647	
72.49527	2352.92804	2352.93072	1419.49105	1419.45883	
72.50541	2352.97576	2352.98308	1419.53877	1419.51119	
72.5156	2353.02439	2353.02672	1419.5874	1419.56355	
72.52574	2353.07339	2353.07035	1419.6364	1419.61591	
72.5359	2353.12308	2353.11398	1419.68609	1419.66827	
72.54604	2353.17329	2353.16634	1419.7363	1419.72063	
72.55619	2353.22413	2353.20998	1419.78714	1419.76426	
72.56636	2353.27577	2353.26234	1419.83878	1419.81662	
72.57654	2353.32804	2353.30597	1419.89105	1419.86898	
72.58672	2353.38096	2353.3496	1419.94397	1419.92134	
72.59685	2353.43419	2353.40196	1419.9972	1419.96497	
72.60698	2353.48808	2353.45432	1420.05109	1420.01733	
72.61714	2353.5427	2353.50668	1420.10571	1420.06969	
72.62729	2353.59792	2353.55904	1420.16092	1420.12205	
72.63747	2353.65389	2353.6114	1420.21689	1420.17441	
72.64759	2353.71021	2353.66376	1420.27322	1420.22677	
72.65787	2353.76803	2353.72485	1420.33104	1420.27913	
72.66792	2353.82511	2353.77721	1420.38812	1420.34895	
72.67809	2353.88354	2353.8383	1420.44655	1420.40131	
72.68822	2353.94237	2353.89066	1420.50538	1420.45367	
72.69836	2354.00184	2353.95174	1420.56485	1420.52348	
72.70855	2354.06219	2354.01283	1420.6252	1420.57584	
72.71877	2354.12344	2354.07392	1420.68645	1420.64565	
72.72883	2354.1843	2354.135	1420.74731	1420.71546	
72.7391	2354.24703	2354.20481	1420.81004	1420.77655	
72.74933	2354.31019	2354.27463	1420.8732	1420.83764	
72.75941	2354.37302	2354.33571	1420.93603	1420.90745	
72.76955	2354.43676	2354.40553	1420.99977	1420.97726	
72.78002	2354.50338	2354.47534	1421.06639	1421.04708	
72.79013	2354.56828	2354.54515	1421.13129	1421.11689	
72.80025	2354.63382	2354.61497	1421.19683	1421.17798	
72.81042	2354.70026	2354.68478	1421.26327	1421.24779	
72.82085	2354.76915	2354.76332	1421.33216	1421.3176	
72.83079	2354.83534	2354.83313	1421.39835	1421.38742	
72.84087	2354.90307	2354.90295	1421.46608	1421.4485	
72.85102	2354.97192	2354.97276	1421.53493	1421.52704	
72.86123	2355.04181	2355.04257	1421.60482	1421.59686	
72.87132	2355.11149	2355.11239	1421.6745	1421.66667	
72.88152	2355.18252	2355.1822	1421.74553	1421.73648	
72.89174	2355.25429	2355.25201	1421.8173	1421.8063	
72.90184	2355.32592	2355.32183	1421.88893	1421.88484	
72.91193	2355.39803	2355.39164	1421.96104	1421.95465	
72.92206	2355.47098	2355.46145	1422.03399	1422.02446	
72.93396	2355.55777	2355.53127	1422.12078	1422.11173	
72.94231	2355.61889	2355.60108	1422.1819	1422.18154	
72.963	2355.77374	2355.67962	1422.33675	1422.32989	
72.96933	2355.82116	2355.79306	1422.38417	1422.3648	
72.97772	2355.88429	2355.86288	1422.4473	1422.44334	
72.98792	2355.96191	2355.93269	1422.52492	1422.51315	
72.99802	2356.03933	2356.01996	1422.60234	1422.58297	
73.00819	2356.11783	2356.0985	1422.68084	1422.66151	
73.01837	2356.19713	2356.17704	1422.76014	1422.74005	
73.02847	2356.27635	2356.25558	1422.83936	1422.81859	
73.03872	2356.35745	2356.33412	1422.92046	1422.89713	
73.04905	2356.43976	2356.41266	1423.00277	1422.96694	
73.05891	2356.51894	2356.49992	1423.08195	1423.05421	
73.06914	2356.60213	2356.57846	1423.16514	1423.13275	
73.07957	2356.68735	2356.66573	1423.25036	1423.21129	
73.08964	2356.76946	2356.753	1423.33247	1423.29855	
73.09976	2356.85319	2356.84026	1423.4162	1423.38582	
73.10989	2356.93764	2356.9188	1423.50065	1423.47308	
73.11997	2357.02223	2357.00607	1423.58524	1423.56035	
73.13013	2357.10819	2357.09333	1423.6712	1423.64762	
73.14038	2357.19546	2357.1806	1423.75847	1423.73488	
73.15049	2357.28217	2357.26787	1423.84518	1423.82215	
73.16061	2357.36963	2357.35513	1423.93264	1423.91814	
73.17078	2357.4581	2357.4424	1424.02111	1424.00541	
73.18111	2357.54865	2357.52967	1424.11166	1424.09268	
73.19108	2357.63658	2357.61693	1424.19959	1424.17994	
73.20126	2357.72708	2357.71293	1424.29009	1424.27594	
73.21136	2357.8174	2357.80019	1424.3804	1424.3632	
73.22152	2357.90888	2357.88746	1424.47189	1424.45047	
73.23186	2358.00266	2357.98345	1424.56567	1424.53774	
73.24187	2358.09398	2358.07072	1424.65699	1424.63373	
73.25199	2358.18698	2358.16671	1424.74999	1424.721	
73.26207	2358.2802	2358.25398	1424.84321	1424.81699	
73.27223	2358.3748	2358.34997	1424.9378	1424.91298	
73.28264	2358.47235	2358.44596	1425.03536	1425.00897	
73.29257	2358.56605	2358.54196	1425.12906	1425.09624	
73.30276	2358.66269	2358.63795	1425.2257	1425.19223	
73.31288	2358.75939	2358.72522	1425.3224	1425.28823	
73.32301	2358.85673	2358.82994	1425.41974	1425.38422	
73.33329	2358.95626	2358.92593	1425.51927	1425.48021	
73.34376	2359.05818	2359.02192	1425.62119	1425.58493	
73.35366	2359.15518	2359.12664	1425.71819	1425.68093	
73.36382	2359.25541	2359.22264	1425.81842	1425.77692	
73.37398	2359.35614	2359.31863	1425.91915	1425.88164	
73.38412	2359.45736	2359.42335	1426.02037	1425.96891	
73.39423	2359.55894	2359.52807	1426.12195	1426.07363	
73.40442	2359.66185	2359.62406	1426.22486	1426.17834	
73.41462	2359.76544	2359.72878	1426.32845	1426.28306	
73.42473	2359.86888	2359.8335	1426.43189	1426.38778	
73.43488	2359.97324	2359.94695	1426.53625	1426.4925	
73.44508	2360.0788	2360.05167	1426.64181	1426.59722	
73.4552	2360.18412	2360.15639	1426.74713	1426.70194	
73.46534	2360.29023	2360.26111	1426.85324	1426.80666	
73.47552	2360.39744	2360.37455	1426.96045	1426.92011	
73.48565	2360.50465	2360.488	1427.06766	1427.03356	
73.49577	2360.61243	2360.59272	1427.17544	1427.147	
73.50599	2360.72199	2360.70617	1427.285	1427.26045	
73.51616	2360.83156	2360.81961	1427.39457	1427.36517	
73.52626	2360.94096	2360.92433	1427.50397	1427.47862	
73.53643	2361.05176	2361.02905	1427.61477	1427.59206	
73.54658	2361.16292	2361.15123	1427.72593	1427.70551	
73.55672	2361.27468	2361.25595	1427.83769	1427.81895	
73.56692	2361.38765	2361.37812	1427.95066	1427.94113	
73.5771	2361.501	2361.48284	1428.06401	1428.05457	
73.58743	2361.6167	2361.60501	1428.17971	1428.16802	
73.59745	2361.72951	2361.71846	1428.29252	1428.28147	
73.60757	2361.84404	2361.8319	1428.40705	1428.39491	
73.61775	2361.95999	2361.95408	1428.52299	1428.51709	
73.62794	2362.07658	2362.06752	1428.63959	1428.63053	
73.63805	2362.19292	2362.18097	1428.75593	1428.74398	
73.64821	2362.31035	2362.30314	1428.87335	1428.86615	
73.65868	2362.43217	2362.41659	1428.99518	1428.98833	
73.6685	2362.54692	2362.53876	1429.10993	1429.09304	
73.67876	2362.66741	2362.65221	1429.23042	1429.21522	
73.68883	2362.7864	2362.77438	1429.34941	1429.32866	
73.69893	2362.90625	2362.89655	1429.46926	1429.44211	
73.70922	2363.02899	2363.01873	1429.592	1429.56428	
73.71932	2363.1501	2363.13217	1429.71311	1429.68646	
73.72938	2363.27093	2363.26307	1429.83394	1429.80863	
73.73958	2363.39326	2363.37652	1429.95627	1429.9308	
73.7497	2363.51472	2363.50742	1430.07773	1430.05298	
73.75988	2363.63685	2363.62959	1430.19986	1430.16642	
73.77002	2363.75857	2363.75177	1430.32158	1430.29732	
73.78019	2363.88054	2363.87394	1430.44355	1430.4195	
73.79042	2364.00335	2363.99611	1430.56636	1430.54167	
73.80048	2364.12411	2364.12701	1430.68712	1430.66384	
73.81061	2364.24561	2364.24918	1430.80862	1430.78601	
73.82088	2364.36889	2364.38008	1430.9319	1430.91691	
73.8311	2364.49155	2364.50226	1431.05456	1431.03909	
73.8412	2364.61279	2364.62443	1431.1758	1431.16999	
73.85133	2364.73428	2364.7466	1431.29729	1431.29216	
73.86152	2364.85654	2364.86878	1431.41955	1431.41433	
73.87171	2364.97879	2364.99095	1431.5418	1431.53651	
73.89012	2365.19991	2365.11312	1431.76292	1431.75467	
73.91083	2365.44833	2365.46219	1432.01134	1432.00774	
73.91542	2365.50335	2365.51455	1432.06636	1432.0601	
73.92558	2365.62521	2365.63672	1432.18822	1432.18228	
73.93577	2365.74753	2365.75889	1432.31054	1432.30445	
73.94594	2365.86965	2365.88107	1432.43266	1432.4179	
73.95611	2365.99162	2366.00324	1432.55463	1432.54007	
73.96623	2366.11308	2366.12541	1432.67609	1432.66224	
73.97642	2366.23533	2366.24759	1432.79834	1432.77569	
73.98654	2366.35681	2366.36976	1432.91982	1432.90659	
73.99671	2366.47882	2366.48321	1433.04183	1433.02004	
74.00692	2366.60137	2366.61411	1433.16438	1433.14221	
74.01715	2366.72422	2366.72755	1433.28723	1433.26438	
74.02715	2366.84419	2366.84973	1433.4072	1433.39528	
74.03745	2366.96767	2366.9719	1433.53068	1433.51745	
74.04774	2367.09118	2367.09407	1433.65419	1433.63963	
74.05762	2367.20977	2367.20752	1433.77278	1433.7618	
74.06783	2367.33228	2367.32969	1433.89529	1433.88397	
74.07794	2367.45354	2367.45186	1434.01655	1434.00615	
74.08814	2367.57611	2367.57404	1434.13912	1434.13705	
74.09826	2367.69736	2367.69621	1434.26037	1434.25922	
74.10841	2367.81925	2367.82711	1434.38226	1434.38139	
74.11858	2367.94123	2367.94928	1434.50424	1434.50357	
74.12876	2368.06345	2368.07146	1434.62646	1434.62574	
74.13892	2368.18534	2368.19363	1434.74835	1434.74791	
74.14907	2368.30717	2368.3158	1434.87018	1434.87008	
74.15922	2368.42899	2368.43797	1434.992	1434.99226	
74.16966	2368.55436	2368.56015	1435.11737	1435.11443	
74.17952	2368.67254	2368.69105	1435.23555	1435.2366	
74.18968	2368.79452	2368.81322	1435.35753	1435.35878	
74.19982	2368.91605	2368.93539	1435.47906	1435.48968	
74.20995	2369.03767	2369.05757	1435.60068	1435.60312	
74.2201	2369.15956	2369.17974	1435.72257	1435.73402	
74.23025	2369.2813	2369.30191	1435.84431	1435.84747	
74.24067	2369.40645	2369.42409	1435.96946	1435.96964	
74.2506	2369.52547	2369.54626	1436.08848	1436.09182	
74.26071	2369.64676	2369.66843	1436.20977	1436.21399	
74.27092	2369.76933	2369.79061	1436.33234	1436.33616	
74.28102	2369.89049	2369.91278	1436.4535	1436.45833	
74.29118	2370.01247	2370.03495	1436.57548	1436.58051	
74.30137	2370.13475	2370.15712	1436.69776	1436.70268	
74.31146	2370.25584	2370.2793	1436.81885	1436.82485	
74.32161	2370.37765	2370.40147	1436.94066	1436.9383	
74.33181	2370.50007	2370.51492	1437.06308	1437.06047	
74.34192	2370.6213	2370.63709	1437.18431	1437.17392	
74.35209	2370.7434	2370.75926	1437.30641	1437.29609	
74.36222	2370.8649	2370.87271	1437.42791	1437.41827	
74.37304	2370.99478	2371.00361	1437.55779	1437.54044	
74.39104	2371.2108	2371.21305	1437.77381	1437.7586	
74.39558	2371.26522	2371.26541	1437.82823	1437.81096	
74.40578	2371.38762	2371.38758	1437.95063	1437.93314	
74.41588	2371.50892	2371.50103	1438.07193	1438.04658	
74.42604	2371.63081	2371.6232	1438.19382	1438.16876	
74.4362	2371.75277	2371.74537	1438.31578	1438.29093	
74.44635	2371.87452	2371.86755	1438.43753	1438.4131	
74.45667	2371.99837	2371.98972	1438.56138	1438.53528	
74.46681	2372.12044	2372.11189	1438.68345	1438.65745	
74.477	2372.24239	2372.23407	1438.8054	1438.77962	
74.4871	2372.36353	2372.35624	1438.92654	1438.89307	
74.49724	2372.48518	2372.47841	1439.04819	1439.01524	
74.50738	2372.60692	2372.60059	1439.16993	1439.13741	
74.51761	2372.72961	2372.72276	1439.29262	1439.26831	
74.52772	2372.8509	2372.84493	1439.41391	1439.39049	
74.53787	2372.97271	2372.9671	1439.53572	1439.51266	
74.54802	2373.09449	2373.08928	1439.6575	1439.63483	
74.55816	2373.21618	2373.21145	1439.77919	1439.75701	
74.56833	2373.33831	2373.34235	1439.90132	1439.88791	
74.57921	2373.46891	2373.47325	1440.03192	1440.01881	
74.58896	2373.58589	2373.59542	1440.1489	1440.14098	
74.5991	2373.70758	2373.7176	1440.27059	1440.27188	
74.60927	2373.82954	2373.83977	1440.39255	1440.39405	
74.61971	2373.95488	2373.96194	1440.51789	1440.52495	
74.62962	2374.07374	2374.09284	1440.63675	1440.64712	
74.63975	2374.19531	2374.21501	1440.75832	1440.7693	
74.64988	2374.31697	2374.33719	1440.87998	1440.89147	
74.66007	2374.43923	2374.45936	1441.00224	1441.01364	
74.67018	2374.56048	2374.58153	1441.12349	1441.13582	
74.68039	2374.68297	2374.70371	1441.24598	1441.25799	
74.69049	2374.80415	2374.82588	1441.36716	1441.38016	
74.70065	2374.92609	2374.94805	1441.4891	1441.50234	
74.7111	2375.05152	2375.0615	1441.61453	1441.62451	
74.7212	2375.17278	2375.18367	1441.73579	1441.74668	
74.73108	2375.29126	2375.30585	1441.85427	1441.86885	
74.74132	2375.41422	2375.42802	1441.97723	1441.99103	
74.75138	2375.53491	2375.55019	1442.09792	1442.1132	
74.76157	2375.65715	2375.67236	1442.22016	1442.22665	
74.7877	2375.97078	2375.79454	1442.53379	1442.53208	
74.7923	2376.0259	2376.03888	1442.58891	1442.58444	
74.80241	2376.14719	2376.16106	1442.7102	1442.70661	
74.8126	2376.26959	2376.29196	1442.8326	1442.82879	
74.82277	2376.39149	2376.42286	1442.9545	1442.94223	
74.8329	2376.51309	2376.54503	1443.0761	1443.06441	
74.84302	2376.63456	2376.6672	1443.19757	1443.17785	
74.8533	2376.75789	2376.78938	1443.3209	1443.30002	
74.86341	2376.87924	2376.91155	1443.44225	1443.4222	
74.87356	2377.00107	2377.03372	1443.56408	1443.54437	
74.88367	2377.12237	2377.15589	1443.68538	1443.66654	
74.89509	2377.25947	2377.28679	1443.82248	1443.80617	
74.90528	2377.38163	2377.40024	1443.94464	1443.92834	
74.91541	2377.50327	2377.52241	1444.06628	1444.05052	
74.92558	2377.62531	2377.64459	1444.18832	1444.17269	
74.94538	2377.86293	2377.87148	1444.42594	1444.40831	
74.94995	2377.91778	2377.92384	1444.48079	1444.46067	
74.96012	2378.03977	2378.03729	1444.60278	1444.58284	
74.97024	2378.16129	2378.15073	1444.7243	1444.70501	
74.98044	2378.28361	2378.27291	1444.84662	1444.82719	
74.99063	2378.40587	2378.38635	1444.96888	1444.94936	
75.0007	2378.52675	2378.50852	1445.08976	1445.06281	
75.01087	2378.64922	2378.62197	1445.21223	1445.18498	
75.02101	2378.77039	2378.74414	1445.3334	1445.30715	
75.03115	2378.89204	2378.86632	1445.45505	1445.42933	
75.04129	2379.01372	2378.98849	1445.57673	1445.5515	
75.05145	2379.13575	2379.11066	1445.69876	1445.67367	
75.06169	2379.25859	2379.24156	1445.8216	1445.79585	
75.07181	2379.38002	2379.36374	1445.94303	1445.92675	
75.08195	2379.5017	2379.49464	1446.06471	1446.04019	
75.09224	2379.62526	2379.61681	1446.18827	1446.17109	
75.10235	2379.74649	2379.73898	1446.3095	1446.30199	
75.11245	2379.8677	2379.86988	1446.43071	1446.42416	
75.12268	2379.99047	2380.00078	1446.55348	1446.54634	
75.13279	2380.11179	2380.12295	1446.6748	1446.66851	
75.143	2380.2343	2380.25385	1446.79731	1446.79941	
75.15308	2380.35527	2380.37603	1446.91828	1446.92158	
75.17108	2380.57134	2380.59419	1447.13435	1447.13975	
75.17568	2380.62639	2380.64655	1447.1894	1447.19211	
75.18583	2380.74826	2380.77745	1447.31127	1447.32301	
75.19601	2380.87038	2380.89963	1447.43339	1447.44518	
75.20614	2380.992	2381.0218	1447.55501	1447.57608	
75.21629	2381.11379	2381.14397	1447.6768	1447.69825	
75.22644	2381.23558	2381.26614	1447.79859	1447.82043	
75.23661	2381.35759	2381.37959	1447.9206	1447.9426	
75.24675	2381.47932	2381.50176	1448.04233	1448.06477	
75.25692	2381.60137	2381.62394	1448.16438	1448.17822	
75.26706	2381.72303	2381.74611	1448.28604	1448.30039	
75.27724	2381.84513	2381.86828	1448.40814	1448.41384	
75.28739	2381.96707	2381.98173	1448.53008	1448.53601	
75.29754	2382.08885	2382.11263	1448.65186	1448.65819	
75.30765	2382.21011	2382.22608	1448.77312	1448.78036	
75.31788	2382.33285	2382.33952	1448.89586	1448.89381	
75.32794	2382.45359	2382.4617	1449.0166	1449.00725	
75.33812	2382.57574	2382.58387	1449.13875	1449.12942	
75.34829	2382.69777	2382.70604	1449.26078	1449.2516	
75.35844	2382.81955	2382.82821	1449.38256	1449.37377	
75.36866	2382.94234	2382.95039	1449.50535	1449.48722	
75.37966	2383.0743	2383.07256	1449.63731	1449.61812	
75.38971	2383.19489	2383.19473	1449.7579	1449.74029	
75.39974	2383.31517	2383.30818	1449.87818	1449.86246	
75.40988	2383.43686	2383.43035	1449.99987	1449.97591	
75.42013	2383.55988	2383.55253	1450.12289	1450.09808	
75.43023	2383.68101	2383.6747	1450.24402	1450.22026	
75.44039	2383.80297	2383.79687	1450.36598	1450.34243	
75.45056	2383.92507	2383.91032	1450.48808	1450.4646	
75.46108	2384.05128	2384.03249	1450.61429	1450.5955	
75.47118	2384.17247	2384.16339	1450.73548	1450.71767	
75.48136	2384.2947	2384.28556	1450.85771	1450.83985	
75.4915	2384.41629	2384.40774	1450.9793	1450.96202	
75.50963	2384.63386	2384.52118	1451.19687	1451.17146	
75.51423	2384.68903	2384.67826	1451.25204	1451.23255	
75.52441	2384.81119	2384.80044	1451.3742	1451.35472	
75.53454	2384.9328	2384.93134	1451.49581	1451.47689	
75.54469	2385.05465	2385.05351	1451.61766	1451.59034	
75.55482	2385.17653	2385.18441	1451.73954	1451.72124	
75.565	2385.29833	2385.30658	1451.86134	1451.84341	
75.57539	2385.42658	2385.42876	1451.98959	1451.96558	
75.58533	2385.54232	2385.55093	1452.10533	1452.09648	
75.59552	2385.66459	2385.6731	1452.2276	1452.21866	
75.60577	2385.78755	2385.804	1452.35056	1452.34083	
75.61585	2385.90852	2385.92617	1452.47153	1452.463	
75.626	2386.03025	2386.04835	1452.59326	1452.5939	
75.63616	2386.15218	2386.17052	1452.71519	1452.71608	
75.6463	2386.27395	2386.30142	1452.83696	1452.84698	
75.65645	2386.39777	2386.41487	1452.96078	1452.96915	
75.66659	2386.51738	2386.53704	1453.08039	1453.09132	
75.67679	2386.63983	2386.65921	1453.20284	1453.2135	
75.68699	2386.76217	2386.79011	1453.32518	1453.33567	
75.6971	2386.88353	2386.90356	1453.44654	1453.45784	
75.70729	2387.00578	2387.017	1453.56879	1453.58001	
75.7175	2387.12832	2387.13918	1453.69133	1453.70219	
75.72754	2387.24874	2387.26135	1453.81175	1453.82436	
75.73773	2387.37107	2387.38352	1453.93408	1453.94653	
75.74784	2387.49235	2387.5057	1454.05536	1454.06871	
75.75805	2387.6149	2387.62787	1454.17791	1454.19088	
75.76817	2387.73633	2387.75004	1454.29934	1454.31305	
75.77833	2387.85827	2387.87222	1454.42128	1454.43523	
75.78848	2387.98006	2387.98566	1454.54307	1454.54867	
75.7986	2388.10158	2388.10784	1454.66459	1454.67085	
75.80902	2388.22654	2388.23001	1454.78955	1454.78429	
75.81896	2388.34623	2388.35218	1454.90924	1454.90646	
75.82921	2388.46884	2388.47435	1455.03185	1455.02864	
75.83924	2388.58924	2388.59653	1455.15225	1455.14208	
75.84955	2388.71406	2388.70997	1455.27707	1455.25553	
75.86132	2388.8542	2388.85833	1455.41721	1455.40388	
75.8714	2388.97515	2388.9805	1455.53816	1455.51733	
75.88154	2389.09685	2389.10267	1455.65986	1455.6395	
75.89176	2389.2195	2389.22485	1455.78251	1455.76168	
75.90234	2389.34638	2389.34702	1455.90939	1455.89258	
75.91211	2389.46371	2389.46919	1456.02672	1456.00602	
75.92217	2389.58431	2389.58264	1456.14732	1456.12819	
75.93235	2389.70645	2389.71354	1456.26946	1456.25037	
75.94245	2389.82777	2389.82698	1456.39078	1456.37254	
75.95261	2389.94963	2389.94916	1456.51264	1456.49471	
75.96276	2390.07142	2390.07133	1456.63443	1456.61689	
75.97455	2390.21296	2390.1935	1456.77597	1456.74779	
75.98321	2390.31682	2390.31568	1456.87983	1456.86996	
75.99332	2390.43822	2390.43785	1457.00123	1456.99213	
76.00339	2390.55898	2390.56002	1457.12199	1457.11431	
76.01364	2390.68201	2390.6822	1457.24502	1457.23648	
76.02376	2390.80345	2390.80437	1457.36646	1457.35865	
76.03391	2390.92516	2390.92654	1457.48817	1457.48083	
76.04408	2391.04727	2391.04872	1457.61028	1457.603	
76.05421	2391.16887	2391.16216	1457.73188	1457.72517	
76.06435	2391.29055	2391.28433	1457.85356	1457.83862	
76.07451	2391.41247	2391.41523	1457.97548	1457.96952	
76.08466	2391.53423	2391.52868	1458.09724	1458.08296	
76.09484	2391.65641	2391.65085	1458.21942	1458.20514	
76.10498	2391.77811	2391.78175	1458.34112	1458.32731	
76.11513	2391.89989	2391.90393	1458.4629	1458.45821	
76.12535	2392.0225	2392.0261	1458.58551	1458.58038	
76.13546	2392.14384	2392.14827	1458.70685	1458.70256	
76.14563	2392.26582	2392.27045	1458.82883	1458.82473	
76.15577	2392.3875	2392.39262	1458.95051	1458.9469	
76.16598	2392.51005	2392.51479	1459.07306	1459.06907	
76.17609	2392.63143	2392.63696	1459.19444	1459.19125	
76.18623	2392.75303	2392.75914	1459.31604	1459.31342	
76.19645	2392.87572	2392.88131	1459.43873	1459.43559	
76.20653	2392.99665	2393.00348	1459.55966	1459.55777	
76.21673	2393.11911	2393.12566	1459.68212	1459.67994	
76.22691	2393.24169	2393.24783	1459.8047	1459.81084	
76.23705	2393.3629	2393.37	1459.92591	1459.93301	
76.24722	2393.48488	2393.49218	1460.04789	1460.05519	
76.25733	2393.60627	2393.61435	1460.16928	1460.17736	
76.26745	2393.72772	2393.73652	1460.29073	1460.29953	
76.27773	2393.85103	2393.8587	1460.41404	1460.4217	
76.28779	2393.9718	2393.98087	1460.53481	1460.54388	
76.29793	2394.09341	2394.10304	1460.65642	1460.66605	
76.30808	2394.21528	2394.22521	1460.77829	1460.78822	
76.3182	2394.33667	2394.34739	1460.89968	1460.9104	
76.32837	2394.45873	2394.46956	1461.02174	1461.02384	
76.33856	2394.58102	2394.59173	1461.14403	1461.14602	
76.34873	2394.70308	2394.71391	1461.26609	1461.26819	
76.35884	2394.8244	2394.83608	1461.38741	1461.39036	
76.36897	2394.94599	2394.95825	1461.509	1461.50381	
76.37923	2395.06906	2395.08043	1461.63207	1461.62598	
76.38929	2395.1898	2395.2026	1461.75281	1461.74816	
76.39942	2395.31135	2395.32477	1461.87436	1461.87033	
76.40955	2395.43289	2395.44695	1461.9959	1461.9925	
76.41971	2395.55483	2395.56912	1462.11784	1462.11467	
76.42991	2395.67721	2395.69129	1462.24022	1462.23685	
76.44009	2395.79935	2395.80474	1462.36236	1462.35902	
76.45019	2395.92055	2395.92691	1462.48356	1462.48119	
76.46041	2396.04328	2396.04036	1462.60629	1462.60337	
76.47049	2396.16421	2396.16253	1462.72722	1462.71681	
76.48108	2396.29129	2396.2847	1462.8543	1462.83899	
76.4908	2396.40796	2396.40688	1462.97097	1462.96116	
76.50094	2396.52957	2396.52032	1463.09258	1463.07461	
76.51116	2396.65224	2396.6425	1463.21525	1463.19678	
76.52127	2396.77351	2396.76467	1463.33652	1463.31895	
76.53142	2396.89543	2396.88684	1463.45844	1463.44112	
76.54177	2397.01954	2397.00029	1463.58255	1463.5633	
76.55179	2397.13978	2397.12246	1463.70279	1463.68547	
76.56191	2397.26123	2397.24463	1463.82424	1463.80764	
76.57206	2397.38298	2397.36681	1463.94599	1463.92982	
76.59165	2397.61811	2397.60243	1464.18112	1464.15671	
76.5963	2397.67391	2397.66351	1464.23692	1464.2178	
76.60641	2397.79516	2397.78569	1464.35817	1464.33997	
76.61657	2397.9171	2397.90786	1464.48011	1464.46214	
76.62667	2398.03831	2398.03003	1464.60132	1464.58432	
76.63687	2398.1608	2398.15221	1464.72381	1464.71521	
76.64709	2398.28338	2398.27438	1464.84639	1464.83739	
76.65715	2398.40417	2398.40528	1464.96718	1464.95956	
76.66735	2398.52653	2398.52745	1465.08954	1465.08173	
76.67754	2398.6488	2398.64962	1465.21181	1465.21263	
76.68765	2398.77011	2398.7718	1465.33312	1465.33481	
76.69779	2398.89177	2398.9027	1465.45478	1465.45698	
76.70795	2399.01377	2399.02487	1465.57678	1465.58788	
76.71828	2399.13677	2399.14704	1465.69978	1465.71005	
76.72821	2399.25441	2399.27794	1465.81742	1465.83223	
