0.9464095	216.247217	216.246294	211.115949	211.115026	
0.9565713	216.248764	216.246294	211.117496	211.115026	
0.9666791	216.250913	216.246294	211.119645	211.115026	
0.9788109	216.254481	216.246294	211.123213	211.115026	
0.9869678	216.257134	216.246294	211.125866	211.115026	
0.9971066	216.261142	216.246294	211.129874	211.123753	
1.007302	216.265801	216.246294	211.134533	211.123753	
1.017442	216.271045	216.255021	211.139777	211.123753	
1.02758	216.276907	216.263748	211.145639	211.123753	
1.037729	216.283414	216.263748	211.152146	211.123753	
1.047872	216.290491	216.272474	211.159223	211.13248	
1.058062	216.298248	216.281201	211.16698	211.13248	
1.068195	216.306575	216.281201	211.175307	211.13248	
1.078352	216.315544	216.289928	211.184276	211.13248	
1.08854	216.325161	216.298654	211.193893	211.141206	
1.098638	216.335303	216.307381	211.204035	211.149933	
1.108815	216.346214	216.316107	211.214946	211.149933	
1.119053	216.357693	216.316107	211.226425	211.15866	
1.12915	216.369678	216.324834	211.23841	211.167386	
1.139288	216.382335	216.333561	211.251067	211.167386	
1.149425	216.395607	216.333561	211.264339	211.184839	
1.15955	216.409484	216.342287	211.278216	211.193566	
1.169825	216.424194	216.351014	211.292926	211.202293	
1.179865	216.439171	216.351014	211.307903	211.211019	
1.190135	216.455133	216.359741	211.323865	211.219746	
1.200248	216.471453	216.368467	211.340185	211.228473	
1.210614	216.488843	216.368467	211.357575	211.237199	
1.220476	216.505947	216.377194	211.374679	211.254653	
1.230626	216.524185	216.385921	211.392917	211.263379	
1.240787	216.543051	216.385921	211.411783	211.272106	
1.250915	216.562479	216.403374	211.431211	211.289559	
1.261064	216.582562	216.412101	211.451294	211.289559	
1.271211	216.603262	216.420827	211.471994	211.307013	
1.28142	216.62472	216.438281	211.493452	211.315739	
1.291568	216.646666	216.447007	211.515398	211.324466	
1.301759	216.669392	216.46446	211.538124	211.341919	
1.311806	216.692258	216.481914	211.56099	211.359372	
1.321986	216.716139	216.499367	211.584871	211.376826	
1.332159	216.740608	216.51682	211.60934	211.394279	
1.342219	216.765409	216.543	211.634141	211.411732	
1.352458	216.791293	216.560454	211.660025	211.429186	
1.362551	216.817405	216.586634	211.686137	211.446639	
1.372695	216.844272	216.612813	211.713004	211.464092	
1.382935	216.872034	216.638993	211.740766	211.481545	
1.393093	216.900188	216.665173	211.76892	211.507725	
1.403242	216.928929	216.70008	211.797661	211.533905	
1.413401	216.958323	216.72626	211.827055	211.551359	
1.423593	216.988444	216.75244	211.857176	211.586265	
1.433823	217.019285	216.787346	211.888017	211.612445	
1.443886	217.050246	216.822253	211.918978	211.638625	
1.454065	217.082183	216.85716	211.950915	211.673532	
1.464204	217.11459	216.892066	211.983322	211.708438	
1.474323	217.147567	216.926973	212.016299	211.743345	
1.484501	217.181353	216.961879	212.050085	211.778251	
1.49466	217.215711	217.005513	212.084443	211.813158	
1.504822	217.250675	217.049146	212.119407	211.848065	
1.514926	217.286057	217.084052	212.154789	211.891698	
1.525101	217.322326	217.127686	212.191058	211.935331	
1.535306	217.359313	217.171319	212.228045	211.970238	
1.545394	217.396494	217.214952	212.265226	212.005144	
1.565399	217.473211	217.302219	212.341943	212.092411	
1.570079	217.491062	217.319672	212.359794	212.109864	
1.580176	217.530368	217.363305	212.3991	212.162224	
1.590335	217.570553	217.415665	212.439285	212.205857	
1.600492	217.611344	217.459298	212.480076	212.24949	
1.610616	217.652609	217.502931	212.521341	212.30185	
1.620765	217.69459	217.555291	212.563322	212.336757	
1.630985	217.737507	217.607651	212.606239	212.389117	
1.641103	217.780602	217.651284	212.649334	212.43275	
1.651242	217.824404	217.694918	212.693136	212.48511	
1.661427	217.869042	217.747277	212.737774	212.528743	
1.671619	217.914312	217.799637	212.783044	212.581103	
1.681998	217.961073	217.851997	212.829805	212.624736	
1.691826	218.005911	217.89563	212.874643	212.668369	
1.701953	218.052737	217.94799	212.921469	212.720729	
1.712105	218.100308	218.00035	212.96904	212.764362	
1.722242	218.148439	218.05271	213.017171	212.807996	
1.732453	218.19752	218.10507	213.066252	212.860356	
1.742609	218.246959	218.15743	213.115691	212.912715	
1.752752	218.296951	218.20979	213.165683	212.965075	
1.77077	218.388149	218.305783	213.256881	213.052342	
1.775323	218.411127	218.331963	213.279859	213.078522	
1.78544	218.462995	218.393049	213.331727	213.122155	
1.795616	218.515758	218.445409	213.38449	213.174515	
1.805754	218.568943	218.497769	213.437675	213.226875	
1.81586	218.622594	218.550129	213.491326	213.287961	
1.826048	218.677306	218.611215	213.546038	213.340321	
1.836266	218.732812	218.663575	213.601544	213.392681	
1.846339	218.78809	218.724662	213.656822	213.445041	
1.856541	218.844733	218.777022	213.713465	213.506127	
1.866649	218.901464	218.829382	213.770196	213.558487	
1.876804	218.959091	218.899195	213.827823	213.610847	
1.887007	219.017599	218.951555	213.886331	213.663207	
1.89712	219.076196	219.003915	213.944928	213.724294	
1.907283	219.135709	219.073728	214.004441	213.78538	
1.917418	219.195686	219.126088	214.064418	213.83774	
1.927635	219.256782	219.187174	214.125514	213.8901	
1.937833	219.318389	219.248261	214.187121	213.959913	
1.948079	219.38093	219.309347	214.249662	214.012273	
1.958107	219.442682	219.370434	214.311414	214.073359	
1.968261	219.505838	219.422794	214.37457	214.134446	
1.980407	219.582423	219.492607	214.451155	214.204259	
1.9885	219.633675	219.544967	214.502407	214.256619	
1.998625	219.69852	219.61478	214.567252	214.308979	
2.008833	219.764884	219.675866	214.633616	214.378792	
2.018986	219.830782	219.736953	214.699514	214.431152	
2.029126	219.897566	219.806766	214.766298	214.500965	
2.03931	219.965289	219.867853	214.834021	214.553325	
2.049657	220.034765	219.928939	214.903497	214.623138	
2.059594	220.102008	219.998752	214.97074	214.692951	
2.069771	220.171517	220.068565	215.040249	214.754038	
2.079872	220.241125	220.138379	215.109857	214.823851	
2.090061	220.311978	220.208192	215.18071	214.884938	
2.100175	220.382921	220.269278	215.251653	214.954751	
2.110334	220.454808	220.339091	215.32354	215.024564	
2.120519	220.527466	220.408905	215.396198	215.094377	
2.130623	220.600178	220.478718	215.46891	215.16419	
2.140769	220.673825	220.548531	215.542557	215.234003	
2.150937	220.748231	220.618344	215.616963	215.312543	
2.161121	220.823407	220.688157	215.692139	215.382356	
2.171239	220.898671	220.766697	215.767403	215.460896	
2.181437	220.975148	220.83651	215.84388	215.530709	
2.191614	221.05215	220.906323	215.920882	215.609249	
2.202164	221.132606	220.976137	216.001338	215.687789	
2.21188	221.207236	221.054676	216.075968	215.757602	
2.222182	221.287062	221.133216	216.155794	215.836142	
2.232194	221.365195	221.203029	216.233927	215.914682	
2.242286	221.444557	221.281569	216.313289	215.993222	
2.252463	221.525276	221.360109	216.394008	216.071761	
2.262585	221.606108	221.438649	216.47484	216.150301	
2.272783	221.688198	221.517189	216.55693	216.228841	
2.291443	221.841007	221.656815	216.709739	216.385921	
2.295977	221.877993	221.709175	216.746725	216.420827	
2.306098	221.961508	221.787715	216.83024	216.508094	
2.316235	222.045756	221.866255	216.914488	216.59536	
2.326423	222.131043	221.953521	216.999775	216.682627	
2.336635	222.217158	222.040787	217.08589	216.769893	
2.346707	222.302672	222.128054	217.171404	216.848433	
2.356891	222.389804	222.21532	217.258536	216.935699	
2.367144	222.478152	222.29386	217.346884	217.031692	
2.377252	222.565868	222.381127	217.4346	217.118959	
2.38736	222.654144	222.468393	217.522876	217.206225	
2.397539	222.74369	222.564386	217.612422	217.293492	
2.407735	222.834037	222.651653	217.702769	217.380758	
2.417957	222.925224	222.738919	217.793956	217.476751	
2.428073	223.016068	222.826186	217.8848	217.572745	
2.438216	223.10779	222.913452	217.976522	217.660011	
2.448463	223.201067	223.009445	218.069799	217.764731	
2.458564	223.293642	223.105438	218.162374	217.851997	
2.468973	223.389726	223.192705	218.258458	217.94799	
2.478821	223.482063	223.288698	218.350795	218.043983	
2.488981	223.576096	223.384691	218.444828	218.139977	
2.499176	223.671982	223.480684	218.540714	218.23597	
2.509375	223.768624	223.576677	218.637356	218.340689	
2.519501	223.865083	223.67267	218.733815	218.436683	
2.529665	223.962564	223.768663	218.831296	218.532676	
2.539782	224.060236	223.873383	218.928968	218.637395	
2.549908	224.158835	223.96065	219.027567	218.733389	
2.560509	224.262228	224.065369	219.13096	218.829382	
2.570184	224.357317	224.161362	219.226049	218.934101	
2.580381	224.458228	224.266082	219.32696	219.038821	
2.59049	224.558869	224.362075	219.427601	219.134814	
2.6007	224.661143	224.466795	219.529875	219.239534	
2.610771	224.76264	224.571515	219.631372	219.335527	
2.620946	224.865789	224.676235	219.734521	219.440247	
2.63112	224.969549	224.780954	219.838281	219.544967	
2.64124	225.073391	224.885674	219.942123	219.649686	
2.653312	225.198175	224.990394	220.066907	219.780586	
2.66154	225.283571	225.095114	220.152303	219.859126	
2.67205	225.393371	225.199833	220.262103	219.972572	
2.68206	225.498533	225.31328	220.367265	220.086019	
2.691966	225.603146	225.426726	220.471878	220.190738	
2.702108	225.710909	225.531446	220.579641	220.295458	
2.712311	225.819945	225.644892	220.688677	220.408905	
2.722567	225.930203	225.758339	220.798935	220.522351	
2.732578	226.038378	225.863059	220.90711	220.627071	
2.742714	226.148557	225.976505	221.017289	220.740517	
2.760761	226.347081	226.168491	221.215813	220.94123	
2.765295	226.396899	226.220851	221.265631	220.984863	
2.775456	226.509335	226.325571	221.378067	221.09831	
2.7856	226.622212	226.439017	221.490944	221.203029	
2.795765	226.735943	226.543737	221.604675	221.307749	
2.805903	226.849953	226.66591	221.718685	221.421196	
2.816015	226.964296	226.77063	221.833028	221.534642	
2.826162	227.079675	226.892803	221.948407	221.648088	
2.836601	227.199084	226.997523	222.067816	221.761535	
2.846479	227.312544	227.110969	222.181276	221.874981	
2.856713	227.43078	227.224415	222.299512	221.988428	
2.866795	227.547901	227.346588	222.416633	222.110601	
2.876953	227.666443	227.451308	222.535175	222.224047	
2.887173	227.786468	227.573481	222.654831	222.337493	
2.897294	227.9058	227.678201	222.773188	222.459666	
2.907421	228.025866	227.800374	222.891662	222.58184	
2.917566	228.146787	227.91382	223.010371	222.695286	
2.927711	228.26829	228.035993	223.129044	222.817459	
2.937906	228.390642	228.14944	223.248337	222.930905	
2.948024	228.51207	228.271613	223.366729	223.053078	
2.958195	228.63417	228.393786	223.485777	223.175251	
2.968377	228.756306	228.507232	223.604859	223.306151	
2.980016	228.896046	228.629405	223.741106	223.419598	
2.988617	228.999162	228.751578	223.841644	223.550497	
2.998745	229.120698	228.873751	223.960142	223.67267	
3.008971	229.243422	228.995925	224.079797	223.80357	
3.019101	229.364958	229.118098	224.198295	223.925743	
3.029248	229.48671	229.248997	224.317003	224.047916	
3.039422	229.60881	229.37117	224.436051	224.170089	
3.04954	229.730214	229.493343	224.55442	224.292262	
3.059685	229.851978	229.615516	224.67314	224.423162	
3.069833	229.974174	229.746416	224.792281	224.545335	
3.080053	230.096418	229.868589	224.911469	224.676235	
3.090162	230.217702	229.999489	225.02972	224.798408	
3.100333	230.33979	230.121662	225.148756	224.920581	
3.110472	230.461446	230.252562	225.267371	225.042754	
3.120656	230.583642	230.383461	225.386512	225.164927	
3.130751	230.704758	230.505634	225.5046	225.2871	
3.140913	230.826726	230.627807	225.623519	225.409273	
3.151084	230.948814	230.767434	225.742555	225.531446	
3.161231	231.070554	230.889607	225.861251	225.653619	
3.171426	231.192894	231.01178	225.980533	225.775792	
3.181535	231.314178	231.142679	226.098785	225.897965	
3.192049	231.440358	231.273579	226.22181	226.028865	
3.201855	231.558078	231.395752	226.336587	226.142311	
3.211934	231.678954	231.526652	226.454441	226.264484	
3.222084	231.800766	231.657552	226.573208	226.386657	
3.232229	231.922566	231.779725	226.691963	226.50883	
3.242404	232.044654	231.910624	226.810999	226.631003	
3.252533	232.166142	232.041524	226.929449	226.74445	
3.262675	232.28787	232.163697	227.048134	226.866623	
3.272924	232.410858	232.28587	227.168048	226.980069	
3.282989	232.53165	232.408043	227.28582	227.102242	
3.301929	232.758978	232.643663	227.507465	227.329135	
3.306533	232.814178	232.704749	227.561285	227.381495	
3.316629	232.935282	232.826922	227.679361	227.494941	
3.32676	233.056878	232.949095	227.797917	227.608388	
3.336948	233.179146	233.071268	227.917128	227.730561	
3.347053	233.30037	233.193441	228.035322	227.852734	
3.357265	233.42295	233.315614	228.154837	227.96618	
3.367437	233.54499	233.437787	228.273826	228.088353	
3.377571	233.666598	233.559961	228.392394	228.2018	
3.387748	233.788758	233.682134	228.5115	228.323973	
3.397927	233.910894	233.79558	228.630583	228.446146	
3.408104	234.03309	233.917753	228.749724	228.559592	
3.41824	234.15465	234.031199	228.868245	228.681765	
3.428376	234.276282	234.153372	228.986836	228.795212	
3.43852	234.39801	234.275545	229.105521	228.917385	
3.448763	234.520938	234.397719	229.225376	229.030831	
3.458937	234.643038	234.519892	229.344423	229.144277	
3.469026	234.764058	234.642065	229.462418	229.266451	
3.47919	234.886062	234.755511	229.581371	229.388624	
3.489315	235.00755	234.877684	229.699822	229.50207	
3.499461	235.129326	234.99113	229.818554	229.615516	
3.50966	235.251678	235.113304	229.937847	229.737689	
3.519849	235.373946	235.235477	230.057058	229.859862	
3.531784	235.520802	235.35765	230.200243	229.973309	
3.540175	235.617858	235.479823	230.294873	230.086755	
3.550296	235.73931	235.601996	230.413288	230.208928	
3.560713	235.86435	235.724169	230.535202	230.331101	
3.570581	235.982718	235.837615	230.650611	230.444548	
3.580718	236.104362	235.959788	230.769214	230.557994	
3.590839	236.22585	236.081961	230.887665	230.680167	
3.600999	236.347758	236.204134	231.006525	230.80234	
3.611165	236.46975	236.326307	231.125467	230.915787	
3.621397	236.59257	236.44848	231.245217	231.029233	
3.631542	236.714262	236.561927	231.363866	231.151406	
3.641635	236.835402	236.692827	231.481978	231.264853	
3.651773	236.957058	236.815	231.600593	231.378299	
3.661872	237.078198	236.937173	231.718704	231.500472	
3.672075	237.20067	237.059346	231.838114	231.622645	
3.682228	237.322458	237.190245	231.956858	231.744818	
3.692382	237.444342	237.312418	232.075694	231.858264	
3.702519	237.56601	237.434591	232.194321	231.980438	
3.712719	237.688386	237.556764	232.313637	232.093884	
3.722905	237.810678	237.687664	232.432872	232.216057	
3.733047	237.932358	237.809837	232.55151	232.33823	
3.743238	238.05459	237.940737	232.670686	232.460403	
3.753355	238.176006	238.06291	232.789067	232.573849	
3.763488	238.29759	238.185083	232.907611	232.696023	
3.773685	238.41999	238.307256	233.026951	232.809469	
3.783844	238.541886	238.438156	233.1458	232.931642	
3.794736	238.672602	238.569055	233.273248	233.053815	
3.804832	238.793718	238.691229	233.391336	233.175988	
3.814968	238.915386	238.813402	233.509962	233.298161	
3.825271	239.039082	238.935575	233.630566	233.411608	
3.835304	239.159466	239.057748	233.74794	233.525054	
3.845448	239.281158	239.179921	233.86659	233.647227	
3.855624	239.403258	239.302094	233.985638	233.7694	
3.865778	239.525094	239.424267	234.104428	233.882846	
3.876107	239.649078	239.54644	234.225312	233.996293	
3.886126	239.769294	239.668613	234.342523	234.118466	
3.896235	239.89059	239.790786	234.460786	234.240639	
3.906394	240.012486	239.904232	234.579635	234.354085	
3.916529	240.134106	240.026405	234.698214	234.476258	
3.926694	240.256122	240.148578	234.81718	234.589705	
3.936874	240.37827	240.262025	234.936274	234.711878	
3.947027	240.500106	240.384198	235.055064	234.834051	
3.957181	240.621978	240.506371	235.17389	234.956224	
3.967341	240.743862	240.628544	235.292726	235.06967	
3.977438	240.86505	240.74199	235.410885	235.191843	
3.987639	240.987462	240.864163	235.530236	235.30529	
3.997749	241.108746	240.986336	235.648488	235.427463	
4.007885	241.23039	241.099783	235.767091	235.549636	
4.018091	241.352838	241.221956	235.886478	235.671809	
4.028155	241.47363	241.344129	236.00425	235.793982	
4.038382	241.596378	241.466302	236.12393	235.916155	
4.048585	241.718814	241.588475	236.243305	236.029601	
4.058665	241.839726	241.710648	236.361194	236.151774	
4.068807	241.962018	241.832821	236.480429	236.265221	
4.07922	242.087646	241.954994	236.602916	236.387394	
4.089156	242.205642	242.077167	236.717962	236.509567	
4.099234	242.326566	242.19934	236.835863	236.63174	
4.10944	242.449014	242.321513	236.95525	236.753913	
4.119577	242.570718	242.443686	237.073911	236.867359	
4.129679	242.69193	242.565859	237.192093	236.989532	
4.140122	242.81727	242.688032	237.314299	237.102979	
4.150074	242.93703	242.810206	237.431065	237.225152	
4.160295	243.059334	242.932379	237.550312	237.347325	
4.170401	243.180558	243.054552	237.668505	237.469498	
4.180761	243.304914	243.176725	237.789752	237.591671	
4.190812	243.425526	243.298898	237.907349	237.713844	
4.201013	243.547926	243.429797	238.026689	237.827291	
4.211109	243.669066	243.55197	238.1448	237.940737	
4.221245	243.790686	243.68287	238.26338	238.06291	
4.239735	244.012674	243.805043	238.479818	238.281076	
4.244456	244.06929	243.962123	238.535019	238.342163	
4.254446	244.189098	244.084296	238.651832	238.455609	
4.264697	244.312122	244.206469	238.77178	238.577782	
4.27476	244.432866	244.337369	238.889505	238.691229	
4.284924	244.554834	244.459542	239.008424	238.813402	
4.295639	244.68345	244.590441	239.133825	238.944301	
4.30573	244.804554	244.712614	239.251901	239.057748	
4.315863	244.926162	244.834787	239.370469	239.179921	
4.326031	245.048118	244.956961	239.489376	239.302094	
4.336192	245.170074	245.079134	239.608283	239.41554	
4.346295	245.291262	245.201307	239.726441	239.528987	
4.35652	245.41401	245.32348	239.846121	239.65116	
4.366657	245.53563	245.445653	239.9647	239.764606	
4.376855	245.658054	245.567826	240.084064	239.886779	
4.386937	245.778978	245.689999	240.201965	240.000225	
4.397133	245.901366	245.812172	240.321293	240.122398	
4.407311	246.023502	245.934345	240.440375	240.235845	
4.417435	246.144978	246.056518	240.558815	240.349291	
4.427578	246.266706	246.178691	240.677499	240.471464	
4.437684	246.387954	246.292137	240.795716	240.584911	
4.447896	246.510498	246.41431	240.915197	240.707084	
4.465877	246.726342	246.62375	241.125644	240.907797	
4.470416	246.780762	246.684836	241.178704	240.968883	
4.48062	246.903222	246.798283	241.298102	241.08233	
4.490711	247.024278	246.920456	241.416132	241.204503	
4.500869	247.14621	247.033902	241.535016	241.317949	
4.511016	247.267962	247.156075	241.653724	241.431395	
4.521177	247.389882	247.278248	241.772596	241.553568	
4.53142	247.512822	247.400421	241.892462	241.675742	
4.541548	247.634322	247.522595	242.010925	241.789188	
4.551643	247.75551	247.636041	242.129083	241.911361	
4.561786	247.87719	247.758214	242.247721	242.024807	
4.571946	247.99911	247.87166	242.366593	242.14698	
4.582085	248.120778	247.993833	242.48522	242.269153	
4.592213	248.242326	248.116006	242.603729	242.3826	
4.602391	248.364486	248.23818	242.722835	242.504773	
4.612526	248.486082	248.360353	242.841391	242.618219	
4.622664	248.607738	248.482526	242.960006	242.740392	
4.632938	248.731038	248.595972	243.080223	242.862565	
4.642986	248.85159	248.718145	243.197761	242.984738	
4.653443	248.977074	248.849045	243.320108	243.106912	
4.663852	249.102018	248.962491	243.441929	243.229085	
4.67376	249.220902	249.084664	243.55784	243.342531	
4.683924	249.342846	249.206837	243.676736	243.455977	
4.694105	249.465018	249.32901	243.795854	243.57815	
4.704217	249.586338	249.451183	243.914141	243.700323	
4.714405	249.708642	249.573356	244.033387	243.822497	
4.724548	249.830334	249.704256	244.152037	243.935943	
4.734745	249.952746	249.826429	244.271388	244.058116	
4.744938	250.075026	249.948602	244.390611	244.180289	
4.755007	250.195818	250.070775	244.508384	244.293735	
4.765376	250.320318	250.201675	244.629771	244.415908	
4.775401	250.440606	250.323848	244.747052	244.538081	
4.785483	250.561578	250.454748	244.865	244.651528	
4.796307	250.691466	250.585647	244.99164	244.782428	
4.806397	250.812558	250.70782	245.109705	244.904601	
4.816583	250.934754	250.83872	245.228846	245.018047	
4.826677	251.055882	250.960893	245.346946	245.131493	
4.83686	251.178138	251.083066	245.466146	245.253666	
4.846999	251.29977	251.205239	245.584737	245.37584	
4.857186	251.422002	251.327412	245.703913	245.498013	
4.867316	251.543574	251.449585	245.822446	245.611459	
4.877484	251.665566	251.571758	245.941388	245.724905	
4.887641	251.787462	251.693931	246.060236	245.847078	
4.897809	251.90949	251.816104	246.179214	245.969251	
4.907956	252.031242	251.938278	246.297922	246.082698	
4.918158	252.153666	252.060451	246.417285	246.196144	
4.928267	252.274974	252.182624	246.535561	246.318317	
4.938379	252.396306	252.304797	246.653859	246.431764	
4.948559	252.518526	252.42697	246.773024	246.553937	
4.95874	252.640686	252.540416	246.89213	246.667383	
4.968962	252.763326	252.662589	247.011704	246.789556	
4.97903	252.88413	252.776036	247.129488	246.911729	
4.989221	253.006458	252.898209	247.248758	247.033902	
4.999381	253.128354	253.020382	247.367606	247.147349	
5.009495	253.249722	253.142555	247.48594	247.260795	
5.019637	253.37145	253.256001	247.604625	247.382968	
5.029835	253.493778	253.378174	247.723895	247.505141	
5.040087	253.616814	253.491621	247.843855	247.618588	
5.050267	253.73895	253.62252	247.962937	247.740761	
5.060296	253.859286	253.735967	248.080265	247.854207	
5.070739	253.98465	253.85814	248.202495	247.97638	
5.080683	254.104002	253.980313	248.318863	248.098553	
5.092577	254.24679	254.102486	248.458081	248.23818	
5.100884	254.346378	254.215932	248.55518	248.334173	
5.111018	254.467962	254.338105	248.673724	248.447619	
5.121192	254.590086	254.460278	248.792795	248.569792	
5.131398	254.712534	254.573725	248.912182	248.691965	
5.141548	254.834346	254.695898	249.030948	248.814138	
5.151653	254.955582	254.818071	249.149153	248.936311	
5.161805	255.077442	254.940244	249.267967	249.049758	
5.171932	255.198954	255.062417	249.386441	249.171931	
5.182037	255.320202	255.18459	249.504658	249.285377	
5.192262	255.442914	255.306763	249.624302	249.40755	
5.202407	255.564618	255.428936	249.742964	249.529723	
5.212555	255.686394	255.551109	249.861695	249.651896	
5.222691	255.808038	255.673282	249.980298	249.774069	
5.232976	255.93153	255.795455	250.100703	249.887516	
5.243011	256.051866	255.917628	250.21803	250.009689	
5.25316	256.173678	256.039801	250.336797	250.123135	
5.263399	256.296534	256.170701	250.456582	250.245308	
5.273489	256.417626	256.292874	250.574646	250.367481	
5.283653	256.539582	256.423774	250.693553	250.489654	
5.294459	256.669374	256.545947	250.820101	250.611827	
5.303951	256.783158	256.66812	250.93104	250.734	
5.314118	256.90515	256.799019	251.049982	250.856173	
5.324204	257.026206	256.921193	251.168012	250.96962	
5.334401	257.148606	257.043366	251.287352	251.091793	
5.344524	257.270046	257.165539	251.405756	251.213966	
5.354795	257.39331	257.296438	251.525938	251.336139	
5.364944	257.515062	257.418611	251.644646	251.449585	
5.375115	257.637162	257.540784	251.763694	251.571758	
5.385255	257.758818	257.662957	251.882309	251.693931	
5.395436	257.880978	257.785131	252.001415	251.807378	
5.405601	258.002982	257.907304	252.120368	251.929551	
5.415765	258.124938	258.029477	252.239276	252.042997	
5.425917	258.246762	258.15165	252.358054	252.16517	
5.436078	258.368694	258.273823	252.476938	252.287343	
5.446226	258.490878	258.387269	252.596067	252.40079	
5.456434	258.613038	258.509442	252.715173	252.514236	
5.466506	258.73383	258.622889	252.832945	252.636409	
5.476635	258.85539	258.745062	252.951466	252.741129	
5.486765	258.976962	258.867235	253.069999	252.863302	
5.496992	259.09977	258.989408	253.189737	252.985475	
5.50711	259.221126	259.111581	253.308059	253.098921	
5.517231	259.34253	259.225027	253.426428	253.212368	
5.527427	259.464894	259.3472	253.545733	253.334541	
5.537532	259.586142	259.460647	253.663949	253.456714	
5.548099	259.712982	259.58282	253.787618	253.578887	
5.557844	259.829898	259.704993	253.901612	253.683607	
5.568009	259.951926	259.827166	254.020589	253.80578	
5.578256	260.074878	259.949339	254.140467	253.927953	
5.588292	260.19525	260.071512	254.25783	254.041399	
5.598441	260.317074	260.193685	254.376608	254.154846	
5.608699	260.440158	260.307131	254.496615	254.277019	
5.618778	260.561094	260.429304	254.614528	254.399192	
5.628952	260.683182	260.551477	254.733563	254.521365	
5.639089	260.804838	260.67365	254.852178	254.634811	
5.649291	260.927274	260.787097	254.971553	254.756984	
5.659421	261.04881	260.90927	255.090051	254.870431	
5.669498	261.16977	261.031443	255.207987	254.992604	
5.679728	261.292494	261.153616	255.327643	255.114777	
5.689819	261.413562	261.275789	255.445684	255.23695	
5.700012	261.535914	261.397962	255.564977	255.359123	
5.710141	261.657906	261.520135	255.683919	255.481296	
5.720292	261.779262	261.642308	255.802241	255.594742	
5.730646	261.903546	261.764481	255.923418	255.716915	
5.74079	262.025238	261.886654	256.042068	255.839088	
5.750923	262.146822	262.008827	256.160612	255.952535	
5.761094	262.268886	262.139727	256.279625	256.074708	
5.771216	262.390338	262.2619	256.398041	256.196881	
5.781429	262.512906	262.3928	256.517544	256.319054	
5.791642	262.635486	262.514973	256.63706	256.441227	
5.801746	262.756746	262.637146	256.755288	256.554673	
5.811822	262.877658	262.768046	256.873178	256.676846	
5.82195	262.999146	262.898945	256.991628	256.790293	
5.832128	263.12133	263.021118	257.110758	256.912466	
5.842349	263.243958	263.152018	257.23032	257.034639	
5.852429	263.364906	263.274191	257.348244	257.156812	
5.862567	263.486574	263.396364	257.466871	257.270258	
5.872805	263.609442	263.527264	257.586667	257.392431	
5.890742	263.824686	263.74543	257.79653	257.601871	
5.89529	263.879262	263.79779	257.849741	257.662957	
5.905452	264.001194	263.928689	257.968625	257.776404	
5.915814	264.125586	264.050863	258.089907	257.898577	
5.925769	264.244998	264.173036	258.206334	258.012023	
5.935901	264.36567	264.295209	258.32489	258.134196	
