0.03534735	85.2767873	85.2767873	84.2906762	84.2906762	
0.04016826	85.2769952	85.2767873	84.2908842	84.2906762	
0.05027008	85.2782048	85.2767873	84.2920938	84.2906762	
0.06091088	85.2801768	85.2767873	84.2940658	84.2906762	
0.07057271	85.2824968	85.2767873	84.2963857	84.2906762	
0.08074452	85.2855785	85.2855139	84.2994675	84.2994029	
0.09085034	85.2892483	85.2855139	84.3031373	84.2994029	
0.1011081	85.2936137	85.2855139	84.3075027	84.2994029	
0.111158	85.2984842	85.2942405	84.3123732	84.2994029	
0.1212898	85.3040141	85.2942405	84.317903	84.3081295	
0.1314236	85.3101623	85.2942405	84.3240513	84.3081295	
0.1521482	85.3259834	85.3029672	84.3398724	84.3168562	
0.1566951	85.3293473	85.3116938	84.3432362	84.3168562	
0.1668169	85.337638	85.3116938	84.351527	84.3255828	
0.1870996	85.3573428	85.3291471	84.3712318	84.3343095	
0.1917645	85.3617839	85.3291471	84.3756729	84.3343095	
0.2018423	85.3721542	85.3378738	84.3860432	84.3343095	
0.2119991	85.3832319	85.3466004	84.3971209	84.3343095	
0.2221959	85.3949699	85.3553271	84.4088589	84.3343095	
0.2322597	85.4071645	85.3640537	84.4210535	84.3343095	
0.2423396	85.4199819	85.3727804	84.4338709	84.3343095	
0.2525334	85.4335794	85.381507	84.4474683	84.3343095	
0.2626872	85.4477382	85.381507	84.4616271	84.3343095	
0.272859	85.4625434	85.3902337	84.4764324	84.3343095	
0.2829458	85.4778313	85.3989603	84.4917203	84.3343095	
0.2931666	85.4939647	85.3989603	84.5078537	84.3343095	
0.3033474	85.5106375	85.3989603	84.5245264	84.3343095	
0.3134513	85.5278008	85.4076869	84.5416898	84.3343095	
0.3235711	85.5456062	85.4164136	84.5594952	84.3343095	
0.3338759	85.5643914	85.4164136	84.5782803	84.3343095	
0.3440347	85.5835061	85.4251402	84.5973951	84.3343095	
0.3541945	85.6032497	85.4338669	84.6171387	84.3343095	
0.3643523	85.6236104	85.4338669	84.6374994	84.3343095	
0.3744781	85.6445213	85.4425935	84.6584102	84.3430361	
0.384684	85.6662247	85.4513202	84.6801137	84.3517627	
0.3948318	85.6884209	85.4600468	84.7023099	84.3604894	
0.4049836	85.7112421	85.4687735	84.725131	84.369216	
0.4151374	85.7347007	85.4862268	84.7485897	84.3866693	
0.4252842	85.7587391	85.4949534	84.7726281	84.4041226	
0.43544	85.7834277	85.5036801	84.7973166	84.4215759	
0.4456008	85.808748	85.5211333	84.8226369	84.4477559	
0.4558207	85.8348438	85.5385866	84.8487328	84.4739358	
0.4658815	85.8611335	85.5560399	84.8750224	84.4913891	
0.4760723	85.8883954	85.5734932	84.9022844	84.5262957	
0.4862511	85.916241	85.5996732	84.93013	84.5524756	
0.4967039	85.9455148	85.6258531	84.9594037	84.5786556	
0.5065517	85.9736387	85.652033	84.9875277	84.6135621	
0.5167105	86.0032855	85.678213	85.0171745	84.6484687	
0.5268744	86.0335728	85.7043929	85.0474618	84.6833753	
0.5370792	86.0645961	85.7392995	85.078485	84.7270085	
0.547227	86.0960777	85.7742061	85.1099667	84.7619151	
0.5573758	86.1281742	85.8178393	85.1420632	84.8055484	
0.5676306	86.1612369	85.8527459	85.1751259	84.8404549	
0.5777964	86.1946468	85.8876525	85.2085357	84.8928148	
0.5878292	86.2281892	85.9312857	85.2420782	84.9277214	
0.598014	86.2628945	85.974919	85.2767835	84.9713546	
0.6081669	86.2981087	86.0185522	85.3119977	85.0149879	
0.6183187	86.3339019	86.0621854	85.3477909	85.0673477	
0.6284535	86.3702759	86.1145453	85.3841649	85.1022543	
0.6386243	86.4074009	86.1494519	85.4212898	85.1546142	
0.6487461	86.4449716	86.2018118	85.4588606	85.1982474	
0.6589379	86.4834124	86.2541716	85.4973014	85.2418807	
0.6691057	86.5223822	86.3065315	85.5362711	85.2942405	
0.6792836	86.56202	86.3501647	85.5759089	85.3466004	
0.6893824	86.6019396	86.4025246	85.6158285	85.3902337	
0.6997422	86.6435839	86.4548845	85.6574729	85.4338669	
0.709712	86.6842137	86.5072444	85.6981026	85.4862268	
0.7198338	86.7260778	86.5596043	85.7399668	85.5385866	
0.7299806	86.7686807	86.6032375	85.7825697	85.5822199	
0.7401224	86.8118667	86.664324	85.8257557	85.6345797	
0.7502923	86.8558108	86.7166839	85.8696998	85.678213	
0.7604681	86.9003981	86.7690438	85.914287	85.7305729	
0.7705699	86.9452622	86.8214036	85.9591512	85.7829327	
0.7806407	86.990587	86.8737635	86.004476	85.8352926	
0.7908685	87.0372693	86.9261234	86.0511583	85.8876525	
0.8010763	87.0844946	86.9872099	86.0983835	85.9400124	
0.8114771	87.1332631	87.0395698	86.1471521	85.9923722	
0.821317	87.1799421	87.0919297	86.1938311	86.0447321	
0.8315098	87.2289301	87.1442896	86.242819	86.097092	
0.8415906	87.2780005	87.1966494	86.2918894	86.1494519	
0.8600412	87.3703342	87.2490093	86.3842232	86.245445	
0.8646072	87.3930947	87.3188225	86.4069837	86.2716249	
0.874744	87.4444506	87.3711824	86.4583396	86.3239848	
0.8849028	87.4965378	87.4322689	86.5104268	86.3763447	
0.8950356	87.5491227	87.4846288	86.5630117	86.4287046	
0.9052604	87.6028153	87.5457153	86.6167043	86.4810644	
0.9234591	87.7008117	87.5980752	86.7147007	86.5770575	
0.928017	87.7252433	87.6678883	86.7391323	86.6032375	
0.9381468	87.7804168	87.7202482	86.7943058	86.6555974	
0.9483016	87.8363571	87.7726081	86.8502461	86.7079572	
0.9585084	87.8932049	87.824968	86.9070939	86.7603171	
0.9685873	87.9499513	87.8773278	86.9638402	86.8214036	
0.9787191	88.0076136	87.9296877	87.0215026	86.8737635	
0.9889389	88.0663888	87.9907742	87.0802777	86.93485	
0.9990737	88.1253003	88.0431341	87.1391892	86.9872099	
1.009196	88.1854783	88.1042206	87.1993673	87.0395698	
1.019397	88.2453097	88.1565805	87.2591986	87.1006563	
1.029516	88.3059518	88.2089404	87.3198407	87.1617428	
1.039726	88.3678041	88.2700269	87.381693	87.2141027	
1.049813	88.4294811	88.3311134	87.4433701	87.2751892	
1.059949	88.4921005	88.3834733	87.5059894	87.3362758	
1.070088	88.5553932	88.4445598	87.5692821	87.3886356	
1.080243	88.6193418	88.5056464	87.6332307	87.4584488	
1.09044	88.684199	88.5580062	87.6980879	87.5108087	
1.100712	88.7502141	88.6190928	87.7641031	87.5806219	
1.110672	88.8147462	88.6801793	87.8286352	87.6417084	
1.120827	88.8811863	88.7412658	87.8950753	87.7027949	
1.130988	88.948312	88.8023523	87.962201	87.7726081	
1.143119	89.0294508	88.8634389	88.0433398	87.8424213	
1.151247	89.0840011	88.9245254	88.0978901	87.9035078	
1.161373	89.152707	88.9943386	88.166596	87.9733209	
1.171506	89.2220764	89.0554251	88.2359654	88.0344075	
1.181652	89.2921877	89.1165116	88.3060767	88.1042206	
1.191934	89.3638562	89.1863248	88.3777451	88.1740338	
1.201971	89.4343926	89.2561379	88.4482816	88.243847	
1.212175	89.5067541	89.3259511	88.520643	88.3136602	
1.222307	89.5792332	89.3870376	88.5931221	88.3747467	
1.232439	89.6523211	89.4568508	88.6662101	88.4445598	
1.242577	89.7260399	89.526664	88.7399289	88.514373	
1.252706	89.8003304	89.5964772	88.8142194	88.5841862	
1.262913	89.875828	89.675017	88.889717	88.662726	
1.280932	90.0114578	89.8059167	89.0253468	88.784899	
1.285451	90.0454291	89.8408232	89.059318	88.8198056	
1.295694	90.1232013	89.9193631	89.1370903	88.8896188	
1.305778	90.2003716	89.9891762	89.2142606	88.9681586	
1.315923	90.2786125	90.0764427	89.2925015	89.0466984	
1.326077	90.3575651	90.1549825	89.3714541	89.1252383	
1.336285	90.4375566	90.2335223	89.4514456	89.2037781	
1.346403	90.5174623	90.3120621	89.5313513	89.2735912	
1.356558	90.5982722	90.390602	89.6121611	89.3608577	
1.366723	90.6797575	90.4778684	89.6936465	89.4393975	
1.376849	90.7615928	90.5564082	89.7754818	89.5179373	
1.387043	90.8445706	90.6349481	89.8584595	89.6052038	
1.397216	90.9280058	90.7222145	89.9418948	89.6837436	
1.407321	91.0115023	90.809481	90.0253913	89.7622834	
1.417508	91.0962932	90.8880208	90.1101822	89.8495499	
1.427622	91.1810625	90.9752873	90.1949515	89.9368164	
1.438036	91.2690922	91.0625537	90.2829811	90.0240828	
1.447976	91.3536113	91.1410935	90.3675003	90.1113493	
1.458114	91.4404629	91.22836	90.4543519	90.1986157	
1.468235	91.5277655	91.3156265	90.5416544	90.2858822	
1.478444	91.6164814	91.4116196	90.6303704	90.3731487	
1.488572	91.7050801	91.498886	90.7189691	90.4604151	
1.498731	91.7946056	91.5861525	90.8084946	90.5476816	
1.508857	91.8844369	91.6821456	90.8983259	90.6349481	
1.51902	91.9752353	91.7694121	90.9891243	90.7309412	
1.52928	92.0675168	91.8654052	91.0814058	90.8269343	
1.539367	92.1588018	91.9613983	91.1726908	90.9142007	
1.549533	92.2515253	92.0486648	91.2654143	91.0101938	
1.559747	92.3452403	92.1446579	91.3591293	91.106187	
1.569823	92.4382937	92.240651	91.4521827	91.2021801	
1.580109	92.5339842	92.3366441	91.5478732	91.2981732	
1.590137	92.6278054	92.4326372	91.6416944	91.3941663	
1.60026	92.7231616	92.5373569	91.7370506	91.498886	
1.610545	92.8207314	92.63335	91.8346204	91.5948791	
1.620577	92.9163931	92.7293432	91.9302821	91.6995989	
1.630696	93.013569	92.8340629	92.027458	91.795592	
1.640847	93.1116521	92.930056	92.125541	91.8915851	
1.651021	93.2105888	93.0260491	92.2244778	91.9963049	
1.661158	93.3100972	93.1307689	92.3239862	92.1010246	
1.671307	93.4097491	93.2354886	92.4236381	92.2057444	
1.681449	93.5101956	93.3402084	92.5240846	92.3017375	
1.691597	93.6113292	93.4449282	92.6252182	92.4064572	
1.701795	93.7136574	93.5496479	92.7275464	92.511177	
1.711923	93.8158364	93.6543677	92.8288164	92.6071701	
1.722016	93.9182723	93.7590874	92.9297364	92.7118899	
1.732175	94.0220198	93.8638072	93.0313364	92.8166096	
1.742375	94.1267805	93.9685269	93.1333164	92.9213294	
1.760642	94.3168969	94.1605131	93.3160064	93.1133156	
1.765195	94.3645381	94.212873	93.3618464	93.1656755	
1.775353	94.4705501	94.3175928	93.4630964	93.2703952	
1.785477	94.5771454	94.4310392	93.5643164	93.375115	
1.79566	94.6850284	94.5444856	93.6661664	93.4798347	
1.80577	94.7927172	94.6492053	93.7672564	93.5845545	
1.816011	94.9024672	94.7626517	93.8696864	93.6892742	
1.82612	95.0113796	94.8760981	93.9707664	93.793994	
1.836238	95.1210143	94.9808179	94.0719464	93.8987138	
1.846485	95.2326917	95.0855376	94.1744264	94.0034335	
1.856624	95.3438059	95.1989841	94.2758264	94.1081533	
1.866743	95.4552814	95.3124305	94.3769964	94.212873	
1.876897	95.5677844	95.4171502	94.4785364	94.3175928	
1.887082	95.6812767	95.52187	94.5804064	94.4223125	
1.897276	95.7954481	95.6353164	94.6823264	94.5270323	
1.907432	95.9098794	95.7400361	94.7839264	94.631752	
1.917583	96.0248159	95.8534825	94.8854264	94.7364718	
1.927817	96.1413117	95.9582023	94.9877464	94.8324649	
1.937896	96.2566588	96.0716487	95.0885264	94.9371847	
1.948017	96.3731024	96.1850951	95.1897264	95.0331778	
1.958196	96.4908949	96.2985415	95.2915564	95.1378975	
1.968356	96.609005	96.4119879	95.3931264	95.2426173	
1.97848	96.7273216	96.5167076	95.4943464	95.347337	
1.988671	96.8470938	96.6388807	95.5962764	95.4433301	
1.998812	96.9669061	96.7523271	95.6977164	95.5393233	
2.008904	97.0866659	96.8657735	95.7985964	95.644043	
2.019102	97.2083589	96.9792199	95.9005764	95.7487628	
2.029315	97.3308572	97.0926663	96.0027064	95.8534825	
2.039421	97.4521412	97.2148393	96.1037764	95.9494756	
2.049551	97.5736652	97.3282857	96.2050464	96.0454687	
2.05971	97.6956092	97.4417321	96.3066664	96.1501885	
2.069867	97.8175052	97.5639052	96.4082464	96.2549082	
2.080043	97.9395812	97.6860782	96.5099764	96.359628	
2.090163	98.0610092	97.8082513	96.6111664	96.4643478	
2.100292	98.1825812	97.9216977	96.7124764	96.5690675	
2.110521	98.3053652	98.0525974	96.8147964	96.6650606	
2.120651	98.4269012	98.1747704	96.9160764	96.7697804	
2.130741	98.5479692	98.2969435	97.0169664	96.8745001	
2.140849	98.6692652	98.4191165	97.1180464	96.9792199	
2.152441	98.8117772	98.5412896	97.2368064	97.075213	
2.161269	98.9143412	98.6721893	97.3222764	97.1799328	
2.171359	99.0354332	98.7943623	97.4231864	97.2846525	
2.181487	99.1569812	98.925262	97.5244764	97.3980989	
2.191798	99.2806412	99.0474351	97.6275264	97.5028187	
2.201847	99.4012772	99.1783347	97.7280564	97.6075384	
2.212015	99.5232932	99.3092344	97.8297364	97.7122582	
2.222136	99.6447212	99.4401341	97.9309264	97.8169779	
2.232253	99.7661372	99.5710338	98.0321064	97.9216977	
2.242386	99.8876852	99.6932069	98.1333964	98.0351441	
2.252521	100.009317	99.8328332	98.2347564	98.1398638	
2.262705	100.131525	99.9550063	98.3365964	98.2445836	
2.272839	100.253205	100.094633	98.4379964	98.3493033	
2.282926	100.374177	100.216806	98.5388064	98.4540231	
2.293101	100.496769	100.347705	98.6409664	98.5500162	
2.311111	100.712457	100.583325	98.8207064	98.7332758	
2.315602	100.766265	100.635685	98.8655464	98.7856357	
2.325803	100.888737	100.766584	98.9676064	98.8816288	
2.336026	101.011389	100.888757	99.0698164	98.9863485	
2.346104	101.132301	101.019657	99.1705764	99.0823416	
2.356264	101.254245	101.14183	99.2721964	99.1870614	
2.366423	101.376153	101.27273	99.3737864	99.2917811	
2.376901	101.501937	101.40363	99.4786064	99.3965009	
2.386728	101.619801	101.525803	99.5768264	99.5012207	
2.396874	101.741589	101.647976	99.6783164	99.5972138	
2.406996	101.863041	101.770149	99.7795264	99.6932069	
2.417212	101.985609	101.892322	99.8816664	99.7979266	
2.427327	102.107013	102.023221	99.9828364	99.9026464	
2.437468	102.228705	102.136668	100.084246	99.9986395	
2.447686	102.351345	102.267568	100.186446	100.094633	
2.457787	102.472509	102.389741	100.287416	100.199352	
2.467899	102.593877	102.511914	100.388556	100.295345	
2.478093	102.716217	102.634087	100.490506	100.391339	
2.488296	102.838665	102.75626	100.592546	100.496058	
2.498416	102.960081	102.878433	100.693726	100.592051	
2.508559	103.081785	103.000606	100.795146	100.688045	
2.518732	103.203849	103.122779	100.896866	100.784038	
2.528829	103.325049	103.244952	100.997866	100.880031	
2.539051	103.447713	103.358398	101.100086	100.976024	
2.549276	103.570785	103.489298	101.202646	101.072017	
2.559362	103.691445	103.602744	101.303196	101.176737	
2.569505	103.813125	103.724917	101.404596	101.264003	
2.579868	103.937553	103.84709	101.508286	101.359996	
2.589821	104.056953	103.969264	101.607786	101.455989	
2.599988	104.178969	104.091437	101.709466	101.551983	
2.610093	104.300253	104.21361	101.810536	101.647976	
2.620248	104.422053	104.335783	101.912036	101.743969	
2.630906	104.550021	104.457956	102.018676	101.839962	
2.640564	104.665857	104.580129	102.115206	101.935955	
2.6507	104.787501	104.702302	102.216576	102.031948	
2.660825	104.908977	104.824475	102.317806	102.136668	
2.670948	105.030465	104.946648	102.419046	102.232661	
2.681173	105.153225	105.068821	102.521346	102.328654	
2.691606	105.278397	105.190994	102.625656	102.433374	
2.701399	105.395925	105.313167	102.723596	102.538094	
2.711519	105.517329	105.43534	102.824766	102.634087	
2.721656	105.638985	105.557513	102.926146	102.73008	
2.74026	105.862245	105.679686	103.112196	102.922066	
2.744824	105.916977	105.836766	103.157806	102.956973	
2.754958	106.038597	105.958939	103.259156	103.061692	
2.765119	106.160493	106.081112	103.360736	103.166412	
2.775247	106.282053	106.212012	103.462036	103.271132	
2.785475	106.404777	106.334185	103.564306	103.367125	
2.795948	106.530501	106.465084	103.669076	103.471845	
2.805732	106.647861	106.587257	103.766876	103.567838	
2.815983	106.770897	106.70943	103.869406	103.672558	
2.826075	106.891965	106.831604	103.970296	103.777277	
2.836191	107.013381	106.953777	104.071476	103.881997	
2.846413	107.136057	107.07595	104.173706	103.986717	
2.856548	107.257689	107.198123	104.275066	104.091437	
2.866689	107.379369	107.329022	104.376466	104.196156	
2.876832	107.501073	107.442469	104.477886	104.300876	
2.886962	107.622609	107.564642	104.579166	104.405596	
2.897185	107.745357	107.686815	104.681456	104.510316	
2.907327	107.867049	107.817715	104.782866	104.615035	
2.917452	107.988549	107.931161	104.884116	104.719755	
2.927629	108.110649	108.053334	104.985866	104.815748	
2.937772	108.232341	108.175507	105.087276	104.920468	
2.947921	108.354129	108.29768	105.188766	105.025188	
2.95806	108.475821	108.419853	105.290176	105.129907	
2.96822	108.597705	108.5333	105.391746	105.225901	
2.978328	108.719049	108.655473	105.492866	105.33062	
2.988521	108.841353	108.777646	105.594786	105.43534	
2.998679	108.963249	108.899819	105.696366	105.54006	
3.008809	109.084785	109.013265	105.797646	105.636053	
3.018967	109.206693	109.135438	105.899236	105.740773	
3.029111	109.328397	109.257611	106.000656	105.845492	
3.039275	109.450389	109.379784	106.102316	105.941486	
3.049485	109.572885	109.501957	106.204396	106.046205	
3.059582	109.694061	109.615404	106.305376	106.150925	
3.069727	109.815801	109.737577	106.406826	106.246918	
3.07995	109.938501	109.851023	106.509076	106.342911	
3.090024	110.059353	109.973196	106.609786	106.447631	
3.100174	110.181153	110.095369	106.711286	106.552351	
3.118329	110.399097	110.304809	106.892906	106.726884	
3.122878	110.453601	110.357169	106.938326	106.779244	
3.133016	110.575257	110.479342	107.039706	106.875237	
3.143262	110.698269	110.601515	107.142216	106.979957	
3.153505	110.821173	110.723688	107.244636	107.07595	
3.163593	110.942205	110.837134	107.345496	107.180669	
3.173726	111.063801	110.959307	107.446826	107.285389	
3.183949	111.186465	111.08148	107.549046	107.381382	
3.194064	111.307833	111.203653	107.650186	107.486102	
3.204196	111.429417	111.3171	107.751506	107.582095	
3.232461	111.768801	111.447999	108.034326	107.861348	
3.237139	111.824769	111.718525	108.080966	107.904981	
