0.03506643	-0.523598776	-0.523598776	0	0	
0.04031334	-0.52335194	-0.523598776	0.000246835521	0	
0.05048818	-0.522100016	-0.523598776	0.00149875918	0	
0.06062101	-0.520239327	-0.523598776	0.00335944903	0	
0.07079685	-0.517748365	-0.523598776	0.00585041049	0	
0.08099068	-0.514629185	-0.523598776	0.00896959056	0	
0.09114152	-0.51090417	-0.514872129	0.0126946058	0	
0.1013574	-0.506526228	-0.514872129	0.0170725472	0	
0.1115052	-0.501565171	-0.506145483	0.0220336043	0	
0.121591	-0.496026307	-0.506145483	0.0275724685	0	
0.1317699	-0.489807294	-0.497418837	0.0337914812	0.00872664626	
0.1419577	-0.482966121	-0.488692191	0.0406326548	0.00872664626	
0.1521105	-0.475525867	-0.488692191	0.0480729085	0.0174532925	
0.1622284	-0.46750137	-0.479965544	0.0560974052	0.0174532925	
0.1724002	-0.458807087	-0.471238898	0.0647916884	0.0261799388	
0.182554	-0.449515786	-0.462512252	0.07408299	0.0261799388	
0.1927189	-0.439592347	-0.453785606	0.0840064285	0.034906585	
0.2028927	-0.429028746	-0.445058959	0.0945700295	0.0436332313	
0.2130395	-0.417894269	-0.436332313	0.105704507	0.0523598776	
0.2232084	-0.406104228	-0.41887902	0.117494547	0.0523598776	
0.2333442	-0.393739518	-0.41887902	0.129859257	0.0610865238	
0.243453	-0.380795537	-0.410152374	0.142803239	0.0698131701	
0.2536359	-0.367125327	-0.401425728	0.156473449	0.0785398163	
0.2638257	-0.352833961	-0.392699082	0.170764814	0.0872664626	
0.2739605	-0.337996282	-0.383972435	0.185602493	0.0872664626	
0.2841044	-0.322533972	-0.383972435	0.201064804	0.0872664626	
0.2942652	-0.306417608	-0.375245789	0.217181168	0.0959931089	
0.304433	-0.289679665	-0.366519143	0.233919111	0.0959931089	
0.3145559	-0.272399103	-0.366519143	0.251199673	0.104719755	
0.3247347	-0.254395956	-0.357792497	0.269202819	0.104719755	
0.3349096	-0.235776778	-0.34906585	0.287821997	0.104719755	
0.3450784	-0.216554012	-0.34906585	0.307044764	0.113446401	
0.3552332	-0.196735431	-0.34906585	0.326863345	0.113446401	
0.3653651	-0.176352676	-0.331612558	0.3472461	0.122173048	
0.3755419	-0.155250323	-0.331612558	0.368348453	0.122173048	
0.3857137	-0.133542002	-0.322885912	0.390056774	0.122173048	
0.3959726	-0.111002514	-0.314159265	0.412596262	0.130899694	
0.4060164	-0.0883546834	-0.305432619	0.435244092	0.13962634	
0.4161752	-0.0648083335	-0.296705973	0.458790442	0.148352986	
0.4262861	-0.0407757145	-0.27925268	0.482823061	0.157079633	
0.4364549	-0.015980811	-0.270526034	0.507617965	0.174532925	
0.4465827	0.00933584452	-0.253072742	0.53293462	0.183259571	
0.4566866	0.0352177074	-0.244346095	0.558816483	0.191986218	
0.4668894	0.0619461135	-0.226892803	0.585544889	0.218166156	
0.4770282	0.0891401586	-0.20943951	0.612738934	0.235619449	
0.4871771	0.116987846	-0.183259571	0.640586621	0.253072742	
0.4972819	0.145303378	-0.165806279	0.668902153	0.27925268	
0.5075407	0.174715834	-0.13962634	0.69831461	0.305432619	
0.5175956	0.204135727	-0.113446401	0.727734503	0.331612558	
0.5277524	0.234454797	-0.0872664626	0.758053573	0.366519143	
0.5378692	0.265282399	-0.0610865238	0.788881175	0.392699082	
0.5479941	0.296746515	-0.034906585	0.820345291	0.427605667	
0.5585529	0.330261629	0	0.853860405	0.453785606	
0.5683647	0.361929894	0.034906585	0.885528669	0.497418837	
0.5784696	0.395182144	0.0698131701	0.91878092	0.532325422	
0.5886114	0.429174437	0.104719755	0.952773212	0.575958653	
0.5987113	0.463636748	0.13962634	0.987235523	0.610865238	
0.6090511	0.499584743	0.174532925	1.02318352	0.654498469	
0.6189889	0.534673538	0.218166156	1.05827231	0.698131701	
0.6292038	0.571418997	0.261799388	1.09501777	0.741764932	
0.6393826	0.60862247	0.305432619	1.13222125	0.785398163	
0.6494644	0.646089161	0.34906585	1.16968794	0.837758041	
0.6596883	0.6847305	0.392699082	1.20832928	0.881391272	
0.6697751	0.723441259	0.436332313	1.24704003	0.925024504	
0.6799969	0.763305029	0.488692191	1.2869038	0.977384381	
0.6901388	0.80347139	0.523598776	1.32707017	1.02101761	
0.7002886	0.844291808	0.575958653	1.36789058	1.07337749	
0.7104214	0.885663579	0.619591884	1.40926235	1.11701072	
0.7205953	0.927833637	0.663225116	1.45143241	1.1693706	
0.7307951	0.97071535	0.715584993	1.49431413	1.22173048	
0.7409469	1.01415133	0.767944871	1.53775011	1.27409035	
0.7510988	1.05793985	0.811578102	1.58153863	1.32645023	
0.7612186	1.10233402	0.86393798	1.62593279	1.37008346	
0.7714104	1.14766941	0.907571211	1.67126818	1.42244334	
0.7815643	1.19345769	0.959931089	1.71705647	1.47480322	
0.7917701	1.24011169	1.01229097	1.76371047	1.5271631	
0.8018769	1.28690905	1.0559242	1.81050783	1.58824962	
0.8119988	1.33440038	1.10828408	1.85799916	1.6406095	
0.8222136	1.38297152	1.15191731	1.9065703	1.69296937	
0.8333084	1.43647926	1.21300383	1.96007803	1.74532925	
0.8434123	1.48578524	1.25663706	2.00938402	1.79768913	
0.8535391	1.53582442	1.30899694	2.05942319	1.85004901	
0.8637169	1.58673361	1.36135682	2.11033238	1.90240888	
0.8738348	1.63796527	1.41371669	2.16156404	1.96349541	
0.8840006	1.69004597	1.46607657	2.21364474	2.01585529	
0.8943614	1.74381273	1.51843645	2.26741151	2.07694181	
0.9043613	1.79625946	1.57079633	2.31985823	2.12930169	
0.9144471	1.84975925	1.63188285	2.37335802	2.18166156	
0.9246349	1.90445846	1.69296937	2.42805723	2.23402144	
0.9348218	1.95977516	1.74532925	2.48337393	2.29510797	
0.9450336	2.01581523	1.80641578	2.53941401	2.35619449	
0.9551074	2.07174691	1.85877565	2.59534568	2.40855437	
0.9652463	2.12864139	1.91986218	2.65224016	2.46091425	
0.9754861	2.18672911	1.97222205	2.71032788	2.52200077	
0.9855499	2.24441479	2.03330858	2.76801357	2.58308729	
0.9957268	2.30339061	2.0943951	2.82698938	2.63544717	
1.005872	2.36280361	2.15548163	2.88640239	2.70526034	
1.016025	2.42285842	2.21656815	2.9464572	2.76634686	
1.026164	2.48344046	2.27765467	3.00703924	2.82743339	
1.036306	2.54468184	2.3387412	3.06828061	2.88851991	
1.0465	2.60687478	2.39982772	3.13047355	2.94960644	
1.05692	2.6728825	2.46091425	3.19648128	3.01941961	
1.06684	2.73278223	2.52200077	3.256381	3.07177948	
1.078123	2.80556721	2.58308729	3.32916598	3.14159265	
1.087648	2.86422258	2.65290046	3.38782136	3.21140582	
1.097655	2.92830944	2.71398699	3.45190822	3.28121899	
1.107785	2.99380993	2.77507351	3.5174087	3.34230552	
1.117954	3.06019075	2.84488668	3.58378952	3.40339204	
1.128056	3.12674448	2.9059732	3.65034326	3.47320521	
1.146601	3.25150364	2.96705973	3.77510242	3.60410491	
1.151108	3.2816972	3.05432619	3.80529598	3.63028484	
1.161257	3.35059063	3.12413936	3.8741894	3.70009801	
1.171422	3.42018547	3.19395253	3.94378425	3.76991118	
1.181538	3.49007789	3.2637657	4.01367666	3.83972435	
1.191738	3.5611916	3.33357887	4.08479038	3.90953752	
1.201869	3.63243119	3.40339204	4.15602997	3.97935069	
1.212022	3.70443758	3.47320521	4.22803635	4.04916386	
1.222223	3.77740297	3.54301838	4.30100175	4.11897703	
1.232311	3.85022553	3.61283155	4.3738243	4.1887902	
1.242511	3.92439614	3.69137137	4.44799492	4.26733002	
1.252671	3.99891555	3.76991118	4.52251433	4.33714319	
1.26285	4.07420385	3.83972435	4.59780262	4.41568301	
1.27307	4.15043835	3.92699082	4.67403713	4.48549618	
1.283141	4.2261733	3.99680399	4.74977208	4.56403599	
1.2933	4.30316136	4.0753438	4.82676013	4.64257581	
1.303538	4.3814025	4.15388362	4.90500128	4.71238898	
1.313582	4.45873739	4.24115008	4.98233617	4.7909288	
1.323801	4.53813807	4.3196899	5.06173685	4.86946861	
1.333984	4.61775479	4.39822972	5.14135357	4.94800843	
1.344108	4.69758603	4.48549618	5.22118481	5.02654825	
1.354263	4.7782815	4.56403599	5.30188028	5.10508806	
1.364372	4.85918287	4.64257581	5.38278165	5.18362788	
1.374527	4.94112929	4.72984227	5.46472806	5.26216769	
1.384703	5.02385098	4.81710874	5.54744976	5.34070751	
1.395041	5.108569	4.9043752	5.63216777	5.42797397	
1.405026	5.19118402	4.98291501	5.71478279	5.50651379	
1.415127	5.27482075	5.07018148	5.79841952	5.58505361	
1.425321	5.36017379	5.15744794	5.88377256	5.67232007	
1.43545	5.44557932	5.2447144	5.9691781	5.75958653	
1.445602	5.53182352	5.33198086	6.0554223	5.83812635	
1.455856	5.6196202	5.42797397	6.14321898	5.91666616	
1.465954	5.70654228	5.51524044	6.23014105	6.00393263	
1.476088	5.79445207	5.6025069	6.31805084	6.09119909	
1.486264	5.8833751	5.68977336	6.40697388	6.17846555	
1.496342	5.97207507	5.78576647	6.49567384	6.26573201	
1.50652	6.0622262	5.88175958	6.58582498	6.35299848	
1.516649	6.15258412	5.96902604	6.6761829	6.44899159	
1.526885	6.2445013	6.06501915	6.76810008	6.53625805	
1.537087	6.33675458	6.16101226	6.86035336	6.63225116	
1.547451	6.43114068	6.24827872	6.95473946	6.71951762	
1.557298	6.5213768	6.34427183	7.04497558	6.80678408	
1.567517	6.6156503	6.44026494	7.13924907	6.89405055	
1.577598	6.70923753	6.5275314	7.23283631	6.98131701	
1.587741	6.80402882	6.62352451	7.3276276	7.07731012	
1.597869	6.8993043	6.71951762	7.42290307	7.16457658	
1.608035	6.99558716	6.80678408	7.51918594	7.26056969	
1.618344	7.09383757	6.91150384	7.61743635	7.34783615	
1.628421	7.19045979	6.9987703	7.71405857	7.44382926	
1.638611	7.28883092	7.10349006	7.8124297	7.53982237	
1.648694	7.3867567	7.19075652	7.91035548	7.62708883	
1.659052	7.48801542	7.29547627	8.0116142	7.73180859	
1.669028	7.58608622	7.39146938	8.109685	7.8278017	
1.679173	7.68648116	7.48746249	8.21007993	7.9237948	
1.689299	7.78728275	7.5834556	8.31088153	8.01978791	
1.699439	7.88887127	7.67944871	8.41247005	8.11578102	
1.709617	7.99144304	7.78416846	8.51504181	8.22050078	
1.719894	8.09562879	7.88016157	8.61922757	8.32522053	
1.729887	8.19753556	7.97615468	8.72113434	8.42121364	
1.740033	8.30162494	8.08087444	8.82522371	8.5259334	
1.758343	8.49203307	8.18559419	9.01563185	8.70919297	
1.762854	8.53877496	8.30776724	9.06237373	8.7528262	
1.773074	8.64606315	8.41248699	9.16966193	8.85754595	
1.783204	8.75225305	8.51720675	9.27585183	8.96226571	
1.793299	8.85901173	8.6219265	9.3826105	9.07571211	
1.803488	8.96745455	8.72664626	9.49105333	9.18043187	
1.813643	9.07613195	8.84009266	9.59973073	9.28515162	
1.823836	9.18586228	8.95353906	9.70946105	9.39859802	
1.843394	9.39926786	9.16297857	9.92286664	9.61676418	
1.847912	9.44841697	9.2066118	9.97201574	9.66912406	
1.858021	9.55928145	9.32005821	10.0828802	9.77384381	
1.876055	9.7594922	9.43350461	10.283091	9.98328332	
1.880606	9.80991508	9.5644043	10.3335139	10.0269166	
1.890744	9.92308873	9.68657735	10.4466875	10.140363	
1.900905	10.0371619	9.80002375	10.5607606	10.262536	
1.911036	10.1514791	9.91347015	10.6750779	10.3759824	
1.921253	10.26743	10.0356432	10.7910288	10.4894288	
1.931365	10.3828114	10.1578162	10.9064101	10.6028752	
1.941513	10.4991879	10.2712626	11.0227867	10.7163216	
1.951771	10.6174607	10.384709	11.1410595	10.8384947	
1.961814	10.7338646	10.5068821	11.2574634	10.9519411	
1.971989	10.8524355	10.6290551	11.3760342	11.0741141	
1.982198	10.9720053	10.7512282	11.4956041	11.1875605	
1.99232	11.0911681	10.8734012	11.6147669	11.3097336	
2.002449	11.2110409	10.9955743	11.7346397	11.4319066	
2.012617	11.3320208	11.1177473	11.8556195	11.5540796	
2.02278	11.4535127	11.2399204	11.9765354	11.6762527	
2.032973	11.5760117	11.3620934	12.0978321	11.7984257	
2.04309	11.6974157	11.4842665	12.2182244	11.9205988	
2.053264	11.8195157	11.6151662	12.3393069	12.0427718	
2.063427	11.9414597	11.7373392	12.4602347	12.1649449	
2.073576	12.0632477	11.8682389	12.5810078	12.2871179	
2.083755	12.1854677	11.990412	12.7022093	12.409291	
2.093854	12.3065837	12.112585	12.822316	12.5401907	
2.104053	12.4289597	12.2434847	12.9436722	12.6623637	
2.114137	12.5500037	12.3656578	13.0637075	12.7932634	
2.124286	12.6717917	12.4965574	13.1844806	12.9154365	
2.13447	12.7939997	12.6187305	13.3056702	13.0376095	
2.144645	12.9160877	12.7409035	13.4267408	13.1597826	
2.154788	13.0377797	12.8718032	13.5474187	13.2906823	
2.164929	13.1594837	13.0027029	13.6681085	13.4128553	
2.175103	13.2815837	13.124876	13.789191	13.5350283	
2.185288	13.4037917	13.247049	13.9103806	13.6572014	
2.195443	13.5256637	13.3779487	14.031237	13.7793744	
2.205574	13.6472357	13.5088484	14.1517959	13.9015475	
2.215826	13.7702477	13.6310215	14.2737828	14.0324472	
2.225892	13.8910397	13.7531945	14.3935682	14.1546202	
2.236192	14.0146757	13.8753676	14.5161739	14.2767933	
2.246235	14.1351437	13.9975406	14.635638	14.3989663	
2.256358	14.2566557	14.1197136	14.7561374	14.5211394	
2.266486	14.3781677	14.2418867	14.8766368	14.6433124	
2.276626	14.4998357	14.3640597	14.9972909	14.7654855	
2.286741	14.6212637	14.4862328	15.117707	14.8876585	
2.29697	14.7439997	14.6084058	15.2394202	15.0098316	
2.307084	14.8653317	14.7305789	15.3597411	15.1320046	
2.317242	14.9872637	14.8527519	15.480657	15.2541777	
2.327361	15.1086677	14.974925	15.6010493	15.3763507	
2.337622	15.2318357	15.097098	15.7231909	15.4985238	
2.349371	15.3728477	15.2367244	15.8630278	15.6381501	
2.359467	15.4939637	15.3588974	15.9831345	15.7603231	
2.377477	15.7101077	15.5770636	16.1974773	15.9872159	
2.381965	15.7639277	15.6294235	16.2508488	16.0395758	
2.39217	15.8864117	15.7428699	16.3723121	16.1617489	
2.402346	16.0085357	15.8737695	16.4934184	16.2839219	
2.412477	16.1300597	15.9959426	16.6139297	16.406095	
2.422663	16.2523157	16.1181156	16.7351669	16.528268	
2.432781	16.3737437	16.2402887	16.855583	16.6591677	
2.442992	16.4962637	16.3624617	16.977082	16.7813408	
2.453152	16.6185677	16.4846348	17.0983668	16.9035138	
2.46332	16.7401877	16.6068078	17.2189733	17.0256869	
2.473465	16.8619157	16.7289809	17.3396869	17.1478599	
2.483569	16.9831637	16.8598806	17.4599245	17.2700329	
2.493758	17.1054677	16.9820536	17.5812093	17.392206	
2.504301	17.2320197	17.1042267	17.7067067	17.5231057	
2.514386	17.3529677	17.2263997	17.8266468	17.6452787	
2.524559	17.4750797	17.3572994	17.9477412	17.7587251	
2.534734	17.5971557	17.4794725	18.0687999	17.8896248	
2.54489	17.7190277	17.6103722	18.1896563	18.0030712	
2.555039	17.8408397	17.7325452	18.3104532	18.1252443	
2.565177	17.9628677	17.8547182	18.4314643	18.2474173	
2.575332	18.0843197	17.9768913	18.5519042	18.3695904	
2.585474	18.2060237	18.107791	18.672594	18.4917634	
2.595629	18.3285077	18.229964	18.7940573	18.6052098	
2.606076	18.4533197	18.3608637	18.9178292	18.7273829	
2.616003	18.5723957	18.4830368	19.0359129	18.8495559	
2.626076	18.6933077	18.6052098	19.1558173	18.971729	
2.636245	18.8152997	18.7273829	19.2767927	19.093902	
2.64639	18.9370997	18.8495559	19.3975777	19.2160751	
2.656561	19.0591157	18.971729	19.5185769	19.3295215	
2.666661	19.1802797	19.093902	19.6387312	19.4516945	
2.676979	19.3041437	19.2160751	19.761563	19.5651409	
2.686985	19.4241917	19.3382481	19.8806106	19.687314	
2.697519	19.5505997	19.4604212	20.0059652	19.809487	
2.707244	19.6672757	19.5738676	20.1216689	19.9229334	
2.717422	19.7894357	19.687314	20.2428109	20.0451065	
2.727599	19.9115357	19.809487	20.3638934	20.1585529	
2.737709	20.0328917	19.9316601	20.4842381	20.2807259	
2.747849	20.1545477	20.0451065	20.6048803	20.402899	
2.757987	20.2762037	20.1672795	20.7255225	20.525072	
2.768215	20.3989517	20.2807259	20.8472476	20.6385184	
2.778346	20.5204997	20.402899	20.9677827	20.7606915	
2.788438	20.6415917	20.5163454	21.0878656	20.8741379	
2.798604	20.7636077	20.6385184	21.2088648	20.9963109	
2.808723	20.8850357	20.7519648	21.3292809	21.1184839	
2.818879	21.0069077	20.8741379	21.4501373	21.240657	
2.829033	21.1287677	20.9963109	21.5709818	21.3541034	
2.839217	21.2510237	21.1184839	21.692219	21.4762764	
2.849358	21.3726437	21.2319304	21.8128255	21.5897228	
2.859479	21.4941077	21.3541034	21.9332773	21.7118959	
2.87748	21.7101437	21.5635429	22.147513	21.9213354	
2.882016	21.7645277	21.6159028	22.2014438	21.9736953	
2.892168	21.8863397	21.7380758	22.3222407	22.104595	
2.90242	22.0093997	21.8602489	22.4442752	22.2180414	
2.912478	22.1301077	21.9824219	22.5639773	22.3402144	
2.922678	22.2525317	22.0958683	22.6853811	22.4623875	
2.932811	22.3740917	22.2180414	22.8059281	22.5845605	
2.943021	22.4965997	22.3402144	22.9274152	22.7067336	
2.953248	22.6193117	22.4623875	23.0491046	22.8289066	
2.963324	22.7402117	22.5845605	23.1689971	22.9510797	
2.973485	22.8622037	22.7067336	23.2899725	23.0732527	
2.983691	22.9846517	22.8289066	23.4114001	23.1954258	
2.993805	23.1060197	22.9510797	23.5317567	23.3175988	
3.003941	23.2276157	23.0732527	23.6523394	23.4397719	
3.01411	23.3496917	23.1954258	23.7733981	23.5619449	
3.024309	23.4721037	23.3175988	23.89479	23.6841179	
3.034431	23.5935437	23.4397719	24.015218	23.806291	
3.04458	23.7153077	23.5619449	24.1359673	23.9197374	
3.05471	23.8368797	23.6928446	24.2565262	24.0419104	
3.064862	23.9587277	23.8150176	24.3773588	24.1640835	
3.075037	24.0807797	23.9459173	24.4983937	24.2862565	
3.085216	24.2029277	24.0680904	24.6195238	24.4084296	
3.095321	24.3242117	24.1902634	24.7397971	24.5306026	
3.105499	24.4463477	24.3211631	24.8609153	24.6527757	
3.115592	24.5674517	24.4433362	24.9810101	24.7749487	
3.125754	24.6894557	24.5655092	25.1019974	24.8971218	
3.136036	24.8127917	24.6964089	25.2243056	25.0192948	
3.146118	24.9337637	24.818582	25.3442695	25.1414679	
3.156278	25.0556717	24.940755	25.4651616	25.2636409	
3.166447	25.1777117	25.0629281	25.5861846	25.385814	
3.17653	25.2987677	25.1851011	25.7062318	25.507987	
3.186688	25.4206157	25.3072742	25.8270644	25.6301601	
3.196942	25.5436517	25.4294472	25.9490751	25.7436065	
3.206996	25.6643117	25.5516202	26.0687296	25.8657795	
3.217168	25.7863397	25.6825199	26.1897407	25.9879526	
3.227563	25.9111397	25.7959663	26.3135007	26.1101256	
3.237464	26.0299277	25.926866	26.4312988	26.2322987	
3.247604	26.1515717	26.0403124	26.5519291	26.3457451	
3.25774	26.2732277	26.1624855	26.6725713	26.4679181	
3.267864	26.3946917	26.2846585	26.7930231	26.5813645	
3.278038	26.5168157	26.4068316	26.9141294	26.7035376	
3.288277	26.6397077	26.5290046	27.0359973	26.8257106	
3.298349	26.7605357	26.6511777	27.1558184	26.9478837	
3.308503	26.8823957	26.7733507	27.2766629	27.0700567	
3.318627	27.0038957	26.8867971	27.3971504	27.1835031	
3.329042	27.1288637	27.0089702	27.521077	27.3056761	
3.338959	27.2479157	27.1224166	27.6391369	27.4278492	
3.349062	27.3690917	27.2445896	27.7593031	27.5412956	
3.359229	27.4911077	27.3667627	27.8803023	27.6634686	
3.369379	27.6129077	27.4889357	28.0010873	27.7856417	
3.379539	27.7348397	27.6111088	28.1220032	27.9078147	
3.389737	27.8572157	27.7332818	28.2433594	28.0299878	
3.400226	27.9830957	27.8554549	28.3681904	28.1521608	
3.410107	28.1016437	27.9776279	28.4857505	28.2743339	
3.420239	28.2232277	28.0910743	28.6063213	28.3965069	
3.430487	28.3462277	28.2132474	28.7282963	28.51868	
3.440619	28.4678477	28.3354204	28.8489028	28.640853	
3.450785	28.5897917	28.4488668	28.9698306	28.7630261	
3.460928	28.7114717	28.5797665	29.0904966	28.8851991	
3.471129	28.8339077	28.6932129	29.2119123	29.0073722	
3.481334	28.9563557	28.8241126	29.3333399	29.1295452	
3.491488	29.0782157	28.937559	29.4541844	29.2604449	
3.501661	29.2003157	29.0684587	29.5752669	29.3738913	
3.511854	29.3225717	29.1906317	29.6965041	29.504791	
3.521971	29.4439877	29.3128048	29.8169083	29.6269641	
3.532084	29.5653437	29.4349778	29.937253	29.7491371	
3.542278	29.6877437	29.5658775	30.058633	29.8713101	
3.552476	29.8100837	29.6880506	30.1799535	29.9934832	
3.562596	29.9314757	29.8102236	30.3003339	30.1156562	
3.572756	30.0534317	29.9323967	30.4212736	30.2378293	
3.582896	30.1750877	30.0545697	30.5419158	30.3512757	
3.5931	30.2975717	30.1854694	30.6633791	30.4821754	
3.603224	30.4190477	30.3163691	30.7838428	30.5956218	
3.613419	30.5414237	30.4385422	30.905199	30.7177948	
3.623534	30.6627437	30.5694418	31.025508	30.8399679	
3.633672	30.7844357	30.6916149	31.1461859	30.9621409	
3.64387	30.9067877	30.8225146	31.2675183	31.084314	
3.654048	31.0289957	30.9446876	31.3887079	31.206487	
3.664242	31.1512517	31.0668607	31.5099451	31.3286601	
3.674303	31.2720197	31.1890337	31.6297067	31.4508331	
3.684503	31.3943837	31.3112068	31.751051	31.5730062	
3.694624	31.5158237	31.4333798	31.871479	31.6951792	
3.704828	31.6383077	31.5555529	31.9929423	31.8173523	
3.714914	31.7593157	31.6777259	32.1129419	31.9395253	
3.725112	31.8817037	31.799899	32.23431	32.0529717	
3.735251	32.0033837	31.922072	32.354976	32.1751448	
3.745415	32.1253157	32.0442451	32.4758919	32.2885912	
3.755618	32.2477997	32.1664181	32.5973552	32.4107642	
3.765739	32.3692277	32.2885912	32.7177713	32.5329373	
3.775963	32.4919157	32.4020376	32.8394369	32.6463837	
3.78603	32.6127197	32.5242106	32.9592342	32.7598301	
3.796189	32.7347237	32.637657	33.0802215	32.8820031	
3.806329	32.8563437	32.7598301	33.200828	33.0041762	
3.816479	32.9780837	32.8820031	33.3215535	33.1263492	
3.826618	33.0997517	32.9954495	33.4422076	33.2397956	
3.838877	33.2469677	33.1176226	33.5881968	33.3881486	
3.847327	33.3483317	33.231069	33.6887161	33.4754151	
3.857138	33.4660277	33.353242	33.8054313	33.5975881	
3.867185	33.5865917	33.4754151	33.9249906	33.7197611	
3.877323	33.7086677	33.5975881	34.0460493	33.8419342	
3.887495	33.8302877	33.7197611	34.1666558	33.9553806	
3.897776	33.9536957	33.8332075	34.2890354	34.0775536	
3.90778	34.0737437	33.9553806	34.408083	34.191	
3.917912	34.1953397	34.0775536	34.5286657	34.3131731	
3.928189	34.3186157	34.191	34.6509144	34.4353461	
3.946119	34.5337757	34.3131731	34.8642814	34.6447857	
3.950663	34.5883037	34.4615261	34.918355	34.6971455	
3.960807	34.7100557	34.5836991	35.0390924	34.8193186	
3.970984	34.8321917	34.6971455	35.1602106	34.9414916	
3.981121	34.9537997	34.8193186	35.2808052	35.0636647	
3.991283	35.0757317	34.9414916	35.4017211	35.1858377	
4.00151	35.1984437	35.0636647	35.5234105	35.3080108	
4.011659	35.3202437	35.1858377	35.6441955	35.4301838	
4.021822	35.4422117	35.3080108	35.7651471	35.5523569	
4.03203	35.5647197	35.4301838	35.8866342	35.6745299	
4.042139	35.6859917	35.5523569	36.0068956	35.796703	
4.052313	35.8081157	35.6745299	36.1280019	35.918876	
4.062527	35.9306597	35.796703	36.2495247	36.0410491	
4.072662	36.0523037	35.918876	36.370155	36.1632221	
4.08278	36.1737077	36.0497757	36.4905473	36.2853951	
4.092912	36.2952917	36.1719487	36.6111181	36.4075682	
4.103102	36.4175837	36.2941218	36.732391	36.5297412	
4.113292	36.5398397	36.4250215	36.8536282	36.6519143	
4.123387	36.6609797	36.5471945	36.9737587	36.7740873	
4.133557	36.7830317	36.6693676	37.0947936	36.8962604	
4.143766	36.9055277	36.7915406	37.2162688	37.0184334	
4.153874	37.0268597	36.9224403	37.3365897	37.1406065	
4.164003	37.1483837	37.0446134	37.457101	37.2627795	
4.174463	37.2739397	37.1755131	37.5816107	37.3849526	
4.184365	37.3927277	37.2976861	37.6994088	37.5071256	
4.194501	37.5143957	37.4198592	37.8200629	37.6292987	
4.204648	37.6361117	37.5420322	37.9407646	37.7514717	
4.214807	37.7580317	37.6642053	38.0616686	37.8736448	
4.224972	37.8799877	37.7863783	38.1826083	37.9958178	
4.235121	38.0017877	37.9085514	38.3033933	38.1179909	
4.24526	38.1238637	38.0307244	38.424452	38.2401639	
4.255493	38.2462877	38.1528974	38.5458558	38.362337	
4.265593	38.3674757	38.2750705	38.6660339	38.48451	
4.275833	38.4904397	38.3972435	38.7879732	38.5979564	
4.28596	38.6118557	38.5194166	38.9083774	38.7201295	
4.296156	38.7342197	38.6415896	39.0297217	38.8335759	
4.306257	38.8554437	38.7637627	39.1499355	38.9557489	
4.31636	38.9767037	38.8772091	39.270185	39.077922	
4.326606	39.0996077	38.9993821	39.3920648	39.1913684	
4.336698	39.2207237	39.1215552	39.5121715	39.3135414	
4.346901	39.3431837	39.2350016	39.633611	39.4269878	
4.357002	39.4643597	39.3571746	39.7537772	39.5491609	
4.367479	39.5901197	39.4793477	39.8784892	39.6713339	
4.37735	39.7085837	39.5927941	39.995966	39.7935069	
4.387465	39.8299637	39.7149671	40.1163345	39.9069533	
4.397702	39.9528077	39.8284135	40.2381548	40.0291264	
4.407806	40.0740437	39.9505866	40.3583805	40.1512994	
4.417883	40.1949197	40.0727596	40.4782492	40.2647458	
4.428038	40.3168397	40.1949327	40.5991532	40.3869189	
4.438262	40.4395637	40.3083791	40.7208545	40.5090919	
4.448354	40.5605957	40.4218255	40.8408779	40.631265	
4.458546	40.6828997	40.5439985	40.9621627	40.753438	
4.468595	40.8034757	40.6661716	41.0817339	40.8756111	
4.479054	40.9290197	40.7883446	41.2062317	40.9977841	
4.488965	41.0479517	40.901791	41.3241726	41.1199572	
4.499082	41.1693557	41.0239641	41.4445649	41.2421302	
4.5092	41.2907477	41.1461371	41.5649453	41.3643033	
4.519342	41.4124757	41.2595835	41.6856589	41.4777497	
4.52953	41.5347677	41.3817566	41.8069318	41.5999227	
4.547641	41.7520637	41.6086494	42.022417	41.8180889	
4.552233	41.8071437	41.6610092	42.077038	41.8704488	
4.562321	41.9281997	41.7831823	42.1970852	41.9926218	
4.572459	42.0498557	41.9053553	42.3177274	42.1147949	
4.58268	42.1725557	42.0275284	42.4394049	42.2369679	
4.600904	42.3912677	42.2456945	42.6562943	42.4551341	
4.60547	42.4459757	42.3067811	42.7105464	42.5074939	
4.615606	42.5676917	42.4289541	42.8312481	42.629667	
4.625747	42.6893237	42.5511272	42.9518665	42.75184	
4.636174	42.8145317	42.6733002	43.0760311	42.8740131	
4.646062	42.9331277	42.8041999	43.1936388	42.9961861	
4.656264	43.0555277	42.9350996	43.3150188	43.1183592	
4.666381	43.1769077	43.0572726	43.4353873	43.2318056	
4.676462	43.2979157	43.1794457	43.5553869	43.3539786	
4.686656	43.4202797	43.3016187	43.6767312	43.4761517	
4.6969	43.5432197	43.4237918	43.7986467	43.5983247	
4.706973	43.6640237	43.5546915	43.918444	43.7204978	
4.717161	43.7862797	43.6768645	44.0396812	43.8426708	
4.727223	43.9070237	43.8077642	44.159419	43.9648439	
4.737591	44.0314877	43.9299373	44.2828458	44.0870169	
4.747539	44.1508157	44.0521103	44.4011794	44.20919	
4.75768	44.2725437	44.1742834	44.521893	44.331363	
4.767874	44.3948357	44.2964564	44.6431659	44.453536	
4.777961	44.5158677	44.4186295	44.7631893	44.5757091	
4.788118	44.6377997	44.5408025	44.8841052	44.6978821	
4.798338	44.7604517	44.6629756	45.0057351	44.8113285	
4.80845	44.8817717	44.7851486	45.1260441	44.9335016	
4.81857	45.0032117	44.9073217	45.2464721	45.046948	
4.828699	45.1247717	45.0294947	45.3670191	45.169121	
4.840915	45.2714117	45.1429411	45.5124371	45.3087474	
4.848967	45.3679637	45.2651142	45.6081845	45.4134671	
4.859098	45.4895117	45.3785606	45.7287196	45.5269135	
4.869241	45.6112757	45.5007336	45.8494689	45.6403599	
4.879416	45.7333757	45.6229066	45.9705514	45.762533	
4.889655	45.8562437	45.7450797	46.0923955	45.884706	
4.907662	46.0723517	45.9545192	46.3067026	46.0941455	
4.91223	46.1271077	46.0068791	46.3610023	46.1465054	
4.922361	46.2486917	46.1290521	46.4815731	46.2686785	
4.932522	46.3706237	46.2512252	46.602489	46.3908515	
4.942714	46.4929517	46.3733982	46.7237976	46.5130246	
4.952845	46.6145477	46.4955713	46.8443803	46.626471	
4.962993	46.7362517	46.6090177	46.9650701	46.748644	
4.973148	46.8581117	46.7311907	47.0859146	46.8708171	
4.983316	46.9801397	46.8446371	47.2069257	46.9842635	
4.993551	47.1029597	46.9755368	47.3287222	47.1064365	
5.003672	47.2243997	47.0889832	47.4491502	47.2286096	
5.013848	47.3465477	47.2111563	47.5702803	47.3507826	
5.024081	47.4693317	47.3333293	47.6920411	47.4729557	
