0.04168792	
0.0463888	486.179114	486.178916	475.663502	475.663308	
0.05699353	486.180425	486.178916	475.664787	475.663308	
0.06658428	486.182132	486.178916	475.66646	475.663308	
0.07674102	486.184576	486.178916	475.668855	475.672034	
0.08684276	486.187619	486.178916	475.671838	475.672034	
0.09697449	486.191288	486.178916	475.675434	475.672034	
0.1075962	486.195829	486.187643	475.679885	475.672034	
0.117338	486.200532	486.187643	475.684496	475.672034	
0.1275037	486.206073	486.187643	475.689927	475.672034	
0.1376284	486.212209	486.187643	475.695941	475.672034	
0.1478082	486.219001	486.187643	475.702599	475.680761	
0.1578819	486.226328	486.187643	475.709781	475.680761	
0.1680697	486.234362	486.187643	475.717655	475.689488	
0.1782044	486.242971	486.187643	475.726094	475.689488	
0.1884111	486.252267	486.187643	475.735205	475.689488	
0.1985169	486.262082	486.187643	475.744826	475.698214	
0.2089216	486.272849	486.187643	475.75538	475.706941	
0.2188343	486.283676	486.187643	475.765993	475.706941	
0.2289991	486.295414	486.187643	475.777499	475.706941	
0.2391118	486.307696	486.187643	475.789537	475.706941	
0.2492216	486.320588	486.187643	475.802174	475.706941	
0.2595153	486.334366	486.187643	475.815679	475.706941	
0.269553	486.348384	486.187643	475.829419	475.706941	
0.2797668	486.363288	486.187643	475.844028	475.706941	
0.2899105	486.378705	486.187643	475.85914	475.706941	
0.2999623	486.394583	486.187643	475.874704	475.706941	
0.310449	486.411825	486.19637	475.891604	475.706941	
0.3206027	486.429128	486.19637	475.908564	475.706941	
0.3307465	486.447027	486.19637	475.926109	475.706941	
0.3409532	486.465661	486.205096	475.944374	475.706941	
0.3509929	486.484595	486.213823	475.962933	475.706941	
0.3694865	486.522002	486.231276	475.9996	475.706941	
0.3740583	486.53117	486.231276	476.008586	475.706941	
0.3842211	486.552368	486.24873	476.029364	475.715668	
0.3943888	486.574197	486.266183	476.050761	475.724394	
0.4045155	486.596548	486.27491	476.072669	475.724394	
0.4146993	486.619653	486.292363	476.095317	475.741848	
0.425034	486.643746	486.309816	476.118933	475.750574	
0.4351268	486.667872	486.335996	476.142581	475.768027	
0.4453185	486.692863	486.353449	476.167078	475.794207	
0.4555202	486.718514	486.370903	476.19222	475.811661	
0.465577	486.744382	486.397083	476.217576	475.829114	
0.4757687	486.771246	486.423263	476.243908	475.864021	
0.4858534	486.798413	486.440716	476.270537	475.8902	
0.4960482	486.826525	486.475622	476.298093	475.91638	
0.5062259	486.855195	486.493076	476.326195	475.951287	
0.5163437	486.88432	486.527982	476.354742	475.986194	
0.5267414	486.914917	486.554162	476.384734	476.0211	
0.5366741	486.9447	486.589069	476.413927	476.056007	
0.5467689	486.975604	486.623975	476.444219	476.09964	
0.5601295	487.017716	486.658882	476.485498	476.152	
0.5670704	487.039711	486.693789	476.507057	476.17818	
0.5773061	487.072927	486.737422	476.539615	476.221813	
0.5874578	487.106476	486.772328	476.5725	476.265446	
0.5975706	487.140508	486.807235	476.605858	476.300353	
0.6077323	487.175341	486.859595	476.640001	476.352713	
0.617821	487.210517	486.894501	476.674481	476.387619	
0.6280268	487.246738	486.938135	476.709984	476.431253	
0.6381335	487.283206	486.981768	476.74573	476.474886	
0.6483583	487.320738	487.034128	476.782519	476.527246	
0.6605169	487.366373	487.077761	476.82725	476.562152	
0.6686557	487.397147	487.121394	476.857415	476.614512	
0.6787485	487.436011	487.173754	476.895509	476.649419	
0.6888902	487.475706	487.226114	476.934419	476.701779	
0.6991539	487.516531	487.269747	476.974435	476.745412	
0.7092127	487.557101	487.322107	477.014202	476.789045	
0.7193504	487.598621	487.36574	477.0549	476.832678	
0.7294922	487.640792	487.4181	477.096235	476.876312	
0.7478217	487.719472	487.47046	477.173358	476.963578	
0.7525956	487.739895	487.540273	477.193376	476.989758	
0.7625923	487.783427	487.592633	477.236045	477.033391	
0.772785	487.828445	487.644993	477.280173	477.085751	
0.7829158	487.873809	487.697353	477.324638	477.138111	
0.7930185	487.919654	487.740986	477.369575	477.181744	
0.8032183	487.966575	487.793346	477.415567	477.234104	
0.813349	488.013784	487.845706	477.461841	477.277737	
0.8235077	488.061733	487.889339	477.508841	477.330097	
0.8336265	488.110131	487.950426	477.55628	477.382457	
0.8438692	488.159755	487.994059	477.604922	477.434817	
0.8539989	488.209414	488.055145	477.653598	477.487177	
0.8641517	488.259826	488.098779	477.703011	477.539537	
0.8743574	488.311132	488.151138	477.753301	477.58317	
0.8844392	488.362421	488.203498	477.803574	477.63553	
0.8945959	488.414691	488.264585	477.85481	477.68789	
0.9047996	488.468058	488.316945	477.90712	477.74025	
0.9149494	488.521357	488.369305	477.959364	477.792609	
0.9251161	488.575541	488.430391	478.012475	477.844969	
0.9352328	488.630071	488.482751	478.065925	477.897329	
0.9456916	488.687172	488.535111	478.121895	477.949689	
0.9556183	488.741886	488.587471	478.175526	477.993322	
0.9657011	488.798086	488.648557	478.230612	478.054409	
0.9758518	488.855285	488.709644	478.286679	478.098042	
0.9860135	488.91316	488.762004	478.343407	478.159129	
0.9961843	488.971747	488.82309	478.400835	478.211488	
1.006315	489.030673	488.884177	478.458594	478.272575	
1.016415	489.090017	488.936537	478.516762	478.324935	
1.026617	489.150623	488.997623	478.576169	478.377295	
1.036728	489.2113	489.05871	478.635644	478.429655	
1.046879	489.272825	489.119796	478.69595	478.482014	
1.057991	489.341009	489.180883	478.762785	478.551828	
1.06761	489.400452	489.241969	478.821051	478.604187	
1.077662	489.463236	489.303056	478.882592	478.674001	
1.08779	489.527093	489.372869	478.945184	478.726361	
1.097946	489.591811	489.425229	479.00862	478.787447	
1.108158	489.657436	489.495042	479.072945	478.848534	
1.118274	489.723093	489.556129	479.137302	478.90962	
1.128435	489.789643	489.625942	479.202535	478.970707	
1.138613	489.85694	489.687028	479.268499	479.04052	
1.148986	489.926211	489.748115	479.336399	479.110333	
1.1589	489.992941	489.817928	479.401807	479.171419	
1.169052	490.061913	489.879014	479.469413	479.232506	
1.179172	490.13128	489.948828	479.537407	479.302319	
1.189285	490.201227	490.018641	479.605969	479.372132	
1.199459	490.272247	490.079727	479.675582	479.441946	
1.209611	490.343668	490.14954	479.745588	479.511759	
1.219846	490.416339	490.219354	479.816821	479.581572	
1.229893	490.488239	490.289167	479.887297	479.651385	
1.240151	490.562332	490.35898	479.959922	479.721198	
1.250471	490.637527	490.428793	480.033629	479.791011	
1.260807	490.713445	490.507333	480.108043	479.860825	
1.2709	490.788166	490.577146	480.181285	479.930638	
1.281067	490.864087	490.646959	480.255703	480.000451	
1.291234	490.940636	490.725499	480.330736	480.078991	
1.301801	491.020864	490.804039	480.409375	480.157531	
1.311886	491.098005	490.873852	480.484989	480.227344	
1.322069	491.176521	490.952392	480.561949	480.305884	
1.33222	491.255469	491.030932	480.639335	480.384423	
1.342329	491.334648	491.100745	480.716946	480.454236	
1.352536	491.415247	491.179285	480.795948	480.532776	
1.362701	491.496149	491.257825	480.875248	480.611316	
1.372904	491.577906	491.336364	480.955386	480.689856	
1.383018	491.659617	491.414904	481.03548	480.768396	
1.393167	491.742239	491.493444	481.116465	480.855662	
1.403319	491.82547	491.571984	481.198048	480.925475	
1.413502	491.909637	491.65925	481.280549	481.012742	
1.423654	491.99409	491.73779	481.363329	481.100008	
1.43377	492.07889	491.81633	481.44645	481.178548	
1.443949	492.164842	491.903596	481.5307	481.257088	
1.45475	492.256817	491.990863	481.620854	481.353081	
1.464863	492.343756	492.078129	481.706071	481.431621	
1.475027	492.431164	492.165396	481.791749	481.518887	
1.485155	492.519153	492.252662	481.877995	481.606154	
1.495338	492.608304	492.348655	481.965381	481.69342	
1.505458	492.697482	492.427195	482.052793	481.780687	
1.515705	492.788439	492.523188	482.141949	481.867953	
1.525802	492.878628	492.610455	482.230352	481.963946	
1.53595	492.969937	492.706448	482.319852	482.051213	
1.546105	493.061909	492.793714	482.410004	482.147206	
1.556217	493.154077	492.880981	482.500346	482.234472	
1.566411	493.247683	492.976974	482.592099	482.321739	
1.576561	493.341474	493.072967	482.684033	482.417732	
1.586725	493.435987	493.16896	482.776674	482.504998	
1.596988	493.532075	493.264953	482.870859	482.600991	
1.607097	493.627367	493.35222	482.964264	482.688258	
1.617187	493.72514	493.448213	483.060101	482.784251	
1.627457	493.821035	493.544206	483.154097	482.880244	
1.637488	493.9174	493.640199	483.248554	482.976237	
1.64769	494.016009	493.736192	483.34521	483.07223	
1.657808	494.114426	493.832185	483.441679	483.168223	
1.670496	494.239025	493.928178	483.56381	483.290397	
1.678476	494.317506	494.032898	483.640737	483.36021	
1.688243	494.414223	494.128891	483.735539	483.456203	
1.698454	494.516059	494.233611	483.835358	483.560923	
1.708612	494.617963	494.329604	483.935245	483.656916	
1.718961	494.722452	494.434324	484.037665	483.752909	
1.728861	494.822943	494.539044	484.136166	483.857629	
1.739009	494.926598	494.643763	484.237768	483.962348	
1.749177	495.031088	494.748483	484.340189	484.067068	
1.759301	495.13573	494.853203	484.442758	484.163061	
1.769442	495.241196	494.957923	484.546136	484.259054	
1.779721	495.348672	495.071369	484.651484	484.363774	
1.789771	495.454383	495.176089	484.755102	484.468494	
1.799913	495.561683	495.289535	484.860277	484.573214	
1.810011	495.669127	495.394255	484.965593	484.677933	
1.820175	495.777895	495.498975	485.072208	484.782653	
1.830552	495.88965	495.603694	485.18175	484.887373	
1.840456	495.996768	495.708414	485.286747	484.992093	
1.850603	496.107218	495.821861	485.395009	485.096812	
1.860745	496.218197	495.935307	485.50379	485.201532	
1.870861	496.329526	496.040027	485.612915	485.306252	
1.881051	496.442675	496.153473	485.723824	485.419698	
1.891267	496.556002	496.258193	485.834906	485.533145	
1.901513	496.670639	496.371639	485.947274	485.646591	
1.911671	496.78492	496.485086	486.059291	485.760037	
1.921797	496.899477	496.598532	486.17158	485.864757	
1.931982	497.015292	496.711978	486.285102	485.978204	
1.942122	497.131199	496.825425	486.398714	486.09165	
1.954716	497.276335	496.930145	486.540975	486.205096	
1.962411	497.365111	497.052318	486.627993	486.318543	
1.97256	497.483021	497.165764	486.743568	486.431989	
1.99305	497.724586	497.401384	486.98035	486.667609	
1.997674	497.778493	497.453743	487.03319	486.719969	
2.007798	497.898229	497.56719	487.150555	486.833415	
2.017895	498.018245	497.680636	487.268194	486.946861	
2.028097	498.140112	497.802809	487.387648	487.069034	
2.038192	498.261442	497.924982	487.506575	487.191207	
2.04841	498.383998	498.038429	487.626704	487.31338	
2.059428	498.516322	498.160602	487.756408	487.435553	
2.068664	498.62701	498.282775	487.864904	487.557727	
2.07878	498.748426	498.404948	487.983916	487.6799	
2.089143	498.87283	498.527121	488.105856	487.802073	
2.099124	498.992566	498.658021	488.223221	487.924246	
2.109276	499.114366	498.780194	488.342609	488.046419	
2.119419	499.236094	498.902367	488.461927	488.168592	
2.129551	499.357738	499.02454	488.581162	488.290765	
2.148077	499.580038	499.155439	488.79906	488.517658	
2.152635	499.634674	499.321246	488.852614	488.570018	
2.162791	499.756534	499.443419	488.972061	488.692191	
2.180915	499.974046	499.670312	489.185266	488.919083	
2.185417	500.028034	499.722671	489.238185	488.971443	
2.195691	500.151394	499.862298	489.359102	489.093616	
2.205791	500.272558	499.984471	489.477867	489.215789	
2.215935	500.394262	500.115371	489.597161	489.337962	
2.226113	500.51641	500.24627	489.71689	489.460135	
2.236203	500.637538	500.368443	489.83562	489.582308	
2.246418	500.760094	500.499343	489.955749	489.704482	
2.256547	500.881666	500.630243	490.074913	489.826655	
2.266705	501.003562	500.752416	490.194396	489.948828	
2.276861	501.125422	500.883315	490.313843	490.071001	
2.286972	501.246718	501.014215	490.432737	490.193174	
2.297143	501.368806	501.136388	490.552407	490.315347	
2.307351	501.491338	501.258561	490.672513	490.43752	
2.317457	501.612586	501.398188	490.79136	490.559693	
2.32759	501.73417	501.520361	490.910536	490.681866	
2.337745	501.855994	501.642534	491.029948	490.804039	
2.347918	501.97807	501.773433	491.149606	490.926212	
2.358034	502.099498	501.904333	491.26863	491.048385	
2.368171	502.221106	502.026506	491.38783	491.170558	
2.378784	502.348534	502.157406	491.512735	491.292731	
2.388512	502.465222	502.279579	491.627112	491.406178	
2.398647	502.586842	502.410478	491.746324	491.528351	
2.408807	502.708798	502.532652	491.865865	491.650524	
2.418924	502.830154	502.654825	491.984817	491.772697	
2.429132	502.952662	502.785724	492.1049	491.886143	
2.439171	503.07313	502.907897	492.222982	492.008316	
2.449364	503.195506	503.03007	492.342935	492.130489	
2.459567	503.317906	503.16097	492.462911	492.252662	
2.46963	503.438626	503.283143	492.581241	492.374835	
2.479871	503.561542	503.39659	492.701723	492.497008	
2.489918	503.682082	503.518763	492.819876	492.619181	
2.500462	503.808646	503.640936	492.943933	492.741354	
2.510243	503.926126	503.763109	493.059087	492.854801	
2.520406	504.047938	503.876555	493.178487	492.968247	
2.530559	504.169762	503.998728	493.297899	493.09042	
2.540639	504.290734	504.120901	493.416475	493.212593	
2.550785	504.412486	504.243074	493.535816	493.334766	
2.56411	504.572482	504.365247	493.692644	493.456939	
2.571084	504.656086	504.48742	493.774592	493.570386	
2.581364	504.779494	504.609593	493.895557	493.692559	
2.591399	504.899854	504.72304	494.013533	493.814732	
2.601648	505.02289	504.845213	494.134133	493.928178	
2.611928	505.146214	504.967386	494.255015	494.050351	
2.622024	505.267366	505.089559	494.373768	494.172524	
2.632159	505.388974	505.211732	494.492968	494.294697	
2.642421	505.51213	505.333905	494.613685	494.416871	
2.652535	505.633486	505.447351	494.732638	494.539044	
2.66269	505.755358	505.569524	494.852097	494.65249	
2.682113	505.98859	505.796417	495.08071	494.879383	
2.692304	506.110846	505.91859	495.200545	494.992829	
2.702481	506.23297	506.040763	495.320251	495.115002	
2.712463	506.352658	506.162936	495.437569	495.237175	
2.722613	506.474482	506.285109	495.556981	495.350622	
2.732736	506.595934	506.407282	495.676028	495.464068	
2.742855	506.717326	506.529456	495.795016	495.586241	
2.753027	506.839798	506.642902	495.915063	495.708414	
2.763212	506.961622	506.765075	496.034474	495.821861	
2.773378	507.083626	506.887248	496.154062	495.935307	
2.783527	507.205426	507.009421	496.27345	496.05748	
2.793664	507.327034	507.131594	496.39265	496.179653	
2.803859	507.449374	507.253767	496.512568	496.293099	
2.813977	507.570814	507.37594	496.631603	496.415272	
2.824444	507.696454	507.498113	496.754755	496.528719	
2.834322	507.814918	507.620286	496.870873	496.650892	
2.844467	507.936682	507.751186	496.990226	496.773065	
2.854593	508.058182	507.873359	497.10932	496.886511	
2.86473	508.179838	507.995532	497.228567	497.008684	
2.874966	508.30267	508.117705	497.348967	497.122131	
2.885179	508.425202	508.239878	497.469072	497.244304	
2.895227	508.54579	508.370778	497.587273	497.35775	
2.905413	508.668058	508.492951	497.707119	497.479923	
2.915594	508.790194	508.615124	497.826837	497.59337	
2.925717	508.911682	508.737297	497.945919	497.715543	
2.935914	509.034094	508.868197	498.065907	497.828989	
2.946036	509.155534	508.99037	498.184942	497.951162	
2.956714	509.283718	509.112543	498.310588	498.073335	
2.966316	509.39887	509.234716	498.42346	498.186782	
2.976476	509.520802	509.356889	498.542977	498.308955	
2.986615	509.642446	509.479062	498.662213	498.431128	
2.996802	509.764726	509.592508	498.782071	498.553301	
3.006932	509.88625	509.714681	498.901189	498.675474	
3.017101	510.008266	509.836854	499.020789	498.78892	
3.027382	510.13393	509.950301	499.143964	498.911093	
3.037383	510.251674	510.072474	499.259377	499.02454	
3.047523	510.373366	510.194647	499.378659	499.146713	
3.057711	510.49561	510.31682	499.498482	499.268886	
3.06789	510.61777	510.430266	499.618223	499.391059	
3.077976	510.738826	510.552439	499.736882	499.513232	
3.088113	510.860422	510.674612	499.85607	499.635405	
3.098484	510.98491	510.788059	499.978093	499.757578	
3.108478	511.104802	510.910232	500.095611	499.879751	
3.118604	511.226326	511.032405	500.214729	500.001924	
3.128971	511.350742	511.154578	500.336681	500.124097	
3.139117	511.472494	511.276751	500.456022	500.237544	
3.149069	511.591894	511.398924	500.573058	500.359717	
3.159172	511.713154	511.521097	500.691916	500.48189	
3.169353	511.835314	511.64327	500.811657	500.595336	
3.179486	511.956898	511.756717	500.930834	500.717509	
3.189641	512.078734	511.87889	501.050257	500.839682	
3.199843	512.201206	512.001063	501.170304	500.961855	
3.209944	512.32243	512.123236	501.289128	501.075302	
3.220114	512.444422	512.245409	501.408704	501.197475	
3.230173	512.565118	512.367582	501.52701	501.310921	
3.240359	512.687374	512.489755	501.646845	501.433094	
3.250538	512.809534	512.611928	501.766586	501.555267	
3.260668	512.931106	512.734101	501.885751	501.668714	
3.270802	513.052702	512.856274	502.004939	501.790887	
3.280942	513.174394	512.978447	502.124221	501.904333	
3.291101	513.296314	513.10062	502.243727	502.026506	
3.301383	513.419686	513.222793	502.364656	502.148679	
3.311474	513.540766	513.344966	502.483338	502.262125	
3.321621	513.662518	513.467139	502.602679	502.375572	
3.331834	513.785086	513.589312	502.72282	502.497745	
3.34195	513.90649	513.711485	502.84182	502.619918	
3.352151	514.028902	513.833658	502.961808	502.742091	
3.36233	514.151062	513.955831	503.081549	502.855537	
3.372489	514.272922	514.078005	503.200996	502.97771	
3.382573	514.393966	514.208904	503.319643	503.091157	
3.392777	514.516414	514.331077	503.439666	503.21333	
3.402978	514.638802	514.45325	503.559631	503.335503	
3.413207	514.761574	514.575423	503.679972	503.457676	
3.423288	514.882534	514.697596	503.798536	503.571122	
3.433406	515.00395	514.819769	503.917548	503.684569	
3.443655	515.126962	514.941943	504.038124	503.806742	
3.454538	515.25763	515.064116	504.166205	503.928915	
3.464011	515.371198	515.186289	504.277524	504.042361	
3.474126	515.49259	515.308462	504.396512	504.164534	
3.484263	515.614246	515.430635	504.515759	504.277981	
3.494434	515.736274	515.552808	504.635371	504.400154	
3.504592	515.858194	515.674981	504.754876	504.522327	
3.514771	515.98033	515.797154	504.874594	504.6445	
3.524914	516.102046	515.919327	504.9939	504.757946	
3.535059	516.223774	516.0415	505.113217	504.880119	
3.545196	516.345442	516.163673	505.232476	505.002292	
3.55557	516.469954	516.285846	505.354522	505.115739	
3.567966	516.618742	516.408019	505.500364	505.264092	
3.575891	516.71377	516.521465	505.59351	505.360085	
3.586016	516.835282	516.643639	505.712616	505.482258	
3.596158	516.956962	516.757085	505.831887	505.595704	
3.606357	517.079386	516.879258	505.951886	505.717877	
3.616496	517.201042	517.001431	506.071133	505.84005	
3.626684	517.323286	517.123604	506.190957	505.953497	
3.63676	517.444186	517.245777	506.309463	506.07567	
3.646948	517.566442	517.36795	506.429298	506.197843	
3.65708	517.688026	517.481397	506.548474	506.320016	
3.667299	517.810702	517.60357	506.668721	506.442189	
3.677448	517.932466	517.725743	506.788074	506.564362	
3.687587	518.054098	517.839189	506.907297	506.686535	
3.697727	518.175814	517.961362	507.026603	506.799982	
3.708091	518.300242	518.083535	507.148567	506.930881	
3.718049	518.419666	518.205708	507.265626	507.044328	
3.728181	518.54125	518.327881	507.384803	507.166501	
3.738448	518.664478	518.450054	507.505591	507.279947	
3.748487	518.784958	518.572227	507.623685	507.40212	
3.7591	518.912326	518.6944	507.748531	507.524293	
3.768797	519.028654	518.816573	507.862555	507.646466	
3.779011	519.151222	518.938746	507.982696	507.768639	
3.789167	519.27307	519.06092	508.102131	507.890812	
3.799244	519.394018	519.183093	508.220684	508.004259	
3.809428	519.516226	519.305266	508.340472	508.117705	
3.819575	519.637966	519.427439	508.459802	508.239878	
3.82976	519.760234	519.549612	508.579648	508.362051	
3.839979	519.882826	519.671785	508.699813	508.484224	
3.849987	520.00291	519.793958	508.817519	508.597671	
3.86048	520.128874	519.924858	508.940989	508.72857	
3.870551	520.249726	520.047031	509.059447	508.842017	
3.880444	520.368406	520.169204	509.175777	508.955463	
3.890571	520.489918	520.300103	509.294883	509.077636	
3.900728	520.611826	520.422276	509.414377	509.199809	
3.910822	520.732954	520.544449	509.533107	509.321982	
3.921006	520.855198	520.666622	509.65293	509.444155	
3.931193	520.977382	520.797522	509.772694	509.557602	
3.941387	521.099734	520.919695	509.892624	509.679775	
3.951512	521.221246	521.041868	510.011729	509.793221	
3.961652	521.342938	521.172768	510.131012	509.915394	
3.972114	521.46853	521.294941	510.254117	510.037567	
3.991967	521.706718	521.539287	510.487588	510.26446	
3.99653	521.76145	521.591647	510.541236	510.31682	
4.006669	521.88307	521.71382	510.660448	510.438993	
4.01678	522.004438	521.835993	510.779413	510.561166	
4.027004	522.127126	521.958166	510.899671	510.683339	
4.037159	522.251194	522.080339	511.021282	510.805512	
4.047288	522.370534	522.202512	511.138259	510.918959	
4.057426	522.492178	522.324685	511.257494	511.041132	
4.067717	522.615718	522.438132	511.378588	511.154578	
4.077836	522.737134	522.560305	511.4976	511.276751	
4.087855	522.857326	522.673751	511.615412	511.398924	
4.098025	522.979438	522.795924	511.735106	511.521097	
4.108218	523.101682	522.918097	511.854929	511.64327	
4.11831	523.222774	523.04027	511.973623	511.756717	
4.128498	523.345054	523.153717	512.093482	511.87889	
4.138642	523.466746	523.27589	512.212764	511.992336	
4.148781	523.588462	523.398063	512.33207	512.114509	
4.158911	523.709998	523.520236	512.451199	512.236682	
4.169074	523.831954	523.633682	512.57074	512.358855	
4.179213	523.953622	523.755855	512.689999	512.481028	
4.189454	524.076502	523.878028	512.810446	512.603201	
4.199555	524.197738	524.000201	512.929281	512.716648	
4.209731	524.319862	524.122374	513.048987	512.830094	
4.219976	524.44279	524.244547	513.16948	512.960994	
4.23034	524.567146	524.36672	513.291374	513.07444	
4.24017	524.685118	524.480167	513.40701	513.196613	
4.250232	524.805838	524.60234	513.525339	513.31006	
4.260607	524.930374	524.724513	513.647409	513.440959	
4.2707	525.051466	524.846686	513.766104	513.554406	
4.280884	525.17371	524.968859	513.885927	513.667852	
4.291027	525.295414	525.091032	514.005221	513.790025	
4.301315	525.418882	525.213205	514.126244	513.912198	
4.31134	525.539134	525.335378	514.244115	514.025645	
4.322033	525.667558	525.466278	514.369996	514.156544	
4.332338	525.791182	525.588451	514.491172	514.278717	
4.342422	525.91213	525.710624	514.609725	514.392164	
4.352591	526.03417	525.832797	514.729348	514.50561	
4.362771	526.15633	525.95497	514.849089	514.627783	
4.372877	526.27759	526.077143	514.967948	514.749956	
4.383081	526.400062	526.199316	515.087995	514.863403	
4.393298	526.52269	526.321489	515.208194	514.985576	
4.403398	526.643866	526.443662	515.326971	515.099022	
4.413549	526.765666	526.565835	515.446359	515.221195	
4.423706	526.887562	526.696735	515.565841	515.343368	
4.433822	527.008954	526.810181	515.684829	515.465541	
4.444091	527.132182	526.941081	515.805617	515.587714	
4.454162	527.25301	527.063254	515.924053	515.701161	
4.464328	527.375038	527.194154	516.043664	515.814607	
4.474502	527.49709	527.316327	516.163299	515.93678	
4.484563	527.617858	527.4385	516.281676	516.058953	
4.494783	527.74051	527.560673	516.401899	516.1724	
4.504925	527.862166	527.682846	516.521146	516.285846	
4.515094	527.984254	527.805019	516.640816	516.408019	
4.52528	528.106438	527.927192	516.760581	516.530192	
4.535342	528.22717	528.049365	516.878922	516.643639	
4.545503	528.349114	528.171538	516.998452	516.765812	
4.555675	528.47119	528.293711	517.11811	516.879258	
4.574823	528.701062	528.520604	517.34343	517.106151	
4.579577	528.758038	528.581691	517.399278	517.158511	
4.589592	528.87823	528.703864	517.51709	517.280684	
4.600041	529.003618	528.826037	517.639995	517.39413	
4.610131	529.12471	528.939483	517.758689	517.516303	
4.620086	529.244158	529.061656	517.875772	517.62975	
4.630145	529.364794	529.183829	517.994019	517.751923	
4.640286	529.486522	529.306002	518.113337	517.874096	
4.65065	529.61089	529.419449	518.235242	517.996269	
4.660609	529.730422	529.541622	518.352407	518.100988	
4.670742	529.85197	529.663795	518.471548	518.223162	
4.680886	529.97371	529.777241	518.590877	518.345335	
4.691008	530.09515	529.899414	518.709913	518.467508	
4.701673	530.223178	530.021587	518.835405	518.589681	
4.711398	530.339878	530.14376	518.949794	518.703127	
4.721534	530.461498	530.265933	519.069006	518.8253	
4.731756	530.584138	530.388106	519.189218	518.947473	
4.741887	530.705722	530.501553	519.308394	519.069646	
4.752024	530.827354	530.623726	519.427617	519.183093	
4.762215	530.949682	530.745899	519.547523	519.305266	
4.772356	531.071338	530.868072	519.66677	519.427439	
4.782509	531.193198	530.981518	519.786217	519.549612	
4.792621	531.314542	531.103691	519.905158	519.671785	
4.802832	531.437062	531.225864	520.025252	519.793958	
4.812997	531.559078	531.348037	520.144852	519.916131	
4.823115	531.680458	531.470211	520.263828	520.038304	
4.833242	531.802366	531.592384	520.383322	520.15175	
4.843431	531.92425	531.714557	520.502793	520.265197	
4.853574	532.045954	531.83673	520.622087	520.38737	
4.863769	532.16833	531.958903	520.74204	520.509543	
4.873908	532.289986	532.081076	520.861286	520.631716	
4.884104	532.412302	532.211975	520.98118	520.753889	
4.894177	532.533178	532.334149	521.099663	520.867335	
4.90433	532.655026	532.465048	521.219098	520.989508	
4.914841	532.781218	532.587221	521.342791	521.111681	
4.924681	532.89925	532.709394	521.458486	521.225128	
4.934813	533.02081	532.831567	521.577639	521.347301	
4.944962	533.142622	532.95374	521.697039	521.469474	
4.95513	533.264638	533.08464	521.816638	521.591647	
4.965388	533.38777	533.206813	521.937332	521.71382	
4.975443	533.508394	533.328986	522.055568	521.827266	
4.985576	533.630002	533.451159	522.174768	521.940713	
4.995753	533.75215	533.582059	522.294497	522.062886	
5.005845	533.87317	533.704232	522.41312	522.185059	
5.016009	533.995186	533.826405	522.53272	522.298505	
5.026201	534.117502	533.939851	522.652614	522.420678	
5.036332	534.239038	534.070751	522.771743	522.534125	
5.046464	534.36061	534.184198	522.890908	522.656298	
5.056612	534.48241	534.306371	523.010296	522.778471	
5.066849	534.605326	534.428544	523.130778	522.891917	
5.076969	534.726682	534.550717	523.249731	523.01409	
5.087102	534.847334	534.67289	523.367994	523.127537	
5.097322	534.96849	534.786336	523.486751	523.24971	
5.107681	535.090565	534.908509	523.606409	523.371883	
5.117641	535.207357	535.030682	523.720888	523.494056	
5.12781	535.325976	535.152855	523.837159	523.616229	
5.137921	535.443322	535.275028	523.95218	523.729675	
5.148133	535.561214	535.388475	524.067738	523.851848	
5.158273	535.677674	535.501921	524.181892	523.965295	
5.168423	535.793599	535.624094	524.295521	524.087468	
5.178595	535.90918	535.746267	524.408814	524.200914	
5.188644	536.022798	535.859714	524.520182	524.314361	
5.198817	536.137117	535.981887	524.632237	524.436534	
5.208955	536.250487	536.095333	524.743362	524.54998	
5.2191	536.363319	536.217506	524.85396	524.663426	
5.229467	536.477962	536.339679	524.966332	524.785599	
5.239544	536.58881	536.444399	525.074986	524.899046	
5.249765	536.700593	536.566572	525.184555	525.012492	
5.260184	536.813942	536.680018	525.295659	525.134665	
5.270021	536.920325	536.793465	525.399936	525.239385	
5.280097	537.028692	536.906911	525.506157	525.361558	
5.290257	537.137376	537.020358	525.612689	525.466278	
5.300446	537.24575	537.133804	525.718917	525.579724	
5.310578	537.352886	537.24725	525.823931	525.693171	
5.320724	537.459566	537.35197	525.928499	525.79789	
5.331152	537.568595	537.465417	526.035368	525.90261	
5.341022	537.671154	537.578863	526.135897	526.00733	
5.351218	537.776483	537.692309	526.23914	526.11205	
5.361384	537.880928	537.797029	526.341517	526.216769	
5.371444	537.983662	537.910475	526.442217	526.321489	
5.381855	538.089324	538.015195	526.545787	526.426209	
5.39201	538.191771	538.119915	526.646205	526.530929	
5.402168	538.293672	538.224635	526.746088	526.626922	
5.412373	538.395373	538.329354	526.845775	526.731642	
5.422445	538.495167	538.434074	526.943593	526.827635	
5.432595	538.595108	538.538794	527.041554	526.932354	
5.44286	538.695588	538.643514	527.140045	527.037074	
5.45296	538.793802	538.748234	527.236314	527.133067	
5.463128	538.892098	538.852953	527.332664	527.237787	
5.473233	538.989121	538.957673	527.427765	527.33378	
5.483407	539.086245	539.062393	527.522966	527.429773	
5.493541	539.182357	539.167113	527.617176	527.525766	
5.503712	539.278203	539.263106	527.711124	527.630486	
5.513866	539.373257	539.359099	527.804295	527.717753	
5.524068	539.468194	539.455092	527.897352	527.822472	
5.534195	539.561797	539.551085	527.989101	527.909739	
5.54432	539.654752	539.655805	528.080216	528.005732	
5.55453	539.747856	539.743071	528.171476	528.101725	
5.56488	539.841684	539.839064	528.263446	528.188992	
5.57487	539.931542	539.935057	528.351525	528.284985	
5.584956	540.0217	540.022324	528.439898	528.372251	
5.595096	540.111745	540.10959	528.52816	528.468244	
5.605493	540.203421	540.205583	528.61802	528.555511	
5.61541	540.290258	540.301577	528.703138	528.642777	
5.625555	540.378491	540.388843	528.789623	528.721317	
5.6357	540.466137	540.476109	528.875534	528.808583	
5.646144	540.555716	540.563376	528.963338	528.89585	
5.656031	540.639893	540.650642	529.04585	528.97439	
5.666177	540.725683	540.737909	529.12994	529.061656	
5.676385	540.811383	540.825175	529.213943	529.140196	
5.686463	540.895408	540.903715	529.296304	529.227462	
5.696652	540.979713	540.982255	529.37894	529.306002	
5.706816	541.063279	541.069521	529.460851	529.393269	
5.716957	541.145914	541.148061	529.54185	529.471809	
5.727101	541.22802	541.226601	529.62233	529.550348	
5.737603	541.312951	541.305141	529.705579	529.628888	
5.747429	541.390693	541.383681	529.781782	529.707428	
5.757818	541.4729	541.46222	529.862361	529.785968	
5.767766	541.551005	541.54076	529.938919	529.864508	
5.777895	541.629931	541.610573	530.016283	529.943047	
5.788129	541.709028	541.689113	530.093813	530.021587	
5.798155	541.785994	541.767653	530.169255	530.0914	
5.808401	541.863941	541.837466	530.245659	530.16994	
5.818543	541.940513	541.907279	530.320714	530.24848	
5.828633	542.016096	541.985819	530.3948	530.318293	
5.838759	542.091353	542.064359	530.468567	530.388106	
5.849105	542.16761	542.134172	530.543315	530.466646	
5.859143	542.240972	542.203985	530.615224	530.545186	
5.869283	542.314467	542.273799	530.687263	530.614999	
5.879413	542.387295	542.352338	530.758649	530.684812	
5.889578	542.459753	542.422152	530.829673	530.754626	
5.90818	542.589867	542.500691	530.95721	530.894252	
5.912752	542.621887	542.587958	530.988596	530.920432	
5.922934	542.692459	542.657771	531.05777	530.998972	
5.933083	542.762192	542.727584	531.126123	531.068785	
5.943174	542.830925	542.797397	531.193495	531.138598	
5.953377	542.90004	542.867211	531.261241	531.208411	
5.964231	542.972391	542.937024	531.332159	531.278224	
5.974438	543.039987	543.006837	531.398416	531.348037	
5.984575	543.106538	543.07665	531.46365	531.417851	
5.994731	543.172623	543.137737	531.528426	531.478937	
6.004881	543.238051	543.198823	531.592559	531.540024	
6.015002	543.302662	543.268636	531.65589	531.609837	
6.025174	543.366991	543.338449	531.718945	531.67965	
6.035314	543.430529	543.399536	531.781225	531.740737	
6.045519	543.493849	543.460622	531.843292	531.801823	
6.055615	543.5559	543.530436	531.904113	531.871636	
6.066157	543.620074	543.591522	531.967016	531.923996	
6.076005	543.67936	543.652609	532.025128	531.993809	
6.086045	543.739254	543.722422	532.083837	532.046169	
6.096168	543.799019	543.774782	532.142418	532.115982	
6.106362	543.858615	543.844595	532.200834	532.168342	
6.116492	543.917216	543.905681	532.258274	532.229429	
6.126677	543.975526	543.966768	532.315429	532.290515	
6.136811	544.032938	544.019128	532.371705	532.342875	
6.146971	544.089888	544.088941	532.427527	532.403962	
6.157118	544.146163	544.141301	532.482688	532.456322	
6.167298	544.202013	544.202387	532.537432	532.517408	
6.177468	544.257177	544.263474	532.591504	532.569768	
6.187571	544.311383	544.315834	532.644636	532.622128	
6.197741	544.365341	544.368194	532.697526	532.674488	
6.207888	544.418576	544.42928	532.749707	532.726848	
6.218019	544.471128	544.48164	532.801218	532.779207	
6.228198	544.523306	544.534	532.852363	532.831567	
6.238295	544.574456	544.58636	532.902499	532.883927	
6.248471	544.625393	544.647446	532.952428	532.92756	
6.258651	544.675784	544.69108	533.001822	532.97992	
6.268782	544.725282	544.743439	533.050339	533.023554	
6.278951	544.774369	544.787073	533.098455	533.075913	
6.289056	544.822535	544.839433	533.145667	533.128273	
6.299217	544.870383	544.891792	533.192567	533.171907	
6.309463	544.91801	544.944152	533.239251	533.21554	
6.319548	544.964269	544.987786	533.284594	533.259173	
6.32975	545.010482	545.031419	533.329891	533.302806	
6.33994	545.056017	545.083779	533.374525	533.346439	
6.350008	545.100415	545.127412	533.418044	533.390073	
6.360143	545.144495	545.171045	533.461251	533.442433	
6.370275	545.187977	545.223405	533.503872	533.477339	
6.38049	545.231196	545.267038	533.546235	533.529699	
6.390592	545.273334	545.310671	533.587539	533.564606	
6.400748	545.315087	545.354305	533.628465	533.608239	
6.410864	545.356082	545.397938	533.668648	533.651872	
6.421067	545.396832	545.441571	533.708592	533.695505	
6.431216	545.436754	545.485204	533.747723	533.739139	
6.441504	545.476596	545.520111	533.786776	533.774045	
6.451621	545.515178	545.563744	533.824594	533.817678	
6.462429	545.555728	545.607377	533.864341	533.861312	
6.471896	545.590713	545.642284	533.898633	533.896218	
6.482053	545.627666	545.677191	533.934854	533.931125	
6.492198	545.66394	545.712097	533.97041	533.966031	
6.502336	545.699607	545.75573	534.005371	534.009665	
6.5125	545.734756	545.790637	534.039824	534.044571	
6.522644	545.769241	545.825544	534.073625	534.079478	
6.532821	545.80325	545.86045	534.106961	534.114384	
6.542901	545.83633	545.88663	534.139386	534.140564	
6.553105	545.869208	545.921537	534.171613	534.175471	
6.563293	545.901441	545.956443	534.203208	534.210377	
6.584013	545.963876	546.01753	534.264407	534.271464	
6.588652	545.977921	546.026256	534.278174	534.288917	
6.598802	546.007945	546.061163	534.307603	534.315097	
6.617057	546.059586	546.113523	534.358221	534.367457	
6.621798	546.07304	546.12225	534.371409	534.376184	
6.6319	546.100973	546.14843	534.398789	534.402364	
6.642093	546.128584	546.174609	534.425853	534.428544	
6.652278	546.155555	546.200789	534.45229	534.454724	
6.662391	546.181757	546.218243	534.477973	534.472177	
6.672539	546.207457	546.244423	534.503164	534.498357	
6.682752	546.232721	546.270603	534.527928	534.524537	
6.69287	546.257171	546.288056	534.551894	534.54199	
6.703009	546.281073	546.314236	534.575322	534.56817	
6.713181	546.304462	546.331689	534.598249	534.585623	
6.723327	546.327214	546.357869	534.62055	534.603077	
6.733568	546.349572	546.375322	534.642466	534.629256	
6.743635	546.370973	546.392776	534.663442	534.64671	
6.753789	546.39197	546.410229	534.684023	534.664163	
6.76403	546.412558	546.427682	534.704204	534.67289	
6.774112	546.432248	546.445136	534.723504	534.690343	
6.784266	546.451492	546.462589	534.742367	534.707796	
6.802555	546.483855	546.480042	534.774089	534.733976	
6.807142	546.492021	546.497495	534.782093	534.733976	
6.817293	546.509376	546.506222	534.799105	534.75143	
6.827456	546.526175	546.514949	534.815571	534.760156	
6.837764	546.542615	546.532402	534.831686	534.768883	
6.84776	546.558001	546.541129	534.846767	534.777609	
6.857879	546.573012	546.549855	534.86148	534.786336	
6.868117	546.587611	546.567309	534.87579	534.795063	
6.878191	546.601424	546.576035	534.88933	534.803789	
6.888273	546.614689	546.584762	534.902332	534.803789	
6.898563	546.627641	546.593488	534.915028	534.812516	
6.908888	546.64005	546.602215	534.927191	534.821243	
6.918782	546.651419	546.602215	534.938335	534.821243	
6.9289	546.66249	546.619668	534.949187	534.829969	
6.939176	546.67316	546.619668	534.959645	534.838696	
6.949208	546.68304	546.628395	534.96933	534.838696	
6.961038	546.693895	546.628395	534.97997	534.838696	
6.979114	546.708454	546.637122	534.99424	534.838696	
6.983677	546.712179	546.637122	534.997892	534.838696	
6.993849	546.719821	546.637122	535.005382	534.847423	
7.004287	546.727097	546.637122	535.012514	534.847423	
7.014131	546.733486	546.637122	535.018776	534.847423	
7.024324	546.739576	546.637122	535.024746	534.847423	
7.034431	546.745117	546.637122	535.030178	534.847423	
7.04459	546.750189	546.637122	535.035149	534.847423	
7.054773	546.754781	546.637122	535.03965	534.847423	
7.0649	546.758873	546.637122	535.043661	534.847423	
7.075078	546.762519	546.637122	535.047235	534.847423	
7.085184	546.765692	546.637122	535.050346	534.847423	
7.095323	546.768444	546.637122	535.053043	534.847423	
7.105721	546.770828	546.637122	535.055379	534.847423	
7.115671	546.772743	546.637122	535.057257	534.847423	
7.125832	546.774333	546.637122	535.058815	534.847423	
7.135982	546.778916	546.637122	535.063308	534.847423	
7.146143	546.778916	546.637122	535.063308	534.847423	
7.156324	546.778916	546.637122	535.063308	534.847423	
7.166453	546.778916	546.637122	535.063308	534.847423	
7.17667	546.778916	546.637122	535.063308	534.847423	
7.186847	546.778916	546.637122	535.063308	534.847423	
7.196967	546.778916	546.637122	535.063308	534.847423	
7.207115	546.778916	546.637122	535.063308	534.847423	
7.217315	546.778916	546.637122	535.063308	534.847423	
7.227458	546.778916	546.637122	535.063308	534.847423	
7.237633	546.778916	546.637122	535.063308	534.847423	
7.247741	546.778916	546.637122	535.063308	534.847423	
7.257859	546.778916	546.637122	535.063308	534.847423	
7.268107	546.778916	546.637122	535.063308	534.847423	
7.278191	546.778916	546.637122	535.063308	534.847423	
7.288386	546.778916	546.637122	535.063308	534.847423	
7.298465	546.778916	546.637122	535.063308	534.847423	
7.308653	546.778916	546.637122	535.063308	534.847423	
7.319413	546.778916	546.637122	535.063308	534.847423	
7.32892	546.778916	546.637122	535.063308	534.847423	
7.33911	546.778916	546.637122	535.063308	534.847423	
7.349196	546.778916	546.637122	535.063308	534.847423	
7.35936	546.778916	546.637122	535.063308	534.847423	
7.369581	546.778916	546.637122	535.063308	534.847423	
7.380088	546.778916	546.637122	535.063308	534.847423	
7.389916	546.778916	546.637122	535.063308	534.847423	
7.399983	546.778916	546.637122	535.063308	534.847423	
7.410462	546.778916	546.637122	535.063308	534.847423	
7.42035	546.778916	546.637122	535.063308	534.847423	
7.430426	546.778916	546.637122	535.063308	534.847423	
7.440571	546.778916	546.637122	535.063308	534.847423	
7.450745	546.778916	546.637122	535.063308	534.847423	
7.46083	546.778916	546.637122	535.063308	534.847423	
7.471056	546.778916	546.637122	535.063308	534.847423	
7.489041	546.778916	546.637122	535.063308	534.847423	
7.501469	546.778916	546.637122	535.063308	534.847423	
7.506021	546.778916	546.637122	535.063308	534.847423	
7.516245	546.778916	546.637122	535.063308	534.847423	
7.526359	546.778916	546.637122	535.063308	534.847423	
7.536487	546.778916	546.637122	535.063308	534.847423	
7.546596	546.778916	546.637122	535.063308	534.847423	
7.556777	546.778916	546.637122	535.063308	534.847423	
7.566928	546.778916	546.637122	535.063308	534.847423	
7.578451	546.778916	546.637122	535.063308	534.847423	
7.587506	546.778916	546.637122	535.063308	534.847423	
7.597726	546.778916	546.637122	535.063308	534.847423	
7.60806	546.778916	546.637122	535.063308	534.847423	
7.618028	546.778916	546.637122	535.063308	534.847423	
7.62825	546.778916	546.637122	535.063308	534.847423	
7.638299	546.778916	546.637122	535.063308	534.847423	
7.648486	546.778916	546.637122	535.063308	534.847423	
7.658612	546.778916	546.637122	535.063308	534.847423	
7.66877	546.778916	546.637122	535.063308	534.847423	
7.678901	546.778916	546.637122	535.063308	534.847423	
7.689041	546.778916	546.637122	535.063308	534.847423	
7.699204	546.778916	546.637122	535.063308	534.847423	
7.709329	546.778916	546.637122	535.063308	534.847423	
7.719483	546.778916	546.637122	535.063308	534.847423	
7.729646	546.778916	546.637122	535.063308	534.847423	
7.739877	546.778916	546.637122	535.063308	534.847423	
7.749943	546.778916	546.637122	535.063308	534.847423	
7.760245	546.778916	546.637122	535.063308	534.847423	
7.770218	546.778916	546.637122	535.063308	534.847423	
7.780635	546.778916	546.637122	535.063308	534.847423	
7.790508	546.778916	546.637122	535.063308	534.847423	
7.800679	546.778916	546.637122	535.063308	534.847423	
7.810893	546.778916	546.637122	535.063308	534.847423	
7.820924	546.778916	546.637122	535.063308	534.847423	
7.831079	546.778916	546.637122	535.063308	534.847423	
7.849235	546.778916	546.637122	535.063308	534.847423	
7.853878	546.778916	546.637122	535.063308	534.847423	
7.864022	546.778916	546.637122	535.063308	534.847423	
7.874216	546.778916	546.637122	535.063308	534.847423	
7.884396	546.778916	546.637122	535.063308	534.847423	
7.894459	546.778916	546.637122	535.063308	534.847423	
7.904651	546.778916	546.637122	535.063308	534.847423	
7.91487	546.778916	546.637122	535.063308	534.847423	
7.924966	546.778916	546.637122	535.063308	534.847423	
7.935114	546.778916	546.637122	535.063308	534.847423	
7.945531	546.778916	546.637122	535.063308	534.847423	
7.955452	546.778916	546.637122	535.063308	534.847423	
7.96586	546.778916	546.637122	535.063308	534.847423	
7.975738	546.778916	546.637122	535.063308	534.847423	
7.996138	546.778916	546.637122	535.063308	534.847423	
8.000733	546.778916	546.637122	535.063308	534.847423	
8.010891	546.778916	546.637122	535.063308	534.847423	
8.021011	546.778916	546.637122	535.063308	534.847423	
8.031173	546.778916	546.637122	535.063308	534.847423	
