0.56599	1923.79125	1923.78917	1885.52487	1885.52282	
0.5707709	1923.79189	1923.78917	1885.52549	1885.52282	
0.5891805	1923.79715	1923.78917	1885.53065	1885.52282	
0.5937313	1923.79838	1923.78917	1885.53186	1885.52282	
0.6038731	1923.80192	1923.78917	1885.53533	1885.52282	
0.6140248	1923.80609	1923.78917	1885.53941	1885.52282	
0.6241306	1923.81084	1923.79789	1885.54407	1885.53155	
0.6343413	1923.81627	1923.79789	1885.54939	1885.53155	
0.6445541	1923.82233	1923.80662	1885.55533	1885.53155	
0.6546408	1923.82892	1923.80662	1885.56179	1885.53155	
0.6648116	1923.83619	1923.81535	1885.56892	1885.53155	
0.6750053	1923.8441	1923.82407	1885.57667	1885.53155	
0.6851251	1923.85257	1923.8328	1885.58497	1885.53155	
0.6953528	1923.86175	1923.84153	1885.59397	1885.549	
0.7055496	1923.87153	1923.85025	1885.60355	1885.55773	
0.7157483	1923.88193	1923.85898	1885.61375	1885.56646	
0.7337949	1923.90273	1923.87643	1885.63414	1885.58391	
0.7383578	1923.90793	1923.88516	1885.63923	1885.58391	
0.7485805	1923.92037	1923.89389	1885.65143	1885.60136	
0.7586473	1923.93323	1923.90261	1885.66404	1885.61009	
0.768793	1923.94682	1923.91134	1885.67735	1885.61882	
0.7790078	1923.96112	1923.92879	1885.69137	1885.63627	
0.7897495	1923.97687	1923.93752	1885.70681	1885.65372	
0.7992663	1923.99132	1923.95497	1885.72097	1885.67118	
0.809468	1924.00747	1923.97243	1885.7368	1885.68863	
0.8195738	1924.02407	1923.98988	1885.75308	1885.69736	
0.8301165	1924.04208	1924.01606	1885.77073	1885.70608	
0.8401813	1924.05985	1924.03351	1885.78815	1885.72354	
0.850336	1924.07841	1924.05097	1885.80634	1885.74099	
0.8606318	1924.09787	1924.06842	1885.82542	1885.75844	
0.8707285	1924.11756	1924.08587	1885.84472	1885.78462	
0.8810773	1924.1384	1924.10333	1885.86514	1885.8108	
0.89113	1924.15922	1924.12078	1885.88555	1885.82826	
0.9012818	1924.18089	1924.14696	1885.90679	1885.85444	
0.9113995	1924.20308	1924.17314	1885.92854	1885.88062	
0.9215653	1924.22601	1924.19059	1885.95101	1885.89807	
0.931704	1924.24949	1924.2255	1885.97403	1885.91552	
0.9419458	1924.27384	1924.24295	1885.9979	1885.9417	
0.9520365	1924.29844	1924.27786	1886.02201	1885.96788	
0.9621723	1924.32376	1924.29531	1886.04683	1885.99406	
0.9724	1924.34995	1924.33022	1886.0725	1886.02024	
0.9824728	1924.37634	1924.3564	1886.09837	1886.05515	
0.9926195	1924.40355	1924.38258	1886.12504	1886.08133	
1.002866	1924.43167	1924.41749	1886.1526	1886.10751	
1.013001	1924.46007	1924.44367	1886.18045	1886.14242	
1.023148	1924.48914	1924.46985	1886.20893	1886.1686	
1.033285	1924.5188	1924.50475	1886.23801	1886.19478	
1.043426	1924.54908	1924.53093	1886.26769	1886.22968	
1.053612	1924.58013	1924.56584	1886.29812	1886.25586	
1.063751	1924.61163	1924.59202	1886.329	1886.29077	
1.074076	1924.64439	1924.62693	1886.36111	1886.31695	
1.084062	1924.67663	1924.66183	1886.39271	1886.35186	
1.094179	1924.70991	1924.68801	1886.42534	1886.38676	
1.104364	1924.74406	1924.72292	1886.45881	1886.42167	
1.114505	1924.77867	1924.75783	1886.49273	1886.45658	
1.124697	1924.81407	1924.79273	1886.52743	1886.49148	
1.134818	1924.84985	1924.82764	1886.5625	1886.52639	
1.144954	1924.88629	1924.86255	1886.59822	1886.5613	
1.155184	1924.9237	1924.90618	1886.63489	1886.5962	
1.165307	1924.96134	1924.94109	1886.67179	1886.63983	
1.175455	1924.99993	1924.97599	1886.70961	1886.67474	
1.185594	1925.03862	1925.0109	1886.74753	1886.71837	
1.195903	1925.07915	1925.05453	1886.78726	1886.75328	
1.214117	1925.15234	1925.13307	1886.85901	1886.82309	
1.218675	1925.17063	1925.15052	1886.87693	1886.84055	
1.228882	1925.21247	1925.18543	1886.91794	1886.87545	
1.238954	1925.25436	1925.23779	1886.95901	1886.91909	
1.249182	1925.29756	1925.2727	1887.00135	1886.96272	
1.259316	1925.34093	1925.32506	1887.04385	1887.00635	
1.269524	1925.38526	1925.35996	1887.08731	1887.04999	
1.279641	1925.42981	1925.41232	1887.13098	1887.10235	
1.289766	1925.47502	1925.44723	1887.17529	1887.13725	
1.299946	1925.52108	1925.49959	1887.22044	1887.18961	
1.310163	1925.56797	1925.54322	1887.26641	1887.23325	
1.320306	1925.61509	1925.59558	1887.31259	1887.27688	
1.330444	1925.66282	1925.63922	1887.35938	1887.32924	
1.340695	1925.71173	1925.69158	1887.40731	1887.3816	
1.350733	1925.76021	1925.73521	1887.45483	1887.42523	
1.360928	1925.81007	1925.78757	1887.50371	1887.47759	
1.371117	1925.86054	1925.8312	1887.55318	1887.52123	
1.381259	1925.91138	1925.88356	1887.60302	1887.57359	
1.391406	1925.96286	1925.93592	1887.65347	1887.62595	
1.401517	1926.01478	1925.98828	1887.70437	1887.67831	
1.411731	1926.06787	1926.04064	1887.7564	1887.73067	
1.421964	1926.12166	1926.093	1887.80913	1887.78303	
1.432058	1926.17534	1926.14536	1887.86175	1887.83539	
1.442173	1926.22976	1926.20645	1887.91508	1887.88775	
1.452311	1926.28489	1926.25881	1887.96913	1887.94011	
1.462503	1926.34096	1926.31117	1888.02409	1887.99247	
1.472641	1926.39734	1926.36353	1888.07935	1888.05355	
1.482798	1926.45445	1926.42462	1888.13533	1888.11464	
1.49296	1926.5122	1926.47698	1888.19194	1888.17572	
1.50308	1926.57033	1926.53806	1888.24891	1888.23681	
1.513638	1926.63169	1926.59915	1888.30906	1888.28917	
1.52385	1926.69162	1926.66023	1888.3678	1888.34153	
1.53406	1926.75215	1926.72132	1888.42713	1888.40262	
1.544092	1926.81223	1926.77368	1888.48603	1888.4637	
1.554293	1926.87397	1926.84349	1888.54654	1888.52479	
1.56445	1926.93605	1926.90458	1888.60739	1888.58588	
1.574762	1926.99977	1926.96567	1888.66985	1888.64696	
1.58528	1927.06809	1927.03548	1888.73682	1888.70805	
1.594886	1927.12583	1927.09657	1888.79342	1888.77786	
1.605015	1927.19019	1927.15765	1888.8565	1888.83895	
1.615158	1927.25528	1927.22747	1888.9203	1888.90004	
1.626009	1927.32588	1927.29728	1888.98951	1888.96985	
1.635754	1927.38935	1927.36709	1889.05172	1889.03094	
1.645915	1927.45644	1927.42818	1889.11748	1889.10075	
1.656038	1927.52388	1927.49799	1889.18359	1889.16184	
1.666132	1927.59175	1927.55908	1889.2501	1889.23165	
1.676338	1927.66097	1927.62889	1889.31796	1889.30146	
1.68645	1927.73017	1927.70743	1889.38579	1889.37128	
1.696704	1927.80099	1927.77725	1889.4552	1889.44109	
1.70675	1927.87096	1927.85579	1889.52378	1889.50217	
1.717196	1927.94441	1927.9256	1889.59578	1889.57199	
1.727089	1928.01451	1927.99541	1889.66449	1889.63307	
1.737216	1928.08691	1928.06522	1889.73546	1889.71161	
1.747386	1928.16023	1928.13504	1889.80733	1889.78143	
1.757514	1928.23387	1928.20485	1889.87951	1889.85997	
1.767659	1928.30828	1928.27466	1889.95245	1889.92978	
1.778119	1928.38565	1928.3532	1890.02829	1889.99959	
1.78803	1928.4595	1928.43174	1890.10068	1890.07813	
1.798212	1928.53601	1928.50156	1890.17567	1890.14795	
1.808349	1928.61279	1928.58882	1890.25093	1890.22649	
1.818414	1928.68969	1928.65864	1890.32631	1890.2963	
1.828879	1928.77026	1928.73718	1890.40528	1890.37484	
1.838787	1928.84713	1928.81572	1890.48062	1890.45338	
1.848902	1928.92619	1928.89426	1890.55812	1890.52319	
1.859016	1929.00589	1928.9728	1890.63624	1890.61046	
1.869194	1929.08672	1929.06006	1890.71547	1890.68027	
1.87937	1929.16816	1929.1386	1890.79531	1890.76754	
1.905415	1929.38193	1929.28696	1891.00484	1890.97698	
1.91014	1929.42046	1929.38295	1891.04261	1891.01188	
1.920252	1929.50387	1929.46149	1891.12437	1891.09915	
1.930459	1929.5887	1929.54875	1891.20752	1891.18642	
1.940823	1929.67546	1929.61857	1891.29255	1891.27368	
1.95088	1929.76021	1929.68838	1891.37563	1891.35222	
1.961081	1929.84685	1929.76692	1891.46055	1891.43076	
1.971261	1929.93395	1929.84546	1891.54593	1891.51803	
1.981401	1930.02126	1929.94145	1891.63151	1891.59657	
1.991531	1930.10913	1930.03745	1891.71764	1891.67511	
2.001691	1930.1979	1930.13344	1891.80465	1891.76238	
2.011873	1930.28747	1930.22943	1891.89244	1891.84964	
2.029935	1930.44877	1930.39524	1892.05055	1892.01545	
2.03448	1930.48926	1930.43015	1892.09024	1892.05908	
2.052847	1930.65586	1930.59595	1892.25354	1892.21616	
2.057408	1930.69708	1930.63086	1892.29395	1892.25107	
2.067572	1930.78991	1930.73558	1892.38494	1892.33833	
2.077881	1930.8847	1930.82284	1892.47785	1892.43433	
2.09634	1931.05694	1930.92756	1892.64668	1892.60886	
2.100907	1931.09942	1931.04974	1892.68832	1892.65249	
2.111138	1931.19555	1931.16318	1892.78255	1892.74849	
2.121256	1931.29115	1931.25918	1892.87626	1892.84448	
2.131408	1931.38778	1931.34644	1892.97097	1892.93175	
2.141577	1931.48518	1931.42498	1893.06644	1893.03647	
2.151763	1931.5833	1931.51225	1893.16261	1893.12373	
2.162371	1931.68624	1931.60824	1893.26352	1893.22845	
2.173153	1931.79156	1931.70424	1893.36675	1893.31572	
2.182212	1931.88044	1931.80896	1893.45388	1893.41171	
2.1923	1931.9801	1931.9224	1893.55156	1893.50771	
2.202449	1932.081	1932.02712	1893.65046	1893.61243	
2.212696	1932.18346	1932.13184	1893.7509	1893.71714	
2.222764	1932.28476	1932.23656	1893.85019	1893.80441	
2.232911	1932.38746	1932.34128	1893.95085	1893.90913	
2.243039	1932.49065	1932.446	1894.052	1894.01385	
2.262729	1932.69411	1932.63799	1894.25143	1894.20584	
2.267346	1932.74171	1932.69035	1894.29809	1894.24947	
2.27745	1932.84663	1932.79507	1894.40093	1894.35419	
2.287591	1932.95265	1932.89979	1894.50485	1894.45891	
2.297723	1933.05916	1933.00451	1894.60925	1894.57236	
2.307902	1933.16676	1933.10923	1894.71472	1894.67708	
2.325981	1933.36033	1933.30994	1894.90446	1894.87779	
2.330531	1933.40896	1933.3623	1894.95212	1894.92142	
2.340767	1933.51924	1933.47575	1895.06022	1895.03487	
2.350846	1933.62839	1933.58047	1895.16721	1895.13959	
2.361053	1933.73955	1933.70264	1895.27617	1895.25303	
2.371224	1933.85099	1933.80736	1895.3854	1895.36648	
2.381327	1933.96221	1933.92953	1895.49442	1895.4712	
2.391456	1934.07439	1934.04298	1895.60438	1895.58465	
2.401665	1934.18808	1934.15642	1895.71581	1895.68937	
2.411806	1934.30162	1934.26987	1895.82711	1895.79409	
2.422018	1934.41659	1934.38332	1895.9398	1895.89881	
2.432137	1934.53111	1934.50549	1896.05205	1896.02098	
2.442242	1934.64613	1934.61894	1896.16479	1896.13443	
2.452448	1934.76288	1934.73238	1896.27923	1896.24787	
2.46285	1934.88253	1934.85456	1896.39651	1896.36132	
2.472978	1934.99966	1934.968	1896.51132	1896.47477	
2.483169	1935.11811	1935.08145	1896.62743	1896.59694	
2.493304	1935.23656	1935.20362	1896.74353	1896.71038	
2.50342	1935.35537	1935.32579	1896.85999	1896.82383	
2.513604	1935.4756	1935.44797	1896.97785	1896.946	
2.523813	1935.59677	1935.57014	1897.09662	1897.05945	
2.53401	1935.71846	1935.69231	1897.21589	1897.1729	
2.544093	1935.83933	1935.81449	1897.33437	1897.29507	
2.55422	1935.96085	1935.92793	1897.45349	1897.41724	
2.565345	1936.09441	1936.05011	1897.5844	1897.53942	
2.574607	1936.20555	1936.17228	1897.69333	1897.65286	
2.584752	1936.32727	1936.29445	1897.81265	1897.77504	
2.59491	1936.44917	1936.41663	1897.93213	1897.89721	
2.605043	1936.57073	1936.5388	1898.05129	1898.01065	
2.615168	1936.69225	1936.6697	1898.1704	1898.13283	
2.625307	1936.81387	1936.79187	1898.28962	1898.255	
2.635506	1936.9363	1936.91404	1898.40962	1898.37717	
2.64566	1937.05812	1937.03622	1898.52903	1898.49935	
2.655912	1937.18212	1937.14966	1898.65057	1898.61279	
2.665956	1937.30167	1937.27184	1898.76776	1898.73497	
2.67704	1937.43471	1937.41146	1898.89815	1898.86587	
2.687092	1937.55532	1937.53364	1899.01638	1898.98804	
2.69722	1937.67687	1937.66454	1899.13552	1899.11021	
2.707399	1937.79903	1937.78671	1899.25526	1899.22366	
2.717566	1937.92103	1937.90888	1899.37485	1899.34583	
2.727688	1938.04248	1938.03105	1899.4939	1899.45928	
2.737835	1938.16423	1938.15323	1899.61324	1899.58145	
2.748056	1938.2869	1938.26667	1899.73347	1899.70362	
2.758205	1938.40866	1938.38885	1899.85282	1899.8258	
2.768605	1938.53349	1938.51102	1899.97518	1899.9567	
2.778491	1938.65214	1938.63319	1900.09148	1900.07014	
2.788647	1938.77401	1938.75537	1900.21094	1900.19232	
2.798741	1938.89513	1938.87754	1900.32966	1900.31449	
2.808868	1939.01662	1938.99971	1900.44874	1900.42794	
2.819054	1939.1389	1939.13061	1900.5686	1900.54138	
2.829203	1939.26067	1939.25279	1900.68796	1900.66356	
2.839342	1939.38231	1939.37496	1900.80719	1900.78573	
2.849562	1939.50497	1939.49713	1900.92742	1900.9079	
2.859619	1939.62565	1939.6193	1901.04572	1901.03007	
2.870252	1939.75327	1939.74148	1901.17081	1901.16097	
2.880718	1939.87889	1939.86365	1901.29394	1901.28315	
2.890527	1939.99656	1939.98582	1901.40928	1901.39659	
2.90078	1940.11961	1940.108	1901.52989	1901.51877	
2.910845	1940.24035	1940.23017	1901.64825	1901.64094	
2.920979	1940.36195	1940.36107	1901.76743	1901.76311	
2.931166	1940.48425	1940.48324	1901.88732	1901.87656	
2.941338	1940.60628	1940.61414	1902.00693	1901.99873	
2.951474	1940.72793	1940.73632	1902.12616	1902.11218	
2.961628	1940.84974	1940.85849	1902.24556	1902.23435	
2.971779	1940.97155	1940.97193	1902.36496	1902.35652	
2.981967	1941.09385	1941.09411	1902.48484	1902.46997	
2.9921	1941.21543	1941.21628	1902.60401	1902.59214	
3.002276	1941.3375	1941.33845	1902.72367	1902.70559	
3.012436	1941.45946	1941.46063	1902.84321	1902.82776	
3.022575	1941.58111	1941.5828	1902.96246	1902.94994	
3.032719	1941.70285	1941.70497	1903.08178	1903.07211	
3.042852	1941.82443	1941.82715	1903.20095	1903.19428	
3.053036	1941.94663	1941.94932	1903.32074	1903.30773	
3.063167	1942.06825	1942.07149	1903.43995	1903.42118	
3.073303	1942.18987	1942.19366	1903.55916	1903.54335	
3.083553	1942.31289	1942.30711	1903.67974	1903.6568	
3.093709	1942.43472	1942.42928	1903.79916	1903.77897	
3.103836	1942.55623	1942.55146	1903.91827	1903.89241	
3.113992	1942.67813	1942.67363	1904.03775	1904.01459	
3.124122	1942.79965	1942.7958	1904.15687	1904.13676	
3.134354	1942.92247	1942.91798	1904.27725	1904.25893	
3.14444	1943.04349	1943.03142	1904.39588	1904.38111	
3.154594	1943.16535	1943.1536	1904.51532	1904.50328	
3.16484	1943.28831	1943.27577	1904.63584	1904.62545	
3.176328	1943.42627	1943.39794	1904.77107	1904.74763	
3.18503	1943.53056	1943.52012	1904.8733	1904.85235	
3.195246	1943.65319	1943.65101	1904.9935	1904.97452	
3.205351	1943.77441	1943.77319	1905.11232	1905.08797	
3.215538	1943.89666	1943.89536	1905.23215	1905.20141	
3.225695	1944.01858	1944.00881	1905.35165	1905.32358	
3.235976	1944.14197	1944.12225	1905.47261	1905.44576	
3.254131	1944.35981	1944.24443	1905.68613	1905.66392	
3.260739	1944.43909	1944.42769	1905.76384	1905.74246	
3.270871	1944.56071	1944.55859	1905.88305	1905.86464	
3.280938	1944.68146	1944.68076	1906.00141	1905.97808	
3.291088	1944.80331	1944.78548	1906.12084	1906.09153	
3.301302	1944.92585	1944.8902	1906.24096	1906.2137	
3.311429	1945.04736	1945.00365	1906.36006	1906.33588	
3.321585	1945.16923	1945.12582	1906.47952	1906.45805	
3.33172	1945.29085	1945.24799	1906.59874	1906.57149	
3.341928	1945.41335	1945.37889	1906.71881	1906.69367	
3.352059	1945.53491	1945.50106	1906.83796	1906.80711	
3.362224	1945.65729	1945.63196	1906.95791	1906.92929	
3.37239	1945.77887	1945.76286	1907.07709	1907.05146	
3.382521	1945.90045	1945.88504	1907.19626	1907.17363	
3.392695	1946.02255	1946.00721	1907.31595	1907.29581	
3.403078	1946.14717	1946.13811	1907.4381	1907.41798	
3.413215	1946.26883	1946.26028	1907.55735	1907.54015	
3.42336	1946.39053	1946.38246	1907.67664	1907.66233	
3.433515	1946.51239	1946.50463	1907.79609	1907.7845	
3.443667	1946.63421	1946.6268	1907.91549	1907.90667	
3.453842	1946.75635	1946.7577	1908.03522	1908.02884	
3.463956	1946.87769	1946.87987	1908.15414	1908.15102	
3.474118	1947.00006	1947.00205	1908.2741	1908.27319	
3.484287	1947.12166	1947.12422	1908.39329	1908.39536	
3.494421	1947.24325	1947.24639	1908.51247	1908.50881	
3.504874	1947.36876	1947.36857	1908.6355	1908.62226	
3.514767	1947.48743	1947.49074	1908.75181	1908.74443	
3.524977	1947.60999	1947.61291	1908.87194	1908.8666	
3.535073	1947.73108	1947.73509	1908.99064	1908.98878	
3.545194	1947.85253	1947.85726	1909.10968	1909.10222	
3.555435	1947.97611	1947.97943	1909.23081	1909.2244	
3.565549	1948.09681	1948.09288	1909.34913	1909.33784	
3.575779	1948.21959	1948.21505	1909.46947	1909.46001	
3.585836	1948.34023	1948.33722	1909.58773	1909.58219	
3.596187	1948.46452	1948.4594	1909.70955	1909.70436	
3.606357	1948.58653	1948.58157	1909.82915	1909.82653	
3.616488	1948.70808	1948.70374	1909.9483	1909.93998	
3.626701	1948.83064	1948.82592	1910.06842	1910.05343	
3.636896	1948.95297	1948.93936	1910.18833	1910.1756	
3.646943	1949.07352	1949.06154	1910.30649	1910.29777	
3.657366	1949.19865	1949.18371	1910.42915	1910.41122	
3.667236	1949.31708	1949.30588	1910.54524	1910.53339	
3.678951	1949.45765	1949.45423	1910.68302	1910.66429	
3.689064	1949.57898	1949.57641	1910.80195	1910.78647	
3.699202	1949.70064	1949.69858	1910.9212	1910.90864	
3.709844	1949.82838	1949.81203	1911.04641	1911.03954	
3.719652	1949.94607	1949.94293	1911.16177	1911.15298	
3.729731	1950.06697	1950.05637	1911.28028	1911.26643	
3.739904	1950.18905	1950.17855	1911.39994	1911.37988	
3.750029	1950.31055	1950.30072	1911.51903	1911.50205	
3.760226	1950.43294	1950.42289	1911.639	1911.62422	
3.770365	1950.55459	1950.54507	1911.75824	1911.73767	
3.780552	1950.67684	1950.66724	1911.87807	1911.85984	
3.790666	1950.79819	1950.78941	1911.99702	1911.97329	
3.800803	1950.91985	1950.91158	1912.11627	1912.09546	
3.810989	1951.04208	1951.03376	1912.23608	1912.21764	
3.821206	1951.16471	1951.15593	1912.35628	1912.33981	
3.831305	1951.28587	1951.2781	1912.47504	1912.46198	
3.841463	1951.40777	1951.40028	1912.59452	1912.58415	
3.851635	1951.52987	1951.51372	1912.71421	1912.70633	
3.861763	1951.65141	1951.64462	1912.83334	1912.8285	
3.871959	1951.77375	1951.7668	1912.95325	1912.95067	
3.882118	1951.89562	1951.88897	1913.07271	1913.06412	
3.892278	1952.01756	1952.01114	1913.19224	1913.17757	
3.90247	1952.13985	1952.13332	1913.31211	1913.29974	
3.912578	1952.26114	1952.25549	1913.43099	1913.42191	
3.922808	1952.38397	1952.37766	1913.55139	1913.54409	
3.932967	1952.50582	1952.49983	1913.67083	1913.66626	
3.943073	1952.62709	1952.62201	1913.7897	1913.78843	
3.953231	1952.74901	1952.74418	1913.9092	1913.9106	
3.963382	1952.87081	1952.86635	1914.02859	1914.03278	
3.973561	1952.99296	1952.98853	1914.14832	1914.14622	
3.983686	1953.11445	1953.11943	1914.2674	1914.25967	
3.99383	1953.23617	1953.2416	1914.38672	1914.38184	
4.003995	1953.35814	1953.3725	1914.50627	1914.50402	
4.014177	1953.48033	1953.48595	1914.62604	1914.62619	
4.024322	1953.60207	1953.60812	1914.74537	1914.73964	
4.034483	1953.72405	1953.73029	1914.86493	1914.86181	
4.04462	1953.84565	1953.85246	1914.98413	1914.98398	
4.054783	1953.96762	1953.96591	1915.10369	1915.09743	
4.064948	1954.08958	1954.09681	1915.22323	1915.2196	
4.075088	1954.21128	1954.21026	1915.34252	1915.34177	
4.085264	1954.33341	1954.33243	1915.46223	1915.46395	
4.0954	1954.455	1954.4546	1915.58141	1915.57739	
4.105552	1954.57684	1954.57678	1915.70084	1915.69084	
4.115745	1954.69914	1954.69895	1915.82072	1915.81301	
4.125861	1954.82052	1954.82112	1915.9397	1915.92646	
4.13605	1954.94284	1954.9433	1916.05959	1916.04863	
4.146161	1955.06412	1955.06547	1916.17847	1916.17081	
4.156332	1955.1862	1955.17891	1916.29813	1916.28425	
4.166671	1955.31031	1955.30109	1916.41979	1916.40643	
4.178668	1955.45434	1955.42326	1916.56096	1916.55478	
4.186938	1955.55351	1955.53671	1916.65817	1916.65077	
4.197041	1955.67473	1955.66761	1916.77699	1916.77294	
4.20717	1955.79628	1955.78978	1916.89613	1916.88639	
4.217306	1955.91789	1955.92068	1917.01533	1916.99984	
4.227517	1956.04044	1956.03413	1917.13546	1917.12201	
4.23764	1956.16193	1956.1563	1917.25454	1917.24418	
4.248487	1956.29212	1956.26975	1917.38215	1917.35763	
4.257895	1956.40497	1956.39192	1917.49277	1917.4798	
4.278514	1956.65244	1956.51409	1917.73534	1917.72415	
4.28502	1956.73048	1956.72353	1917.81183	1917.80269	
4.295379	1956.85481	1956.8457	1917.9337	1917.92486	
4.305284	1956.97361	1956.95915	1918.05015	1918.04703	
4.315534	1957.09662	1957.06387	1918.17073	1918.16921	
4.325847	1957.22159	1957.17732	1918.29322	1918.28265	
4.335755	1957.33926	1957.29076	1918.40856	1918.3961	
4.345958	1957.46176	1957.42166	1918.52863	1918.51827	
4.356115	1957.58359	1957.54384	1918.64805	1918.63172	
4.366295	1957.70577	1957.66601	1918.76781	1918.74517	
4.376399	1957.82699	1957.79691	1918.88663	1918.86734	
4.386502	1957.9483	1957.92781	1919.00554	1918.98951	
4.396757	1958.0713	1958.04998	1919.1261	1919.11169	
4.406899	1958.19299	1958.17215	1919.24538	1919.23386	
4.416997	1958.31418	1958.29433	1919.36417	1919.34731	
4.427107	1958.4355	1958.4165	1919.48309	1919.46948	
4.437373	1958.55874	1958.53867	1919.60389	1919.58292	
4.447399	1958.679	1958.66957	1919.72177	1919.7051	
4.457556	1958.80086	1958.79175	1919.84122	1919.82727	
4.467713	1958.92282	1958.91392	1919.96076	1919.94944	
4.477851	1959.04445	1959.03609	1920.07998	1920.08034	
4.488059	1959.16692	1959.16699	1920.20003	1920.20252	
4.498188	1959.28846	1959.28916	1920.31916	1920.32469	
4.508347	1959.41041	1959.41134	1920.4387	1920.43814	
4.518472	1959.53191	1959.53351	1920.55779	1920.56031	
4.528618	1959.65364	1959.65568	1920.67711	1920.67376	
4.538709	1959.77475	1959.77786	1920.79582	1920.7872	
4.549322	1959.90213	1959.90003	1920.92067	1920.90937	
4.559037	1960.01863	1960.0222	1921.03488	1921.03155	
4.56919	1960.14047	1960.14438	1921.1543	1921.15372	
4.579575	1960.26514	1960.26655	1921.2765	1921.27589	
4.589534	1960.38461	1960.38872	1921.3936	1921.39807	
4.600108	1960.51155	1960.51962	1921.51803	1921.52024	
4.610135	1960.63185	1960.63307	1921.63595	1921.63369	
4.620278	1960.75355	1960.75524	1921.75524	1921.74713	
4.630514	1960.87636	1960.87741	1921.87562	1921.86931	
4.640602	1960.99746	1960.99959	1921.99432	1921.98275	
4.650787	1961.11966	1961.12176	1922.1141	1922.10493	
4.661044	1961.24274	1961.24393	1922.23474	1922.2271	
4.6711	1961.36343	1961.36611	1922.35304	1922.34054	
4.681301	1961.48585	1961.48828	1922.47304	1922.46272	
4.691438	1961.60748	1961.61045	1922.59226	1922.58489	
4.70157	1961.72905	1961.7239	1922.71143	1922.70706	
4.71173	1961.85099	1961.84607	1922.83094	1922.82924	
4.721896	1961.97295	1961.95952	1922.9505	1922.94268	
4.73206	1962.09493	1962.09042	1923.07006	1923.05613	
4.742208	1962.2167	1962.21259	1923.18941	1923.1783	
4.752392	1962.33891	1962.33476	1923.3092	1923.30048	
4.762551	1962.46085	1962.45694	1923.42873	1923.41392	
4.772726	1962.58297	1962.58784	1923.54844	1923.52737	
4.78286	1962.70457	1962.70128	1923.66763	1923.64954	
4.792981	1962.82597	1962.82346	1923.78663	1923.77171	
4.803129	1962.94781	1962.94563	1923.90605	1923.89389	
4.813333	1963.07023	1963.0678	1924.02605	1924.00733	
4.823471	1963.19184	1963.18125	1924.14525	1924.12951	
4.83361	1963.31352	1963.30342	1924.26452	1924.24295	
4.843829	1963.43616	1963.4256	1924.38473	1924.36513	
4.853926	1963.55735	1963.54777	1924.50352	1924.4873	
4.864107	1963.67955	1963.66994	1924.62329	1924.60947	
4.874247	1963.80161	1963.79211	1924.74294	1924.73165	
4.88442	1963.92327	1963.91429	1924.86219	1924.85382	
4.894596	1964.04538	1964.04519	1924.98188	1924.96727	
4.904712	1964.16675	1964.16736	1925.10085	1925.08944	
4.914921	1964.28929	1964.28953	1925.22096	1925.20288	
4.925109	1964.41152	1964.41171	1925.34078	1925.32506	
4.935225	1964.53291	1964.53388	1925.45976	1925.44723	
4.945362	1964.65456	1964.64733	1925.579	1925.5694	
4.955705	1964.78149	1964.7695	1925.70342	1925.69158	
4.965913	1964.90125	1964.89167	1925.82081	1925.81375	
4.975857	1965.02051	1965.02257	1925.9377	1925.93592	
4.985981	1965.14199	1965.15347	1926.05678	1926.0581	
4.996182	1965.2644	1965.27564	1926.17676	1926.17154	
5.006405	1965.38711	1965.39782	1926.29705	1926.29372	
5.016426	1965.50737	1965.51999	1926.41493	1926.40716	
5.026691	1965.63051	1965.63344	1926.53562	1926.52933	
5.036805	1965.75185	1965.75561	1926.65456	1926.65151	
5.046926	1965.87334	1965.87778	1926.77365	1926.77368	
5.05703	1965.9946	1965.99996	1926.8925	1926.88713	
5.067392	1966.11897	1966.12213	1927.01441	1927.00057	
5.077374	1966.23873	1966.2443	1927.1318	1927.12275	
5.087513	1966.36038	1966.36648	1927.25104	1927.24492	
5.097653	1966.48207	1966.48865	1927.37033	1927.36709	
5.107824	1966.60409	1966.61082	1927.48993	1927.48927	
5.126298	1966.82586	1966.74172	1927.70731	1927.70743	
5.130856	1966.8805	1966.89007	1927.76086	1927.75979	
5.141147	1967.00409	1967.02097	1927.882	1927.87324	
5.151227	1967.12495	1967.13442	1928.00047	1927.99541	
5.161346	1967.24637	1967.23914	1928.11948	1928.11758	
5.171606	1967.36952	1967.33513	1928.2402	1928.23103	
5.181716	1967.49084	1967.44858	1928.35912	1928.34448	
5.191816	1967.61197	1967.56203	1928.47785	1928.46665	
5.201951	1967.7336	1967.6842	1928.59707	1928.5801	
5.212145	1967.85598	1967.8151	1928.71702	1928.70227	
5.222349	1967.97845	1967.93727	1928.83707	1928.81572	
5.232424	1968.09933	1968.06817	1928.95555	1928.93789	
5.24257	1968.22104	1968.19034	1929.07486	1929.06006	
5.252832	1968.34423	1968.31252	1929.19561	1929.18224	
5.262886	1968.46485	1968.44342	1929.31384	1929.30441	
5.273068	1968.58705	1968.56559	1929.43362	1929.41785	
5.283222	1968.70889	1968.68776	1929.55305	1929.5313	
5.293357	1968.8305	1968.80994	1929.67225	1929.65347	
5.303527	1968.95256	1968.93211	1929.79189	1929.77565	
5.313666	1969.07419	1969.05428	1929.91112	1929.89782	
5.323847	1969.19635	1969.17646	1930.03086	1930.01999	
5.333992	1969.31814	1969.29863	1930.15024	1930.13344	
5.344155	1969.44009	1969.4208	1930.26976	1930.24689	
5.354284	1969.5616	1969.5517	1930.38887	1930.36906	
5.364436	1969.68346	1969.67387	1930.50832	1930.49123	
5.374584	1969.80521	1969.79605	1930.62766	1930.61341	
5.38487	1969.92873	1969.91822	1930.74873	1930.73558	
5.394927	1970.04936	1970.04039	1930.86698	1930.85775	
5.40514	1970.17188	1970.16257	1930.98707	1930.97992	
5.415296	1970.29378	1970.28474	1931.10655	1931.1021	
5.425408	1970.41511	1970.40691	1931.22548	1931.22427	
5.435675	1970.53831	1970.52909	1931.34625	1931.33772	
5.445713	1970.65881	1970.65126	1931.46435	1931.45116	
5.455917	1970.78122	1970.77343	1931.58434	1931.57334	
5.466044	1970.90275	1970.90433	1931.70347	1931.69551	
5.476168	1971.02425	1971.0265	1931.82256	1931.80896	
5.486403	1971.14704	1971.13995	1931.94292	1931.93113	
5.496484	1971.26803	1971.27085	1932.06152	1932.0533	
5.506769	1971.39145	1971.39302	1932.18249	1932.17548	
5.516809	1971.51191	1971.5152	1932.30056	1932.29765	
5.526946	1971.63358	1971.63737	1932.41982	1932.41109	
5.537077	1971.75517	1971.75954	1932.53901	1932.54199	
5.547232	1971.87702	1971.88172	1932.65844	1932.65544	
5.5574	1971.99899	1972.00389	1932.778	1932.77761	
5.567527	1972.12051	1972.12606	1932.89711	1932.89979	
5.577851	1972.2445	1972.24823	1933.01864	1933.02196	
5.587845	1972.36439	1972.37041	1933.13616	1933.14413	
5.599965	1972.50856	1972.49258	1933.27747	1933.28376	
5.608177	1972.60583	1972.61475	1933.37282	1933.37975	
5.618253	1972.72459	1972.74565	1933.48923	1933.4932	
5.62843	1972.84393	1972.86783	1933.60621	1933.60665	
5.638889	1972.96594	1972.99	1933.7258	1933.72882	
5.648734	1973.08019	1973.10345	1933.83779	1933.84226	
5.658869	1973.19719	1973.21689	1933.95247	1933.96444	
5.669093	1973.31462	1973.33034	1934.06757	1934.08661	
5.680611	1973.44609	1973.44379	1934.19644	1934.20878	
5.689299	1973.54477	1973.55723	1934.29317	1934.3135	
5.70745	1973.74864	1973.7754	1934.493	1934.50549	
5.711997	1973.7997	1973.82776	1934.54305	1934.55785	
5.722181	1973.91341	1973.94993	1934.65451	1934.66257	
5.732352	1974.02638	1974.06338	1934.76524	1934.77602	
5.742539	1974.13886	1974.17682	1934.87549	1934.88946	
5.752709	1974.25058	1974.28154	1934.985	1935.00291	
5.76285	1974.36137	1974.38626	1935.0936	1935.11635	
5.773113	1974.47281	1974.49098	1935.20283	1935.22107	
5.783177	1974.58151	1974.5957	1935.30937	1935.31707	
5.793298	1974.6902	1974.70915	1935.41591	1935.42179	
5.803848	1974.80289	1974.8226	1935.52637	1935.53523	
5.813662	1974.90705	1974.92732	1935.62847	1935.63995	
5.823794	1975.01402	1975.04076	1935.73332	1935.74467	
5.833934	1975.12048	1975.14548	1935.83768	1935.85812	
5.844084	1975.22637	1975.2502	1935.94147	1935.96284	
5.854279	1975.33218	1975.34619	1936.04518	1936.06756	
5.864378	1975.43636	1975.45091	1936.1473	1936.17228	
5.874582	1975.54099	1975.55563	1936.24985	1936.26827	
5.884737	1975.64451	1975.66035	1936.35133	1936.37299	
5.894843	1975.74689	1975.76507	1936.45168	1936.46026	
5.905042	1975.84964	1975.86979	1936.5524	1936.56498	
5.915192	1975.95128	1975.97451	1936.65202	1936.66097	
5.925387	1976.0527	1976.07051	1936.75144	1936.76569	
5.935511	1976.15283	1976.1665	1936.84958	1936.86168	
5.945651	1976.25248	1976.27122	1936.94726	1936.9664	
5.955909	1976.35347	1976.37594	1937.04625	1937.0624	
5.965968	1976.45034	1976.48066	1937.1412	1937.15839	
5.976107	1976.54815	1976.56792	1937.23707	1937.26311	
5.986256	1976.6455	1976.67264	1937.3325	1937.35038	
5.996422	1976.74231	1976.76864	1937.42739	1937.4551	
6.007385	1976.84605	1976.86463	1937.52907	1937.54236	
6.01676	1976.93418	1976.96062	1937.61546	1937.63836	
6.026884	1977.02882	1977.05662	1937.70822	1937.73435	
6.03709	1977.12352	1977.15261	1937.80106	1937.82162	
6.047164	1977.21645	1977.2486	1937.89214	1937.90888	
6.057315	1977.30944	1977.33587	1937.98328	1938.00487	
6.067453	1977.40176	1977.42314	1938.07378	1938.10087	
6.077618	1977.49364	1977.51913	1938.16384	1938.18813	
6.087784	1977.58498	1977.61512	1938.25337	1938.2754	
6.097925	1977.67541	1977.70239	1938.34201	1938.36267	
6.108112	1977.76565	1977.79838	1938.43047	1938.44993	
6.126517	1977.92629	1977.96419	1938.58793	1938.61574	
6.131092	1977.96623	1978.00782	1938.62707	1938.65937	
6.141319	1978.05481	1978.09509	1938.7139	1938.74664	
6.151371	1978.14129	1978.18235	1938.79866	1938.83391	
6.161579	1978.22845	1978.26962	1938.8841	1938.91245	
6.171756	1978.31476	1978.35689	1938.9687	1938.99099	
6.182869	1978.40826	1978.45288	1939.06035	1939.07825	
6.192978	1978.49269	1978.53142	1939.14311	1939.16552	
6.203101	1978.57662	1978.60996	1939.22537	1939.25279	
6.213291	1978.66054	1978.69723	1939.30764	1939.34005	
6.223464	1978.74365	1978.77577	1939.3891	1939.41859	
6.233637	1978.82618	1978.85431	1939.46999	1939.49713	
6.243756	1978.90763	1978.94157	1939.54983	1939.57567	
6.263797	1979.06605	1979.10738	1939.70512	1939.73275	
6.268726	1979.10505	1979.14229	1939.74335	1939.77638	
6.278617	1979.18263	1979.22955	1939.81939	1939.8462	
6.288646	1979.26068	1979.30809	1939.89589	1939.91601	
6.298825	1979.3393	1979.38663	1939.97296	1939.99455	
6.308981	1979.41712	1979.46517	1940.04923	1940.07309	
6.319138	1979.49436	1979.53498	1940.12494	1940.1429	
6.329326	1979.57117	1979.61352	1940.20023	1940.22144	
6.339532	1979.64754	1979.68334	1940.27509	1940.29998	
6.349647	1979.72258	1979.76188	1940.34864	1940.3698	
6.359766	1979.79706	1979.83169	1940.42165	1940.43961	
6.370132	1979.87272	1979.9015	1940.49581	1940.51815	
6.380253	1979.94598	1979.97132	1940.56762	1940.59669	
6.390482	1980.0194	1980.04113	1940.63959	1940.6665	
6.40059	1980.09134	1980.11094	1940.71011	1940.73632	
6.410711	1980.16276	1980.18948	1940.78011	1940.7974	
6.420951	1980.23443	1980.2593	1940.85036	1940.86721	
6.431092	1980.3048	1980.32911	1940.91933	1940.93703	
6.441299	1980.37498	1980.39892	1940.98812	1941.00684	
6.451375	1980.44362	1980.46874	1941.05541	1941.07665	
6.46155	1980.51237	1980.52982	1941.12279	1941.14647	
6.471655	1980.58002	1980.59964	1941.1891	1941.20755	
6.481864	1980.64776	1980.66945	1941.25551	1941.27737	
6.492079	1980.71491	1980.73926	1941.32133	1941.34718	
6.502177	1980.7807	1980.80907	1941.38581	1941.40827	
6.512334	1980.84626	1980.87016	1941.45007	1941.46935	
6.522453	1980.91117	1980.93997	1941.5137	1941.53917	
6.532691	1980.97584	1981.00106	1941.57709	1941.60025	
6.54279	1981.03914	1981.06215	1941.63914	1941.66134	
6.552976	1981.10243	1981.12323	1941.70117	1941.72243	
6.563115	1981.16483	1981.19305	1941.76233	1941.78351	
6.573303	1981.22688	1981.25413	1941.82316	1941.83587	
6.583474	1981.28825	1981.31522	1941.88331	1941.90569	
6.593596	1981.34869	1981.36758	1941.94255	1941.95805	
6.604037	1981.41041	1981.43739	1942.00305	1942.02786	
6.614142	1981.46952	1981.48975	1942.06099	1942.08022	
6.624263	1981.52812	1981.55084	1942.11843	1942.13258	
6.634429	1981.58639	1981.61193	1942.17555	1942.18494	
6.644652	1981.64436	1981.66429	1942.23236	1942.24602	
6.654819	1981.70138	1981.71665	1942.28826	1942.30711	
6.664956	1981.75765	1981.77773	1942.34342	1942.35947	
6.675112	1981.81339	1981.83882	1942.39805	1942.41183	
6.685347	1981.86898	1981.89118	1942.45254	1942.46419	
6.695412	1981.923	1981.95227	1942.50549	1942.51655	
6.705577	1981.97699	1982.00463	1942.55842	1942.56891	
6.71577	1982.03048	1982.05699	1942.61085	1942.63	
6.725915	1982.08313	1982.10934	1942.66245	1942.68236	
6.736023	1982.135	1982.1617	1942.71329	1942.73472	
6.746263	1982.1869	1982.21406	1942.76417	1942.77835	
6.756395	1982.23765	1982.26642	1942.81391	1942.83071	
6.774418	1982.3256	1982.35369	1942.90012	1942.91798	
6.778932	1982.34769	1982.37987	1942.92177	1942.94416	
6.789161	1982.39696	1982.4235	1942.97007	1942.98779	
6.799257	1982.44498	1982.46714	1943.01713	1943.04015	
6.809401	1982.49261	1982.5195	1943.06382	1943.09251	
6.81964	1982.5401	1982.56313	1943.11037	1943.13614	
6.829679	1982.58606	1982.60676	1943.15542	1943.17978	
6.840131	1982.63326	1982.65912	1943.20169	1943.21468	
6.85028	1982.67848	1982.71148	1943.24601	1943.26704	
6.86041	1982.72301	1982.75512	1943.28966	1943.30195	
6.870658	1982.76746	1982.79875	1943.33323	1943.35431	
6.880752	1982.81063	1982.84238	1943.37555	1943.39794	
6.8909	1982.85342	1982.88602	1943.41749	1943.44158	
6.901135	1982.89597	1982.92965	1943.45919	1943.48521	
6.911208	1982.93726	1982.97328	1943.49967	1943.52884	
6.921373	1982.97832	1983.00819	1943.53991	1943.56375	
6.931539	1983.01877	1983.05182	1943.57956	1943.60738	
6.94169	1983.05854	1983.09546	1943.61855	1943.64229	
6.951877	1983.0979	1983.13036	1943.65713	1943.68592	
6.962022	1983.13643	1983.16527	1943.6949	1943.72083	
6.972186	1983.17445	1983.20018	1943.73216	1943.75573	
6.982363	1983.21192	1983.24381	1943.76889	1943.79064	
6.992459	1983.24848	1983.27872	1943.80473	1943.82555	
7.002721	1983.28504	1983.32235	1943.84056	1943.86918	
7.012816	1983.32041	1983.35726	1943.87523	1943.90409	
7.02297	1983.35537	1983.39216	1943.9095	1943.94772	
7.033125	1983.38976	1983.42707	1943.9432	1943.9739	
7.043237	1983.4234	1983.46198	1943.97618	1944.00881	
7.053448	1983.45674	1983.49688	1944.00886	1944.03499	
7.063614	1983.48935	1983.53179	1944.04082	1944.06989	
7.073744	1983.52124	1983.55797	1944.07209	1944.1048	
7.08408	1983.55315	1983.59287	1944.10336	1944.13971	
7.09416	1983.58369	1983.61905	1944.1333	1944.17461	
7.104349	1983.61395	1983.65396	1944.16296	1944.20079	
7.114492	1983.64348	1983.68014	1944.19191	1944.22697	
7.124664	1983.6725	1983.70632	1944.22035	1944.25315	
7.134836	1983.70092	1983.74123	1944.2482	1944.27933	
7.14495	1983.72858	1983.76741	1944.27532	1944.31424	
7.155149	1983.75588	1983.79359	1944.30208	1944.33169	
7.165903	1983.78399	1983.81977	1944.32963	1944.35787	
7.175528	1983.80861	1983.84595	1944.35377	1944.38405	
7.185645	1983.83391	1983.87213	1944.37857	1944.40151	
7.195816	1983.85874	1983.88958	1944.4029	1944.42769	
7.20598	1983.88297	1983.91576	1944.42665	1944.45387	
7.216053	1983.90638	1983.94194	1944.4496	1944.47132	
7.226238	1983.92947	1983.95939	1944.47223	1944.4975	
7.236401	1983.95192	1983.98557	1944.49424	1944.52368	
7.246565	1983.97378	1984.00303	1944.51566	1944.54113	
7.257123	1983.99583	1984.02921	1944.53728	1944.55859	
7.266886	1984.01571	1984.05539	1944.55676	1944.57604	
7.277009	1984.03572	1984.07284	1944.57637	1944.60222	
7.287117	1984.05512	1984.09029	1944.59539	1944.61967	
7.297252	1984.07399	1984.10775	1944.61388	1944.63713	
7.307438	1984.09237	1984.1252	1944.6319	1944.65458	
7.317607	1984.11012	1984.13393	1944.64931	1944.67203	
7.327733	1984.12723	1984.15138	1944.66607	1944.68949	
7.33788	1984.1438	1984.16883	1944.68231	1944.69821	
7.356008	1984.17114	1984.18629	1944.70911	1944.73312	
7.360596	1984.17811	1984.21247	1944.71594	1944.73312	
7.370887	1984.19301	1984.22992	1944.73055	1944.75057	
7.380932	1984.20699	1984.22992	1944.74426	1944.76803	
7.391076	1984.22054	1984.22119	1944.75754	1944.78548	
7.401228	1984.23354	1984.22119	1944.77028	1944.79421	
7.411349	1984.24594	1984.22992	1944.78243	1944.80293	
7.421592	1984.2579	1984.23865	1944.79416	1944.80293	
7.43169	1984.26915	1984.2561	1944.80518	1944.81166	
7.441813	1984.27987	1984.27355	1944.81569	1944.82039	
7.452019	1984.29012	1984.29973	1944.82573	1944.82911	
7.462131	1984.29972	1984.30846	1944.83515	1944.83784	
7.472385	1984.3089	1984.31719	1944.84415	1944.84657	
7.4825	1984.31741	1984.32591	1944.85249	1944.85529	
7.492645	1984.32541	1984.33464	1944.86033	1944.85529	
7.502846	1984.33292	1984.34337	1944.86769	1944.86402	
7.512917	1984.33981	1984.35209	1944.87444	1944.87275	
7.523127	1984.34626	1984.35209	1944.88077	1944.87275	
7.533366	1984.3522	1984.36082	1944.88659	1944.88147	
7.543393	1984.35753	1984.36955	1944.89182	1944.8902	
7.553588	1984.36244	1984.36955	1944.89663	1944.8902	
7.563739	1984.36684	1984.37827	1944.90094	1944.89893	
7.573912	1984.37077	1984.37827	1944.90479	1944.90765	
7.584262	1984.37428	1984.37827	1944.90824	1944.90765	
7.594392	1984.37728	1984.37827	1944.91117	1944.90765	
7.614267	1984.38108	1984.37827	1944.9149	1944.90765	
7.618815	1984.38204	1984.37827	1944.91583	1944.90765	
7.628991	1984.38374	1984.37827	1944.9175	1944.90765	
7.639142	1984.38917	1984.37827	1944.92282	1944.90765	
7.649272	1984.38917	1984.37827	1944.92282	1944.90765	
7.659505	1984.38917	1984.37827	1944.92282	1944.90765	
7.669615	1984.38917	1984.37827	1944.92282	1944.90765	
7.681978	1984.38917	1984.37827	1944.92282	1944.90765	
7.690134	1984.38917	1984.37827	1944.92282	1944.90765	
7.700273	1984.38917	1984.36955	1944.92282	1944.90765	
7.710395	1984.38917	1984.36955	1944.92282	1944.90765	
7.720527	1984.38917	1984.36955	1944.92282	1944.90765	
7.730759	1984.38917	1984.36955	1944.92282	1944.90765	
7.740884	1984.38917	1984.36955	1944.92282	1944.90765	
7.751035	1984.38917	1984.36955	1944.92282	1944.90765	
7.76118	1984.38917	1984.36955	1944.92282	1944.90765	
7.77133	1984.38917	1984.36955	1944.92282	1944.90765	
7.781532	1984.38917	1984.36955	1944.92282	1944.90765	
7.791667	1984.38917	1984.36955	1944.92282	1944.90765	
7.801818	1984.38917	1984.36955	1944.92282	1944.90765	
7.812021	1984.38917	1984.36955	1944.92282	1944.90765	
7.822109	1984.38917	1984.36955	1944.92282	1944.90765	
7.832296	1984.38917	1984.36955	1944.92282	1944.90765	
7.842451	1984.38917	1984.36955	1944.92282	1944.90765	
7.85262	1984.38917	1984.36955	1944.92282	1944.90765	
7.862821	1984.38917	1984.36955	1944.92282	1944.90765	
7.872929	1984.38917	1984.36955	1944.92282	1944.90765	
7.88313	1984.38917	1984.36955	1944.92282	1944.90765	
7.893377	1984.38917	1984.36955	1944.92282	1944.90765	
7.903431	1984.38917	1984.36955	1944.92282	1944.90765	
7.913564	1984.38917	1984.36955	1944.92282	1944.90765	
7.923798	1984.38917	1984.36955	1944.92282	1944.90765	
7.933878	1984.38917	1984.36955	1944.92282	1944.90765	
7.944058	1984.38917	1984.36955	1944.92282	1944.90765	
7.954204	1984.38917	1984.36955	1944.92282	1944.90765	
7.964366	1984.38917	1984.36955	1944.92282	1944.90765	
7.974535	1984.38917	1984.36955	1944.92282	1944.90765	
7.98465	1984.38917	1984.36955	1944.92282	1944.90765	
7.994855	1984.38917	1984.36955	1944.92282	1944.90765	
8.005035	1984.38917	1984.36955	1944.92282	1944.90765	
8.015168	1984.38917	1984.36955	1944.92282	1944.90765	
8.025313	1984.38917	1984.36955	1944.92282	1944.90765	
8.035671	1984.38917	1984.36955	1944.92282	1944.90765	
8.045644	1984.38917	1984.36955	1944.92282	1944.90765	
8.055806	1984.38917	1984.36955	1944.92282	1944.90765	
8.065956	1984.38917	1984.36955	1944.92282	1944.90765	
8.076119	1984.38917	1984.36955	1944.92282	1944.90765	
8.086238	1984.38917	1984.36955	1944.92282	1944.90765	
8.096419	1984.38917	1984.36955	1944.92282	1944.90765	
8.106686	1984.38917	1984.36955	1944.92282	1944.90765	
8.116746	1984.38917	1984.36955	1944.92282	1944.90765	
8.126922	1984.38917	1984.36955	1944.92282	1944.90765	
8.137016	1984.38917	1984.36955	1944.92282	1944.90765	
8.147369	1984.38917	1984.36955	1944.92282	1944.90765	
8.157386	1984.38917	1984.36955	1944.92282	1944.90765	
8.167572	1984.38917	1984.36955	1944.92282	1944.90765	
8.177595	1984.38917	1984.36955	1944.92282	1944.90765	
8.18784	1984.38917	1984.36955	1944.92282	1944.90765	
8.197923	1984.38917	1984.36955	1944.92282	1944.90765	
8.208192	1984.38917	1984.36955	1944.92282	1944.90765	
8.218239	1984.38917	1984.36955	1944.92282	1944.90765	
8.22841	1984.38917	1984.36955	1944.92282	1944.90765	
8.238491	1984.38917	1984.36955	1944.92282	1944.90765	
8.259595	1984.38917	1984.36955	1944.92282	1944.90765	
8.264172	1984.38917	1984.36955	1944.92282	1944.90765	
8.274316	1984.38917	1984.36955	1944.92282	1944.90765	
8.284516	1984.38917	1984.36955	1944.92282	1944.90765	
8.294663	1984.38917	1984.36955	1944.92282	1944.90765	
8.304804	1984.38917	1984.36955	1944.92282	1944.90765	
8.314989	1984.38917	1984.36955	1944.92282	1944.90765	
8.325202	1984.38917	1984.36955	1944.92282	1944.90765	
8.335309	1984.38917	1984.36955	1944.92282	1944.90765	
8.345516	1984.38917	1984.36955	1944.92282	1944.90765	
8.3557	1984.38917	1984.36955	1944.92282	1944.90765	
8.365793	1984.38917	1984.36955	1944.92282	1944.90765	
8.375928	1984.38917	1984.36955	1944.92282	1944.90765	
8.386029	1984.38917	1984.36955	1944.92282	1944.90765	
8.396249	1984.38917	1984.36955	1944.92282	1944.90765	
8.406373	1984.38917	1984.36955	1944.92282	1944.90765	
8.416626	1984.38917	1984.36955	1944.92282	1944.90765	
8.426749	1984.38917	1984.36955	1944.92282	1944.90765	
8.436879	1984.38917	1984.36955	1944.92282	1944.90765	
8.446975	1984.38917	1984.36955	1944.92282	1944.90765	
8.457362	1984.38917	1984.36955	1944.92282	1944.90765	
8.467299	1984.38917	1984.36955	1944.92282	1944.90765	
8.477486	1984.38917	1984.36955	1944.92282	1944.90765	
8.487607	1984.38917	1984.36955	1944.92282	1944.90765	
8.497723	1984.38917	1984.36955	1944.92282	1944.90765	
8.507955	1984.38917	1984.36955	1944.92282	1944.90765	
8.518128	1984.38917	1984.36955	1944.92282	1944.90765	
8.528227	1984.38917	1984.36955	1944.92282	1944.90765	
8.538331	1984.38917	1984.36955	1944.92282	1944.90765	
8.548494	1984.38917	1984.36955	1944.92282	1944.90765	
8.558666	1984.38917	1984.36955	1944.92282	1944.90765	
8.568777	1984.38917	1984.36955	1944.92282	1944.90765	
8.578907	1984.38917	1984.36955	1944.92282	1944.90765	
8.5891	1984.38917	1984.36955	1944.92282	1944.90765	
8.599231	1984.38917	1984.36955	1944.92282	1944.90765	
8.609493	1984.38917	1984.36955	1944.92282	1944.90765	
8.619623	1984.38917	1984.36955	1944.92282	1944.90765	
8.629725	1984.38917	1984.36955	1944.92282	1944.90765	
8.6399	1984.38917	1984.36955	1944.92282	1944.90765	
8.650049	1984.38917	1984.36955	1944.92282	1944.90765	
8.660221	1984.38917	1984.36955	1944.92282	1944.90765	
8.67037	1984.38917	1984.36955	1944.92282	1944.90765	
8.680508	1984.38917	1984.36955	1944.92282	1944.90765	
8.690676	1984.38917	1984.36955	1944.92282	1944.90765	
8.700797	1984.38917	1984.36955	1944.92282	1944.90765	
8.710943	1984.38917	1984.36955	1944.92282	1944.90765	
8.721145	1984.38917	1984.36955	1944.92282	1944.90765	
8.731301	1984.38917	1984.36955	1944.92282	1944.90765	
8.74151	1984.38917	1984.36955	1944.92282	1944.90765	
8.751622	1984.38917	1984.36955	1944.92282	1944.90765	
8.761776	1984.38917	1984.36955	1944.92282	1944.90765	
8.77201	1984.38917	1984.36955	1944.92282	1944.90765	
8.782119	1984.38917	1984.36955	1944.92282	1944.90765	
8.79221	1984.38917	1984.36955	1944.92282	1944.90765	
8.802415	1984.38917	1984.36955	1944.92282	1944.90765	
8.812573	1984.38917	1984.36955	1944.92282	1944.90765	
8.822775	1984.38917	1984.36955	1944.92282	1944.90765	
8.833226	1984.38917	1984.36955	1944.92282	1944.90765	
8.843052	1984.38917	1984.36955	1944.92282	1944.90765	
8.853265	1984.38917	1984.36955	1944.92282	1944.90765	
8.863329	1984.38917	1984.36955	1944.92282	1944.90765	
8.873489	1984.38917	1984.36955	1944.92282	1944.90765	
8.883675	1984.38917	1984.36955	1944.92282	1944.90765	
8.893833	1984.38917	1984.36955	1944.92282	1944.90765	
8.903987	1984.38917	1984.36955	1944.92282	1944.90765	
8.914134	1984.38917	1984.36955	1944.92282	1944.90765	
8.924276	1984.38917	1984.36955	1944.92282	1944.90765	
8.934621	1984.38917	1984.36955	1944.92282	1944.90765	
8.944741	1984.38917	1984.36955	1944.92282	1944.90765	
8.954898	1984.38917	1984.36955	1944.92282	1944.90765	
8.965033	1984.38917	1984.36955	1944.92282	1944.90765	
8.975147	1984.38917	1984.36955	1944.92282	1944.90765	
8.985747	1984.38917	1984.36955	1944.92282	1944.90765	
8.995933	1984.38917	1984.36955	1944.92282	1944.90765	
9.006043	1984.38917	1984.36955	1944.92282	1944.90765	
9.016173	1984.38917	1984.36955	1944.92282	1944.90765	
9.026281	1984.38917	1984.36955	1944.92282	1944.90765	
9.036487	1984.38917	1984.36955	1944.92282	1944.90765	
9.046698	1984.38917	1984.36955	1944.92282	1944.90765	
9.0568	1984.38917	1984.36955	1944.92282	1944.90765	
9.066946	1984.38917	1984.36955	1944.92282	1944.90765	
9.077059	1984.38917	1984.36955	1944.92282	1944.90765	
9.087412	1984.38917	1984.36955	1944.92282	1944.90765	
9.097383	1984.38917	1984.36955	1944.92282	1944.90765	
9.107529	1984.38917	1984.36955	1944.92282	1944.90765	
9.117687	1984.38917	1984.36955	1944.92282	1944.90765	
9.127815	1984.38917	1984.36955	1944.92282	1944.90765	
9.146302	1984.38917	1984.36955	1944.92282	1944.90765	
9.150938	1984.38917	1984.36955	1944.92282	1944.90765	
9.161062	1984.38917	1984.36955	1944.92282	1944.90765	
9.171372	1984.38917	1984.36955	1944.92282	1944.90765	
9.181522	1984.38917	1984.36955	1944.92282	1944.90765	
9.191673	1984.38917	1984.36955	1944.92282	1944.90765	
9.201772	1984.38917	1984.36955	1944.92282	1944.90765	
9.211945	1984.38917	1984.36955	1944.92282	1944.90765	
9.222092	1984.38917	1984.36955	1944.92282	1944.90765	
9.232197	1984.38917	1984.36955	1944.92282	1944.90765	
9.242405	1984.38917	1984.36955	1944.92282	1944.90765	
9.252593	1984.38917	1984.36955	1944.92282	1944.90765	
9.262772	1984.38917	1984.36955	1944.92282	1944.90765	
9.272875	1984.38917	1984.36955	1944.92282	1944.90765	
9.283046	1984.38917	1984.36955	1944.92282	1944.90765	
9.293162	1984.38917	1984.36955	1944.92282	1944.90765	
9.303334	1984.38917	1984.36955	1944.92282	1944.90765	
9.313474	1984.38917	1984.36955	1944.92282	1944.90765	
9.32364	1984.38917	1984.36955	1944.92282	1944.90765	
9.33383	1984.38917	1984.36955	1944.92282	1944.90765	
9.343983	1984.38917	1984.36955	1944.92282	1944.90765	
9.354174	1984.38917	1984.36955	1944.92282	1944.90765	
9.364338	1984.38917	1984.36955	1944.92282	1944.90765	
9.37446	1984.38917	1984.36955	1944.92282	1944.90765	
9.38461	1984.38917	1984.36955	1944.92282	1944.90765	
9.394712	1984.38917	1984.36955	1944.92282	1944.90765	
9.404936	1984.38917	1984.36955	1944.92282	1944.90765	
9.415089	1984.38917	1984.36955	1944.92282	1944.90765	
9.425244	1984.38917	1984.36955	1944.92282	1944.90765	
9.435391	1984.38917	1984.36955	1944.92282	1944.90765	
9.445704	1984.38917	1984.36955	1944.92282	1944.90765	
9.455717	1984.38917	1984.36955	1944.92282	1944.90765	
9.465901	1984.38917	1984.36955	1944.92282	1944.90765	
9.476091	1984.38917	1984.36955	1944.92282	1944.90765	
9.486188	1984.38917	1984.36955	1944.92282	1944.90765	
9.496336	1984.38917	1984.36955	1944.92282	1944.90765	
9.506432	1984.38917	1984.36955	1944.92282	1944.90765	
9.516701	1984.38917	1984.36955	1944.92282	1944.90765	
9.526804	1984.38917	1984.36955	1944.92282	1944.90765	
9.536914	1984.38917	1984.36955	1944.92282	1944.90765	
9.547014	1984.38917	1984.36955	1944.92282	1944.90765	
